5.9482 	INFO 	---START PARAMETERS---
5.9482 	INFO 	filename: TappingWithTrTiming_Movie_d3.py-1-24-Aug_05_1218
5.9482 	INFO 	subject: 1
5.9482 	INFO 	session: 24
5.9482 	INFO 	date: Aug_05_1218
5.9482 	INFO 	blockDur_TRs: 20
5.9482 	INFO 	condition: TapRight
5.9482 	INFO 	fixCrossPos: [0, 0]
5.9482 	INFO 	fixCrossSize: 100
5.9482 	INFO 	fullScreen: True
5.9482 	INFO 	movieFolder: Images/
5.9482 	INFO 	movieSize: (800, 500)
5.9482 	INFO 	nBlocks: 12
5.9482 	INFO 	promptDir: Text/
5.9482 	INFO 	restDur_TRs: 20
5.9482 	INFO 	screenColor: (128, 128, 128)
5.9482 	INFO 	screenToShow: 0
5.9482 	INFO 	skipPrompts: False
5.9483 	INFO 	tStartup_TRs: 0
5.9483 	INFO 	textHeight: 40
5.9483 	INFO 	triggerKey: t
5.9483 	INFO 	---END PARAMETERS---
6.0483 	WARNING 	Movie2 stim could not be imported and won't be available
6.8752 	INFO 	Loaded monitor calibration from ['2015_12_02 12:18']
7.3473 	EXP 	Created win = Window(allowGUI=False, allowStencil=False, autoLog=True, bitsMode=UNKNOWN, blendMode='avg', color=array([ 128.,  128.,  128.]), colorSpace='rgb255', fullscr=UNKNOWN, gamma=None, lms=UNKNOWN, monitor=<psychopy.monitors.calibTools.Monitor instance at 0xef98dc8>, name='win', pos=[0, 0], screen=0, size=array([1440,  900]), stereo=False, units='deg', useFBO=False, viewOri=0.0, viewPos=None, viewScale=None, waitBlanking=True, winType='pyglet')
7.3486 	EXP 	Created fixCross = ShapeStim(autoDraw=False, autoLog=True, closeShape=False, contrast=1.0, depth=0, fillColor=None, fillColorSpace='rgb', fillRGB=None, interpolate=True, lineColor='#000000', lineColorSpace='hex', lineRGB=array([0, 0, 0]), lineWidth=3.0, name='fixCross', opacity=1.0, ori=array(0.0), pos=array([ 0.,  0.]), size=array([ 1.,  1.]), units='pix', vertices=ndarray(...), win=Window(...))
7.4026 	EXP 	Created topMsg = TextStim(alignHoriz='center', alignVert='center', antialias=True, autoLog=True, bold=False, color='#000000', colorSpace='hex', contrast=1.0, depth=0, flipHoriz=False, flipVert=False, font='', fontFiles=[], height=0.1, italic=False, name='topMsg', opacity=1.0, ori=0.0, pos=array([ 0. ,  0.5]), rgb=array([0, 0, 0]), text=u'aaa', units='norm', win=Window(...), wrapWidth=1.5)
7.4061 	EXP 	Created bottomMsg = TextStim(alignHoriz='center', alignVert='center', antialias=True, autoLog=True, bold=False, color='#000000', colorSpace='hex', contrast=1.0, depth=0, flipHoriz=False, flipVert=False, font='', fontFiles=[], height=0.1, italic=False, name='bottomMsg', opacity=1.0, ori=0.0, pos=array([ 0. , -0.5]), rgb=array([0, 0, 0]), text=u'bbb', units='norm', win=Window(...), wrapWidth=1.5)
7.4378 	EXP 	Created Movie Frame 0 = ImageStim(autoLog=True, color=array([ 1.,  1.,  1.]), colorSpace='rgb', contrast=1.0, depth=0, flipHoriz=False, flipVert=False, image='Images/right_0.png', interpolate=False, mask=None, maskParams=None, name='Movie Frame 0', opacity=1.0, ori=0.0, pos=array([ 0.,  0.]), size=array([ 800.,  500.]), texRes=128, units='pix', win=Window(...))
7.4609 	EXP 	Created Movie Frame 1 = ImageStim(autoLog=True, color=array([ 1.,  1.,  1.]), colorSpace='rgb', contrast=1.0, depth=0, flipHoriz=False, flipVert=False, image='Images/right_1.png', interpolate=False, mask=None, maskParams=None, name='Movie Frame 1', opacity=1.0, ori=0.0, pos=array([ 0.,  0.]), size=array([ 800.,  500.]), texRes=128, units='pix', win=Window(...))
7.4848 	EXP 	Created Movie Frame 2 = ImageStim(autoLog=True, color=array([ 1.,  1.,  1.]), colorSpace='rgb', contrast=1.0, depth=0, flipHoriz=False, flipVert=False, image='Images/right_2.png', interpolate=False, mask=None, maskParams=None, name='Movie Frame 2', opacity=1.0, ori=0.0, pos=array([ 0.,  0.]), size=array([ 800.,  500.]), texRes=128, units='pix', win=Window(...))
7.5061 	EXP 	Created Movie Frame 3 = ImageStim(autoLog=True, color=array([ 1.,  1.,  1.]), colorSpace='rgb', contrast=1.0, depth=0, flipHoriz=False, flipVert=False, image='Images/right_3.png', interpolate=False, mask=None, maskParams=None, name='Movie Frame 3', opacity=1.0, ori=0.0, pos=array([ 0.,  0.]), size=array([ 800.,  500.]), texRes=128, units='pix', win=Window(...))
7.5280 	EXP 	Created Movie Frame 4 = ImageStim(autoLog=True, color=array([ 1.,  1.,  1.]), colorSpace='rgb', contrast=1.0, depth=0, flipHoriz=False, flipVert=False, image='Images/right_4.png', interpolate=False, mask=None, maskParams=None, name='Movie Frame 4', opacity=1.0, ori=0.0, pos=array([ 0.,  0.]), size=array([ 800.,  500.]), texRes=128, units='pix', win=Window(...))
7.5514 	EXP 	Created Movie Frame 5 = ImageStim(autoLog=True, color=array([ 1.,  1.,  1.]), colorSpace='rgb', contrast=1.0, depth=0, flipHoriz=False, flipVert=False, image='Images/right_5.png', interpolate=False, mask=None, maskParams=None, name='Movie Frame 5', opacity=1.0, ori=0.0, pos=array([ 0.,  0.]), size=array([ 800.,  500.]), texRes=128, units='pix', win=Window(...))
7.5734 	EXP 	Created Movie Frame 6 = ImageStim(autoLog=True, color=array([ 1.,  1.,  1.]), colorSpace='rgb', contrast=1.0, depth=0, flipHoriz=False, flipVert=False, image='Images/right_6.png', interpolate=False, mask=None, maskParams=None, name='Movie Frame 6', opacity=1.0, ori=0.0, pos=array([ 0.,  0.]), size=array([ 800.,  500.]), texRes=128, units='pix', win=Window(...))
7.5934 	EXP 	Created Movie Frame 7 = ImageStim(autoLog=True, color=array([ 1.,  1.,  1.]), colorSpace='rgb', contrast=1.0, depth=0, flipHoriz=False, flipVert=False, image='Images/right_7.png', interpolate=False, mask=None, maskParams=None, name='Movie Frame 7', opacity=1.0, ori=0.0, pos=array([ 0.,  0.]), size=array([ 800.,  500.]), texRes=128, units='pix', win=Window(...))
7.6161 	EXP 	Created Movie Frame 8 = ImageStim(autoLog=True, color=array([ 1.,  1.,  1.]), colorSpace='rgb', contrast=1.0, depth=0, flipHoriz=False, flipVert=False, image='Images/right_8.png', interpolate=False, mask=None, maskParams=None, name='Movie Frame 8', opacity=1.0, ori=0.0, pos=array([ 0.,  0.]), size=array([ 800.,  500.]), texRes=128, units='pix', win=Window(...))
7.6373 	EXP 	Created Movie Frame 9 = ImageStim(autoLog=True, color=array([ 1.,  1.,  1.]), colorSpace='rgb', contrast=1.0, depth=0, flipHoriz=False, flipVert=False, image='Images/right_9.png', interpolate=False, mask=None, maskParams=None, name='Movie Frame 9', opacity=1.0, ori=0.0, pos=array([ 0.,  0.]), size=array([ 800.,  500.]), texRes=128, units='pix', win=Window(...))
7.6503 	EXP 	Created unnamed TextStim = TextStim(alignHoriz='center', alignVert='center', antialias=True, autoLog=True, bold=False, color='#000000', colorSpace='hex', contrast=1.0, depth=0, flipHoriz=False, flipVert=False, font='', fontFiles=[], height=40, italic=False, name='unnamed TextStim', opacity=1.0, ori=0.0, pos=array([   0.,  330.]), rgb=array([0, 0, 0]), text=u'Tap along with the video.', units='pix', win=Window(...), wrapWidth=800)
7.7188 	EXP 	topMsg: text = 'You will see a movie of a finger tapping. When it is on the screen, try to use the hand indicated to tap your fingers at the same times as the movie does. When the fixation cross appears, relax and stare at the cross.'
7.7188 	EXP 	bottomMsg: text = 'The experiment will begin sortly'
7.7188 	EXP 	Display Instructions1
9.9000 	DATA 	Keypress: t
9.9196 	EXP 	topMsg: text = "Please don't move..."
9.9196 	EXP 	bottomMsg: text = ''
9.9196 	EXP 	PleaseDontMove
10.3301 	DATA 	Keypress: t
10.3425 	EXP 	Display Fixation
10.3425 	EXP 	---START EXPERIMENT---
10.3578 	EXP 	Display Fixation
10.4982 	DATA 	Keypress: t
391.7751 	DATA 	Keypress: escape
391.8130 	EXP 	topMsg: text = "Thank you very much! \n\nThat's the end of this experiment"
391.8130 	EXP 	bottomMsg: text = "Press 'q' or 'escape' to end the session."
391.8130 	EXP 	Display TheEnd
392.4950 	DATA 	Keypress: escape
