3.9366 	INFO 	---START PARAMETERS---
3.9366 	INFO 	filename: TappingWithTrTiming_Movie_d3.py-1-14-Jul_27_1105
3.9366 	INFO 	subject: 1
3.9366 	INFO 	session: 14
3.9366 	INFO 	date: Jul_27_1105
3.9366 	INFO 	blockDur_TRs: 20
3.9366 	INFO 	condition: TapRight
3.9366 	INFO 	fixCrossPos: [0, 0]
3.9366 	INFO 	fixCrossSize: 100
3.9366 	INFO 	fullScreen: True
3.9366 	INFO 	movieFolder: Images/
3.9366 	INFO 	movieSize: (800, 500)
3.9366 	INFO 	nBlocks: 12
3.9366 	INFO 	promptDir: Text/
3.9366 	INFO 	restDur_TRs: 20
3.9366 	INFO 	screenColor: (128, 128, 128)
3.9367 	INFO 	screenToShow: 0
3.9367 	INFO 	skipPrompts: False
3.9367 	INFO 	tStartup_TRs: 0
3.9367 	INFO 	textHeight: 40
3.9367 	INFO 	triggerKey: t
3.9367 	INFO 	---END PARAMETERS---
3.9738 	WARNING 	Movie2 stim could not be imported and won't be available
4.3062 	INFO 	Loaded monitor calibration from ['2015_12_02 12:18']
4.7326 	EXP 	Created win = Window(allowGUI=False, allowStencil=False, autoLog=True, bitsMode=UNKNOWN, blendMode='avg', color=array([ 128.,  128.,  128.]), colorSpace='rgb255', fullscr=UNKNOWN, gamma=None, lms=UNKNOWN, monitor=<psychopy.monitors.calibTools.Monitor instance at 0xf6cadc8>, name='win', pos=[0, 0], screen=0, size=array([1920, 1080]), stereo=False, units='deg', useFBO=False, viewOri=0.0, viewPos=None, viewScale=None, waitBlanking=True, winType='pyglet')
4.7347 	EXP 	Created fixCross = ShapeStim(autoDraw=False, autoLog=True, closeShape=False, contrast=1.0, depth=0, fillColor=None, fillColorSpace='rgb', fillRGB=None, interpolate=True, lineColor='#000000', lineColorSpace='hex', lineRGB=array([0, 0, 0]), lineWidth=3.0, name='fixCross', opacity=1.0, ori=array(0.0), pos=array([ 0.,  0.]), size=array([ 1.,  1.]), units='pix', vertices=ndarray(...), win=Window(...))
4.7731 	EXP 	Created topMsg = TextStim(alignHoriz='center', alignVert='center', antialias=True, autoLog=True, bold=False, color='#000000', colorSpace='hex', contrast=1.0, depth=0, flipHoriz=False, flipVert=False, font='', fontFiles=[], height=0.1, italic=False, name='topMsg', opacity=1.0, ori=0.0, pos=array([ 0. ,  0.5]), rgb=array([0, 0, 0]), text=u'aaa', units='norm', win=Window(...), wrapWidth=1.5)
4.7763 	EXP 	Created bottomMsg = TextStim(alignHoriz='center', alignVert='center', antialias=True, autoLog=True, bold=False, color='#000000', colorSpace='hex', contrast=1.0, depth=0, flipHoriz=False, flipVert=False, font='', fontFiles=[], height=0.1, italic=False, name='bottomMsg', opacity=1.0, ori=0.0, pos=array([ 0. , -0.5]), rgb=array([0, 0, 0]), text=u'bbb', units='norm', win=Window(...), wrapWidth=1.5)
4.7995 	EXP 	Created Movie Frame 0 = ImageStim(autoLog=True, color=array([ 1.,  1.,  1.]), colorSpace='rgb', contrast=1.0, depth=0, flipHoriz=False, flipVert=False, image='Images/right_0.png', interpolate=False, mask=None, maskParams=None, name='Movie Frame 0', opacity=1.0, ori=0.0, pos=array([ 0.,  0.]), size=array([ 800.,  500.]), texRes=128, units='pix', win=Window(...))
4.8203 	EXP 	Created Movie Frame 1 = ImageStim(autoLog=True, color=array([ 1.,  1.,  1.]), colorSpace='rgb', contrast=1.0, depth=0, flipHoriz=False, flipVert=False, image='Images/right_1.png', interpolate=False, mask=None, maskParams=None, name='Movie Frame 1', opacity=1.0, ori=0.0, pos=array([ 0.,  0.]), size=array([ 800.,  500.]), texRes=128, units='pix', win=Window(...))
4.8389 	EXP 	Created Movie Frame 2 = ImageStim(autoLog=True, color=array([ 1.,  1.,  1.]), colorSpace='rgb', contrast=1.0, depth=0, flipHoriz=False, flipVert=False, image='Images/right_2.png', interpolate=False, mask=None, maskParams=None, name='Movie Frame 2', opacity=1.0, ori=0.0, pos=array([ 0.,  0.]), size=array([ 800.,  500.]), texRes=128, units='pix', win=Window(...))
4.8569 	EXP 	Created Movie Frame 3 = ImageStim(autoLog=True, color=array([ 1.,  1.,  1.]), colorSpace='rgb', contrast=1.0, depth=0, flipHoriz=False, flipVert=False, image='Images/right_3.png', interpolate=False, mask=None, maskParams=None, name='Movie Frame 3', opacity=1.0, ori=0.0, pos=array([ 0.,  0.]), size=array([ 800.,  500.]), texRes=128, units='pix', win=Window(...))
4.8756 	EXP 	Created Movie Frame 4 = ImageStim(autoLog=True, color=array([ 1.,  1.,  1.]), colorSpace='rgb', contrast=1.0, depth=0, flipHoriz=False, flipVert=False, image='Images/right_4.png', interpolate=False, mask=None, maskParams=None, name='Movie Frame 4', opacity=1.0, ori=0.0, pos=array([ 0.,  0.]), size=array([ 800.,  500.]), texRes=128, units='pix', win=Window(...))
4.8950 	EXP 	Created Movie Frame 5 = ImageStim(autoLog=True, color=array([ 1.,  1.,  1.]), colorSpace='rgb', contrast=1.0, depth=0, flipHoriz=False, flipVert=False, image='Images/right_5.png', interpolate=False, mask=None, maskParams=None, name='Movie Frame 5', opacity=1.0, ori=0.0, pos=array([ 0.,  0.]), size=array([ 800.,  500.]), texRes=128, units='pix', win=Window(...))
4.9140 	EXP 	Created Movie Frame 6 = ImageStim(autoLog=True, color=array([ 1.,  1.,  1.]), colorSpace='rgb', contrast=1.0, depth=0, flipHoriz=False, flipVert=False, image='Images/right_6.png', interpolate=False, mask=None, maskParams=None, name='Movie Frame 6', opacity=1.0, ori=0.0, pos=array([ 0.,  0.]), size=array([ 800.,  500.]), texRes=128, units='pix', win=Window(...))
4.9327 	EXP 	Created Movie Frame 7 = ImageStim(autoLog=True, color=array([ 1.,  1.,  1.]), colorSpace='rgb', contrast=1.0, depth=0, flipHoriz=False, flipVert=False, image='Images/right_7.png', interpolate=False, mask=None, maskParams=None, name='Movie Frame 7', opacity=1.0, ori=0.0, pos=array([ 0.,  0.]), size=array([ 800.,  500.]), texRes=128, units='pix', win=Window(...))
4.9518 	EXP 	Created Movie Frame 8 = ImageStim(autoLog=True, color=array([ 1.,  1.,  1.]), colorSpace='rgb', contrast=1.0, depth=0, flipHoriz=False, flipVert=False, image='Images/right_8.png', interpolate=False, mask=None, maskParams=None, name='Movie Frame 8', opacity=1.0, ori=0.0, pos=array([ 0.,  0.]), size=array([ 800.,  500.]), texRes=128, units='pix', win=Window(...))
4.9717 	EXP 	Created Movie Frame 9 = ImageStim(autoLog=True, color=array([ 1.,  1.,  1.]), colorSpace='rgb', contrast=1.0, depth=0, flipHoriz=False, flipVert=False, image='Images/right_9.png', interpolate=False, mask=None, maskParams=None, name='Movie Frame 9', opacity=1.0, ori=0.0, pos=array([ 0.,  0.]), size=array([ 800.,  500.]), texRes=128, units='pix', win=Window(...))
4.9841 	EXP 	Created unnamed TextStim = TextStim(alignHoriz='center', alignVert='center', antialias=True, autoLog=True, bold=False, color='#000000', colorSpace='hex', contrast=1.0, depth=0, flipHoriz=False, flipVert=False, font='', fontFiles=[], height=40, italic=False, name='unnamed TextStim', opacity=1.0, ori=0.0, pos=array([   0.,  330.]), rgb=array([0, 0, 0]), text=u'Tap along with the video.', units='pix', win=Window(...), wrapWidth=800)
5.0478 	EXP 	topMsg: text = 'You will see a movie of a finger tapping. When it is on the screen, try to use the hand indicated to tap your fingers at the same times as the movie does. When the fixation cross appears, relax and stare at the cross.'
5.0478 	EXP 	bottomMsg: text = 'The experiment will begin sortly'
5.0478 	EXP 	Display Instructions1
6.3781 	DATA 	Keypress: t
6.3994 	EXP 	topMsg: text = "Please don't move..."
6.3994 	EXP 	bottomMsg: text = ''
6.3994 	EXP 	PleaseDontMove
6.9776 	DATA 	Keypress: t
6.9875 	EXP 	Display Fixation
6.9876 	EXP 	---START EXPERIMENT---
6.9973 	EXP 	Display Fixation
7.1581 	DATA 	Keypress: t
7.3075 	DATA 	Keypress: t
7.4580 	DATA 	Keypress: t
7.6075 	DATA 	Keypress: t
7.7275 	DATA 	Keypress: t
7.9078 	DATA 	Keypress: t
8.0575 	DATA 	Keypress: t
8.2079 	DATA 	Keypress: t
8.3579 	DATA 	Keypress: t
8.5224 	DATA 	Keypress: t
8.6578 	DATA 	Keypress: t
8.8077 	DATA 	Keypress: t
8.9729 	DATA 	Keypress: t
9.1530 	DATA 	Keypress: t
9.4531 	DATA 	Keypress: t
9.6179 	DATA 	Keypress: t
9.7678 	DATA 	Keypress: t
9.9327 	DATA 	Keypress: t
10.1126 	DATA 	Keypress: t
10.3078 	DATA 	Keypress: t
10.4153 	EXP 	Display Frame 1
10.5083 	DATA 	Keypress: t
10.5154 	EXP 	Display Frame 2
10.6152 	EXP 	Display Frame 3
10.7083 	DATA 	Keypress: t
10.7155 	EXP 	Display Frame 4
10.8151 	EXP 	Display Frame 5
10.9152 	EXP 	Display Frame 6
11.0152 	EXP 	Display Frame 7
11.1153 	EXP 	Display Frame 8
11.2155 	EXP 	Display Frame 9
11.3153 	EXP 	Display Frame 0
11.4155 	EXP 	Display Frame 1
11.5155 	EXP 	Display Frame 2
11.6153 	EXP 	Display Frame 3
11.7155 	EXP 	Display Frame 4
11.8153 	EXP 	Display Frame 5
11.9155 	EXP 	Display Frame 6
12.0153 	EXP 	Display Frame 7
12.1152 	EXP 	Display Frame 8
12.2153 	EXP 	Display Frame 9
12.3154 	EXP 	Display Frame 0
12.4153 	EXP 	Display Frame 1
12.5154 	EXP 	Display Frame 2
12.6152 	EXP 	Display Frame 3
12.7154 	EXP 	Display Frame 4
12.8153 	EXP 	Display Frame 5
12.9153 	EXP 	Display Frame 6
13.0154 	EXP 	Display Frame 7
13.1154 	EXP 	Display Frame 8
13.2153 	EXP 	Display Frame 9
13.3083 	DATA 	Keypress: escape
13.3154 	EXP 	Display Frame 0
13.3486 	EXP 	topMsg: text = "Thank you very much! \n\nThat's the end of this experiment"
13.3486 	EXP 	bottomMsg: text = "Press 'q' or 'escape' to end the session."
13.3486 	EXP 	Display TheEnd
14.2831 	DATA 	Keypress: escape
