8.6722 	INFO 	---START PARAMETERS---
8.6722 	INFO 	filename: TappingWithTrTiming_Movie_d3.py-1-1-Sep_27_1724
8.6723 	INFO 	subject: 1
8.6723 	INFO 	session: 1
8.6723 	INFO 	date: Sep_27_1724
8.6723 	INFO 	blockDur_TRs: 20
8.6723 	INFO 	condition: TapFast
8.6723 	INFO 	fixCrossPos: [0, 0]
8.6723 	INFO 	fixCrossSize: 100
8.6723 	INFO 	fullScreen: True
8.6723 	INFO 	movieFolder: Images/
8.6723 	INFO 	movieSize: (800, 500)
8.6723 	INFO 	nBlocks: 12
8.6723 	INFO 	promptDir: Text/
8.6723 	INFO 	restDur_TRs: 20
8.6723 	INFO 	screenColor: (128, 128, 128)
8.6723 	INFO 	screenToShow: 0
8.6723 	INFO 	skipPrompts: False
8.6723 	INFO 	tStartup_TRs: 0
8.6723 	INFO 	textHeight: 40
8.6723 	INFO 	triggerKey: 5
8.6723 	INFO 	---END PARAMETERS---
8.7521 	WARNING 	Movie2 stim could not be imported and won't be available
9.4140 	INFO 	Loaded monitor calibration from ['2015_12_02 12:18']
9.4160 	WARNING 	User requested fullscreen with size [1920 1200], but screen is actually [1440, 900]. Using actual size
9.8827 	EXP 	Created win = Window(allowGUI=False, allowStencil=False, autoLog=True, bitsMode=UNKNOWN, blendMode='avg', color=array([ 128.,  128.,  128.]), colorSpace='rgb255', fullscr=UNKNOWN, gamma=None, lms=UNKNOWN, monitor=<psychopy.monitors.calibTools.Monitor instance at 0xec75d50>, name='win', pos=[0, 0], screen=0, size=array([1440,  900]), stereo=False, units='deg', useFBO=False, viewOri=0.0, viewPos=None, viewScale=None, waitBlanking=True, winType='pyglet')
9.8837 	EXP 	Created fixCross = ShapeStim(autoDraw=False, autoLog=True, closeShape=False, contrast=1.0, depth=0, fillColor=None, fillColorSpace='rgb', fillRGB=None, interpolate=True, lineColor='#000000', lineColorSpace='hex', lineRGB=array([0, 0, 0]), lineWidth=3.0, name='fixCross', opacity=1.0, ori=array(0.0), pos=array([ 0.,  0.]), size=array([ 1.,  1.]), units='pix', vertices=ndarray(...), win=Window(...))
9.9814 	EXP 	Created topMsg = TextStim(alignHoriz='center', alignVert='center', antialias=True, autoLog=True, bold=False, color='#000000', colorSpace='hex', contrast=1.0, depth=0, flipHoriz=False, flipVert=False, font='', fontFiles=[], height=0.1, italic=False, name='topMsg', opacity=1.0, ori=0.0, pos=array([ 0. ,  0.5]), rgb=array([0, 0, 0]), text=u'aaa', units='norm', win=Window(...), wrapWidth=1.5)
9.9851 	EXP 	Created bottomMsg = TextStim(alignHoriz='center', alignVert='center', antialias=True, autoLog=True, bold=False, color='#000000', colorSpace='hex', contrast=1.0, depth=0, flipHoriz=False, flipVert=False, font='', fontFiles=[], height=0.1, italic=False, name='bottomMsg', opacity=1.0, ori=0.0, pos=array([ 0. , -0.5]), rgb=array([0, 0, 0]), text=u'bbb', units='norm', win=Window(...), wrapWidth=1.5)
10.0136 	EXP 	Created Movie Frame 0 = ImageStim(autoLog=True, color=array([ 1.,  1.,  1.]), colorSpace='rgb', contrast=1.0, depth=0, flipHoriz=False, flipVert=False, image='Images/right_0.png', interpolate=False, mask=None, maskParams=None, name='Movie Frame 0', opacity=1.0, ori=0.0, pos=array([ 0.,  0.]), size=array([ 800.,  500.]), texRes=128, units='pix', win=Window(...))
10.0354 	EXP 	Created Movie Frame 1 = ImageStim(autoLog=True, color=array([ 1.,  1.,  1.]), colorSpace='rgb', contrast=1.0, depth=0, flipHoriz=False, flipVert=False, image='Images/right_1.png', interpolate=False, mask=None, maskParams=None, name='Movie Frame 1', opacity=1.0, ori=0.0, pos=array([ 0.,  0.]), size=array([ 800.,  500.]), texRes=128, units='pix', win=Window(...))
10.0556 	EXP 	Created Movie Frame 2 = ImageStim(autoLog=True, color=array([ 1.,  1.,  1.]), colorSpace='rgb', contrast=1.0, depth=0, flipHoriz=False, flipVert=False, image='Images/right_2.png', interpolate=False, mask=None, maskParams=None, name='Movie Frame 2', opacity=1.0, ori=0.0, pos=array([ 0.,  0.]), size=array([ 800.,  500.]), texRes=128, units='pix', win=Window(...))
10.0761 	EXP 	Created Movie Frame 3 = ImageStim(autoLog=True, color=array([ 1.,  1.,  1.]), colorSpace='rgb', contrast=1.0, depth=0, flipHoriz=False, flipVert=False, image='Images/right_3.png', interpolate=False, mask=None, maskParams=None, name='Movie Frame 3', opacity=1.0, ori=0.0, pos=array([ 0.,  0.]), size=array([ 800.,  500.]), texRes=128, units='pix', win=Window(...))
10.0964 	EXP 	Created Movie Frame 4 = ImageStim(autoLog=True, color=array([ 1.,  1.,  1.]), colorSpace='rgb', contrast=1.0, depth=0, flipHoriz=False, flipVert=False, image='Images/right_4.png', interpolate=False, mask=None, maskParams=None, name='Movie Frame 4', opacity=1.0, ori=0.0, pos=array([ 0.,  0.]), size=array([ 800.,  500.]), texRes=128, units='pix', win=Window(...))
10.1175 	EXP 	Created Movie Frame 5 = ImageStim(autoLog=True, color=array([ 1.,  1.,  1.]), colorSpace='rgb', contrast=1.0, depth=0, flipHoriz=False, flipVert=False, image='Images/right_5.png', interpolate=False, mask=None, maskParams=None, name='Movie Frame 5', opacity=1.0, ori=0.0, pos=array([ 0.,  0.]), size=array([ 800.,  500.]), texRes=128, units='pix', win=Window(...))
10.1377 	EXP 	Created Movie Frame 6 = ImageStim(autoLog=True, color=array([ 1.,  1.,  1.]), colorSpace='rgb', contrast=1.0, depth=0, flipHoriz=False, flipVert=False, image='Images/right_6.png', interpolate=False, mask=None, maskParams=None, name='Movie Frame 6', opacity=1.0, ori=0.0, pos=array([ 0.,  0.]), size=array([ 800.,  500.]), texRes=128, units='pix', win=Window(...))
10.1579 	EXP 	Created Movie Frame 7 = ImageStim(autoLog=True, color=array([ 1.,  1.,  1.]), colorSpace='rgb', contrast=1.0, depth=0, flipHoriz=False, flipVert=False, image='Images/right_7.png', interpolate=False, mask=None, maskParams=None, name='Movie Frame 7', opacity=1.0, ori=0.0, pos=array([ 0.,  0.]), size=array([ 800.,  500.]), texRes=128, units='pix', win=Window(...))
10.1775 	EXP 	Created Movie Frame 8 = ImageStim(autoLog=True, color=array([ 1.,  1.,  1.]), colorSpace='rgb', contrast=1.0, depth=0, flipHoriz=False, flipVert=False, image='Images/right_8.png', interpolate=False, mask=None, maskParams=None, name='Movie Frame 8', opacity=1.0, ori=0.0, pos=array([ 0.,  0.]), size=array([ 800.,  500.]), texRes=128, units='pix', win=Window(...))
10.1977 	EXP 	Created Movie Frame 9 = ImageStim(autoLog=True, color=array([ 1.,  1.,  1.]), colorSpace='rgb', contrast=1.0, depth=0, flipHoriz=False, flipVert=False, image='Images/right_9.png', interpolate=False, mask=None, maskParams=None, name='Movie Frame 9', opacity=1.0, ori=0.0, pos=array([ 0.,  0.]), size=array([ 800.,  500.]), texRes=128, units='pix', win=Window(...))
10.2106 	EXP 	Created unnamed TextStim = TextStim(alignHoriz='center', alignVert='center', antialias=True, autoLog=True, bold=False, color='#000000', colorSpace='hex', contrast=1.0, depth=0, flipHoriz=False, flipVert=False, font='', fontFiles=[], height=40, italic=False, name='unnamed TextStim', opacity=1.0, ori=0.0, pos=array([   0.,  330.]), rgb=array([0, 0, 0]), text=u'Tap along with the video.', units='pix', win=Window(...), wrapWidth=800)
10.2645 	EXP 	topMsg: text = 'You will see a movie of a finger tapping. When it is on the screen, try to use the hand indicated to tap your fingers at the same times as the movie does. When the fixation cross appears, relax and stare at the cross.'
10.2645 	EXP 	bottomMsg: text = 'The experiment will begin sortly'
10.2645 	EXP 	Display Instructions1
11.7733 	DATA 	Keypress: t
11.7886 	EXP 	topMsg: text = "Please don't move..."
11.7886 	EXP 	bottomMsg: text = ''
11.7886 	EXP 	PleaseDontMove
12.4934 	DATA 	Keypress: t
12.7331 	DATA 	Keypress: t
12.9281 	DATA 	Keypress: t
13.0931 	DATA 	Keypress: t
13.2581 	DATA 	Keypress: t
13.4234 	DATA 	Keypress: t
13.5884 	DATA 	Keypress: t
13.7685 	DATA 	Keypress: t
13.9331 	DATA 	Keypress: t
14.4136 	DATA 	Keypress: 5
14.4222 	EXP 	Display Fixation
14.4223 	EXP 	---START EXPERIMENT---
14.4324 	EXP 	Display Fixation
14.7136 	DATA 	Keypress: 5
14.8784 	DATA 	Keypress: 5
15.0584 	DATA 	Keypress: 5
15.2081 	DATA 	Keypress: 5
15.3734 	DATA 	Keypress: 5
15.5233 	DATA 	Keypress: 5
15.6881 	DATA 	Keypress: 5
15.8380 	DATA 	Keypress: 5
15.9884 	DATA 	Keypress: 5
16.1536 	DATA 	Keypress: 5
16.3183 	DATA 	Keypress: 5
16.4985 	DATA 	Keypress: 5
16.6632 	DATA 	Keypress: 5
16.8282 	DATA 	Keypress: 5
16.9934 	DATA 	Keypress: 5
17.3985 	DATA 	Keypress: 5
17.5931 	DATA 	Keypress: 5
17.7585 	DATA 	Keypress: 5
17.9382 	DATA 	Keypress: 5
18.1035 	DATA 	Keypress: 5
18.1493 	EXP 	Display Frame 1
18.1829 	EXP 	Display Frame 2
18.2162 	EXP 	Display Frame 3
18.2493 	EXP 	Display Frame 4
18.2829 	EXP 	Display Frame 5
18.3040 	DATA 	Keypress: 5
18.3161 	EXP 	Display Frame 6
18.3497 	EXP 	Display Frame 7
18.3830 	EXP 	Display Frame 8
18.4163 	EXP 	Display Frame 9
18.4373 	DATA 	Keypress: 5
18.4491 	EXP 	Display Frame 0
18.4829 	EXP 	Display Frame 1
18.5161 	EXP 	Display Frame 2
18.5495 	EXP 	Display Frame 3
18.5829 	EXP 	Display Frame 4
18.6162 	EXP 	Display Frame 5
18.6373 	DATA 	Keypress: 5
18.6496 	EXP 	Display Frame 6
18.6823 	EXP 	Display Frame 7
18.7162 	EXP 	Display Frame 8
18.7496 	EXP 	Display Frame 9
18.7830 	EXP 	Display Frame 0
18.8163 	EXP 	Display Frame 1
18.8166 	DATA 	Keypress: 5
18.8496 	EXP 	Display Frame 2
18.8829 	EXP 	Display Frame 3
18.9163 	EXP 	Display Frame 4
18.9495 	EXP 	Display Frame 5
18.9829 	EXP 	Display Frame 6
19.0162 	EXP 	Display Frame 7
19.0496 	EXP 	Display Frame 8
19.0829 	EXP 	Display Frame 9
19.1163 	EXP 	Display Frame 0
19.1495 	EXP 	Display Frame 1
19.1829 	EXP 	Display Frame 2
19.2162 	EXP 	Display Frame 3
19.2496 	EXP 	Display Frame 4
19.2830 	EXP 	Display Frame 5
19.3163 	EXP 	Display Frame 6
19.3496 	EXP 	Display Frame 7
19.3707 	DATA 	Keypress: 5
19.3830 	EXP 	Display Frame 8
19.4163 	EXP 	Display Frame 9
19.4496 	EXP 	Display Frame 0
19.4830 	EXP 	Display Frame 1
19.5164 	EXP 	Display Frame 2
19.5496 	EXP 	Display Frame 3
19.5830 	EXP 	Display Frame 4
19.6163 	EXP 	Display Frame 5
19.6495 	EXP 	Display Frame 6
19.6706 	DATA 	Keypress: 5
19.6830 	EXP 	Display Frame 7
19.7163 	EXP 	Display Frame 8
19.7496 	EXP 	Display Frame 9
19.7830 	EXP 	Display Frame 0
19.8163 	EXP 	Display Frame 1
19.8496 	EXP 	Display Frame 2
19.8830 	EXP 	Display Frame 3
19.9163 	EXP 	Display Frame 4
19.9496 	EXP 	Display Frame 5
19.9831 	EXP 	Display Frame 6
20.0164 	EXP 	Display Frame 7
20.0497 	EXP 	Display Frame 8
20.0831 	EXP 	Display Frame 9
20.1164 	EXP 	Display Frame 0
20.1497 	EXP 	Display Frame 1
20.1830 	EXP 	Display Frame 2
20.2163 	EXP 	Display Frame 3
20.2497 	EXP 	Display Frame 4
20.2831 	EXP 	Display Frame 5
20.3164 	EXP 	Display Frame 6
20.3496 	EXP 	Display Frame 7
20.3831 	EXP 	Display Frame 8
20.4165 	EXP 	Display Frame 9
20.4497 	EXP 	Display Frame 0
20.4831 	EXP 	Display Frame 1
20.5164 	EXP 	Display Frame 2
20.5495 	EXP 	Display Frame 3
20.5830 	EXP 	Display Frame 4
20.6164 	EXP 	Display Frame 5
20.6495 	EXP 	Display Frame 6
20.6831 	EXP 	Display Frame 7
20.7165 	EXP 	Display Frame 8
20.7498 	EXP 	Display Frame 9
20.7831 	EXP 	Display Frame 0
20.8164 	EXP 	Display Frame 1
20.8497 	EXP 	Display Frame 2
20.8830 	EXP 	Display Frame 3
20.9164 	EXP 	Display Frame 4
20.9498 	EXP 	Display Frame 5
20.9830 	EXP 	Display Frame 6
21.0164 	EXP 	Display Frame 7
21.0497 	EXP 	Display Frame 8
21.0830 	EXP 	Display Frame 9
21.1164 	EXP 	Display Frame 0
21.1495 	EXP 	Display Frame 1
21.1830 	EXP 	Display Frame 2
21.2164 	EXP 	Display Frame 3
21.2498 	EXP 	Display Frame 4
21.2831 	EXP 	Display Frame 5
21.3164 	EXP 	Display Frame 6
21.3498 	EXP 	Display Frame 7
21.3832 	EXP 	Display Frame 8
21.4165 	EXP 	Display Frame 9
21.4499 	EXP 	Display Frame 0
21.4832 	EXP 	Display Frame 1
21.5165 	EXP 	Display Frame 2
21.5498 	EXP 	Display Frame 3
21.5832 	EXP 	Display Frame 4
21.6165 	EXP 	Display Frame 5
21.6498 	EXP 	Display Frame 6
21.6831 	EXP 	Display Frame 7
21.7165 	EXP 	Display Frame 8
21.7498 	EXP 	Display Frame 9
21.7832 	EXP 	Display Frame 0
21.8061 	EXP 	Display Frame 1
21.8500 	EXP 	Display Frame 2
21.8831 	EXP 	Display Frame 3
21.9165 	EXP 	Display Frame 4
21.9498 	EXP 	Display Frame 5
21.9832 	EXP 	Display Frame 6
22.0165 	EXP 	Display Frame 7
22.0499 	EXP 	Display Frame 8
22.0832 	EXP 	Display Frame 9
22.1166 	EXP 	Display Frame 0
22.1494 	EXP 	Display Frame 1
22.1832 	EXP 	Display Frame 2
22.2166 	EXP 	Display Frame 3
22.2499 	EXP 	Display Frame 4
22.2832 	EXP 	Display Frame 5
22.3161 	EXP 	Display Frame 6
22.3498 	EXP 	Display Frame 7
22.3821 	EXP 	Display Frame 8
22.4155 	EXP 	Display Frame 9
22.4494 	EXP 	Display Frame 0
22.4821 	EXP 	Display Frame 1
22.5154 	EXP 	Display Frame 2
22.5497 	EXP 	Display Frame 3
22.5821 	EXP 	Display Frame 4
22.6166 	EXP 	Display Frame 5
22.6500 	EXP 	Display Frame 6
22.6830 	EXP 	Display Frame 7
22.7165 	EXP 	Display Frame 8
22.7499 	EXP 	Display Frame 9
22.7831 	EXP 	Display Frame 0
22.8166 	EXP 	Display Frame 1
22.8494 	EXP 	Display Frame 2
22.8832 	EXP 	Display Frame 3
22.9166 	EXP 	Display Frame 4
22.9494 	EXP 	Display Frame 5
22.9833 	EXP 	Display Frame 6
23.0166 	EXP 	Display Frame 7
23.0500 	EXP 	Display Frame 8
23.0833 	EXP 	Display Frame 9
23.1167 	EXP 	Display Frame 0
23.1500 	EXP 	Display Frame 1
23.1834 	EXP 	Display Frame 2
23.2167 	EXP 	Display Frame 3
23.2492 	EXP 	Display Frame 4
23.2835 	EXP 	Display Frame 5
23.3167 	EXP 	Display Frame 6
23.3493 	EXP 	Display Frame 7
23.3834 	EXP 	Display Frame 8
23.4167 	EXP 	Display Frame 9
23.4495 	EXP 	Display Frame 0
23.4834 	EXP 	Display Frame 1
23.5168 	EXP 	Display Frame 2
23.5495 	EXP 	Display Frame 3
23.5834 	EXP 	Display Frame 4
23.6167 	EXP 	Display Frame 5
23.6500 	EXP 	Display Frame 6
23.6834 	EXP 	Display Frame 7
23.7167 	EXP 	Display Frame 8
23.7500 	EXP 	Display Frame 9
23.7834 	EXP 	Display Frame 0
23.8168 	EXP 	Display Frame 1
23.8501 	EXP 	Display Frame 2
23.8834 	EXP 	Display Frame 3
23.9167 	EXP 	Display Frame 4
23.9500 	EXP 	Display Frame 5
23.9834 	EXP 	Display Frame 6
24.0167 	EXP 	Display Frame 7
24.0497 	EXP 	Display Frame 8
24.0834 	EXP 	Display Frame 9
24.1168 	EXP 	Display Frame 0
24.1501 	EXP 	Display Frame 1
24.1834 	EXP 	Display Frame 2
24.2168 	EXP 	Display Frame 3
24.2501 	EXP 	Display Frame 4
24.2835 	EXP 	Display Frame 5
24.3168 	EXP 	Display Frame 6
24.3501 	EXP 	Display Frame 7
24.3834 	EXP 	Display Frame 8
24.4167 	EXP 	Display Frame 9
24.4496 	EXP 	Display Frame 0
24.4834 	EXP 	Display Frame 1
24.5168 	EXP 	Display Frame 2
24.5501 	EXP 	Display Frame 3
24.5834 	EXP 	Display Frame 4
24.6166 	EXP 	Display Frame 5
24.6501 	EXP 	Display Frame 6
24.6834 	EXP 	Display Frame 7
24.7168 	EXP 	Display Frame 8
24.7494 	EXP 	Display Frame 9
24.7831 	EXP 	Display Frame 0
24.8168 	EXP 	Display Frame 1
24.8501 	EXP 	Display Frame 2
24.8835 	EXP 	Display Frame 3
24.9168 	EXP 	Display Frame 4
24.9501 	EXP 	Display Frame 5
24.9834 	EXP 	Display Frame 6
25.0168 	EXP 	Display Frame 7
25.0496 	EXP 	Display Frame 8
25.0835 	EXP 	Display Frame 9
25.1168 	EXP 	Display Frame 0
25.1502 	EXP 	Display Frame 1
25.1835 	EXP 	Display Frame 2
25.2168 	EXP 	Display Frame 3
25.2502 	EXP 	Display Frame 4
25.2835 	EXP 	Display Frame 5
25.3169 	EXP 	Display Frame 6
25.3493 	EXP 	Display Frame 7
25.3826 	EXP 	Display Frame 8
25.4169 	EXP 	Display Frame 9
25.4499 	EXP 	Display Frame 0
25.4835 	EXP 	Display Frame 1
25.5169 	EXP 	Display Frame 2
25.5502 	EXP 	Display Frame 3
25.5826 	EXP 	Display Frame 4
25.6169 	EXP 	Display Frame 5
25.6502 	EXP 	Display Frame 6
25.6835 	EXP 	Display Frame 7
25.7169 	EXP 	Display Frame 8
25.7502 	EXP 	Display Frame 9
25.7836 	EXP 	Display Frame 0
25.8169 	EXP 	Display Frame 1
25.8502 	EXP 	Display Frame 2
25.8836 	EXP 	Display Frame 3
25.9168 	EXP 	Display Frame 4
25.9495 	EXP 	Display Frame 5
25.9836 	EXP 	Display Frame 6
26.0170 	EXP 	Display Frame 7
26.0501 	EXP 	Display Frame 8
26.0836 	EXP 	Display Frame 9
26.1169 	EXP 	Display Frame 0
26.1503 	EXP 	Display Frame 1
26.1836 	EXP 	Display Frame 2
26.2169 	EXP 	Display Frame 3
26.2493 	EXP 	Display Frame 4
26.2836 	EXP 	Display Frame 5
26.3170 	EXP 	Display Frame 6
26.3499 	EXP 	Display Frame 7
26.3728 	DATA 	Keypress: escape
26.3829 	EXP 	Display Frame 8
26.4171 	EXP 	topMsg: text = "Thank you very much! \n\nThat's the end of this experiment"
26.4171 	EXP 	bottomMsg: text = "Press 'q' or 'escape' to end the session."
26.4171 	EXP 	Display TheEnd
27.5690 	DATA 	Keypress: escape
