4.1877 	INFO 	---START PARAMETERS---
4.1877 	INFO 	filename: TappingWithTrTiming_Movie_d3.py-1-11-Jul_25_1642
4.1877 	INFO 	subject: 1
4.1877 	INFO 	session: 11
4.1877 	INFO 	date: Jul_25_1642
4.1877 	INFO 	blockDur_TRs: 20
4.1877 	INFO 	condition: TapRight
4.1877 	INFO 	fixCrossPos: [0, 0]
4.1877 	INFO 	fixCrossSize: 100
4.1878 	INFO 	fullScreen: True
4.1878 	INFO 	movieFolder: Images/
4.1878 	INFO 	movieSize: (800, 500)
4.1878 	INFO 	nBlocks: 12
4.1878 	INFO 	promptDir: Text/
4.1878 	INFO 	restDur_TRs: 20
4.1878 	INFO 	screenColor: (128, 128, 128)
4.1878 	INFO 	screenToShow: 0
4.1878 	INFO 	skipPrompts: False
4.1878 	INFO 	tStartup_TRs: 0
4.1878 	INFO 	textHeight: 40
4.1878 	INFO 	triggerKey: t
4.1878 	INFO 	---END PARAMETERS---
4.2788 	WARNING 	Movie2 stim could not be imported and won't be available
4.7865 	INFO 	Loaded monitor calibration from ['2015_12_02 12:18']
5.2222 	EXP 	Created win = Window(allowGUI=False, allowStencil=False, autoLog=True, bitsMode=UNKNOWN, blendMode='avg', color=array([ 128.,  128.,  128.]), colorSpace='rgb255', fullscr=UNKNOWN, gamma=None, lms=UNKNOWN, monitor=<psychopy.monitors.calibTools.Monitor instance at 0xefcbdc8>, name='win', pos=[0, 0], screen=0, size=array([1440,  900]), stereo=False, units='deg', useFBO=False, viewOri=0.0, viewPos=None, viewScale=None, waitBlanking=True, winType='pyglet')
5.2236 	EXP 	Created fixCross = ShapeStim(autoDraw=False, autoLog=True, closeShape=False, contrast=1.0, depth=0, fillColor=None, fillColorSpace='rgb', fillRGB=None, interpolate=True, lineColor='#000000', lineColorSpace='hex', lineRGB=array([0, 0, 0]), lineWidth=3.0, name='fixCross', opacity=1.0, ori=array(0.0), pos=array([ 0.,  0.]), size=array([ 1.,  1.]), units='pix', vertices=ndarray(...), win=Window(...))
5.2749 	EXP 	Created topMsg = TextStim(alignHoriz='center', alignVert='center', antialias=True, autoLog=True, bold=False, color='#000000', colorSpace='hex', contrast=1.0, depth=0, flipHoriz=False, flipVert=False, font='', fontFiles=[], height=0.1, italic=False, name='topMsg', opacity=1.0, ori=0.0, pos=array([ 0. ,  0.5]), rgb=array([0, 0, 0]), text=u'aaa', units='norm', win=Window(...), wrapWidth=1.5)
5.2783 	EXP 	Created bottomMsg = TextStim(alignHoriz='center', alignVert='center', antialias=True, autoLog=True, bold=False, color='#000000', colorSpace='hex', contrast=1.0, depth=0, flipHoriz=False, flipVert=False, font='', fontFiles=[], height=0.1, italic=False, name='bottomMsg', opacity=1.0, ori=0.0, pos=array([ 0. , -0.5]), rgb=array([0, 0, 0]), text=u'bbb', units='norm', win=Window(...), wrapWidth=1.5)
5.3041 	EXP 	Created Movie Frame 0 = ImageStim(autoLog=True, color=array([ 1.,  1.,  1.]), colorSpace='rgb', contrast=1.0, depth=0, flipHoriz=False, flipVert=False, image='Images/right_0.png', interpolate=False, mask=None, maskParams=None, name='Movie Frame 0', opacity=1.0, ori=0.0, pos=array([ 0.,  0.]), size=array([ 800.,  500.]), texRes=128, units='pix', win=Window(...))
5.3293 	EXP 	Created Movie Frame 1 = ImageStim(autoLog=True, color=array([ 1.,  1.,  1.]), colorSpace='rgb', contrast=1.0, depth=0, flipHoriz=False, flipVert=False, image='Images/right_1.png', interpolate=False, mask=None, maskParams=None, name='Movie Frame 1', opacity=1.0, ori=0.0, pos=array([ 0.,  0.]), size=array([ 800.,  500.]), texRes=128, units='pix', win=Window(...))
5.3504 	EXP 	Created Movie Frame 2 = ImageStim(autoLog=True, color=array([ 1.,  1.,  1.]), colorSpace='rgb', contrast=1.0, depth=0, flipHoriz=False, flipVert=False, image='Images/right_2.png', interpolate=False, mask=None, maskParams=None, name='Movie Frame 2', opacity=1.0, ori=0.0, pos=array([ 0.,  0.]), size=array([ 800.,  500.]), texRes=128, units='pix', win=Window(...))
5.3747 	EXP 	Created Movie Frame 3 = ImageStim(autoLog=True, color=array([ 1.,  1.,  1.]), colorSpace='rgb', contrast=1.0, depth=0, flipHoriz=False, flipVert=False, image='Images/right_3.png', interpolate=False, mask=None, maskParams=None, name='Movie Frame 3', opacity=1.0, ori=0.0, pos=array([ 0.,  0.]), size=array([ 800.,  500.]), texRes=128, units='pix', win=Window(...))
5.3957 	EXP 	Created Movie Frame 4 = ImageStim(autoLog=True, color=array([ 1.,  1.,  1.]), colorSpace='rgb', contrast=1.0, depth=0, flipHoriz=False, flipVert=False, image='Images/right_4.png', interpolate=False, mask=None, maskParams=None, name='Movie Frame 4', opacity=1.0, ori=0.0, pos=array([ 0.,  0.]), size=array([ 800.,  500.]), texRes=128, units='pix', win=Window(...))
5.4178 	EXP 	Created Movie Frame 5 = ImageStim(autoLog=True, color=array([ 1.,  1.,  1.]), colorSpace='rgb', contrast=1.0, depth=0, flipHoriz=False, flipVert=False, image='Images/right_5.png', interpolate=False, mask=None, maskParams=None, name='Movie Frame 5', opacity=1.0, ori=0.0, pos=array([ 0.,  0.]), size=array([ 800.,  500.]), texRes=128, units='pix', win=Window(...))
5.4394 	EXP 	Created Movie Frame 6 = ImageStim(autoLog=True, color=array([ 1.,  1.,  1.]), colorSpace='rgb', contrast=1.0, depth=0, flipHoriz=False, flipVert=False, image='Images/right_6.png', interpolate=False, mask=None, maskParams=None, name='Movie Frame 6', opacity=1.0, ori=0.0, pos=array([ 0.,  0.]), size=array([ 800.,  500.]), texRes=128, units='pix', win=Window(...))
5.4624 	EXP 	Created Movie Frame 7 = ImageStim(autoLog=True, color=array([ 1.,  1.,  1.]), colorSpace='rgb', contrast=1.0, depth=0, flipHoriz=False, flipVert=False, image='Images/right_7.png', interpolate=False, mask=None, maskParams=None, name='Movie Frame 7', opacity=1.0, ori=0.0, pos=array([ 0.,  0.]), size=array([ 800.,  500.]), texRes=128, units='pix', win=Window(...))
5.4845 	EXP 	Created Movie Frame 8 = ImageStim(autoLog=True, color=array([ 1.,  1.,  1.]), colorSpace='rgb', contrast=1.0, depth=0, flipHoriz=False, flipVert=False, image='Images/right_8.png', interpolate=False, mask=None, maskParams=None, name='Movie Frame 8', opacity=1.0, ori=0.0, pos=array([ 0.,  0.]), size=array([ 800.,  500.]), texRes=128, units='pix', win=Window(...))
5.5048 	EXP 	Created Movie Frame 9 = ImageStim(autoLog=True, color=array([ 1.,  1.,  1.]), colorSpace='rgb', contrast=1.0, depth=0, flipHoriz=False, flipVert=False, image='Images/right_9.png', interpolate=False, mask=None, maskParams=None, name='Movie Frame 9', opacity=1.0, ori=0.0, pos=array([ 0.,  0.]), size=array([ 800.,  500.]), texRes=128, units='pix', win=Window(...))
5.5175 	EXP 	Created unnamed TextStim = TextStim(alignHoriz='center', alignVert='center', antialias=True, autoLog=True, bold=False, color='#000000', colorSpace='hex', contrast=1.0, depth=0, flipHoriz=False, flipVert=False, font='', fontFiles=[], height=40, italic=False, name='unnamed TextStim', opacity=1.0, ori=0.0, pos=array([   0.,  330.]), rgb=array([0, 0, 0]), text=u'Tap along with the video.', units='pix', win=Window(...), wrapWidth=800)
5.5885 	EXP 	topMsg: text = 'You will see a movie of a finger tapping. When it is on the screen, try to use the hand indicated to tap your fingers at the same times as the movie does. When the fixation cross appears, relax and stare at the cross.'
5.5885 	EXP 	bottomMsg: text = 'The experiment will begin sortly'
5.5885 	EXP 	Display Instructions1
6.0414 	DATA 	Keypress: return
6.0591 	EXP 	topMsg: text = "Please don't move..."
6.0591 	EXP 	bottomMsg: text = ''
6.0591 	EXP 	PleaseDontMove
6.8094 	DATA 	Keypress: t
6.8229 	EXP 	Display Fixation
6.8230 	EXP 	---START EXPERIMENT---
6.8977 	EXP 	Display Fixation
6.9694 	DATA 	Keypress: t
7.1213 	DATA 	Keypress: t
7.2654 	DATA 	Keypress: t
7.4094 	DATA 	Keypress: t
7.5612 	DATA 	Keypress: t
7.7132 	DATA 	Keypress: t
7.8574 	DATA 	Keypress: t
8.0172 	DATA 	Keypress: t
8.1692 	DATA 	Keypress: t
8.3212 	DATA 	Keypress: t
8.4813 	DATA 	Keypress: t
8.6414 	DATA 	Keypress: t
8.8093 	DATA 	Keypress: t
8.9772 	DATA 	Keypress: t
9.1293 	DATA 	Keypress: t
9.2972 	DATA 	Keypress: t
9.5213 	DATA 	Keypress: t
9.8092 	DATA 	Keypress: t
10.0973 	DATA 	Keypress: t
10.4093 	DATA 	Keypress: t
10.5229 	EXP 	Display Frame 1
10.6219 	EXP 	Display Frame 2
10.7230 	EXP 	Display Frame 3
10.8226 	EXP 	Display Frame 4
10.9226 	EXP 	Display Frame 5
11.0228 	EXP 	Display Frame 6
11.1227 	EXP 	Display Frame 7
11.2229 	EXP 	Display Frame 8
11.3222 	EXP 	Display Frame 9
11.4224 	EXP 	Display Frame 0
11.5226 	EXP 	Display Frame 1
11.6226 	EXP 	Display Frame 2
11.7220 	EXP 	Display Frame 3
11.8215 	EXP 	Display Frame 4
11.9229 	EXP 	Display Frame 5
12.0226 	EXP 	Display Frame 6
12.1227 	EXP 	Display Frame 7
12.2222 	EXP 	Display Frame 8
12.3221 	EXP 	Display Frame 9
12.4099 	DATA 	Keypress: escape
12.4218 	EXP 	Display Frame 0
12.4547 	EXP 	topMsg: text = "Thank you very much! \n\nThat's the end of this experiment"
12.4547 	EXP 	bottomMsg: text = "Press 'q' or 'escape' to end the session."
12.4547 	EXP 	Display TheEnd
13.5452 	DATA 	Keypress: escape
