7.7145 	INFO 	---START PARAMETERS---
7.7145 	INFO 	filename: TappingWithTrTiming_Movie_d3.py-1-38-Sep_14_0724
7.7145 	INFO 	subject: 1
7.7145 	INFO 	session: 38
7.7145 	INFO 	date: Sep_14_0724
7.7145 	INFO 	blockDur_TRs: 20
7.7145 	INFO 	condition: TapRight
7.7145 	INFO 	fixCrossPos: [0, 0]
7.7145 	INFO 	fixCrossSize: 100
7.7145 	INFO 	fullScreen: True
7.7145 	INFO 	movieFolder: Images/
7.7145 	INFO 	movieSize: (800, 500)
7.7145 	INFO 	nBlocks: 12
7.7145 	INFO 	promptDir: Text/
7.7146 	INFO 	restDur_TRs: 20
7.7146 	INFO 	screenColor: (128, 128, 128)
7.7146 	INFO 	screenToShow: 0
7.7146 	INFO 	skipPrompts: False
7.7146 	INFO 	tStartup_TRs: 0
7.7146 	INFO 	textHeight: 40
7.7146 	INFO 	triggerKey: t
7.7146 	INFO 	---END PARAMETERS---
7.8095 	WARNING 	Movie2 stim could not be imported and won't be available
9.0073 	INFO 	Loaded monitor calibration from ['2015_12_02 12:18']
9.6497 	EXP 	Created win = Window(allowGUI=False, allowStencil=False, autoLog=True, bitsMode=UNKNOWN, blendMode='avg', color=array([ 128.,  128.,  128.]), colorSpace='rgb255', fullscr=UNKNOWN, gamma=None, lms=UNKNOWN, monitor=<psychopy.monitors.calibTools.Monitor instance at 0xdf0bfd0>, name='win', pos=[0, 0], screen=0, size=array([1920, 1200]), stereo=False, units='deg', useFBO=False, viewOri=0.0, viewPos=None, viewScale=None, waitBlanking=True, winType='pyglet')
9.6510 	EXP 	Created fixCross = ShapeStim(autoDraw=False, autoLog=True, closeShape=False, contrast=1.0, depth=0, fillColor=None, fillColorSpace='rgb', fillRGB=None, interpolate=True, lineColor='#000000', lineColorSpace='hex', lineRGB=array([0, 0, 0]), lineWidth=3.0, name='fixCross', opacity=1.0, ori=array(0.0), pos=array([ 0.,  0.]), size=array([ 1.,  1.]), units='pix', vertices=ndarray(...), win=Window(...))
9.7036 	EXP 	Created topMsg = TextStim(alignHoriz='center', alignVert='center', antialias=True, autoLog=True, bold=False, color='#000000', colorSpace='hex', contrast=1.0, depth=0, flipHoriz=False, flipVert=False, font='', fontFiles=[], height=0.1, italic=False, name='topMsg', opacity=1.0, ori=0.0, pos=array([ 0. ,  0.5]), rgb=array([0, 0, 0]), text=u'aaa', units='norm', win=Window(...), wrapWidth=1.5)
9.7071 	EXP 	Created bottomMsg = TextStim(alignHoriz='center', alignVert='center', antialias=True, autoLog=True, bold=False, color='#000000', colorSpace='hex', contrast=1.0, depth=0, flipHoriz=False, flipVert=False, font='', fontFiles=[], height=0.1, italic=False, name='bottomMsg', opacity=1.0, ori=0.0, pos=array([ 0. , -0.5]), rgb=array([0, 0, 0]), text=u'bbb', units='norm', win=Window(...), wrapWidth=1.5)
9.7366 	EXP 	Created Movie Frame 0 = ImageStim(autoLog=True, color=array([ 1.,  1.,  1.]), colorSpace='rgb', contrast=1.0, depth=0, flipHoriz=False, flipVert=False, image='Images/right_0.png', interpolate=False, mask=None, maskParams=None, name='Movie Frame 0', opacity=1.0, ori=0.0, pos=array([ 0.,  0.]), size=array([ 800.,  500.]), texRes=128, units='pix', win=Window(...))
9.7584 	EXP 	Created Movie Frame 1 = ImageStim(autoLog=True, color=array([ 1.,  1.,  1.]), colorSpace='rgb', contrast=1.0, depth=0, flipHoriz=False, flipVert=False, image='Images/right_1.png', interpolate=False, mask=None, maskParams=None, name='Movie Frame 1', opacity=1.0, ori=0.0, pos=array([ 0.,  0.]), size=array([ 800.,  500.]), texRes=128, units='pix', win=Window(...))
9.7781 	EXP 	Created Movie Frame 2 = ImageStim(autoLog=True, color=array([ 1.,  1.,  1.]), colorSpace='rgb', contrast=1.0, depth=0, flipHoriz=False, flipVert=False, image='Images/right_2.png', interpolate=False, mask=None, maskParams=None, name='Movie Frame 2', opacity=1.0, ori=0.0, pos=array([ 0.,  0.]), size=array([ 800.,  500.]), texRes=128, units='pix', win=Window(...))
9.7998 	EXP 	Created Movie Frame 3 = ImageStim(autoLog=True, color=array([ 1.,  1.,  1.]), colorSpace='rgb', contrast=1.0, depth=0, flipHoriz=False, flipVert=False, image='Images/right_3.png', interpolate=False, mask=None, maskParams=None, name='Movie Frame 3', opacity=1.0, ori=0.0, pos=array([ 0.,  0.]), size=array([ 800.,  500.]), texRes=128, units='pix', win=Window(...))
9.8227 	EXP 	Created Movie Frame 4 = ImageStim(autoLog=True, color=array([ 1.,  1.,  1.]), colorSpace='rgb', contrast=1.0, depth=0, flipHoriz=False, flipVert=False, image='Images/right_4.png', interpolate=False, mask=None, maskParams=None, name='Movie Frame 4', opacity=1.0, ori=0.0, pos=array([ 0.,  0.]), size=array([ 800.,  500.]), texRes=128, units='pix', win=Window(...))
9.8452 	EXP 	Created Movie Frame 5 = ImageStim(autoLog=True, color=array([ 1.,  1.,  1.]), colorSpace='rgb', contrast=1.0, depth=0, flipHoriz=False, flipVert=False, image='Images/right_5.png', interpolate=False, mask=None, maskParams=None, name='Movie Frame 5', opacity=1.0, ori=0.0, pos=array([ 0.,  0.]), size=array([ 800.,  500.]), texRes=128, units='pix', win=Window(...))
9.8652 	EXP 	Created Movie Frame 6 = ImageStim(autoLog=True, color=array([ 1.,  1.,  1.]), colorSpace='rgb', contrast=1.0, depth=0, flipHoriz=False, flipVert=False, image='Images/right_6.png', interpolate=False, mask=None, maskParams=None, name='Movie Frame 6', opacity=1.0, ori=0.0, pos=array([ 0.,  0.]), size=array([ 800.,  500.]), texRes=128, units='pix', win=Window(...))
9.8902 	EXP 	Created Movie Frame 7 = ImageStim(autoLog=True, color=array([ 1.,  1.,  1.]), colorSpace='rgb', contrast=1.0, depth=0, flipHoriz=False, flipVert=False, image='Images/right_7.png', interpolate=False, mask=None, maskParams=None, name='Movie Frame 7', opacity=1.0, ori=0.0, pos=array([ 0.,  0.]), size=array([ 800.,  500.]), texRes=128, units='pix', win=Window(...))
9.9109 	EXP 	Created Movie Frame 8 = ImageStim(autoLog=True, color=array([ 1.,  1.,  1.]), colorSpace='rgb', contrast=1.0, depth=0, flipHoriz=False, flipVert=False, image='Images/right_8.png', interpolate=False, mask=None, maskParams=None, name='Movie Frame 8', opacity=1.0, ori=0.0, pos=array([ 0.,  0.]), size=array([ 800.,  500.]), texRes=128, units='pix', win=Window(...))
9.9320 	EXP 	Created Movie Frame 9 = ImageStim(autoLog=True, color=array([ 1.,  1.,  1.]), colorSpace='rgb', contrast=1.0, depth=0, flipHoriz=False, flipVert=False, image='Images/right_9.png', interpolate=False, mask=None, maskParams=None, name='Movie Frame 9', opacity=1.0, ori=0.0, pos=array([ 0.,  0.]), size=array([ 800.,  500.]), texRes=128, units='pix', win=Window(...))
9.9447 	EXP 	Created unnamed TextStim = TextStim(alignHoriz='center', alignVert='center', antialias=True, autoLog=True, bold=False, color='#000000', colorSpace='hex', contrast=1.0, depth=0, flipHoriz=False, flipVert=False, font='', fontFiles=[], height=40, italic=False, name='unnamed TextStim', opacity=1.0, ori=0.0, pos=array([   0.,  330.]), rgb=array([0, 0, 0]), text=u'Tap along with the video.', units='pix', win=Window(...), wrapWidth=800)
10.0130 	EXP 	topMsg: text = 'You will see a movie of a finger tapping. When it is on the screen, try to use the hand indicated to tap your fingers at the same times as the movie does. When the fixation cross appears, relax and stare at the cross.'
10.0130 	EXP 	bottomMsg: text = 'The experiment will begin sortly'
10.0130 	EXP 	Display Instructions1
10.9737 	DATA 	Keypress: t
10.9960 	EXP 	topMsg: text = "Please don't move..."
10.9960 	EXP 	bottomMsg: text = ''
10.9960 	EXP 	PleaseDontMove
11.4275 	DATA 	Keypress: t
11.4467 	EXP 	Display Fixation
11.4468 	EXP 	---START EXPERIMENT---
11.4622 	EXP 	Display Fixation
11.6276 	DATA 	Keypress: t
11.8034 	DATA 	Keypress: t
11.9714 	DATA 	Keypress: t
12.1393 	DATA 	Keypress: t
12.3153 	DATA 	Keypress: t
12.4753 	DATA 	Keypress: t
12.6433 	DATA 	Keypress: t
12.8114 	DATA 	Keypress: t
12.9873 	DATA 	Keypress: t
13.1633 	DATA 	Keypress: t
13.3393 	DATA 	Keypress: t
13.5232 	DATA 	Keypress: t
13.6913 	DATA 	Keypress: t
13.8512 	DATA 	Keypress: t
14.0191 	DATA 	Keypress: t
14.1872 	DATA 	Keypress: t
14.3552 	DATA 	Keypress: t
14.5153 	DATA 	Keypress: t
14.6833 	DATA 	Keypress: t
14.8431 	DATA 	Keypress: t
14.9628 	EXP 	Display Frame 1
15.0437 	DATA 	Keypress: t
15.0628 	EXP 	Display Frame 2
15.1626 	EXP 	Display Frame 3
15.2437 	DATA 	Keypress: t
15.2632 	EXP 	Display Frame 4
15.3437 	DATA 	Keypress: t
15.3641 	EXP 	Display Frame 5
15.4628 	EXP 	Display Frame 6
15.5437 	DATA 	Keypress: t
15.5636 	EXP 	Display Frame 7
15.6627 	EXP 	Display Frame 8
15.7626 	EXP 	Display Frame 9
15.8633 	EXP 	Display Frame 0
15.9639 	EXP 	Display Frame 1
16.0639 	EXP 	Display Frame 2
16.1641 	EXP 	Display Frame 3
16.2633 	EXP 	Display Frame 4
16.3633 	EXP 	Display Frame 5
16.4629 	EXP 	Display Frame 6
16.5630 	EXP 	Display Frame 7
16.6640 	EXP 	Display Frame 8
16.7639 	EXP 	Display Frame 9
16.8635 	EXP 	Display Frame 0
16.9627 	EXP 	Display Frame 1
17.0630 	EXP 	Display Frame 2
17.1634 	EXP 	Display Frame 3
17.2642 	EXP 	Display Frame 4
17.3640 	EXP 	Display Frame 5
17.4638 	EXP 	Display Frame 6
17.5631 	EXP 	Display Frame 7
17.6641 	EXP 	Display Frame 8
17.7640 	EXP 	Display Frame 9
17.7669 	DATA 	Keypress: escape
17.8137 	EXP 	topMsg: text = "Thank you very much! \n\nThat's the end of this experiment"
17.8137 	EXP 	bottomMsg: text = "Press 'q' or 'escape' to end the session."
17.8137 	EXP 	Display TheEnd
18.6833 	DATA 	Keypress: escape
