3.0860 	INFO 	---START PARAMETERS---
3.0860 	INFO 	filename: LetterOrderTask_d5-sub1-sess1-Apr_18_1657
3.0861 	INFO 	subject: 1
3.0861 	INFO 	session: 1
3.0861 	INFO 	date: Apr_18_1657
3.0861 	INFO 	catchProb: 0.0
3.0861 	INFO 	cueDur: 1.25
3.0861 	INFO 	cues: ['REMEMBER', 'ALPHABETIZE']
3.0861 	INFO 	fixCrossPos: [0, 0]
3.0861 	INFO 	fixCrossSize: 50
3.0861 	INFO 	fullScreen: True
3.0861 	INFO 	letters: ABCDEFGHIJKLMNOPQRSTUVWXYZ
3.0861 	INFO 	maxDelayDur: 11.25
3.0861 	INFO 	maxISI: 20.0
3.0861 	INFO 	minDelayDur: 11.25
3.0861 	INFO 	minISI: 20.0
3.0861 	INFO 	nLetters: 5
3.0861 	INFO 	pauseDur: 1.875
3.0861 	INFO 	promptDir: Prompts/
3.0861 	INFO 	promptFile: LetterOrderPrompts_5button.txt
3.0861 	INFO 	rememberProb: 0.0
3.0861 	INFO 	respKeys: ['1', '2', '3', '4', '6']
3.0861 	INFO 	screenColor: (128, 128, 128)
3.0862 	INFO 	screenToShow: 0
3.0862 	INFO 	sessionDur: 820.0
3.0862 	INFO 	skipPrompts: False
3.0862 	INFO 	stringDur: 3.125
3.0862 	INFO 	tCoolDown: 10.0
3.0862 	INFO 	tStartup: 10.0
3.0862 	INFO 	testDur: 2.5
3.0862 	INFO 	triggerKey: 5
3.0862 	INFO 	---END PARAMETERS---
3.1915 	WARNING 	Movie2 stim could not be imported and won't be available
4.5334 	INFO 	Loaded monitor calibration from ['2015_12_02 12:18']
5.0385 	EXP 	Created win = Window(allowGUI=False, allowStencil=False, autoLog=True, bitsMode=UNKNOWN, blendMode='avg', color=array([ 128.,  128.,  128.]), colorSpace='rgb255', fullscr=UNKNOWN, gamma=None, lms=UNKNOWN, monitor=<psychopy.monitors.calibTools.Monitor instance at 0xfcd5440>, name='win', pos=[0, 0], screen=0, size=array([1280,  800]), stereo=False, units='deg', useFBO=False, viewOri=0.0, viewPos=None, viewScale=None, waitBlanking=True, winType='pyglet')
5.0398 	EXP 	Created fixCross = ShapeStim(autoDraw=False, autoLog=True, closeShape=False, contrast=1.0, depth=0, fillColor=None, fillColorSpace='rgb', fillRGB=None, interpolate=True, lineColor='#000000', lineColorSpace='hex', lineRGB=array([0, 0, 0]), lineWidth=3.0, name='fixCross', opacity=1.0, ori=array(0.0), pos=array([ 0.,  0.]), size=array([ 1.,  1.]), units='pix', vertices=ndarray(...), win=Window(...))
5.0988 	EXP 	Created topMsg = TextStim(alignHoriz='center', alignVert='center', antialias=True, autoLog=True, bold=False, color='#000000', colorSpace='hex', contrast=1.0, depth=0, flipHoriz=False, flipVert=False, font='', fontFiles=[], height=0.1, italic=False, name='topMsg', opacity=1.0, ori=0.0, pos=array([ 0. ,  0.5]), rgb=array([0, 0, 0]), text=u'aaa', units='norm', win=Window(...), wrapWidth=1.5)
5.1026 	EXP 	Created bottomMsg = TextStim(alignHoriz='center', alignVert='center', antialias=True, autoLog=True, bold=False, color='#000000', colorSpace='hex', contrast=1.0, depth=0, flipHoriz=False, flipVert=False, font='', fontFiles=[], height=0.1, italic=False, name='bottomMsg', opacity=1.0, ori=0.0, pos=array([ 0. , -0.5]), rgb=array([0, 0, 0]), text=u'bbb', units='norm', win=Window(...), wrapWidth=1.5)
5.1058 	EXP 	Created mainText = TextStim(alignHoriz='center', alignVert='center', antialias=True, autoLog=True, bold=False, color='#000000', colorSpace='hex', contrast=1.0, depth=0, flipHoriz=False, flipVert=False, font='', fontFiles=[], height=0.1, italic=False, name='mainText', opacity=1.0, ori=0.0, pos=array([ 0.,  0.]), rgb=array([0, 0, 0]), text=u'bbb', units='norm', win=Window(...), wrapWidth=3.5)
5.1690 	EXP 	topMsg: text = 'You will see a cross and letters on the screen. Please look directly at the center of the screen (the spot where the cross appears) throughout the experiment.'
5.1690 	EXP 	bottomMsg: text = 'Press any button to continue.'
5.1690 	EXP 	Display Instructions1
6.5868 	DATA 	Keypress: t
6.6695 	EXP 	topMsg: text = "You will see a string of letters, then instructions indicating what you should do with them. If the instructions say 'REMEMBER', remember them in the order you saw them. If they say 'ALPHABETIZE', alphabetize the letters and and remember them in that order. "
6.6695 	EXP 	bottomMsg: text = 'Press any button to continue.'
6.6695 	EXP 	Display Instructions2
7.4824 	DATA 	Keypress: t
7.5355 	EXP 	topMsg: text = "After a delay period, you will see a letter and question mark (like 'F?'). Press the button corresponding to the position of that letter in the sequence you were remembering. Respond as quickly and accurately as you can. If you're not sure, take your best guess."
7.5355 	EXP 	bottomMsg: text = 'Press any button to continue.'
7.5355 	EXP 	Display Instructions3
8.0285 	DATA 	Keypress: t
8.0695 	EXP 	topMsg: text = "On some trials, you will see a * instead of a letter (like '*?'). This means no response is needed for this trial and you can forget the sequence of letters."
8.0695 	EXP 	bottomMsg: text = 'Press any button to continue.'
8.0695 	EXP 	Display Instructions4
8.5285 	DATA 	Keypress: t
8.5698 	EXP 	topMsg: text = 'If you have any questions, please ask the experimenter now.'
8.5698 	EXP 	bottomMsg: text = 'WHEN YOU ARE READY TO BEGIN, press any button.'
8.5698 	EXP 	Display Instructions5
9.9285 	DATA 	Keypress: t
9.9521 	EXP 	topMsg: text = 'Waiting for scanner to start...'
9.9521 	EXP 	bottomMsg: text = "(Press '5' to override.)"
9.9521 	EXP 	Display WaitingForScanner
12.6912 	DATA 	Keypress: t
13.5284 	DATA 	Keypress: 1
13.9785 	DATA 	Keypress: 2
14.3784 	DATA 	Keypress: 3
14.7783 	DATA 	Keypress: 4
15.2283 	DATA 	Keypress: 5
15.2383 	EXP 	Display fixation
15.2387 	EXP 	---START EXPERIMENT---
15.2391 	EXP 	trial: iTrial = 1, isRemember = 1, delayDur = 11.2, ISI = 20.0, startString = DVRLK, testLetter = V, testLoc = 2, isCatchTrial = 0
25.2374 	EXP 	mainText: text = 'DVRLK'
25.2374 	EXP 	Display string (DVRLK)
28.3716 	EXP 	Display fixation (pause)
30.2374 	EXP 	mainText: text = 'REMEMBER'
30.2374 	EXP 	Display cue (REMEMBER)
31.4883 	EXP 	Display fixation (delay)
42.4163 	DATA 	Mouse: unknownButton button up, pos=(834,251)
42.7390 	EXP 	mainText: text = 'V?'
42.7390 	EXP 	Display test stim (V?)
43.2275 	DATA 	Keypress: q
43.2717 	EXP 	Display fixation (ISI)
43.2717 	EXP 	topMsg: text = "That's the end! Please continue to HOLD AS STILL AS POSSIBLE until the scanner turns off (and even then, try to minimize any head motion between scans). Thank you!"
43.2717 	EXP 	bottomMsg: text = "Press 'q' or 'escape' to end the session."
43.2717 	EXP 	Display TheEnd
44.7290 	DATA 	Keypress: q
