6.8221 	INFO 	---START PARAMETERS---
6.8221 	INFO 	filename: LetterOrderTask_d5-sub1-sess13-May_11_1719
6.8221 	INFO 	subject: 1
6.8221 	INFO 	session: 13
6.8221 	INFO 	date: May_11_1719
6.8221 	INFO 	catchProb: 0.0
6.8221 	INFO 	cueDur: 1.25
6.8221 	INFO 	cues: ['REMEMBER', 'ALPHABETIZE']
6.8221 	INFO 	fixCrossPos: [0, 0]
6.8221 	INFO 	fixCrossSize: 50
6.8221 	INFO 	fullScreen: True
6.8221 	INFO 	letters: ABCDEFGHIJKLMNOPQRSTUVWXYZ
6.8221 	INFO 	maxDelayDur: 11.25
6.8222 	INFO 	maxISI: 20.0
6.8222 	INFO 	minDelayDur: 11.25
6.8222 	INFO 	minISI: 20.0
6.8222 	INFO 	nLetters: 5
6.8222 	INFO 	pauseDur: 1.875
6.8222 	INFO 	promptDir: Prompts/
6.8222 	INFO 	promptFile: LetterOrderPrompts_5button.txt
6.8222 	INFO 	rememberProb: 0.0
6.8222 	INFO 	respKeys: ['1', '2', '3', '4', '6']
6.8222 	INFO 	screenColor: (128, 128, 128)
6.8222 	INFO 	screenToShow: 0
6.8222 	INFO 	sessionDur: 820.0
6.8222 	INFO 	skipPrompts: True
6.8222 	INFO 	stringDur: 3.125
6.8222 	INFO 	tCoolDown: 10.0
6.8222 	INFO 	tStartup: 10.0
6.8222 	INFO 	testDur: 2.5
6.8222 	INFO 	triggerKey: 5
6.8222 	INFO 	---END PARAMETERS---
6.8668 	WARNING 	Movie2 stim could not be imported and won't be available
7.3042 	INFO 	Loaded monitor calibration from ['2015_12_02 12:18']
7.7378 	EXP 	Created win = Window(allowGUI=False, allowStencil=False, autoLog=True, bitsMode=UNKNOWN, blendMode='avg', color=array([ 128.,  128.,  128.]), colorSpace='rgb255', fullscr=UNKNOWN, gamma=None, lms=UNKNOWN, monitor=<psychopy.monitors.calibTools.Monitor instance at 0xfcd6738>, name='win', pos=[0, 0], screen=0, size=array([800, 600]), stereo=False, units='deg', useFBO=False, viewOri=0.0, viewPos=None, viewScale=None, waitBlanking=True, winType='pyglet')
7.7394 	EXP 	Created fixCross = ShapeStim(autoDraw=False, autoLog=True, closeShape=False, contrast=1.0, depth=0, fillColor=None, fillColorSpace='rgb', fillRGB=None, interpolate=True, lineColor='#000000', lineColorSpace='hex', lineRGB=array([0, 0, 0]), lineWidth=3.0, name='fixCross', opacity=1.0, ori=array(0.0), pos=array([ 0.,  0.]), size=array([ 1.,  1.]), units='pix', vertices=ndarray(...), win=Window(...))
7.7810 	EXP 	Created topMsg = TextStim(alignHoriz='center', alignVert='center', antialias=True, autoLog=True, bold=False, color='#000000', colorSpace='hex', contrast=1.0, depth=0, flipHoriz=False, flipVert=False, font='', fontFiles=[], height=0.1, italic=False, name='topMsg', opacity=1.0, ori=0.0, pos=array([ 0. ,  0.5]), rgb=array([0, 0, 0]), text=u'aaa', units='norm', win=Window(...), wrapWidth=1.5)
7.7843 	EXP 	Created bottomMsg = TextStim(alignHoriz='center', alignVert='center', antialias=True, autoLog=True, bold=False, color='#000000', colorSpace='hex', contrast=1.0, depth=0, flipHoriz=False, flipVert=False, font='', fontFiles=[], height=0.1, italic=False, name='bottomMsg', opacity=1.0, ori=0.0, pos=array([ 0. , -0.5]), rgb=array([0, 0, 0]), text=u'bbb', units='norm', win=Window(...), wrapWidth=1.5)
7.7869 	EXP 	Created mainText = TextStim(alignHoriz='center', alignVert='center', antialias=True, autoLog=True, bold=False, color='#000000', colorSpace='hex', contrast=1.0, depth=0, flipHoriz=False, flipVert=False, font='', fontFiles=[], height=0.1, italic=False, name='mainText', opacity=1.0, ori=0.0, pos=array([ 0.,  0.]), rgb=array([0, 0, 0]), text=u'bbb', units='norm', win=Window(...), wrapWidth=3.5)
7.8188 	EXP 	topMsg: text = 'Waiting for scanner to start...'
7.8188 	EXP 	bottomMsg: text = "(Press '5' to override.)"
7.8188 	EXP 	Display WaitingForScanner
59.7130 	DATA 	Keypress: 5
59.7257 	EXP 	Display fixation
59.7261 	EXP 	---START EXPERIMENT---
59.7266 	EXP 	trial: iTrial = 1, isRemember = 1, delayDur = 11.2, ISI = 20.0, startString = GQOJS, testLetter = O, testLoc = 3, isCatchTrial = 0
62.2063 	DATA 	Keypress: 5
64.7063 	DATA 	Keypress: 5
67.2062 	DATA 	Keypress: 5
69.7061 	DATA 	Keypress: 5
69.7221 	EXP 	mainText: text = 'GQOJS'
69.7221 	EXP 	Display string (GQOJS)
72.2066 	DATA 	Keypress: 5
72.8475 	EXP 	Display fixation (pause)
74.7067 	DATA 	Keypress: 5
74.7282 	EXP 	mainText: text = 'REMEMBER'
74.7282 	EXP 	Display cue (REMEMBER)
75.9726 	EXP 	Display fixation (delay)
87.2285 	EXP 	mainText: text = 'O?'
87.2285 	EXP 	Display test stim (O?)
89.0556 	DATA 	Keypress: 2
89.0558 	EXP 	pressed key 2
89.7169 	EXP 	Display fixation (ISI)
108.7138 	EXP 	trial: iTrial = 2, isRemember = 0, delayDur = 11.2, ISI = 20.0, startString = EDJOB, testLetter = B, testLoc = 1, isCatchTrial = 0
109.4051 	DATA 	Keypress: escape
109.4605 	EXP 	mainText: text = 'EDJOB'
109.4605 	EXP 	Display string (EDJOB)
109.4605 	EXP 	topMsg: text = "That's the end! Please continue to HOLD AS STILL AS POSSIBLE until the scanner turns off (and even then, try to minimize any head motion between scans). Thank you!"
109.4605 	EXP 	bottomMsg: text = "Press 'q' or 'escape' to end the session."
109.4605 	EXP 	Display TheEnd
110.4550 	DATA 	Keypress: escape
