4.9011 	INFO 	---START PARAMETERS---
4.9011 	INFO 	filename: LetterOrderTask_d5-sub1-sess17-May_18_1552
4.9011 	INFO 	subject: 1
4.9011 	INFO 	session: 17
4.9011 	INFO 	date: May_18_1552
4.9011 	INFO 	catchProb: 0.0
4.9011 	INFO 	cueDur: 1.25
4.9011 	INFO 	cues: ['REMEMBER', 'ALPHABETIZE']
4.9011 	INFO 	fixCrossPos: [0, 0]
4.9011 	INFO 	fixCrossSize: 50
4.9011 	INFO 	fullScreen: True
4.9011 	INFO 	letters: ABCDEFGHIJKLMNOPQRSTUVWXYZ
4.9011 	INFO 	maxDelayDur: 11.25
4.9011 	INFO 	maxISI: 20.0
4.9011 	INFO 	minDelayDur: 11.25
4.9011 	INFO 	minISI: 20.0
4.9011 	INFO 	nLetters: 5
4.9011 	INFO 	pauseDur: 1.875
4.9011 	INFO 	promptDir: Prompts/
4.9011 	INFO 	promptFile: LetterOrderPrompts_5button.txt
4.9012 	INFO 	rememberProb: 0.0
4.9012 	INFO 	respKeys: ['1', '2', '3', '4', '6']
4.9012 	INFO 	screenColor: (128, 128, 128)
4.9012 	INFO 	screenToShow: 0
4.9012 	INFO 	sessionDur: 820.0
4.9012 	INFO 	skipPrompts: True
4.9012 	INFO 	stringDur: 3.125
4.9012 	INFO 	tCoolDown: 10.0
4.9012 	INFO 	tStartup: 10.0
4.9012 	INFO 	testDur: 2.5
4.9012 	INFO 	triggerKey: 5
4.9012 	INFO 	---END PARAMETERS---
5.0046 	WARNING 	Movie2 stim could not be imported and won't be available
6.0211 	INFO 	Loaded monitor calibration from ['2015_12_02 12:18']
6.4489 	EXP 	Created win = Window(allowGUI=False, allowStencil=False, autoLog=True, bitsMode=UNKNOWN, blendMode='avg', color=array([ 128.,  128.,  128.]), colorSpace='rgb255', fullscr=UNKNOWN, gamma=None, lms=UNKNOWN, monitor=<psychopy.monitors.calibTools.Monitor instance at 0xfd16738>, name='win', pos=[0, 0], screen=0, size=array([800, 600]), stereo=False, units='deg', useFBO=False, viewOri=0.0, viewPos=None, viewScale=None, waitBlanking=True, winType='pyglet')
6.4512 	EXP 	Created fixCross = ShapeStim(autoDraw=False, autoLog=True, closeShape=False, contrast=1.0, depth=0, fillColor=None, fillColorSpace='rgb', fillRGB=None, interpolate=True, lineColor='#000000', lineColorSpace='hex', lineRGB=array([0, 0, 0]), lineWidth=3.0, name='fixCross', opacity=1.0, ori=array(0.0), pos=array([ 0.,  0.]), size=array([ 1.,  1.]), units='pix', vertices=ndarray(...), win=Window(...))
6.5053 	EXP 	Created topMsg = TextStim(alignHoriz='center', alignVert='center', antialias=True, autoLog=True, bold=False, color='#000000', colorSpace='hex', contrast=1.0, depth=0, flipHoriz=False, flipVert=False, font='', fontFiles=[], height=0.1, italic=False, name='topMsg', opacity=1.0, ori=0.0, pos=array([ 0. ,  0.5]), rgb=array([0, 0, 0]), text=u'aaa', units='norm', win=Window(...), wrapWidth=1.5)
6.5086 	EXP 	Created bottomMsg = TextStim(alignHoriz='center', alignVert='center', antialias=True, autoLog=True, bold=False, color='#000000', colorSpace='hex', contrast=1.0, depth=0, flipHoriz=False, flipVert=False, font='', fontFiles=[], height=0.1, italic=False, name='bottomMsg', opacity=1.0, ori=0.0, pos=array([ 0. , -0.5]), rgb=array([0, 0, 0]), text=u'bbb', units='norm', win=Window(...), wrapWidth=1.5)
6.5112 	EXP 	Created mainText = TextStim(alignHoriz='center', alignVert='center', antialias=True, autoLog=True, bold=False, color='#000000', colorSpace='hex', contrast=1.0, depth=0, flipHoriz=False, flipVert=False, font='', fontFiles=[], height=0.1, italic=False, name='mainText', opacity=1.0, ori=0.0, pos=array([ 0.,  0.]), rgb=array([0, 0, 0]), text=u'bbb', units='norm', win=Window(...), wrapWidth=3.5)
6.5460 	EXP 	topMsg: text = 'Waiting for scanner to start...'
6.5460 	EXP 	bottomMsg: text = "(Press '5' to override.)"
6.5460 	EXP 	Display WaitingForScanner
8.7982 	DATA 	Keypress: 5
8.8021 	EXP 	Display fixation
8.8022 	EXP 	---START EXPERIMENT---
8.8024 	EXP 	trial: iTrial = 1, isRemember = 1, delayDur = 11.2, ISI = 20.0, startString = LRKVT, testLetter = V, testLoc = 4, isCatchTrial = 0
9.0207 	DATA 	Keypress: 5
9.2045 	DATA 	Keypress: 5
18.8143 	EXP 	mainText: text = 'LRKVT'
18.8143 	EXP 	Display string (LRKVT)
21.9317 	EXP 	Display fixation (pause)
23.8053 	EXP 	mainText: text = 'REMEMBER'
23.8053 	EXP 	Display cue (REMEMBER)
25.0647 	EXP 	Display fixation (delay)
36.3054 	EXP 	mainText: text = 'V?'
36.3054 	EXP 	Display test stim (V?)
38.8080 	EXP 	Display fixation (ISI)
57.7990 	EXP 	trial: iTrial = 2, isRemember = 0, delayDur = 11.2, ISI = 20.0, startString = OCLTQ, testLetter = Q, testLoc = 4, isCatchTrial = 0
58.8019 	EXP 	mainText: text = 'OCLTQ'
58.8019 	EXP 	Display string (OCLTQ)
61.9348 	EXP 	Display fixation (pause)
63.8034 	EXP 	mainText: text = 'ALPHABETIZE'
63.8034 	EXP 	Display cue (ALPHABETIZE)
65.0516 	EXP 	Display fixation (delay)
76.3042 	EXP 	mainText: text = 'Q?'
76.3042 	EXP 	Display test stim (Q?)
78.8037 	EXP 	Display fixation (ISI)
97.7991 	EXP 	trial: iTrial = 3, isRemember = 0, delayDur = 11.2, ISI = 20.0, startString = XCZIG, testLetter = X, testLoc = 4, isCatchTrial = 0
98.8057 	EXP 	mainText: text = 'XCZIG'
98.8057 	EXP 	Display string (XCZIG)
101.9379 	EXP 	Display fixation (pause)
103.8067 	EXP 	mainText: text = 'ALPHABETIZE'
103.8067 	EXP 	Display cue (ALPHABETIZE)
105.0553 	EXP 	Display fixation (delay)
116.3089 	EXP 	mainText: text = 'X?'
116.3089 	EXP 	Display test stim (X?)
118.8090 	EXP 	Display fixation (ISI)
137.7991 	EXP 	trial: iTrial = 4, isRemember = 0, delayDur = 11.2, ISI = 20.0, startString = UDRVZ, testLetter = Z, testLoc = 5, isCatchTrial = 0
138.8081 	EXP 	mainText: text = 'UDRVZ'
138.8081 	EXP 	Display string (UDRVZ)
141.9281 	EXP 	Display fixation (pause)
143.8110 	EXP 	mainText: text = 'ALPHABETIZE'
143.8110 	EXP 	Display cue (ALPHABETIZE)
145.0589 	EXP 	Display fixation (delay)
156.3132 	EXP 	mainText: text = 'Z?'
156.3132 	EXP 	Display test stim (Z?)
158.8018 	EXP 	Display fixation (ISI)
177.7990 	EXP 	trial: iTrial = 5, isRemember = 1, delayDur = 11.2, ISI = 20.0, startString = AZLBV, testLetter = B, testLoc = 4, isCatchTrial = 0
178.8114 	EXP 	mainText: text = 'AZLBV'
178.8114 	EXP 	Display string (AZLBV)
181.9282 	EXP 	Display fixation (pause)
183.8018 	EXP 	mainText: text = 'REMEMBER'
183.8018 	EXP 	Display cue (REMEMBER)
185.0621 	EXP 	Display fixation (delay)
196.3019 	EXP 	mainText: text = 'B?'
196.3019 	EXP 	Display test stim (B?)
198.8055 	EXP 	Display fixation (ISI)
205.4326 	DATA 	Keypress: escape
205.4846 	EXP 	topMsg: text = "That's the end! Please continue to HOLD AS STILL AS POSSIBLE until the scanner turns off (and even then, try to minimize any head motion between scans). Thank you!"
205.4846 	EXP 	bottomMsg: text = "Press 'q' or 'escape' to end the session."
205.4846 	EXP 	Display TheEnd
207.1324 	DATA 	Keypress: escape
