15.3853 	INFO 	---START PARAMETERS---
15.3853 	INFO 	filename: LetterOrderTask_d5-sub1-sess3-Apr_19_1047
15.3853 	INFO 	subject: 1
15.3853 	INFO 	session: 3
15.3853 	INFO 	date: Apr_19_1047
15.3853 	INFO 	catchProb: 0.0
15.3853 	INFO 	cueDur: 1.25
15.3854 	INFO 	cues: ['REMEMBER', 'ALPHABETIZE']
15.3854 	INFO 	fixCrossPos: [0, 0]
15.3854 	INFO 	fixCrossSize: 50
15.3854 	INFO 	fullScreen: True
15.3854 	INFO 	letters: ABCDEFGHIJKLMNOPQRSTUVWXYZ
15.3854 	INFO 	maxDelayDur: 11.25
15.3854 	INFO 	maxISI: 20.0
15.3854 	INFO 	minDelayDur: 11.25
15.3854 	INFO 	minISI: 20.0
15.3854 	INFO 	nLetters: 5
15.3854 	INFO 	pauseDur: 1.875
15.3854 	INFO 	promptDir: Prompts/
15.3854 	INFO 	promptFile: LetterOrderPrompts_5button.txt
15.3854 	INFO 	rememberProb: 0.0
15.3854 	INFO 	respKeys: ['1', '2', '3', '4', '6']
15.3854 	INFO 	screenColor: (128, 128, 128)
15.3854 	INFO 	screenToShow: 0
15.3854 	INFO 	sessionDur: 820.0
15.3854 	INFO 	skipPrompts: False
15.3854 	INFO 	stringDur: 3.125
15.3854 	INFO 	tCoolDown: 10.0
15.3854 	INFO 	tStartup: 10.0
15.3854 	INFO 	testDur: 2.5
15.3854 	INFO 	triggerKey: 5
15.3854 	INFO 	---END PARAMETERS---
15.4534 	WARNING 	Movie2 stim could not be imported and won't be available
16.2212 	INFO 	Loaded monitor calibration from ['2015_12_02 12:18']
16.8350 	EXP 	Created win = Window(allowGUI=False, allowStencil=False, autoLog=True, bitsMode=UNKNOWN, blendMode='avg', color=array([ 128.,  128.,  128.]), colorSpace='rgb255', fullscr=UNKNOWN, gamma=None, lms=UNKNOWN, monitor=<psychopy.monitors.calibTools.Monitor instance at 0xfb16738>, name='win', pos=[0, 0], screen=0, size=array([1280,  800]), stereo=False, units='deg', useFBO=False, viewOri=0.0, viewPos=None, viewScale=None, waitBlanking=True, winType='pyglet')
16.8372 	EXP 	Created fixCross = ShapeStim(autoDraw=False, autoLog=True, closeShape=False, contrast=1.0, depth=0, fillColor=None, fillColorSpace='rgb', fillRGB=None, interpolate=True, lineColor='#000000', lineColorSpace='hex', lineRGB=array([0, 0, 0]), lineWidth=3.0, name='fixCross', opacity=1.0, ori=array(0.0), pos=array([ 0.,  0.]), size=array([ 1.,  1.]), units='pix', vertices=ndarray(...), win=Window(...))
16.9004 	EXP 	Created topMsg = TextStim(alignHoriz='center', alignVert='center', antialias=True, autoLog=True, bold=False, color='#000000', colorSpace='hex', contrast=1.0, depth=0, flipHoriz=False, flipVert=False, font='', fontFiles=[], height=0.1, italic=False, name='topMsg', opacity=1.0, ori=0.0, pos=array([ 0. ,  0.5]), rgb=array([0, 0, 0]), text=u'aaa', units='norm', win=Window(...), wrapWidth=1.5)
16.9046 	EXP 	Created bottomMsg = TextStim(alignHoriz='center', alignVert='center', antialias=True, autoLog=True, bold=False, color='#000000', colorSpace='hex', contrast=1.0, depth=0, flipHoriz=False, flipVert=False, font='', fontFiles=[], height=0.1, italic=False, name='bottomMsg', opacity=1.0, ori=0.0, pos=array([ 0. , -0.5]), rgb=array([0, 0, 0]), text=u'bbb', units='norm', win=Window(...), wrapWidth=1.5)
16.9100 	EXP 	Created mainText = TextStim(alignHoriz='center', alignVert='center', antialias=True, autoLog=True, bold=False, color='#000000', colorSpace='hex', contrast=1.0, depth=0, flipHoriz=False, flipVert=False, font='', fontFiles=[], height=0.1, italic=False, name='mainText', opacity=1.0, ori=0.0, pos=array([ 0.,  0.]), rgb=array([0, 0, 0]), text=u'bbb', units='norm', win=Window(...), wrapWidth=3.5)
16.9848 	EXP 	topMsg: text = 'You will see a cross and letters on the screen. Please look directly at the center of the screen (the spot where the cross appears) throughout the experiment.'
16.9848 	EXP 	bottomMsg: text = 'Press any button to continue.'
16.9848 	EXP 	Display Instructions1
23.8396 	DATA 	Keypress: return
23.9517 	EXP 	topMsg: text = "You will see a string of letters, then instructions indicating what you should do with them. If the instructions say 'REMEMBER', remember them in the order you saw them. If they say 'ALPHABETIZE', alphabetize the letters and and remember them in that order. "
23.9517 	EXP 	bottomMsg: text = 'Press any button to continue.'
23.9517 	EXP 	Display Instructions2
24.6250 	DATA 	Keypress: return
24.7050 	EXP 	topMsg: text = "After a delay period, you will see a letter and question mark (like 'F?'). Press the button corresponding to the position of that letter in the sequence you were remembering. Respond as quickly and accurately as you can. If you're not sure, take your best guess."
24.7050 	EXP 	bottomMsg: text = 'Press any button to continue.'
24.7050 	EXP 	Display Instructions3
24.9768 	DATA 	Keypress: return
25.0355 	EXP 	topMsg: text = "On some trials, you will see a * instead of a letter (like '*?'). This means no response is needed for this trial and you can forget the sequence of letters."
25.0355 	EXP 	bottomMsg: text = 'Press any button to continue.'
25.0355 	EXP 	Display Instructions4
25.3752 	DATA 	Keypress: return
25.4181 	EXP 	topMsg: text = 'If you have any questions, please ask the experimenter now.'
25.4181 	EXP 	bottomMsg: text = 'WHEN YOU ARE READY TO BEGIN, press any button.'
25.4181 	EXP 	Display Instructions5
26.8751 	DATA 	Keypress: return
26.9048 	EXP 	topMsg: text = 'Waiting for scanner to start...'
26.9048 	EXP 	bottomMsg: text = "(Press '5' to override.)"
26.9048 	EXP 	Display WaitingForScanner
27.9249 	DATA 	Keypress: t
28.9250 	DATA 	Keypress: 5
28.9355 	EXP 	Display fixation
28.9356 	EXP 	---START EXPERIMENT---
28.9359 	EXP 	trial: iTrial = 1, isRemember = 1, delayDur = 11.2, ISI = 20.0, startString = PMSIK, testLetter = S, testLoc = 3, isCatchTrial = 0
38.9360 	EXP 	mainText: text = 'PMSIK'
38.9360 	EXP 	Display string (PMSIK)
42.0552 	EXP 	Display fixation (pause)
43.9365 	EXP 	mainText: text = 'REMEMBER'
43.9365 	EXP 	Display cue (REMEMBER)
45.1878 	EXP 	Display fixation (delay)
56.4381 	EXP 	mainText: text = 'S?'
56.4381 	EXP 	Display test stim (S?)
58.9382 	EXP 	Display fixation (ISI)
77.8869 	DATA 	Keypress: escape
77.9553 	EXP 	topMsg: text = "That's the end! Please continue to HOLD AS STILL AS POSSIBLE until the scanner turns off (and even then, try to minimize any head motion between scans). Thank you!"
77.9553 	EXP 	bottomMsg: text = "Press 'q' or 'escape' to end the session."
77.9553 	EXP 	Display TheEnd
79.2738 	DATA 	Keypress: escape
