2.4069 	INFO 	---START PARAMETERS---
2.4070 	INFO 	filename: LetterOrderTask_d5-sub1-sess22-Dec_11_0919
2.4070 	INFO 	subject: 1
2.4070 	INFO 	session: 22
2.4070 	INFO 	date: Dec_11_0919
2.4070 	INFO 	catchProb: 0.0
2.4070 	INFO 	cueDur: 1.25
2.4070 	INFO 	cues: ['REMEMBER', 'ALPHABETIZE']
2.4070 	INFO 	fixCrossPos: [0, 0]
2.4070 	INFO 	fixCrossSize: 50
2.4070 	INFO 	fullScreen: True
2.4070 	INFO 	letters: ABCDEFGHIJKLMNOPQRSTUVWXYZ
2.4071 	INFO 	maxDelayDur: 11.25
2.4071 	INFO 	maxISI: 20.0
2.4071 	INFO 	minDelayDur: 11.25
2.4071 	INFO 	minISI: 20.0
2.4071 	INFO 	nLetters: 5
2.4071 	INFO 	pauseDur: 1.875
2.4071 	INFO 	promptDir: Prompts/
2.4071 	INFO 	promptFile: LetterOrderPrompts_5button.txt
2.4071 	INFO 	rememberProb: 0.0
2.4071 	INFO 	respKeys: ['1', '2', '3', '4', '6']
2.4071 	INFO 	screenColor: (128, 128, 128)
2.4071 	INFO 	screenToShow: 0
2.4071 	INFO 	sessionDur: 820.0
2.4071 	INFO 	skipPrompts: True
2.4072 	INFO 	stringDur: 3.125
2.4072 	INFO 	tCoolDown: 10.0
2.4072 	INFO 	tStartup: 10.0
2.4072 	INFO 	testDur: 2.5
2.4072 	INFO 	triggerKey: 5
2.4072 	INFO 	---END PARAMETERS---
2.4677 	WARNING 	Movie2 stim could not be imported and won't be available
3.4104 	INFO 	Loaded monitor calibration from ['2015_12_02 12:18']
3.8702 	EXP 	Created win = Window(allowGUI=False, allowStencil=False, autoLog=True, bitsMode=UNKNOWN, blendMode='avg', color=array([ 128.,  128.,  128.]), colorSpace='rgb255', fullscr=UNKNOWN, gamma=None, lms=UNKNOWN, monitor=<psychopy.monitors.calibTools.Monitor instance at 0x13312f58>, name='win', pos=[0, 0], screen=0, size=array([1440,  900]), stereo=False, units='deg', useFBO=False, viewOri=0.0, viewPos=None, viewScale=None, waitBlanking=True, winType='pyglet')
3.8723 	EXP 	Created fixCross = ShapeStim(autoDraw=False, autoLog=True, closeShape=False, contrast=1.0, depth=0, fillColor=None, fillColorSpace='rgb', fillRGB=None, interpolate=True, lineColor='#000000', lineColorSpace='hex', lineRGB=array([0, 0, 0]), lineWidth=3.0, name='fixCross', opacity=1.0, ori=array(0.0), pos=array([ 0.,  0.]), size=array([ 1.,  1.]), units='pix', vertices=ndarray(...), win=Window(...))
3.9162 	EXP 	Created topMsg = TextStim(alignHoriz='center', alignVert='center', antialias=True, autoLog=True, bold=False, color='#000000', colorSpace='hex', contrast=1.0, depth=0, flipHoriz=False, flipVert=False, font='', fontFiles=[], height=0.1, italic=False, name='topMsg', opacity=1.0, ori=0.0, pos=array([ 0. ,  0.5]), rgb=array([0, 0, 0]), text=u'aaa', units='norm', win=Window(...), wrapWidth=1.5)
3.9197 	EXP 	Created bottomMsg = TextStim(alignHoriz='center', alignVert='center', antialias=True, autoLog=True, bold=False, color='#000000', colorSpace='hex', contrast=1.0, depth=0, flipHoriz=False, flipVert=False, font='', fontFiles=[], height=0.1, italic=False, name='bottomMsg', opacity=1.0, ori=0.0, pos=array([ 0. , -0.5]), rgb=array([0, 0, 0]), text=u'bbb', units='norm', win=Window(...), wrapWidth=1.5)
3.9220 	EXP 	Created mainText = TextStim(alignHoriz='center', alignVert='center', antialias=True, autoLog=True, bold=False, color='#000000', colorSpace='hex', contrast=1.0, depth=0, flipHoriz=False, flipVert=False, font='', fontFiles=[], height=0.1, italic=False, name='mainText', opacity=1.0, ori=0.0, pos=array([ 0.,  0.]), rgb=array([0, 0, 0]), text=u'bbb', units='norm', win=Window(...), wrapWidth=3.5)
3.9514 	EXP 	topMsg: text = 'Waiting for scanner to start...'
3.9514 	EXP 	bottomMsg: text = "(Press '5' to override.)"
3.9514 	EXP 	Display WaitingForScanner
4.5944 	DATA 	Keypress: 5
4.6185 	EXP 	Display fixation
4.6186 	EXP 	---START EXPERIMENT---
4.6189 	EXP 	trial: iTrial = 1, isRemember = 1, delayDur = 11.2, ISI = 20.0, startString = BHCTE, testLetter = C, testLoc = 3, isCatchTrial = 0
4.7621 	DATA 	Keypress: 5
4.9142 	DATA 	Keypress: 5
5.0741 	DATA 	Keypress: 5
5.2903 	DATA 	Keypress: 5
5.5542 	DATA 	Keypress: 5
5.6662 	DATA 	Keypress: 5
5.8022 	DATA 	Keypress: 5
6.2182 	DATA 	Keypress: q
6.2689 	EXP 	mainText: text = 'BHCTE'
6.2689 	EXP 	Display string (BHCTE)
6.2689 	EXP 	topMsg: text = "That's the end! Please continue to HOLD AS STILL AS POSSIBLE until the scanner turns off (and even then, try to minimize any head motion between scans). Thank you!"
6.2689 	EXP 	bottomMsg: text = "Press 'q' or 'escape' to end the session."
6.2689 	EXP 	Display TheEnd
7.0182 	DATA 	Keypress: t
7.5782 	DATA 	Keypress: q
