0.9911 	WARNING 	We strongly recommend you activate the PTB sound engine in PsychoPy prefs as the preferred audio engine. Its timing is vastly superior. Your prefs are currently set to use ['sounddevice', 'PTB', 'pyo', 'pygame'] (in that order).
30.5127 	INFO 	---START PARAMETERS---
30.5129 	INFO 	filename: TappingWithTrTiming_Movie_d3.py-1tt-69-Mar_11_1318
30.5129 	INFO 	subject: 1tt
30.5129 	INFO 	session: 69
30.5129 	INFO 	date: Mar_11_1318
30.5129 	INFO 	blockDur_TRs: 2
30.5130 	INFO 	condition: vis
30.5130 	INFO 	fixCrossPos: [0, 0]
30.5130 	INFO 	fixCrossSize: 100
30.5130 	INFO 	fullScreen: True
30.5130 	INFO 	movieFolder: Images/
30.5130 	INFO 	movieSize: (1600, 1000)
30.5130 	INFO 	nBlocks: 68
30.5130 	INFO 	promptDir: Text/
30.5130 	INFO 	restDur_TRs: 2
30.5130 	INFO 	screenColor: (128, 128, 128)
30.5130 	INFO 	screenToShow: 0
30.5130 	INFO 	skipPrompts: False
30.5130 	INFO 	tStartup_TRs: 0
30.5130 	INFO 	textHeight: 40
30.5130 	INFO 	triggerKey: t
30.5130 	INFO 	---END PARAMETERS---
31.5792 	INFO 	Loaded monitor calibration from ['2022_03_25 08:03']
33.6093 	WARNING 	Couldn't measure a consistent frame rate!
  - Is your graphics card set to sync to vertical blank?
  - Are you running other processes on your computer?

33.6112 	EXP 	Created win = Window(allowGUI=False, allowStencil=False, autoLog=True, backendConf=UNKNOWN, bitsMode=UNKNOWN, blendMode='avg', bpc=(8, 8, 8), color=array([128, 128, 128]), colorSpace='rgb255', depthBits=8, fullscr=<method-wrapper '__getattribute__' of attributeSetter object at 0x7fab72c0e970>, gamma=None, gammaErrorPolicy='raise', lms=UNKNOWN, monitor=<psychopy.monitors.calibTools.Monitor object at 0x7fac00a8ab20>, multiSample=False, name='win', numSamples=2, pos=[480.0, 270.0], screen=0, size=array([3840, 2160]), stencilBits=0, stereo=False, units='deg', useFBO=False, useRetina=True, viewOri=0.0, viewPos=None, viewScale=None, waitBlanking=True, winType='pyglet')
33.6118 	EXP 	win: mouseVisible = True
33.6201 	EXP 	Created fixCross = ShapeStim(__class__=<class 'psychopy.visual.shape.ShapeStim'>, anchor=('center', 'center'), autoDraw=False, autoLog=True, closeShape=False, color=method-wrapper(...), colorSpace='rgb', contrast=None, depth=0, fillColor=array([0, 0, 0]), fillColorSpace='rgb', fillRGB=array([0, 0, 0]), interpolate=True, lineColor=array([-1., -1., -1.]), lineColorSpace='rgb', lineRGB=array([-1., -1., -1.]), lineWidth=3.0, name='fixCross', opacity=0.5, ori=0.0, pos=array([0., 0.]), size=array([1., 1.]), units='pix', vertices=ndarray(...), win=Window(...), windingRule=None)
33.6208 	WARNING 	TextStim.alignHoriz is deprecated. Use alignText and anchorHoriz attributes instead
33.6548 	EXP 	Created topMsg = TextStim(__class__=<class 'psychopy.visual.text.TextStim'>, alignHoriz='center', alignText='center', alignVert=method-wrapper(...), anchorHoriz='center', anchorVert='center', antialias=True, autoLog=True, bold=False, color=array([-1., -1., -1.]), colorSpace='rgb', contrast=1.0, depth=0, flipHoriz=False, flipVert=False, font='', fontFiles=[], height=0.1, italic=False, languageStyle='LTR', name='topMsg', opacity=1.0, ori=0.0, pos=array([0. , 0.5]), rgb=UNKNOWN, text='aaa', units='norm', win=Window(...), wrapWidth=1.5)
33.6549 	WARNING 	TextStim.alignHoriz is deprecated. Use alignText and anchorHoriz attributes instead
33.6579 	EXP 	Created bottomMsg = TextStim(__class__=<class 'psychopy.visual.text.TextStim'>, alignHoriz='center', alignText='center', alignVert=method-wrapper(...), anchorHoriz='center', anchorVert='center', antialias=True, autoLog=True, bold=False, color=array([-1., -1., -1.]), colorSpace='rgb', contrast=1.0, depth=0, flipHoriz=False, flipVert=False, font='', fontFiles=[], height=0.1, italic=False, languageStyle='LTR', name='bottomMsg', opacity=1.0, ori=0.0, pos=array([ 0. , -0.5]), rgb=UNKNOWN, text='bbb', units='norm', win=Window(...), wrapWidth=1.5)
33.6817 	EXP 	Created Movie Frame 0 = ImageStim(__class__=<class 'psychopy.visual.image.ImageStim'>, anchor=('center', 'center'), autoLog=True, color=array([1., 1., 1.]), colorSpace='rgb', contrast=1.0, depth=0, flipHoriz=False, flipVert=False, image='Images/visual_0.png', interpolate=False, mask=None, maskParams=None, name='Movie Frame 0', opacity=1, ori=0.0, pos=array([0., 0.]), size=array([1600., 1000.]), texRes=128, units='pix', win=Window(...))
33.6949 	EXP 	Created Movie Frame 1 = ImageStim(__class__=<class 'psychopy.visual.image.ImageStim'>, anchor=('center', 'center'), autoLog=True, color=array([1., 1., 1.]), colorSpace='rgb', contrast=1.0, depth=0, flipHoriz=False, flipVert=False, image='Images/visual_1.png', interpolate=False, mask=None, maskParams=None, name='Movie Frame 1', opacity=1, ori=0.0, pos=array([0., 0.]), size=array([1600., 1000.]), texRes=128, units='pix', win=Window(...))
33.7027 	EXP 	Created unnamed TextStim = TextStim(__class__=<class 'psychopy.visual.text.TextStim'>, alignHoriz=method-wrapper(...), alignText='center', alignVert=method-wrapper(...), anchorHoriz='center', anchorVert='center', antialias=True, autoLog=True, bold=False, color=array([-1., -1., -1.]), colorSpace='rgb', contrast=1.0, depth=0, flipHoriz=False, flipVert=False, font='', fontFiles=[], height=40.0, italic=False, languageStyle='LTR', name='unnamed TextStim', opacity=1.0, ori=0.0, pos=array([  0., 580.]), rgb=UNKNOWN, text='look at the center', units='pix', win=Window(...), wrapWidth=1600)
33.7205 	WARNING 	t of last frame was 112.13ms (=1/8)
33.7205 	EXP 	topMsg: height = 0.1
33.7205 	EXP 	topMsg: height = 0.1
33.7205 	EXP 	topMsg: text = 'You will see a flickering checkerboard. When it is on the screen, try to fixate the center of the checkerboard. When the fixation cross appears, relax and stare at the cross.'
33.7205 	EXP 	bottomMsg: height = 0.1
33.7205 	EXP 	bottomMsg: height = 0.1
33.7205 	EXP 	bottomMsg: text = 'The experiment will begin shortly'
33.7205 	EXP 	Display Instructions1
34.0871 	DATA 	Keypress: space
34.0943 	WARNING 	t of last frame was 373.75ms (=1/2)
34.0943 	EXP 	topMsg: height = 0.1
34.0943 	EXP 	topMsg: height = 0.1
34.0943 	EXP 	topMsg: text = "Please don't move..."
34.0943 	EXP 	bottomMsg: height = 0.1
34.0943 	EXP 	bottomMsg: height = 0.1
34.0943 	EXP 	bottomMsg: text = ''
34.0943 	EXP 	PleaseDontMove
51.0463 	DATA 	Keypress: t
51.0514 	WARNING 	t of last frame was 16957.13ms (=1/0)
51.0514 	EXP 	Display Fixation
51.0516 	EXP 	---START EXPERIMENT---
51.0533 	EXP 	Display Fixation
52.5362 	DATA 	Keypress: t
95.7255 	DATA 	Keypress: t
95.7292 	WARNING 	t of last frame was 44675.86ms (=1/0)
95.8551 	WARNING 	Multiple dropped frames have occurred - I'll stop bothering you about them!
95.8551 	EXP 	Display Frame 1
95.9783 	EXP 	Display Frame 0
96.1031 	EXP 	Display Frame 1
96.2284 	EXP 	Display Frame 0
96.3534 	EXP 	Display Frame 1
96.4783 	EXP 	Display Frame 0
96.6035 	EXP 	Display Frame 1
96.7284 	EXP 	Display Frame 0
96.8532 	EXP 	Display Frame 1
96.9785 	EXP 	Display Frame 0
97.1034 	EXP 	Display Frame 1
97.2276 	DATA 	Keypress: t
97.2302 	EXP 	Display Frame 0
97.3533 	EXP 	Display Frame 1
97.4782 	EXP 	Display Frame 0
97.6034 	EXP 	Display Frame 1
97.7283 	EXP 	Display Frame 0
97.8532 	EXP 	Display Frame 1
97.9782 	EXP 	Display Frame 0
98.1035 	EXP 	Display Frame 1
98.2284 	EXP 	Display Frame 0
98.3532 	EXP 	Display Frame 1
98.4783 	EXP 	Display Frame 0
98.6033 	EXP 	Display Frame 1
98.7282 	EXP 	Display Frame 0
98.8533 	EXP 	Display Frame 1
98.9785 	EXP 	Display Frame 0
99.1032 	EXP 	Display Frame 1
99.2282 	EXP 	Display Frame 0
99.3535 	EXP 	Display Frame 1
99.4784 	EXP 	Display Frame 0
99.6033 	EXP 	Display Frame 1
99.7283 	EXP 	Display Frame 0
99.8534 	EXP 	Display Frame 1
99.9785 	EXP 	Display Frame 0
100.1036 	EXP 	Display Frame 1
100.2284 	EXP 	Display Frame 0
100.3533 	EXP 	Display Frame 1
100.4785 	EXP 	Display Frame 0
100.6036 	EXP 	Display Frame 1
100.7287 	EXP 	Display Frame 0
100.8535 	EXP 	Display Frame 1
100.9783 	EXP 	Display Frame 0
101.1032 	EXP 	Display Frame 1
101.2283 	EXP 	Display Frame 0
101.3535 	EXP 	Display Frame 1
101.4785 	EXP 	Display Frame 0
101.6032 	EXP 	Display Frame 1
101.7285 	EXP 	Display Frame 0
101.8533 	EXP 	Display Frame 1
101.9785 	EXP 	Display Frame 0
102.1035 	EXP 	Display Frame 1
102.2285 	EXP 	Display Frame 0
102.3533 	EXP 	Display Frame 1
102.4786 	EXP 	Display Frame 0
102.6034 	EXP 	Display Frame 1
102.7286 	EXP 	Display Frame 0
102.8531 	EXP 	Display Frame 1
102.9788 	EXP 	Display Frame 0
103.1029 	EXP 	Display Frame 1
103.2283 	EXP 	Display Frame 0
103.3532 	EXP 	Display Frame 1
103.4782 	EXP 	Display Frame 0
103.6033 	EXP 	Display Frame 1
103.7284 	EXP 	Display Frame 0
103.8534 	EXP 	Display Frame 1
103.9784 	EXP 	Display Frame 0
104.1036 	EXP 	Display Frame 1
104.2284 	EXP 	Display Frame 0
104.3533 	EXP 	Display Frame 1
104.4785 	EXP 	Display Frame 0
104.6031 	EXP 	Display Frame 1
104.7283 	EXP 	Display Frame 0
104.8533 	EXP 	Display Frame 1
104.9784 	EXP 	Display Frame 0
105.1032 	EXP 	Display Frame 1
105.2286 	EXP 	Display Frame 0
105.3534 	EXP 	Display Frame 1
105.4783 	EXP 	Display Frame 0
105.6036 	EXP 	Display Frame 1
105.7286 	EXP 	Display Frame 0
105.8534 	EXP 	Display Frame 1
105.9785 	EXP 	Display Frame 0
106.1035 	EXP 	Display Frame 1
106.2284 	EXP 	Display Frame 0
106.3533 	EXP 	Display Frame 1
106.4785 	EXP 	Display Frame 0
106.6035 	EXP 	Display Frame 1
106.7283 	EXP 	Display Frame 0
106.8536 	EXP 	Display Frame 1
106.9784 	EXP 	Display Frame 0
107.1033 	EXP 	Display Frame 1
107.2283 	EXP 	Display Frame 0
107.3534 	EXP 	Display Frame 1
107.4783 	EXP 	Display Frame 0
107.6034 	EXP 	Display Frame 1
107.7284 	EXP 	Display Frame 0
107.8534 	EXP 	Display Frame 1
107.9784 	EXP 	Display Frame 0
108.1036 	EXP 	Display Frame 1
108.2284 	EXP 	Display Frame 0
108.3535 	EXP 	Display Frame 1
108.4784 	EXP 	Display Frame 0
108.6031 	EXP 	Display Frame 1
108.7281 	EXP 	Display Frame 0
108.8533 	EXP 	Display Frame 1
108.9785 	EXP 	Display Frame 0
109.1032 	EXP 	Display Frame 1
109.2282 	EXP 	Display Frame 0
109.3532 	EXP 	Display Frame 1
109.4783 	EXP 	Display Frame 0
109.6033 	EXP 	Display Frame 1
109.7286 	EXP 	Display Frame 0
109.8533 	EXP 	Display Frame 1
109.9786 	EXP 	Display Frame 0
110.1035 	EXP 	Display Frame 1
110.2285 	EXP 	Display Frame 0
110.3533 	EXP 	Display Frame 1
110.4786 	EXP 	Display Frame 0
110.6033 	EXP 	Display Frame 1
110.7283 	EXP 	Display Frame 0
110.8533 	EXP 	Display Frame 1
110.9786 	EXP 	Display Frame 0
111.1030 	EXP 	Display Frame 1
111.2283 	EXP 	Display Frame 0
111.3532 	EXP 	Display Frame 1
111.4783 	EXP 	Display Frame 0
111.6035 	EXP 	Display Frame 1
111.7284 	EXP 	Display Frame 0
111.8533 	EXP 	Display Frame 1
111.9785 	EXP 	Display Frame 0
112.1032 	EXP 	Display Frame 1
112.2283 	EXP 	Display Frame 0
112.3533 	EXP 	Display Frame 1
112.4784 	EXP 	Display Frame 0
112.6034 	EXP 	Display Frame 1
112.7283 	EXP 	Display Frame 0
112.8534 	EXP 	Display Frame 1
112.9784 	EXP 	Display Frame 0
113.1033 	EXP 	Display Frame 1
113.2284 	EXP 	Display Frame 0
113.3533 	EXP 	Display Frame 1
113.4783 	EXP 	Display Frame 0
113.6034 	EXP 	Display Frame 1
113.7284 	EXP 	Display Frame 0
113.8533 	EXP 	Display Frame 1
113.9785 	EXP 	Display Frame 0
114.1029 	EXP 	Display Frame 1
114.2283 	EXP 	Display Frame 0
114.3531 	EXP 	Display Frame 1
114.4782 	EXP 	Display Frame 0
114.6032 	EXP 	Display Frame 1
114.7283 	EXP 	Display Frame 0
114.8534 	EXP 	Display Frame 1
114.9784 	EXP 	Display Frame 0
115.1033 	EXP 	Display Frame 1
115.2281 	EXP 	Display Frame 0
115.3532 	EXP 	Display Frame 1
115.4781 	EXP 	Display Frame 0
115.6034 	EXP 	Display Frame 1
115.7284 	EXP 	Display Frame 0
115.8533 	EXP 	Display Frame 1
115.9785 	EXP 	Display Frame 0
116.1034 	EXP 	Display Frame 1
116.2283 	EXP 	Display Frame 0
116.3535 	EXP 	Display Frame 1
116.4784 	EXP 	Display Frame 0
116.6033 	EXP 	Display Frame 1
116.7283 	EXP 	Display Frame 0
116.8534 	EXP 	Display Frame 1
116.9786 	EXP 	Display Frame 0
117.1033 	EXP 	Display Frame 1
117.2283 	EXP 	Display Frame 0
117.3534 	EXP 	Display Frame 1
117.4786 	EXP 	Display Frame 0
117.6033 	EXP 	Display Frame 1
117.7283 	EXP 	Display Frame 0
117.8533 	EXP 	Display Frame 1
117.9784 	EXP 	Display Frame 0
118.1034 	EXP 	Display Frame 1
118.2283 	EXP 	Display Frame 0
118.3535 	EXP 	Display Frame 1
118.4787 	EXP 	Display Frame 0
118.6033 	EXP 	Display Frame 1
118.7283 	EXP 	Display Frame 0
118.8533 	EXP 	Display Frame 1
118.9789 	EXP 	Display Frame 0
119.1032 	EXP 	Display Frame 1
119.2282 	EXP 	Display Frame 0
119.3533 	EXP 	Display Frame 1
119.4783 	EXP 	Display Frame 0
119.6022 	EXP 	Display Frame 1
119.7281 	EXP 	Display Frame 0
119.8533 	EXP 	Display Frame 1
119.9783 	EXP 	Display Frame 0
120.1037 	EXP 	Display Frame 1
120.2283 	EXP 	Display Frame 0
120.3534 	EXP 	Display Frame 1
120.4784 	EXP 	Display Frame 0
120.6033 	EXP 	Display Frame 1
120.7284 	EXP 	Display Frame 0
120.8535 	EXP 	Display Frame 1
120.9786 	EXP 	Display Frame 0
121.1033 	EXP 	Display Frame 1
121.2284 	EXP 	Display Frame 0
121.3533 	EXP 	Display Frame 1
121.4784 	EXP 	Display Frame 0
121.6035 	EXP 	Display Frame 1
121.7283 	EXP 	Display Frame 0
121.8533 	EXP 	Display Frame 1
121.9785 	EXP 	Display Frame 0
122.1034 	EXP 	Display Frame 1
122.2283 	EXP 	Display Frame 0
122.3534 	EXP 	Display Frame 1
122.4783 	EXP 	Display Frame 0
122.6034 	EXP 	Display Frame 1
122.7284 	EXP 	Display Frame 0
122.8534 	EXP 	Display Frame 1
122.9785 	EXP 	Display Frame 0
123.1033 	EXP 	Display Frame 1
123.2279 	EXP 	Display Frame 0
123.3533 	EXP 	Display Frame 1
123.4786 	EXP 	Display Frame 0
123.6032 	EXP 	Display Frame 1
123.7282 	EXP 	Display Frame 0
123.8535 	EXP 	Display Frame 1
123.9785 	EXP 	Display Frame 0
124.1033 	EXP 	Display Frame 1
124.2286 	EXP 	Display Frame 0
124.3524 	EXP 	Display Frame 1
124.4781 	EXP 	Display Frame 0
124.6034 	EXP 	Display Frame 1
124.7283 	EXP 	Display Frame 0
124.8534 	EXP 	Display Frame 1
124.9783 	EXP 	Display Frame 0
125.1030 	EXP 	Display Frame 1
125.2282 	EXP 	Display Frame 0
125.3531 	EXP 	Display Frame 1
125.4784 	EXP 	Display Frame 0
125.6035 	EXP 	Display Frame 1
125.7283 	EXP 	Display Frame 0
125.8536 	EXP 	Display Frame 1
125.9785 	EXP 	Display Frame 0
126.1033 	EXP 	Display Frame 1
126.2285 	EXP 	Display Frame 0
126.3534 	EXP 	Display Frame 1
126.4783 	EXP 	Display Frame 0
126.6036 	EXP 	Display Frame 1
126.7283 	EXP 	Display Frame 0
126.8533 	EXP 	Display Frame 1
126.9784 	EXP 	Display Frame 0
127.1033 	EXP 	Display Frame 1
127.2283 	EXP 	Display Frame 0
127.3532 	EXP 	Display Frame 1
127.4784 	EXP 	Display Frame 0
127.6033 	EXP 	Display Frame 1
127.7283 	EXP 	Display Frame 0
127.8534 	EXP 	Display Frame 1
127.9784 	EXP 	Display Frame 0
128.1033 	EXP 	Display Frame 1
128.2286 	EXP 	Display Frame 0
128.3534 	EXP 	Display Frame 1
128.4786 	EXP 	Display Frame 0
128.6033 	EXP 	Display Frame 1
128.7284 	EXP 	Display Frame 0
128.8532 	EXP 	Display Frame 1
128.9783 	EXP 	Display Frame 0
129.1032 	EXP 	Display Frame 1
129.2284 	EXP 	Display Frame 0
129.3534 	EXP 	Display Frame 1
129.4784 	EXP 	Display Frame 0
129.6034 	EXP 	Display Frame 1
129.7283 	EXP 	Display Frame 0
129.8534 	EXP 	Display Frame 1
129.9785 	EXP 	Display Frame 0
130.1035 	EXP 	Display Frame 1
130.2284 	EXP 	Display Frame 0
130.3532 	EXP 	Display Frame 1
130.4783 	EXP 	Display Frame 0
130.6031 	EXP 	Display Frame 1
130.7282 	EXP 	Display Frame 0
130.8531 	EXP 	Display Frame 1
130.9781 	EXP 	Display Frame 0
131.1034 	EXP 	Display Frame 1
131.2283 	EXP 	Display Frame 0
131.3532 	EXP 	Display Frame 1
131.4784 	EXP 	Display Frame 0
131.6032 	EXP 	Display Frame 1
131.7285 	EXP 	Display Frame 0
131.8532 	EXP 	Display Frame 1
131.9782 	EXP 	Display Frame 0
132.1032 	EXP 	Display Frame 1
132.2284 	EXP 	Display Frame 0
132.3534 	EXP 	Display Frame 1
132.4784 	EXP 	Display Frame 0
132.6033 	EXP 	Display Frame 1
132.7282 	EXP 	Display Frame 0
132.8533 	EXP 	Display Frame 1
132.9785 	EXP 	Display Frame 0
133.1034 	EXP 	Display Frame 1
133.2283 	EXP 	Display Frame 0
133.3535 	EXP 	Display Frame 1
133.4784 	EXP 	Display Frame 0
133.6034 	EXP 	Display Frame 1
133.7285 	EXP 	Display Frame 0
133.8534 	EXP 	Display Frame 1
133.9783 	EXP 	Display Frame 0
134.1033 	EXP 	Display Frame 1
134.2284 	EXP 	Display Frame 0
134.3534 	EXP 	Display Frame 1
134.4783 	EXP 	Display Frame 0
134.6032 	EXP 	Display Frame 1
134.7282 	EXP 	Display Frame 0
134.8532 	EXP 	Display Frame 1
134.9780 	EXP 	Display Frame 0
135.1033 	EXP 	Display Frame 1
135.2283 	EXP 	Display Frame 0
135.3536 	EXP 	Display Frame 1
135.4782 	EXP 	Display Frame 0
135.6036 	EXP 	Display Frame 1
135.7285 	EXP 	Display Frame 0
135.8536 	EXP 	Display Frame 1
135.9783 	EXP 	Display Frame 0
136.1031 	EXP 	Display Frame 1
136.2282 	EXP 	Display Frame 0
136.3532 	EXP 	Display Frame 1
136.4783 	EXP 	Display Frame 0
136.6034 	EXP 	Display Frame 1
136.7283 	EXP 	Display Frame 0
136.8535 	EXP 	Display Frame 1
136.9784 	EXP 	Display Frame 0
137.1033 	EXP 	Display Frame 1
137.2285 	EXP 	Display Frame 0
137.3534 	EXP 	Display Frame 1
137.4784 	EXP 	Display Frame 0
137.6033 	EXP 	Display Frame 1
137.7284 	EXP 	Display Frame 0
137.8534 	EXP 	Display Frame 1
137.9783 	EXP 	Display Frame 0
138.1035 	EXP 	Display Frame 1
138.2285 	EXP 	Display Frame 0
138.3533 	EXP 	Display Frame 1
138.4785 	EXP 	Display Frame 0
138.6037 	EXP 	Display Frame 1
138.7281 	EXP 	Display Frame 0
138.8533 	EXP 	Display Frame 1
138.9780 	EXP 	Display Frame 0
139.1033 	EXP 	Display Frame 1
139.2282 	EXP 	Display Frame 0
139.3534 	EXP 	Display Frame 1
139.4783 	EXP 	Display Frame 0
139.6034 	EXP 	Display Frame 1
139.7284 	EXP 	Display Frame 0
139.8535 	EXP 	Display Frame 1
139.9784 	EXP 	Display Frame 0
140.1036 	EXP 	Display Frame 1
140.2284 	EXP 	Display Frame 0
140.3533 	EXP 	Display Frame 1
140.4778 	DATA 	Keypress: t
140.4806 	EXP 	Display Frame 0
140.4822 	EXP 	Display Fixation
141.8891 	DATA 	Keypress: t
185.0835 	DATA 	Keypress: t
185.2114 	EXP 	Display Frame 1
185.3363 	EXP 	Display Frame 0
185.4612 	EXP 	Display Frame 1
185.5864 	EXP 	Display Frame 0
185.7104 	EXP 	Display Frame 1
185.8362 	EXP 	Display Frame 0
185.9614 	EXP 	Display Frame 1
186.0863 	EXP 	Display Frame 0
186.2115 	EXP 	Display Frame 1
186.3357 	EXP 	Display Frame 0
186.4613 	EXP 	Display Frame 1
186.5848 	DATA 	Keypress: t
186.5872 	EXP 	Display Frame 0
186.7114 	EXP 	Display Frame 1
186.8361 	EXP 	Display Frame 0
186.9616 	EXP 	Display Frame 1
187.0862 	EXP 	Display Frame 0
187.2113 	EXP 	Display Frame 1
187.3364 	EXP 	Display Frame 0
187.4614 	EXP 	Display Frame 1
187.5864 	EXP 	Display Frame 0
187.7116 	EXP 	Display Frame 1
187.8364 	EXP 	Display Frame 0
187.9614 	EXP 	Display Frame 1
188.0863 	EXP 	Display Frame 0
188.2114 	EXP 	Display Frame 1
188.3364 	EXP 	Display Frame 0
188.4614 	EXP 	Display Frame 1
188.5861 	EXP 	Display Frame 0
188.7112 	EXP 	Display Frame 1
188.8363 	EXP 	Display Frame 0
188.9614 	EXP 	Display Frame 1
189.0864 	EXP 	Display Frame 0
189.2117 	EXP 	Display Frame 1
189.3362 	EXP 	Display Frame 0
189.4614 	EXP 	Display Frame 1
189.5861 	EXP 	Display Frame 0
189.7114 	EXP 	Display Frame 1
189.8362 	EXP 	Display Frame 0
189.9614 	EXP 	Display Frame 1
190.0860 	EXP 	Display Frame 0
190.2112 	EXP 	Display Frame 1
190.3363 	EXP 	Display Frame 0
190.4613 	EXP 	Display Frame 1
190.5864 	EXP 	Display Frame 0
190.7113 	EXP 	Display Frame 1
190.8363 	EXP 	Display Frame 0
190.9614 	EXP 	Display Frame 1
191.0864 	EXP 	Display Frame 0
191.2118 	EXP 	Display Frame 1
191.3362 	EXP 	Display Frame 0
191.4612 	EXP 	Display Frame 1
191.5863 	EXP 	Display Frame 0
191.7114 	EXP 	Display Frame 1
191.8364 	EXP 	Display Frame 0
191.9613 	EXP 	Display Frame 1
192.0863 	EXP 	Display Frame 0
192.2114 	EXP 	Display Frame 1
192.3363 	EXP 	Display Frame 0
192.4615 	EXP 	Display Frame 1
192.5865 	EXP 	Display Frame 0
192.7115 	EXP 	Display Frame 1
192.8363 	EXP 	Display Frame 0
192.9616 	EXP 	Display Frame 1
193.0863 	EXP 	Display Frame 0
193.2114 	EXP 	Display Frame 1
193.3364 	EXP 	Display Frame 0
193.4608 	EXP 	Display Frame 1
193.5862 	EXP 	Display Frame 0
193.7113 	EXP 	Display Frame 1
193.8364 	EXP 	Display Frame 0
193.9613 	EXP 	Display Frame 1
194.0864 	EXP 	Display Frame 0
194.2116 	EXP 	Display Frame 1
194.3363 	EXP 	Display Frame 0
194.4616 	EXP 	Display Frame 1
194.5865 	EXP 	Display Frame 0
194.7118 	EXP 	Display Frame 1
194.8361 	EXP 	Display Frame 0
194.9612 	EXP 	Display Frame 1
195.0863 	EXP 	Display Frame 0
195.2112 	EXP 	Display Frame 1
195.3362 	EXP 	Display Frame 0
195.4612 	EXP 	Display Frame 1
195.5863 	EXP 	Display Frame 0
195.7114 	EXP 	Display Frame 1
195.8363 	EXP 	Display Frame 0
195.9613 	EXP 	Display Frame 1
196.0864 	EXP 	Display Frame 0
196.2115 	EXP 	Display Frame 1
196.3363 	EXP 	Display Frame 0
196.4614 	EXP 	Display Frame 1
196.5859 	EXP 	Display Frame 0
196.7111 	EXP 	Display Frame 1
196.8365 	EXP 	Display Frame 0
196.9614 	EXP 	Display Frame 1
197.0862 	EXP 	Display Frame 0
197.2116 	EXP 	Display Frame 1
197.3364 	EXP 	Display Frame 0
197.4613 	EXP 	Display Frame 1
197.5863 	EXP 	Display Frame 0
197.7114 	EXP 	Display Frame 1
197.8363 	EXP 	Display Frame 0
197.9613 	EXP 	Display Frame 1
198.0864 	EXP 	Display Frame 0
198.2115 	EXP 	Display Frame 1
198.3363 	EXP 	Display Frame 0
198.4615 	EXP 	Display Frame 1
198.5863 	EXP 	Display Frame 0
198.7111 	EXP 	Display Frame 1
198.8363 	EXP 	Display Frame 0
198.9614 	EXP 	Display Frame 1
199.0859 	EXP 	Display Frame 0
199.2114 	EXP 	Display Frame 1
199.3364 	EXP 	Display Frame 0
199.4613 	EXP 	Display Frame 1
199.5864 	EXP 	Display Frame 0
199.7114 	EXP 	Display Frame 1
199.8363 	EXP 	Display Frame 0
199.9612 	EXP 	Display Frame 1
200.0863 	EXP 	Display Frame 0
200.2113 	EXP 	Display Frame 1
200.3361 	EXP 	Display Frame 0
200.4617 	EXP 	Display Frame 1
200.5861 	EXP 	Display Frame 0
200.7111 	EXP 	Display Frame 1
200.8364 	EXP 	Display Frame 0
200.9616 	EXP 	Display Frame 1
201.0863 	EXP 	Display Frame 0
201.2112 	EXP 	Display Frame 1
201.3362 	EXP 	Display Frame 0
201.4613 	EXP 	Display Frame 1
201.5864 	EXP 	Display Frame 0
201.7114 	EXP 	Display Frame 1
201.8363 	EXP 	Display Frame 0
201.9615 	EXP 	Display Frame 1
202.0862 	EXP 	Display Frame 0
202.2114 	EXP 	Display Frame 1
202.3362 	EXP 	Display Frame 0
202.4612 	EXP 	Display Frame 1
202.5863 	EXP 	Display Frame 0
202.7112 	EXP 	Display Frame 1
202.8364 	EXP 	Display Frame 0
202.9613 	EXP 	Display Frame 1
203.0859 	EXP 	Display Frame 0
203.2114 	EXP 	Display Frame 1
203.3364 	EXP 	Display Frame 0
203.4613 	EXP 	Display Frame 1
203.5864 	EXP 	Display Frame 0
203.7114 	EXP 	Display Frame 1
203.8363 	EXP 	Display Frame 0
203.9615 	EXP 	Display Frame 1
204.0864 	EXP 	Display Frame 0
204.2113 	EXP 	Display Frame 1
204.3365 	EXP 	Display Frame 0
204.4614 	EXP 	Display Frame 1
204.5863 	EXP 	Display Frame 0
204.7116 	EXP 	Display Frame 1
204.8364 	EXP 	Display Frame 0
204.9613 	EXP 	Display Frame 1
205.0862 	EXP 	Display Frame 0
205.2112 	EXP 	Display Frame 1
205.3362 	EXP 	Display Frame 0
205.4615 	EXP 	Display Frame 1
205.5864 	EXP 	Display Frame 0
205.7113 	EXP 	Display Frame 1
205.8365 	EXP 	Display Frame 0
205.9614 	EXP 	Display Frame 1
206.0864 	EXP 	Display Frame 0
206.2113 	EXP 	Display Frame 1
206.3365 	EXP 	Display Frame 0
206.4612 	EXP 	Display Frame 1
206.5861 	EXP 	Display Frame 0
206.7113 	EXP 	Display Frame 1
206.8364 	EXP 	Display Frame 0
206.9613 	EXP 	Display Frame 1
207.0863 	EXP 	Display Frame 0
207.2115 	EXP 	Display Frame 1
207.3361 	EXP 	Display Frame 0
207.4613 	EXP 	Display Frame 1
207.5852 	EXP 	Display Frame 0
207.7111 	EXP 	Display Frame 1
207.8363 	EXP 	Display Frame 0
207.9614 	EXP 	Display Frame 1
208.0863 	EXP 	Display Frame 0
208.2115 	EXP 	Display Frame 1
208.3364 	EXP 	Display Frame 0
208.4618 	EXP 	Display Frame 1
208.5859 	EXP 	Display Frame 0
208.7114 	EXP 	Display Frame 1
208.8363 	EXP 	Display Frame 0
208.9613 	EXP 	Display Frame 1
209.0863 	EXP 	Display Frame 0
209.2117 	EXP 	Display Frame 1
209.3360 	EXP 	Display Frame 0
209.4613 	EXP 	Display Frame 1
209.5864 	EXP 	Display Frame 0
209.7112 	EXP 	Display Frame 1
209.8363 	EXP 	Display Frame 0
209.9613 	EXP 	Display Frame 1
210.0863 	EXP 	Display Frame 0
210.2114 	EXP 	Display Frame 1
210.3364 	EXP 	Display Frame 0
210.4613 	EXP 	Display Frame 1
210.5862 	EXP 	Display Frame 0
210.7114 	EXP 	Display Frame 1
210.8363 	EXP 	Display Frame 0
210.9615 	EXP 	Display Frame 1
211.0863 	EXP 	Display Frame 0
211.2112 	EXP 	Display Frame 1
211.3361 	EXP 	Display Frame 0
211.4613 	EXP 	Display Frame 1
211.5862 	EXP 	Display Frame 0
211.7113 	EXP 	Display Frame 1
211.8364 	EXP 	Display Frame 0
211.9615 	EXP 	Display Frame 1
212.0863 	EXP 	Display Frame 0
212.2115 	EXP 	Display Frame 1
212.3364 	EXP 	Display Frame 0
212.4616 	EXP 	Display Frame 1
212.5861 	EXP 	Display Frame 0
212.7112 	EXP 	Display Frame 1
212.8363 	EXP 	Display Frame 0
212.9615 	EXP 	Display Frame 1
213.0862 	EXP 	Display Frame 0
213.2111 	EXP 	Display Frame 1
213.3363 	EXP 	Display Frame 0
213.4620 	EXP 	Display Frame 1
213.5862 	EXP 	Display Frame 0
213.7113 	EXP 	Display Frame 1
213.8364 	EXP 	Display Frame 0
213.9614 	EXP 	Display Frame 1
214.0863 	EXP 	Display Frame 0
214.2116 	EXP 	Display Frame 1
214.3364 	EXP 	Display Frame 0
214.4613 	EXP 	Display Frame 1
214.5862 	EXP 	Display Frame 0
214.7114 	EXP 	Display Frame 1
214.8363 	EXP 	Display Frame 0
214.9613 	EXP 	Display Frame 1
215.0864 	EXP 	Display Frame 0
215.2111 	EXP 	Display Frame 1
215.3361 	EXP 	Display Frame 0
215.4614 	EXP 	Display Frame 1
215.5863 	EXP 	Display Frame 0
215.7113 	EXP 	Display Frame 1
215.8365 	EXP 	Display Frame 0
215.9614 	EXP 	Display Frame 1
216.0863 	EXP 	Display Frame 0
216.2114 	EXP 	Display Frame 1
216.3360 	EXP 	Display Frame 0
216.4614 	EXP 	Display Frame 1
216.5864 	EXP 	Display Frame 0
216.7112 	EXP 	Display Frame 1
216.8363 	EXP 	Display Frame 0
216.9615 	EXP 	Display Frame 1
217.0864 	EXP 	Display Frame 0
217.2113 	EXP 	Display Frame 1
217.3365 	EXP 	Display Frame 0
217.4615 	EXP 	Display Frame 1
217.5863 	EXP 	Display Frame 0
217.7114 	EXP 	Display Frame 1
217.8367 	EXP 	Display Frame 0
217.9611 	EXP 	Display Frame 1
218.0862 	EXP 	Display Frame 0
218.2116 	EXP 	Display Frame 1
218.3365 	EXP 	Display Frame 0
218.4613 	EXP 	Display Frame 1
218.5860 	EXP 	Display Frame 0
218.7112 	EXP 	Display Frame 1
218.8361 	EXP 	Display Frame 0
218.9614 	EXP 	Display Frame 1
219.0866 	EXP 	Display Frame 0
219.2113 	EXP 	Display Frame 1
219.3365 	EXP 	Display Frame 0
219.4615 	EXP 	Display Frame 1
219.5863 	EXP 	Display Frame 0
219.7112 	EXP 	Display Frame 1
219.8364 	EXP 	Display Frame 0
219.9613 	EXP 	Display Frame 1
220.0860 	EXP 	Display Frame 0
220.2112 	EXP 	Display Frame 1
220.3362 	EXP 	Display Frame 0
220.4612 	EXP 	Display Frame 1
220.5864 	EXP 	Display Frame 0
220.7114 	EXP 	Display Frame 1
220.8363 	EXP 	Display Frame 0
220.9614 	EXP 	Display Frame 1
221.0864 	EXP 	Display Frame 0
221.2115 	EXP 	Display Frame 1
221.3362 	EXP 	Display Frame 0
221.4612 	EXP 	Display Frame 1
221.5863 	EXP 	Display Frame 0
221.7116 	EXP 	Display Frame 1
221.8361 	EXP 	Display Frame 0
221.9613 	EXP 	Display Frame 1
222.0862 	EXP 	Display Frame 0
222.2114 	EXP 	Display Frame 1
222.3363 	EXP 	Display Frame 0
222.4612 	EXP 	Display Frame 1
222.5864 	EXP 	Display Frame 0
222.7113 	EXP 	Display Frame 1
222.8363 	EXP 	Display Frame 0
222.9614 	EXP 	Display Frame 1
223.0863 	EXP 	Display Frame 0
223.2115 	EXP 	Display Frame 1
223.3362 	EXP 	Display Frame 0
223.4614 	EXP 	Display Frame 1
223.5863 	EXP 	Display Frame 0
223.7114 	EXP 	Display Frame 1
223.8364 	EXP 	Display Frame 0
223.9613 	EXP 	Display Frame 1
224.0863 	EXP 	Display Frame 0
224.2115 	EXP 	Display Frame 1
224.3361 	EXP 	Display Frame 0
224.4613 	EXP 	Display Frame 1
224.5864 	EXP 	Display Frame 0
224.7118 	EXP 	Display Frame 1
224.8360 	EXP 	Display Frame 0
224.9612 	EXP 	Display Frame 1
225.0863 	EXP 	Display Frame 0
225.2113 	EXP 	Display Frame 1
225.3362 	EXP 	Display Frame 0
225.4613 	EXP 	Display Frame 1
225.5865 	EXP 	Display Frame 0
225.7114 	EXP 	Display Frame 1
225.8363 	EXP 	Display Frame 0
225.9613 	EXP 	Display Frame 1
226.0865 	EXP 	Display Frame 0
226.2115 	EXP 	Display Frame 1
226.3363 	EXP 	Display Frame 0
226.4614 	EXP 	Display Frame 1
226.5864 	EXP 	Display Frame 0
226.7113 	EXP 	Display Frame 1
226.8365 	EXP 	Display Frame 0
226.9613 	EXP 	Display Frame 1
227.0863 	EXP 	Display Frame 0
227.2114 	EXP 	Display Frame 1
227.3362 	EXP 	Display Frame 0
227.4613 	EXP 	Display Frame 1
227.5865 	EXP 	Display Frame 0
227.7114 	EXP 	Display Frame 1
227.8363 	EXP 	Display Frame 0
227.9616 	EXP 	Display Frame 1
228.0865 	EXP 	Display Frame 0
228.2115 	EXP 	Display Frame 1
228.3363 	EXP 	Display Frame 0
228.4615 	EXP 	Display Frame 1
228.5863 	EXP 	Display Frame 0
228.7113 	EXP 	Display Frame 1
228.8364 	EXP 	Display Frame 0
228.9614 	EXP 	Display Frame 1
229.0863 	EXP 	Display Frame 0
229.2116 	EXP 	Display Frame 1
229.3365 	EXP 	Display Frame 0
229.4614 	EXP 	Display Frame 1
229.5863 	EXP 	Display Frame 0
229.7115 	EXP 	Display Frame 1
229.8350 	DATA 	Keypress: t
229.8376 	EXP 	Display Frame 0
229.8391 	EXP 	Display Fixation
231.2482 	DATA 	Keypress: t
274.4419 	DATA 	Keypress: t
274.5711 	EXP 	Display Frame 1
274.6945 	EXP 	Display Frame 0
274.8196 	EXP 	Display Frame 1
274.9449 	EXP 	Display Frame 0
275.0698 	EXP 	Display Frame 1
275.1950 	EXP 	Display Frame 0
275.3197 	EXP 	Display Frame 1
275.4446 	EXP 	Display Frame 0
275.5696 	EXP 	Display Frame 1
275.6947 	EXP 	Display Frame 0
275.8198 	EXP 	Display Frame 1
275.9440 	DATA 	Keypress: t
275.9467 	EXP 	Display Frame 0
276.0695 	EXP 	Display Frame 1
276.1947 	EXP 	Display Frame 0
276.3198 	EXP 	Display Frame 1
276.4449 	EXP 	Display Frame 0
276.5699 	EXP 	Display Frame 1
276.6948 	EXP 	Display Frame 0
276.8197 	EXP 	Display Frame 1
276.9448 	EXP 	Display Frame 0
277.0699 	EXP 	Display Frame 1
277.1947 	EXP 	Display Frame 0
277.3198 	EXP 	Display Frame 1
277.4448 	EXP 	Display Frame 0
277.5695 	EXP 	Display Frame 1
277.6950 	EXP 	Display Frame 0
277.8198 	EXP 	Display Frame 1
277.9448 	EXP 	Display Frame 0
278.0701 	EXP 	Display Frame 1
278.1946 	EXP 	Display Frame 0
278.3195 	EXP 	Display Frame 1
278.4445 	EXP 	Display Frame 0
278.5698 	EXP 	Display Frame 1
278.6949 	EXP 	Display Frame 0
278.8198 	EXP 	Display Frame 1
278.9447 	EXP 	Display Frame 0
279.0698 	EXP 	Display Frame 1
279.1945 	EXP 	Display Frame 0
279.3197 	EXP 	Display Frame 1
279.4446 	EXP 	Display Frame 0
279.5699 	EXP 	Display Frame 1
279.6949 	EXP 	Display Frame 0
279.8198 	EXP 	Display Frame 1
279.9448 	EXP 	Display Frame 0
280.0698 	EXP 	Display Frame 1
280.1948 	EXP 	Display Frame 0
280.3199 	EXP 	Display Frame 1
280.4450 	EXP 	Display Frame 0
280.5698 	EXP 	Display Frame 1
280.6948 	EXP 	Display Frame 0
280.8199 	EXP 	Display Frame 1
280.9444 	EXP 	Display Frame 0
281.0695 	EXP 	Display Frame 1
281.1945 	EXP 	Display Frame 0
281.3197 	EXP 	Display Frame 1
281.4446 	EXP 	Display Frame 0
281.5699 	EXP 	Display Frame 1
281.6945 	EXP 	Display Frame 0
281.8198 	EXP 	Display Frame 1
281.9448 	EXP 	Display Frame 0
282.0699 	EXP 	Display Frame 1
282.1949 	EXP 	Display Frame 0
282.3198 	EXP 	Display Frame 1
282.4449 	EXP 	Display Frame 0
282.5698 	EXP 	Display Frame 1
282.6948 	EXP 	Display Frame 0
282.8198 	EXP 	Display Frame 1
282.9448 	EXP 	Display Frame 0
283.0699 	EXP 	Display Frame 1
283.1947 	EXP 	Display Frame 0
283.3201 	EXP 	Display Frame 1
283.4446 	EXP 	Display Frame 0
283.5695 	EXP 	Display Frame 1
283.6949 	EXP 	Display Frame 0
283.8200 	EXP 	Display Frame 1
283.9446 	EXP 	Display Frame 0
284.0699 	EXP 	Display Frame 1
284.1946 	EXP 	Display Frame 0
284.3197 	EXP 	Display Frame 1
284.4450 	EXP 	Display Frame 0
284.5694 	EXP 	Display Frame 1
284.6945 	EXP 	Display Frame 0
284.8203 	EXP 	Display Frame 1
284.9446 	EXP 	Display Frame 0
285.0694 	EXP 	Display Frame 1
285.1949 	EXP 	Display Frame 0
285.3199 	EXP 	Display Frame 1
285.4448 	EXP 	Display Frame 0
285.5700 	EXP 	Display Frame 1
285.6948 	EXP 	Display Frame 0
285.8196 	EXP 	Display Frame 1
285.9447 	EXP 	Display Frame 0
286.0698 	EXP 	Display Frame 1
286.1948 	EXP 	Display Frame 0
286.3197 	EXP 	Display Frame 1
286.4449 	EXP 	Display Frame 0
286.5698 	EXP 	Display Frame 1
286.6947 	EXP 	Display Frame 0
286.8197 	EXP 	Display Frame 1
286.9448 	EXP 	Display Frame 0
287.0697 	EXP 	Display Frame 1
287.1949 	EXP 	Display Frame 0
287.3198 	EXP 	Display Frame 1
287.4448 	EXP 	Display Frame 0
287.5699 	EXP 	Display Frame 1
287.6948 	EXP 	Display Frame 0
287.8198 	EXP 	Display Frame 1
287.9447 	EXP 	Display Frame 0
288.0699 	EXP 	Display Frame 1
288.1948 	EXP 	Display Frame 0
288.3197 	EXP 	Display Frame 1
288.4449 	EXP 	Display Frame 0
288.5698 	EXP 	Display Frame 1
288.6947 	EXP 	Display Frame 0
288.8199 	EXP 	Display Frame 1
288.9449 	EXP 	Display Frame 0
289.0697 	EXP 	Display Frame 1
289.1947 	EXP 	Display Frame 0
289.3198 	EXP 	Display Frame 1
289.4448 	EXP 	Display Frame 0
289.5699 	EXP 	Display Frame 1
289.6948 	EXP 	Display Frame 0
289.8197 	EXP 	Display Frame 1
289.9449 	EXP 	Display Frame 0
290.0697 	EXP 	Display Frame 1
290.1950 	EXP 	Display Frame 0
290.3197 	EXP 	Display Frame 1
290.4447 	EXP 	Display Frame 0
290.5698 	EXP 	Display Frame 1
290.6947 	EXP 	Display Frame 0
290.8199 	EXP 	Display Frame 1
290.9448 	EXP 	Display Frame 0
291.0697 	EXP 	Display Frame 1
291.1949 	EXP 	Display Frame 0
291.3200 	EXP 	Display Frame 1
291.4446 	EXP 	Display Frame 0
291.5697 	EXP 	Display Frame 1
291.6948 	EXP 	Display Frame 0
291.8198 	EXP 	Display Frame 1
291.9449 	EXP 	Display Frame 0
292.0698 	EXP 	Display Frame 1
292.1947 	EXP 	Display Frame 0
292.3200 	EXP 	Display Frame 1
292.4448 	EXP 	Display Frame 0
292.5698 	EXP 	Display Frame 1
292.6949 	EXP 	Display Frame 0
292.8199 	EXP 	Display Frame 1
292.9449 	EXP 	Display Frame 0
293.0697 	EXP 	Display Frame 1
293.1949 	EXP 	Display Frame 0
293.3198 	EXP 	Display Frame 1
293.4448 	EXP 	Display Frame 0
293.5699 	EXP 	Display Frame 1
293.6948 	EXP 	Display Frame 0
293.8197 	EXP 	Display Frame 1
293.9450 	EXP 	Display Frame 0
294.0698 	EXP 	Display Frame 1
294.1945 	EXP 	Display Frame 0
294.3198 	EXP 	Display Frame 1
294.4449 	EXP 	Display Frame 0
294.5695 	EXP 	Display Frame 1
294.6949 	EXP 	Display Frame 0
294.8198 	EXP 	Display Frame 1
294.9448 	EXP 	Display Frame 0
295.0699 	EXP 	Display Frame 1
295.1948 	EXP 	Display Frame 0
295.3198 	EXP 	Display Frame 1
295.4447 	EXP 	Display Frame 0
295.5696 	EXP 	Display Frame 1
295.6948 	EXP 	Display Frame 0
295.8195 	EXP 	Display Frame 1
295.9449 	EXP 	Display Frame 0
296.0698 	EXP 	Display Frame 1
296.1951 	EXP 	Display Frame 0
296.3199 	EXP 	Display Frame 1
296.4448 	EXP 	Display Frame 0
296.5697 	EXP 	Display Frame 1
296.6950 	EXP 	Display Frame 0
296.8198 	EXP 	Display Frame 1
296.9447 	EXP 	Display Frame 0
297.0699 	EXP 	Display Frame 1
297.1948 	EXP 	Display Frame 0
297.3198 	EXP 	Display Frame 1
297.4450 	EXP 	Display Frame 0
297.5700 	EXP 	Display Frame 1
297.6948 	EXP 	Display Frame 0
297.8197 	EXP 	Display Frame 1
297.9449 	EXP 	Display Frame 0
298.0698 	EXP 	Display Frame 1
298.1947 	EXP 	Display Frame 0
298.3200 	EXP 	Display Frame 1
298.4445 	EXP 	Display Frame 0
298.5698 	EXP 	Display Frame 1
298.6947 	EXP 	Display Frame 0
298.8198 	EXP 	Display Frame 1
298.9447 	EXP 	Display Frame 0
299.0699 	EXP 	Display Frame 1
299.1948 	EXP 	Display Frame 0
299.3197 	EXP 	Display Frame 1
299.4450 	EXP 	Display Frame 0
299.5698 	EXP 	Display Frame 1
299.6948 	EXP 	Display Frame 0
299.8199 	EXP 	Display Frame 1
299.9448 	EXP 	Display Frame 0
300.0698 	EXP 	Display Frame 1
300.1949 	EXP 	Display Frame 0
300.3198 	EXP 	Display Frame 1
300.4450 	EXP 	Display Frame 0
300.5695 	EXP 	Display Frame 1
300.6947 	EXP 	Display Frame 0
300.8198 	EXP 	Display Frame 1
300.9447 	EXP 	Display Frame 0
301.0686 	EXP 	Display Frame 1
301.1946 	EXP 	Display Frame 0
301.3197 	EXP 	Display Frame 1
301.4447 	EXP 	Display Frame 0
301.5698 	EXP 	Display Frame 1
301.6947 	EXP 	Display Frame 0
301.8198 	EXP 	Display Frame 1
301.9448 	EXP 	Display Frame 0
302.0697 	EXP 	Display Frame 1
302.1949 	EXP 	Display Frame 0
302.3197 	EXP 	Display Frame 1
302.4448 	EXP 	Display Frame 0
302.5698 	EXP 	Display Frame 1
302.6948 	EXP 	Display Frame 0
302.8196 	EXP 	Display Frame 1
302.9448 	EXP 	Display Frame 0
303.0698 	EXP 	Display Frame 1
303.1948 	EXP 	Display Frame 0
303.3199 	EXP 	Display Frame 1
303.4447 	EXP 	Display Frame 0
303.5698 	EXP 	Display Frame 1
303.6947 	EXP 	Display Frame 0
303.8199 	EXP 	Display Frame 1
303.9448 	EXP 	Display Frame 0
304.0697 	EXP 	Display Frame 1
304.1947 	EXP 	Display Frame 0
304.3197 	EXP 	Display Frame 1
304.4447 	EXP 	Display Frame 0
304.5699 	EXP 	Display Frame 1
304.6948 	EXP 	Display Frame 0
304.8198 	EXP 	Display Frame 1
304.9449 	EXP 	Display Frame 0
305.0698 	EXP 	Display Frame 1
305.1948 	EXP 	Display Frame 0
305.3197 	EXP 	Display Frame 1
305.4448 	EXP 	Display Frame 0
305.5698 	EXP 	Display Frame 1
305.6947 	EXP 	Display Frame 0
305.8199 	EXP 	Display Frame 1
305.9449 	EXP 	Display Frame 0
306.0697 	EXP 	Display Frame 1
306.1949 	EXP 	Display Frame 0
306.3198 	EXP 	Display Frame 1
306.4447 	EXP 	Display Frame 0
306.5694 	EXP 	Display Frame 1
306.6946 	EXP 	Display Frame 0
306.8196 	EXP 	Display Frame 1
306.9449 	EXP 	Display Frame 0
307.0698 	EXP 	Display Frame 1
307.1947 	EXP 	Display Frame 0
307.3199 	EXP 	Display Frame 1
307.4448 	EXP 	Display Frame 0
307.5698 	EXP 	Display Frame 1
307.6947 	EXP 	Display Frame 0
307.8198 	EXP 	Display Frame 1
307.9448 	EXP 	Display Frame 0
308.0697 	EXP 	Display Frame 1
308.1949 	EXP 	Display Frame 0
308.3198 	EXP 	Display Frame 1
308.4449 	EXP 	Display Frame 0
308.5696 	EXP 	Display Frame 1
308.6946 	EXP 	Display Frame 0
308.8197 	EXP 	Display Frame 1
308.9449 	EXP 	Display Frame 0
309.0698 	EXP 	Display Frame 1
309.1947 	EXP 	Display Frame 0
309.3199 	EXP 	Display Frame 1
309.4448 	EXP 	Display Frame 0
309.5697 	EXP 	Display Frame 1
309.6946 	EXP 	Display Frame 0
309.8198 	EXP 	Display Frame 1
309.9447 	EXP 	Display Frame 0
310.0697 	EXP 	Display Frame 1
310.1948 	EXP 	Display Frame 0
310.3195 	EXP 	Display Frame 1
310.4450 	EXP 	Display Frame 0
310.5698 	EXP 	Display Frame 1
310.6948 	EXP 	Display Frame 0
310.8197 	EXP 	Display Frame 1
310.9449 	EXP 	Display Frame 0
311.0698 	EXP 	Display Frame 1
311.1945 	EXP 	Display Frame 0
311.3198 	EXP 	Display Frame 1
311.4445 	EXP 	Display Frame 0
311.5695 	EXP 	Display Frame 1
311.6947 	EXP 	Display Frame 0
311.8197 	EXP 	Display Frame 1
311.9448 	EXP 	Display Frame 0
312.0694 	EXP 	Display Frame 1
312.1946 	EXP 	Display Frame 0
312.3196 	EXP 	Display Frame 1
312.4447 	EXP 	Display Frame 0
312.5696 	EXP 	Display Frame 1
312.6948 	EXP 	Display Frame 0
312.8198 	EXP 	Display Frame 1
312.9449 	EXP 	Display Frame 0
313.0698 	EXP 	Display Frame 1
313.1947 	EXP 	Display Frame 0
313.3199 	EXP 	Display Frame 1
313.4448 	EXP 	Display Frame 0
313.5697 	EXP 	Display Frame 1
313.6949 	EXP 	Display Frame 0
313.8198 	EXP 	Display Frame 1
313.9447 	EXP 	Display Frame 0
314.0699 	EXP 	Display Frame 1
314.1946 	EXP 	Display Frame 0
314.3197 	EXP 	Display Frame 1
314.4450 	EXP 	Display Frame 0
314.5698 	EXP 	Display Frame 1
314.6948 	EXP 	Display Frame 0
314.8207 	EXP 	Display Frame 1
314.9446 	EXP 	Display Frame 0
315.0696 	EXP 	Display Frame 1
315.1949 	EXP 	Display Frame 0
315.3197 	EXP 	Display Frame 1
315.4443 	EXP 	Display Frame 0
315.5697 	EXP 	Display Frame 1
315.6947 	EXP 	Display Frame 0
315.8196 	EXP 	Display Frame 1
315.9447 	EXP 	Display Frame 0
316.0699 	EXP 	Display Frame 1
316.1948 	EXP 	Display Frame 0
316.3198 	EXP 	Display Frame 1
316.4450 	EXP 	Display Frame 0
316.5698 	EXP 	Display Frame 1
316.6947 	EXP 	Display Frame 0
316.8199 	EXP 	Display Frame 1
316.9448 	EXP 	Display Frame 0
317.0698 	EXP 	Display Frame 1
317.1949 	EXP 	Display Frame 0
317.3198 	EXP 	Display Frame 1
317.4449 	EXP 	Display Frame 0
317.5697 	EXP 	Display Frame 1
317.6949 	EXP 	Display Frame 0
317.8197 	EXP 	Display Frame 1
317.9448 	EXP 	Display Frame 0
318.0699 	EXP 	Display Frame 1
318.1948 	EXP 	Display Frame 0
318.3198 	EXP 	Display Frame 1
318.4449 	EXP 	Display Frame 0
318.5699 	EXP 	Display Frame 1
318.6952 	EXP 	Display Frame 0
318.8198 	EXP 	Display Frame 1
318.9446 	EXP 	Display Frame 0
319.0699 	EXP 	Display Frame 1
319.1941 	DATA 	Keypress: t
319.1970 	EXP 	Display Frame 0
319.1986 	EXP 	Display Fixation
320.6066 	DATA 	Keypress: t
363.8013 	DATA 	Keypress: t
363.9307 	EXP 	Display Frame 1
364.0537 	EXP 	Display Frame 0
364.1791 	EXP 	Display Frame 1
364.3041 	EXP 	Display Frame 0
364.4293 	EXP 	Display Frame 1
364.5540 	EXP 	Display Frame 0
364.6791 	EXP 	Display Frame 1
364.8041 	EXP 	Display Frame 0
364.9294 	EXP 	Display Frame 1
365.0540 	EXP 	Display Frame 0
365.1793 	EXP 	Display Frame 1
365.3036 	DATA 	Keypress: t
365.3061 	EXP 	Display Frame 0
365.4290 	EXP 	Display Frame 1
365.5539 	EXP 	Display Frame 0
365.6787 	EXP 	Display Frame 1
365.8042 	EXP 	Display Frame 0
365.9291 	EXP 	Display Frame 1
366.0543 	EXP 	Display Frame 0
366.1792 	EXP 	Display Frame 1
366.3040 	EXP 	Display Frame 0
366.4293 	EXP 	Display Frame 1
366.5542 	EXP 	Display Frame 0
366.6790 	EXP 	Display Frame 1
366.8043 	EXP 	Display Frame 0
366.9292 	EXP 	Display Frame 1
367.0542 	EXP 	Display Frame 0
367.1786 	EXP 	Display Frame 1
367.3040 	EXP 	Display Frame 0
367.4290 	EXP 	Display Frame 1
367.5539 	EXP 	Display Frame 0
367.6792 	EXP 	Display Frame 1
367.8042 	EXP 	Display Frame 0
367.9292 	EXP 	Display Frame 1
368.0543 	EXP 	Display Frame 0
368.1793 	EXP 	Display Frame 1
368.3041 	EXP 	Display Frame 0
368.4289 	EXP 	Display Frame 1
368.5544 	EXP 	Display Frame 0
368.6788 	EXP 	Display Frame 1
368.8039 	EXP 	Display Frame 0
368.9292 	EXP 	Display Frame 1
369.0543 	EXP 	Display Frame 0
369.1793 	EXP 	Display Frame 1
369.3042 	EXP 	Display Frame 0
369.4291 	EXP 	Display Frame 1
369.5542 	EXP 	Display Frame 0
369.6788 	EXP 	Display Frame 1
369.8040 	EXP 	Display Frame 0
369.9289 	EXP 	Display Frame 1
370.0542 	EXP 	Display Frame 0
370.1792 	EXP 	Display Frame 1
370.3042 	EXP 	Display Frame 0
370.4293 	EXP 	Display Frame 1
370.5542 	EXP 	Display Frame 0
370.6790 	EXP 	Display Frame 1
370.8043 	EXP 	Display Frame 0
370.9293 	EXP 	Display Frame 1
371.0541 	EXP 	Display Frame 0
371.1793 	EXP 	Display Frame 1
371.3040 	EXP 	Display Frame 0
371.4294 	EXP 	Display Frame 1
371.5539 	EXP 	Display Frame 0
371.6789 	EXP 	Display Frame 1
371.8041 	EXP 	Display Frame 0
371.9292 	EXP 	Display Frame 1
372.0542 	EXP 	Display Frame 0
372.1793 	EXP 	Display Frame 1
372.3039 	EXP 	Display Frame 0
372.4290 	EXP 	Display Frame 1
372.5539 	EXP 	Display Frame 0
372.6792 	EXP 	Display Frame 1
372.8041 	EXP 	Display Frame 0
372.9290 	EXP 	Display Frame 1
373.0541 	EXP 	Display Frame 0
373.1794 	EXP 	Display Frame 1
373.3042 	EXP 	Display Frame 0
373.4291 	EXP 	Display Frame 1
373.5541 	EXP 	Display Frame 0
373.6780 	EXP 	Display Frame 1
373.8041 	EXP 	Display Frame 0
373.9291 	EXP 	Display Frame 1
374.0542 	EXP 	Display Frame 0
374.1791 	EXP 	Display Frame 1
374.3041 	EXP 	Display Frame 0
374.4292 	EXP 	Display Frame 1
374.5541 	EXP 	Display Frame 0
374.6781 	EXP 	Display Frame 1
374.8039 	EXP 	Display Frame 0
374.9293 	EXP 	Display Frame 1
375.0539 	EXP 	Display Frame 0
375.1792 	EXP 	Display Frame 1
375.3042 	EXP 	Display Frame 0
375.4293 	EXP 	Display Frame 1
375.5540 	EXP 	Display Frame 0
375.6780 	EXP 	Display Frame 1
375.8044 	EXP 	Display Frame 0
375.9288 	EXP 	Display Frame 1
376.0542 	EXP 	Display Frame 0
376.1791 	EXP 	Display Frame 1
376.3041 	EXP 	Display Frame 0
376.4292 	EXP 	Display Frame 1
376.5546 	EXP 	Display Frame 0
376.6776 	EXP 	Display Frame 1
376.8041 	EXP 	Display Frame 0
376.9291 	EXP 	Display Frame 1
377.0541 	EXP 	Display Frame 0
377.1792 	EXP 	Display Frame 1
377.3042 	EXP 	Display Frame 0
377.4291 	EXP 	Display Frame 1
377.5541 	EXP 	Display Frame 0
377.6779 	EXP 	Display Frame 1
377.8043 	EXP 	Display Frame 0
377.9291 	EXP 	Display Frame 1
378.0542 	EXP 	Display Frame 0
378.1795 	EXP 	Display Frame 1
378.3041 	EXP 	Display Frame 0
378.4290 	EXP 	Display Frame 1
378.5540 	EXP 	Display Frame 0
378.6779 	EXP 	Display Frame 1
378.8042 	EXP 	Display Frame 0
378.9291 	EXP 	Display Frame 1
379.0543 	EXP 	Display Frame 0
379.1791 	EXP 	Display Frame 1
379.3042 	EXP 	Display Frame 0
379.4293 	EXP 	Display Frame 1
379.5540 	EXP 	Display Frame 0
379.6789 	EXP 	Display Frame 1
379.8041 	EXP 	Display Frame 0
379.9292 	EXP 	Display Frame 1
380.0542 	EXP 	Display Frame 0
380.1791 	EXP 	Display Frame 1
380.3043 	EXP 	Display Frame 0
380.4292 	EXP 	Display Frame 1
380.5541 	EXP 	Display Frame 0
380.6793 	EXP 	Display Frame 1
380.8043 	EXP 	Display Frame 0
380.9291 	EXP 	Display Frame 1
381.0541 	EXP 	Display Frame 0
381.1793 	EXP 	Display Frame 1
381.3041 	EXP 	Display Frame 0
381.4297 	EXP 	Display Frame 1
381.5538 	EXP 	Display Frame 0
381.6790 	EXP 	Display Frame 1
381.8043 	EXP 	Display Frame 0
381.9292 	EXP 	Display Frame 1
382.0542 	EXP 	Display Frame 0
382.1791 	EXP 	Display Frame 1
382.3043 	EXP 	Display Frame 0
382.4290 	EXP 	Display Frame 1
382.5541 	EXP 	Display Frame 0
382.6793 	EXP 	Display Frame 1
382.8042 	EXP 	Display Frame 0
382.9291 	EXP 	Display Frame 1
383.0543 	EXP 	Display Frame 0
383.1790 	EXP 	Display Frame 1
383.3041 	EXP 	Display Frame 0
383.4289 	EXP 	Display Frame 1
383.5540 	EXP 	Display Frame 0
383.6794 	EXP 	Display Frame 1
383.8039 	EXP 	Display Frame 0
383.9291 	EXP 	Display Frame 1
384.0542 	EXP 	Display Frame 0
384.1794 	EXP 	Display Frame 1
384.3042 	EXP 	Display Frame 0
384.4292 	EXP 	Display Frame 1
384.5539 	EXP 	Display Frame 0
384.6792 	EXP 	Display Frame 1
384.8042 	EXP 	Display Frame 0
384.9291 	EXP 	Display Frame 1
385.0543 	EXP 	Display Frame 0
385.1792 	EXP 	Display Frame 1
385.3041 	EXP 	Display Frame 0
385.4292 	EXP 	Display Frame 1
385.5542 	EXP 	Display Frame 0
385.6792 	EXP 	Display Frame 1
385.8044 	EXP 	Display Frame 0
385.9292 	EXP 	Display Frame 1
386.0541 	EXP 	Display Frame 0
386.1794 	EXP 	Display Frame 1
386.3042 	EXP 	Display Frame 0
386.4297 	EXP 	Display Frame 1
386.5546 	EXP 	Display Frame 0
386.6790 	EXP 	Display Frame 1
386.8040 	EXP 	Display Frame 0
386.9291 	EXP 	Display Frame 1
387.0542 	EXP 	Display Frame 0
387.1792 	EXP 	Display Frame 1
387.3046 	EXP 	Display Frame 0
387.4289 	EXP 	Display Frame 1
387.5542 	EXP 	Display Frame 0
387.6791 	EXP 	Display Frame 1
387.8043 	EXP 	Display Frame 0
387.9292 	EXP 	Display Frame 1
388.0542 	EXP 	Display Frame 0
388.1794 	EXP 	Display Frame 1
388.3042 	EXP 	Display Frame 0
388.4292 	EXP 	Display Frame 1
388.5544 	EXP 	Display Frame 0
388.6790 	EXP 	Display Frame 1
388.8040 	EXP 	Display Frame 0
388.9291 	EXP 	Display Frame 1
389.0540 	EXP 	Display Frame 0
389.1792 	EXP 	Display Frame 1
389.3041 	EXP 	Display Frame 0
389.4292 	EXP 	Display Frame 1
389.5548 	EXP 	Display Frame 0
389.6789 	EXP 	Display Frame 1
389.8041 	EXP 	Display Frame 0
389.9292 	EXP 	Display Frame 1
390.0541 	EXP 	Display Frame 0
390.1793 	EXP 	Display Frame 1
390.3042 	EXP 	Display Frame 0
390.4291 	EXP 	Display Frame 1
390.5541 	EXP 	Display Frame 0
390.6792 	EXP 	Display Frame 1
390.8042 	EXP 	Display Frame 0
390.9290 	EXP 	Display Frame 1
391.0542 	EXP 	Display Frame 0
391.1791 	EXP 	Display Frame 1
391.3041 	EXP 	Display Frame 0
391.4292 	EXP 	Display Frame 1
391.5541 	EXP 	Display Frame 0
391.6789 	EXP 	Display Frame 1
391.8041 	EXP 	Display Frame 0
391.9292 	EXP 	Display Frame 1
392.0541 	EXP 	Display Frame 0
392.1794 	EXP 	Display Frame 1
392.3043 	EXP 	Display Frame 0
392.4291 	EXP 	Display Frame 1
392.5542 	EXP 	Display Frame 0
392.6793 	EXP 	Display Frame 1
392.8041 	EXP 	Display Frame 0
392.9289 	EXP 	Display Frame 1
393.0540 	EXP 	Display Frame 0
393.1789 	EXP 	Display Frame 1
393.3041 	EXP 	Display Frame 0
393.4293 	EXP 	Display Frame 1
393.5541 	EXP 	Display Frame 0
393.6791 	EXP 	Display Frame 1
393.8042 	EXP 	Display Frame 0
393.9293 	EXP 	Display Frame 1
394.0539 	EXP 	Display Frame 0
394.1792 	EXP 	Display Frame 1
394.3042 	EXP 	Display Frame 0
394.4292 	EXP 	Display Frame 1
394.5539 	EXP 	Display Frame 0
394.6792 	EXP 	Display Frame 1
394.8040 	EXP 	Display Frame 0
394.9292 	EXP 	Display Frame 1
395.0542 	EXP 	Display Frame 0
395.1792 	EXP 	Display Frame 1
395.3043 	EXP 	Display Frame 0
395.4291 	EXP 	Display Frame 1
395.5543 	EXP 	Display Frame 0
395.6792 	EXP 	Display Frame 1
395.8042 	EXP 	Display Frame 0
395.9286 	EXP 	Display Frame 1
396.0543 	EXP 	Display Frame 0
396.1792 	EXP 	Display Frame 1
396.3041 	EXP 	Display Frame 0
396.4291 	EXP 	Display Frame 1
396.5542 	EXP 	Display Frame 0
396.6792 	EXP 	Display Frame 1
396.8039 	EXP 	Display Frame 0
396.9290 	EXP 	Display Frame 1
397.0540 	EXP 	Display Frame 0
397.1791 	EXP 	Display Frame 1
397.3044 	EXP 	Display Frame 0
397.4281 	EXP 	Display Frame 1
397.5541 	EXP 	Display Frame 0
397.6794 	EXP 	Display Frame 1
397.8042 	EXP 	Display Frame 0
397.9291 	EXP 	Display Frame 1
398.0540 	EXP 	Display Frame 0
398.1792 	EXP 	Display Frame 1
398.3042 	EXP 	Display Frame 0
398.4291 	EXP 	Display Frame 1
398.5542 	EXP 	Display Frame 0
398.6794 	EXP 	Display Frame 1
398.8039 	EXP 	Display Frame 0
398.9292 	EXP 	Display Frame 1
399.0542 	EXP 	Display Frame 0
399.1791 	EXP 	Display Frame 1
399.3043 	EXP 	Display Frame 0
399.4294 	EXP 	Display Frame 1
399.5539 	EXP 	Display Frame 0
399.6790 	EXP 	Display Frame 1
399.8042 	EXP 	Display Frame 0
399.9291 	EXP 	Display Frame 1
400.0541 	EXP 	Display Frame 0
400.1795 	EXP 	Display Frame 1
400.3039 	EXP 	Display Frame 0
400.4291 	EXP 	Display Frame 1
400.5542 	EXP 	Display Frame 0
400.6791 	EXP 	Display Frame 1
400.8042 	EXP 	Display Frame 0
400.9292 	EXP 	Display Frame 1
401.0541 	EXP 	Display Frame 0
401.1791 	EXP 	Display Frame 1
401.3042 	EXP 	Display Frame 0
401.4291 	EXP 	Display Frame 1
401.5543 	EXP 	Display Frame 0
401.6790 	EXP 	Display Frame 1
401.8039 	EXP 	Display Frame 0
401.9291 	EXP 	Display Frame 1
402.0543 	EXP 	Display Frame 0
402.1792 	EXP 	Display Frame 1
402.3042 	EXP 	Display Frame 0
402.4293 	EXP 	Display Frame 1
402.5542 	EXP 	Display Frame 0
402.6789 	EXP 	Display Frame 1
402.8041 	EXP 	Display Frame 0
402.9291 	EXP 	Display Frame 1
403.0541 	EXP 	Display Frame 0
403.1791 	EXP 	Display Frame 1
403.3041 	EXP 	Display Frame 0
403.4293 	EXP 	Display Frame 1
403.5542 	EXP 	Display Frame 0
403.6790 	EXP 	Display Frame 1
403.8039 	EXP 	Display Frame 0
403.9293 	EXP 	Display Frame 1
404.0542 	EXP 	Display Frame 0
404.1792 	EXP 	Display Frame 1
404.3041 	EXP 	Display Frame 0
404.4293 	EXP 	Display Frame 1
404.5542 	EXP 	Display Frame 0
404.6792 	EXP 	Display Frame 1
404.8040 	EXP 	Display Frame 0
404.9290 	EXP 	Display Frame 1
405.0540 	EXP 	Display Frame 0
405.1793 	EXP 	Display Frame 1
405.3040 	EXP 	Display Frame 0
405.4292 	EXP 	Display Frame 1
405.5540 	EXP 	Display Frame 0
405.6797 	EXP 	Display Frame 1
405.8040 	EXP 	Display Frame 0
405.9291 	EXP 	Display Frame 1
406.0541 	EXP 	Display Frame 0
406.1792 	EXP 	Display Frame 1
406.3041 	EXP 	Display Frame 0
406.4292 	EXP 	Display Frame 1
406.5542 	EXP 	Display Frame 0
406.6792 	EXP 	Display Frame 1
406.8042 	EXP 	Display Frame 0
406.9292 	EXP 	Display Frame 1
407.0542 	EXP 	Display Frame 0
407.1794 	EXP 	Display Frame 1
407.3043 	EXP 	Display Frame 0
407.4291 	EXP 	Display Frame 1
407.5543 	EXP 	Display Frame 0
407.6790 	EXP 	Display Frame 1
407.8041 	EXP 	Display Frame 0
407.9294 	EXP 	Display Frame 1
408.0542 	EXP 	Display Frame 0
408.1791 	EXP 	Display Frame 1
408.3041 	EXP 	Display Frame 0
408.4293 	EXP 	Display Frame 1
408.5534 	DATA 	Keypress: t
408.5564 	EXP 	Display Frame 0
408.5581 	EXP 	Display Fixation
409.9649 	DATA 	Keypress: t
453.1595 	DATA 	Keypress: t
453.2885 	EXP 	Display Frame 1
453.4120 	EXP 	Display Frame 0
453.5372 	EXP 	Display Frame 1
453.6622 	EXP 	Display Frame 0
453.7874 	EXP 	Display Frame 1
453.9123 	EXP 	Display Frame 0
454.0372 	EXP 	Display Frame 1
454.1624 	EXP 	Display Frame 0
454.2873 	EXP 	Display Frame 1
454.4125 	EXP 	Display Frame 0
454.5374 	EXP 	Display Frame 1
454.6615 	DATA 	Keypress: t
454.6639 	EXP 	Display Frame 0
454.7870 	EXP 	Display Frame 1
454.9122 	EXP 	Display Frame 0
455.0361 	EXP 	Display Frame 1
455.1631 	EXP 	Display Frame 0
455.2872 	EXP 	Display Frame 1
455.4122 	EXP 	Display Frame 0
455.5373 	EXP 	Display Frame 1
455.6624 	EXP 	Display Frame 0
455.7872 	EXP 	Display Frame 1
455.9121 	EXP 	Display Frame 0
456.0372 	EXP 	Display Frame 1
456.1624 	EXP 	Display Frame 0
456.2873 	EXP 	Display Frame 1
456.4122 	EXP 	Display Frame 0
456.5374 	EXP 	Display Frame 1
456.6623 	EXP 	Display Frame 0
456.7872 	EXP 	Display Frame 1
456.9124 	EXP 	Display Frame 0
457.0371 	EXP 	Display Frame 1
457.1622 	EXP 	Display Frame 0
457.2874 	EXP 	Display Frame 1
457.4123 	EXP 	Display Frame 0
457.5373 	EXP 	Display Frame 1
457.6624 	EXP 	Display Frame 0
457.7870 	EXP 	Display Frame 1
457.9123 	EXP 	Display Frame 0
458.0374 	EXP 	Display Frame 1
458.1624 	EXP 	Display Frame 0
458.2873 	EXP 	Display Frame 1
458.4125 	EXP 	Display Frame 0
458.5377 	EXP 	Display Frame 1
458.6619 	EXP 	Display Frame 0
458.7871 	EXP 	Display Frame 1
458.9124 	EXP 	Display Frame 0
459.0374 	EXP 	Display Frame 1
459.1626 	EXP 	Display Frame 0
459.2874 	EXP 	Display Frame 1
459.4124 	EXP 	Display Frame 0
459.5373 	EXP 	Display Frame 1
459.6624 	EXP 	Display Frame 0
459.7871 	EXP 	Display Frame 1
459.9123 	EXP 	Display Frame 0
460.0374 	EXP 	Display Frame 1
460.1624 	EXP 	Display Frame 0
460.2873 	EXP 	Display Frame 1
460.4124 	EXP 	Display Frame 0
460.5372 	EXP 	Display Frame 1
460.6624 	EXP 	Display Frame 0
460.7873 	EXP 	Display Frame 1
460.9121 	EXP 	Display Frame 0
461.0373 	EXP 	Display Frame 1
461.1624 	EXP 	Display Frame 0
461.2874 	EXP 	Display Frame 1
461.4123 	EXP 	Display Frame 0
461.5374 	EXP 	Display Frame 1
461.6621 	EXP 	Display Frame 0
461.7877 	EXP 	Display Frame 1
461.9121 	EXP 	Display Frame 0
462.0372 	EXP 	Display Frame 1
462.1624 	EXP 	Display Frame 0
462.2872 	EXP 	Display Frame 1
462.4124 	EXP 	Display Frame 0
462.5372 	EXP 	Display Frame 1
462.6629 	EXP 	Display Frame 0
462.7874 	EXP 	Display Frame 1
462.9124 	EXP 	Display Frame 0
463.0373 	EXP 	Display Frame 1
463.1625 	EXP 	Display Frame 0
463.2874 	EXP 	Display Frame 1
463.4123 	EXP 	Display Frame 0
463.5373 	EXP 	Display Frame 1
463.6622 	EXP 	Display Frame 0
463.7871 	EXP 	Display Frame 1
463.9123 	EXP 	Display Frame 0
464.0374 	EXP 	Display Frame 1
464.1623 	EXP 	Display Frame 0
464.2873 	EXP 	Display Frame 1
464.4124 	EXP 	Display Frame 0
464.5375 	EXP 	Display Frame 1
464.6623 	EXP 	Display Frame 0
464.7874 	EXP 	Display Frame 1
464.9127 	EXP 	Display Frame 0
465.0370 	EXP 	Display Frame 1
465.1623 	EXP 	Display Frame 0
465.2872 	EXP 	Display Frame 1
465.4123 	EXP 	Display Frame 0
465.5375 	EXP 	Display Frame 1
465.6624 	EXP 	Display Frame 0
465.7872 	EXP 	Display Frame 1
465.9125 	EXP 	Display Frame 0
466.0370 	EXP 	Display Frame 1
466.1623 	EXP 	Display Frame 0
466.2873 	EXP 	Display Frame 1
466.4123 	EXP 	Display Frame 0
466.5373 	EXP 	Display Frame 1
466.6623 	EXP 	Display Frame 0
466.7870 	EXP 	Display Frame 1
466.9122 	EXP 	Display Frame 0
467.0371 	EXP 	Display Frame 1
467.1624 	EXP 	Display Frame 0
467.2874 	EXP 	Display Frame 1
467.4123 	EXP 	Display Frame 0
467.5377 	EXP 	Display Frame 1
467.6622 	EXP 	Display Frame 0
467.7871 	EXP 	Display Frame 1
467.9126 	EXP 	Display Frame 0
468.0374 	EXP 	Display Frame 1
468.1624 	EXP 	Display Frame 0
468.2872 	EXP 	Display Frame 1
468.4122 	EXP 	Display Frame 0
468.5365 	EXP 	Display Frame 1
468.6622 	EXP 	Display Frame 0
468.7874 	EXP 	Display Frame 1
468.9136 	EXP 	Display Frame 0
469.0362 	EXP 	Display Frame 1
469.1621 	EXP 	Display Frame 0
469.2874 	EXP 	Display Frame 1
469.4123 	EXP 	Display Frame 0
469.5376 	EXP 	Display Frame 1
469.6624 	EXP 	Display Frame 0
469.7872 	EXP 	Display Frame 1
469.9126 	EXP 	Display Frame 0
470.0376 	EXP 	Display Frame 1
470.1661 	EXP 	Display Frame 0
470.2873 	EXP 	Display Frame 1
470.4122 	EXP 	Display Frame 0
470.5375 	EXP 	Display Frame 1
470.6624 	EXP 	Display Frame 0
470.7875 	EXP 	Display Frame 1
470.9127 	EXP 	Display Frame 0
471.0373 	EXP 	Display Frame 1
471.1623 	EXP 	Display Frame 0
471.2863 	EXP 	Display Frame 1
471.4123 	EXP 	Display Frame 0
471.5361 	EXP 	Display Frame 1
471.6625 	EXP 	Display Frame 0
471.7869 	EXP 	Display Frame 1
471.9112 	EXP 	Display Frame 0
472.0376 	EXP 	Display Frame 1
472.1623 	EXP 	Display Frame 0
472.2874 	EXP 	Display Frame 1
472.4115 	EXP 	Display Frame 0
472.5374 	EXP 	Display Frame 1
472.6629 	EXP 	Display Frame 0
472.7874 	EXP 	Display Frame 1
472.9123 	EXP 	Display Frame 0
473.0375 	EXP 	Display Frame 1
473.1622 	EXP 	Display Frame 0
473.2872 	EXP 	Display Frame 1
473.4113 	EXP 	Display Frame 0
473.5360 	EXP 	Display Frame 1
473.6624 	EXP 	Display Frame 0
473.7874 	EXP 	Display Frame 1
473.9126 	EXP 	Display Frame 0
474.0374 	EXP 	Display Frame 1
474.1669 	EXP 	Display Frame 0
474.2873 	EXP 	Display Frame 1
474.4122 	EXP 	Display Frame 0
474.5375 	EXP 	Display Frame 1
474.6616 	EXP 	Display Frame 0
474.7872 	EXP 	Display Frame 1
474.9113 	EXP 	Display Frame 0
475.0371 	EXP 	Display Frame 1
475.1622 	EXP 	Display Frame 0
475.2873 	EXP 	Display Frame 1
475.4127 	EXP 	Display Frame 0
475.5373 	EXP 	Display Frame 1
475.6622 	EXP 	Display Frame 0
475.7874 	EXP 	Display Frame 1
475.9123 	EXP 	Display Frame 0
476.0374 	EXP 	Display Frame 1
476.1625 	EXP 	Display Frame 0
476.2874 	EXP 	Display Frame 1
476.4125 	EXP 	Display Frame 0
476.5376 	EXP 	Display Frame 1
476.6624 	EXP 	Display Frame 0
476.7873 	EXP 	Display Frame 1
476.9115 	EXP 	Display Frame 0
477.0361 	EXP 	Display Frame 1
477.1630 	EXP 	Display Frame 0
477.2871 	EXP 	Display Frame 1
477.4123 	EXP 	Display Frame 0
477.5375 	EXP 	Display Frame 1
477.6623 	EXP 	Display Frame 0
477.7869 	EXP 	Display Frame 1
477.9125 	EXP 	Display Frame 0
478.0364 	EXP 	Display Frame 1
478.1624 	EXP 	Display Frame 0
478.2873 	EXP 	Display Frame 1
478.4123 	EXP 	Display Frame 0
478.5381 	EXP 	Display Frame 1
478.6622 	EXP 	Display Frame 0
478.7871 	EXP 	Display Frame 1
478.9126 	EXP 	Display Frame 0
479.0375 	EXP 	Display Frame 1
479.1616 	EXP 	Display Frame 0
479.2873 	EXP 	Display Frame 1
479.4126 	EXP 	Display Frame 0
479.5375 	EXP 	Display Frame 1
479.6614 	EXP 	Display Frame 0
479.7874 	EXP 	Display Frame 1
479.9124 	EXP 	Display Frame 0
480.0374 	EXP 	Display Frame 1
480.1624 	EXP 	Display Frame 0
480.2874 	EXP 	Display Frame 1
480.4123 	EXP 	Display Frame 0
480.5376 	EXP 	Display Frame 1
480.6624 	EXP 	Display Frame 0
480.7873 	EXP 	Display Frame 1
480.9126 	EXP 	Display Frame 0
481.0376 	EXP 	Display Frame 1
481.1623 	EXP 	Display Frame 0
481.2872 	EXP 	Display Frame 1
481.4111 	EXP 	Display Frame 0
481.5374 	EXP 	Display Frame 1
481.6627 	EXP 	Display Frame 0
481.7861 	EXP 	Display Frame 1
481.9125 	EXP 	Display Frame 0
482.0374 	EXP 	Display Frame 1
482.1624 	EXP 	Display Frame 0
482.2874 	EXP 	Display Frame 1
482.4123 	EXP 	Display Frame 0
482.5362 	EXP 	Display Frame 1
482.6624 	EXP 	Display Frame 0
482.7861 	EXP 	Display Frame 1
482.9125 	EXP 	Display Frame 0
483.0365 	EXP 	Display Frame 1
483.1621 	EXP 	Display Frame 0
483.2871 	EXP 	Display Frame 1
483.4126 	EXP 	Display Frame 0
483.5378 	EXP 	Display Frame 1
483.6613 	EXP 	Display Frame 0
483.7861 	EXP 	Display Frame 1
483.9114 	EXP 	Display Frame 0
484.0371 	EXP 	Display Frame 1
484.1612 	EXP 	Display Frame 0
484.2874 	EXP 	Display Frame 1
484.4123 	EXP 	Display Frame 0
484.5376 	EXP 	Display Frame 1
484.6629 	EXP 	Display Frame 0
484.7863 	EXP 	Display Frame 1
484.9125 	EXP 	Display Frame 0
485.0374 	EXP 	Display Frame 1
485.1623 	EXP 	Display Frame 0
485.2875 	EXP 	Display Frame 1
485.4114 	EXP 	Display Frame 0
485.5373 	EXP 	Display Frame 1
485.6622 	EXP 	Display Frame 0
485.7860 	EXP 	Display Frame 1
485.9124 	EXP 	Display Frame 0
486.0372 	EXP 	Display Frame 1
486.1624 	EXP 	Display Frame 0
486.2873 	EXP 	Display Frame 1
486.4113 	EXP 	Display Frame 0
486.5378 	EXP 	Display Frame 1
486.6622 	EXP 	Display Frame 0
486.7862 	EXP 	Display Frame 1
486.9124 	EXP 	Display Frame 0
487.0363 	EXP 	Display Frame 1
487.1623 	EXP 	Display Frame 0
487.2875 	EXP 	Display Frame 1
487.4124 	EXP 	Display Frame 0
487.5365 	EXP 	Display Frame 1
487.6625 	EXP 	Display Frame 0
487.7869 	EXP 	Display Frame 1
487.9123 	EXP 	Display Frame 0
488.0364 	EXP 	Display Frame 1
488.1624 	EXP 	Display Frame 0
488.2871 	EXP 	Display Frame 1
488.4121 	EXP 	Display Frame 0
488.5375 	EXP 	Display Frame 1
488.6624 	EXP 	Display Frame 0
488.7875 	EXP 	Display Frame 1
488.9126 	EXP 	Display Frame 0
489.0376 	EXP 	Display Frame 1
489.1623 	EXP 	Display Frame 0
489.2874 	EXP 	Display Frame 1
489.4125 	EXP 	Display Frame 0
489.5374 	EXP 	Display Frame 1
489.6626 	EXP 	Display Frame 0
489.7872 	EXP 	Display Frame 1
489.9121 	EXP 	Display Frame 0
490.0373 	EXP 	Display Frame 1
490.1624 	EXP 	Display Frame 0
490.2873 	EXP 	Display Frame 1
490.4126 	EXP 	Display Frame 0
490.5372 	EXP 	Display Frame 1
490.6625 	EXP 	Display Frame 0
490.7872 	EXP 	Display Frame 1
490.9125 	EXP 	Display Frame 0
491.0374 	EXP 	Display Frame 1
491.1625 	EXP 	Display Frame 0
491.2874 	EXP 	Display Frame 1
491.4113 	EXP 	Display Frame 0
491.5376 	EXP 	Display Frame 1
491.6627 	EXP 	Display Frame 0
491.7871 	EXP 	Display Frame 1
491.9121 	EXP 	Display Frame 0
492.0376 	EXP 	Display Frame 1
492.1614 	EXP 	Display Frame 0
492.2873 	EXP 	Display Frame 1
492.4112 	EXP 	Display Frame 0
492.5372 	EXP 	Display Frame 1
492.6621 	EXP 	Display Frame 0
492.7870 	EXP 	Display Frame 1
492.9124 	EXP 	Display Frame 0
493.0368 	EXP 	Display Frame 1
493.1623 	EXP 	Display Frame 0
493.2872 	EXP 	Display Frame 1
493.4121 	EXP 	Display Frame 0
493.5364 	EXP 	Display Frame 1
493.6648 	EXP 	Display Frame 0
493.7871 	EXP 	Display Frame 1
493.9123 	EXP 	Display Frame 0
494.0363 	EXP 	Display Frame 1
494.1622 	EXP 	Display Frame 0
494.2874 	EXP 	Display Frame 1
494.4112 	EXP 	Display Frame 0
494.5374 	EXP 	Display Frame 1
494.6625 	EXP 	Display Frame 0
494.7864 	EXP 	Display Frame 1
494.9129 	EXP 	Display Frame 0
495.0370 	EXP 	Display Frame 1
495.1625 	EXP 	Display Frame 0
495.2875 	EXP 	Display Frame 1
495.4113 	EXP 	Display Frame 0
495.5375 	EXP 	Display Frame 1
495.6630 	EXP 	Display Frame 0
495.7873 	EXP 	Display Frame 1
495.9110 	EXP 	Display Frame 0
496.0374 	EXP 	Display Frame 1
496.1623 	EXP 	Display Frame 0
496.2871 	EXP 	Display Frame 1
496.4124 	EXP 	Display Frame 0
496.5364 	EXP 	Display Frame 1
496.6623 	EXP 	Display Frame 0
496.7876 	EXP 	Display Frame 1
496.9127 	EXP 	Display Frame 0
497.0361 	EXP 	Display Frame 1
497.1620 	EXP 	Display Frame 0
497.2876 	EXP 	Display Frame 1
497.4112 	EXP 	Display Frame 0
497.5373 	EXP 	Display Frame 1
497.6625 	EXP 	Display Frame 0
497.7872 	EXP 	Display Frame 1
497.9117 	DATA 	Keypress: t
497.9145 	EXP 	Display Frame 0
497.9163 	EXP 	Display Fixation
499.3247 	DATA 	Keypress: t
542.5175 	DATA 	Keypress: t
542.6471 	EXP 	Display Frame 1
542.7705 	EXP 	Display Frame 0
542.8955 	EXP 	Display Frame 1
543.0204 	EXP 	Display Frame 0
543.1458 	EXP 	Display Frame 1
543.2705 	EXP 	Display Frame 0
543.3953 	EXP 	Display Frame 1
543.5203 	EXP 	Display Frame 0
543.6450 	EXP 	Display Frame 1
543.7700 	EXP 	Display Frame 0
543.8951 	EXP 	Display Frame 1
544.0192 	DATA 	Keypress: t
544.0218 	EXP 	Display Frame 0
544.1455 	EXP 	Display Frame 1
544.2699 	EXP 	Display Frame 0
544.3953 	EXP 	Display Frame 1
544.5200 	EXP 	Display Frame 0
544.6442 	EXP 	Display Frame 1
544.7701 	EXP 	Display Frame 0
544.8952 	EXP 	Display Frame 1
545.0204 	EXP 	Display Frame 0
545.1443 	EXP 	Display Frame 1
545.2701 	EXP 	Display Frame 0
545.3953 	EXP 	Display Frame 1
545.5202 	EXP 	Display Frame 0
545.6451 	EXP 	Display Frame 1
545.7696 	EXP 	Display Frame 0
545.8951 	EXP 	Display Frame 1
546.0200 	EXP 	Display Frame 0
546.1451 	EXP 	Display Frame 1
546.2701 	EXP 	Display Frame 0
546.3976 	EXP 	Display Frame 1
546.5202 	EXP 	Display Frame 0
546.6458 	EXP 	Display Frame 1
546.7701 	EXP 	Display Frame 0
546.8947 	EXP 	Display Frame 1
547.0204 	EXP 	Display Frame 0
547.1442 	EXP 	Display Frame 1
547.2706 	EXP 	Display Frame 0
547.3956 	EXP 	Display Frame 1
547.5202 	EXP 	Display Frame 0
547.6452 	EXP 	Display Frame 1
547.7703 	EXP 	Display Frame 0
547.8951 	EXP 	Display Frame 1
548.0201 	EXP 	Display Frame 0
548.1453 	EXP 	Display Frame 1
548.2699 	EXP 	Display Frame 0
548.3952 	EXP 	Display Frame 1
548.5201 	EXP 	Display Frame 0
548.6446 	EXP 	Display Frame 1
548.7702 	EXP 	Display Frame 0
548.8957 	EXP 	Display Frame 1
549.0201 	EXP 	Display Frame 0
549.1444 	EXP 	Display Frame 1
549.2701 	EXP 	Display Frame 0
549.3953 	EXP 	Display Frame 1
549.5200 	EXP 	Display Frame 0
549.6452 	EXP 	Display Frame 1
549.7700 	EXP 	Display Frame 0
549.8951 	EXP 	Display Frame 1
550.0202 	EXP 	Display Frame 0
550.1456 	EXP 	Display Frame 1
550.2701 	EXP 	Display Frame 0
550.3952 	EXP 	Display Frame 1
550.5199 	EXP 	Display Frame 0
550.6448 	EXP 	Display Frame 1
550.7701 	EXP 	Display Frame 0
550.8953 	EXP 	Display Frame 1
551.0201 	EXP 	Display Frame 0
551.1453 	EXP 	Display Frame 1
551.2704 	EXP 	Display Frame 0
551.3985 	EXP 	Display Frame 1
551.5201 	EXP 	Display Frame 0
551.6452 	EXP 	Display Frame 1
551.7706 	EXP 	Display Frame 0
551.8953 	EXP 	Display Frame 1
552.0204 	EXP 	Display Frame 0
552.1443 	EXP 	Display Frame 1
552.2706 	EXP 	Display Frame 0
552.3950 	EXP 	Display Frame 1
552.5195 	EXP 	Display Frame 0
552.6452 	EXP 	Display Frame 1
552.7702 	EXP 	Display Frame 0
552.8954 	EXP 	Display Frame 1
553.0192 	EXP 	Display Frame 0
553.1455 	EXP 	Display Frame 1
553.2699 	EXP 	Display Frame 0
553.3952 	EXP 	Display Frame 1
553.5200 	EXP 	Display Frame 0
553.6443 	EXP 	Display Frame 1
553.7705 	EXP 	Display Frame 0
553.8951 	EXP 	Display Frame 1
554.0204 	EXP 	Display Frame 0
554.1451 	EXP 	Display Frame 1
554.2706 	EXP 	Display Frame 0
554.3953 	EXP 	Display Frame 1
554.5201 	EXP 	Display Frame 0
554.6456 	EXP 	Display Frame 1
554.7692 	EXP 	Display Frame 0
554.8954 	EXP 	Display Frame 1
555.0203 	EXP 	Display Frame 0
555.1458 	EXP 	Display Frame 1
555.2695 	EXP 	Display Frame 0
555.3958 	EXP 	Display Frame 1
555.5206 	EXP 	Display Frame 0
555.6457 	EXP 	Display Frame 1
555.7707 	EXP 	Display Frame 0
555.8952 	EXP 	Display Frame 1
556.0201 	EXP 	Display Frame 0
556.1453 	EXP 	Display Frame 1
556.2703 	EXP 	Display Frame 0
556.3967 	EXP 	Display Frame 1
556.5199 	EXP 	Display Frame 0
556.6450 	EXP 	Display Frame 1
556.7702 	EXP 	Display Frame 0
556.8956 	EXP 	Display Frame 1
557.0201 	EXP 	Display Frame 0
557.1443 	EXP 	Display Frame 1
557.2699 	EXP 	Display Frame 0
557.3951 	EXP 	Display Frame 1
557.5194 	EXP 	Display Frame 0
557.6449 	EXP 	Display Frame 1
557.7703 	EXP 	Display Frame 0
557.8950 	EXP 	Display Frame 1
558.0203 	EXP 	Display Frame 0
558.1451 	EXP 	Display Frame 1
558.2702 	EXP 	Display Frame 0
558.3954 	EXP 	Display Frame 1
558.5203 	EXP 	Display Frame 0
558.6442 	EXP 	Display Frame 1
558.7702 	EXP 	Display Frame 0
558.8949 	EXP 	Display Frame 1
559.0203 	EXP 	Display Frame 0
559.1452 	EXP 	Display Frame 1
559.2692 	EXP 	Display Frame 0
559.3952 	EXP 	Display Frame 1
559.5202 	EXP 	Display Frame 0
559.6456 	EXP 	Display Frame 1
559.7695 	EXP 	Display Frame 0
559.8956 	EXP 	Display Frame 1
560.0205 	EXP 	Display Frame 0
560.1453 	EXP 	Display Frame 1
560.2701 	EXP 	Display Frame 0
560.3951 	EXP 	Display Frame 1
560.5200 	EXP 	Display Frame 0
560.6442 	EXP 	Display Frame 1
560.7703 	EXP 	Display Frame 0
560.8953 	EXP 	Display Frame 1
561.0202 	EXP 	Display Frame 0
561.1449 	EXP 	Display Frame 1
561.2699 	EXP 	Display Frame 0
561.3952 	EXP 	Display Frame 1
561.5198 	EXP 	Display Frame 0
561.6452 	EXP 	Display Frame 1
561.7701 	EXP 	Display Frame 0
561.8950 	EXP 	Display Frame 1
562.0203 	EXP 	Display Frame 0
562.1451 	EXP 	Display Frame 1
562.2700 	EXP 	Display Frame 0
562.3954 	EXP 	Display Frame 1
562.5202 	EXP 	Display Frame 0
562.6450 	EXP 	Display Frame 1
562.7701 	EXP 	Display Frame 0
562.8949 	EXP 	Display Frame 1
563.0202 	EXP 	Display Frame 0
563.1451 	EXP 	Display Frame 1
563.2699 	EXP 	Display Frame 0
563.3944 	EXP 	Display Frame 1
563.5203 	EXP 	Display Frame 0
563.6449 	EXP 	Display Frame 1
563.7702 	EXP 	Display Frame 0
563.8950 	EXP 	Display Frame 1
564.0203 	EXP 	Display Frame 0
564.1445 	EXP 	Display Frame 1
564.2706 	EXP 	Display Frame 0
564.3954 	EXP 	Display Frame 1
564.5208 	EXP 	Display Frame 0
564.6452 	EXP 	Display Frame 1
564.7701 	EXP 	Display Frame 0
564.8955 	EXP 	Display Frame 1
565.0202 	EXP 	Display Frame 0
565.1451 	EXP 	Display Frame 1
565.2703 	EXP 	Display Frame 0
565.3968 	EXP 	Display Frame 1
565.5199 	EXP 	Display Frame 0
565.6443 	EXP 	Display Frame 1
565.7702 	EXP 	Display Frame 0
565.8954 	EXP 	Display Frame 1
566.0204 	EXP 	Display Frame 0
566.1452 	EXP 	Display Frame 1
566.2700 	EXP 	Display Frame 0
566.3950 	EXP 	Display Frame 1
566.5196 	EXP 	Display Frame 0
566.6454 	EXP 	Display Frame 1
566.7703 	EXP 	Display Frame 0
566.8952 	EXP 	Display Frame 1
567.0202 	EXP 	Display Frame 0
567.1451 	EXP 	Display Frame 1
567.2707 	EXP 	Display Frame 0
567.3955 	EXP 	Display Frame 1
567.5203 	EXP 	Display Frame 0
567.6445 	EXP 	Display Frame 1
567.7703 	EXP 	Display Frame 0
567.8953 	EXP 	Display Frame 1
568.0203 	EXP 	Display Frame 0
568.1452 	EXP 	Display Frame 1
568.2700 	EXP 	Display Frame 0
568.3953 	EXP 	Display Frame 1
568.5203 	EXP 	Display Frame 0
568.6445 	EXP 	Display Frame 1
568.7708 	EXP 	Display Frame 0
568.8952 	EXP 	Display Frame 1
569.0200 	EXP 	Display Frame 0
569.1456 	EXP 	Display Frame 1
569.2695 	EXP 	Display Frame 0
569.3954 	EXP 	Display Frame 1
569.5203 	EXP 	Display Frame 0
569.6455 	EXP 	Display Frame 1
569.7703 	EXP 	Display Frame 0
569.8953 	EXP 	Display Frame 1
570.0205 	EXP 	Display Frame 0
570.1454 	EXP 	Display Frame 1
570.2704 	EXP 	Display Frame 0
570.3953 	EXP 	Display Frame 1
570.5205 	EXP 	Display Frame 0
570.6454 	EXP 	Display Frame 1
570.7701 	EXP 	Display Frame 0
570.8952 	EXP 	Display Frame 1
571.0202 	EXP 	Display Frame 0
571.1453 	EXP 	Display Frame 1
571.2705 	EXP 	Display Frame 0
571.3954 	EXP 	Display Frame 1
571.5203 	EXP 	Display Frame 0
571.6455 	EXP 	Display Frame 1
571.7709 	EXP 	Display Frame 0
571.8949 	EXP 	Display Frame 1
572.0203 	EXP 	Display Frame 0
572.1452 	EXP 	Display Frame 1
572.2703 	EXP 	Display Frame 0
572.3955 	EXP 	Display Frame 1
572.5204 	EXP 	Display Frame 0
572.6453 	EXP 	Display Frame 1
572.7703 	EXP 	Display Frame 0
572.8954 	EXP 	Display Frame 1
573.0204 	EXP 	Display Frame 0
573.1455 	EXP 	Display Frame 1
573.2704 	EXP 	Display Frame 0
573.3954 	EXP 	Display Frame 1
573.5205 	EXP 	Display Frame 0
573.6454 	EXP 	Display Frame 1
573.7702 	EXP 	Display Frame 0
573.8957 	EXP 	Display Frame 1
574.0203 	EXP 	Display Frame 0
574.1452 	EXP 	Display Frame 1
574.2703 	EXP 	Display Frame 0
574.3955 	EXP 	Display Frame 1
574.5204 	EXP 	Display Frame 0
574.6453 	EXP 	Display Frame 1
574.7705 	EXP 	Display Frame 0
574.8954 	EXP 	Display Frame 1
575.0203 	EXP 	Display Frame 0
575.1455 	EXP 	Display Frame 1
575.2704 	EXP 	Display Frame 0
575.3954 	EXP 	Display Frame 1
575.5203 	EXP 	Display Frame 0
575.6454 	EXP 	Display Frame 1
575.7704 	EXP 	Display Frame 0
575.8953 	EXP 	Display Frame 1
576.0194 	EXP 	Display Frame 0
576.1454 	EXP 	Display Frame 1
576.2701 	EXP 	Display Frame 0
576.3953 	EXP 	Display Frame 1
576.5204 	EXP 	Display Frame 0
576.6453 	EXP 	Display Frame 1
576.7705 	EXP 	Display Frame 0
576.8954 	EXP 	Display Frame 1
577.0203 	EXP 	Display Frame 0
577.1455 	EXP 	Display Frame 1
577.2704 	EXP 	Display Frame 0
577.3955 	EXP 	Display Frame 1
577.5203 	EXP 	Display Frame 0
577.6456 	EXP 	Display Frame 1
577.7703 	EXP 	Display Frame 0
577.8955 	EXP 	Display Frame 1
578.0203 	EXP 	Display Frame 0
578.1455 	EXP 	Display Frame 1
578.2703 	EXP 	Display Frame 0
578.3955 	EXP 	Display Frame 1
578.5203 	EXP 	Display Frame 0
578.6455 	EXP 	Display Frame 1
578.7705 	EXP 	Display Frame 0
578.8955 	EXP 	Display Frame 1
579.0202 	EXP 	Display Frame 0
579.1455 	EXP 	Display Frame 1
579.2704 	EXP 	Display Frame 0
579.3953 	EXP 	Display Frame 1
579.5205 	EXP 	Display Frame 0
579.6455 	EXP 	Display Frame 1
579.7705 	EXP 	Display Frame 0
579.8954 	EXP 	Display Frame 1
580.0204 	EXP 	Display Frame 0
580.1456 	EXP 	Display Frame 1
580.2705 	EXP 	Display Frame 0
580.3954 	EXP 	Display Frame 1
580.5203 	EXP 	Display Frame 0
580.6455 	EXP 	Display Frame 1
580.7704 	EXP 	Display Frame 0
580.8953 	EXP 	Display Frame 1
581.0203 	EXP 	Display Frame 0
581.1454 	EXP 	Display Frame 1
581.2704 	EXP 	Display Frame 0
581.3953 	EXP 	Display Frame 1
581.5203 	EXP 	Display Frame 0
581.6444 	EXP 	Display Frame 1
581.7703 	EXP 	Display Frame 0
581.8952 	EXP 	Display Frame 1
582.0202 	EXP 	Display Frame 0
582.1451 	EXP 	Display Frame 1
582.2705 	EXP 	Display Frame 0
582.3953 	EXP 	Display Frame 1
582.5203 	EXP 	Display Frame 0
582.6453 	EXP 	Display Frame 1
582.7704 	EXP 	Display Frame 0
582.8953 	EXP 	Display Frame 1
583.0203 	EXP 	Display Frame 0
583.1455 	EXP 	Display Frame 1
583.2704 	EXP 	Display Frame 0
583.3953 	EXP 	Display Frame 1
583.5205 	EXP 	Display Frame 0
583.6454 	EXP 	Display Frame 1
583.7699 	EXP 	Display Frame 0
583.8954 	EXP 	Display Frame 1
584.0206 	EXP 	Display Frame 0
584.1451 	EXP 	Display Frame 1
584.2703 	EXP 	Display Frame 0
584.3954 	EXP 	Display Frame 1
584.5203 	EXP 	Display Frame 0
584.6455 	EXP 	Display Frame 1
584.7704 	EXP 	Display Frame 0
584.8954 	EXP 	Display Frame 1
585.0203 	EXP 	Display Frame 0
585.1457 	EXP 	Display Frame 1
585.2703 	EXP 	Display Frame 0
585.3949 	EXP 	Display Frame 1
585.5204 	EXP 	Display Frame 0
585.6453 	EXP 	Display Frame 1
585.7703 	EXP 	Display Frame 0
585.8953 	EXP 	Display Frame 1
586.0203 	EXP 	Display Frame 0
586.1453 	EXP 	Display Frame 1
586.2704 	EXP 	Display Frame 0
586.3955 	EXP 	Display Frame 1
586.5203 	EXP 	Display Frame 0
586.6455 	EXP 	Display Frame 1
586.7704 	EXP 	Display Frame 0
586.8949 	EXP 	Display Frame 1
587.0200 	EXP 	Display Frame 0
587.1454 	EXP 	Display Frame 1
587.2690 	DATA 	Keypress: t
587.2716 	EXP 	Display Frame 0
587.2739 	EXP 	Display Fixation
588.6828 	DATA 	Keypress: t
631.8765 	DATA 	Keypress: t
632.0046 	EXP 	Display Frame 1
632.1290 	EXP 	Display Frame 0
632.2542 	EXP 	Display Frame 1
632.3794 	EXP 	Display Frame 0
632.5047 	EXP 	Display Frame 1
632.6286 	EXP 	Display Frame 0
632.7542 	EXP 	Display Frame 1
632.8791 	EXP 	Display Frame 0
633.0044 	EXP 	Display Frame 1
633.1293 	EXP 	Display Frame 0
633.2543 	EXP 	Display Frame 1
633.3788 	DATA 	Keypress: t
633.3814 	EXP 	Display Frame 0
633.5042 	EXP 	Display Frame 1
633.6291 	EXP 	Display Frame 0
633.7543 	EXP 	Display Frame 1
633.8795 	EXP 	Display Frame 0
634.0043 	EXP 	Display Frame 1
634.1295 	EXP 	Display Frame 0
634.2544 	EXP 	Display Frame 1
634.3794 	EXP 	Display Frame 0
634.5041 	EXP 	Display Frame 1
634.6292 	EXP 	Display Frame 0
634.7542 	EXP 	Display Frame 1
634.8794 	EXP 	Display Frame 0
635.0044 	EXP 	Display Frame 1
635.1294 	EXP 	Display Frame 0
635.2544 	EXP 	Display Frame 1
635.3795 	EXP 	Display Frame 0
635.5044 	EXP 	Display Frame 1
635.6293 	EXP 	Display Frame 0
635.7545 	EXP 	Display Frame 1
635.8794 	EXP 	Display Frame 0
636.0031 	EXP 	Display Frame 1
636.1292 	EXP 	Display Frame 0
636.2546 	EXP 	Display Frame 1
636.3794 	EXP 	Display Frame 0
636.5037 	EXP 	Display Frame 1
636.6301 	EXP 	Display Frame 0
636.7542 	EXP 	Display Frame 1
636.8791 	EXP 	Display Frame 0
637.0043 	EXP 	Display Frame 1
637.1294 	EXP 	Display Frame 0
637.2543 	EXP 	Display Frame 1
637.3794 	EXP 	Display Frame 0
637.5045 	EXP 	Display Frame 1
637.6293 	EXP 	Display Frame 0
637.7545 	EXP 	Display Frame 1
637.8794 	EXP 	Display Frame 0
638.0043 	EXP 	Display Frame 1
638.1295 	EXP 	Display Frame 0
638.2544 	EXP 	Display Frame 1
638.3796 	EXP 	Display Frame 0
638.5040 	EXP 	Display Frame 1
638.6297 	EXP 	Display Frame 0
638.7541 	EXP 	Display Frame 1
638.8791 	EXP 	Display Frame 0
639.0044 	EXP 	Display Frame 1
639.1294 	EXP 	Display Frame 0
639.2543 	EXP 	Display Frame 1
639.3794 	EXP 	Display Frame 0
639.5042 	EXP 	Display Frame 1
639.6293 	EXP 	Display Frame 0
639.7544 	EXP 	Display Frame 1
639.8794 	EXP 	Display Frame 0
640.0043 	EXP 	Display Frame 1
640.1294 	EXP 	Display Frame 0
640.2542 	EXP 	Display Frame 1
640.3793 	EXP 	Display Frame 0
640.5045 	EXP 	Display Frame 1
640.6294 	EXP 	Display Frame 0
640.7543 	EXP 	Display Frame 1
640.8793 	EXP 	Display Frame 0
641.0044 	EXP 	Display Frame 1
641.1291 	EXP 	Display Frame 0
641.2542 	EXP 	Display Frame 1
641.3794 	EXP 	Display Frame 0
641.5043 	EXP 	Display Frame 1
641.6292 	EXP 	Display Frame 0
641.7544 	EXP 	Display Frame 1
641.8802 	EXP 	Display Frame 0
642.0040 	EXP 	Display Frame 1
642.1291 	EXP 	Display Frame 0
642.2541 	EXP 	Display Frame 1
642.3791 	EXP 	Display Frame 0
642.5045 	EXP 	Display Frame 1
642.6294 	EXP 	Display Frame 0
642.7543 	EXP 	Display Frame 1
642.8796 	EXP 	Display Frame 0
643.0044 	EXP 	Display Frame 1
643.1293 	EXP 	Display Frame 0
643.2542 	EXP 	Display Frame 1
643.3795 	EXP 	Display Frame 0
643.5043 	EXP 	Display Frame 1
643.6292 	EXP 	Display Frame 0
643.7544 	EXP 	Display Frame 1
643.8789 	EXP 	Display Frame 0
644.0045 	EXP 	Display Frame 1
644.1292 	EXP 	Display Frame 0
644.2543 	EXP 	Display Frame 1
644.3793 	EXP 	Display Frame 0
644.5046 	EXP 	Display Frame 1
644.6294 	EXP 	Display Frame 0
644.7543 	EXP 	Display Frame 1
644.8794 	EXP 	Display Frame 0
645.0046 	EXP 	Display Frame 1
645.1292 	EXP 	Display Frame 0
645.2543 	EXP 	Display Frame 1
645.3793 	EXP 	Display Frame 0
645.5043 	EXP 	Display Frame 1
645.6292 	EXP 	Display Frame 0
645.7544 	EXP 	Display Frame 1
645.8793 	EXP 	Display Frame 0
646.0044 	EXP 	Display Frame 1
646.1290 	EXP 	Display Frame 0
646.2541 	EXP 	Display Frame 1
646.3791 	EXP 	Display Frame 0
646.5044 	EXP 	Display Frame 1
646.6293 	EXP 	Display Frame 0
646.7543 	EXP 	Display Frame 1
646.8795 	EXP 	Display Frame 0
647.0042 	EXP 	Display Frame 1
647.1293 	EXP 	Display Frame 0
647.2544 	EXP 	Display Frame 1
647.3794 	EXP 	Display Frame 0
647.5039 	EXP 	Display Frame 1
647.6298 	EXP 	Display Frame 0
647.7544 	EXP 	Display Frame 1
647.8794 	EXP 	Display Frame 0
648.0043 	EXP 	Display Frame 1
648.1293 	EXP 	Display Frame 0
648.2541 	EXP 	Display Frame 1
648.3790 	EXP 	Display Frame 0
648.5033 	EXP 	Display Frame 1
648.6291 	EXP 	Display Frame 0
648.7543 	EXP 	Display Frame 1
648.8796 	EXP 	Display Frame 0
649.0041 	EXP 	Display Frame 1
649.1291 	EXP 	Display Frame 0
649.2544 	EXP 	Display Frame 1
649.3794 	EXP 	Display Frame 0
649.5044 	EXP 	Display Frame 1
649.6295 	EXP 	Display Frame 0
649.7545 	EXP 	Display Frame 1
649.8798 	EXP 	Display Frame 0
650.0042 	EXP 	Display Frame 1
650.1292 	EXP 	Display Frame 0
650.2543 	EXP 	Display Frame 1
650.3795 	EXP 	Display Frame 0
650.5045 	EXP 	Display Frame 1
650.6293 	EXP 	Display Frame 0
650.7543 	EXP 	Display Frame 1
650.8795 	EXP 	Display Frame 0
651.0043 	EXP 	Display Frame 1
651.1290 	EXP 	Display Frame 0
651.2544 	EXP 	Display Frame 1
651.3794 	EXP 	Display Frame 0
651.5045 	EXP 	Display Frame 1
651.6294 	EXP 	Display Frame 0
651.7544 	EXP 	Display Frame 1
651.8797 	EXP 	Display Frame 0
652.0038 	EXP 	Display Frame 1
652.1292 	EXP 	Display Frame 0
652.2543 	EXP 	Display Frame 1
652.3794 	EXP 	Display Frame 0
652.5044 	EXP 	Display Frame 1
652.6293 	EXP 	Display Frame 0
652.7545 	EXP 	Display Frame 1
652.8794 	EXP 	Display Frame 0
653.0039 	EXP 	Display Frame 1
653.1298 	EXP 	Display Frame 0
653.2541 	EXP 	Display Frame 1
653.3792 	EXP 	Display Frame 0
653.5045 	EXP 	Display Frame 1
653.6297 	EXP 	Display Frame 0
653.7539 	EXP 	Display Frame 1
653.8791 	EXP 	Display Frame 0
654.0044 	EXP 	Display Frame 1
654.1293 	EXP 	Display Frame 0
654.2543 	EXP 	Display Frame 1
654.3794 	EXP 	Display Frame 0
654.5044 	EXP 	Display Frame 1
654.6292 	EXP 	Display Frame 0
654.7544 	EXP 	Display Frame 1
654.8795 	EXP 	Display Frame 0
655.0043 	EXP 	Display Frame 1
655.1295 	EXP 	Display Frame 0
655.2542 	EXP 	Display Frame 1
655.3793 	EXP 	Display Frame 0
655.5049 	EXP 	Display Frame 1
655.6290 	EXP 	Display Frame 0
655.7543 	EXP 	Display Frame 1
655.8788 	EXP 	Display Frame 0
656.0044 	EXP 	Display Frame 1
656.1293 	EXP 	Display Frame 0
656.2542 	EXP 	Display Frame 1
656.3794 	EXP 	Display Frame 0
656.5044 	EXP 	Display Frame 1
656.6293 	EXP 	Display Frame 0
656.7544 	EXP 	Display Frame 1
656.8793 	EXP 	Display Frame 0
657.0042 	EXP 	Display Frame 1
657.1294 	EXP 	Display Frame 0
657.2550 	EXP 	Display Frame 1
657.3797 	EXP 	Display Frame 0
657.5040 	EXP 	Display Frame 1
657.6294 	EXP 	Display Frame 0
657.7543 	EXP 	Display Frame 1
657.8791 	EXP 	Display Frame 0
658.0042 	EXP 	Display Frame 1
658.1292 	EXP 	Display Frame 0
658.2542 	EXP 	Display Frame 1
658.3794 	EXP 	Display Frame 0
658.5039 	EXP 	Display Frame 1
658.6305 	EXP 	Display Frame 0
658.7542 	EXP 	Display Frame 1
658.8792 	EXP 	Display Frame 0
659.0042 	EXP 	Display Frame 1
659.1294 	EXP 	Display Frame 0
659.2544 	EXP 	Display Frame 1
659.3793 	EXP 	Display Frame 0
659.5045 	EXP 	Display Frame 1
659.6294 	EXP 	Display Frame 0
659.7544 	EXP 	Display Frame 1
659.8796 	EXP 	Display Frame 0
660.0044 	EXP 	Display Frame 1
660.1291 	EXP 	Display Frame 0
660.2540 	EXP 	Display Frame 1
660.3794 	EXP 	Display Frame 0
660.5043 	EXP 	Display Frame 1
660.6293 	EXP 	Display Frame 0
660.7544 	EXP 	Display Frame 1
660.8793 	EXP 	Display Frame 0
661.0043 	EXP 	Display Frame 1
661.1293 	EXP 	Display Frame 0
661.2543 	EXP 	Display Frame 1
661.3794 	EXP 	Display Frame 0
661.5045 	EXP 	Display Frame 1
661.6295 	EXP 	Display Frame 0
661.7542 	EXP 	Display Frame 1
661.8793 	EXP 	Display Frame 0
662.0046 	EXP 	Display Frame 1
662.1291 	EXP 	Display Frame 0
662.2543 	EXP 	Display Frame 1
662.3796 	EXP 	Display Frame 0
662.5043 	EXP 	Display Frame 1
662.6295 	EXP 	Display Frame 0
662.7544 	EXP 	Display Frame 1
662.8795 	EXP 	Display Frame 0
663.0042 	EXP 	Display Frame 1
663.1294 	EXP 	Display Frame 0
663.2543 	EXP 	Display Frame 1
663.3795 	EXP 	Display Frame 0
663.5044 	EXP 	Display Frame 1
663.6294 	EXP 	Display Frame 0
663.7543 	EXP 	Display Frame 1
663.8796 	EXP 	Display Frame 0
664.0042 	EXP 	Display Frame 1
664.1294 	EXP 	Display Frame 0
664.2542 	EXP 	Display Frame 1
664.3792 	EXP 	Display Frame 0
664.5039 	EXP 	Display Frame 1
664.6292 	EXP 	Display Frame 0
664.7544 	EXP 	Display Frame 1
664.8793 	EXP 	Display Frame 0
665.0044 	EXP 	Display Frame 1
665.1294 	EXP 	Display Frame 0
665.2543 	EXP 	Display Frame 1
665.3795 	EXP 	Display Frame 0
665.5044 	EXP 	Display Frame 1
665.6293 	EXP 	Display Frame 0
665.7542 	EXP 	Display Frame 1
665.8794 	EXP 	Display Frame 0
666.0043 	EXP 	Display Frame 1
666.1293 	EXP 	Display Frame 0
666.2544 	EXP 	Display Frame 1
666.3793 	EXP 	Display Frame 0
666.5043 	EXP 	Display Frame 1
666.6294 	EXP 	Display Frame 0
666.7544 	EXP 	Display Frame 1
666.8793 	EXP 	Display Frame 0
667.0044 	EXP 	Display Frame 1
667.1294 	EXP 	Display Frame 0
667.2543 	EXP 	Display Frame 1
667.3795 	EXP 	Display Frame 0
667.5044 	EXP 	Display Frame 1
667.6293 	EXP 	Display Frame 0
667.7543 	EXP 	Display Frame 1
667.8794 	EXP 	Display Frame 0
668.0045 	EXP 	Display Frame 1
668.1292 	EXP 	Display Frame 0
668.2544 	EXP 	Display Frame 1
668.3793 	EXP 	Display Frame 0
668.5043 	EXP 	Display Frame 1
668.6294 	EXP 	Display Frame 0
668.7543 	EXP 	Display Frame 1
668.8795 	EXP 	Display Frame 0
669.0044 	EXP 	Display Frame 1
669.1294 	EXP 	Display Frame 0
669.2543 	EXP 	Display Frame 1
669.3794 	EXP 	Display Frame 0
669.5040 	EXP 	Display Frame 1
669.6291 	EXP 	Display Frame 0
669.7542 	EXP 	Display Frame 1
669.8792 	EXP 	Display Frame 0
670.0043 	EXP 	Display Frame 1
670.1294 	EXP 	Display Frame 0
670.2543 	EXP 	Display Frame 1
670.3793 	EXP 	Display Frame 0
670.5042 	EXP 	Display Frame 1
670.6294 	EXP 	Display Frame 0
670.7543 	EXP 	Display Frame 1
670.8795 	EXP 	Display Frame 0
671.0044 	EXP 	Display Frame 1
671.1291 	EXP 	Display Frame 0
671.2543 	EXP 	Display Frame 1
671.3794 	EXP 	Display Frame 0
671.5045 	EXP 	Display Frame 1
671.6293 	EXP 	Display Frame 0
671.7544 	EXP 	Display Frame 1
671.8794 	EXP 	Display Frame 0
672.0045 	EXP 	Display Frame 1
672.1292 	EXP 	Display Frame 0
672.2542 	EXP 	Display Frame 1
672.3793 	EXP 	Display Frame 0
672.5042 	EXP 	Display Frame 1
672.6294 	EXP 	Display Frame 0
672.7543 	EXP 	Display Frame 1
672.8792 	EXP 	Display Frame 0
673.0044 	EXP 	Display Frame 1
673.1295 	EXP 	Display Frame 0
673.2542 	EXP 	Display Frame 1
673.3794 	EXP 	Display Frame 0
673.5044 	EXP 	Display Frame 1
673.6294 	EXP 	Display Frame 0
673.7544 	EXP 	Display Frame 1
673.8794 	EXP 	Display Frame 0
674.0044 	EXP 	Display Frame 1
674.1294 	EXP 	Display Frame 0
674.2543 	EXP 	Display Frame 1
674.3793 	EXP 	Display Frame 0
674.5044 	EXP 	Display Frame 1
674.6294 	EXP 	Display Frame 0
674.7545 	EXP 	Display Frame 1
674.8795 	EXP 	Display Frame 0
675.0039 	EXP 	Display Frame 1
675.1283 	EXP 	Display Frame 0
675.2540 	EXP 	Display Frame 1
675.3792 	EXP 	Display Frame 0
675.5043 	EXP 	Display Frame 1
675.6291 	EXP 	Display Frame 0
675.7544 	EXP 	Display Frame 1
675.8795 	EXP 	Display Frame 0
676.0048 	EXP 	Display Frame 1
676.1292 	EXP 	Display Frame 0
676.2541 	EXP 	Display Frame 1
676.3791 	EXP 	Display Frame 0
676.5042 	EXP 	Display Frame 1
676.6280 	DATA 	Keypress: t
676.6305 	EXP 	Display Frame 0
676.6320 	EXP 	Display Fixation
678.0411 	DATA 	Keypress: t
721.2358 	DATA 	Keypress: t
721.3634 	EXP 	Display Frame 1
721.4885 	EXP 	Display Frame 0
721.6137 	EXP 	Display Frame 1
721.7382 	EXP 	Display Frame 0
721.8633 	EXP 	Display Frame 1
721.9885 	EXP 	Display Frame 0
722.1135 	EXP 	Display Frame 1
722.2384 	EXP 	Display Frame 0
722.3635 	EXP 	Display Frame 1
722.4888 	EXP 	Display Frame 0
722.6137 	EXP 	Display Frame 1
722.7376 	DATA 	Keypress: t
722.7401 	EXP 	Display Frame 0
722.8635 	EXP 	Display Frame 1
722.9884 	EXP 	Display Frame 0
723.1135 	EXP 	Display Frame 1
723.2387 	EXP 	Display Frame 0
723.3636 	EXP 	Display Frame 1
723.4885 	EXP 	Display Frame 0
723.6138 	EXP 	Display Frame 1
723.7387 	EXP 	Display Frame 0
723.8635 	EXP 	Display Frame 1
723.9887 	EXP 	Display Frame 0
724.1136 	EXP 	Display Frame 1
724.2383 	EXP 	Display Frame 0
724.3635 	EXP 	Display Frame 1
724.4886 	EXP 	Display Frame 0
724.6141 	EXP 	Display Frame 1
724.7382 	EXP 	Display Frame 0
724.8635 	EXP 	Display Frame 1
724.9886 	EXP 	Display Frame 0
725.1137 	EXP 	Display Frame 1
725.2388 	EXP 	Display Frame 0
725.3636 	EXP 	Display Frame 1
725.4885 	EXP 	Display Frame 0
725.6136 	EXP 	Display Frame 1
725.7387 	EXP 	Display Frame 0
725.8635 	EXP 	Display Frame 1
725.9887 	EXP 	Display Frame 0
726.1136 	EXP 	Display Frame 1
726.2387 	EXP 	Display Frame 0
726.3637 	EXP 	Display Frame 1
726.4886 	EXP 	Display Frame 0
726.6137 	EXP 	Display Frame 1
726.7387 	EXP 	Display Frame 0
726.8636 	EXP 	Display Frame 1
726.9885 	EXP 	Display Frame 0
727.1135 	EXP 	Display Frame 1
727.2386 	EXP 	Display Frame 0
727.3637 	EXP 	Display Frame 1
727.4884 	EXP 	Display Frame 0
727.6136 	EXP 	Display Frame 1
727.7386 	EXP 	Display Frame 0
727.8635 	EXP 	Display Frame 1
727.9888 	EXP 	Display Frame 0
728.1136 	EXP 	Display Frame 1
728.2385 	EXP 	Display Frame 0
728.3637 	EXP 	Display Frame 1
728.4886 	EXP 	Display Frame 0
728.6140 	EXP 	Display Frame 1
728.7380 	EXP 	Display Frame 0
728.8634 	EXP 	Display Frame 1
728.9885 	EXP 	Display Frame 0
729.1134 	EXP 	Display Frame 1
729.2387 	EXP 	Display Frame 0
729.3635 	EXP 	Display Frame 1
729.4884 	EXP 	Display Frame 0
729.6135 	EXP 	Display Frame 1
729.7385 	EXP 	Display Frame 0
729.8634 	EXP 	Display Frame 1
729.9881 	EXP 	Display Frame 0
730.1137 	EXP 	Display Frame 1
730.2383 	EXP 	Display Frame 0
730.3635 	EXP 	Display Frame 1
730.4887 	EXP 	Display Frame 0
730.6135 	EXP 	Display Frame 1
730.7387 	EXP 	Display Frame 0
730.8636 	EXP 	Display Frame 1
730.9885 	EXP 	Display Frame 0
731.1132 	EXP 	Display Frame 1
731.2386 	EXP 	Display Frame 0
731.3635 	EXP 	Display Frame 1
731.4884 	EXP 	Display Frame 0
731.6136 	EXP 	Display Frame 1
731.7385 	EXP 	Display Frame 0
731.8634 	EXP 	Display Frame 1
731.9886 	EXP 	Display Frame 0
732.1138 	EXP 	Display Frame 1
732.2383 	EXP 	Display Frame 0
732.3635 	EXP 	Display Frame 1
732.4886 	EXP 	Display Frame 0
732.6135 	EXP 	Display Frame 1
732.7386 	EXP 	Display Frame 0
732.8636 	EXP 	Display Frame 1
732.9885 	EXP 	Display Frame 0
733.1136 	EXP 	Display Frame 1
733.2386 	EXP 	Display Frame 0
733.3635 	EXP 	Display Frame 1
733.4885 	EXP 	Display Frame 0
733.6137 	EXP 	Display Frame 1
733.7386 	EXP 	Display Frame 0
733.8637 	EXP 	Display Frame 1
733.9886 	EXP 	Display Frame 0
734.1131 	EXP 	Display Frame 1
734.2385 	EXP 	Display Frame 0
734.3634 	EXP 	Display Frame 1
734.4883 	EXP 	Display Frame 0
734.6135 	EXP 	Display Frame 1
734.7386 	EXP 	Display Frame 0
734.8636 	EXP 	Display Frame 1
734.9887 	EXP 	Display Frame 0
735.1146 	EXP 	Display Frame 1
735.2384 	EXP 	Display Frame 0
735.3633 	EXP 	Display Frame 1
735.4882 	EXP 	Display Frame 0
735.6140 	EXP 	Display Frame 1
735.7383 	EXP 	Display Frame 0
735.8635 	EXP 	Display Frame 1
735.9886 	EXP 	Display Frame 0
736.1137 	EXP 	Display Frame 1
736.2387 	EXP 	Display Frame 0
736.3636 	EXP 	Display Frame 1
736.4885 	EXP 	Display Frame 0
736.6137 	EXP 	Display Frame 1
736.7386 	EXP 	Display Frame 0
736.8635 	EXP 	Display Frame 1
736.9885 	EXP 	Display Frame 0
737.1136 	EXP 	Display Frame 1
737.2390 	EXP 	Display Frame 0
737.3631 	EXP 	Display Frame 1
737.4881 	EXP 	Display Frame 0
737.6132 	EXP 	Display Frame 1
737.7381 	EXP 	Display Frame 0
737.8635 	EXP 	Display Frame 1
737.9887 	EXP 	Display Frame 0
738.1135 	EXP 	Display Frame 1
738.2389 	EXP 	Display Frame 0
738.3636 	EXP 	Display Frame 1
738.4885 	EXP 	Display Frame 0
738.6137 	EXP 	Display Frame 1
738.7384 	EXP 	Display Frame 0
738.8637 	EXP 	Display Frame 1
738.9885 	EXP 	Display Frame 0
739.1135 	EXP 	Display Frame 1
739.2383 	EXP 	Display Frame 0
739.3635 	EXP 	Display Frame 1
739.4886 	EXP 	Display Frame 0
739.6136 	EXP 	Display Frame 1
739.7387 	EXP 	Display Frame 0
739.8636 	EXP 	Display Frame 1
739.9886 	EXP 	Display Frame 0
740.1137 	EXP 	Display Frame 1
740.2384 	EXP 	Display Frame 0
740.3634 	EXP 	Display Frame 1
740.4885 	EXP 	Display Frame 0
740.6138 	EXP 	Display Frame 1
740.7386 	EXP 	Display Frame 0
740.8636 	EXP 	Display Frame 1
740.9882 	EXP 	Display Frame 0
741.1142 	EXP 	Display Frame 1
741.2383 	EXP 	Display Frame 0
741.3632 	EXP 	Display Frame 1
741.4886 	EXP 	Display Frame 0
741.6135 	EXP 	Display Frame 1
741.7385 	EXP 	Display Frame 0
741.8636 	EXP 	Display Frame 1
741.9885 	EXP 	Display Frame 0
742.1137 	EXP 	Display Frame 1
742.2385 	EXP 	Display Frame 0
742.3634 	EXP 	Display Frame 1
742.4885 	EXP 	Display Frame 0
742.6136 	EXP 	Display Frame 1
742.7386 	EXP 	Display Frame 0
742.8635 	EXP 	Display Frame 1
742.9886 	EXP 	Display Frame 0
743.1135 	EXP 	Display Frame 1
743.2385 	EXP 	Display Frame 0
743.3638 	EXP 	Display Frame 1
743.4886 	EXP 	Display Frame 0
743.6136 	EXP 	Display Frame 1
743.7387 	EXP 	Display Frame 0
743.8636 	EXP 	Display Frame 1
743.9885 	EXP 	Display Frame 0
744.1136 	EXP 	Display Frame 1
744.2385 	EXP 	Display Frame 0
744.3636 	EXP 	Display Frame 1
744.4884 	EXP 	Display Frame 0
744.6138 	EXP 	Display Frame 1
744.7385 	EXP 	Display Frame 0
744.8635 	EXP 	Display Frame 1
744.9887 	EXP 	Display Frame 0
745.1136 	EXP 	Display Frame 1
745.2385 	EXP 	Display Frame 0
745.3638 	EXP 	Display Frame 1
745.4883 	EXP 	Display Frame 0
745.6135 	EXP 	Display Frame 1
745.7387 	EXP 	Display Frame 0
745.8636 	EXP 	Display Frame 1
745.9884 	EXP 	Display Frame 0
746.1129 	EXP 	Display Frame 1
746.2386 	EXP 	Display Frame 0
746.3636 	EXP 	Display Frame 1
746.4881 	EXP 	Display Frame 0
746.6133 	EXP 	Display Frame 1
746.7383 	EXP 	Display Frame 0
746.8633 	EXP 	Display Frame 1
746.9885 	EXP 	Display Frame 0
747.1135 	EXP 	Display Frame 1
747.2389 	EXP 	Display Frame 0
747.3653 	EXP 	Display Frame 1
747.4896 	EXP 	Display Frame 0
747.6133 	EXP 	Display Frame 1
747.7385 	EXP 	Display Frame 0
747.8636 	EXP 	Display Frame 1
747.9885 	EXP 	Display Frame 0
748.1137 	EXP 	Display Frame 1
748.2384 	EXP 	Display Frame 0
748.3635 	EXP 	Display Frame 1
748.4889 	EXP 	Display Frame 0
748.6134 	EXP 	Display Frame 1
748.7384 	EXP 	Display Frame 0
748.8635 	EXP 	Display Frame 1
748.9886 	EXP 	Display Frame 0
749.1135 	EXP 	Display Frame 1
749.2388 	EXP 	Display Frame 0
749.3632 	EXP 	Display Frame 1
749.4883 	EXP 	Display Frame 0
749.6122 	EXP 	Display Frame 1
749.7387 	EXP 	Display Frame 0
749.8636 	EXP 	Display Frame 1
749.9887 	EXP 	Display Frame 0
750.1132 	EXP 	Display Frame 1
750.2387 	EXP 	Display Frame 0
750.3639 	EXP 	Display Frame 1
750.4884 	EXP 	Display Frame 0
750.6135 	EXP 	Display Frame 1
750.7376 	EXP 	Display Frame 0
750.8637 	EXP 	Display Frame 1
750.9886 	EXP 	Display Frame 0
751.1133 	EXP 	Display Frame 1
751.2385 	EXP 	Display Frame 0
751.3636 	EXP 	Display Frame 1
751.4885 	EXP 	Display Frame 0
751.6135 	EXP 	Display Frame 1
751.7387 	EXP 	Display Frame 0
751.8658 	EXP 	Display Frame 1
751.9883 	EXP 	Display Frame 0
752.1137 	EXP 	Display Frame 1
752.2384 	EXP 	Display Frame 0
752.3633 	EXP 	Display Frame 1
752.4886 	EXP 	Display Frame 0
752.6126 	EXP 	Display Frame 1
752.7385 	EXP 	Display Frame 0
752.8636 	EXP 	Display Frame 1
752.9877 	EXP 	Display Frame 0
753.1138 	EXP 	Display Frame 1
753.2389 	EXP 	Display Frame 0
753.3634 	EXP 	Display Frame 1
753.4885 	EXP 	Display Frame 0
753.6138 	EXP 	Display Frame 1
753.7386 	EXP 	Display Frame 0
753.8636 	EXP 	Display Frame 1
753.9885 	EXP 	Display Frame 0
754.1132 	EXP 	Display Frame 1
754.2386 	EXP 	Display Frame 0
754.3635 	EXP 	Display Frame 1
754.4886 	EXP 	Display Frame 0
754.6136 	EXP 	Display Frame 1
754.7387 	EXP 	Display Frame 0
754.8637 	EXP 	Display Frame 1
754.9885 	EXP 	Display Frame 0
755.1127 	EXP 	Display Frame 1
755.2385 	EXP 	Display Frame 0
755.3636 	EXP 	Display Frame 1
755.4885 	EXP 	Display Frame 0
755.6137 	EXP 	Display Frame 1
755.7385 	EXP 	Display Frame 0
755.8635 	EXP 	Display Frame 1
755.9887 	EXP 	Display Frame 0
756.1129 	EXP 	Display Frame 1
756.2383 	EXP 	Display Frame 0
756.3669 	EXP 	Display Frame 1
756.4884 	EXP 	Display Frame 0
756.6134 	EXP 	Display Frame 1
756.7388 	EXP 	Display Frame 0
756.8627 	EXP 	Display Frame 1
756.9887 	EXP 	Display Frame 0
757.1137 	EXP 	Display Frame 1
757.2387 	EXP 	Display Frame 0
757.3667 	EXP 	Display Frame 1
757.4881 	EXP 	Display Frame 0
757.6136 	EXP 	Display Frame 1
757.7384 	EXP 	Display Frame 0
757.8633 	EXP 	Display Frame 1
757.9876 	EXP 	Display Frame 0
758.1136 	EXP 	Display Frame 1
758.2385 	EXP 	Display Frame 0
758.3637 	EXP 	Display Frame 1
758.4886 	EXP 	Display Frame 0
758.6128 	EXP 	Display Frame 1
758.7387 	EXP 	Display Frame 0
758.8638 	EXP 	Display Frame 1
758.9885 	EXP 	Display Frame 0
759.1138 	EXP 	Display Frame 1
759.2388 	EXP 	Display Frame 0
759.3637 	EXP 	Display Frame 1
759.4885 	EXP 	Display Frame 0
759.6138 	EXP 	Display Frame 1
759.7386 	EXP 	Display Frame 0
759.8635 	EXP 	Display Frame 1
759.9886 	EXP 	Display Frame 0
760.1138 	EXP 	Display Frame 1
760.2374 	EXP 	Display Frame 0
760.3636 	EXP 	Display Frame 1
760.4886 	EXP 	Display Frame 0
760.6135 	EXP 	Display Frame 1
760.7387 	EXP 	Display Frame 0
760.8671 	EXP 	Display Frame 1
760.9880 	EXP 	Display Frame 0
761.1132 	EXP 	Display Frame 1
761.2385 	EXP 	Display Frame 0
761.3626 	EXP 	Display Frame 1
761.4885 	EXP 	Display Frame 0
761.6138 	EXP 	Display Frame 1
761.7387 	EXP 	Display Frame 0
761.8635 	EXP 	Display Frame 1
761.9888 	EXP 	Display Frame 0
762.1133 	EXP 	Display Frame 1
762.2384 	EXP 	Display Frame 0
762.3636 	EXP 	Display Frame 1
762.4887 	EXP 	Display Frame 0
762.6139 	EXP 	Display Frame 1
762.7388 	EXP 	Display Frame 0
762.8638 	EXP 	Display Frame 1
762.9885 	EXP 	Display Frame 0
763.1129 	EXP 	Display Frame 1
763.2373 	EXP 	Display Frame 0
763.3636 	EXP 	Display Frame 1
763.4883 	EXP 	Display Frame 0
763.6125 	EXP 	Display Frame 1
763.7385 	EXP 	Display Frame 0
763.8635 	EXP 	Display Frame 1
763.9886 	EXP 	Display Frame 0
764.1131 	EXP 	Display Frame 1
764.2386 	EXP 	Display Frame 0
764.3636 	EXP 	Display Frame 1
764.4887 	EXP 	Display Frame 0
764.6125 	EXP 	Display Frame 1
764.7372 	EXP 	Display Frame 0
764.8636 	EXP 	Display Frame 1
764.9885 	EXP 	Display Frame 0
765.1144 	EXP 	Display Frame 1
765.2384 	EXP 	Display Frame 0
765.3633 	EXP 	Display Frame 1
765.4886 	EXP 	Display Frame 0
765.6136 	EXP 	Display Frame 1
765.7385 	EXP 	Display Frame 0
765.8627 	EXP 	Display Frame 1
765.9886 	EXP 	Display Frame 0
766.1135 	EXP 	Display Frame 1
766.2386 	EXP 	Display Frame 0
766.3636 	EXP 	Display Frame 1
766.4885 	EXP 	Display Frame 0
766.6139 	EXP 	Display Frame 1
766.7384 	EXP 	Display Frame 0
766.8637 	EXP 	Display Frame 1
766.9885 	EXP 	Display Frame 0
767.1136 	EXP 	Display Frame 1
767.2387 	EXP 	Display Frame 0
767.3635 	EXP 	Display Frame 1
767.4887 	EXP 	Display Frame 0
767.6133 	EXP 	Display Frame 1
767.7383 	EXP 	Display Frame 0
767.8632 	EXP 	Display Frame 1
767.9884 	EXP 	Display Frame 0
768.1124 	EXP 	Display Frame 1
768.2389 	EXP 	Display Frame 0
768.3636 	EXP 	Display Frame 1
768.4883 	EXP 	Display Frame 0
768.6132 	EXP 	Display Frame 1
768.7372 	DATA 	Keypress: t
768.7397 	EXP 	Display Frame 0
768.7432 	EXP 	Display Fixation
769.0655 	DATA 	Keypress: q
769.0760 	EXP 	topMsg: height = 0.1
769.0760 	EXP 	topMsg: height = 0.1
769.0760 	EXP 	topMsg: text = "Thank you very much! \n\nThat's it with the tapping"
769.0760 	EXP 	bottomMsg: height = 0.1
769.0760 	EXP 	bottomMsg: height = 0.1
769.0760 	EXP 	bottomMsg: text = "Please relax for the ramaining time \n\n Press 'q' or 'escape' to end the session."
769.0760 	EXP 	Display TheEnd
803.3517 	DATA 	Keypress: q
803.4379 	EXP 	win: mouseVisible = True
