4.4648 	INFO 	---START PARAMETERS---
4.4648 	INFO 	filename: TappingWithTrTiming_Movie_d3.py-1-37-Dec_04_1600
4.4648 	INFO 	subject: 1
4.4648 	INFO 	session: 37
4.4648 	INFO 	date: Dec_04_1600
4.4648 	INFO 	blockDur_TRs: 20
4.4649 	INFO 	condition: TapRight
4.4649 	INFO 	fixCrossPos: [0, 0]
4.4649 	INFO 	fixCrossSize: 100
4.4649 	INFO 	fullScreen: True
4.4649 	INFO 	movieFolder: Images/
4.4649 	INFO 	movieSize: (800, 500)
4.4649 	INFO 	nBlocks: 48
4.4649 	INFO 	promptDir: Text/
4.4649 	INFO 	restDur_TRs: 20
4.4649 	INFO 	screenColor: (128, 128, 128)
4.4649 	INFO 	screenToShow: 1
4.4649 	INFO 	skipPrompts: False
4.4649 	INFO 	tStartup_TRs: 0
4.4649 	INFO 	textHeight: 40
4.4649 	INFO 	triggerKey: t
4.4649 	INFO 	---END PARAMETERS---
4.5878 	WARNING 	Movie2 stim could not be imported and won't be available
5.4309 	INFO 	Loaded monitor calibration from ['2015_12_02 12:18']
5.9418 	EXP 	Created win = Window(allowGUI=False, allowStencil=False, autoLog=True, bitsMode=UNKNOWN, blendMode='avg', color=array([ 128.,  128.,  128.]), colorSpace='rgb255', fullscr=UNKNOWN, gamma=None, lms=UNKNOWN, monitor=<psychopy.monitors.calibTools.Monitor instance at 0x10404c60>, name='win', pos=[0, 0], screen=1, size=array([1024,  768]), stereo=False, units='deg', useFBO=False, viewOri=0.0, viewPos=None, viewScale=None, waitBlanking=True, winType='pyglet')
5.9435 	EXP 	Created fixCross = ShapeStim(autoDraw=False, autoLog=True, closeShape=False, contrast=1.0, depth=0, fillColor=None, fillColorSpace='rgb', fillRGB=None, interpolate=True, lineColor='#000000', lineColorSpace='hex', lineRGB=array([0, 0, 0]), lineWidth=3.0, name='fixCross', opacity=1.0, ori=array(0.0), pos=array([ 0.,  0.]), size=array([ 1.,  1.]), units='pix', vertices=ndarray(...), win=Window(...))
6.0113 	EXP 	Created topMsg = TextStim(alignHoriz='center', alignVert='center', antialias=True, autoLog=True, bold=False, color='#000000', colorSpace='hex', contrast=1.0, depth=0, flipHoriz=False, flipVert=False, font='', fontFiles=[], height=0.1, italic=False, name='topMsg', opacity=1.0, ori=0.0, pos=array([ 0. ,  0.5]), rgb=array([0, 0, 0]), text=u'aaa', units='norm', win=Window(...), wrapWidth=1.5)
6.0152 	EXP 	Created bottomMsg = TextStim(alignHoriz='center', alignVert='center', antialias=True, autoLog=True, bold=False, color='#000000', colorSpace='hex', contrast=1.0, depth=0, flipHoriz=False, flipVert=False, font='', fontFiles=[], height=0.1, italic=False, name='bottomMsg', opacity=1.0, ori=0.0, pos=array([ 0. , -0.5]), rgb=array([0, 0, 0]), text=u'bbb', units='norm', win=Window(...), wrapWidth=1.5)
6.0433 	EXP 	Created Movie Frame 0 = ImageStim(autoLog=True, color=array([ 1.,  1.,  1.]), colorSpace='rgb', contrast=1.0, depth=0, flipHoriz=False, flipVert=False, image='Images/right_0.png', interpolate=False, mask=None, maskParams=None, name='Movie Frame 0', opacity=1.0, ori=0.0, pos=array([ 0.,  0.]), size=array([ 800.,  500.]), texRes=128, units='pix', win=Window(...))
6.0671 	EXP 	Created Movie Frame 1 = ImageStim(autoLog=True, color=array([ 1.,  1.,  1.]), colorSpace='rgb', contrast=1.0, depth=0, flipHoriz=False, flipVert=False, image='Images/right_1.png', interpolate=False, mask=None, maskParams=None, name='Movie Frame 1', opacity=1.0, ori=0.0, pos=array([ 0.,  0.]), size=array([ 800.,  500.]), texRes=128, units='pix', win=Window(...))
6.0882 	EXP 	Created Movie Frame 2 = ImageStim(autoLog=True, color=array([ 1.,  1.,  1.]), colorSpace='rgb', contrast=1.0, depth=0, flipHoriz=False, flipVert=False, image='Images/right_2.png', interpolate=False, mask=None, maskParams=None, name='Movie Frame 2', opacity=1.0, ori=0.0, pos=array([ 0.,  0.]), size=array([ 800.,  500.]), texRes=128, units='pix', win=Window(...))
6.1105 	EXP 	Created Movie Frame 3 = ImageStim(autoLog=True, color=array([ 1.,  1.,  1.]), colorSpace='rgb', contrast=1.0, depth=0, flipHoriz=False, flipVert=False, image='Images/right_3.png', interpolate=False, mask=None, maskParams=None, name='Movie Frame 3', opacity=1.0, ori=0.0, pos=array([ 0.,  0.]), size=array([ 800.,  500.]), texRes=128, units='pix', win=Window(...))
6.1337 	EXP 	Created Movie Frame 4 = ImageStim(autoLog=True, color=array([ 1.,  1.,  1.]), colorSpace='rgb', contrast=1.0, depth=0, flipHoriz=False, flipVert=False, image='Images/right_4.png', interpolate=False, mask=None, maskParams=None, name='Movie Frame 4', opacity=1.0, ori=0.0, pos=array([ 0.,  0.]), size=array([ 800.,  500.]), texRes=128, units='pix', win=Window(...))
6.1550 	EXP 	Created Movie Frame 5 = ImageStim(autoLog=True, color=array([ 1.,  1.,  1.]), colorSpace='rgb', contrast=1.0, depth=0, flipHoriz=False, flipVert=False, image='Images/right_5.png', interpolate=False, mask=None, maskParams=None, name='Movie Frame 5', opacity=1.0, ori=0.0, pos=array([ 0.,  0.]), size=array([ 800.,  500.]), texRes=128, units='pix', win=Window(...))
6.1781 	EXP 	Created Movie Frame 6 = ImageStim(autoLog=True, color=array([ 1.,  1.,  1.]), colorSpace='rgb', contrast=1.0, depth=0, flipHoriz=False, flipVert=False, image='Images/right_6.png', interpolate=False, mask=None, maskParams=None, name='Movie Frame 6', opacity=1.0, ori=0.0, pos=array([ 0.,  0.]), size=array([ 800.,  500.]), texRes=128, units='pix', win=Window(...))
6.1991 	EXP 	Created Movie Frame 7 = ImageStim(autoLog=True, color=array([ 1.,  1.,  1.]), colorSpace='rgb', contrast=1.0, depth=0, flipHoriz=False, flipVert=False, image='Images/right_7.png', interpolate=False, mask=None, maskParams=None, name='Movie Frame 7', opacity=1.0, ori=0.0, pos=array([ 0.,  0.]), size=array([ 800.,  500.]), texRes=128, units='pix', win=Window(...))
6.2202 	EXP 	Created Movie Frame 8 = ImageStim(autoLog=True, color=array([ 1.,  1.,  1.]), colorSpace='rgb', contrast=1.0, depth=0, flipHoriz=False, flipVert=False, image='Images/right_8.png', interpolate=False, mask=None, maskParams=None, name='Movie Frame 8', opacity=1.0, ori=0.0, pos=array([ 0.,  0.]), size=array([ 800.,  500.]), texRes=128, units='pix', win=Window(...))
6.2416 	EXP 	Created Movie Frame 9 = ImageStim(autoLog=True, color=array([ 1.,  1.,  1.]), colorSpace='rgb', contrast=1.0, depth=0, flipHoriz=False, flipVert=False, image='Images/right_9.png', interpolate=False, mask=None, maskParams=None, name='Movie Frame 9', opacity=1.0, ori=0.0, pos=array([ 0.,  0.]), size=array([ 800.,  500.]), texRes=128, units='pix', win=Window(...))
6.2549 	EXP 	Created unnamed TextStim = TextStim(alignHoriz='center', alignVert='center', antialias=True, autoLog=True, bold=False, color='#000000', colorSpace='hex', contrast=1.0, depth=0, flipHoriz=False, flipVert=False, font='', fontFiles=[], height=40, italic=False, name='unnamed TextStim', opacity=1.0, ori=0.0, pos=array([   0.,  330.]), rgb=array([0, 0, 0]), text=u'Tap along with the video.', units='pix', win=Window(...), wrapWidth=800)
6.3228 	EXP 	topMsg: text = 'You will see a movie of a finger tapping. When it is on the screen, try to use the hand indicated to tap your fingers at the same times as the movie does. When the fixation cross appears, relax and stare at the cross.'
6.3228 	EXP 	bottomMsg: text = 'The experiment will begin shortly'
6.3228 	EXP 	Display Instructions1
8.7150 	DATA 	Keypress: t
8.7401 	EXP 	topMsg: text = "Please don't move..."
8.7401 	EXP 	bottomMsg: text = ''
8.7401 	EXP 	PleaseDontMove
9.2752 	DATA 	Keypress: t
9.2891 	EXP 	Display Fixation
9.2892 	EXP 	---START EXPERIMENT---
9.3060 	EXP 	Display Fixation
9.4580 	DATA 	Keypress: t
9.6080 	DATA 	Keypress: t
9.7580 	DATA 	Keypress: t
9.8751 	DATA 	Keypress: t
10.0190 	DATA 	Keypress: t
10.1580 	DATA 	Keypress: t
10.3080 	DATA 	Keypress: t
10.4589 	DATA 	Keypress: t
10.5708 	DATA 	Keypress: t
10.7149 	DATA 	Keypress: t
10.8669 	DATA 	Keypress: t
11.0109 	DATA 	Keypress: t
11.1596 	DATA 	Keypress: t
11.3088 	DATA 	Keypress: t
11.4597 	DATA 	Keypress: t
11.6096 	DATA 	Keypress: t
11.7596 	DATA 	Keypress: t
11.9097 	DATA 	Keypress: t
12.0596 	DATA 	Keypress: t
12.2108 	DATA 	Keypress: t
12.3219 	EXP 	Display Frame 1
12.4120 	DATA 	Keypress: t
12.4224 	EXP 	Display Frame 2
12.5120 	DATA 	Keypress: t
12.5217 	EXP 	Display Frame 3
12.6211 	EXP 	Display Frame 4
12.7121 	DATA 	Keypress: t
12.7233 	EXP 	Display Frame 5
12.8231 	EXP 	Display Frame 6
12.9226 	EXP 	Display Frame 7
13.0230 	EXP 	Display Frame 8
13.1225 	EXP 	Display Frame 9
13.2230 	EXP 	Display Frame 0
13.3231 	EXP 	Display Frame 1
13.4241 	EXP 	Display Frame 2
13.5223 	EXP 	Display Frame 3
13.6227 	EXP 	Display Frame 4
13.7231 	EXP 	Display Frame 5
13.8231 	EXP 	Display Frame 6
13.9233 	EXP 	Display Frame 7
14.0229 	EXP 	Display Frame 8
14.1226 	EXP 	Display Frame 9
14.2224 	EXP 	Display Frame 0
14.3232 	EXP 	Display Frame 1
14.4224 	EXP 	Display Frame 2
14.5230 	EXP 	Display Frame 3
14.6213 	EXP 	Display Frame 4
14.7223 	EXP 	Display Frame 5
14.8226 	EXP 	Display Frame 6
14.9232 	EXP 	Display Frame 7
15.0226 	EXP 	Display Frame 8
15.1231 	EXP 	Display Frame 9
15.2224 	EXP 	Display Frame 0
15.3231 	EXP 	Display Frame 1
15.4120 	DATA 	Keypress: escape
15.4226 	EXP 	Display Frame 2
15.4555 	EXP 	topMsg: text = "Thank you very much! \n\nThat's it with the tapping"
15.4555 	EXP 	bottomMsg: text = "Please relax for the ramaining time \n\n Press 'q' or 'escape' to end the session."
15.4555 	EXP 	Display TheEnd
18.6748 	DATA 	Keypress: q
