6.8906 	INFO 	---START PARAMETERS---
6.8907 	INFO 	filename: TappingWithTrTiming_Movie_d3.py-1-21-Jul_22_0538
6.8907 	INFO 	subject: 1
6.8907 	INFO 	session: 21
6.8907 	INFO 	date: Jul_22_0538
6.8907 	INFO 	blockDur_TRs: 12
6.8907 	INFO 	condition: vis
6.8907 	INFO 	fixCrossPos: [0, 0]
6.8907 	INFO 	fixCrossSize: 100
6.8907 	INFO 	fullScreen: True
6.8907 	INFO 	movieFolder: Images/
6.8907 	INFO 	movieSize: (1600, 1000)
6.8907 	INFO 	nBlocks: 48
6.8907 	INFO 	promptDir: Text/
6.8907 	INFO 	restDur_TRs: 12
6.8907 	INFO 	screenColor: (128, 128, 128)
6.8907 	INFO 	screenToShow: 0
6.8907 	INFO 	skipPrompts: False
6.8907 	INFO 	tStartup_TRs: 0
6.8908 	INFO 	textHeight: 40
6.8908 	INFO 	triggerKey: t
6.8908 	INFO 	---END PARAMETERS---
6.9341 	WARNING 	Movie2 stim could not be imported and won't be available
8.0362 	INFO 	Loaded monitor calibration from ['2019_02_04 16:32']
8.6011 	EXP 	Created win = Window(allowGUI=False, allowStencil=False, autoLog=True, bitsMode=UNKNOWN, blendMode='avg', color=array([ 128.,  128.,  128.]), colorSpace='rgb255', fullscr=UNKNOWN, gamma=None, lms=UNKNOWN, monitor=<psychopy.monitors.calibTools.Monitor instance at 0x12214e40>, name='win', pos=[0, 0], screen=0, size=array([1680, 1050]), stereo=False, units='deg', useFBO=False, viewOri=0.0, viewPos=None, viewScale=None, waitBlanking=True, winType='pyglet')
8.6032 	EXP 	Created fixCross = ShapeStim(autoDraw=False, autoLog=True, closeShape=False, contrast=1.0, depth=0, fillColor=None, fillColorSpace='rgb', fillRGB=None, interpolate=True, lineColor='#000000', lineColorSpace='hex', lineRGB=array([0, 0, 0]), lineWidth=3.0, name='fixCross', opacity=1.0, ori=array(0.0), pos=array([ 0.,  0.]), size=array([ 1.,  1.]), units='pix', vertices=ndarray(...), win=Window(...))
8.6484 	EXP 	Created topMsg = TextStim(alignHoriz='center', alignVert='center', antialias=True, autoLog=True, bold=False, color='#000000', colorSpace='hex', contrast=1.0, depth=0, flipHoriz=False, flipVert=False, font='', fontFiles=[], height=0.1, italic=False, name='topMsg', opacity=1.0, ori=0.0, pos=array([ 0. ,  0.5]), rgb=array([0, 0, 0]), text=u'aaa', units='norm', win=Window(...), wrapWidth=1.5)
8.6519 	EXP 	Created bottomMsg = TextStim(alignHoriz='center', alignVert='center', antialias=True, autoLog=True, bold=False, color='#000000', colorSpace='hex', contrast=1.0, depth=0, flipHoriz=False, flipVert=False, font='', fontFiles=[], height=0.1, italic=False, name='bottomMsg', opacity=1.0, ori=0.0, pos=array([ 0. , -0.5]), rgb=array([0, 0, 0]), text=u'bbb', units='norm', win=Window(...), wrapWidth=1.5)
8.6638 	EXP 	Created Movie Frame 0 = ImageStim(autoLog=True, color=array([ 1.,  1.,  1.]), colorSpace='rgb', contrast=1.0, depth=0, flipHoriz=False, flipVert=False, image='Images/visual_0.png', interpolate=False, mask=None, maskParams=None, name='Movie Frame 0', opacity=1.0, ori=0.0, pos=array([ 0.,  0.]), size=array([ 1600.,  1000.]), texRes=128, units='pix', win=Window(...))
8.6723 	EXP 	Created Movie Frame 1 = ImageStim(autoLog=True, color=array([ 1.,  1.,  1.]), colorSpace='rgb', contrast=1.0, depth=0, flipHoriz=False, flipVert=False, image='Images/visual_1.png', interpolate=False, mask=None, maskParams=None, name='Movie Frame 1', opacity=1.0, ori=0.0, pos=array([ 0.,  0.]), size=array([ 1600.,  1000.]), texRes=128, units='pix', win=Window(...))
8.6838 	EXP 	Created unnamed TextStim = TextStim(alignHoriz='center', alignVert='center', antialias=True, autoLog=True, bold=False, color='#000000', colorSpace='hex', contrast=1.0, depth=0, flipHoriz=False, flipVert=False, font='', fontFiles=[], height=40, italic=False, name='unnamed TextStim', opacity=1.0, ori=0.0, pos=array([   0.,  580.]), rgb=array([0, 0, 0]), text=u'look at the center', units='pix', win=Window(...), wrapWidth=1600)
8.7335 	EXP 	topMsg: text = 'You will see a flickering checkerboard. When it is on the screen, try to fixate the center of the checkerboard. When the fixation cross appears, relax and stare at the cross.'
8.7335 	EXP 	bottomMsg: text = 'The experiment will begin shortly'
8.7335 	EXP 	Display Instructions1
9.4654 	DATA 	Keypress: t
9.4828 	EXP 	topMsg: text = "Please don't move..."
9.4828 	EXP 	bottomMsg: text = ''
9.4828 	EXP 	PleaseDontMove
9.6000 	DATA 	Keypress: t
9.6161 	EXP 	Display Fixation
9.6161 	EXP 	---START EXPERIMENT---
9.6338 	EXP 	Display Fixation
9.7509 	DATA 	Keypress: t
9.8829 	DATA 	Keypress: t
10.0259 	DATA 	Keypress: t
10.1798 	DATA 	Keypress: t
10.3218 	DATA 	Keypress: t
10.4758 	DATA 	Keypress: t
10.6218 	DATA 	Keypress: t
10.7599 	DATA 	Keypress: t
10.9169 	DATA 	Keypress: t
11.0578 	DATA 	Keypress: t
11.2059 	DATA 	Keypress: t
11.3568 	DATA 	Keypress: t
11.5002 	EXP 	Display Frame 1
11.5011 	DATA 	Keypress: t
11.6171 	EXP 	Display Frame 0
11.7327 	DATA 	Keypress: t
11.7505 	EXP 	Display Frame 1
11.8665 	EXP 	Display Frame 0
12.0006 	EXP 	Display Frame 1
12.1167 	EXP 	Display Frame 0
12.2506 	EXP 	Display Frame 1
12.3666 	EXP 	Display Frame 0
12.5007 	EXP 	Display Frame 1
12.6166 	EXP 	Display Frame 0
12.7494 	EXP 	Display Frame 1
12.8666 	EXP 	Display Frame 0
13.0002 	EXP 	Display Frame 1
13.1165 	EXP 	Display Frame 0
13.2494 	EXP 	Display Frame 1
13.3666 	EXP 	Display Frame 0
13.4993 	EXP 	Display Frame 1
13.6165 	EXP 	Display Frame 0
13.7494 	EXP 	Display Frame 1
13.8666 	EXP 	Display Frame 0
13.9992 	EXP 	Display Frame 1
14.1166 	EXP 	Display Frame 0
14.2493 	EXP 	Display Frame 1
14.3666 	EXP 	Display Frame 0
14.4826 	DATA 	Keypress: q
14.4994 	EXP 	Display Frame 1
14.5496 	EXP 	topMsg: text = "Thank you very much! \n\nThat's it with the tapping"
14.5496 	EXP 	bottomMsg: text = "Please relax for the ramaining time \n\n Press 'q' or 'escape' to end the session."
14.5496 	EXP 	Display TheEnd
15.4219 	DATA 	Keypress: t
15.9256 	DATA 	Keypress: escape
