1.6653 	WARNING 	We strongly recommend you activate the PTB sound engine in PsychoPy prefs as the preferred audio engine. Its timing is vastly superior. Your prefs are currently set to use ['sounddevice', 'PTB', 'pyo', 'pygame'] (in that order).
8.5807 	INFO 	---START PARAMETERS---
8.5807 	INFO 	filename: TappingWithTrTiming_Movie_d3.py-1tt-73-Mar_18_1525
8.5808 	INFO 	subject: 1tt
8.5808 	INFO 	session: 73
8.5808 	INFO 	date: Mar_18_1525
8.5808 	INFO 	blockDur_TRs: 2
8.5808 	INFO 	condition: vis
8.5808 	INFO 	fixCrossPos: [0, 0]
8.5808 	INFO 	fixCrossSize: 100
8.5808 	INFO 	fullScreen: True
8.5808 	INFO 	movieFolder: Images/
8.5808 	INFO 	movieSize: (1600, 1000)
8.5808 	INFO 	nBlocks: 68
8.5808 	INFO 	promptDir: Text/
8.5808 	INFO 	restDur_TRs: 2
8.5808 	INFO 	screenColor: (128, 128, 128)
8.5808 	INFO 	screenToShow: 0
8.5808 	INFO 	skipPrompts: False
8.5808 	INFO 	tStartup_TRs: 0
8.5808 	INFO 	textHeight: 40
8.5808 	INFO 	triggerKey: t
8.5808 	INFO 	---END PARAMETERS---
9.7315 	INFO 	Loaded monitor calibration from ['2022_03_25 08:03']
11.7660 	WARNING 	Couldn't measure a consistent frame rate!
  - Is your graphics card set to sync to vertical blank?
  - Are you running other processes on your computer?

11.7670 	EXP 	Created win = Window(allowGUI=False, allowStencil=False, autoLog=True, backendConf=UNKNOWN, bitsMode=UNKNOWN, blendMode='avg', bpc=(8, 8, 8), color=array([128, 128, 128]), colorSpace='rgb255', depthBits=8, fullscr=<method-wrapper '__getattribute__' of attributeSetter object at 0x7fb27bb280a0>, gamma=None, gammaErrorPolicy='raise', lms=UNKNOWN, monitor=<psychopy.monitors.calibTools.Monitor object at 0x7fb328aed9a0>, multiSample=False, name='win', numSamples=2, pos=[480.0, 270.0], screen=0, size=array([3840, 2160]), stencilBits=0, stereo=False, units='deg', useFBO=False, useRetina=True, viewOri=0.0, viewPos=None, viewScale=None, waitBlanking=True, winType='pyglet')
11.7674 	EXP 	win: mouseVisible = True
11.7769 	EXP 	Created fixCross = ShapeStim(__class__=<class 'psychopy.visual.shape.ShapeStim'>, anchor=('center', 'center'), autoDraw=False, autoLog=True, closeShape=False, color=method-wrapper(...), colorSpace='rgb', contrast=None, depth=0, fillColor=array([0, 0, 0]), fillColorSpace='rgb', fillRGB=array([0, 0, 0]), interpolate=True, lineColor=array([-1., -1., -1.]), lineColorSpace='rgb', lineRGB=array([-1., -1., -1.]), lineWidth=3.0, name='fixCross', opacity=0.5, ori=0.0, pos=array([0., 0.]), size=array([1., 1.]), units='pix', vertices=ndarray(...), win=Window(...), windingRule=None)
11.7776 	WARNING 	TextStim.alignHoriz is deprecated. Use alignText and anchorHoriz attributes instead
11.8140 	EXP 	Created topMsg = TextStim(__class__=<class 'psychopy.visual.text.TextStim'>, alignHoriz='center', alignText='center', alignVert=method-wrapper(...), anchorHoriz='center', anchorVert='center', antialias=True, autoLog=True, bold=False, color=array([-1., -1., -1.]), colorSpace='rgb', contrast=1.0, depth=0, flipHoriz=False, flipVert=False, font='', fontFiles=[], height=0.1, italic=False, languageStyle='LTR', name='topMsg', opacity=1.0, ori=0.0, pos=array([0. , 0.5]), rgb=UNKNOWN, text='aaa', units='norm', win=Window(...), wrapWidth=1.5)
11.8142 	WARNING 	TextStim.alignHoriz is deprecated. Use alignText and anchorHoriz attributes instead
11.8170 	EXP 	Created bottomMsg = TextStim(__class__=<class 'psychopy.visual.text.TextStim'>, alignHoriz='center', alignText='center', alignVert=method-wrapper(...), anchorHoriz='center', anchorVert='center', antialias=True, autoLog=True, bold=False, color=array([-1., -1., -1.]), colorSpace='rgb', contrast=1.0, depth=0, flipHoriz=False, flipVert=False, font='', fontFiles=[], height=0.1, italic=False, languageStyle='LTR', name='bottomMsg', opacity=1.0, ori=0.0, pos=array([ 0. , -0.5]), rgb=UNKNOWN, text='bbb', units='norm', win=Window(...), wrapWidth=1.5)
11.8465 	EXP 	Created Movie Frame 0 = ImageStim(__class__=<class 'psychopy.visual.image.ImageStim'>, anchor=('center', 'center'), autoLog=True, color=array([1., 1., 1.]), colorSpace='rgb', contrast=1.0, depth=0, flipHoriz=False, flipVert=False, image='Images/visual_0.png', interpolate=False, mask=None, maskParams=None, name='Movie Frame 0', opacity=1, ori=0.0, pos=array([0., 0.]), size=array([1600., 1000.]), texRes=128, units='pix', win=Window(...))
11.8620 	EXP 	Created Movie Frame 1 = ImageStim(__class__=<class 'psychopy.visual.image.ImageStim'>, anchor=('center', 'center'), autoLog=True, color=array([1., 1., 1.]), colorSpace='rgb', contrast=1.0, depth=0, flipHoriz=False, flipVert=False, image='Images/visual_1.png', interpolate=False, mask=None, maskParams=None, name='Movie Frame 1', opacity=1, ori=0.0, pos=array([0., 0.]), size=array([1600., 1000.]), texRes=128, units='pix', win=Window(...))
11.8697 	EXP 	Created unnamed TextStim = TextStim(__class__=<class 'psychopy.visual.text.TextStim'>, alignHoriz=method-wrapper(...), alignText='center', alignVert=method-wrapper(...), anchorHoriz='center', anchorVert='center', antialias=True, autoLog=True, bold=False, color=array([-1., -1., -1.]), colorSpace='rgb', contrast=1.0, depth=0, flipHoriz=False, flipVert=False, font='', fontFiles=[], height=40.0, italic=False, languageStyle='LTR', name='unnamed TextStim', opacity=1.0, ori=0.0, pos=array([  0., 580.]), rgb=UNKNOWN, text='look at the center', units='pix', win=Window(...), wrapWidth=1600)
11.8874 	WARNING 	t of last frame was 121.62ms (=1/8)
11.8874 	EXP 	topMsg: height = 0.1
11.8874 	EXP 	topMsg: height = 0.1
11.8874 	EXP 	topMsg: text = 'You will see a flickering checkerboard. When it is on the screen, try to fixate the center of the checkerboard. When the fixation cross appears, relax and stare at the cross.'
11.8874 	EXP 	bottomMsg: height = 0.1
11.8874 	EXP 	bottomMsg: height = 0.1
11.8874 	EXP 	bottomMsg: text = 'The experiment will begin shortly'
11.8874 	EXP 	Display Instructions1
30.7630 	DATA 	Keypress: space
30.7734 	WARNING 	t of last frame was 18885.93ms (=1/0)
30.7734 	EXP 	topMsg: height = 0.1
30.7734 	EXP 	topMsg: height = 0.1
30.7734 	EXP 	topMsg: text = "Please don't move..."
30.7734 	EXP 	bottomMsg: height = 0.1
30.7734 	EXP 	bottomMsg: height = 0.1
30.7734 	EXP 	bottomMsg: text = ''
30.7734 	EXP 	PleaseDontMove
60.8979 	DATA 	Keypress: t
60.9031 	WARNING 	t of last frame was 30129.76ms (=1/0)
60.9031 	EXP 	Display Fixation
60.9035 	EXP 	---START EXPERIMENT---
60.9066 	EXP 	Display Fixation
62.3896 	DATA 	Keypress: t
105.5769 	DATA 	Keypress: t
105.5801 	WARNING 	t of last frame was 44673.49ms (=1/0)
105.7062 	WARNING 	Multiple dropped frames have occurred - I'll stop bothering you about them!
105.7061 	EXP 	Display Frame 1
105.8292 	EXP 	Display Frame 0
105.9542 	EXP 	Display Frame 1
106.0791 	EXP 	Display Frame 0
106.2042 	EXP 	Display Frame 1
106.3294 	EXP 	Display Frame 0
106.4543 	EXP 	Display Frame 1
106.5795 	EXP 	Display Frame 0
106.7045 	EXP 	Display Frame 1
106.8293 	EXP 	Display Frame 0
106.9543 	EXP 	Display Frame 1
107.0791 	DATA 	Keypress: t
107.0813 	EXP 	Display Frame 0
107.2041 	EXP 	Display Frame 1
107.3291 	EXP 	Display Frame 0
107.4542 	EXP 	Display Frame 1
107.5794 	EXP 	Display Frame 0
107.7044 	EXP 	Display Frame 1
107.8292 	EXP 	Display Frame 0
107.9544 	EXP 	Display Frame 1
108.0793 	EXP 	Display Frame 0
108.2041 	EXP 	Display Frame 1
108.3298 	EXP 	Display Frame 0
108.4556 	EXP 	Display Frame 1
108.5790 	EXP 	Display Frame 0
108.7042 	EXP 	Display Frame 1
108.8293 	EXP 	Display Frame 0
108.9542 	EXP 	Display Frame 1
109.0794 	EXP 	Display Frame 0
109.2043 	EXP 	Display Frame 1
109.3293 	EXP 	Display Frame 0
109.4544 	EXP 	Display Frame 1
109.5794 	EXP 	Display Frame 0
109.7044 	EXP 	Display Frame 1
109.8292 	EXP 	Display Frame 0
109.9542 	EXP 	Display Frame 1
110.0791 	EXP 	Display Frame 0
110.2040 	EXP 	Display Frame 1
110.3294 	EXP 	Display Frame 0
110.4540 	EXP 	Display Frame 1
110.5793 	EXP 	Display Frame 0
110.7045 	EXP 	Display Frame 1
110.8291 	EXP 	Display Frame 0
110.9540 	EXP 	Display Frame 1
111.0792 	EXP 	Display Frame 0
111.2045 	EXP 	Display Frame 1
111.3296 	EXP 	Display Frame 0
111.4542 	EXP 	Display Frame 1
111.5791 	EXP 	Display Frame 0
111.7041 	EXP 	Display Frame 1
111.8294 	EXP 	Display Frame 0
111.9543 	EXP 	Display Frame 1
112.0793 	EXP 	Display Frame 0
112.2044 	EXP 	Display Frame 1
112.3293 	EXP 	Display Frame 0
112.4543 	EXP 	Display Frame 1
112.5792 	EXP 	Display Frame 0
112.7046 	EXP 	Display Frame 1
112.8289 	EXP 	Display Frame 0
112.9540 	EXP 	Display Frame 1
113.0794 	EXP 	Display Frame 0
113.2043 	EXP 	Display Frame 1
113.3292 	EXP 	Display Frame 0
113.4544 	EXP 	Display Frame 1
113.5791 	EXP 	Display Frame 0
113.7041 	EXP 	Display Frame 1
113.8296 	EXP 	Display Frame 0
113.9545 	EXP 	Display Frame 1
114.0790 	EXP 	Display Frame 0
114.2042 	EXP 	Display Frame 1
114.3289 	EXP 	Display Frame 0
114.4552 	EXP 	Display Frame 1
114.5792 	EXP 	Display Frame 0
114.7041 	EXP 	Display Frame 1
114.8291 	EXP 	Display Frame 0
114.9542 	EXP 	Display Frame 1
115.0793 	EXP 	Display Frame 0
115.2043 	EXP 	Display Frame 1
115.3292 	EXP 	Display Frame 0
115.4543 	EXP 	Display Frame 1
115.5793 	EXP 	Display Frame 0
115.7040 	EXP 	Display Frame 1
115.8294 	EXP 	Display Frame 0
115.9543 	EXP 	Display Frame 1
116.0792 	EXP 	Display Frame 0
116.2044 	EXP 	Display Frame 1
116.3293 	EXP 	Display Frame 0
116.4542 	EXP 	Display Frame 1
116.5794 	EXP 	Display Frame 0
116.7043 	EXP 	Display Frame 1
116.8294 	EXP 	Display Frame 0
116.9544 	EXP 	Display Frame 1
117.0793 	EXP 	Display Frame 0
117.2043 	EXP 	Display Frame 1
117.3293 	EXP 	Display Frame 0
117.4543 	EXP 	Display Frame 1
117.5793 	EXP 	Display Frame 0
117.7042 	EXP 	Display Frame 1
117.8294 	EXP 	Display Frame 0
117.9543 	EXP 	Display Frame 1
118.0794 	EXP 	Display Frame 0
118.2045 	EXP 	Display Frame 1
118.3293 	EXP 	Display Frame 0
118.4542 	EXP 	Display Frame 1
118.5794 	EXP 	Display Frame 0
118.7043 	EXP 	Display Frame 1
118.8292 	EXP 	Display Frame 0
118.9543 	EXP 	Display Frame 1
119.0793 	EXP 	Display Frame 0
119.2043 	EXP 	Display Frame 1
119.3300 	EXP 	Display Frame 0
119.4558 	EXP 	Display Frame 1
119.5790 	EXP 	Display Frame 0
119.7042 	EXP 	Display Frame 1
119.8305 	EXP 	Display Frame 0
119.9543 	EXP 	Display Frame 1
120.0792 	EXP 	Display Frame 0
120.2044 	EXP 	Display Frame 1
120.3293 	EXP 	Display Frame 0
120.4542 	EXP 	Display Frame 1
120.5794 	EXP 	Display Frame 0
120.7042 	EXP 	Display Frame 1
120.8294 	EXP 	Display Frame 0
120.9544 	EXP 	Display Frame 1
121.0793 	EXP 	Display Frame 0
121.2042 	EXP 	Display Frame 1
121.3294 	EXP 	Display Frame 0
121.4541 	EXP 	Display Frame 1
121.5793 	EXP 	Display Frame 0
121.7045 	EXP 	Display Frame 1
121.8293 	EXP 	Display Frame 0
121.9543 	EXP 	Display Frame 1
122.0792 	EXP 	Display Frame 0
122.2044 	EXP 	Display Frame 1
122.3294 	EXP 	Display Frame 0
122.4542 	EXP 	Display Frame 1
122.5794 	EXP 	Display Frame 0
122.7043 	EXP 	Display Frame 1
122.8293 	EXP 	Display Frame 0
122.9544 	EXP 	Display Frame 1
123.0789 	EXP 	Display Frame 0
123.2043 	EXP 	Display Frame 1
123.3294 	EXP 	Display Frame 0
123.4543 	EXP 	Display Frame 1
123.5792 	EXP 	Display Frame 0
123.7045 	EXP 	Display Frame 1
123.8293 	EXP 	Display Frame 0
123.9542 	EXP 	Display Frame 1
124.0794 	EXP 	Display Frame 0
124.2044 	EXP 	Display Frame 1
124.3293 	EXP 	Display Frame 0
124.4544 	EXP 	Display Frame 1
124.5795 	EXP 	Display Frame 0
124.7043 	EXP 	Display Frame 1
124.8296 	EXP 	Display Frame 0
124.9544 	EXP 	Display Frame 1
125.0791 	EXP 	Display Frame 0
125.2041 	EXP 	Display Frame 1
125.3294 	EXP 	Display Frame 0
125.4542 	EXP 	Display Frame 1
125.5794 	EXP 	Display Frame 0
125.7042 	EXP 	Display Frame 1
125.8293 	EXP 	Display Frame 0
125.9543 	EXP 	Display Frame 1
126.0795 	EXP 	Display Frame 0
126.2043 	EXP 	Display Frame 1
126.3292 	EXP 	Display Frame 0
126.4543 	EXP 	Display Frame 1
126.5794 	EXP 	Display Frame 0
126.7043 	EXP 	Display Frame 1
126.8293 	EXP 	Display Frame 0
126.9543 	EXP 	Display Frame 1
127.0789 	EXP 	Display Frame 0
127.2043 	EXP 	Display Frame 1
127.3294 	EXP 	Display Frame 0
127.4542 	EXP 	Display Frame 1
127.5792 	EXP 	Display Frame 0
127.7045 	EXP 	Display Frame 1
127.8293 	EXP 	Display Frame 0
127.9542 	EXP 	Display Frame 1
128.0794 	EXP 	Display Frame 0
128.2044 	EXP 	Display Frame 1
128.3292 	EXP 	Display Frame 0
128.4543 	EXP 	Display Frame 1
128.5794 	EXP 	Display Frame 0
128.7042 	EXP 	Display Frame 1
128.8294 	EXP 	Display Frame 0
128.9543 	EXP 	Display Frame 1
129.0794 	EXP 	Display Frame 0
129.2044 	EXP 	Display Frame 1
129.3293 	EXP 	Display Frame 0
129.4552 	EXP 	Display Frame 1
129.5792 	EXP 	Display Frame 0
129.7041 	EXP 	Display Frame 1
129.8293 	EXP 	Display Frame 0
129.9542 	EXP 	Display Frame 1
130.0794 	EXP 	Display Frame 0
130.2044 	EXP 	Display Frame 1
130.3298 	EXP 	Display Frame 0
130.4556 	EXP 	Display Frame 1
130.5794 	EXP 	Display Frame 0
130.7040 	EXP 	Display Frame 1
130.8294 	EXP 	Display Frame 0
130.9543 	EXP 	Display Frame 1
131.0790 	EXP 	Display Frame 0
131.2044 	EXP 	Display Frame 1
131.3293 	EXP 	Display Frame 0
131.4543 	EXP 	Display Frame 1
131.5794 	EXP 	Display Frame 0
131.7043 	EXP 	Display Frame 1
131.8293 	EXP 	Display Frame 0
131.9544 	EXP 	Display Frame 1
132.0794 	EXP 	Display Frame 0
132.2043 	EXP 	Display Frame 1
132.3292 	EXP 	Display Frame 0
132.4543 	EXP 	Display Frame 1
132.5793 	EXP 	Display Frame 0
132.7043 	EXP 	Display Frame 1
132.8294 	EXP 	Display Frame 0
132.9543 	EXP 	Display Frame 1
133.0795 	EXP 	Display Frame 0
133.2044 	EXP 	Display Frame 1
133.3295 	EXP 	Display Frame 0
133.4540 	EXP 	Display Frame 1
133.5794 	EXP 	Display Frame 0
133.7043 	EXP 	Display Frame 1
133.8292 	EXP 	Display Frame 0
133.9544 	EXP 	Display Frame 1
134.0793 	EXP 	Display Frame 0
134.2041 	EXP 	Display Frame 1
134.3293 	EXP 	Display Frame 0
134.4546 	EXP 	Display Frame 1
134.5790 	EXP 	Display Frame 0
134.7043 	EXP 	Display Frame 1
134.8295 	EXP 	Display Frame 0
134.9543 	EXP 	Display Frame 1
135.0792 	EXP 	Display Frame 0
135.2045 	EXP 	Display Frame 1
135.3295 	EXP 	Display Frame 0
135.4540 	EXP 	Display Frame 1
135.5796 	EXP 	Display Frame 0
135.7041 	EXP 	Display Frame 1
135.8296 	EXP 	Display Frame 0
135.9551 	EXP 	Display Frame 1
136.0791 	EXP 	Display Frame 0
136.2041 	EXP 	Display Frame 1
136.3295 	EXP 	Display Frame 0
136.4543 	EXP 	Display Frame 1
136.5793 	EXP 	Display Frame 0
136.7044 	EXP 	Display Frame 1
136.8293 	EXP 	Display Frame 0
136.9543 	EXP 	Display Frame 1
137.0792 	EXP 	Display Frame 0
137.2044 	EXP 	Display Frame 1
137.3293 	EXP 	Display Frame 0
137.4541 	EXP 	Display Frame 1
137.5794 	EXP 	Display Frame 0
137.7043 	EXP 	Display Frame 1
137.8292 	EXP 	Display Frame 0
137.9544 	EXP 	Display Frame 1
138.0793 	EXP 	Display Frame 0
138.2046 	EXP 	Display Frame 1
138.3291 	EXP 	Display Frame 0
138.4541 	EXP 	Display Frame 1
138.5792 	EXP 	Display Frame 0
138.7044 	EXP 	Display Frame 1
138.8293 	EXP 	Display Frame 0
138.9542 	EXP 	Display Frame 1
139.0795 	EXP 	Display Frame 0
139.2043 	EXP 	Display Frame 1
139.3293 	EXP 	Display Frame 0
139.4544 	EXP 	Display Frame 1
139.5794 	EXP 	Display Frame 0
139.7044 	EXP 	Display Frame 1
139.8292 	EXP 	Display Frame 0
139.9544 	EXP 	Display Frame 1
140.0794 	EXP 	Display Frame 0
140.2042 	EXP 	Display Frame 1
140.3294 	EXP 	Display Frame 0
140.4538 	EXP 	Display Frame 1
140.5796 	EXP 	Display Frame 0
140.7044 	EXP 	Display Frame 1
140.8289 	EXP 	Display Frame 0
140.9542 	EXP 	Display Frame 1
141.0795 	EXP 	Display Frame 0
141.2045 	EXP 	Display Frame 1
141.3293 	EXP 	Display Frame 0
141.4540 	EXP 	Display Frame 1
141.5792 	EXP 	Display Frame 0
141.7041 	EXP 	Display Frame 1
141.8294 	EXP 	Display Frame 0
141.9543 	EXP 	Display Frame 1
142.0793 	EXP 	Display Frame 0
142.2042 	EXP 	Display Frame 1
142.3293 	EXP 	Display Frame 0
142.4538 	EXP 	Display Frame 1
142.5791 	EXP 	Display Frame 0
142.7044 	EXP 	Display Frame 1
142.8293 	EXP 	Display Frame 0
142.9542 	EXP 	Display Frame 1
143.0794 	EXP 	Display Frame 0
143.2043 	EXP 	Display Frame 1
143.3292 	EXP 	Display Frame 0
143.4534 	EXP 	Display Frame 1
143.5793 	EXP 	Display Frame 0
143.7042 	EXP 	Display Frame 1
143.8294 	EXP 	Display Frame 0
143.9543 	EXP 	Display Frame 1
144.0794 	EXP 	Display Frame 0
144.2042 	EXP 	Display Frame 1
144.3293 	EXP 	Display Frame 0
144.4535 	EXP 	Display Frame 1
144.5792 	EXP 	Display Frame 0
144.7045 	EXP 	Display Frame 1
144.8293 	EXP 	Display Frame 0
144.9542 	EXP 	Display Frame 1
145.0794 	EXP 	Display Frame 0
145.2043 	EXP 	Display Frame 1
145.3292 	EXP 	Display Frame 0
145.4537 	EXP 	Display Frame 1
145.5794 	EXP 	Display Frame 0
145.7040 	EXP 	Display Frame 1
145.8294 	EXP 	Display Frame 0
145.9543 	EXP 	Display Frame 1
146.0793 	EXP 	Display Frame 0
146.2044 	EXP 	Display Frame 1
146.3293 	EXP 	Display Frame 0
146.4543 	EXP 	Display Frame 1
146.5790 	EXP 	Display Frame 0
146.7044 	EXP 	Display Frame 1
146.8296 	EXP 	Display Frame 0
146.9554 	EXP 	Display Frame 1
147.0791 	EXP 	Display Frame 0
147.2041 	EXP 	Display Frame 1
147.3293 	EXP 	Display Frame 0
147.4547 	EXP 	Display Frame 1
147.5791 	EXP 	Display Frame 0
147.7041 	EXP 	Display Frame 1
147.8294 	EXP 	Display Frame 0
147.9543 	EXP 	Display Frame 1
148.0795 	EXP 	Display Frame 0
148.2044 	EXP 	Display Frame 1
148.3288 	EXP 	Display Frame 0
148.4543 	EXP 	Display Frame 1
148.5792 	EXP 	Display Frame 0
148.7045 	EXP 	Display Frame 1
148.8293 	EXP 	Display Frame 0
148.9544 	EXP 	Display Frame 1
149.0793 	EXP 	Display Frame 0
149.2043 	EXP 	Display Frame 1
149.3292 	EXP 	Display Frame 0
149.4544 	EXP 	Display Frame 1
149.5793 	EXP 	Display Frame 0
149.7044 	EXP 	Display Frame 1
149.8294 	EXP 	Display Frame 0
149.9543 	EXP 	Display Frame 1
150.0792 	EXP 	Display Frame 0
150.2044 	EXP 	Display Frame 1
150.3292 	DATA 	Keypress: t
150.3317 	EXP 	Display Frame 0
150.3355 	EXP 	Display Fixation
151.7420 	DATA 	Keypress: t
194.9364 	DATA 	Keypress: t
195.0638 	EXP 	Display Frame 1
195.1885 	EXP 	Display Frame 0
195.3137 	EXP 	Display Frame 1
195.4389 	EXP 	Display Frame 0
195.5635 	EXP 	Display Frame 1
195.6886 	EXP 	Display Frame 0
195.8138 	EXP 	Display Frame 1
195.9388 	EXP 	Display Frame 0
196.0639 	EXP 	Display Frame 1
196.1888 	EXP 	Display Frame 0
196.3138 	EXP 	Display Frame 1
196.4379 	DATA 	Keypress: t
196.4399 	EXP 	Display Frame 0
196.5635 	EXP 	Display Frame 1
196.6886 	EXP 	Display Frame 0
196.8139 	EXP 	Display Frame 1
196.9388 	EXP 	Display Frame 0
197.0638 	EXP 	Display Frame 1
197.1887 	EXP 	Display Frame 0
197.3138 	EXP 	Display Frame 1
197.4388 	EXP 	Display Frame 0
197.5637 	EXP 	Display Frame 1
197.6889 	EXP 	Display Frame 0
197.8138 	EXP 	Display Frame 1
197.9387 	EXP 	Display Frame 0
198.0639 	EXP 	Display Frame 1
198.1888 	EXP 	Display Frame 0
198.3137 	EXP 	Display Frame 1
198.4397 	EXP 	Display Frame 0
198.5636 	EXP 	Display Frame 1
198.6885 	EXP 	Display Frame 0
198.8137 	EXP 	Display Frame 1
198.9388 	EXP 	Display Frame 0
199.0637 	EXP 	Display Frame 1
199.1889 	EXP 	Display Frame 0
199.3138 	EXP 	Display Frame 1
199.4397 	EXP 	Display Frame 0
199.5637 	EXP 	Display Frame 1
199.6886 	EXP 	Display Frame 0
199.8139 	EXP 	Display Frame 1
199.9386 	EXP 	Display Frame 0
200.0639 	EXP 	Display Frame 1
200.1888 	EXP 	Display Frame 0
200.3138 	EXP 	Display Frame 1
200.4391 	EXP 	Display Frame 0
200.5636 	EXP 	Display Frame 1
200.6892 	EXP 	Display Frame 0
200.8137 	EXP 	Display Frame 1
200.9386 	EXP 	Display Frame 0
201.0637 	EXP 	Display Frame 1
201.1889 	EXP 	Display Frame 0
201.3138 	EXP 	Display Frame 1
201.4387 	EXP 	Display Frame 0
201.5637 	EXP 	Display Frame 1
201.6888 	EXP 	Display Frame 0
201.8138 	EXP 	Display Frame 1
201.9387 	EXP 	Display Frame 0
202.0637 	EXP 	Display Frame 1
202.1887 	EXP 	Display Frame 0
202.3137 	EXP 	Display Frame 1
202.4390 	EXP 	Display Frame 0
202.5641 	EXP 	Display Frame 1
202.6892 	EXP 	Display Frame 0
202.8135 	EXP 	Display Frame 1
202.9386 	EXP 	Display Frame 0
203.0640 	EXP 	Display Frame 1
203.1888 	EXP 	Display Frame 0
203.3137 	EXP 	Display Frame 1
203.4393 	EXP 	Display Frame 0
203.5637 	EXP 	Display Frame 1
203.6886 	EXP 	Display Frame 0
203.8138 	EXP 	Display Frame 1
203.9389 	EXP 	Display Frame 0
204.0638 	EXP 	Display Frame 1
204.1887 	EXP 	Display Frame 0
204.3137 	EXP 	Display Frame 1
204.4396 	EXP 	Display Frame 0
204.5636 	EXP 	Display Frame 1
204.6885 	EXP 	Display Frame 0
204.8136 	EXP 	Display Frame 1
204.9386 	EXP 	Display Frame 0
205.0637 	EXP 	Display Frame 1
205.1888 	EXP 	Display Frame 0
205.3138 	EXP 	Display Frame 1
205.4387 	EXP 	Display Frame 0
205.5638 	EXP 	Display Frame 1
205.6889 	EXP 	Display Frame 0
205.8138 	EXP 	Display Frame 1
205.9389 	EXP 	Display Frame 0
206.0638 	EXP 	Display Frame 1
206.1887 	EXP 	Display Frame 0
206.3142 	EXP 	Display Frame 1
206.4389 	EXP 	Display Frame 0
206.5641 	EXP 	Display Frame 1
206.6887 	EXP 	Display Frame 0
206.8136 	EXP 	Display Frame 1
206.9389 	EXP 	Display Frame 0
207.0637 	EXP 	Display Frame 1
207.1884 	EXP 	Display Frame 0
207.3135 	EXP 	Display Frame 1
207.4385 	EXP 	Display Frame 0
207.5637 	EXP 	Display Frame 1
207.6894 	EXP 	Display Frame 0
207.8137 	EXP 	Display Frame 1
207.9389 	EXP 	Display Frame 0
208.0638 	EXP 	Display Frame 1
208.1885 	EXP 	Display Frame 0
208.3139 	EXP 	Display Frame 1
208.4399 	EXP 	Display Frame 0
208.5635 	EXP 	Display Frame 1
208.6887 	EXP 	Display Frame 0
208.8138 	EXP 	Display Frame 1
208.9387 	EXP 	Display Frame 0
209.0639 	EXP 	Display Frame 1
209.1888 	EXP 	Display Frame 0
209.3138 	EXP 	Display Frame 1
209.4391 	EXP 	Display Frame 0
209.5634 	EXP 	Display Frame 1
209.6887 	EXP 	Display Frame 0
209.8138 	EXP 	Display Frame 1
209.9388 	EXP 	Display Frame 0
210.0638 	EXP 	Display Frame 1
210.1887 	EXP 	Display Frame 0
210.3139 	EXP 	Display Frame 1
210.4388 	EXP 	Display Frame 0
210.5637 	EXP 	Display Frame 1
210.6893 	EXP 	Display Frame 0
210.8134 	EXP 	Display Frame 1
210.9386 	EXP 	Display Frame 0
211.0639 	EXP 	Display Frame 1
211.1885 	EXP 	Display Frame 0
211.3138 	EXP 	Display Frame 1
211.4389 	EXP 	Display Frame 0
211.5638 	EXP 	Display Frame 1
211.6889 	EXP 	Display Frame 0
211.8140 	EXP 	Display Frame 1
211.9389 	EXP 	Display Frame 0
212.0638 	EXP 	Display Frame 1
212.1889 	EXP 	Display Frame 0
212.3139 	EXP 	Display Frame 1
212.4389 	EXP 	Display Frame 0
212.5639 	EXP 	Display Frame 1
212.6887 	EXP 	Display Frame 0
212.8138 	EXP 	Display Frame 1
212.9385 	EXP 	Display Frame 0
213.0637 	EXP 	Display Frame 1
213.1890 	EXP 	Display Frame 0
213.3135 	EXP 	Display Frame 1
213.4390 	EXP 	Display Frame 0
213.5638 	EXP 	Display Frame 1
213.6887 	EXP 	Display Frame 0
213.8141 	EXP 	Display Frame 1
213.9388 	EXP 	Display Frame 0
214.0638 	EXP 	Display Frame 1
214.1889 	EXP 	Display Frame 0
214.3138 	EXP 	Display Frame 1
214.4388 	EXP 	Display Frame 0
214.5640 	EXP 	Display Frame 1
214.6889 	EXP 	Display Frame 0
214.8136 	EXP 	Display Frame 1
214.9385 	EXP 	Display Frame 0
215.0639 	EXP 	Display Frame 1
215.1887 	EXP 	Display Frame 0
215.3139 	EXP 	Display Frame 1
215.4389 	EXP 	Display Frame 0
215.5638 	EXP 	Display Frame 1
215.6887 	EXP 	Display Frame 0
215.8140 	EXP 	Display Frame 1
215.9388 	EXP 	Display Frame 0
216.0637 	EXP 	Display Frame 1
216.1889 	EXP 	Display Frame 0
216.3138 	EXP 	Display Frame 1
216.4387 	EXP 	Display Frame 0
216.5639 	EXP 	Display Frame 1
216.6888 	EXP 	Display Frame 0
216.8138 	EXP 	Display Frame 1
216.9387 	EXP 	Display Frame 0
217.0638 	EXP 	Display Frame 1
217.1887 	EXP 	Display Frame 0
217.3138 	EXP 	Display Frame 1
217.4388 	EXP 	Display Frame 0
217.5638 	EXP 	Display Frame 1
217.6888 	EXP 	Display Frame 0
217.8140 	EXP 	Display Frame 1
217.9388 	EXP 	Display Frame 0
218.0639 	EXP 	Display Frame 1
218.1890 	EXP 	Display Frame 0
218.3136 	EXP 	Display Frame 1
218.4385 	EXP 	Display Frame 0
218.5635 	EXP 	Display Frame 1
218.6884 	EXP 	Display Frame 0
218.8139 	EXP 	Display Frame 1
218.9389 	EXP 	Display Frame 0
219.0638 	EXP 	Display Frame 1
219.1887 	EXP 	Display Frame 0
219.3139 	EXP 	Display Frame 1
219.4388 	EXP 	Display Frame 0
219.5638 	EXP 	Display Frame 1
219.6887 	EXP 	Display Frame 0
219.8138 	EXP 	Display Frame 1
219.9390 	EXP 	Display Frame 0
220.0635 	EXP 	Display Frame 1
220.1887 	EXP 	Display Frame 0
220.3137 	EXP 	Display Frame 1
220.4387 	EXP 	Display Frame 0
220.5639 	EXP 	Display Frame 1
220.6882 	EXP 	Display Frame 0
220.8135 	EXP 	Display Frame 1
220.9387 	EXP 	Display Frame 0
221.0638 	EXP 	Display Frame 1
221.1887 	EXP 	Display Frame 0
221.3139 	EXP 	Display Frame 1
221.4388 	EXP 	Display Frame 0
221.5642 	EXP 	Display Frame 1
221.6887 	EXP 	Display Frame 0
221.8137 	EXP 	Display Frame 1
221.9388 	EXP 	Display Frame 0
222.0637 	EXP 	Display Frame 1
222.1888 	EXP 	Display Frame 0
222.3138 	EXP 	Display Frame 1
222.4387 	EXP 	Display Frame 0
222.5638 	EXP 	Display Frame 1
222.6887 	EXP 	Display Frame 0
222.8139 	EXP 	Display Frame 1
222.9387 	EXP 	Display Frame 0
223.0638 	EXP 	Display Frame 1
223.1887 	EXP 	Display Frame 0
223.3139 	EXP 	Display Frame 1
223.4388 	EXP 	Display Frame 0
223.5637 	EXP 	Display Frame 1
223.6889 	EXP 	Display Frame 0
223.8134 	EXP 	Display Frame 1
223.9385 	EXP 	Display Frame 0
224.0634 	EXP 	Display Frame 1
224.1888 	EXP 	Display Frame 0
224.3138 	EXP 	Display Frame 1
224.4392 	EXP 	Display Frame 0
224.5635 	EXP 	Display Frame 1
224.6888 	EXP 	Display Frame 0
224.8135 	EXP 	Display Frame 1
224.9387 	EXP 	Display Frame 0
225.0638 	EXP 	Display Frame 1
225.1891 	EXP 	Display Frame 0
225.3140 	EXP 	Display Frame 1
225.4389 	EXP 	Display Frame 0
225.5637 	EXP 	Display Frame 1
225.6889 	EXP 	Display Frame 0
225.8138 	EXP 	Display Frame 1
225.9389 	EXP 	Display Frame 0
226.0639 	EXP 	Display Frame 1
226.1888 	EXP 	Display Frame 0
226.3138 	EXP 	Display Frame 1
226.4389 	EXP 	Display Frame 0
226.5638 	EXP 	Display Frame 1
226.6888 	EXP 	Display Frame 0
226.8139 	EXP 	Display Frame 1
226.9388 	EXP 	Display Frame 0
227.0638 	EXP 	Display Frame 1
227.1887 	EXP 	Display Frame 0
227.3139 	EXP 	Display Frame 1
227.4388 	EXP 	Display Frame 0
227.5637 	EXP 	Display Frame 1
227.6888 	EXP 	Display Frame 0
227.8138 	EXP 	Display Frame 1
227.9387 	EXP 	Display Frame 0
228.0639 	EXP 	Display Frame 1
228.1888 	EXP 	Display Frame 0
228.3137 	EXP 	Display Frame 1
228.4389 	EXP 	Display Frame 0
228.5639 	EXP 	Display Frame 1
228.6887 	EXP 	Display Frame 0
228.8139 	EXP 	Display Frame 1
228.9388 	EXP 	Display Frame 0
229.0638 	EXP 	Display Frame 1
229.1887 	EXP 	Display Frame 0
229.3134 	EXP 	Display Frame 1
229.4385 	EXP 	Display Frame 0
229.5635 	EXP 	Display Frame 1
229.6887 	EXP 	Display Frame 0
229.8138 	EXP 	Display Frame 1
229.9387 	EXP 	Display Frame 0
230.0639 	EXP 	Display Frame 1
230.1888 	EXP 	Display Frame 0
230.3137 	EXP 	Display Frame 1
230.4389 	EXP 	Display Frame 0
230.5638 	EXP 	Display Frame 1
230.6885 	EXP 	Display Frame 0
230.8139 	EXP 	Display Frame 1
230.9387 	EXP 	Display Frame 0
231.0638 	EXP 	Display Frame 1
231.1889 	EXP 	Display Frame 0
231.3138 	EXP 	Display Frame 1
231.4396 	EXP 	Display Frame 0
231.5637 	EXP 	Display Frame 1
231.6887 	EXP 	Display Frame 0
231.8138 	EXP 	Display Frame 1
231.9388 	EXP 	Display Frame 0
232.0638 	EXP 	Display Frame 1
232.1888 	EXP 	Display Frame 0
232.3137 	EXP 	Display Frame 1
232.4389 	EXP 	Display Frame 0
232.5637 	EXP 	Display Frame 1
232.6887 	EXP 	Display Frame 0
232.8139 	EXP 	Display Frame 1
232.9388 	EXP 	Display Frame 0
233.0638 	EXP 	Display Frame 1
233.1889 	EXP 	Display Frame 0
233.3138 	EXP 	Display Frame 1
233.4387 	EXP 	Display Frame 0
233.5639 	EXP 	Display Frame 1
233.6888 	EXP 	Display Frame 0
233.8139 	EXP 	Display Frame 1
233.9389 	EXP 	Display Frame 0
234.0638 	EXP 	Display Frame 1
234.1887 	EXP 	Display Frame 0
234.3137 	EXP 	Display Frame 1
234.4388 	EXP 	Display Frame 0
234.5638 	EXP 	Display Frame 1
234.6888 	EXP 	Display Frame 0
234.8134 	EXP 	Display Frame 1
234.9386 	EXP 	Display Frame 0
235.0636 	EXP 	Display Frame 1
235.1890 	EXP 	Display Frame 0
235.3138 	EXP 	Display Frame 1
235.4387 	EXP 	Display Frame 0
235.5639 	EXP 	Display Frame 1
235.6889 	EXP 	Display Frame 0
235.8138 	EXP 	Display Frame 1
235.9389 	EXP 	Display Frame 0
236.0640 	EXP 	Display Frame 1
236.1886 	EXP 	Display Frame 0
236.3139 	EXP 	Display Frame 1
236.4391 	EXP 	Display Frame 0
236.5633 	EXP 	Display Frame 1
236.6887 	EXP 	Display Frame 0
236.8139 	EXP 	Display Frame 1
236.9389 	EXP 	Display Frame 0
237.0639 	EXP 	Display Frame 1
237.1888 	EXP 	Display Frame 0
237.3139 	EXP 	Display Frame 1
237.4387 	EXP 	Display Frame 0
237.5639 	EXP 	Display Frame 1
237.6889 	EXP 	Display Frame 0
237.8137 	EXP 	Display Frame 1
237.9389 	EXP 	Display Frame 0
238.0638 	EXP 	Display Frame 1
238.1887 	EXP 	Display Frame 0
238.3139 	EXP 	Display Frame 1
238.4388 	EXP 	Display Frame 0
238.5637 	EXP 	Display Frame 1
238.6889 	EXP 	Display Frame 0
238.8139 	EXP 	Display Frame 1
238.9386 	EXP 	Display Frame 0
239.0637 	EXP 	Display Frame 1
239.1890 	EXP 	Display Frame 0
239.3138 	EXP 	Display Frame 1
239.4389 	EXP 	Display Frame 0
239.5636 	EXP 	Display Frame 1
239.6883 	DATA 	Keypress: t
239.6905 	EXP 	Display Frame 0
239.6920 	EXP 	Display Fixation
241.1004 	DATA 	Keypress: t
284.2947 	DATA 	Keypress: t
284.4221 	EXP 	Display Frame 1
284.5466 	EXP 	Display Frame 0
284.6721 	EXP 	Display Frame 1
284.7972 	EXP 	Display Frame 0
284.9220 	EXP 	Display Frame 1
285.0473 	EXP 	Display Frame 0
285.1719 	EXP 	Display Frame 1
285.2969 	EXP 	Display Frame 0
285.4220 	EXP 	Display Frame 1
285.5473 	EXP 	Display Frame 0
285.6721 	EXP 	Display Frame 1
285.7969 	DATA 	Keypress: t
285.7994 	EXP 	Display Frame 0
285.9219 	EXP 	Display Frame 1
286.0470 	EXP 	Display Frame 0
286.1720 	EXP 	Display Frame 1
286.2972 	EXP 	Display Frame 0
286.4221 	EXP 	Display Frame 1
286.5472 	EXP 	Display Frame 0
286.6722 	EXP 	Display Frame 1
286.7969 	EXP 	Display Frame 0
286.9222 	EXP 	Display Frame 1
287.0471 	EXP 	Display Frame 0
287.1721 	EXP 	Display Frame 1
287.2972 	EXP 	Display Frame 0
287.4220 	EXP 	Display Frame 1
287.5469 	EXP 	Display Frame 0
287.6722 	EXP 	Display Frame 1
287.7968 	EXP 	Display Frame 0
287.9220 	EXP 	Display Frame 1
288.0470 	EXP 	Display Frame 0
288.1720 	EXP 	Display Frame 1
288.2971 	EXP 	Display Frame 0
288.4225 	EXP 	Display Frame 1
288.5468 	EXP 	Display Frame 0
288.6719 	EXP 	Display Frame 1
288.7971 	EXP 	Display Frame 0
288.9220 	EXP 	Display Frame 1
289.0472 	EXP 	Display Frame 0
289.1721 	EXP 	Display Frame 1
289.2970 	EXP 	Display Frame 0
289.4220 	EXP 	Display Frame 1
289.5469 	EXP 	Display Frame 0
289.6718 	EXP 	Display Frame 1
289.7968 	EXP 	Display Frame 0
289.9219 	EXP 	Display Frame 1
290.0469 	EXP 	Display Frame 0
290.1720 	EXP 	Display Frame 1
290.2971 	EXP 	Display Frame 0
290.4220 	EXP 	Display Frame 1
290.5470 	EXP 	Display Frame 0
290.6721 	EXP 	Display Frame 1
290.7971 	EXP 	Display Frame 0
290.9225 	EXP 	Display Frame 1
291.0469 	EXP 	Display Frame 0
291.1719 	EXP 	Display Frame 1
291.2970 	EXP 	Display Frame 0
291.4221 	EXP 	Display Frame 1
291.5471 	EXP 	Display Frame 0
291.6720 	EXP 	Display Frame 1
291.7972 	EXP 	Display Frame 0
291.9222 	EXP 	Display Frame 1
292.0470 	EXP 	Display Frame 0
292.1722 	EXP 	Display Frame 1
292.2971 	EXP 	Display Frame 0
292.4221 	EXP 	Display Frame 1
292.5470 	EXP 	Display Frame 0
292.6721 	EXP 	Display Frame 1
292.7971 	EXP 	Display Frame 0
292.9221 	EXP 	Display Frame 1
293.0471 	EXP 	Display Frame 0
293.1721 	EXP 	Display Frame 1
293.2970 	EXP 	Display Frame 0
293.4221 	EXP 	Display Frame 1
293.5471 	EXP 	Display Frame 0
293.6720 	EXP 	Display Frame 1
293.7970 	EXP 	Display Frame 0
293.9221 	EXP 	Display Frame 1
294.0470 	EXP 	Display Frame 0
294.1722 	EXP 	Display Frame 1
294.2971 	EXP 	Display Frame 0
294.4221 	EXP 	Display Frame 1
294.5472 	EXP 	Display Frame 0
294.6721 	EXP 	Display Frame 1
294.7970 	EXP 	Display Frame 0
294.9221 	EXP 	Display Frame 1
295.0469 	EXP 	Display Frame 0
295.1718 	EXP 	Display Frame 1
295.2971 	EXP 	Display Frame 0
295.4219 	EXP 	Display Frame 1
295.5469 	EXP 	Display Frame 0
295.6720 	EXP 	Display Frame 1
295.7972 	EXP 	Display Frame 0
295.9221 	EXP 	Display Frame 1
296.0471 	EXP 	Display Frame 0
296.1723 	EXP 	Display Frame 1
296.2972 	EXP 	Display Frame 0
296.4228 	EXP 	Display Frame 1
296.5470 	EXP 	Display Frame 0
296.6719 	EXP 	Display Frame 1
296.7970 	EXP 	Display Frame 0
296.9222 	EXP 	Display Frame 1
297.0471 	EXP 	Display Frame 0
297.1720 	EXP 	Display Frame 1
297.2972 	EXP 	Display Frame 0
297.4221 	EXP 	Display Frame 1
297.5472 	EXP 	Display Frame 0
297.6722 	EXP 	Display Frame 1
297.7972 	EXP 	Display Frame 0
297.9223 	EXP 	Display Frame 1
298.0470 	EXP 	Display Frame 0
298.1721 	EXP 	Display Frame 1
298.2973 	EXP 	Display Frame 0
298.4218 	EXP 	Display Frame 1
298.5470 	EXP 	Display Frame 0
298.6721 	EXP 	Display Frame 1
298.7970 	EXP 	Display Frame 0
298.9222 	EXP 	Display Frame 1
299.0469 	EXP 	Display Frame 0
299.1720 	EXP 	Display Frame 1
299.2972 	EXP 	Display Frame 0
299.4221 	EXP 	Display Frame 1
299.5481 	EXP 	Display Frame 0
299.6720 	EXP 	Display Frame 1
299.7970 	EXP 	Display Frame 0
299.9220 	EXP 	Display Frame 1
300.0471 	EXP 	Display Frame 0
300.1722 	EXP 	Display Frame 1
300.2972 	EXP 	Display Frame 0
300.4225 	EXP 	Display Frame 1
300.5469 	EXP 	Display Frame 0
300.6719 	EXP 	Display Frame 1
300.7971 	EXP 	Display Frame 0
300.9219 	EXP 	Display Frame 1
301.0469 	EXP 	Display Frame 0
301.1720 	EXP 	Display Frame 1
301.2972 	EXP 	Display Frame 0
301.4223 	EXP 	Display Frame 1
301.5468 	EXP 	Display Frame 0
301.6722 	EXP 	Display Frame 1
301.7971 	EXP 	Display Frame 0
301.9220 	EXP 	Display Frame 1
302.0470 	EXP 	Display Frame 0
302.1721 	EXP 	Display Frame 1
302.2968 	EXP 	Display Frame 0
302.4218 	EXP 	Display Frame 1
302.5471 	EXP 	Display Frame 0
302.6721 	EXP 	Display Frame 1
302.7969 	EXP 	Display Frame 0
302.9221 	EXP 	Display Frame 1
303.0470 	EXP 	Display Frame 0
303.1718 	EXP 	Display Frame 1
303.2972 	EXP 	Display Frame 0
303.4228 	EXP 	Display Frame 1
303.5467 	EXP 	Display Frame 0
303.6720 	EXP 	Display Frame 1
303.7969 	EXP 	Display Frame 0
303.9220 	EXP 	Display Frame 1
304.0472 	EXP 	Display Frame 0
304.1721 	EXP 	Display Frame 1
304.2970 	EXP 	Display Frame 0
304.4221 	EXP 	Display Frame 1
304.5469 	EXP 	Display Frame 0
304.6720 	EXP 	Display Frame 1
304.7970 	EXP 	Display Frame 0
304.9221 	EXP 	Display Frame 1
305.0472 	EXP 	Display Frame 0
305.1721 	EXP 	Display Frame 1
305.2972 	EXP 	Display Frame 0
305.4223 	EXP 	Display Frame 1
305.5468 	EXP 	Display Frame 0
305.6722 	EXP 	Display Frame 1
305.7971 	EXP 	Display Frame 0
305.9221 	EXP 	Display Frame 1
306.0473 	EXP 	Display Frame 0
306.1721 	EXP 	Display Frame 1
306.2981 	EXP 	Display Frame 0
306.4220 	EXP 	Display Frame 1
306.5469 	EXP 	Display Frame 0
306.6720 	EXP 	Display Frame 1
306.7972 	EXP 	Display Frame 0
306.9221 	EXP 	Display Frame 1
307.0469 	EXP 	Display Frame 0
307.1722 	EXP 	Display Frame 1
307.2971 	EXP 	Display Frame 0
307.4220 	EXP 	Display Frame 1
307.5470 	EXP 	Display Frame 0
307.6721 	EXP 	Display Frame 1
307.7971 	EXP 	Display Frame 0
307.9220 	EXP 	Display Frame 1
308.0472 	EXP 	Display Frame 0
308.1721 	EXP 	Display Frame 1
308.2970 	EXP 	Display Frame 0
308.4222 	EXP 	Display Frame 1
308.5471 	EXP 	Display Frame 0
308.6720 	EXP 	Display Frame 1
308.7972 	EXP 	Display Frame 0
308.9221 	EXP 	Display Frame 1
309.0472 	EXP 	Display Frame 0
309.1722 	EXP 	Display Frame 1
309.2971 	EXP 	Display Frame 0
309.4220 	EXP 	Display Frame 1
309.5472 	EXP 	Display Frame 0
309.6721 	EXP 	Display Frame 1
309.7970 	EXP 	Display Frame 0
309.9220 	EXP 	Display Frame 1
310.0471 	EXP 	Display Frame 0
310.1721 	EXP 	Display Frame 1
310.2970 	EXP 	Display Frame 0
310.4228 	EXP 	Display Frame 1
310.5469 	EXP 	Display Frame 0
310.6718 	EXP 	Display Frame 1
310.7972 	EXP 	Display Frame 0
310.9224 	EXP 	Display Frame 1
311.0468 	EXP 	Display Frame 0
311.1722 	EXP 	Display Frame 1
311.2971 	EXP 	Display Frame 0
311.4222 	EXP 	Display Frame 1
311.5472 	EXP 	Display Frame 0
311.6722 	EXP 	Display Frame 1
311.7969 	EXP 	Display Frame 0
311.9221 	EXP 	Display Frame 1
312.0470 	EXP 	Display Frame 0
312.1719 	EXP 	Display Frame 1
312.2970 	EXP 	Display Frame 0
312.4220 	EXP 	Display Frame 1
312.5471 	EXP 	Display Frame 0
312.6720 	EXP 	Display Frame 1
312.7971 	EXP 	Display Frame 0
312.9221 	EXP 	Display Frame 1
313.0472 	EXP 	Display Frame 0
313.1722 	EXP 	Display Frame 1
313.2971 	EXP 	Display Frame 0
313.4220 	EXP 	Display Frame 1
313.5472 	EXP 	Display Frame 0
313.6721 	EXP 	Display Frame 1
313.7968 	EXP 	Display Frame 0
313.9222 	EXP 	Display Frame 1
314.0471 	EXP 	Display Frame 0
314.1721 	EXP 	Display Frame 1
314.2983 	EXP 	Display Frame 0
314.4223 	EXP 	Display Frame 1
314.5468 	EXP 	Display Frame 0
314.6720 	EXP 	Display Frame 1
314.7971 	EXP 	Display Frame 0
314.9221 	EXP 	Display Frame 1
315.0471 	EXP 	Display Frame 0
315.1723 	EXP 	Display Frame 1
315.2971 	EXP 	Display Frame 0
315.4225 	EXP 	Display Frame 1
315.5470 	EXP 	Display Frame 0
315.6719 	EXP 	Display Frame 1
315.7970 	EXP 	Display Frame 0
315.9222 	EXP 	Display Frame 1
316.0471 	EXP 	Display Frame 0
316.1720 	EXP 	Display Frame 1
316.2972 	EXP 	Display Frame 0
316.4221 	EXP 	Display Frame 1
316.5470 	EXP 	Display Frame 0
316.6721 	EXP 	Display Frame 1
316.7971 	EXP 	Display Frame 0
316.9220 	EXP 	Display Frame 1
317.0470 	EXP 	Display Frame 0
317.1723 	EXP 	Display Frame 1
317.2983 	EXP 	Display Frame 0
317.4218 	EXP 	Display Frame 1
317.5470 	EXP 	Display Frame 0
317.6721 	EXP 	Display Frame 1
317.7970 	EXP 	Display Frame 0
317.9222 	EXP 	Display Frame 1
318.0471 	EXP 	Display Frame 0
318.1720 	EXP 	Display Frame 1
318.2968 	EXP 	Display Frame 0
318.4219 	EXP 	Display Frame 1
318.5468 	EXP 	Display Frame 0
318.6724 	EXP 	Display Frame 1
318.7976 	EXP 	Display Frame 0
318.9218 	EXP 	Display Frame 1
319.0470 	EXP 	Display Frame 0
319.1723 	EXP 	Display Frame 1
319.2972 	EXP 	Display Frame 0
319.4222 	EXP 	Display Frame 1
319.5471 	EXP 	Display Frame 0
319.6721 	EXP 	Display Frame 1
319.7971 	EXP 	Display Frame 0
319.9221 	EXP 	Display Frame 1
320.0470 	EXP 	Display Frame 0
320.1720 	EXP 	Display Frame 1
320.2971 	EXP 	Display Frame 0
320.4220 	EXP 	Display Frame 1
320.5470 	EXP 	Display Frame 0
320.6721 	EXP 	Display Frame 1
320.7973 	EXP 	Display Frame 0
320.9217 	EXP 	Display Frame 1
321.0470 	EXP 	Display Frame 0
321.1721 	EXP 	Display Frame 1
321.2970 	EXP 	Display Frame 0
321.4222 	EXP 	Display Frame 1
321.5471 	EXP 	Display Frame 0
321.6720 	EXP 	Display Frame 1
321.7970 	EXP 	Display Frame 0
321.9221 	EXP 	Display Frame 1
322.0472 	EXP 	Display Frame 0
322.1720 	EXP 	Display Frame 1
322.2973 	EXP 	Display Frame 0
322.4221 	EXP 	Display Frame 1
322.5470 	EXP 	Display Frame 0
322.6721 	EXP 	Display Frame 1
322.7980 	EXP 	Display Frame 0
322.9220 	EXP 	Display Frame 1
323.0470 	EXP 	Display Frame 0
323.1719 	EXP 	Display Frame 1
323.2970 	EXP 	Display Frame 0
323.4222 	EXP 	Display Frame 1
323.5471 	EXP 	Display Frame 0
323.6720 	EXP 	Display Frame 1
323.7970 	EXP 	Display Frame 0
323.9221 	EXP 	Display Frame 1
324.0470 	EXP 	Display Frame 0
324.1722 	EXP 	Display Frame 1
324.2972 	EXP 	Display Frame 0
324.4219 	EXP 	Display Frame 1
324.5470 	EXP 	Display Frame 0
324.6721 	EXP 	Display Frame 1
324.7970 	EXP 	Display Frame 0
324.9220 	EXP 	Display Frame 1
325.0473 	EXP 	Display Frame 0
325.1722 	EXP 	Display Frame 1
325.2971 	EXP 	Display Frame 0
325.4221 	EXP 	Display Frame 1
325.5471 	EXP 	Display Frame 0
325.6720 	EXP 	Display Frame 1
325.7972 	EXP 	Display Frame 0
325.9222 	EXP 	Display Frame 1
326.0471 	EXP 	Display Frame 0
326.1722 	EXP 	Display Frame 1
326.2971 	EXP 	Display Frame 0
326.4220 	EXP 	Display Frame 1
326.5472 	EXP 	Display Frame 0
326.6721 	EXP 	Display Frame 1
326.7971 	EXP 	Display Frame 0
326.9222 	EXP 	Display Frame 1
327.0472 	EXP 	Display Frame 0
327.1720 	EXP 	Display Frame 1
327.2970 	EXP 	Display Frame 0
327.4221 	EXP 	Display Frame 1
327.5471 	EXP 	Display Frame 0
327.6720 	EXP 	Display Frame 1
327.7972 	EXP 	Display Frame 0
327.9220 	EXP 	Display Frame 1
328.0470 	EXP 	Display Frame 0
328.1722 	EXP 	Display Frame 1
328.2984 	EXP 	Display Frame 0
328.4217 	EXP 	Display Frame 1
328.5470 	EXP 	Display Frame 0
328.6721 	EXP 	Display Frame 1
328.7970 	EXP 	Display Frame 0
328.9222 	EXP 	Display Frame 1
329.0469 	DATA 	Keypress: t
329.0494 	EXP 	Display Frame 0
329.0516 	EXP 	Display Fixation
330.4596 	DATA 	Keypress: t
373.6530 	DATA 	Keypress: t
373.7803 	EXP 	Display Frame 1
373.9051 	EXP 	Display Frame 0
374.0301 	EXP 	Display Frame 1
374.1555 	EXP 	Display Frame 0
374.2804 	EXP 	Display Frame 1
374.4064 	EXP 	Display Frame 0
374.5308 	EXP 	Display Frame 1
374.6552 	EXP 	Display Frame 0
374.7802 	EXP 	Display Frame 1
374.9056 	EXP 	Display Frame 0
375.0304 	EXP 	Display Frame 1
375.1551 	DATA 	Keypress: t
375.1580 	EXP 	Display Frame 0
375.2805 	EXP 	Display Frame 1
375.4052 	EXP 	Display Frame 0
375.5303 	EXP 	Display Frame 1
375.6552 	EXP 	Display Frame 0
375.7804 	EXP 	Display Frame 1
375.9055 	EXP 	Display Frame 0
376.0303 	EXP 	Display Frame 1
376.1554 	EXP 	Display Frame 0
376.2804 	EXP 	Display Frame 1
376.4055 	EXP 	Display Frame 0
376.5302 	EXP 	Display Frame 1
376.6553 	EXP 	Display Frame 0
376.7803 	EXP 	Display Frame 1
376.9056 	EXP 	Display Frame 0
377.0304 	EXP 	Display Frame 1
377.1553 	EXP 	Display Frame 0
377.2806 	EXP 	Display Frame 1
377.4054 	EXP 	Display Frame 0
377.5303 	EXP 	Display Frame 1
377.6551 	EXP 	Display Frame 0
377.7812 	EXP 	Display Frame 1
377.9050 	EXP 	Display Frame 0
378.0303 	EXP 	Display Frame 1
378.1551 	EXP 	Display Frame 0
378.2804 	EXP 	Display Frame 1
378.4052 	EXP 	Display Frame 0
378.5305 	EXP 	Display Frame 1
378.6553 	EXP 	Display Frame 0
378.7802 	EXP 	Display Frame 1
378.9052 	EXP 	Display Frame 0
379.0302 	EXP 	Display Frame 1
379.1553 	EXP 	Display Frame 0
379.2805 	EXP 	Display Frame 1
379.4054 	EXP 	Display Frame 0
379.5303 	EXP 	Display Frame 1
379.6554 	EXP 	Display Frame 0
379.7806 	EXP 	Display Frame 1
379.9057 	EXP 	Display Frame 0
380.0303 	EXP 	Display Frame 1
380.1554 	EXP 	Display Frame 0
380.2804 	EXP 	Display Frame 1
380.4052 	EXP 	Display Frame 0
380.5304 	EXP 	Display Frame 1
380.6553 	EXP 	Display Frame 0
380.7801 	EXP 	Display Frame 1
380.9056 	EXP 	Display Frame 0
381.0302 	EXP 	Display Frame 1
381.1551 	EXP 	Display Frame 0
381.2805 	EXP 	Display Frame 1
381.4054 	EXP 	Display Frame 0
381.5301 	EXP 	Display Frame 1
381.6555 	EXP 	Display Frame 0
381.7804 	EXP 	Display Frame 1
381.9054 	EXP 	Display Frame 0
382.0305 	EXP 	Display Frame 1
382.1554 	EXP 	Display Frame 0
382.2803 	EXP 	Display Frame 1
382.4055 	EXP 	Display Frame 0
382.5304 	EXP 	Display Frame 1
382.6553 	EXP 	Display Frame 0
382.7803 	EXP 	Display Frame 1
382.9055 	EXP 	Display Frame 0
383.0306 	EXP 	Display Frame 1
383.1550 	EXP 	Display Frame 0
383.2803 	EXP 	Display Frame 1
383.4052 	EXP 	Display Frame 0
383.5301 	EXP 	Display Frame 1
383.6554 	EXP 	Display Frame 0
383.7801 	EXP 	Display Frame 1
383.9053 	EXP 	Display Frame 0
384.0305 	EXP 	Display Frame 1
384.1554 	EXP 	Display Frame 0
384.2803 	EXP 	Display Frame 1
384.4055 	EXP 	Display Frame 0
384.5306 	EXP 	Display Frame 1
384.6551 	EXP 	Display Frame 0
384.7803 	EXP 	Display Frame 1
384.9055 	EXP 	Display Frame 0
385.0303 	EXP 	Display Frame 1
385.1555 	EXP 	Display Frame 0
385.2806 	EXP 	Display Frame 1
385.4053 	EXP 	Display Frame 0
385.5303 	EXP 	Display Frame 1
385.6554 	EXP 	Display Frame 0
385.7804 	EXP 	Display Frame 1
385.9053 	EXP 	Display Frame 0
386.0306 	EXP 	Display Frame 1
386.1554 	EXP 	Display Frame 0
386.2805 	EXP 	Display Frame 1
386.4060 	EXP 	Display Frame 0
386.5302 	EXP 	Display Frame 1
386.6551 	EXP 	Display Frame 0
386.7805 	EXP 	Display Frame 1
386.9054 	EXP 	Display Frame 0
387.0305 	EXP 	Display Frame 1
387.1555 	EXP 	Display Frame 0
387.2805 	EXP 	Display Frame 1
387.4053 	EXP 	Display Frame 0
387.5303 	EXP 	Display Frame 1
387.6554 	EXP 	Display Frame 0
387.7803 	EXP 	Display Frame 1
387.9053 	EXP 	Display Frame 0
388.0304 	EXP 	Display Frame 1
388.1553 	EXP 	Display Frame 0
388.2803 	EXP 	Display Frame 1
388.4055 	EXP 	Display Frame 0
388.5301 	EXP 	Display Frame 1
388.6548 	EXP 	Display Frame 0
388.7809 	EXP 	Display Frame 1
388.9052 	EXP 	Display Frame 0
389.0301 	EXP 	Display Frame 1
389.1555 	EXP 	Display Frame 0
389.2805 	EXP 	Display Frame 1
389.4053 	EXP 	Display Frame 0
389.5305 	EXP 	Display Frame 1
389.6554 	EXP 	Display Frame 0
389.7803 	EXP 	Display Frame 1
389.9056 	EXP 	Display Frame 0
390.0304 	EXP 	Display Frame 1
390.1554 	EXP 	Display Frame 0
390.2803 	EXP 	Display Frame 1
390.4055 	EXP 	Display Frame 0
390.5304 	EXP 	Display Frame 1
390.6553 	EXP 	Display Frame 0
390.7804 	EXP 	Display Frame 1
390.9055 	EXP 	Display Frame 0
391.0305 	EXP 	Display Frame 1
391.1552 	EXP 	Display Frame 0
391.2802 	EXP 	Display Frame 1
391.4059 	EXP 	Display Frame 0
391.5301 	EXP 	Display Frame 1
391.6554 	EXP 	Display Frame 0
391.7803 	EXP 	Display Frame 1
391.9056 	EXP 	Display Frame 0
392.0304 	EXP 	Display Frame 1
392.1553 	EXP 	Display Frame 0
392.2807 	EXP 	Display Frame 1
392.4054 	EXP 	Display Frame 0
392.5303 	EXP 	Display Frame 1
392.6553 	EXP 	Display Frame 0
392.7804 	EXP 	Display Frame 1
392.9055 	EXP 	Display Frame 0
393.0305 	EXP 	Display Frame 1
393.1554 	EXP 	Display Frame 0
393.2804 	EXP 	Display Frame 1
393.4053 	EXP 	Display Frame 0
393.5304 	EXP 	Display Frame 1
393.6554 	EXP 	Display Frame 0
393.7801 	EXP 	Display Frame 1
393.9055 	EXP 	Display Frame 0
394.0304 	EXP 	Display Frame 1
394.1551 	EXP 	Display Frame 0
394.2806 	EXP 	Display Frame 1
394.4052 	EXP 	Display Frame 0
394.5304 	EXP 	Display Frame 1
394.6553 	EXP 	Display Frame 0
394.7802 	EXP 	Display Frame 1
394.9053 	EXP 	Display Frame 0
395.0301 	EXP 	Display Frame 1
395.1554 	EXP 	Display Frame 0
395.2804 	EXP 	Display Frame 1
395.4057 	EXP 	Display Frame 0
395.5300 	EXP 	Display Frame 1
395.6552 	EXP 	Display Frame 0
395.7801 	EXP 	Display Frame 1
395.9054 	EXP 	Display Frame 0
396.0303 	EXP 	Display Frame 1
396.1553 	EXP 	Display Frame 0
396.2805 	EXP 	Display Frame 1
396.4054 	EXP 	Display Frame 0
396.5303 	EXP 	Display Frame 1
396.6554 	EXP 	Display Frame 0
396.7804 	EXP 	Display Frame 1
396.9053 	EXP 	Display Frame 0
397.0305 	EXP 	Display Frame 1
397.1554 	EXP 	Display Frame 0
397.2803 	EXP 	Display Frame 1
397.4052 	EXP 	Display Frame 0
397.5304 	EXP 	Display Frame 1
397.6553 	EXP 	Display Frame 0
397.7803 	EXP 	Display Frame 1
397.9054 	EXP 	Display Frame 0
398.0301 	EXP 	Display Frame 1
398.1553 	EXP 	Display Frame 0
398.2805 	EXP 	Display Frame 1
398.4054 	EXP 	Display Frame 0
398.5303 	EXP 	Display Frame 1
398.6555 	EXP 	Display Frame 0
398.7804 	EXP 	Display Frame 1
398.9053 	EXP 	Display Frame 0
399.0301 	EXP 	Display Frame 1
399.1554 	EXP 	Display Frame 0
399.2803 	EXP 	Display Frame 1
399.4055 	EXP 	Display Frame 0
399.5304 	EXP 	Display Frame 1
399.6554 	EXP 	Display Frame 0
399.7803 	EXP 	Display Frame 1
399.9052 	EXP 	Display Frame 0
400.0302 	EXP 	Display Frame 1
400.1553 	EXP 	Display Frame 0
400.2804 	EXP 	Display Frame 1
400.4053 	EXP 	Display Frame 0
400.5303 	EXP 	Display Frame 1
400.6554 	EXP 	Display Frame 0
400.7804 	EXP 	Display Frame 1
400.9054 	EXP 	Display Frame 0
401.0305 	EXP 	Display Frame 1
401.1552 	EXP 	Display Frame 0
401.2803 	EXP 	Display Frame 1
401.4055 	EXP 	Display Frame 0
401.5304 	EXP 	Display Frame 1
401.6553 	EXP 	Display Frame 0
401.7805 	EXP 	Display Frame 1
401.9055 	EXP 	Display Frame 0
402.0303 	EXP 	Display Frame 1
402.1555 	EXP 	Display Frame 0
402.2804 	EXP 	Display Frame 1
402.4056 	EXP 	Display Frame 0
402.5300 	EXP 	Display Frame 1
402.6552 	EXP 	Display Frame 0
402.7803 	EXP 	Display Frame 1
402.9053 	EXP 	Display Frame 0
403.0299 	EXP 	Display Frame 1
403.1553 	EXP 	Display Frame 0
403.2804 	EXP 	Display Frame 1
403.4054 	EXP 	Display Frame 0
403.5301 	EXP 	Display Frame 1
403.6550 	EXP 	Display Frame 0
403.7803 	EXP 	Display Frame 1
403.9055 	EXP 	Display Frame 0
404.0303 	EXP 	Display Frame 1
404.1554 	EXP 	Display Frame 0
404.2804 	EXP 	Display Frame 1
404.4053 	EXP 	Display Frame 0
404.5314 	EXP 	Display Frame 1
404.6552 	EXP 	Display Frame 0
404.7801 	EXP 	Display Frame 1
404.9055 	EXP 	Display Frame 0
405.0303 	EXP 	Display Frame 1
405.1554 	EXP 	Display Frame 0
405.2805 	EXP 	Display Frame 1
405.4052 	EXP 	Display Frame 0
405.5302 	EXP 	Display Frame 1
405.6553 	EXP 	Display Frame 0
405.7806 	EXP 	Display Frame 1
405.9054 	EXP 	Display Frame 0
406.0303 	EXP 	Display Frame 1
406.1554 	EXP 	Display Frame 0
406.2804 	EXP 	Display Frame 1
406.4057 	EXP 	Display Frame 0
406.5305 	EXP 	Display Frame 1
406.6554 	EXP 	Display Frame 0
406.7803 	EXP 	Display Frame 1
406.9055 	EXP 	Display Frame 0
407.0304 	EXP 	Display Frame 1
407.1556 	EXP 	Display Frame 0
407.2803 	EXP 	Display Frame 1
407.4054 	EXP 	Display Frame 0
407.5304 	EXP 	Display Frame 1
407.6553 	EXP 	Display Frame 0
407.7804 	EXP 	Display Frame 1
407.9055 	EXP 	Display Frame 0
408.0301 	EXP 	Display Frame 1
408.1556 	EXP 	Display Frame 0
408.2805 	EXP 	Display Frame 1
408.4053 	EXP 	Display Frame 0
408.5304 	EXP 	Display Frame 1
408.6554 	EXP 	Display Frame 0
408.7803 	EXP 	Display Frame 1
408.9056 	EXP 	Display Frame 0
409.0304 	EXP 	Display Frame 1
409.1553 	EXP 	Display Frame 0
409.2805 	EXP 	Display Frame 1
409.4056 	EXP 	Display Frame 0
409.5301 	EXP 	Display Frame 1
409.6555 	EXP 	Display Frame 0
409.7804 	EXP 	Display Frame 1
409.9055 	EXP 	Display Frame 0
410.0303 	EXP 	Display Frame 1
410.1554 	EXP 	Display Frame 0
410.2804 	EXP 	Display Frame 1
410.4053 	EXP 	Display Frame 0
410.5304 	EXP 	Display Frame 1
410.6554 	EXP 	Display Frame 0
410.7809 	EXP 	Display Frame 1
410.9057 	EXP 	Display Frame 0
411.0301 	EXP 	Display Frame 1
411.1553 	EXP 	Display Frame 0
411.2803 	EXP 	Display Frame 1
411.4058 	EXP 	Display Frame 0
411.5301 	EXP 	Display Frame 1
411.6553 	EXP 	Display Frame 0
411.7803 	EXP 	Display Frame 1
411.9055 	EXP 	Display Frame 0
412.0305 	EXP 	Display Frame 1
412.1556 	EXP 	Display Frame 0
412.2803 	EXP 	Display Frame 1
412.4053 	EXP 	Display Frame 0
412.5304 	EXP 	Display Frame 1
412.6555 	EXP 	Display Frame 0
412.7801 	EXP 	Display Frame 1
412.9054 	EXP 	Display Frame 0
413.0304 	EXP 	Display Frame 1
413.1553 	EXP 	Display Frame 0
413.2806 	EXP 	Display Frame 1
413.4054 	EXP 	Display Frame 0
413.5303 	EXP 	Display Frame 1
413.6554 	EXP 	Display Frame 0
413.7802 	EXP 	Display Frame 1
413.9053 	EXP 	Display Frame 0
414.0305 	EXP 	Display Frame 1
414.1554 	EXP 	Display Frame 0
414.2804 	EXP 	Display Frame 1
414.4055 	EXP 	Display Frame 0
414.5304 	EXP 	Display Frame 1
414.6553 	EXP 	Display Frame 0
414.7802 	EXP 	Display Frame 1
414.9055 	EXP 	Display Frame 0
415.0303 	EXP 	Display Frame 1
415.1555 	EXP 	Display Frame 0
415.2802 	EXP 	Display Frame 1
415.4054 	EXP 	Display Frame 0
415.5305 	EXP 	Display Frame 1
415.6554 	EXP 	Display Frame 0
415.7803 	EXP 	Display Frame 1
415.9053 	EXP 	Display Frame 0
416.0305 	EXP 	Display Frame 1
416.1551 	EXP 	Display Frame 0
416.2804 	EXP 	Display Frame 1
416.4053 	EXP 	Display Frame 0
416.5302 	EXP 	Display Frame 1
416.6553 	EXP 	Display Frame 0
416.7805 	EXP 	Display Frame 1
416.9054 	EXP 	Display Frame 0
417.0303 	EXP 	Display Frame 1
417.1552 	EXP 	Display Frame 0
417.2804 	EXP 	Display Frame 1
417.4053 	EXP 	Display Frame 0
417.5303 	EXP 	Display Frame 1
417.6554 	EXP 	Display Frame 0
417.7804 	EXP 	Display Frame 1
417.9053 	EXP 	Display Frame 0
418.0304 	EXP 	Display Frame 1
418.1554 	EXP 	Display Frame 0
418.2803 	EXP 	Display Frame 1
418.4052 	DATA 	Keypress: t
418.4077 	EXP 	Display Frame 0
418.4094 	EXP 	Display Fixation
419.8177 	DATA 	Keypress: t
463.0125 	DATA 	Keypress: t
463.1400 	EXP 	Display Frame 1
463.2645 	EXP 	Display Frame 0
463.3896 	EXP 	Display Frame 1
463.5149 	EXP 	Display Frame 0
463.6398 	EXP 	Display Frame 1
463.7648 	EXP 	Display Frame 0
463.8899 	EXP 	Display Frame 1
464.0150 	EXP 	Display Frame 0
464.1398 	EXP 	Display Frame 1
464.2649 	EXP 	Display Frame 0
464.3894 	EXP 	Display Frame 1
464.5141 	DATA 	Keypress: t
464.5162 	EXP 	Display Frame 0
464.6396 	EXP 	Display Frame 1
464.7647 	EXP 	Display Frame 0
464.8898 	EXP 	Display Frame 1
465.0147 	EXP 	Display Frame 0
465.1401 	EXP 	Display Frame 1
465.2650 	EXP 	Display Frame 0
465.3898 	EXP 	Display Frame 1
465.5149 	EXP 	Display Frame 0
465.6396 	EXP 	Display Frame 1
465.7654 	EXP 	Display Frame 0
465.8897 	EXP 	Display Frame 1
466.0147 	EXP 	Display Frame 0
466.1398 	EXP 	Display Frame 1
466.2649 	EXP 	Display Frame 0
466.3898 	EXP 	Display Frame 1
466.5148 	EXP 	Display Frame 0
466.6399 	EXP 	Display Frame 1
466.7649 	EXP 	Display Frame 0
466.8898 	EXP 	Display Frame 1
467.0147 	EXP 	Display Frame 0
467.1395 	EXP 	Display Frame 1
467.2648 	EXP 	Display Frame 0
467.3897 	EXP 	Display Frame 1
467.5149 	EXP 	Display Frame 0
467.6398 	EXP 	Display Frame 1
467.7647 	EXP 	Display Frame 0
467.8899 	EXP 	Display Frame 1
468.0148 	EXP 	Display Frame 0
468.1396 	EXP 	Display Frame 1
468.2649 	EXP 	Display Frame 0
468.3899 	EXP 	Display Frame 1
468.5148 	EXP 	Display Frame 0
468.6399 	EXP 	Display Frame 1
468.7649 	EXP 	Display Frame 0
468.8899 	EXP 	Display Frame 1
469.0151 	EXP 	Display Frame 0
469.1399 	EXP 	Display Frame 1
469.2648 	EXP 	Display Frame 0
469.3897 	EXP 	Display Frame 1
469.5149 	EXP 	Display Frame 0
469.6398 	EXP 	Display Frame 1
469.7648 	EXP 	Display Frame 0
469.8899 	EXP 	Display Frame 1
470.0149 	EXP 	Display Frame 0
470.1398 	EXP 	Display Frame 1
470.2651 	EXP 	Display Frame 0
470.3898 	EXP 	Display Frame 1
470.5149 	EXP 	Display Frame 0
470.6399 	EXP 	Display Frame 1
470.7649 	EXP 	Display Frame 0
470.8903 	EXP 	Display Frame 1
471.0145 	EXP 	Display Frame 0
471.1397 	EXP 	Display Frame 1
471.2649 	EXP 	Display Frame 0
471.3897 	EXP 	Display Frame 1
471.5147 	EXP 	Display Frame 0
471.6398 	EXP 	Display Frame 1
471.7648 	EXP 	Display Frame 0
471.8900 	EXP 	Display Frame 1
472.0149 	EXP 	Display Frame 0
472.1397 	EXP 	Display Frame 1
472.2650 	EXP 	Display Frame 0
472.3898 	EXP 	Display Frame 1
472.5149 	EXP 	Display Frame 0
472.6399 	EXP 	Display Frame 1
472.7651 	EXP 	Display Frame 0
472.8896 	EXP 	Display Frame 1
473.0148 	EXP 	Display Frame 0
473.1398 	EXP 	Display Frame 1
473.2649 	EXP 	Display Frame 0
473.3899 	EXP 	Display Frame 1
473.5149 	EXP 	Display Frame 0
473.6398 	EXP 	Display Frame 1
473.7649 	EXP 	Display Frame 0
473.8898 	EXP 	Display Frame 1
474.0148 	EXP 	Display Frame 0
474.1401 	EXP 	Display Frame 1
474.2650 	EXP 	Display Frame 0
474.3898 	EXP 	Display Frame 1
474.5149 	EXP 	Display Frame 0
474.6400 	EXP 	Display Frame 1
474.7648 	EXP 	Display Frame 0
474.8897 	EXP 	Display Frame 1
475.0150 	EXP 	Display Frame 0
475.1400 	EXP 	Display Frame 1
475.2649 	EXP 	Display Frame 0
475.3897 	EXP 	Display Frame 1
475.5147 	EXP 	Display Frame 0
475.6398 	EXP 	Display Frame 1
475.7649 	EXP 	Display Frame 0
475.8900 	EXP 	Display Frame 1
476.0149 	EXP 	Display Frame 0
476.1399 	EXP 	Display Frame 1
476.2648 	EXP 	Display Frame 0
476.3898 	EXP 	Display Frame 1
476.5150 	EXP 	Display Frame 0
476.6397 	EXP 	Display Frame 1
476.7648 	EXP 	Display Frame 0
476.8897 	EXP 	Display Frame 1
477.0147 	EXP 	Display Frame 0
477.1398 	EXP 	Display Frame 1
477.2647 	EXP 	Display Frame 0
477.3900 	EXP 	Display Frame 1
477.5149 	EXP 	Display Frame 0
477.6398 	EXP 	Display Frame 1
477.7649 	EXP 	Display Frame 0
477.8898 	EXP 	Display Frame 1
478.0149 	EXP 	Display Frame 0
478.1399 	EXP 	Display Frame 1
478.2648 	EXP 	Display Frame 0
478.3898 	EXP 	Display Frame 1
478.5149 	EXP 	Display Frame 0
478.6398 	EXP 	Display Frame 1
478.7648 	EXP 	Display Frame 0
478.8901 	EXP 	Display Frame 1
479.0150 	EXP 	Display Frame 0
479.1398 	EXP 	Display Frame 1
479.2650 	EXP 	Display Frame 0
479.3897 	EXP 	Display Frame 1
479.5149 	EXP 	Display Frame 0
479.6401 	EXP 	Display Frame 1
479.7649 	EXP 	Display Frame 0
479.8898 	EXP 	Display Frame 1
480.0149 	EXP 	Display Frame 0
480.1402 	EXP 	Display Frame 1
480.2648 	EXP 	Display Frame 0
480.3898 	EXP 	Display Frame 1
480.5150 	EXP 	Display Frame 0
480.6401 	EXP 	Display Frame 1
480.7648 	EXP 	Display Frame 0
480.8899 	EXP 	Display Frame 1
481.0150 	EXP 	Display Frame 0
481.1398 	EXP 	Display Frame 1
481.2652 	EXP 	Display Frame 0
481.3897 	EXP 	Display Frame 1
481.5146 	EXP 	Display Frame 0
481.6401 	EXP 	Display Frame 1
481.7649 	EXP 	Display Frame 0
481.8898 	EXP 	Display Frame 1
482.0148 	EXP 	Display Frame 0
482.1397 	EXP 	Display Frame 1
482.2648 	EXP 	Display Frame 0
482.3895 	EXP 	Display Frame 1
482.5147 	EXP 	Display Frame 0
482.6400 	EXP 	Display Frame 1
482.7645 	EXP 	Display Frame 0
482.8899 	EXP 	Display Frame 1
483.0146 	EXP 	Display Frame 0
483.1398 	EXP 	Display Frame 1
483.2649 	EXP 	Display Frame 0
483.3897 	EXP 	Display Frame 1
483.5146 	EXP 	Display Frame 0
483.6401 	EXP 	Display Frame 1
483.7649 	EXP 	Display Frame 0
483.8898 	EXP 	Display Frame 1
484.0148 	EXP 	Display Frame 0
484.1399 	EXP 	Display Frame 1
484.2648 	EXP 	Display Frame 0
484.3898 	EXP 	Display Frame 1
484.5151 	EXP 	Display Frame 0
484.6396 	EXP 	Display Frame 1
484.7648 	EXP 	Display Frame 0
484.8899 	EXP 	Display Frame 1
485.0150 	EXP 	Display Frame 0
485.1398 	EXP 	Display Frame 1
485.2649 	EXP 	Display Frame 0
485.3898 	EXP 	Display Frame 1
485.5148 	EXP 	Display Frame 0
485.6399 	EXP 	Display Frame 1
485.7648 	EXP 	Display Frame 0
485.8898 	EXP 	Display Frame 1
486.0149 	EXP 	Display Frame 0
486.1399 	EXP 	Display Frame 1
486.2648 	EXP 	Display Frame 0
486.3899 	EXP 	Display Frame 1
486.5149 	EXP 	Display Frame 0
486.6398 	EXP 	Display Frame 1
486.7647 	EXP 	Display Frame 0
486.8899 	EXP 	Display Frame 1
487.0149 	EXP 	Display Frame 0
487.1398 	EXP 	Display Frame 1
487.2649 	EXP 	Display Frame 0
487.3897 	EXP 	Display Frame 1
487.5149 	EXP 	Display Frame 0
487.6397 	EXP 	Display Frame 1
487.7648 	EXP 	Display Frame 0
487.8896 	EXP 	Display Frame 1
488.0149 	EXP 	Display Frame 0
488.1398 	EXP 	Display Frame 1
488.2648 	EXP 	Display Frame 0
488.3899 	EXP 	Display Frame 1
488.5148 	EXP 	Display Frame 0
488.6398 	EXP 	Display Frame 1
488.7649 	EXP 	Display Frame 0
488.8901 	EXP 	Display Frame 1
489.0146 	EXP 	Display Frame 0
489.1400 	EXP 	Display Frame 1
489.2649 	EXP 	Display Frame 0
489.3898 	EXP 	Display Frame 1
489.5147 	EXP 	Display Frame 0
489.6399 	EXP 	Display Frame 1
489.7648 	EXP 	Display Frame 0
489.8897 	EXP 	Display Frame 1
490.0150 	EXP 	Display Frame 0
490.1398 	EXP 	Display Frame 1
490.2648 	EXP 	Display Frame 0
490.3899 	EXP 	Display Frame 1
490.5149 	EXP 	Display Frame 0
490.6398 	EXP 	Display Frame 1
490.7649 	EXP 	Display Frame 0
490.8899 	EXP 	Display Frame 1
491.0149 	EXP 	Display Frame 0
491.1401 	EXP 	Display Frame 1
491.2651 	EXP 	Display Frame 0
491.3894 	EXP 	Display Frame 1
491.5148 	EXP 	Display Frame 0
491.6399 	EXP 	Display Frame 1
491.7648 	EXP 	Display Frame 0
491.8898 	EXP 	Display Frame 1
492.0150 	EXP 	Display Frame 0
492.1400 	EXP 	Display Frame 1
492.2648 	EXP 	Display Frame 0
492.3900 	EXP 	Display Frame 1
492.5148 	EXP 	Display Frame 0
492.6398 	EXP 	Display Frame 1
492.7647 	EXP 	Display Frame 0
492.8898 	EXP 	Display Frame 1
493.0146 	EXP 	Display Frame 0
493.1395 	EXP 	Display Frame 1
493.2651 	EXP 	Display Frame 0
493.3896 	EXP 	Display Frame 1
493.5148 	EXP 	Display Frame 0
493.6399 	EXP 	Display Frame 1
493.7648 	EXP 	Display Frame 0
493.8899 	EXP 	Display Frame 1
494.0149 	EXP 	Display Frame 0
494.1398 	EXP 	Display Frame 1
494.2647 	EXP 	Display Frame 0
494.3900 	EXP 	Display Frame 1
494.5149 	EXP 	Display Frame 0
494.6398 	EXP 	Display Frame 1
494.7647 	EXP 	Display Frame 0
494.8899 	EXP 	Display Frame 1
495.0145 	EXP 	Display Frame 0
495.1397 	EXP 	Display Frame 1
495.2648 	EXP 	Display Frame 0
495.3900 	EXP 	Display Frame 1
495.5148 	EXP 	Display Frame 0
495.6399 	EXP 	Display Frame 1
495.7648 	EXP 	Display Frame 0
495.8899 	EXP 	Display Frame 1
496.0150 	EXP 	Display Frame 0
496.1397 	EXP 	Display Frame 1
496.2649 	EXP 	Display Frame 0
496.3898 	EXP 	Display Frame 1
496.5146 	EXP 	Display Frame 0
496.6398 	EXP 	Display Frame 1
496.7649 	EXP 	Display Frame 0
496.8900 	EXP 	Display Frame 1
497.0149 	EXP 	Display Frame 0
497.1399 	EXP 	Display Frame 1
497.2648 	EXP 	Display Frame 0
497.3898 	EXP 	Display Frame 1
497.5149 	EXP 	Display Frame 0
497.6398 	EXP 	Display Frame 1
497.7648 	EXP 	Display Frame 0
497.8899 	EXP 	Display Frame 1
498.0150 	EXP 	Display Frame 0
498.1398 	EXP 	Display Frame 1
498.2649 	EXP 	Display Frame 0
498.3899 	EXP 	Display Frame 1
498.5148 	EXP 	Display Frame 0
498.6398 	EXP 	Display Frame 1
498.7652 	EXP 	Display Frame 0
498.8896 	EXP 	Display Frame 1
499.0148 	EXP 	Display Frame 0
499.1399 	EXP 	Display Frame 1
499.2648 	EXP 	Display Frame 0
499.3896 	EXP 	Display Frame 1
499.5150 	EXP 	Display Frame 0
499.6398 	EXP 	Display Frame 1
499.7647 	EXP 	Display Frame 0
499.8899 	EXP 	Display Frame 1
500.0148 	EXP 	Display Frame 0
500.1398 	EXP 	Display Frame 1
500.2649 	EXP 	Display Frame 0
500.3899 	EXP 	Display Frame 1
500.5148 	EXP 	Display Frame 0
500.6399 	EXP 	Display Frame 1
500.7649 	EXP 	Display Frame 0
500.8896 	EXP 	Display Frame 1
501.0151 	EXP 	Display Frame 0
501.1397 	EXP 	Display Frame 1
501.2651 	EXP 	Display Frame 0
501.3897 	EXP 	Display Frame 1
501.5145 	EXP 	Display Frame 0
501.6396 	EXP 	Display Frame 1
501.7647 	EXP 	Display Frame 0
501.8899 	EXP 	Display Frame 1
502.0149 	EXP 	Display Frame 0
502.1398 	EXP 	Display Frame 1
502.2649 	EXP 	Display Frame 0
502.3898 	EXP 	Display Frame 1
502.5148 	EXP 	Display Frame 0
502.6400 	EXP 	Display Frame 1
502.7646 	EXP 	Display Frame 0
502.8898 	EXP 	Display Frame 1
503.0149 	EXP 	Display Frame 0
503.1399 	EXP 	Display Frame 1
503.2644 	EXP 	Display Frame 0
503.3899 	EXP 	Display Frame 1
503.5149 	EXP 	Display Frame 0
503.6398 	EXP 	Display Frame 1
503.7649 	EXP 	Display Frame 0
503.8899 	EXP 	Display Frame 1
504.0148 	EXP 	Display Frame 0
504.1398 	EXP 	Display Frame 1
504.2650 	EXP 	Display Frame 0
504.3901 	EXP 	Display Frame 1
504.5143 	EXP 	Display Frame 0
504.6397 	EXP 	Display Frame 1
504.7646 	EXP 	Display Frame 0
504.8895 	EXP 	Display Frame 1
505.0149 	EXP 	Display Frame 0
505.1394 	EXP 	Display Frame 1
505.2646 	EXP 	Display Frame 0
505.3901 	EXP 	Display Frame 1
505.5148 	EXP 	Display Frame 0
505.6398 	EXP 	Display Frame 1
505.7649 	EXP 	Display Frame 0
505.8898 	EXP 	Display Frame 1
506.0148 	EXP 	Display Frame 0
506.1399 	EXP 	Display Frame 1
506.2649 	EXP 	Display Frame 0
506.3898 	EXP 	Display Frame 1
506.5150 	EXP 	Display Frame 0
506.6397 	EXP 	Display Frame 1
506.7646 	EXP 	Display Frame 0
506.8898 	EXP 	Display Frame 1
507.0149 	EXP 	Display Frame 0
507.1398 	EXP 	Display Frame 1
507.2646 	EXP 	Display Frame 0
507.3899 	EXP 	Display Frame 1
507.5148 	EXP 	Display Frame 0
507.6402 	EXP 	Display Frame 1
507.7647 	DATA 	Keypress: t
507.7672 	EXP 	Display Frame 0
507.7685 	EXP 	Display Fixation
509.1763 	DATA 	Keypress: t
552.3707 	DATA 	Keypress: t
552.4981 	EXP 	Display Frame 1
552.6229 	EXP 	Display Frame 0
552.7481 	EXP 	Display Frame 1
552.8730 	EXP 	Display Frame 0
552.9981 	EXP 	Display Frame 1
553.1231 	EXP 	Display Frame 0
553.2480 	EXP 	Display Frame 1
553.3731 	EXP 	Display Frame 0
553.4982 	EXP 	Display Frame 1
553.6228 	EXP 	Display Frame 0
553.7478 	EXP 	Display Frame 1
553.8722 	DATA 	Keypress: t
553.8740 	EXP 	Display Frame 0
553.9980 	EXP 	Display Frame 1
554.1227 	EXP 	Display Frame 0
554.2481 	EXP 	Display Frame 1
554.3730 	EXP 	Display Frame 0
554.4979 	EXP 	Display Frame 1
554.6229 	EXP 	Display Frame 0
554.7477 	EXP 	Display Frame 1
554.8730 	EXP 	Display Frame 0
554.9981 	EXP 	Display Frame 1
555.1231 	EXP 	Display Frame 0
555.2482 	EXP 	Display Frame 1
555.3733 	EXP 	Display Frame 0
555.4979 	EXP 	Display Frame 1
555.6229 	EXP 	Display Frame 0
555.7478 	EXP 	Display Frame 1
555.8729 	EXP 	Display Frame 0
555.9978 	EXP 	Display Frame 1
556.1230 	EXP 	Display Frame 0
556.2481 	EXP 	Display Frame 1
556.3731 	EXP 	Display Frame 0
556.4980 	EXP 	Display Frame 1
556.6231 	EXP 	Display Frame 0
556.7481 	EXP 	Display Frame 1
556.8730 	EXP 	Display Frame 0
556.9982 	EXP 	Display Frame 1
557.1231 	EXP 	Display Frame 0
557.2480 	EXP 	Display Frame 1
557.3733 	EXP 	Display Frame 0
557.4981 	EXP 	Display Frame 1
557.6230 	EXP 	Display Frame 0
557.7481 	EXP 	Display Frame 1
557.8731 	EXP 	Display Frame 0
557.9979 	EXP 	Display Frame 1
558.1230 	EXP 	Display Frame 0
558.2481 	EXP 	Display Frame 1
558.3730 	EXP 	Display Frame 0
558.4980 	EXP 	Display Frame 1
558.6231 	EXP 	Display Frame 0
558.7482 	EXP 	Display Frame 1
558.8734 	EXP 	Display Frame 0
558.9981 	EXP 	Display Frame 1
559.1229 	EXP 	Display Frame 0
559.2480 	EXP 	Display Frame 1
559.3729 	EXP 	Display Frame 0
559.4979 	EXP 	Display Frame 1
559.6230 	EXP 	Display Frame 0
559.7482 	EXP 	Display Frame 1
559.8725 	EXP 	Display Frame 0
559.9980 	EXP 	Display Frame 1
560.1233 	EXP 	Display Frame 0
560.2482 	EXP 	Display Frame 1
560.3730 	EXP 	Display Frame 0
560.4980 	EXP 	Display Frame 1
560.6231 	EXP 	Display Frame 0
560.7482 	EXP 	Display Frame 1
560.8725 	EXP 	Display Frame 0
560.9988 	EXP 	Display Frame 1
561.1229 	EXP 	Display Frame 0
561.2478 	EXP 	Display Frame 1
561.3732 	EXP 	Display Frame 0
561.4979 	EXP 	Display Frame 1
561.6237 	EXP 	Display Frame 0
561.7480 	EXP 	Display Frame 1
561.8725 	EXP 	Display Frame 0
561.9980 	EXP 	Display Frame 1
562.1233 	EXP 	Display Frame 0
562.2481 	EXP 	Display Frame 1
562.3731 	EXP 	Display Frame 0
562.4982 	EXP 	Display Frame 1
562.6232 	EXP 	Display Frame 0
562.7480 	EXP 	Display Frame 1
562.8722 	EXP 	Display Frame 0
562.9983 	EXP 	Display Frame 1
563.1232 	EXP 	Display Frame 0
563.2480 	EXP 	Display Frame 1
563.3727 	EXP 	Display Frame 0
563.4980 	EXP 	Display Frame 1
563.6231 	EXP 	Display Frame 0
563.7482 	EXP 	Display Frame 1
563.8722 	EXP 	Display Frame 0
563.9980 	EXP 	Display Frame 1
564.1231 	EXP 	Display Frame 0
564.2481 	EXP 	Display Frame 1
564.3730 	EXP 	Display Frame 0
564.4981 	EXP 	Display Frame 1
564.6229 	EXP 	Display Frame 0
564.7480 	EXP 	Display Frame 1
564.8725 	EXP 	Display Frame 0
564.9979 	EXP 	Display Frame 1
565.1230 	EXP 	Display Frame 0
565.2480 	EXP 	Display Frame 1
565.3731 	EXP 	Display Frame 0
565.4981 	EXP 	Display Frame 1
565.6230 	EXP 	Display Frame 0
565.7481 	EXP 	Display Frame 1
565.8732 	EXP 	Display Frame 0
565.9980 	EXP 	Display Frame 1
566.1231 	EXP 	Display Frame 0
566.2481 	EXP 	Display Frame 1
566.3730 	EXP 	Display Frame 0
566.4982 	EXP 	Display Frame 1
566.6231 	EXP 	Display Frame 0
566.7480 	EXP 	Display Frame 1
566.8731 	EXP 	Display Frame 0
566.9981 	EXP 	Display Frame 1
567.1230 	EXP 	Display Frame 0
567.2482 	EXP 	Display Frame 1
567.3731 	EXP 	Display Frame 0
567.4979 	EXP 	Display Frame 1
567.6231 	EXP 	Display Frame 0
567.7482 	EXP 	Display Frame 1
567.8730 	EXP 	Display Frame 0
567.9976 	EXP 	Display Frame 1
568.1231 	EXP 	Display Frame 0
568.2481 	EXP 	Display Frame 1
568.3730 	EXP 	Display Frame 0
568.4981 	EXP 	Display Frame 1
568.6231 	EXP 	Display Frame 0
568.7480 	EXP 	Display Frame 1
568.8731 	EXP 	Display Frame 0
568.9981 	EXP 	Display Frame 1
569.1230 	EXP 	Display Frame 0
569.2483 	EXP 	Display Frame 1
569.3731 	EXP 	Display Frame 0
569.4981 	EXP 	Display Frame 1
569.6231 	EXP 	Display Frame 0
569.7481 	EXP 	Display Frame 1
569.8730 	EXP 	Display Frame 0
569.9979 	EXP 	Display Frame 1
570.1227 	EXP 	Display Frame 0
570.2481 	EXP 	Display Frame 1
570.3730 	EXP 	Display Frame 0
570.4979 	EXP 	Display Frame 1
570.6230 	EXP 	Display Frame 0
570.7480 	EXP 	Display Frame 1
570.8731 	EXP 	Display Frame 0
570.9980 	EXP 	Display Frame 1
571.1230 	EXP 	Display Frame 0
571.2481 	EXP 	Display Frame 1
571.3733 	EXP 	Display Frame 0
571.4976 	EXP 	Display Frame 1
571.6229 	EXP 	Display Frame 0
571.7478 	EXP 	Display Frame 1
571.8730 	EXP 	Display Frame 0
571.9982 	EXP 	Display Frame 1
572.1230 	EXP 	Display Frame 0
572.2480 	EXP 	Display Frame 1
572.3732 	EXP 	Display Frame 0
572.4981 	EXP 	Display Frame 1
572.6230 	EXP 	Display Frame 0
572.7480 	EXP 	Display Frame 1
572.8733 	EXP 	Display Frame 0
572.9981 	EXP 	Display Frame 1
573.1235 	EXP 	Display Frame 0
573.2480 	EXP 	Display Frame 1
573.3731 	EXP 	Display Frame 0
573.4980 	EXP 	Display Frame 1
573.6231 	EXP 	Display Frame 0
573.7481 	EXP 	Display Frame 1
573.8730 	EXP 	Display Frame 0
573.9982 	EXP 	Display Frame 1
574.1231 	EXP 	Display Frame 0
574.2480 	EXP 	Display Frame 1
574.3728 	EXP 	Display Frame 0
574.4981 	EXP 	Display Frame 1
574.6226 	EXP 	Display Frame 0
574.7478 	EXP 	Display Frame 1
574.8731 	EXP 	Display Frame 0
574.9981 	EXP 	Display Frame 1
575.1232 	EXP 	Display Frame 0
575.2483 	EXP 	Display Frame 1
575.3726 	EXP 	Display Frame 0
575.4980 	EXP 	Display Frame 1
575.6227 	EXP 	Display Frame 0
575.7481 	EXP 	Display Frame 1
575.8730 	EXP 	Display Frame 0
575.9980 	EXP 	Display Frame 1
576.1231 	EXP 	Display Frame 0
576.2480 	EXP 	Display Frame 1
576.3731 	EXP 	Display Frame 0
576.4981 	EXP 	Display Frame 1
576.6230 	EXP 	Display Frame 0
576.7482 	EXP 	Display Frame 1
576.8731 	EXP 	Display Frame 0
576.9980 	EXP 	Display Frame 1
577.1232 	EXP 	Display Frame 0
577.2481 	EXP 	Display Frame 1
577.3730 	EXP 	Display Frame 0
577.4980 	EXP 	Display Frame 1
577.6231 	EXP 	Display Frame 0
577.7482 	EXP 	Display Frame 1
577.8730 	EXP 	Display Frame 0
577.9979 	EXP 	Display Frame 1
578.1231 	EXP 	Display Frame 0
578.2480 	EXP 	Display Frame 1
578.3731 	EXP 	Display Frame 0
578.4981 	EXP 	Display Frame 1
578.6230 	EXP 	Display Frame 0
578.7481 	EXP 	Display Frame 1
578.8731 	EXP 	Display Frame 0
578.9980 	EXP 	Display Frame 1
579.1232 	EXP 	Display Frame 0
579.2481 	EXP 	Display Frame 1
579.3726 	EXP 	Display Frame 0
579.4982 	EXP 	Display Frame 1
579.6230 	EXP 	Display Frame 0
579.7480 	EXP 	Display Frame 1
579.8729 	EXP 	Display Frame 0
579.9980 	EXP 	Display Frame 1
580.1229 	EXP 	Display Frame 0
580.2480 	EXP 	Display Frame 1
580.3731 	EXP 	Display Frame 0
580.4980 	EXP 	Display Frame 1
580.6230 	EXP 	Display Frame 0
580.7481 	EXP 	Display Frame 1
580.8732 	EXP 	Display Frame 0
580.9980 	EXP 	Display Frame 1
581.1225 	EXP 	Display Frame 0
581.2485 	EXP 	Display Frame 1
581.3728 	EXP 	Display Frame 0
581.4980 	EXP 	Display Frame 1
581.6231 	EXP 	Display Frame 0
581.7478 	EXP 	Display Frame 1
581.8733 	EXP 	Display Frame 0
581.9981 	EXP 	Display Frame 1
582.1228 	EXP 	Display Frame 0
582.2482 	EXP 	Display Frame 1
582.3732 	EXP 	Display Frame 0
582.4980 	EXP 	Display Frame 1
582.6230 	EXP 	Display Frame 0
582.7481 	EXP 	Display Frame 1
582.8730 	EXP 	Display Frame 0
582.9975 	EXP 	Display Frame 1
583.1231 	EXP 	Display Frame 0
583.2481 	EXP 	Display Frame 1
583.3732 	EXP 	Display Frame 0
583.4979 	EXP 	Display Frame 1
583.6229 	EXP 	Display Frame 0
583.7480 	EXP 	Display Frame 1
583.8732 	EXP 	Display Frame 0
583.9981 	EXP 	Display Frame 1
584.1228 	EXP 	Display Frame 0
584.2482 	EXP 	Display Frame 1
584.3731 	EXP 	Display Frame 0
584.4978 	EXP 	Display Frame 1
584.6230 	EXP 	Display Frame 0
584.7479 	EXP 	Display Frame 1
584.8730 	EXP 	Display Frame 0
584.9980 	EXP 	Display Frame 1
585.1233 	EXP 	Display Frame 0
585.2482 	EXP 	Display Frame 1
585.3731 	EXP 	Display Frame 0
585.4980 	EXP 	Display Frame 1
585.6231 	EXP 	Display Frame 0
585.7480 	EXP 	Display Frame 1
585.8731 	EXP 	Display Frame 0
585.9981 	EXP 	Display Frame 1
586.1228 	EXP 	Display Frame 0
586.2480 	EXP 	Display Frame 1
586.3731 	EXP 	Display Frame 0
586.4980 	EXP 	Display Frame 1
586.6227 	EXP 	Display Frame 0
586.7485 	EXP 	Display Frame 1
586.8728 	EXP 	Display Frame 0
586.9980 	EXP 	Display Frame 1
587.1232 	EXP 	Display Frame 0
587.2482 	EXP 	Display Frame 1
587.3733 	EXP 	Display Frame 0
587.4983 	EXP 	Display Frame 1
587.6228 	EXP 	Display Frame 0
587.7481 	EXP 	Display Frame 1
587.8731 	EXP 	Display Frame 0
587.9982 	EXP 	Display Frame 1
588.1229 	EXP 	Display Frame 0
588.2482 	EXP 	Display Frame 1
588.3731 	EXP 	Display Frame 0
588.4978 	EXP 	Display Frame 1
588.6232 	EXP 	Display Frame 0
588.7482 	EXP 	Display Frame 1
588.8730 	EXP 	Display Frame 0
588.9981 	EXP 	Display Frame 1
589.1231 	EXP 	Display Frame 0
589.2480 	EXP 	Display Frame 1
589.3733 	EXP 	Display Frame 0
589.4982 	EXP 	Display Frame 1
589.6231 	EXP 	Display Frame 0
589.7480 	EXP 	Display Frame 1
589.8731 	EXP 	Display Frame 0
589.9980 	EXP 	Display Frame 1
590.1230 	EXP 	Display Frame 0
590.2481 	EXP 	Display Frame 1
590.3730 	EXP 	Display Frame 0
590.4980 	EXP 	Display Frame 1
590.6231 	EXP 	Display Frame 0
590.7481 	EXP 	Display Frame 1
590.8730 	EXP 	Display Frame 0
590.9984 	EXP 	Display Frame 1
591.1229 	EXP 	Display Frame 0
591.2476 	EXP 	Display Frame 1
591.3730 	EXP 	Display Frame 0
591.4983 	EXP 	Display Frame 1
591.6228 	EXP 	Display Frame 0
591.7480 	EXP 	Display Frame 1
591.8731 	EXP 	Display Frame 0
591.9980 	EXP 	Display Frame 1
592.1230 	EXP 	Display Frame 0
592.2479 	EXP 	Display Frame 1
592.3728 	EXP 	Display Frame 0
592.4981 	EXP 	Display Frame 1
592.6231 	EXP 	Display Frame 0
592.7481 	EXP 	Display Frame 1
592.8730 	EXP 	Display Frame 0
592.9981 	EXP 	Display Frame 1
593.1232 	EXP 	Display Frame 0
593.2480 	EXP 	Display Frame 1
593.3731 	EXP 	Display Frame 0
593.4981 	EXP 	Display Frame 1
593.6230 	EXP 	Display Frame 0
593.7482 	EXP 	Display Frame 1
593.8731 	EXP 	Display Frame 0
593.9980 	EXP 	Display Frame 1
594.1232 	EXP 	Display Frame 0
594.2481 	EXP 	Display Frame 1
594.3730 	EXP 	Display Frame 0
594.4983 	EXP 	Display Frame 1
594.6231 	EXP 	Display Frame 0
594.7480 	EXP 	Display Frame 1
594.8730 	EXP 	Display Frame 0
594.9981 	EXP 	Display Frame 1
595.1230 	EXP 	Display Frame 0
595.2485 	EXP 	Display Frame 1
595.3729 	EXP 	Display Frame 0
595.4979 	EXP 	Display Frame 1
595.6230 	EXP 	Display Frame 0
595.7481 	EXP 	Display Frame 1
595.8731 	EXP 	Display Frame 0
595.9980 	EXP 	Display Frame 1
596.1231 	EXP 	Display Frame 0
596.2481 	EXP 	Display Frame 1
596.3730 	EXP 	Display Frame 0
596.4982 	EXP 	Display Frame 1
596.6230 	EXP 	Display Frame 0
596.7480 	EXP 	Display Frame 1
596.8731 	EXP 	Display Frame 0
596.9980 	EXP 	Display Frame 1
597.1229 	DATA 	Keypress: t
597.1255 	EXP 	Display Frame 0
597.1272 	EXP 	Display Fixation
598.5359 	DATA 	Keypress: t
641.7294 	DATA 	Keypress: t
641.8567 	EXP 	Display Frame 1
641.9815 	EXP 	Display Frame 0
642.1067 	EXP 	Display Frame 1
642.2318 	EXP 	Display Frame 0
642.3568 	EXP 	Display Frame 1
642.4821 	EXP 	Display Frame 0
642.6066 	EXP 	Display Frame 1
642.7316 	EXP 	Display Frame 0
642.8567 	EXP 	Display Frame 1
642.9818 	EXP 	Display Frame 0
643.1068 	EXP 	Display Frame 1
643.2316 	DATA 	Keypress: t
643.2336 	EXP 	Display Frame 0
643.3566 	EXP 	Display Frame 1
643.4814 	EXP 	Display Frame 0
643.6067 	EXP 	Display Frame 1
643.7319 	EXP 	Display Frame 0
643.8568 	EXP 	Display Frame 1
643.9817 	EXP 	Display Frame 0
644.1067 	EXP 	Display Frame 1
644.2318 	EXP 	Display Frame 0
644.3567 	EXP 	Display Frame 1
644.4817 	EXP 	Display Frame 0
644.6071 	EXP 	Display Frame 1
644.7314 	EXP 	Display Frame 0
644.8565 	EXP 	Display Frame 1
644.9818 	EXP 	Display Frame 0
645.1069 	EXP 	Display Frame 1
645.2319 	EXP 	Display Frame 0
645.3569 	EXP 	Display Frame 1
645.4818 	EXP 	Display Frame 0
645.6067 	EXP 	Display Frame 1
645.7319 	EXP 	Display Frame 0
645.8568 	EXP 	Display Frame 1
645.9816 	EXP 	Display Frame 0
646.1069 	EXP 	Display Frame 1
646.2318 	EXP 	Display Frame 0
646.3567 	EXP 	Display Frame 1
646.4816 	EXP 	Display Frame 0
646.6068 	EXP 	Display Frame 1
646.7320 	EXP 	Display Frame 0
646.8566 	EXP 	Display Frame 1
646.9817 	EXP 	Display Frame 0
647.1068 	EXP 	Display Frame 1
647.2317 	EXP 	Display Frame 0
647.3566 	EXP 	Display Frame 1
647.4813 	EXP 	Display Frame 0
647.6068 	EXP 	Display Frame 1
647.7318 	EXP 	Display Frame 0
647.8568 	EXP 	Display Frame 1
647.9814 	EXP 	Display Frame 0
648.1069 	EXP 	Display Frame 1
648.2316 	EXP 	Display Frame 0
648.3567 	EXP 	Display Frame 1
648.4819 	EXP 	Display Frame 0
648.6069 	EXP 	Display Frame 1
648.7317 	EXP 	Display Frame 0
648.8566 	EXP 	Display Frame 1
648.9818 	EXP 	Display Frame 0
649.1067 	EXP 	Display Frame 1
649.2317 	EXP 	Display Frame 0
649.3566 	EXP 	Display Frame 1
649.4815 	EXP 	Display Frame 0
649.6065 	EXP 	Display Frame 1
649.7318 	EXP 	Display Frame 0
649.8567 	EXP 	Display Frame 1
649.9816 	EXP 	Display Frame 0
650.1068 	EXP 	Display Frame 1
650.2318 	EXP 	Display Frame 0
650.3567 	EXP 	Display Frame 1
650.4818 	EXP 	Display Frame 0
650.6069 	EXP 	Display Frame 1
650.7317 	EXP 	Display Frame 0
650.8569 	EXP 	Display Frame 1
650.9814 	EXP 	Display Frame 0
651.1068 	EXP 	Display Frame 1
651.2315 	EXP 	Display Frame 0
651.3566 	EXP 	Display Frame 1
651.4818 	EXP 	Display Frame 0
651.6069 	EXP 	Display Frame 1
651.7316 	EXP 	Display Frame 0
651.8566 	EXP 	Display Frame 1
651.9817 	EXP 	Display Frame 0
652.1070 	EXP 	Display Frame 1
652.2318 	EXP 	Display Frame 0
652.3568 	EXP 	Display Frame 1
652.4818 	EXP 	Display Frame 0
652.6063 	EXP 	Display Frame 1
652.7315 	EXP 	Display Frame 0
652.8569 	EXP 	Display Frame 1
652.9817 	EXP 	Display Frame 0
653.1069 	EXP 	Display Frame 1
653.2316 	EXP 	Display Frame 0
653.3568 	EXP 	Display Frame 1
653.4817 	EXP 	Display Frame 0
653.6066 	EXP 	Display Frame 1
653.7319 	EXP 	Display Frame 0
653.8567 	EXP 	Display Frame 1
653.9816 	EXP 	Display Frame 0
654.1068 	EXP 	Display Frame 1
654.2319 	EXP 	Display Frame 0
654.3567 	EXP 	Display Frame 1
654.4818 	EXP 	Display Frame 0
654.6067 	EXP 	Display Frame 1
654.7318 	EXP 	Display Frame 0
654.8568 	EXP 	Display Frame 1
654.9818 	EXP 	Display Frame 0
655.1068 	EXP 	Display Frame 1
655.2319 	EXP 	Display Frame 0
655.3568 	EXP 	Display Frame 1
655.4819 	EXP 	Display Frame 0
655.6070 	EXP 	Display Frame 1
655.7316 	EXP 	Display Frame 0
655.8567 	EXP 	Display Frame 1
655.9818 	EXP 	Display Frame 0
656.1069 	EXP 	Display Frame 1
656.2318 	EXP 	Display Frame 0
656.3565 	EXP 	Display Frame 1
656.4818 	EXP 	Display Frame 0
656.6071 	EXP 	Display Frame 1
656.7314 	EXP 	Display Frame 0
656.8567 	EXP 	Display Frame 1
656.9817 	EXP 	Display Frame 0
657.1068 	EXP 	Display Frame 1
657.2318 	EXP 	Display Frame 0
657.3568 	EXP 	Display Frame 1
657.4817 	EXP 	Display Frame 0
657.6068 	EXP 	Display Frame 1
657.7317 	EXP 	Display Frame 0
657.8567 	EXP 	Display Frame 1
657.9818 	EXP 	Display Frame 0
658.1063 	EXP 	Display Frame 1
658.2320 	EXP 	Display Frame 0
658.3566 	EXP 	Display Frame 1
658.4818 	EXP 	Display Frame 0
658.6067 	EXP 	Display Frame 1
658.7316 	EXP 	Display Frame 0
658.8568 	EXP 	Display Frame 1
658.9817 	EXP 	Display Frame 0
659.1067 	EXP 	Display Frame 1
659.2319 	EXP 	Display Frame 0
659.3568 	EXP 	Display Frame 1
659.4817 	EXP 	Display Frame 0
659.6068 	EXP 	Display Frame 1
659.7317 	EXP 	Display Frame 0
659.8567 	EXP 	Display Frame 1
659.9818 	EXP 	Display Frame 0
660.1068 	EXP 	Display Frame 1
660.2317 	EXP 	Display Frame 0
660.3568 	EXP 	Display Frame 1
660.4818 	EXP 	Display Frame 0
660.6067 	EXP 	Display Frame 1
660.7319 	EXP 	Display Frame 0
660.8568 	EXP 	Display Frame 1
660.9817 	EXP 	Display Frame 0
661.1067 	EXP 	Display Frame 1
661.2318 	EXP 	Display Frame 0
661.3570 	EXP 	Display Frame 1
661.4814 	EXP 	Display Frame 0
661.6068 	EXP 	Display Frame 1
661.7317 	EXP 	Display Frame 0
661.8564 	EXP 	Display Frame 1
661.9816 	EXP 	Display Frame 0
662.1067 	EXP 	Display Frame 1
662.2317 	EXP 	Display Frame 0
662.3568 	EXP 	Display Frame 1
662.4817 	EXP 	Display Frame 0
662.6067 	EXP 	Display Frame 1
662.7318 	EXP 	Display Frame 0
662.8568 	EXP 	Display Frame 1
662.9816 	EXP 	Display Frame 0
663.1068 	EXP 	Display Frame 1
663.2316 	EXP 	Display Frame 0
663.3566 	EXP 	Display Frame 1
663.4817 	EXP 	Display Frame 0
663.6065 	EXP 	Display Frame 1
663.7315 	EXP 	Display Frame 0
663.8565 	EXP 	Display Frame 1
663.9817 	EXP 	Display Frame 0
664.1067 	EXP 	Display Frame 1
664.2317 	EXP 	Display Frame 0
664.3568 	EXP 	Display Frame 1
664.4818 	EXP 	Display Frame 0
664.6069 	EXP 	Display Frame 1
664.7316 	EXP 	Display Frame 0
664.8568 	EXP 	Display Frame 1
664.9816 	EXP 	Display Frame 0
665.1068 	EXP 	Display Frame 1
665.2318 	EXP 	Display Frame 0
665.3567 	EXP 	Display Frame 1
665.4819 	EXP 	Display Frame 0
665.6068 	EXP 	Display Frame 1
665.7317 	EXP 	Display Frame 0
665.8569 	EXP 	Display Frame 1
665.9817 	EXP 	Display Frame 0
666.1067 	EXP 	Display Frame 1
666.2317 	EXP 	Display Frame 0
666.3568 	EXP 	Display Frame 1
666.4819 	EXP 	Display Frame 0
666.6068 	EXP 	Display Frame 1
666.7318 	EXP 	Display Frame 0
666.8567 	EXP 	Display Frame 1
666.9816 	EXP 	Display Frame 0
667.1070 	EXP 	Display Frame 1
667.2318 	EXP 	Display Frame 0
667.3567 	EXP 	Display Frame 1
667.4819 	EXP 	Display Frame 0
667.6068 	EXP 	Display Frame 1
667.7315 	EXP 	Display Frame 0
667.8568 	EXP 	Display Frame 1
667.9812 	EXP 	Display Frame 0
668.1069 	EXP 	Display Frame 1
668.2314 	EXP 	Display Frame 0
668.3568 	EXP 	Display Frame 1
668.4817 	EXP 	Display Frame 0
668.6066 	EXP 	Display Frame 1
668.7318 	EXP 	Display Frame 0
668.8567 	EXP 	Display Frame 1
668.9813 	EXP 	Display Frame 0
669.1064 	EXP 	Display Frame 1
669.2328 	EXP 	Display Frame 0
669.3564 	EXP 	Display Frame 1
669.4818 	EXP 	Display Frame 0
669.6068 	EXP 	Display Frame 1
669.7317 	EXP 	Display Frame 0
669.8568 	EXP 	Display Frame 1
669.9812 	EXP 	Display Frame 0
670.1067 	EXP 	Display Frame 1
670.2319 	EXP 	Display Frame 0
670.3564 	EXP 	Display Frame 1
670.4817 	EXP 	Display Frame 0
670.6069 	EXP 	Display Frame 1
670.7318 	EXP 	Display Frame 0
670.8567 	EXP 	Display Frame 1
670.9812 	EXP 	Display Frame 0
671.1069 	EXP 	Display Frame 1
671.2316 	EXP 	Display Frame 0
671.3567 	EXP 	Display Frame 1
671.4818 	EXP 	Display Frame 0
671.6070 	EXP 	Display Frame 1
671.7313 	EXP 	Display Frame 0
671.8565 	EXP 	Display Frame 1
671.9808 	EXP 	Display Frame 0
672.1066 	EXP 	Display Frame 1
672.2318 	EXP 	Display Frame 0
672.3567 	EXP 	Display Frame 1
672.4817 	EXP 	Display Frame 0
672.6068 	EXP 	Display Frame 1
672.7318 	EXP 	Display Frame 0
672.8569 	EXP 	Display Frame 1
672.9807 	EXP 	Display Frame 0
673.1068 	EXP 	Display Frame 1
673.2315 	EXP 	Display Frame 0
673.3567 	EXP 	Display Frame 1
673.4818 	EXP 	Display Frame 0
673.6067 	EXP 	Display Frame 1
673.7317 	EXP 	Display Frame 0
673.8568 	EXP 	Display Frame 1
673.9817 	EXP 	Display Frame 0
674.1067 	EXP 	Display Frame 1
674.2318 	EXP 	Display Frame 0
674.3568 	EXP 	Display Frame 1
674.4817 	EXP 	Display Frame 0
674.6066 	EXP 	Display Frame 1
674.7314 	EXP 	Display Frame 0
674.8565 	EXP 	Display Frame 1
674.9819 	EXP 	Display Frame 0
675.1069 	EXP 	Display Frame 1
675.2319 	EXP 	Display Frame 0
675.3570 	EXP 	Display Frame 1
675.4819 	EXP 	Display Frame 0
675.6067 	EXP 	Display Frame 1
675.7319 	EXP 	Display Frame 0
675.8568 	EXP 	Display Frame 1
675.9818 	EXP 	Display Frame 0
676.1067 	EXP 	Display Frame 1
676.2318 	EXP 	Display Frame 0
676.3568 	EXP 	Display Frame 1
676.4817 	EXP 	Display Frame 0
676.6068 	EXP 	Display Frame 1
676.7318 	EXP 	Display Frame 0
676.8566 	EXP 	Display Frame 1
676.9818 	EXP 	Display Frame 0
677.1068 	EXP 	Display Frame 1
677.2317 	EXP 	Display Frame 0
677.3570 	EXP 	Display Frame 1
677.4814 	EXP 	Display Frame 0
677.6065 	EXP 	Display Frame 1
677.7317 	EXP 	Display Frame 0
677.8568 	EXP 	Display Frame 1
677.9817 	EXP 	Display Frame 0
678.1069 	EXP 	Display Frame 1
678.2316 	EXP 	Display Frame 0
678.3568 	EXP 	Display Frame 1
678.4816 	EXP 	Display Frame 0
678.6068 	EXP 	Display Frame 1
678.7317 	EXP 	Display Frame 0
678.8567 	EXP 	Display Frame 1
678.9818 	EXP 	Display Frame 0
679.1067 	EXP 	Display Frame 1
679.2317 	EXP 	Display Frame 0
679.3568 	EXP 	Display Frame 1
679.4819 	EXP 	Display Frame 0
679.6069 	EXP 	Display Frame 1
679.7318 	EXP 	Display Frame 0
679.8569 	EXP 	Display Frame 1
679.9817 	EXP 	Display Frame 0
680.1064 	EXP 	Display Frame 1
680.2316 	EXP 	Display Frame 0
680.3565 	EXP 	Display Frame 1
680.4819 	EXP 	Display Frame 0
680.6068 	EXP 	Display Frame 1
680.7317 	EXP 	Display Frame 0
680.8568 	EXP 	Display Frame 1
680.9818 	EXP 	Display Frame 0
681.1073 	EXP 	Display Frame 1
681.2315 	EXP 	Display Frame 0
681.3566 	EXP 	Display Frame 1
681.4817 	EXP 	Display Frame 0
681.6069 	EXP 	Display Frame 1
681.7316 	EXP 	Display Frame 0
681.8568 	EXP 	Display Frame 1
681.9817 	EXP 	Display Frame 0
682.1069 	EXP 	Display Frame 1
682.2318 	EXP 	Display Frame 0
682.3567 	EXP 	Display Frame 1
682.4819 	EXP 	Display Frame 0
682.6068 	EXP 	Display Frame 1
682.7317 	EXP 	Display Frame 0
682.8569 	EXP 	Display Frame 1
682.9818 	EXP 	Display Frame 0
683.1067 	EXP 	Display Frame 1
683.2317 	EXP 	Display Frame 0
683.3568 	EXP 	Display Frame 1
683.4817 	EXP 	Display Frame 0
683.6065 	EXP 	Display Frame 1
683.7318 	EXP 	Display Frame 0
683.8567 	EXP 	Display Frame 1
683.9816 	EXP 	Display Frame 0
684.1068 	EXP 	Display Frame 1
684.2317 	EXP 	Display Frame 0
684.3567 	EXP 	Display Frame 1
684.4818 	EXP 	Display Frame 0
684.6068 	EXP 	Display Frame 1
684.7317 	EXP 	Display Frame 0
684.8568 	EXP 	Display Frame 1
684.9818 	EXP 	Display Frame 0
685.1067 	EXP 	Display Frame 1
685.2319 	EXP 	Display Frame 0
685.3568 	EXP 	Display Frame 1
685.4817 	EXP 	Display Frame 0
685.6064 	EXP 	Display Frame 1
685.7316 	EXP 	Display Frame 0
685.8567 	EXP 	Display Frame 1
685.9817 	EXP 	Display Frame 0
686.1068 	EXP 	Display Frame 1
686.2317 	EXP 	Display Frame 0
686.3567 	EXP 	Display Frame 1
686.4816 	DATA 	Keypress: t
686.4843 	EXP 	Display Frame 0
686.4860 	EXP 	Display Fixation
687.8937 	DATA 	Keypress: t
731.0885 	DATA 	Keypress: t
731.2157 	EXP 	Display Frame 1
731.3405 	EXP 	Display Frame 0
731.4659 	EXP 	Display Frame 1
731.5908 	EXP 	Display Frame 0
731.7161 	EXP 	Display Frame 1
731.8407 	EXP 	Display Frame 0
731.9657 	EXP 	Display Frame 1
732.0908 	EXP 	Display Frame 0
732.2158 	EXP 	Display Frame 1
732.3409 	EXP 	Display Frame 0
732.4658 	EXP 	Display Frame 1
732.5906 	DATA 	Keypress: t
732.5925 	EXP 	Display Frame 0
732.7157 	EXP 	Display Frame 1
732.8408 	EXP 	Display Frame 0
732.9657 	EXP 	Display Frame 1
733.0909 	EXP 	Display Frame 0
733.2156 	EXP 	Display Frame 1
733.3407 	EXP 	Display Frame 0
733.4659 	EXP 	Display Frame 1
733.5908 	EXP 	Display Frame 0
733.7158 	EXP 	Display Frame 1
733.8409 	EXP 	Display Frame 0
733.9658 	EXP 	Display Frame 1
734.0908 	EXP 	Display Frame 0
734.2157 	EXP 	Display Frame 1
734.3409 	EXP 	Display Frame 0
734.4659 	EXP 	Display Frame 1
734.5912 	EXP 	Display Frame 0
734.7155 	EXP 	Display Frame 1
734.8406 	EXP 	Display Frame 0
734.9657 	EXP 	Display Frame 1
735.0907 	EXP 	Display Frame 0
735.2156 	EXP 	Display Frame 1
735.3408 	EXP 	Display Frame 0
735.4657 	EXP 	Display Frame 1
735.5908 	EXP 	Display Frame 0
735.7158 	EXP 	Display Frame 1
735.8409 	EXP 	Display Frame 0
735.9658 	EXP 	Display Frame 1
736.0907 	EXP 	Display Frame 0
736.2158 	EXP 	Display Frame 1
736.3408 	EXP 	Display Frame 0
736.4658 	EXP 	Display Frame 1
736.5907 	EXP 	Display Frame 0
736.7160 	EXP 	Display Frame 1
736.8409 	EXP 	Display Frame 0
736.9657 	EXP 	Display Frame 1
737.0909 	EXP 	Display Frame 0
737.2158 	EXP 	Display Frame 1
737.3408 	EXP 	Display Frame 0
737.4659 	EXP 	Display Frame 1
737.5908 	EXP 	Display Frame 0
737.7157 	EXP 	Display Frame 1
737.8409 	EXP 	Display Frame 0
737.9658 	EXP 	Display Frame 1
738.0910 	EXP 	Display Frame 0
738.2157 	EXP 	Display Frame 1
738.3404 	EXP 	Display Frame 0
738.4656 	EXP 	Display Frame 1
738.5907 	EXP 	Display Frame 0
738.7158 	EXP 	Display Frame 1
738.8408 	EXP 	Display Frame 0
738.9658 	EXP 	Display Frame 1
739.0908 	EXP 	Display Frame 0
739.2158 	EXP 	Display Frame 1
739.3407 	EXP 	Display Frame 0
739.4658 	EXP 	Display Frame 1
739.5908 	EXP 	Display Frame 0
739.7159 	EXP 	Display Frame 1
739.8410 	EXP 	Display Frame 0
739.9658 	EXP 	Display Frame 1
740.0908 	EXP 	Display Frame 0
740.2159 	EXP 	Display Frame 1
740.3409 	EXP 	Display Frame 0
740.4658 	EXP 	Display Frame 1
740.5905 	EXP 	Display Frame 0
740.7156 	EXP 	Display Frame 1
740.8405 	EXP 	Display Frame 0
740.9659 	EXP 	Display Frame 1
741.0911 	EXP 	Display Frame 0
741.2154 	EXP 	Display Frame 1
741.3408 	EXP 	Display Frame 0
741.4656 	EXP 	Display Frame 1
741.5906 	EXP 	Display Frame 0
741.7158 	EXP 	Display Frame 1
741.8405 	EXP 	Display Frame 0
741.9656 	EXP 	Display Frame 1
742.0907 	EXP 	Display Frame 0
742.2159 	EXP 	Display Frame 1
742.3409 	EXP 	Display Frame 0
742.4657 	EXP 	Display Frame 1
742.5909 	EXP 	Display Frame 0
742.7158 	EXP 	Display Frame 1
742.8407 	EXP 	Display Frame 0
742.9659 	EXP 	Display Frame 1
743.0908 	EXP 	Display Frame 0
743.2158 	EXP 	Display Frame 1
743.3409 	EXP 	Display Frame 0
743.4658 	EXP 	Display Frame 1
743.5908 	EXP 	Display Frame 0
743.7159 	EXP 	Display Frame 1
743.8406 	EXP 	Display Frame 0
743.9656 	EXP 	Display Frame 1
744.0907 	EXP 	Display Frame 0
744.2159 	EXP 	Display Frame 1
744.3408 	EXP 	Display Frame 0
744.4660 	EXP 	Display Frame 1
744.5909 	EXP 	Display Frame 0
744.7158 	EXP 	Display Frame 1
744.8407 	EXP 	Display Frame 0
744.9659 	EXP 	Display Frame 1
745.0908 	EXP 	Display Frame 0
745.2157 	EXP 	Display Frame 1
745.3408 	EXP 	Display Frame 0
745.4658 	EXP 	Display Frame 1
745.5907 	EXP 	Display Frame 0
745.7159 	EXP 	Display Frame 1
745.8408 	EXP 	Display Frame 0
745.9658 	EXP 	Display Frame 1
746.0905 	EXP 	Display Frame 0
746.2156 	EXP 	Display Frame 1
746.3408 	EXP 	Display Frame 0
746.4657 	EXP 	Display Frame 1
746.5908 	EXP 	Display Frame 0
746.7158 	EXP 	Display Frame 1
746.8407 	EXP 	Display Frame 0
746.9659 	EXP 	Display Frame 1
747.0908 	EXP 	Display Frame 0
747.2157 	EXP 	Display Frame 1
747.3408 	EXP 	Display Frame 0
747.4658 	EXP 	Display Frame 1
747.5907 	EXP 	Display Frame 0
747.7159 	EXP 	Display Frame 1
747.8407 	EXP 	Display Frame 0
747.9659 	EXP 	Display Frame 1
748.0909 	EXP 	Display Frame 0
748.2156 	EXP 	Display Frame 1
748.3406 	EXP 	Display Frame 0
748.4659 	EXP 	Display Frame 1
748.5907 	EXP 	Display Frame 0
748.7158 	EXP 	Display Frame 1
748.8407 	EXP 	Display Frame 0
748.9659 	EXP 	Display Frame 1
749.0907 	EXP 	Display Frame 0
749.2157 	EXP 	Display Frame 1
749.3408 	EXP 	Display Frame 0
749.4658 	EXP 	Display Frame 1
749.5907 	EXP 	Display Frame 0
749.7159 	EXP 	Display Frame 1
749.8408 	EXP 	Display Frame 0
749.9657 	EXP 	Display Frame 1
750.0909 	EXP 	Display Frame 0
750.2158 	EXP 	Display Frame 1
750.3407 	EXP 	Display Frame 0
750.4659 	EXP 	Display Frame 1
750.5908 	EXP 	Display Frame 0
750.7155 	EXP 	Display Frame 1
750.8409 	EXP 	Display Frame 0
750.9658 	EXP 	Display Frame 1
751.0907 	EXP 	Display Frame 0
751.2157 	EXP 	Display Frame 1
751.3408 	EXP 	Display Frame 0
751.4658 	EXP 	Display Frame 1
751.5905 	EXP 	Display Frame 0
751.7157 	EXP 	Display Frame 1
751.8404 	EXP 	Display Frame 0
751.9656 	EXP 	Display Frame 1
752.0909 	EXP 	Display Frame 0
752.2158 	EXP 	Display Frame 1
752.3407 	EXP 	Display Frame 0
752.4659 	EXP 	Display Frame 1
752.5908 	EXP 	Display Frame 0
752.7157 	EXP 	Display Frame 1
752.8409 	EXP 	Display Frame 0
752.9658 	EXP 	Display Frame 1
753.0909 	EXP 	Display Frame 0
753.2157 	EXP 	Display Frame 1
753.3409 	EXP 	Display Frame 0
753.4658 	EXP 	Display Frame 1
753.5910 	EXP 	Display Frame 0
753.7159 	EXP 	Display Frame 1
753.8409 	EXP 	Display Frame 0
753.9658 	EXP 	Display Frame 1
754.0908 	EXP 	Display Frame 0
754.2158 	EXP 	Display Frame 1
754.3407 	EXP 	Display Frame 0
754.4658 	EXP 	Display Frame 1
754.5906 	EXP 	Display Frame 0
754.7156 	EXP 	Display Frame 1
754.8409 	EXP 	Display Frame 0
754.9658 	EXP 	Display Frame 1
755.0907 	EXP 	Display Frame 0
755.2159 	EXP 	Display Frame 1
755.3404 	EXP 	Display Frame 0
755.4657 	EXP 	Display Frame 1
755.5908 	EXP 	Display Frame 0
755.7153 	EXP 	Display Frame 1
755.8407 	EXP 	Display Frame 0
755.9659 	EXP 	Display Frame 1
756.0910 	EXP 	Display Frame 0
756.2158 	EXP 	Display Frame 1
756.3407 	EXP 	Display Frame 0
756.4658 	EXP 	Display Frame 1
756.5907 	EXP 	Display Frame 0
756.7157 	EXP 	Display Frame 1
756.8409 	EXP 	Display Frame 0
756.9658 	EXP 	Display Frame 1
757.0904 	EXP 	Display Frame 0
757.2157 	EXP 	Display Frame 1
757.3406 	EXP 	Display Frame 0
757.4658 	EXP 	Display Frame 1
757.5907 	EXP 	Display Frame 0
757.7156 	EXP 	Display Frame 1
757.8407 	EXP 	Display Frame 0
757.9659 	EXP 	Display Frame 1
758.0908 	EXP 	Display Frame 0
758.2155 	EXP 	Display Frame 1
758.3408 	EXP 	Display Frame 0
758.4659 	EXP 	Display Frame 1
758.5908 	EXP 	Display Frame 0
758.7157 	EXP 	Display Frame 1
758.8409 	EXP 	Display Frame 0
758.9658 	EXP 	Display Frame 1
759.0907 	EXP 	Display Frame 0
759.2159 	EXP 	Display Frame 1
759.3409 	EXP 	Display Frame 0
759.4657 	EXP 	Display Frame 1
759.5909 	EXP 	Display Frame 0
759.7154 	EXP 	Display Frame 1
759.8408 	EXP 	Display Frame 0
759.9659 	EXP 	Display Frame 1
760.0908 	EXP 	Display Frame 0
760.2159 	EXP 	Display Frame 1
760.3409 	EXP 	Display Frame 0
760.4658 	EXP 	Display Frame 1
760.5907 	EXP 	Display Frame 0
760.7155 	EXP 	Display Frame 1
760.8408 	EXP 	Display Frame 0
760.9658 	EXP 	Display Frame 1
761.0907 	EXP 	Display Frame 0
761.2160 	EXP 	Display Frame 1
761.3408 	EXP 	Display Frame 0
761.4657 	EXP 	Display Frame 1
761.5908 	EXP 	Display Frame 0
761.7162 	EXP 	Display Frame 1
761.8406 	EXP 	Display Frame 0
761.9657 	EXP 	Display Frame 1
762.0908 	EXP 	Display Frame 0
762.2158 	EXP 	Display Frame 1
762.3405 	EXP 	Display Frame 0
762.4658 	EXP 	Display Frame 1
762.5908 	EXP 	Display Frame 0
762.7157 	EXP 	Display Frame 1
762.8406 	EXP 	Display Frame 0
762.9657 	EXP 	Display Frame 1
763.0909 	EXP 	Display Frame 0
763.2156 	EXP 	Display Frame 1
763.3409 	EXP 	Display Frame 0
763.4657 	EXP 	Display Frame 1
763.5908 	EXP 	Display Frame 0
763.7158 	EXP 	Display Frame 1
763.8409 	EXP 	Display Frame 0
763.9656 	EXP 	Display Frame 1
764.0909 	EXP 	Display Frame 0
764.2157 	EXP 	Display Frame 1
764.3409 	EXP 	Display Frame 0
764.4658 	EXP 	Display Frame 1
764.5909 	EXP 	Display Frame 0
764.7159 	EXP 	Display Frame 1
764.8408 	EXP 	Display Frame 0
764.9657 	EXP 	Display Frame 1
765.0909 	EXP 	Display Frame 0
765.2160 	EXP 	Display Frame 1
765.3411 	EXP 	Display Frame 0
765.4657 	EXP 	Display Frame 1
765.5908 	EXP 	Display Frame 0
765.7158 	EXP 	Display Frame 1
765.8407 	EXP 	Display Frame 0
765.9658 	EXP 	Display Frame 1
766.0907 	EXP 	Display Frame 0
766.2157 	EXP 	Display Frame 1
766.3408 	EXP 	Display Frame 0
766.4658 	EXP 	Display Frame 1
766.5907 	EXP 	Display Frame 0
766.7159 	EXP 	Display Frame 1
766.8408 	EXP 	Display Frame 0
766.9657 	EXP 	Display Frame 1
767.0909 	EXP 	Display Frame 0
767.2158 	EXP 	Display Frame 1
767.3407 	EXP 	Display Frame 0
767.4659 	EXP 	Display Frame 1
767.5908 	EXP 	Display Frame 0
767.7158 	EXP 	Display Frame 1
767.8409 	EXP 	Display Frame 0
767.9656 	EXP 	Display Frame 1
768.0908 	EXP 	Display Frame 0
768.2157 	EXP 	Display Frame 1
768.3407 	EXP 	Display Frame 0
768.4656 	EXP 	Display Frame 1
768.5907 	EXP 	Display Frame 0
768.7159 	EXP 	Display Frame 1
768.8406 	EXP 	Display Frame 0
768.9655 	EXP 	Display Frame 1
769.0907 	EXP 	Display Frame 0
769.2158 	EXP 	Display Frame 1
769.3405 	EXP 	Display Frame 0
769.4659 	EXP 	Display Frame 1
769.5908 	EXP 	Display Frame 0
769.7157 	EXP 	Display Frame 1
769.8408 	EXP 	Display Frame 0
769.9659 	EXP 	Display Frame 1
770.0907 	EXP 	Display Frame 0
770.2159 	EXP 	Display Frame 1
770.3408 	EXP 	Display Frame 0
770.4658 	EXP 	Display Frame 1
770.5909 	EXP 	Display Frame 0
770.7156 	EXP 	Display Frame 1
770.8408 	EXP 	Display Frame 0
770.9657 	EXP 	Display Frame 1
771.0906 	EXP 	Display Frame 0
771.2158 	EXP 	Display Frame 1
771.3408 	EXP 	Display Frame 0
771.4657 	EXP 	Display Frame 1
771.5908 	EXP 	Display Frame 0
771.7159 	EXP 	Display Frame 1
771.8407 	EXP 	Display Frame 0
771.9656 	EXP 	Display Frame 1
772.0907 	EXP 	Display Frame 0
772.2159 	EXP 	Display Frame 1
772.3408 	EXP 	Display Frame 0
772.4657 	EXP 	Display Frame 1
772.5908 	EXP 	Display Frame 0
772.7158 	EXP 	Display Frame 1
772.8408 	EXP 	Display Frame 0
772.9655 	EXP 	Display Frame 1
773.0908 	EXP 	Display Frame 0
773.2155 	EXP 	Display Frame 1
773.3407 	EXP 	Display Frame 0
773.4658 	EXP 	Display Frame 1
773.5904 	EXP 	Display Frame 0
773.7155 	EXP 	Display Frame 1
773.8407 	EXP 	Display Frame 0
773.9658 	EXP 	Display Frame 1
774.0907 	EXP 	Display Frame 0
774.2159 	EXP 	Display Frame 1
774.3408 	EXP 	Display Frame 0
774.4657 	EXP 	Display Frame 1
774.5909 	EXP 	Display Frame 0
774.7158 	EXP 	Display Frame 1
774.8409 	EXP 	Display Frame 0
774.9659 	EXP 	Display Frame 1
775.0907 	EXP 	Display Frame 0
775.2159 	EXP 	Display Frame 1
775.3410 	EXP 	Display Frame 0
775.4658 	EXP 	Display Frame 1
775.5908 	EXP 	Display Frame 0
775.7157 	EXP 	Display Frame 1
775.8410 	EXP 	Display Frame 0
775.9658 	EXP 	Display Frame 1
776.0905 	EXP 	Display Frame 0
776.2159 	EXP 	Display Frame 1
776.3408 	EXP 	Display Frame 0
776.4660 	EXP 	Display Frame 1
776.5906 	EXP 	Display Frame 0
776.7157 	EXP 	Display Frame 1
776.8407 	EXP 	Display Frame 0
776.9659 	EXP 	Display Frame 1
777.0903 	EXP 	Display Frame 0
777.2159 	EXP 	Display Frame 1
777.3410 	EXP 	Display Frame 0
777.4658 	EXP 	Display Frame 1
777.5907 	EXP 	Display Frame 0
777.7160 	EXP 	Display Frame 1
777.8408 	EXP 	Display Frame 0
777.9657 	EXP 	Display Frame 1
778.0904 	EXP 	Display Frame 0
778.2160 	EXP 	Display Frame 1
778.3409 	EXP 	Display Frame 0
778.4657 	EXP 	Display Frame 1
778.5908 	EXP 	Display Frame 0
778.7158 	EXP 	Display Frame 1
778.8407 	EXP 	Display Frame 0
778.9659 	EXP 	Display Frame 1
779.0901 	EXP 	Display Frame 0
779.2155 	EXP 	Display Frame 1
779.3407 	EXP 	Display Frame 0
779.4656 	EXP 	Display Frame 1
779.5912 	EXP 	Display Frame 0
779.7157 	EXP 	Display Frame 1
779.8406 	EXP 	Display Frame 0
779.9653 	EXP 	Display Frame 1
780.0902 	EXP 	Display Frame 0
780.2160 	EXP 	Display Frame 1
780.3407 	EXP 	Display Frame 0
780.4657 	EXP 	Display Frame 1
780.5908 	EXP 	Display Frame 0
780.7155 	EXP 	Display Frame 1
780.8406 	EXP 	Display Frame 0
780.9658 	EXP 	Display Frame 1
781.0901 	EXP 	Display Frame 0
781.2157 	EXP 	Display Frame 1
781.3412 	EXP 	Display Frame 0
781.4656 	EXP 	Display Frame 1
781.5907 	EXP 	Display Frame 0
781.7159 	EXP 	Display Frame 1
781.8412 	EXP 	Display Frame 0
781.9656 	EXP 	Display Frame 1
782.0899 	EXP 	Display Frame 0
782.2158 	EXP 	Display Frame 1
782.3410 	EXP 	Display Frame 0
782.4657 	EXP 	Display Frame 1
782.5908 	EXP 	Display Frame 0
782.7157 	EXP 	Display Frame 1
782.8409 	EXP 	Display Frame 0
782.9659 	EXP 	Display Frame 1
783.0908 	EXP 	Display Frame 0
783.2155 	EXP 	Display Frame 1
783.3409 	EXP 	Display Frame 0
783.4656 	EXP 	Display Frame 1
783.5905 	EXP 	Display Frame 0
783.7159 	EXP 	Display Frame 1
783.8409 	EXP 	Display Frame 0
783.9655 	EXP 	Display Frame 1
784.0909 	EXP 	Display Frame 0
784.2158 	EXP 	Display Frame 1
784.3407 	EXP 	Display Frame 0
784.4659 	EXP 	Display Frame 1
784.5906 	EXP 	Display Frame 0
784.7155 	EXP 	Display Frame 1
784.8409 	EXP 	Display Frame 0
784.9658 	EXP 	Display Frame 1
785.0907 	EXP 	Display Frame 0
785.2159 	EXP 	Display Frame 1
785.3408 	EXP 	Display Frame 0
785.4657 	EXP 	Display Frame 1
785.5909 	EXP 	Display Frame 0
785.7158 	EXP 	Display Frame 1
785.8408 	EXP 	Display Frame 0
785.9657 	EXP 	Display Frame 1
786.0908 	EXP 	Display Frame 0
786.2158 	EXP 	Display Frame 1
786.3407 	EXP 	Display Frame 0
786.4659 	EXP 	Display Frame 1
786.5908 	EXP 	Display Frame 0
786.7159 	EXP 	Display Frame 1
786.8409 	EXP 	Display Frame 0
786.9658 	EXP 	Display Frame 1
787.0907 	EXP 	Display Frame 0
787.2159 	EXP 	Display Frame 1
787.3408 	EXP 	Display Frame 0
787.4658 	EXP 	Display Frame 1
787.5909 	EXP 	Display Frame 0
787.7160 	EXP 	Display Frame 1
787.8408 	EXP 	Display Frame 0
787.9651 	DATA 	Keypress: q
787.9675 	EXP 	Display Frame 1
787.9770 	EXP 	topMsg: height = 0.1
787.9770 	EXP 	topMsg: height = 0.1
787.9770 	EXP 	topMsg: text = "Thank you very much! \n\nThat's it with the tapping"
787.9770 	EXP 	bottomMsg: height = 0.1
787.9770 	EXP 	bottomMsg: height = 0.1
787.9770 	EXP 	bottomMsg: text = "Please relax for the ramaining time \n\n Press 'q' or 'escape' to end the session."
787.9770 	EXP 	Display TheEnd
788.2628 	DATA 	Keypress: t
803.9780 	DATA 	Keypress: q
804.0748 	EXP 	win: mouseVisible = True
