1.0078 	WARNING 	We strongly recommend you activate the PTB sound engine in PsychoPy prefs as the preferred audio engine. Its timing is vastly superior. Your prefs are currently set to use ['sounddevice', 'PTB', 'pyo', 'pygame'] (in that order).
4.9556 	INFO 	---START PARAMETERS---
4.9556 	INFO 	filename: TappingWithTrTiming_Movie_d3.py-1-10-Jan_06_0847
4.9556 	INFO 	subject: 1
4.9556 	INFO 	session: 10
4.9556 	INFO 	date: Jan_06_0847
4.9556 	INFO 	blockDur_TRs: 12
4.9556 	INFO 	condition: TapRight
4.9557 	INFO 	fixCrossPos: [0, 0]
4.9557 	INFO 	fixCrossSize: 100
4.9557 	INFO 	fullScreen: True
4.9557 	INFO 	movieFolder: Images/
4.9557 	INFO 	movieSize: (1600, 1000)
4.9557 	INFO 	nBlocks: 68
4.9557 	INFO 	promptDir: Text/
4.9557 	INFO 	restDur_TRs: 12
4.9557 	INFO 	screenColor: (128, 128, 128)
4.9557 	INFO 	screenToShow: 0
4.9557 	INFO 	skipPrompts: False
4.9557 	INFO 	tStartup_TRs: 0
4.9557 	INFO 	textHeight: 40
4.9557 	INFO 	triggerKey: t
4.9557 	INFO 	---END PARAMETERS---
