10.8617 	INFO 	---START PARAMETERS---
10.8617 	INFO 	filename: TappingWithTrTiming_Movie_d3.py-tt1-26-Jul_29_1515
10.8617 	INFO 	subject: tt1
10.8617 	INFO 	session: 26
10.8617 	INFO 	date: Jul_29_1515
10.8617 	INFO 	blockDur_TRs: 12
10.8617 	INFO 	condition: TapLeft
10.8618 	INFO 	fixCrossPos: [0, 0]
10.8618 	INFO 	fixCrossSize: 100
10.8618 	INFO 	fullScreen: True
10.8618 	INFO 	movieFolder: Images/
10.8618 	INFO 	movieSize: (800, 500)
10.8618 	INFO 	nBlocks: 48
10.8618 	INFO 	promptDir: Text/
10.8618 	INFO 	restDur_TRs: 12
10.8618 	INFO 	screenColor: (128, 128, 128)
10.8618 	INFO 	screenToShow: 0
10.8618 	INFO 	skipPrompts: False
10.8618 	INFO 	tStartup_TRs: 0
10.8618 	INFO 	textHeight: 40
10.8618 	INFO 	triggerKey: t
10.8618 	INFO 	---END PARAMETERS---
10.9255 	WARNING 	Movie2 stim could not be imported and won't be available
11.3192 	INFO 	Loaded monitor calibration from ['2019_02_04 16:32']
11.7735 	EXP 	Created win = Window(allowGUI=False, allowStencil=False, autoLog=True, bitsMode=UNKNOWN, blendMode='avg', color=array([ 128.,  128.,  128.]), colorSpace='rgb255', fullscr=UNKNOWN, gamma=None, lms=UNKNOWN, monitor=<psychopy.monitors.calibTools.Monitor instance at 0x11d40fa8>, name='win', pos=[0, 0], screen=0, size=array([1280,  720]), stereo=False, units='deg', useFBO=False, viewOri=0.0, viewPos=None, viewScale=None, waitBlanking=True, winType='pyglet')
11.7749 	EXP 	Created fixCross = ShapeStim(autoDraw=False, autoLog=True, closeShape=False, contrast=1.0, depth=0, fillColor=None, fillColorSpace='rgb', fillRGB=None, interpolate=True, lineColor='#000000', lineColorSpace='hex', lineRGB=array([0, 0, 0]), lineWidth=3.0, name='fixCross', opacity=1.0, ori=array(0.0), pos=array([ 0.,  0.]), size=array([ 1.,  1.]), units='pix', vertices=ndarray(...), win=Window(...))
11.8198 	EXP 	Created topMsg = TextStim(alignHoriz='center', alignVert='center', antialias=True, autoLog=True, bold=False, color='#000000', colorSpace='hex', contrast=1.0, depth=0, flipHoriz=False, flipVert=False, font='', fontFiles=[], height=0.1, italic=False, name='topMsg', opacity=1.0, ori=0.0, pos=array([ 0. ,  0.5]), rgb=array([0, 0, 0]), text=u'aaa', units='norm', win=Window(...), wrapWidth=1.5)
11.8234 	EXP 	Created bottomMsg = TextStim(alignHoriz='center', alignVert='center', antialias=True, autoLog=True, bold=False, color='#000000', colorSpace='hex', contrast=1.0, depth=0, flipHoriz=False, flipVert=False, font='', fontFiles=[], height=0.1, italic=False, name='bottomMsg', opacity=1.0, ori=0.0, pos=array([ 0. , -0.5]), rgb=array([0, 0, 0]), text=u'bbb', units='norm', win=Window(...), wrapWidth=1.5)
11.8526 	EXP 	Created Movie Frame 0 = ImageStim(autoLog=True, color=array([ 1.,  1.,  1.]), colorSpace='rgb', contrast=1.0, depth=0, flipHoriz=False, flipVert=False, image='Images/left_0.png', interpolate=False, mask=None, maskParams=None, name='Movie Frame 0', opacity=1.0, ori=0.0, pos=array([ 0.,  0.]), size=array([ 800.,  500.]), texRes=128, units='pix', win=Window(...))
11.8797 	EXP 	Created Movie Frame 1 = ImageStim(autoLog=True, color=array([ 1.,  1.,  1.]), colorSpace='rgb', contrast=1.0, depth=0, flipHoriz=False, flipVert=False, image='Images/left_1.png', interpolate=False, mask=None, maskParams=None, name='Movie Frame 1', opacity=1.0, ori=0.0, pos=array([ 0.,  0.]), size=array([ 800.,  500.]), texRes=128, units='pix', win=Window(...))
11.9060 	EXP 	Created Movie Frame 2 = ImageStim(autoLog=True, color=array([ 1.,  1.,  1.]), colorSpace='rgb', contrast=1.0, depth=0, flipHoriz=False, flipVert=False, image='Images/left_2.png', interpolate=False, mask=None, maskParams=None, name='Movie Frame 2', opacity=1.0, ori=0.0, pos=array([ 0.,  0.]), size=array([ 800.,  500.]), texRes=128, units='pix', win=Window(...))
11.9315 	EXP 	Created Movie Frame 3 = ImageStim(autoLog=True, color=array([ 1.,  1.,  1.]), colorSpace='rgb', contrast=1.0, depth=0, flipHoriz=False, flipVert=False, image='Images/left_3.png', interpolate=False, mask=None, maskParams=None, name='Movie Frame 3', opacity=1.0, ori=0.0, pos=array([ 0.,  0.]), size=array([ 800.,  500.]), texRes=128, units='pix', win=Window(...))
11.9571 	EXP 	Created Movie Frame 4 = ImageStim(autoLog=True, color=array([ 1.,  1.,  1.]), colorSpace='rgb', contrast=1.0, depth=0, flipHoriz=False, flipVert=False, image='Images/left_4.png', interpolate=False, mask=None, maskParams=None, name='Movie Frame 4', opacity=1.0, ori=0.0, pos=array([ 0.,  0.]), size=array([ 800.,  500.]), texRes=128, units='pix', win=Window(...))
11.9811 	EXP 	Created Movie Frame 5 = ImageStim(autoLog=True, color=array([ 1.,  1.,  1.]), colorSpace='rgb', contrast=1.0, depth=0, flipHoriz=False, flipVert=False, image='Images/left_5.png', interpolate=False, mask=None, maskParams=None, name='Movie Frame 5', opacity=1.0, ori=0.0, pos=array([ 0.,  0.]), size=array([ 800.,  500.]), texRes=128, units='pix', win=Window(...))
12.0043 	EXP 	Created Movie Frame 6 = ImageStim(autoLog=True, color=array([ 1.,  1.,  1.]), colorSpace='rgb', contrast=1.0, depth=0, flipHoriz=False, flipVert=False, image='Images/left_6.png', interpolate=False, mask=None, maskParams=None, name='Movie Frame 6', opacity=1.0, ori=0.0, pos=array([ 0.,  0.]), size=array([ 800.,  500.]), texRes=128, units='pix', win=Window(...))
12.0281 	EXP 	Created Movie Frame 7 = ImageStim(autoLog=True, color=array([ 1.,  1.,  1.]), colorSpace='rgb', contrast=1.0, depth=0, flipHoriz=False, flipVert=False, image='Images/left_7.png', interpolate=False, mask=None, maskParams=None, name='Movie Frame 7', opacity=1.0, ori=0.0, pos=array([ 0.,  0.]), size=array([ 800.,  500.]), texRes=128, units='pix', win=Window(...))
12.0506 	EXP 	Created Movie Frame 8 = ImageStim(autoLog=True, color=array([ 1.,  1.,  1.]), colorSpace='rgb', contrast=1.0, depth=0, flipHoriz=False, flipVert=False, image='Images/left_8.png', interpolate=False, mask=None, maskParams=None, name='Movie Frame 8', opacity=1.0, ori=0.0, pos=array([ 0.,  0.]), size=array([ 800.,  500.]), texRes=128, units='pix', win=Window(...))
12.0743 	EXP 	Created Movie Frame 9 = ImageStim(autoLog=True, color=array([ 1.,  1.,  1.]), colorSpace='rgb', contrast=1.0, depth=0, flipHoriz=False, flipVert=False, image='Images/left_9.png', interpolate=False, mask=None, maskParams=None, name='Movie Frame 9', opacity=1.0, ori=0.0, pos=array([ 0.,  0.]), size=array([ 800.,  500.]), texRes=128, units='pix', win=Window(...))
12.0881 	EXP 	Created unnamed TextStim = TextStim(alignHoriz='center', alignVert='center', antialias=True, autoLog=True, bold=False, color='#000000', colorSpace='hex', contrast=1.0, depth=0, flipHoriz=False, flipVert=False, font='', fontFiles=[], height=40, italic=False, name='unnamed TextStim', opacity=1.0, ori=0.0, pos=array([   0.,  330.]), rgb=array([0, 0, 0]), text=u'Tap along with the video.', units='pix', win=Window(...), wrapWidth=800)
12.1385 	EXP 	topMsg: text = 'You will see a movie of a finger tapping. When it is on the screen, try to use the hand indicated to tap your fingers at the same times as the movie does. When the fixation cross appears, relax and stare at the cross.'
12.1385 	EXP 	bottomMsg: text = 'The experiment will begin shortly'
12.1385 	EXP 	Display Instructions1
12.9218 	DATA 	Keypress: t
12.9388 	EXP 	topMsg: text = "Please don't move..."
12.9388 	EXP 	bottomMsg: text = ''
12.9388 	EXP 	PleaseDontMove
89.7699 	DATA 	Keypress: t
89.7867 	EXP 	Display Fixation
89.7870 	EXP 	---START EXPERIMENT---
89.8039 	EXP 	Display Fixation
91.4086 	DATA 	Keypress: t
93.0465 	DATA 	Keypress: t
94.6856 	DATA 	Keypress: t
96.3245 	DATA 	Keypress: t
97.9636 	DATA 	Keypress: t
99.6015 	DATA 	Keypress: t
101.2405 	DATA 	Keypress: t
102.8796 	DATA 	Keypress: t
104.5184 	DATA 	Keypress: t
106.1565 	DATA 	Keypress: t
107.7955 	DATA 	Keypress: t
109.4343 	DATA 	Keypress: t
109.4730 	EXP 	Display Frame 1
109.5031 	EXP 	Display Frame 2
109.5401 	EXP 	Display Frame 3
109.5735 	EXP 	Display Frame 4
109.6068 	EXP 	Display Frame 5
109.6402 	EXP 	Display Frame 6
109.6700 	EXP 	Display Frame 7
109.7068 	EXP 	Display Frame 8
109.7365 	EXP 	Display Frame 9
109.7736 	EXP 	Display Frame 0
109.8068 	EXP 	Display Frame 1
109.8401 	EXP 	Display Frame 2
109.8735 	EXP 	Display Frame 3
109.9068 	EXP 	Display Frame 4
109.9401 	EXP 	Display Frame 5
109.9735 	EXP 	Display Frame 6
110.0067 	EXP 	Display Frame 7
110.0392 	EXP 	Display Frame 8
110.0735 	EXP 	Display Frame 9
110.1068 	EXP 	Display Frame 0
110.1401 	EXP 	Display Frame 1
110.1734 	EXP 	Display Frame 2
110.2068 	EXP 	Display Frame 3
110.2402 	EXP 	Display Frame 4
110.2735 	EXP 	Display Frame 5
110.3067 	EXP 	Display Frame 6
110.3402 	EXP 	Display Frame 7
110.3698 	EXP 	Display Frame 8
110.4068 	EXP 	Display Frame 9
110.4401 	EXP 	Display Frame 0
110.4733 	EXP 	Display Frame 1
110.5067 	EXP 	Display Frame 2
110.5399 	EXP 	Display Frame 3
110.5734 	EXP 	Display Frame 4
110.6067 	EXP 	Display Frame 5
110.6401 	EXP 	Display Frame 6
110.6698 	EXP 	Display Frame 7
110.7067 	EXP 	Display Frame 8
110.7390 	EXP 	Display Frame 9
110.7734 	EXP 	Display Frame 0
110.8068 	EXP 	Display Frame 1
110.8400 	EXP 	Display Frame 2
110.8734 	EXP 	Display Frame 3
110.9057 	EXP 	Display Frame 4
110.9400 	EXP 	Display Frame 5
110.9734 	EXP 	Display Frame 6
111.0067 	EXP 	Display Frame 7
111.0392 	EXP 	Display Frame 8
111.0734 	EXP 	Display Frame 9
111.0739 	DATA 	Keypress: t
111.1062 	EXP 	Display Frame 0
111.1364 	EXP 	Display Frame 1
111.1733 	EXP 	Display Frame 2
111.2067 	EXP 	Display Frame 3
111.2400 	EXP 	Display Frame 4
111.2730 	EXP 	Display Frame 5
111.3067 	EXP 	Display Frame 6
111.3402 	EXP 	Display Frame 7
111.3734 	EXP 	Display Frame 8
111.4066 	EXP 	Display Frame 9
111.4401 	EXP 	Display Frame 0
111.4734 	EXP 	Display Frame 1
111.5068 	EXP 	Display Frame 2
111.5401 	EXP 	Display Frame 3
111.5724 	EXP 	Display Frame 4
111.6067 	EXP 	Display Frame 5
111.6400 	EXP 	Display Frame 6
111.6733 	EXP 	Display Frame 7
111.7068 	EXP 	Display Frame 8
111.7396 	EXP 	Display Frame 9
111.7734 	EXP 	Display Frame 0
111.8067 	EXP 	Display Frame 1
111.8401 	EXP 	Display Frame 2
111.8729 	EXP 	Display Frame 3
111.9068 	EXP 	Display Frame 4
111.9389 	EXP 	Display Frame 5
111.9733 	EXP 	Display Frame 6
112.0066 	EXP 	Display Frame 7
112.0400 	EXP 	Display Frame 8
112.0734 	EXP 	Display Frame 9
112.1067 	EXP 	Display Frame 0
112.1401 	EXP 	Display Frame 1
112.1733 	EXP 	Display Frame 2
112.2056 	EXP 	Display Frame 3
112.2401 	EXP 	Display Frame 4
112.2724 	EXP 	Display Frame 5
112.3067 	EXP 	Display Frame 6
112.3390 	EXP 	Display Frame 7
112.3724 	EXP 	Display Frame 8
112.4067 	EXP 	Display Frame 9
112.4390 	EXP 	Display Frame 0
112.4730 	EXP 	Display Frame 1
112.5066 	EXP 	Display Frame 2
112.5401 	EXP 	Display Frame 3
112.5734 	EXP 	Display Frame 4
112.6068 	EXP 	Display Frame 5
112.6401 	EXP 	Display Frame 6
112.6723 	EXP 	Display Frame 7
112.7067 	EXP 	Display Frame 8
112.7355 	DATA 	Keypress: t
112.7392 	EXP 	Display Frame 9
112.7734 	EXP 	Display Frame 0
112.8067 	EXP 	Display Frame 1
112.8400 	EXP 	Display Frame 2
112.8733 	EXP 	Display Frame 3
112.9056 	EXP 	Display Frame 4
112.9399 	EXP 	Display Frame 5
112.9724 	EXP 	Display Frame 6
113.0066 	EXP 	Display Frame 7
113.0400 	EXP 	Display Frame 8
113.0733 	EXP 	Display Frame 9
113.1057 	EXP 	Display Frame 0
113.1390 	EXP 	Display Frame 1
113.1733 	EXP 	Display Frame 2
113.2068 	EXP 	Display Frame 3
113.2398 	EXP 	Display Frame 4
113.2734 	EXP 	Display Frame 5
113.3068 	EXP 	Display Frame 6
113.3401 	EXP 	Display Frame 7
113.3733 	EXP 	Display Frame 8
113.4056 	EXP 	Display Frame 9
113.4400 	EXP 	Display Frame 0
113.4734 	EXP 	Display Frame 1
113.5068 	EXP 	Display Frame 2
113.5399 	EXP 	Display Frame 3
113.5723 	EXP 	Display Frame 4
113.6068 	EXP 	Display Frame 5
113.6391 	EXP 	Display Frame 6
113.6733 	EXP 	Display Frame 7
113.7056 	EXP 	Display Frame 8
113.7400 	EXP 	Display Frame 9
113.7735 	EXP 	Display Frame 0
113.8068 	EXP 	Display Frame 1
113.8400 	EXP 	Display Frame 2
113.8735 	EXP 	Display Frame 3
113.9056 	EXP 	Display Frame 4
113.9389 	EXP 	Display Frame 5
113.9733 	EXP 	Display Frame 6
114.0067 	EXP 	Display Frame 7
114.0400 	EXP 	Display Frame 8
114.0723 	EXP 	Display Frame 9
114.1068 	EXP 	Display Frame 0
114.1390 	EXP 	Display Frame 1
114.1723 	EXP 	Display Frame 2
114.2066 	EXP 	Display Frame 3
114.2389 	EXP 	Display Frame 4
114.2723 	EXP 	Display Frame 5
114.3056 	EXP 	Display Frame 6
114.3399 	EXP 	Display Frame 7
114.3686 	DATA 	Keypress: t
114.3726 	EXP 	Display Frame 8
114.4067 	EXP 	Display Frame 9
114.4401 	EXP 	Display Frame 0
114.4723 	EXP 	Display Frame 1
114.5068 	EXP 	Display Frame 2
114.5390 	EXP 	Display Frame 3
114.5735 	EXP 	Display Frame 4
114.6068 	EXP 	Display Frame 5
114.6390 	EXP 	Display Frame 6
114.6723 	EXP 	Display Frame 7
114.7068 	EXP 	Display Frame 8
114.7401 	EXP 	Display Frame 9
114.7735 	EXP 	Display Frame 0
114.8056 	EXP 	Display Frame 1
114.8389 	EXP 	Display Frame 2
114.8735 	EXP 	Display Frame 3
114.9056 	EXP 	Display Frame 4
114.9401 	EXP 	Display Frame 5
114.9723 	EXP 	Display Frame 6
115.0056 	EXP 	Display Frame 7
115.0390 	EXP 	Display Frame 8
115.0724 	EXP 	Display Frame 9
115.1056 	EXP 	Display Frame 0
115.1390 	EXP 	Display Frame 1
115.1723 	EXP 	Display Frame 2
115.2056 	EXP 	Display Frame 3
115.2390 	EXP 	Display Frame 4
115.2696 	EXP 	Display Frame 5
115.3056 	EXP 	Display Frame 6
115.3401 	EXP 	Display Frame 7
115.3734 	EXP 	Display Frame 8
115.4068 	EXP 	Display Frame 9
115.4400 	EXP 	Display Frame 0
115.4734 	EXP 	Display Frame 1
115.5068 	EXP 	Display Frame 2
115.5401 	EXP 	Display Frame 3
115.5735 	EXP 	Display Frame 4
115.6068 	EXP 	Display Frame 5
115.6390 	EXP 	Display Frame 6
115.6723 	EXP 	Display Frame 7
115.7065 	EXP 	Display Frame 8
115.7401 	EXP 	Display Frame 9
115.7722 	EXP 	Display Frame 0
115.8069 	EXP 	Display Frame 1
115.8390 	EXP 	Display Frame 2
115.8723 	EXP 	Display Frame 3
115.9067 	EXP 	Display Frame 4
115.9390 	EXP 	Display Frame 5
115.9734 	EXP 	Display Frame 6
116.0019 	DATA 	Keypress: t
116.0062 	EXP 	Display Frame 7
116.0398 	EXP 	Display Frame 8
116.0723 	EXP 	Display Frame 9
116.1057 	EXP 	Display Frame 0
116.1390 	EXP 	Display Frame 1
116.1723 	EXP 	Display Frame 2
116.2056 	EXP 	Display Frame 3
116.2402 	EXP 	Display Frame 4
116.2734 	EXP 	Display Frame 5
116.3056 	EXP 	Display Frame 6
116.3401 	EXP 	Display Frame 7
116.3723 	EXP 	Display Frame 8
116.4057 	EXP 	Display Frame 9
116.4389 	EXP 	Display Frame 0
116.4734 	EXP 	Display Frame 1
116.5055 	EXP 	Display Frame 2
116.5390 	EXP 	Display Frame 3
116.5735 	EXP 	Display Frame 4
116.6055 	EXP 	Display Frame 5
116.6389 	EXP 	Display Frame 6
116.6735 	EXP 	Display Frame 7
116.7055 	EXP 	Display Frame 8
116.7395 	EXP 	Display Frame 9
116.7733 	EXP 	Display Frame 0
116.8057 	EXP 	Display Frame 1
116.8401 	EXP 	Display Frame 2
116.8735 	EXP 	Display Frame 3
116.9056 	EXP 	Display Frame 4
116.9401 	EXP 	Display Frame 5
116.9722 	EXP 	Display Frame 6
117.0055 	EXP 	Display Frame 7
117.0390 	EXP 	Display Frame 8
117.0723 	EXP 	Display Frame 9
117.1056 	EXP 	Display Frame 0
117.1390 	EXP 	Display Frame 1
117.1723 	EXP 	Display Frame 2
117.2056 	EXP 	Display Frame 3
117.2390 	EXP 	Display Frame 4
117.2721 	EXP 	Display Frame 5
117.3057 	EXP 	Display Frame 6
117.3401 	EXP 	Display Frame 7
117.3723 	EXP 	Display Frame 8
117.4068 	EXP 	Display Frame 9
117.4390 	EXP 	Display Frame 0
117.4734 	EXP 	Display Frame 1
117.5056 	EXP 	Display Frame 2
117.5390 	EXP 	Display Frame 3
117.5735 	EXP 	Display Frame 4
117.6056 	EXP 	Display Frame 5
117.6353 	DATA 	Keypress: t
117.6396 	EXP 	Display Frame 6
117.6728 	EXP 	Display Frame 7
117.7056 	EXP 	Display Frame 8
117.7389 	EXP 	Display Frame 9
117.7721 	EXP 	Display Frame 0
117.8057 	EXP 	Display Frame 1
117.8390 	EXP 	Display Frame 2
117.8723 	EXP 	Display Frame 3
117.9057 	EXP 	Display Frame 4
117.9389 	EXP 	Display Frame 5
117.9722 	EXP 	Display Frame 6
118.0055 	EXP 	Display Frame 7
118.0390 	EXP 	Display Frame 8
118.0723 	EXP 	Display Frame 9
118.1056 	EXP 	Display Frame 0
118.1389 	EXP 	Display Frame 1
118.1723 	EXP 	Display Frame 2
118.2056 	EXP 	Display Frame 3
118.2388 	EXP 	Display Frame 4
118.2723 	EXP 	Display Frame 5
118.3056 	EXP 	Display Frame 6
118.3389 	EXP 	Display Frame 7
118.3723 	EXP 	Display Frame 8
118.4056 	EXP 	Display Frame 9
118.4389 	EXP 	Display Frame 0
118.4724 	EXP 	Display Frame 1
118.5056 	EXP 	Display Frame 2
118.5389 	EXP 	Display Frame 3
118.5722 	EXP 	Display Frame 4
118.6056 	EXP 	Display Frame 5
118.6390 	EXP 	Display Frame 6
118.6723 	EXP 	Display Frame 7
118.7056 	EXP 	Display Frame 8
118.7389 	EXP 	Display Frame 9
118.7722 	EXP 	Display Frame 0
118.8056 	EXP 	Display Frame 1
118.8389 	EXP 	Display Frame 2
118.8723 	EXP 	Display Frame 3
118.9057 	EXP 	Display Frame 4
118.9389 	EXP 	Display Frame 5
118.9723 	EXP 	Display Frame 6
119.0056 	EXP 	Display Frame 7
119.0390 	EXP 	Display Frame 8
119.0723 	EXP 	Display Frame 9
119.1056 	EXP 	Display Frame 0
119.1389 	EXP 	Display Frame 1
119.1723 	EXP 	Display Frame 2
119.2056 	EXP 	Display Frame 3
119.2389 	EXP 	Display Frame 4
119.2686 	DATA 	Keypress: t
119.2729 	EXP 	Display Frame 5
119.3062 	EXP 	Display Frame 6
119.3390 	EXP 	Display Frame 7
119.3730 	EXP 	Display Frame 8
119.4056 	EXP 	Display Frame 9
119.4389 	EXP 	Display Frame 0
119.4723 	EXP 	Display Frame 1
119.5056 	EXP 	Display Frame 2
119.5388 	EXP 	Display Frame 3
119.5723 	EXP 	Display Frame 4
119.6056 	EXP 	Display Frame 5
119.6390 	EXP 	Display Frame 6
119.6723 	EXP 	Display Frame 7
119.7056 	EXP 	Display Frame 8
119.7388 	EXP 	Display Frame 9
119.7723 	EXP 	Display Frame 0
119.8056 	EXP 	Display Frame 1
119.8389 	EXP 	Display Frame 2
119.8725 	EXP 	Display Frame 3
119.9057 	EXP 	Display Frame 4
119.9389 	EXP 	Display Frame 5
119.9721 	EXP 	Display Frame 6
120.0056 	EXP 	Display Frame 7
120.0389 	EXP 	Display Frame 8
120.0723 	EXP 	Display Frame 9
120.1056 	EXP 	Display Frame 0
120.1389 	EXP 	Display Frame 1
120.1723 	EXP 	Display Frame 2
120.2056 	EXP 	Display Frame 3
120.2390 	EXP 	Display Frame 4
120.2723 	EXP 	Display Frame 5
120.3057 	EXP 	Display Frame 6
120.3389 	EXP 	Display Frame 7
120.3723 	EXP 	Display Frame 8
120.4053 	EXP 	Display Frame 9
120.4389 	EXP 	Display Frame 0
120.4722 	EXP 	Display Frame 1
120.5056 	EXP 	Display Frame 2
120.5390 	EXP 	Display Frame 3
120.5723 	EXP 	Display Frame 4
120.6057 	EXP 	Display Frame 5
120.6389 	EXP 	Display Frame 6
120.6723 	EXP 	Display Frame 7
120.7056 	EXP 	Display Frame 8
120.7389 	EXP 	Display Frame 9
120.7722 	EXP 	Display Frame 0
120.8055 	EXP 	Display Frame 1
120.8389 	EXP 	Display Frame 2
120.8724 	EXP 	Display Frame 3
120.9058 	EXP 	Display Frame 4
120.9063 	DATA 	Keypress: t
120.9394 	EXP 	Display Frame 5
120.9722 	EXP 	Display Frame 6
121.0056 	EXP 	Display Frame 7
121.0388 	EXP 	Display Frame 8
121.0722 	EXP 	Display Frame 9
121.1057 	EXP 	Display Frame 0
121.1388 	EXP 	Display Frame 1
121.1723 	EXP 	Display Frame 2
121.2056 	EXP 	Display Frame 3
121.2389 	EXP 	Display Frame 4
121.2722 	EXP 	Display Frame 5
121.3056 	EXP 	Display Frame 6
121.3390 	EXP 	Display Frame 7
121.3724 	EXP 	Display Frame 8
121.4057 	EXP 	Display Frame 9
121.4389 	EXP 	Display Frame 0
121.4722 	EXP 	Display Frame 1
121.5056 	EXP 	Display Frame 2
121.5388 	EXP 	Display Frame 3
121.5723 	EXP 	Display Frame 4
121.6056 	EXP 	Display Frame 5
121.6389 	EXP 	Display Frame 6
121.6723 	EXP 	Display Frame 7
121.7056 	EXP 	Display Frame 8
121.7385 	EXP 	Display Frame 9
121.7722 	EXP 	Display Frame 0
121.8056 	EXP 	Display Frame 1
121.8389 	EXP 	Display Frame 2
121.8722 	EXP 	Display Frame 3
121.9057 	EXP 	Display Frame 4
121.9389 	EXP 	Display Frame 5
121.9722 	EXP 	Display Frame 6
122.0056 	EXP 	Display Frame 7
122.0389 	EXP 	Display Frame 8
122.0723 	EXP 	Display Frame 9
122.1057 	EXP 	Display Frame 0
122.1389 	EXP 	Display Frame 1
122.1723 	EXP 	Display Frame 2
122.2056 	EXP 	Display Frame 3
122.2389 	EXP 	Display Frame 4
122.2719 	EXP 	Display Frame 5
122.3055 	EXP 	Display Frame 6
122.3390 	EXP 	Display Frame 7
122.3721 	EXP 	Display Frame 8
122.4056 	EXP 	Display Frame 9
122.4391 	EXP 	Display Frame 0
122.4723 	EXP 	Display Frame 1
122.5055 	EXP 	Display Frame 2
122.5389 	EXP 	Display Frame 3
122.5687 	DATA 	Keypress: t
122.5723 	EXP 	Display Frame 4
122.6056 	EXP 	Display Frame 5
122.6389 	EXP 	Display Frame 6
122.6723 	EXP 	Display Frame 7
122.7056 	EXP 	Display Frame 8
122.7390 	EXP 	Display Frame 9
122.7724 	EXP 	Display Frame 0
122.8057 	EXP 	Display Frame 1
122.8389 	EXP 	Display Frame 2
122.8723 	EXP 	Display Frame 3
122.9056 	EXP 	Display Frame 4
122.9388 	EXP 	Display Frame 5
122.9723 	EXP 	Display Frame 6
123.0055 	EXP 	Display Frame 7
123.0389 	EXP 	Display Frame 8
123.0723 	EXP 	Display Frame 9
123.1056 	EXP 	Display Frame 0
123.1389 	EXP 	Display Frame 1
123.1722 	EXP 	Display Frame 2
123.2057 	EXP 	Display Frame 3
123.2390 	EXP 	Display Frame 4
123.2724 	EXP 	Display Frame 5
123.3057 	EXP 	Display Frame 6
123.3389 	EXP 	Display Frame 7
123.3722 	EXP 	Display Frame 8
123.4056 	EXP 	Display Frame 9
123.4389 	EXP 	Display Frame 0
123.4722 	EXP 	Display Frame 1
123.5056 	EXP 	Display Frame 2
123.5388 	EXP 	Display Frame 3
123.5724 	EXP 	Display Frame 4
123.6057 	EXP 	Display Frame 5
123.6389 	EXP 	Display Frame 6
123.6723 	EXP 	Display Frame 7
123.7056 	EXP 	Display Frame 8
123.7389 	EXP 	Display Frame 9
123.7723 	EXP 	Display Frame 0
123.8056 	EXP 	Display Frame 1
123.8390 	EXP 	Display Frame 2
123.8724 	EXP 	Display Frame 3
123.9056 	EXP 	Display Frame 4
123.9389 	EXP 	Display Frame 5
123.9722 	EXP 	Display Frame 6
124.0056 	EXP 	Display Frame 7
124.0390 	EXP 	Display Frame 8
124.0724 	EXP 	Display Frame 9
124.1057 	EXP 	Display Frame 0
124.1389 	EXP 	Display Frame 1
124.1723 	EXP 	Display Frame 2
124.2022 	DATA 	Keypress: t
124.2058 	EXP 	Display Frame 3
124.2389 	EXP 	Display Frame 4
124.2723 	EXP 	Display Frame 5
124.3057 	EXP 	Display Frame 6
124.3390 	EXP 	Display Frame 7
124.3723 	EXP 	Display Frame 8
124.4057 	EXP 	Display Frame 9
124.4389 	EXP 	Display Frame 0
124.4723 	EXP 	Display Frame 1
124.5056 	EXP 	Display Frame 2
124.5388 	EXP 	Display Frame 3
124.5723 	EXP 	Display Frame 4
124.6057 	EXP 	Display Frame 5
124.6389 	EXP 	Display Frame 6
124.6724 	EXP 	Display Frame 7
124.7056 	EXP 	Display Frame 8
124.7389 	EXP 	Display Frame 9
124.7722 	EXP 	Display Frame 0
124.8057 	EXP 	Display Frame 1
124.8389 	EXP 	Display Frame 2
124.8723 	EXP 	Display Frame 3
124.9056 	EXP 	Display Frame 4
124.9390 	EXP 	Display Frame 5
124.9723 	EXP 	Display Frame 6
125.0057 	EXP 	Display Frame 7
125.0390 	EXP 	Display Frame 8
125.0723 	EXP 	Display Frame 9
125.1056 	EXP 	Display Frame 0
125.1388 	EXP 	Display Frame 1
125.1723 	EXP 	Display Frame 2
125.2056 	EXP 	Display Frame 3
125.2390 	EXP 	Display Frame 4
125.2721 	EXP 	Display Frame 5
125.3056 	EXP 	Display Frame 6
125.3390 	EXP 	Display Frame 7
125.3722 	EXP 	Display Frame 8
125.4054 	EXP 	Display Frame 9
125.4389 	EXP 	Display Frame 0
125.4723 	EXP 	Display Frame 1
125.5056 	EXP 	Display Frame 2
125.5387 	EXP 	Display Frame 3
125.5723 	EXP 	Display Frame 4
125.6057 	EXP 	Display Frame 5
125.6389 	EXP 	Display Frame 6
125.6724 	EXP 	Display Frame 7
125.7056 	EXP 	Display Frame 8
125.7388 	EXP 	Display Frame 9
125.7722 	EXP 	Display Frame 0
125.8056 	EXP 	Display Frame 1
125.8352 	DATA 	Keypress: t
125.8396 	EXP 	Display Frame 2
125.8730 	EXP 	Display Frame 3
125.9056 	EXP 	Display Frame 4
125.9389 	EXP 	Display Frame 5
125.9722 	EXP 	Display Frame 6
126.0056 	EXP 	Display Frame 7
126.0390 	EXP 	Display Frame 8
126.0723 	EXP 	Display Frame 9
126.1056 	EXP 	Display Frame 0
126.1389 	EXP 	Display Frame 1
126.1724 	EXP 	Display Frame 2
126.2056 	EXP 	Display Frame 3
126.2389 	EXP 	Display Frame 4
126.2722 	EXP 	Display Frame 5
126.3056 	EXP 	Display Frame 6
126.3390 	EXP 	Display Frame 7
126.3723 	EXP 	Display Frame 8
126.4056 	EXP 	Display Frame 9
126.4391 	EXP 	Display Frame 0
126.4724 	EXP 	Display Frame 1
126.5056 	EXP 	Display Frame 2
126.5389 	EXP 	Display Frame 3
126.5723 	EXP 	Display Frame 4
126.6056 	EXP 	Display Frame 5
126.6389 	EXP 	Display Frame 6
126.6723 	EXP 	Display Frame 7
126.7056 	EXP 	Display Frame 8
126.7384 	EXP 	Display Frame 9
126.7720 	EXP 	Display Frame 0
126.8056 	EXP 	Display Frame 1
126.8389 	EXP 	Display Frame 2
126.8723 	EXP 	Display Frame 3
126.9056 	EXP 	Display Frame 4
126.9390 	EXP 	Display Frame 5
126.9722 	EXP 	Display Frame 6
127.0055 	EXP 	Display Frame 7
127.0389 	EXP 	Display Frame 8
127.0723 	EXP 	Display Frame 9
127.1057 	EXP 	Display Frame 0
127.1389 	EXP 	Display Frame 1
127.1724 	EXP 	Display Frame 2
127.2056 	EXP 	Display Frame 3
127.2390 	EXP 	Display Frame 4
127.2723 	EXP 	Display Frame 5
127.3056 	EXP 	Display Frame 6
127.3390 	EXP 	Display Frame 7
127.3725 	EXP 	Display Frame 8
127.4055 	EXP 	Display Frame 9
127.4390 	EXP 	Display Frame 0
127.4686 	DATA 	Keypress: t
127.4719 	EXP 	Display Frame 1
127.5061 	EXP 	Display Frame 2
127.5389 	EXP 	Display Frame 3
127.5723 	EXP 	Display Frame 4
127.6056 	EXP 	Display Frame 5
127.6390 	EXP 	Display Frame 6
127.6722 	EXP 	Display Frame 7
127.7056 	EXP 	Display Frame 8
127.7389 	EXP 	Display Frame 9
127.7723 	EXP 	Display Frame 0
127.8056 	EXP 	Display Frame 1
127.8390 	EXP 	Display Frame 2
127.8722 	EXP 	Display Frame 3
127.9056 	EXP 	Display Frame 4
127.9390 	EXP 	Display Frame 5
127.9721 	EXP 	Display Frame 6
128.0056 	EXP 	Display Frame 7
128.0390 	EXP 	Display Frame 8
128.0723 	EXP 	Display Frame 9
128.1057 	EXP 	Display Frame 0
128.1389 	EXP 	Display Frame 1
128.1723 	EXP 	Display Frame 2
128.2056 	EXP 	Display Frame 3
128.2389 	EXP 	Display Frame 4
128.2723 	EXP 	Display Frame 5
128.3056 	EXP 	Display Frame 6
128.3390 	EXP 	Display Frame 7
128.3724 	EXP 	Display Frame 8
128.4056 	EXP 	Display Frame 9
128.4390 	EXP 	Display Frame 0
128.4723 	EXP 	Display Frame 1
128.5056 	EXP 	Display Frame 2
128.5388 	EXP 	Display Frame 3
128.5723 	EXP 	Display Frame 4
128.6057 	EXP 	Display Frame 5
128.6389 	EXP 	Display Frame 6
128.6724 	EXP 	Display Frame 7
128.7056 	EXP 	Display Frame 8
128.7389 	EXP 	Display Frame 9
128.7722 	EXP 	Display Frame 0
128.8056 	EXP 	Display Frame 1
128.8390 	EXP 	Display Frame 2
128.8723 	EXP 	Display Frame 3
128.9056 	EXP 	Display Frame 4
128.9389 	EXP 	Display Frame 5
128.9722 	EXP 	Display Frame 6
129.0057 	EXP 	Display Frame 7
129.0390 	EXP 	Display Frame 8
129.0724 	EXP 	Display Frame 9
129.1019 	DATA 	Keypress: t
129.1052 	EXP 	Display Frame 0
129.1194 	EXP 	Display Fixation
130.7375 	DATA 	Keypress: t
132.3764 	DATA 	Keypress: t
134.0153 	DATA 	Keypress: t
135.6535 	DATA 	Keypress: t
137.2922 	DATA 	Keypress: t
138.9314 	DATA 	Keypress: t
140.5702 	DATA 	Keypress: t
142.2083 	DATA 	Keypress: t
143.8473 	DATA 	Keypress: t
145.4862 	DATA 	Keypress: t
147.1252 	DATA 	Keypress: t
148.7632 	DATA 	Keypress: t
148.8017 	EXP 	Display Frame 1
148.8355 	EXP 	Display Frame 2
148.8689 	EXP 	Display Frame 3
148.9022 	EXP 	Display Frame 4
148.9355 	EXP 	Display Frame 5
148.9689 	EXP 	Display Frame 6
149.0023 	EXP 	Display Frame 7
149.0357 	EXP 	Display Frame 8
149.0689 	EXP 	Display Frame 9
149.1022 	EXP 	Display Frame 0
149.1356 	EXP 	Display Frame 1
149.1692 	EXP 	Display Frame 2
149.2025 	EXP 	Display Frame 3
149.2354 	EXP 	Display Frame 4
149.2688 	EXP 	Display Frame 5
149.3022 	EXP 	Display Frame 6
149.3355 	EXP 	Display Frame 7
149.3689 	EXP 	Display Frame 8
149.4022 	EXP 	Display Frame 9
149.4355 	EXP 	Display Frame 0
149.4688 	EXP 	Display Frame 1
149.5022 	EXP 	Display Frame 2
149.5355 	EXP 	Display Frame 3
149.5688 	EXP 	Display Frame 4
149.6022 	EXP 	Display Frame 5
149.6355 	EXP 	Display Frame 6
149.6690 	EXP 	Display Frame 7
149.7022 	EXP 	Display Frame 8
149.7355 	EXP 	Display Frame 9
149.7688 	EXP 	Display Frame 0
149.8022 	EXP 	Display Frame 1
149.8355 	EXP 	Display Frame 2
149.8687 	EXP 	Display Frame 3
149.9021 	EXP 	Display Frame 4
149.9355 	EXP 	Display Frame 5
149.9687 	EXP 	Display Frame 6
150.0021 	EXP 	Display Frame 7
150.0354 	EXP 	Display Frame 8
150.0688 	EXP 	Display Frame 9
150.1021 	EXP 	Display Frame 0
150.1354 	EXP 	Display Frame 1
150.1687 	EXP 	Display Frame 2
150.2021 	EXP 	Display Frame 3
150.2353 	EXP 	Display Frame 4
150.2691 	EXP 	Display Frame 5
150.3021 	EXP 	Display Frame 6
150.3354 	EXP 	Display Frame 7
150.3688 	EXP 	Display Frame 8
150.4021 	EXP 	Display Frame 9
150.4024 	DATA 	Keypress: t
150.4348 	EXP 	Display Frame 0
150.4689 	EXP 	Display Frame 1
150.5021 	EXP 	Display Frame 2
150.5353 	EXP 	Display Frame 3
150.5685 	EXP 	Display Frame 4
150.6022 	EXP 	Display Frame 5
150.6354 	EXP 	Display Frame 6
150.6691 	EXP 	Display Frame 7
150.7020 	EXP 	Display Frame 8
150.7354 	EXP 	Display Frame 9
150.7687 	EXP 	Display Frame 0
150.8021 	EXP 	Display Frame 1
150.8354 	EXP 	Display Frame 2
150.8688 	EXP 	Display Frame 3
150.9020 	EXP 	Display Frame 4
150.9354 	EXP 	Display Frame 5
150.9688 	EXP 	Display Frame 6
151.0020 	EXP 	Display Frame 7
151.0354 	EXP 	Display Frame 8
151.0689 	EXP 	Display Frame 9
151.1021 	EXP 	Display Frame 0
151.1355 	EXP 	Display Frame 1
151.1688 	EXP 	Display Frame 2
151.2021 	EXP 	Display Frame 3
151.2354 	EXP 	Display Frame 4
151.2687 	EXP 	Display Frame 5
151.3021 	EXP 	Display Frame 6
151.3356 	EXP 	Display Frame 7
151.3688 	EXP 	Display Frame 8
151.4021 	EXP 	Display Frame 9
151.4354 	EXP 	Display Frame 0
151.4689 	EXP 	Display Frame 1
151.5021 	EXP 	Display Frame 2
151.5354 	EXP 	Display Frame 3
151.5687 	EXP 	Display Frame 4
151.6021 	EXP 	Display Frame 5
151.6356 	EXP 	Display Frame 6
151.6688 	EXP 	Display Frame 7
151.7021 	EXP 	Display Frame 8
151.7351 	EXP 	Display Frame 9
151.7687 	EXP 	Display Frame 0
151.8021 	EXP 	Display Frame 1
151.8353 	EXP 	Display Frame 2
151.8688 	EXP 	Display Frame 3
151.9020 	EXP 	Display Frame 4
151.9354 	EXP 	Display Frame 5
151.9687 	EXP 	Display Frame 6
152.0020 	EXP 	Display Frame 7
152.0354 	EXP 	Display Frame 8
152.0642 	DATA 	Keypress: t
152.0682 	EXP 	Display Frame 9
152.1020 	EXP 	Display Frame 0
152.1355 	EXP 	Display Frame 1
152.1688 	EXP 	Display Frame 2
152.2020 	EXP 	Display Frame 3
152.2355 	EXP 	Display Frame 4
152.2688 	EXP 	Display Frame 5
152.3020 	EXP 	Display Frame 6
152.3353 	EXP 	Display Frame 7
152.3687 	EXP 	Display Frame 8
152.4020 	EXP 	Display Frame 9
152.4352 	EXP 	Display Frame 0
152.4687 	EXP 	Display Frame 1
152.5020 	EXP 	Display Frame 2
152.5354 	EXP 	Display Frame 3
152.5687 	EXP 	Display Frame 4
152.6019 	EXP 	Display Frame 5
152.6354 	EXP 	Display Frame 6
152.6690 	EXP 	Display Frame 7
152.7019 	EXP 	Display Frame 8
152.7354 	EXP 	Display Frame 9
152.7689 	EXP 	Display Frame 0
152.8023 	EXP 	Display Frame 1
152.8353 	EXP 	Display Frame 2
152.8688 	EXP 	Display Frame 3
152.9020 	EXP 	Display Frame 4
152.9355 	EXP 	Display Frame 5
152.9687 	EXP 	Display Frame 6
153.0020 	EXP 	Display Frame 7
153.0353 	EXP 	Display Frame 8
153.0688 	EXP 	Display Frame 9
153.1019 	EXP 	Display Frame 0
153.1354 	EXP 	Display Frame 1
153.1688 	EXP 	Display Frame 2
153.2020 	EXP 	Display Frame 3
153.2354 	EXP 	Display Frame 4
153.2687 	EXP 	Display Frame 5
153.3019 	EXP 	Display Frame 6
153.3353 	EXP 	Display Frame 7
153.3687 	EXP 	Display Frame 8
153.4023 	EXP 	Display Frame 9
153.4354 	EXP 	Display Frame 0
153.4688 	EXP 	Display Frame 1
153.5020 	EXP 	Display Frame 2
153.5354 	EXP 	Display Frame 3
153.5687 	EXP 	Display Frame 4
153.6019 	EXP 	Display Frame 5
153.6356 	EXP 	Display Frame 6
153.6688 	EXP 	Display Frame 7
153.6974 	DATA 	Keypress: t
153.7025 	EXP 	Display Frame 8
153.7355 	EXP 	Display Frame 9
153.7689 	EXP 	Display Frame 0
153.8022 	EXP 	Display Frame 1
153.8353 	EXP 	Display Frame 2
153.8686 	EXP 	Display Frame 3
153.9023 	EXP 	Display Frame 4
153.9354 	EXP 	Display Frame 5
153.9688 	EXP 	Display Frame 6
154.0022 	EXP 	Display Frame 7
154.0353 	EXP 	Display Frame 8
154.0686 	EXP 	Display Frame 9
154.1023 	EXP 	Display Frame 0
154.1355 	EXP 	Display Frame 1
154.1689 	EXP 	Display Frame 2
154.2021 	EXP 	Display Frame 3
154.2353 	EXP 	Display Frame 4
154.2687 	EXP 	Display Frame 5
154.3020 	EXP 	Display Frame 6
154.3354 	EXP 	Display Frame 7
154.3690 	EXP 	Display Frame 8
154.4022 	EXP 	Display Frame 9
154.4354 	EXP 	Display Frame 0
154.4691 	EXP 	Display Frame 1
154.5021 	EXP 	Display Frame 2
154.5353 	EXP 	Display Frame 3
154.5688 	EXP 	Display Frame 4
154.6020 	EXP 	Display Frame 5
154.6353 	EXP 	Display Frame 6
154.6689 	EXP 	Display Frame 7
154.7023 	EXP 	Display Frame 8
154.7353 	EXP 	Display Frame 9
154.7687 	EXP 	Display Frame 0
154.8020 	EXP 	Display Frame 1
154.8356 	EXP 	Display Frame 2
154.8686 	EXP 	Display Frame 3
154.9022 	EXP 	Display Frame 4
154.9357 	EXP 	Display Frame 5
154.9686 	EXP 	Display Frame 6
155.0021 	EXP 	Display Frame 7
155.0353 	EXP 	Display Frame 8
155.0686 	EXP 	Display Frame 9
155.1022 	EXP 	Display Frame 0
155.1355 	EXP 	Display Frame 1
155.1686 	EXP 	Display Frame 2
155.2023 	EXP 	Display Frame 3
155.2356 	EXP 	Display Frame 4
155.2685 	EXP 	Display Frame 5
155.3019 	EXP 	Display Frame 6
155.3307 	DATA 	Keypress: t
155.3351 	EXP 	Display Frame 7
155.3684 	EXP 	Display Frame 8
155.4021 	EXP 	Display Frame 9
155.4355 	EXP 	Display Frame 0
155.4689 	EXP 	Display Frame 1
155.5019 	EXP 	Display Frame 2
155.5353 	EXP 	Display Frame 3
155.5689 	EXP 	Display Frame 4
155.6023 	EXP 	Display Frame 5
155.6355 	EXP 	Display Frame 6
155.6687 	EXP 	Display Frame 7
155.7021 	EXP 	Display Frame 8
155.7356 	EXP 	Display Frame 9
155.7687 	EXP 	Display Frame 0
155.8022 	EXP 	Display Frame 1
155.8355 	EXP 	Display Frame 2
155.8686 	EXP 	Display Frame 3
155.9020 	EXP 	Display Frame 4
155.9354 	EXP 	Display Frame 5
155.9686 	EXP 	Display Frame 6
156.0023 	EXP 	Display Frame 7
156.0355 	EXP 	Display Frame 8
156.0687 	EXP 	Display Frame 9
156.1021 	EXP 	Display Frame 0
156.1355 	EXP 	Display Frame 1
156.1690 	EXP 	Display Frame 2
156.2022 	EXP 	Display Frame 3
156.2355 	EXP 	Display Frame 4
156.2689 	EXP 	Display Frame 5
156.3019 	EXP 	Display Frame 6
156.3355 	EXP 	Display Frame 7
156.3688 	EXP 	Display Frame 8
156.4019 	EXP 	Display Frame 9
156.4353 	EXP 	Display Frame 0
156.4689 	EXP 	Display Frame 1
156.5020 	EXP 	Display Frame 2
156.5355 	EXP 	Display Frame 3
156.5689 	EXP 	Display Frame 4
156.6019 	EXP 	Display Frame 5
156.6355 	EXP 	Display Frame 6
156.6688 	EXP 	Display Frame 7
156.7023 	EXP 	Display Frame 8
156.7350 	EXP 	Display Frame 9
156.7688 	EXP 	Display Frame 0
156.8022 	EXP 	Display Frame 1
156.8355 	EXP 	Display Frame 2
156.8688 	EXP 	Display Frame 3
156.9023 	EXP 	Display Frame 4
156.9355 	EXP 	Display Frame 5
156.9641 	DATA 	Keypress: t
156.9685 	EXP 	Display Frame 6
157.0017 	EXP 	Display Frame 7
157.0355 	EXP 	Display Frame 8
157.0678 	EXP 	Display Frame 9
157.1022 	EXP 	Display Frame 0
157.1355 	EXP 	Display Frame 1
157.1688 	EXP 	Display Frame 2
157.2021 	EXP 	Display Frame 3
157.2355 	EXP 	Display Frame 4
157.2688 	EXP 	Display Frame 5
157.3022 	EXP 	Display Frame 6
157.3355 	EXP 	Display Frame 7
157.3688 	EXP 	Display Frame 8
157.4018 	EXP 	Display Frame 9
157.4355 	EXP 	Display Frame 0
157.4686 	EXP 	Display Frame 1
157.5022 	EXP 	Display Frame 2
157.5354 	EXP 	Display Frame 3
157.5687 	EXP 	Display Frame 4
157.6021 	EXP 	Display Frame 5
157.6345 	EXP 	Display Frame 6
157.6688 	EXP 	Display Frame 7
157.7022 	EXP 	Display Frame 8
157.7356 	EXP 	Display Frame 9
157.7690 	EXP 	Display Frame 0
157.8022 	EXP 	Display Frame 1
157.8355 	EXP 	Display Frame 2
157.8688 	EXP 	Display Frame 3
157.9022 	EXP 	Display Frame 4
157.9354 	EXP 	Display Frame 5
157.9689 	EXP 	Display Frame 6
158.0022 	EXP 	Display Frame 7
158.0355 	EXP 	Display Frame 8
158.0688 	EXP 	Display Frame 9
158.1021 	EXP 	Display Frame 0
158.1354 	EXP 	Display Frame 1
158.1688 	EXP 	Display Frame 2
158.2023 	EXP 	Display Frame 3
158.2355 	EXP 	Display Frame 4
158.2690 	EXP 	Display Frame 5
158.3023 	EXP 	Display Frame 6
158.3355 	EXP 	Display Frame 7
158.3686 	EXP 	Display Frame 8
158.4022 	EXP 	Display Frame 9
158.4353 	EXP 	Display Frame 0
158.4688 	EXP 	Display Frame 1
158.5021 	EXP 	Display Frame 2
158.5354 	EXP 	Display Frame 3
158.5688 	EXP 	Display Frame 4
158.5975 	DATA 	Keypress: t
158.6017 	EXP 	Display Frame 5
158.6350 	EXP 	Display Frame 6
158.6679 	EXP 	Display Frame 7
158.7023 	EXP 	Display Frame 8
158.7356 	EXP 	Display Frame 9
158.7690 	EXP 	Display Frame 0
158.8021 	EXP 	Display Frame 1
158.8354 	EXP 	Display Frame 2
158.8688 	EXP 	Display Frame 3
158.9022 	EXP 	Display Frame 4
158.9356 	EXP 	Display Frame 5
158.9689 	EXP 	Display Frame 6
159.0023 	EXP 	Display Frame 7
159.0354 	EXP 	Display Frame 8
159.0679 	EXP 	Display Frame 9
159.1021 	EXP 	Display Frame 0
159.1354 	EXP 	Display Frame 1
159.1689 	EXP 	Display Frame 2
159.2024 	EXP 	Display Frame 3
159.2356 	EXP 	Display Frame 4
159.2689 	EXP 	Display Frame 5
159.3021 	EXP 	Display Frame 6
159.3353 	EXP 	Display Frame 7
159.3677 	EXP 	Display Frame 8
159.4022 	EXP 	Display Frame 9
159.4356 	EXP 	Display Frame 0
159.4689 	EXP 	Display Frame 1
159.5021 	EXP 	Display Frame 2
159.5354 	EXP 	Display Frame 3
159.5688 	EXP 	Display Frame 4
159.6022 	EXP 	Display Frame 5
159.6356 	EXP 	Display Frame 6
159.6690 	EXP 	Display Frame 7
159.7022 	EXP 	Display Frame 8
159.7355 	EXP 	Display Frame 9
159.7691 	EXP 	Display Frame 0
159.8023 	EXP 	Display Frame 1
159.8355 	EXP 	Display Frame 2
159.8687 	EXP 	Display Frame 3
159.9022 	EXP 	Display Frame 4
159.9356 	EXP 	Display Frame 5
159.9689 	EXP 	Display Frame 6
160.0022 	EXP 	Display Frame 7
160.0355 	EXP 	Display Frame 8
160.0687 	EXP 	Display Frame 9
160.1022 	EXP 	Display Frame 0
160.1355 	EXP 	Display Frame 1
160.1680 	EXP 	Display Frame 2
160.2023 	EXP 	Display Frame 3
160.2351 	EXP 	Display Frame 4
160.2355 	DATA 	Keypress: t
160.2685 	EXP 	Display Frame 5
160.3020 	EXP 	Display Frame 6
160.3354 	EXP 	Display Frame 7
160.3686 	EXP 	Display Frame 8
160.4011 	EXP 	Display Frame 9
160.4356 	EXP 	Display Frame 0
160.4690 	EXP 	Display Frame 1
160.5022 	EXP 	Display Frame 2
160.5356 	EXP 	Display Frame 3
160.5689 	EXP 	Display Frame 4
160.6022 	EXP 	Display Frame 5
160.6355 	EXP 	Display Frame 6
160.6690 	EXP 	Display Frame 7
160.7022 	EXP 	Display Frame 8
160.7355 	EXP 	Display Frame 9
160.7689 	EXP 	Display Frame 0
160.8023 	EXP 	Display Frame 1
160.8355 	EXP 	Display Frame 2
160.8689 	EXP 	Display Frame 3
160.9020 	EXP 	Display Frame 4
160.9356 	EXP 	Display Frame 5
160.9689 	EXP 	Display Frame 6
161.0022 	EXP 	Display Frame 7
161.0357 	EXP 	Display Frame 8
161.0690 	EXP 	Display Frame 9
161.1022 	EXP 	Display Frame 0
161.1356 	EXP 	Display Frame 1
161.1690 	EXP 	Display Frame 2
161.2022 	EXP 	Display Frame 3
161.2356 	EXP 	Display Frame 4
161.2689 	EXP 	Display Frame 5
161.3022 	EXP 	Display Frame 6
161.3355 	EXP 	Display Frame 7
161.3689 	EXP 	Display Frame 8
161.4022 	EXP 	Display Frame 9
161.4356 	EXP 	Display Frame 0
161.4689 	EXP 	Display Frame 1
161.5022 	EXP 	Display Frame 2
161.5356 	EXP 	Display Frame 3
161.5688 	EXP 	Display Frame 4
161.6022 	EXP 	Display Frame 5
161.6355 	EXP 	Display Frame 6
161.6690 	EXP 	Display Frame 7
161.7023 	EXP 	Display Frame 8
161.7354 	EXP 	Display Frame 9
161.7689 	EXP 	Display Frame 0
161.8022 	EXP 	Display Frame 1
161.8355 	EXP 	Display Frame 2
161.8689 	EXP 	Display Frame 3
161.8975 	DATA 	Keypress: t
161.9011 	EXP 	Display Frame 4
161.9355 	EXP 	Display Frame 5
161.9689 	EXP 	Display Frame 6
162.0022 	EXP 	Display Frame 7
162.0355 	EXP 	Display Frame 8
162.0689 	EXP 	Display Frame 9
162.1022 	EXP 	Display Frame 0
162.1356 	EXP 	Display Frame 1
162.1688 	EXP 	Display Frame 2
162.2022 	EXP 	Display Frame 3
162.2356 	EXP 	Display Frame 4
162.2689 	EXP 	Display Frame 5
162.3022 	EXP 	Display Frame 6
162.3356 	EXP 	Display Frame 7
162.3689 	EXP 	Display Frame 8
162.4017 	EXP 	Display Frame 9
162.4357 	EXP 	Display Frame 0
162.4690 	EXP 	Display Frame 1
162.5022 	EXP 	Display Frame 2
162.5356 	EXP 	Display Frame 3
162.5690 	EXP 	Display Frame 4
162.6022 	EXP 	Display Frame 5
162.6355 	EXP 	Display Frame 6
162.6678 	EXP 	Display Frame 7
162.7023 	EXP 	Display Frame 8
162.7357 	EXP 	Display Frame 9
162.7690 	EXP 	Display Frame 0
162.8022 	EXP 	Display Frame 1
162.8355 	EXP 	Display Frame 2
162.8689 	EXP 	Display Frame 3
162.9022 	EXP 	Display Frame 4
162.9355 	EXP 	Display Frame 5
162.9689 	EXP 	Display Frame 6
163.0012 	EXP 	Display Frame 7
163.0356 	EXP 	Display Frame 8
163.0678 	EXP 	Display Frame 9
163.1022 	EXP 	Display Frame 0
163.1356 	EXP 	Display Frame 1
163.1689 	EXP 	Display Frame 2
163.2023 	EXP 	Display Frame 3
163.2356 	EXP 	Display Frame 4
163.2690 	EXP 	Display Frame 5
163.3022 	EXP 	Display Frame 6
163.3356 	EXP 	Display Frame 7
163.3689 	EXP 	Display Frame 8
163.4021 	EXP 	Display Frame 9
163.4355 	EXP 	Display Frame 0
163.4689 	EXP 	Display Frame 1
163.5022 	EXP 	Display Frame 2
163.5307 	DATA 	Keypress: t
163.5356 	EXP 	Display Frame 3
163.5690 	EXP 	Display Frame 4
163.6022 	EXP 	Display Frame 5
163.6356 	EXP 	Display Frame 6
163.6688 	EXP 	Display Frame 7
163.7022 	EXP 	Display Frame 8
163.7355 	EXP 	Display Frame 9
163.7690 	EXP 	Display Frame 0
163.8023 	EXP 	Display Frame 1
163.8355 	EXP 	Display Frame 2
163.8688 	EXP 	Display Frame 3
163.9022 	EXP 	Display Frame 4
163.9356 	EXP 	Display Frame 5
163.9688 	EXP 	Display Frame 6
164.0022 	EXP 	Display Frame 7
164.0356 	EXP 	Display Frame 8
164.0690 	EXP 	Display Frame 9
164.1022 	EXP 	Display Frame 0
164.1355 	EXP 	Display Frame 1
164.1689 	EXP 	Display Frame 2
164.2021 	EXP 	Display Frame 3
164.2355 	EXP 	Display Frame 4
164.2688 	EXP 	Display Frame 5
164.3022 	EXP 	Display Frame 6
164.3355 	EXP 	Display Frame 7
164.3685 	EXP 	Display Frame 8
164.4022 	EXP 	Display Frame 9
164.4356 	EXP 	Display Frame 0
164.4689 	EXP 	Display Frame 1
164.5020 	EXP 	Display Frame 2
164.5357 	EXP 	Display Frame 3
164.5689 	EXP 	Display Frame 4
164.6022 	EXP 	Display Frame 5
164.6356 	EXP 	Display Frame 6
164.6686 	EXP 	Display Frame 7
164.7023 	EXP 	Display Frame 8
164.7356 	EXP 	Display Frame 9
164.7688 	EXP 	Display Frame 0
164.8023 	EXP 	Display Frame 1
164.8355 	EXP 	Display Frame 2
164.8688 	EXP 	Display Frame 3
164.9021 	EXP 	Display Frame 4
164.9356 	EXP 	Display Frame 5
164.9690 	EXP 	Display Frame 6
165.0022 	EXP 	Display Frame 7
165.0356 	EXP 	Display Frame 8
165.0690 	EXP 	Display Frame 9
165.1022 	EXP 	Display Frame 0
165.1355 	EXP 	Display Frame 1
165.1641 	DATA 	Keypress: t
165.1685 	EXP 	Display Frame 2
165.2017 	EXP 	Display Frame 3
165.2356 	EXP 	Display Frame 4
165.2690 	EXP 	Display Frame 5
165.3024 	EXP 	Display Frame 6
165.3356 	EXP 	Display Frame 7
165.3688 	EXP 	Display Frame 8
165.4021 	EXP 	Display Frame 9
165.4357 	EXP 	Display Frame 0
165.4689 	EXP 	Display Frame 1
165.5023 	EXP 	Display Frame 2
165.5356 	EXP 	Display Frame 3
165.5691 	EXP 	Display Frame 4
165.6021 	EXP 	Display Frame 5
165.6355 	EXP 	Display Frame 6
165.6678 	EXP 	Display Frame 7
165.7011 	EXP 	Display Frame 8
165.7344 	EXP 	Display Frame 9
165.7677 	EXP 	Display Frame 0
165.8011 	EXP 	Display Frame 1
165.8345 	EXP 	Display Frame 2
165.8676 	EXP 	Display Frame 3
165.9010 	EXP 	Display Frame 4
165.9344 	EXP 	Display Frame 5
165.9678 	EXP 	Display Frame 6
166.0011 	EXP 	Display Frame 7
166.0344 	EXP 	Display Frame 8
166.0676 	EXP 	Display Frame 9
166.1010 	EXP 	Display Frame 0
166.1343 	EXP 	Display Frame 1
166.1676 	EXP 	Display Frame 2
166.2020 	EXP 	Display Frame 3
166.2344 	EXP 	Display Frame 4
166.2677 	EXP 	Display Frame 5
166.3011 	EXP 	Display Frame 6
166.3344 	EXP 	Display Frame 7
166.3677 	EXP 	Display Frame 8
166.4010 	EXP 	Display Frame 9
166.4344 	EXP 	Display Frame 0
166.4688 	EXP 	Display Frame 1
166.5010 	EXP 	Display Frame 2
166.5344 	EXP 	Display Frame 3
166.5678 	EXP 	Display Frame 4
166.6010 	EXP 	Display Frame 5
166.6343 	EXP 	Display Frame 6
166.6677 	EXP 	Display Frame 7
166.7009 	EXP 	Display Frame 8
166.7351 	EXP 	Display Frame 9
166.7677 	EXP 	Display Frame 0
166.7975 	DATA 	Keypress: t
166.8020 	EXP 	Display Frame 1
166.8353 	EXP 	Display Frame 2
166.8676 	EXP 	Display Frame 3
166.9010 	EXP 	Display Frame 4
166.9344 	EXP 	Display Frame 5
166.9678 	EXP 	Display Frame 6
167.0011 	EXP 	Display Frame 7
167.0344 	EXP 	Display Frame 8
167.0680 	EXP 	Display Frame 9
167.1010 	EXP 	Display Frame 0
167.1343 	EXP 	Display Frame 1
167.1678 	EXP 	Display Frame 2
167.2011 	EXP 	Display Frame 3
167.2344 	EXP 	Display Frame 4
167.2677 	EXP 	Display Frame 5
167.3011 	EXP 	Display Frame 6
167.3344 	EXP 	Display Frame 7
167.3678 	EXP 	Display Frame 8
167.4017 	EXP 	Display Frame 9
167.4345 	EXP 	Display Frame 0
167.4678 	EXP 	Display Frame 1
167.5011 	EXP 	Display Frame 2
167.5344 	EXP 	Display Frame 3
167.5676 	EXP 	Display Frame 4
167.6011 	EXP 	Display Frame 5
167.6343 	EXP 	Display Frame 6
167.6678 	EXP 	Display Frame 7
167.7011 	EXP 	Display Frame 8
167.7343 	EXP 	Display Frame 9
167.7677 	EXP 	Display Frame 0
167.8011 	EXP 	Display Frame 1
167.8344 	EXP 	Display Frame 2
167.8677 	EXP 	Display Frame 3
167.9011 	EXP 	Display Frame 4
167.9343 	EXP 	Display Frame 5
167.9677 	EXP 	Display Frame 6
168.0011 	EXP 	Display Frame 7
168.0343 	EXP 	Display Frame 8
168.0677 	EXP 	Display Frame 9
168.1010 	EXP 	Display Frame 0
168.1343 	EXP 	Display Frame 1
168.1677 	EXP 	Display Frame 2
168.2011 	EXP 	Display Frame 3
168.2344 	EXP 	Display Frame 4
168.2677 	EXP 	Display Frame 5
168.3020 	EXP 	Display Frame 6
168.3344 	EXP 	Display Frame 7
168.3677 	EXP 	Display Frame 8
168.4011 	EXP 	Display Frame 9
168.4307 	DATA 	Keypress: t
168.4353 	EXP 	Display Frame 0
168.4517 	EXP 	Display Fixation
170.0671 	DATA 	Keypress: t
172.8702 	DATA 	Keypress: escape
172.9516 	EXP 	topMsg: text = "Thank you very much! \n\nThat's it with the tapping"
172.9516 	EXP 	bottomMsg: text = "Please relax for the ramaining time \n\n Press 'q' or 'escape' to end the session."
172.9516 	EXP 	Display TheEnd
173.7990 	DATA 	Keypress: escape
