1.0020 	WARNING 	We strongly recommend you activate the PTB sound engine in PsychoPy prefs as the preferred audio engine. Its timing is vastly superior. Your prefs are currently set to use ['sounddevice', 'PTB', 'pyo', 'pygame'] (in that order).
4.8517 	INFO 	---START PARAMETERS---
4.8517 	INFO 	filename: TappingWithTrTiming_Movie_d3.py-1-11-Jan_06_0847
4.8517 	INFO 	subject: 1
4.8517 	INFO 	session: 11
4.8517 	INFO 	date: Jan_06_0847
4.8518 	INFO 	blockDur_TRs: 12
4.8518 	INFO 	condition: TapRight
4.8518 	INFO 	fixCrossPos: [0, 0]
4.8518 	INFO 	fixCrossSize: 100
4.8518 	INFO 	fullScreen: True
4.8518 	INFO 	movieFolder: Images/
4.8518 	INFO 	movieSize: (1600, 1000)
4.8518 	INFO 	nBlocks: 68
4.8518 	INFO 	promptDir: Text/
4.8518 	INFO 	restDur_TRs: 12
4.8518 	INFO 	screenColor: (128, 128, 128)
4.8518 	INFO 	screenToShow: 0
4.8518 	INFO 	skipPrompts: False
4.8518 	INFO 	tStartup_TRs: 0
4.8518 	INFO 	textHeight: 40
4.8518 	INFO 	triggerKey: t
4.8518 	INFO 	---END PARAMETERS---
5.8845 	INFO 	Loaded monitor calibration from ['2022_03_25 08:03']
6.4274 	EXP 	Created win = Window(allowGUI=False, allowStencil=False, autoLog=True, backendConf=UNKNOWN, bitsMode=UNKNOWN, blendMode='avg', bpc=(8, 8, 8), color=array([128, 128, 128]), colorSpace='rgb255', depthBits=8, fullscr=<method-wrapper '__getattribute__' of attributeSetter object at 0x7fb5b9055190>, gamma=None, gammaErrorPolicy='raise', lms=UNKNOWN, monitor=<psychopy.monitors.calibTools.Monitor object at 0x7fb64a071940>, multiSample=False, name='win', numSamples=2, pos=[0.0, 0.0], screen=0, size=array([1920, 1080]), stencilBits=0, stereo=False, units='deg', useFBO=False, useRetina=False, viewOri=0.0, viewPos=None, viewScale=None, waitBlanking=True, winType='pyglet')
6.4276 	EXP 	win: mouseVisible = True
6.4340 	EXP 	Created fixCross = ShapeStim(__class__=<class 'psychopy.visual.shape.ShapeStim'>, anchor=('center', 'center'), autoDraw=False, autoLog=True, closeShape=False, color=method-wrapper(...), colorSpace='rgb', contrast=None, depth=0, fillColor=array([0, 0, 0]), fillColorSpace='rgb', fillRGB=array([0, 0, 0]), interpolate=True, lineColor=array([-1., -1., -1.]), lineColorSpace='rgb', lineRGB=array([-1., -1., -1.]), lineWidth=3.0, name='fixCross', opacity=0.5, ori=0.0, pos=array([0., 0.]), size=array([1., 1.]), units='pix', vertices=ndarray(...), win=Window(...), windingRule=None)
6.4342 	WARNING 	TextStim.alignHoriz is deprecated. Use alignText and anchorHoriz attributes instead
6.4631 	EXP 	Created topMsg = TextStim(__class__=<class 'psychopy.visual.text.TextStim'>, alignHoriz='center', alignText='center', alignVert=method-wrapper(...), anchorHoriz='center', anchorVert='center', antialias=True, autoLog=True, bold=False, color=array([-1., -1., -1.]), colorSpace='rgb', contrast=1.0, depth=0, flipHoriz=False, flipVert=False, font='', fontFiles=[], height=0.1, italic=False, languageStyle='LTR', name='topMsg', opacity=1.0, ori=0.0, pos=array([0. , 0.5]), rgb=UNKNOWN, text='aaa', units='norm', win=Window(...), wrapWidth=1.5)
6.4632 	WARNING 	TextStim.alignHoriz is deprecated. Use alignText and anchorHoriz attributes instead
6.4659 	EXP 	Created bottomMsg = TextStim(__class__=<class 'psychopy.visual.text.TextStim'>, alignHoriz='center', alignText='center', alignVert=method-wrapper(...), anchorHoriz='center', anchorVert='center', antialias=True, autoLog=True, bold=False, color=array([-1., -1., -1.]), colorSpace='rgb', contrast=1.0, depth=0, flipHoriz=False, flipVert=False, font='', fontFiles=[], height=0.1, italic=False, languageStyle='LTR', name='bottomMsg', opacity=1.0, ori=0.0, pos=array([ 0. , -0.5]), rgb=UNKNOWN, text='bbb', units='norm', win=Window(...), wrapWidth=1.5)
6.5643 	EXP 	Created Movie Frame 0 = ImageStim(__class__=<class 'psychopy.visual.image.ImageStim'>, anchor=('center', 'center'), autoLog=True, color=array([1., 1., 1.]), colorSpace='rgb', contrast=1.0, depth=0, flipHoriz=False, flipVert=False, image='Images/right_0.png', interpolate=False, mask=None, maskParams=None, name='Movie Frame 0', opacity=1, ori=0.0, pos=array([0., 0.]), size=array([1600., 1000.]), texRes=128, units='pix', win=Window(...))
6.6576 	EXP 	Created Movie Frame 1 = ImageStim(__class__=<class 'psychopy.visual.image.ImageStim'>, anchor=('center', 'center'), autoLog=True, color=array([1., 1., 1.]), colorSpace='rgb', contrast=1.0, depth=0, flipHoriz=False, flipVert=False, image='Images/right_1.png', interpolate=False, mask=None, maskParams=None, name='Movie Frame 1', opacity=1, ori=0.0, pos=array([0., 0.]), size=array([1600., 1000.]), texRes=128, units='pix', win=Window(...))
6.7401 	EXP 	Created Movie Frame 2 = ImageStim(__class__=<class 'psychopy.visual.image.ImageStim'>, anchor=('center', 'center'), autoLog=True, color=array([1., 1., 1.]), colorSpace='rgb', contrast=1.0, depth=0, flipHoriz=False, flipVert=False, image='Images/right_2.png', interpolate=False, mask=None, maskParams=None, name='Movie Frame 2', opacity=1, ori=0.0, pos=array([0., 0.]), size=array([1600., 1000.]), texRes=128, units='pix', win=Window(...))
6.8220 	EXP 	Created Movie Frame 3 = ImageStim(__class__=<class 'psychopy.visual.image.ImageStim'>, anchor=('center', 'center'), autoLog=True, color=array([1., 1., 1.]), colorSpace='rgb', contrast=1.0, depth=0, flipHoriz=False, flipVert=False, image='Images/right_3.png', interpolate=False, mask=None, maskParams=None, name='Movie Frame 3', opacity=1, ori=0.0, pos=array([0., 0.]), size=array([1600., 1000.]), texRes=128, units='pix', win=Window(...))
6.9033 	EXP 	Created Movie Frame 4 = ImageStim(__class__=<class 'psychopy.visual.image.ImageStim'>, anchor=('center', 'center'), autoLog=True, color=array([1., 1., 1.]), colorSpace='rgb', contrast=1.0, depth=0, flipHoriz=False, flipVert=False, image='Images/right_4.png', interpolate=False, mask=None, maskParams=None, name='Movie Frame 4', opacity=1, ori=0.0, pos=array([0., 0.]), size=array([1600., 1000.]), texRes=128, units='pix', win=Window(...))
6.9890 	EXP 	Created Movie Frame 5 = ImageStim(__class__=<class 'psychopy.visual.image.ImageStim'>, anchor=('center', 'center'), autoLog=True, color=array([1., 1., 1.]), colorSpace='rgb', contrast=1.0, depth=0, flipHoriz=False, flipVert=False, image='Images/right_5.png', interpolate=False, mask=None, maskParams=None, name='Movie Frame 5', opacity=1, ori=0.0, pos=array([0., 0.]), size=array([1600., 1000.]), texRes=128, units='pix', win=Window(...))
7.0715 	EXP 	Created Movie Frame 6 = ImageStim(__class__=<class 'psychopy.visual.image.ImageStim'>, anchor=('center', 'center'), autoLog=True, color=array([1., 1., 1.]), colorSpace='rgb', contrast=1.0, depth=0, flipHoriz=False, flipVert=False, image='Images/right_6.png', interpolate=False, mask=None, maskParams=None, name='Movie Frame 6', opacity=1, ori=0.0, pos=array([0., 0.]), size=array([1600., 1000.]), texRes=128, units='pix', win=Window(...))
7.1539 	EXP 	Created Movie Frame 7 = ImageStim(__class__=<class 'psychopy.visual.image.ImageStim'>, anchor=('center', 'center'), autoLog=True, color=array([1., 1., 1.]), colorSpace='rgb', contrast=1.0, depth=0, flipHoriz=False, flipVert=False, image='Images/right_7.png', interpolate=False, mask=None, maskParams=None, name='Movie Frame 7', opacity=1, ori=0.0, pos=array([0., 0.]), size=array([1600., 1000.]), texRes=128, units='pix', win=Window(...))
7.2371 	EXP 	Created Movie Frame 8 = ImageStim(__class__=<class 'psychopy.visual.image.ImageStim'>, anchor=('center', 'center'), autoLog=True, color=array([1., 1., 1.]), colorSpace='rgb', contrast=1.0, depth=0, flipHoriz=False, flipVert=False, image='Images/right_8.png', interpolate=False, mask=None, maskParams=None, name='Movie Frame 8', opacity=1, ori=0.0, pos=array([0., 0.]), size=array([1600., 1000.]), texRes=128, units='pix', win=Window(...))
7.3200 	EXP 	Created Movie Frame 9 = ImageStim(__class__=<class 'psychopy.visual.image.ImageStim'>, anchor=('center', 'center'), autoLog=True, color=array([1., 1., 1.]), colorSpace='rgb', contrast=1.0, depth=0, flipHoriz=False, flipVert=False, image='Images/right_9.png', interpolate=False, mask=None, maskParams=None, name='Movie Frame 9', opacity=1, ori=0.0, pos=array([0., 0.]), size=array([1600., 1000.]), texRes=128, units='pix', win=Window(...))
7.3296 	EXP 	Created unnamed TextStim = TextStim(__class__=<class 'psychopy.visual.text.TextStim'>, alignHoriz=method-wrapper(...), alignText='center', alignVert=method-wrapper(...), anchorHoriz='center', anchorVert='center', antialias=True, autoLog=True, bold=False, color=array([-1., -1., -1.]), colorSpace='rgb', contrast=1.0, depth=0, flipHoriz=False, flipVert=False, font='', fontFiles=[], height=40.0, italic=False, languageStyle='LTR', name='unnamed TextStim', opacity=1.0, ori=0.0, pos=array([  0., 580.]), rgb=UNKNOWN, text='Tap along with the video.', units='pix', win=Window(...), wrapWidth=1600)
7.3491 	EXP 	topMsg: height = 0.1
7.3491 	EXP 	topMsg: height = 0.1
7.3491 	EXP 	topMsg: text = 'You will see a movie of a finger tapping. When it is on the screen, try to use the hand indicated to tap your fingers at the same times as the movie does. When the fixation cross appears, relax and stare at the cross.'
7.3491 	EXP 	bottomMsg: height = 0.1
7.3491 	EXP 	bottomMsg: height = 0.1
7.3491 	EXP 	bottomMsg: text = 'The experiment will begin shortly'
7.3491 	EXP 	Display Instructions1
7.6566 	DATA 	Keypress: t
7.6632 	EXP 	topMsg: height = 0.1
7.6632 	EXP 	topMsg: height = 0.1
7.6632 	EXP 	topMsg: text = "Please don't move..."
7.6632 	EXP 	bottomMsg: height = 0.1
7.6632 	EXP 	bottomMsg: height = 0.1
7.6632 	EXP 	bottomMsg: text = ''
7.6632 	EXP 	PleaseDontMove
8.0727 	DATA 	Keypress: t
8.0758 	EXP 	Display Fixation
8.0759 	EXP 	---START EXPERIMENT---
8.0795 	EXP 	Display Fixation
8.2188 	DATA 	Keypress: t
8.3652 	DATA 	Keypress: t
8.5035 	DATA 	Keypress: t
8.6744 	DATA 	Keypress: t
8.7973 	DATA 	Keypress: t
8.9573 	DATA 	Keypress: t
9.1373 	DATA 	Keypress: t
9.2882 	DATA 	Keypress: t
9.4546 	DATA 	Keypress: t
9.6647 	DATA 	Keypress: t
9.9974 	DATA 	Keypress: t
10.2895 	DATA 	Keypress: t
10.3916 	EXP 	Display Frame 1
10.4912 	EXP 	Display Frame 2
10.5909 	DATA 	Keypress: t
10.5922 	EXP 	Display Frame 3
10.6917 	EXP 	Display Frame 4
10.7912 	EXP 	Display Frame 5
10.8913 	EXP 	Display Frame 6
10.9911 	EXP 	Display Frame 7
11.0913 	EXP 	Display Frame 8
11.1913 	EXP 	Display Frame 9
11.2912 	EXP 	Display Frame 0
11.3912 	EXP 	Display Frame 1
11.4911 	EXP 	Display Frame 2
11.5911 	DATA 	Keypress: escape
11.5921 	EXP 	Display Frame 3
11.6029 	EXP 	topMsg: height = 0.1
11.6029 	EXP 	topMsg: height = 0.1
11.6029 	EXP 	topMsg: text = "Thank you very much! \n\nThat's it with the tapping"
11.6029 	EXP 	bottomMsg: height = 0.1
11.6029 	EXP 	bottomMsg: height = 0.1
11.6029 	EXP 	bottomMsg: text = "Please relax for the ramaining time \n\n Press 'q' or 'escape' to end the session."
11.6029 	EXP 	Display TheEnd
12.6134 	DATA 	Keypress: escape
12.6859 	EXP 	win: mouseVisible = True
