42.3336 	INFO 	---START PARAMETERS---
42.3336 	INFO 	filename: TappingWithTrTiming_Movie_d3.py-tt1-118-Mar_31_1734
42.3336 	INFO 	subject: tt1
42.3336 	INFO 	session: 118
42.3336 	INFO 	date: Mar_31_1734
42.3336 	INFO 	blockDur_TRs: 16
42.3336 	INFO 	condition: vis
42.3336 	INFO 	fixCrossPos: [0, 0]
42.3336 	INFO 	fixCrossSize: 100
42.3337 	INFO 	fullScreen: True
42.3337 	INFO 	movieFolder: Images/
42.3337 	INFO 	movieSize: (1600, 1000)
42.3337 	INFO 	nBlocks: 68
42.3337 	INFO 	promptDir: Text/
42.3337 	INFO 	restDur_TRs: 16
42.3337 	INFO 	screenColor: (128, 128, 128)
42.3337 	INFO 	screenToShow: 0
42.3337 	INFO 	skipPrompts: False
42.3337 	INFO 	tStartup_TRs: 0
42.3337 	INFO 	textHeight: 40
42.3337 	INFO 	triggerKey: t
42.3337 	INFO 	---END PARAMETERS---
42.4643 	WARNING 	Movie2 stim could not be imported and won't be available
42.9396 	INFO 	Loaded monitor calibration from ['2019_02_04 16:32']
43.4497 	EXP 	Created win = Window(allowGUI=False, allowStencil=False, autoLog=True, bitsMode=UNKNOWN, blendMode='avg', color=array([ 128.,  128.,  128.]), colorSpace='rgb255', fullscr=UNKNOWN, gamma=None, lms=UNKNOWN, monitor=<psychopy.monitors.calibTools.Monitor instance at 0x1293e3a0>, name='win', pos=[0, 0], screen=0, size=array([1920, 1080]), stereo=False, units='deg', useFBO=False, viewOri=0.0, viewPos=None, viewScale=None, waitBlanking=True, winType='pyglet')
43.4512 	EXP 	Created fixCross = ShapeStim(autoDraw=False, autoLog=True, closeShape=False, contrast=1.0, depth=0, fillColor=None, fillColorSpace='rgb', fillRGB=None, interpolate=True, lineColor='#000000', lineColorSpace='hex', lineRGB=array([0, 0, 0]), lineWidth=3.0, name='fixCross', opacity=1.0, ori=array(0.0), pos=array([ 0.,  0.]), size=array([ 1.,  1.]), units='pix', vertices=ndarray(...), win=Window(...))
43.5167 	EXP 	Created topMsg = TextStim(alignHoriz='center', alignVert='center', antialias=True, autoLog=True, bold=False, color='#000000', colorSpace='hex', contrast=1.0, depth=0, flipHoriz=False, flipVert=False, font='', fontFiles=[], height=0.1, italic=False, name='topMsg', opacity=1.0, ori=0.0, pos=array([ 0. ,  0.5]), rgb=array([0, 0, 0]), text=u'aaa', units='norm', win=Window(...), wrapWidth=1.5)
43.5206 	EXP 	Created bottomMsg = TextStim(alignHoriz='center', alignVert='center', antialias=True, autoLog=True, bold=False, color='#000000', colorSpace='hex', contrast=1.0, depth=0, flipHoriz=False, flipVert=False, font='', fontFiles=[], height=0.1, italic=False, name='bottomMsg', opacity=1.0, ori=0.0, pos=array([ 0. , -0.5]), rgb=array([0, 0, 0]), text=u'bbb', units='norm', win=Window(...), wrapWidth=1.5)
43.5401 	EXP 	Created Movie Frame 0 = ImageStim(autoLog=True, color=array([ 1.,  1.,  1.]), colorSpace='rgb', contrast=1.0, depth=0, flipHoriz=False, flipVert=False, image='Images/visual_0.png', interpolate=False, mask=None, maskParams=None, name='Movie Frame 0', opacity=1.0, ori=0.0, pos=array([ 0.,  0.]), size=array([ 1600.,  1000.]), texRes=128, units='pix', win=Window(...))
43.5534 	EXP 	Created Movie Frame 1 = ImageStim(autoLog=True, color=array([ 1.,  1.,  1.]), colorSpace='rgb', contrast=1.0, depth=0, flipHoriz=False, flipVert=False, image='Images/visual_1.png', interpolate=False, mask=None, maskParams=None, name='Movie Frame 1', opacity=1.0, ori=0.0, pos=array([ 0.,  0.]), size=array([ 1600.,  1000.]), texRes=128, units='pix', win=Window(...))
43.5657 	EXP 	Created unnamed TextStim = TextStim(alignHoriz='center', alignVert='center', antialias=True, autoLog=True, bold=False, color='#000000', colorSpace='hex', contrast=1.0, depth=0, flipHoriz=False, flipVert=False, font='', fontFiles=[], height=40, italic=False, name='unnamed TextStim', opacity=1.0, ori=0.0, pos=array([   0.,  580.]), rgb=array([0, 0, 0]), text=u'look at the center', units='pix', win=Window(...), wrapWidth=1600)
43.6213 	EXP 	topMsg: text = 'You will see a flickering checkerboard. When it is on the screen, try to fixate the center of the checkerboard. When the fixation cross appears, relax and stare at the cross.'
43.6213 	EXP 	bottomMsg: text = 'The experiment will begin shortly'
43.6213 	EXP 	Display Instructions1
46.2607 	DATA 	Keypress: t
46.2879 	EXP 	topMsg: text = "Please don't move..."
46.2879 	EXP 	bottomMsg: text = ''
46.2879 	EXP 	PleaseDontMove
46.6693 	DATA 	Keypress: t
46.6875 	EXP 	Display Fixation
46.6876 	EXP 	---START EXPERIMENT---
46.7044 	EXP 	Display Fixation
46.8052 	DATA 	Keypress: t
46.9503 	DATA 	Keypress: t
47.0522 	DATA 	Keypress: t
48.5850 	DATA 	Keypress: escape
48.6210 	EXP 	topMsg: text = "Thank you very much! \n\nThat's it with the tapping"
48.6210 	EXP 	bottomMsg: text = "Please relax for the ramaining time \n\n Press 'q' or 'escape' to end the session."
48.6210 	EXP 	Display TheEnd
49.7683 	DATA 	Keypress: q
