1.0019 	WARNING 	We strongly recommend you activate the PTB sound engine in PsychoPy prefs as the preferred audio engine. Its timing is vastly superior. Your prefs are currently set to use ['sounddevice', 'PTB', 'pyo', 'pygame'] (in that order).
6.2114 	INFO 	---START PARAMETERS---
6.2115 	INFO 	filename: TappingWithTrTiming_Movie_d3.py-1tt-68-Mar_11_1305
6.2116 	INFO 	subject: 1tt
6.2116 	INFO 	session: 68
6.2116 	INFO 	date: Mar_11_1305
6.2116 	INFO 	blockDur_TRs: 2
6.2116 	INFO 	condition: vis
6.2116 	INFO 	fixCrossPos: [0, 0]
6.2117 	INFO 	fixCrossSize: 100
6.2117 	INFO 	fullScreen: True
6.2117 	INFO 	movieFolder: Images/
6.2117 	INFO 	movieSize: (1600, 1000)
6.2117 	INFO 	nBlocks: 68
6.2117 	INFO 	promptDir: Text/
6.2117 	INFO 	restDur_TRs: 2
6.2117 	INFO 	screenColor: (128, 128, 128)
6.2117 	INFO 	screenToShow: 0
6.2117 	INFO 	skipPrompts: False
6.2117 	INFO 	tStartup_TRs: 0
6.2118 	INFO 	textHeight: 40
6.2118 	INFO 	triggerKey: t
6.2118 	INFO 	---END PARAMETERS---
7.2864 	INFO 	Loaded monitor calibration from ['2022_03_25 08:03']
9.2643 	WARNING 	Couldn't measure a consistent frame rate!
  - Is your graphics card set to sync to vertical blank?
  - Are you running other processes on your computer?

9.2653 	EXP 	Created win = Window(allowGUI=False, allowStencil=False, autoLog=True, backendConf=UNKNOWN, bitsMode=UNKNOWN, blendMode='avg', bpc=(8, 8, 8), color=array([128, 128, 128]), colorSpace='rgb255', depthBits=8, fullscr=<method-wrapper '__getattribute__' of attributeSetter object at 0x7faf4c45b250>, gamma=None, gammaErrorPolicy='raise', lms=UNKNOWN, monitor=<psychopy.monitors.calibTools.Monitor object at 0x7fafb266e9a0>, multiSample=False, name='win', numSamples=2, pos=[480.0, 270.0], screen=0, size=array([3840, 2160]), stencilBits=0, stereo=False, units='deg', useFBO=False, useRetina=True, viewOri=0.0, viewPos=None, viewScale=None, waitBlanking=True, winType='pyglet')
9.2657 	EXP 	win: mouseVisible = True
9.2737 	EXP 	Created fixCross = ShapeStim(__class__=<class 'psychopy.visual.shape.ShapeStim'>, anchor=('center', 'center'), autoDraw=False, autoLog=True, closeShape=False, color=method-wrapper(...), colorSpace='rgb', contrast=None, depth=0, fillColor=array([0, 0, 0]), fillColorSpace='rgb', fillRGB=array([0, 0, 0]), interpolate=True, lineColor=array([-1., -1., -1.]), lineColorSpace='rgb', lineRGB=array([-1., -1., -1.]), lineWidth=3.0, name='fixCross', opacity=0.5, ori=0.0, pos=array([0., 0.]), size=array([1., 1.]), units='pix', vertices=ndarray(...), win=Window(...), windingRule=None)
9.2745 	WARNING 	TextStim.alignHoriz is deprecated. Use alignText and anchorHoriz attributes instead
9.3082 	EXP 	Created topMsg = TextStim(__class__=<class 'psychopy.visual.text.TextStim'>, alignHoriz='center', alignText='center', alignVert=method-wrapper(...), anchorHoriz='center', anchorVert='center', antialias=True, autoLog=True, bold=False, color=array([-1., -1., -1.]), colorSpace='rgb', contrast=1.0, depth=0, flipHoriz=False, flipVert=False, font='', fontFiles=[], height=0.1, italic=False, languageStyle='LTR', name='topMsg', opacity=1.0, ori=0.0, pos=array([0. , 0.5]), rgb=UNKNOWN, text='aaa', units='norm', win=Window(...), wrapWidth=1.5)
9.3084 	WARNING 	TextStim.alignHoriz is deprecated. Use alignText and anchorHoriz attributes instead
9.3111 	EXP 	Created bottomMsg = TextStim(__class__=<class 'psychopy.visual.text.TextStim'>, alignHoriz='center', alignText='center', alignVert=method-wrapper(...), anchorHoriz='center', anchorVert='center', antialias=True, autoLog=True, bold=False, color=array([-1., -1., -1.]), colorSpace='rgb', contrast=1.0, depth=0, flipHoriz=False, flipVert=False, font='', fontFiles=[], height=0.1, italic=False, languageStyle='LTR', name='bottomMsg', opacity=1.0, ori=0.0, pos=array([ 0. , -0.5]), rgb=UNKNOWN, text='bbb', units='norm', win=Window(...), wrapWidth=1.5)
9.3332 	EXP 	Created Movie Frame 0 = ImageStim(__class__=<class 'psychopy.visual.image.ImageStim'>, anchor=('center', 'center'), autoLog=True, color=array([1., 1., 1.]), colorSpace='rgb', contrast=1.0, depth=0, flipHoriz=False, flipVert=False, image='Images/visual_0.png', interpolate=False, mask=None, maskParams=None, name='Movie Frame 0', opacity=1, ori=0.0, pos=array([0., 0.]), size=array([1600., 1000.]), texRes=128, units='pix', win=Window(...))
9.3466 	EXP 	Created Movie Frame 1 = ImageStim(__class__=<class 'psychopy.visual.image.ImageStim'>, anchor=('center', 'center'), autoLog=True, color=array([1., 1., 1.]), colorSpace='rgb', contrast=1.0, depth=0, flipHoriz=False, flipVert=False, image='Images/visual_1.png', interpolate=False, mask=None, maskParams=None, name='Movie Frame 1', opacity=1, ori=0.0, pos=array([0., 0.]), size=array([1600., 1000.]), texRes=128, units='pix', win=Window(...))
9.3540 	EXP 	Created unnamed TextStim = TextStim(__class__=<class 'psychopy.visual.text.TextStim'>, alignHoriz=method-wrapper(...), alignText='center', alignVert=method-wrapper(...), anchorHoriz='center', anchorVert='center', antialias=True, autoLog=True, bold=False, color=array([-1., -1., -1.]), colorSpace='rgb', contrast=1.0, depth=0, flipHoriz=False, flipVert=False, font='', fontFiles=[], height=40.0, italic=False, languageStyle='LTR', name='unnamed TextStim', opacity=1.0, ori=0.0, pos=array([  0., 580.]), rgb=UNKNOWN, text='look at the center', units='pix', win=Window(...), wrapWidth=1600)
9.3707 	WARNING 	t of last frame was 106.60ms (=1/9)
9.3707 	EXP 	topMsg: height = 0.1
9.3707 	EXP 	topMsg: height = 0.1
9.3707 	EXP 	topMsg: text = 'You will see a flickering checkerboard. When it is on the screen, try to fixate the center of the checkerboard. When the fixation cross appears, relax and stare at the cross.'
9.3707 	EXP 	bottomMsg: height = 0.1
9.3707 	EXP 	bottomMsg: height = 0.1
9.3707 	EXP 	bottomMsg: text = 'The experiment will begin shortly'
9.3707 	EXP 	Display Instructions1
9.8263 	DATA 	Keypress: space
9.8335 	WARNING 	t of last frame was 462.79ms (=1/2)
9.8335 	EXP 	topMsg: height = 0.1
9.8335 	EXP 	topMsg: height = 0.1
9.8335 	EXP 	topMsg: text = "Please don't move..."
9.8335 	EXP 	bottomMsg: height = 0.1
9.8335 	EXP 	bottomMsg: height = 0.1
9.8335 	EXP 	bottomMsg: text = ''
9.8335 	EXP 	PleaseDontMove
60.5846 	DATA 	Keypress: t
60.5909 	WARNING 	t of last frame was 50757.39ms (=1/0)
60.5909 	EXP 	Display Fixation
60.5912 	EXP 	---START EXPERIMENT---
60.6086 	EXP 	Display Fixation
62.0282 	DATA 	Keypress: t
103.9448 	DATA 	Keypress: t
103.9485 	WARNING 	t of last frame was 43339.94ms (=1/0)
104.0744 	WARNING 	Multiple dropped frames have occurred - I'll stop bothering you about them!
104.0744 	EXP 	Display Frame 1
104.1975 	EXP 	Display Frame 0
104.3224 	EXP 	Display Frame 1
104.4475 	EXP 	Display Frame 0
104.5728 	EXP 	Display Frame 1
104.6976 	EXP 	Display Frame 0
104.8223 	EXP 	Display Frame 1
104.9477 	EXP 	Display Frame 0
105.0727 	EXP 	Display Frame 1
105.1975 	EXP 	Display Frame 0
105.3227 	EXP 	Display Frame 1
105.4468 	DATA 	Keypress: t
105.4499 	EXP 	Display Frame 0
105.5724 	EXP 	Display Frame 1
105.6976 	EXP 	Display Frame 0
105.8226 	EXP 	Display Frame 1
105.9476 	EXP 	Display Frame 0
106.0728 	EXP 	Display Frame 1
106.1975 	EXP 	Display Frame 0
106.3226 	EXP 	Display Frame 1
106.4479 	EXP 	Display Frame 0
106.5726 	EXP 	Display Frame 1
106.6976 	EXP 	Display Frame 0
106.8227 	EXP 	Display Frame 1
106.9477 	EXP 	Display Frame 0
107.0726 	EXP 	Display Frame 1
107.1975 	EXP 	Display Frame 0
107.3225 	EXP 	Display Frame 1
107.4476 	EXP 	Display Frame 0
107.5723 	EXP 	Display Frame 1
107.6975 	EXP 	Display Frame 0
107.8225 	EXP 	Display Frame 1
107.9475 	EXP 	Display Frame 0
108.0728 	EXP 	Display Frame 1
108.1976 	EXP 	Display Frame 0
108.3226 	EXP 	Display Frame 1
108.4477 	EXP 	Display Frame 0
108.5727 	EXP 	Display Frame 1
108.6976 	EXP 	Display Frame 0
108.8227 	EXP 	Display Frame 1
108.9477 	EXP 	Display Frame 0
109.0724 	EXP 	Display Frame 1
109.1975 	EXP 	Display Frame 0
109.3227 	EXP 	Display Frame 1
109.4476 	EXP 	Display Frame 0
109.5725 	EXP 	Display Frame 1
109.6977 	EXP 	Display Frame 0
109.8216 	EXP 	Display Frame 1
109.9475 	EXP 	Display Frame 0
110.0727 	EXP 	Display Frame 1
110.1977 	EXP 	Display Frame 0
110.3224 	EXP 	Display Frame 1
110.4475 	EXP 	Display Frame 0
110.5725 	EXP 	Display Frame 1
110.6975 	EXP 	Display Frame 0
110.8215 	EXP 	Display Frame 1
110.9478 	EXP 	Display Frame 0
111.0726 	EXP 	Display Frame 1
111.1977 	EXP 	Display Frame 0
111.3231 	EXP 	Display Frame 1
111.4472 	EXP 	Display Frame 0
111.5726 	EXP 	Display Frame 1
111.6976 	EXP 	Display Frame 0
111.8215 	EXP 	Display Frame 1
111.9475 	EXP 	Display Frame 0
112.0727 	EXP 	Display Frame 1
112.1976 	EXP 	Display Frame 0
112.3225 	EXP 	Display Frame 1
112.4477 	EXP 	Display Frame 0
112.5726 	EXP 	Display Frame 1
112.6980 	EXP 	Display Frame 0
112.8211 	EXP 	Display Frame 1
112.9472 	EXP 	Display Frame 0
113.0726 	EXP 	Display Frame 1
113.1976 	EXP 	Display Frame 0
113.3215 	EXP 	Display Frame 1
113.4473 	EXP 	Display Frame 0
113.5727 	EXP 	Display Frame 1
113.6976 	EXP 	Display Frame 0
113.8215 	EXP 	Display Frame 1
113.9478 	EXP 	Display Frame 0
114.0727 	EXP 	Display Frame 1
114.1976 	EXP 	Display Frame 0
114.3225 	EXP 	Display Frame 1
114.4478 	EXP 	Display Frame 0
114.5726 	EXP 	Display Frame 1
114.6976 	EXP 	Display Frame 0
114.8216 	EXP 	Display Frame 1
114.9475 	EXP 	Display Frame 0
115.0725 	EXP 	Display Frame 1
115.1978 	EXP 	Display Frame 0
115.3227 	EXP 	Display Frame 1
115.4477 	EXP 	Display Frame 0
115.5728 	EXP 	Display Frame 1
115.6976 	EXP 	Display Frame 0
115.8226 	EXP 	Display Frame 1
115.9478 	EXP 	Display Frame 0
116.0726 	EXP 	Display Frame 1
116.1976 	EXP 	Display Frame 0
116.3225 	EXP 	Display Frame 1
116.4478 	EXP 	Display Frame 0
116.5726 	EXP 	Display Frame 1
116.6977 	EXP 	Display Frame 0
116.8227 	EXP 	Display Frame 1
116.9476 	EXP 	Display Frame 0
117.0726 	EXP 	Display Frame 1
117.1977 	EXP 	Display Frame 0
117.3231 	EXP 	Display Frame 1
117.4472 	EXP 	Display Frame 0
117.5725 	EXP 	Display Frame 1
117.6976 	EXP 	Display Frame 0
117.8226 	EXP 	Display Frame 1
117.9478 	EXP 	Display Frame 0
118.0726 	EXP 	Display Frame 1
118.1975 	EXP 	Display Frame 0
118.3227 	EXP 	Display Frame 1
118.4466 	EXP 	Display Frame 0
118.5724 	EXP 	Display Frame 1
118.6976 	EXP 	Display Frame 0
118.8226 	EXP 	Display Frame 1
118.9477 	EXP 	Display Frame 0
119.0728 	EXP 	Display Frame 1
119.1978 	EXP 	Display Frame 0
119.3227 	EXP 	Display Frame 1
119.4476 	EXP 	Display Frame 0
119.5726 	EXP 	Display Frame 1
119.6981 	EXP 	Display Frame 0
119.8224 	EXP 	Display Frame 1
119.9475 	EXP 	Display Frame 0
120.0727 	EXP 	Display Frame 1
120.1980 	EXP 	Display Frame 0
120.3225 	EXP 	Display Frame 1
120.4474 	EXP 	Display Frame 0
120.5726 	EXP 	Display Frame 1
120.6977 	EXP 	Display Frame 0
120.8224 	EXP 	Display Frame 1
120.9477 	EXP 	Display Frame 0
121.0727 	EXP 	Display Frame 1
121.1977 	EXP 	Display Frame 0
121.3227 	EXP 	Display Frame 1
121.4479 	EXP 	Display Frame 0
121.5728 	EXP 	Display Frame 1
121.6976 	EXP 	Display Frame 0
121.8228 	EXP 	Display Frame 1
121.9477 	EXP 	Display Frame 0
122.0727 	EXP 	Display Frame 1
122.1974 	EXP 	Display Frame 0
122.3227 	EXP 	Display Frame 1
122.4479 	EXP 	Display Frame 0
122.5722 	EXP 	Display Frame 1
122.6976 	EXP 	Display Frame 0
122.8224 	EXP 	Display Frame 1
122.9476 	EXP 	Display Frame 0
123.0727 	EXP 	Display Frame 1
123.1976 	EXP 	Display Frame 0
123.3223 	EXP 	Display Frame 1
123.4475 	EXP 	Display Frame 0
123.5727 	EXP 	Display Frame 1
123.6976 	EXP 	Display Frame 0
123.8225 	EXP 	Display Frame 1
123.9472 	EXP 	Display Frame 0
124.0724 	EXP 	Display Frame 1
124.1973 	EXP 	Display Frame 0
124.3228 	EXP 	Display Frame 1
124.4477 	EXP 	Display Frame 0
124.5726 	EXP 	Display Frame 1
124.6973 	EXP 	Display Frame 0
124.8227 	EXP 	Display Frame 1
124.9475 	EXP 	Display Frame 0
125.0727 	EXP 	Display Frame 1
125.1976 	EXP 	Display Frame 0
125.3225 	EXP 	Display Frame 1
125.4478 	EXP 	Display Frame 0
125.5727 	EXP 	Display Frame 1
125.6975 	EXP 	Display Frame 0
125.8227 	EXP 	Display Frame 1
125.9476 	EXP 	Display Frame 0
126.0726 	EXP 	Display Frame 1
126.1975 	EXP 	Display Frame 0
126.3226 	EXP 	Display Frame 1
126.4476 	EXP 	Display Frame 0
126.5725 	EXP 	Display Frame 1
126.6976 	EXP 	Display Frame 0
126.8227 	EXP 	Display Frame 1
126.9475 	EXP 	Display Frame 0
127.0728 	EXP 	Display Frame 1
127.1976 	EXP 	Display Frame 0
127.3226 	EXP 	Display Frame 1
127.4477 	EXP 	Display Frame 0
127.5727 	EXP 	Display Frame 1
127.6975 	EXP 	Display Frame 0
127.8228 	EXP 	Display Frame 1
127.9476 	EXP 	Display Frame 0
128.0725 	EXP 	Display Frame 1
128.1977 	EXP 	Display Frame 0
128.3227 	EXP 	Display Frame 1
128.4476 	EXP 	Display Frame 0
128.5726 	EXP 	Display Frame 1
128.6972 	EXP 	Display Frame 0
128.8226 	EXP 	Display Frame 1
128.9475 	EXP 	Display Frame 0
129.0727 	EXP 	Display Frame 1
129.1976 	EXP 	Display Frame 0
129.3226 	EXP 	Display Frame 1
129.4472 	EXP 	Display Frame 0
129.5724 	EXP 	Display Frame 1
129.6969 	EXP 	Display Frame 0
129.8217 	EXP 	Display Frame 1
129.9468 	EXP 	Display Frame 0
130.0719 	EXP 	Display Frame 1
130.1968 	EXP 	Display Frame 0
130.3219 	EXP 	Display Frame 1
130.4468 	EXP 	Display Frame 0
130.5716 	EXP 	Display Frame 1
130.6968 	EXP 	Display Frame 0
130.8219 	EXP 	Display Frame 1
130.9474 	EXP 	Display Frame 0
131.0728 	EXP 	Display Frame 1
131.1978 	EXP 	Display Frame 0
131.3228 	EXP 	Display Frame 1
131.4474 	EXP 	Display Frame 0
131.5729 	EXP 	Display Frame 1
131.6975 	EXP 	Display Frame 0
131.8214 	EXP 	Display Frame 1
131.9478 	EXP 	Display Frame 0
132.0716 	EXP 	Display Frame 1
132.1973 	EXP 	Display Frame 0
132.3222 	EXP 	Display Frame 1
132.4473 	EXP 	Display Frame 0
132.5722 	EXP 	Display Frame 1
132.6976 	EXP 	Display Frame 0
132.8223 	EXP 	Display Frame 1
132.9476 	EXP 	Display Frame 0
133.0725 	EXP 	Display Frame 1
133.1974 	EXP 	Display Frame 0
133.3225 	EXP 	Display Frame 1
133.4475 	EXP 	Display Frame 0
133.5729 	EXP 	Display Frame 1
133.6980 	EXP 	Display Frame 0
133.8223 	EXP 	Display Frame 1
133.9474 	EXP 	Display Frame 0
134.0729 	EXP 	Display Frame 1
134.1976 	EXP 	Display Frame 0
134.3225 	EXP 	Display Frame 1
134.4475 	EXP 	Display Frame 0
134.5728 	EXP 	Display Frame 1
134.6981 	EXP 	Display Frame 0
134.8227 	EXP 	Display Frame 1
134.9477 	EXP 	Display Frame 0
135.0724 	EXP 	Display Frame 1
135.1974 	EXP 	Display Frame 0
135.3228 	EXP 	Display Frame 1
135.4476 	EXP 	Display Frame 0
135.5726 	EXP 	Display Frame 1
135.6977 	EXP 	Display Frame 0
135.8224 	EXP 	Display Frame 1
135.9474 	EXP 	Display Frame 0
136.0728 	EXP 	Display Frame 1
136.1976 	EXP 	Display Frame 0
136.3227 	EXP 	Display Frame 1
136.4477 	EXP 	Display Frame 0
136.5728 	EXP 	Display Frame 1
136.6972 	EXP 	Display Frame 0
136.8227 	EXP 	Display Frame 1
136.9475 	EXP 	Display Frame 0
137.0727 	EXP 	Display Frame 1
137.1975 	EXP 	Display Frame 0
137.3228 	EXP 	Display Frame 1
137.4476 	EXP 	Display Frame 0
137.5728 	EXP 	Display Frame 1
137.6977 	EXP 	Display Frame 0
137.8227 	EXP 	Display Frame 1
137.9475 	EXP 	Display Frame 0
138.0727 	EXP 	Display Frame 1
138.1976 	EXP 	Display Frame 0
138.3227 	EXP 	Display Frame 1
138.4479 	EXP 	Display Frame 0
138.5727 	EXP 	Display Frame 1
138.6976 	EXP 	Display Frame 0
138.8225 	EXP 	Display Frame 1
138.9476 	EXP 	Display Frame 0
139.0726 	EXP 	Display Frame 1
139.1964 	EXP 	Display Frame 0
139.3227 	EXP 	Display Frame 1
139.4477 	EXP 	Display Frame 0
139.5728 	EXP 	Display Frame 1
139.6976 	EXP 	Display Frame 0
139.8225 	EXP 	Display Frame 1
139.9475 	EXP 	Display Frame 0
140.0727 	EXP 	Display Frame 1
140.1975 	EXP 	Display Frame 0
140.3227 	EXP 	Display Frame 1
140.4474 	EXP 	Display Frame 0
140.5724 	EXP 	Display Frame 1
140.6974 	EXP 	Display Frame 0
140.8227 	EXP 	Display Frame 1
140.9475 	EXP 	Display Frame 0
141.0723 	EXP 	Display Frame 1
141.1977 	EXP 	Display Frame 0
141.3228 	EXP 	Display Frame 1
141.4477 	EXP 	Display Frame 0
141.5729 	EXP 	Display Frame 1
141.6977 	EXP 	Display Frame 0
141.8226 	EXP 	Display Frame 1
141.9475 	EXP 	Display Frame 0
142.0728 	EXP 	Display Frame 1
142.1976 	EXP 	Display Frame 0
142.3225 	EXP 	Display Frame 1
142.4478 	EXP 	Display Frame 0
142.5726 	EXP 	Display Frame 1
142.6976 	EXP 	Display Frame 0
142.8225 	EXP 	Display Frame 1
142.9475 	EXP 	Display Frame 0
143.0727 	EXP 	Display Frame 1
143.1978 	EXP 	Display Frame 0
143.3224 	EXP 	Display Frame 1
143.4474 	EXP 	Display Frame 0
143.5728 	EXP 	Display Frame 1
143.6978 	EXP 	Display Frame 0
143.8227 	EXP 	Display Frame 1
143.9475 	EXP 	Display Frame 0
144.0728 	EXP 	Display Frame 1
144.1976 	EXP 	Display Frame 0
144.3228 	EXP 	Display Frame 1
144.4478 	EXP 	Display Frame 0
144.5727 	EXP 	Display Frame 1
144.6975 	EXP 	Display Frame 0
144.8229 	EXP 	Display Frame 1
144.9474 	EXP 	Display Frame 0
145.0724 	EXP 	Display Frame 1
145.1977 	EXP 	Display Frame 0
145.3227 	EXP 	Display Frame 1
145.4477 	EXP 	Display Frame 0
145.5728 	EXP 	Display Frame 1
145.6976 	EXP 	Display Frame 0
145.8226 	EXP 	Display Frame 1
145.9473 	EXP 	Display Frame 0
146.0725 	EXP 	Display Frame 1
146.1974 	EXP 	Display Frame 0
146.3226 	EXP 	Display Frame 1
146.4477 	EXP 	Display Frame 0
146.5727 	EXP 	Display Frame 1
146.6977 	EXP 	Display Frame 0
146.8225 	EXP 	Display Frame 1
146.9476 	EXP 	Display Frame 0
147.0725 	EXP 	Display Frame 1
147.1977 	EXP 	Display Frame 0
147.3221 	DATA 	Keypress: t
147.3252 	EXP 	Display Frame 1
147.3294 	EXP 	Display Fixation
148.7425 	DATA 	Keypress: t
190.6642 	DATA 	Keypress: t
190.7922 	EXP 	Display Frame 1
190.9167 	EXP 	Display Frame 0
191.0420 	EXP 	Display Frame 1
191.1672 	EXP 	Display Frame 0
191.2923 	EXP 	Display Frame 1
191.4171 	EXP 	Display Frame 0
191.5419 	EXP 	Display Frame 1
191.6670 	EXP 	Display Frame 0
191.7920 	EXP 	Display Frame 1
191.9162 	EXP 	Display Frame 0
192.0419 	EXP 	Display Frame 1
192.1657 	DATA 	Keypress: t
192.1682 	EXP 	Display Frame 0
192.2919 	EXP 	Display Frame 1
192.4169 	EXP 	Display Frame 0
192.5420 	EXP 	Display Frame 1
192.6672 	EXP 	Display Frame 0
192.7921 	EXP 	Display Frame 1
192.9167 	EXP 	Display Frame 0
193.0421 	EXP 	Display Frame 1
193.1672 	EXP 	Display Frame 0
193.2920 	EXP 	Display Frame 1
193.4170 	EXP 	Display Frame 0
193.5421 	EXP 	Display Frame 1
193.6670 	EXP 	Display Frame 0
193.7919 	EXP 	Display Frame 1
193.9172 	EXP 	Display Frame 0
194.0420 	EXP 	Display Frame 1
194.1671 	EXP 	Display Frame 0
194.2921 	EXP 	Display Frame 1
194.4171 	EXP 	Display Frame 0
194.5420 	EXP 	Display Frame 1
194.6671 	EXP 	Display Frame 0
194.7918 	EXP 	Display Frame 1
194.9168 	EXP 	Display Frame 0
195.0422 	EXP 	Display Frame 1
195.1671 	EXP 	Display Frame 0
195.2921 	EXP 	Display Frame 1
195.4167 	EXP 	Display Frame 0
195.5419 	EXP 	Display Frame 1
195.6669 	EXP 	Display Frame 0
195.7913 	EXP 	Display Frame 1
195.9168 	EXP 	Display Frame 0
196.0418 	EXP 	Display Frame 1
196.1670 	EXP 	Display Frame 0
196.2921 	EXP 	Display Frame 1
196.4171 	EXP 	Display Frame 0
196.5419 	EXP 	Display Frame 1
196.6674 	EXP 	Display Frame 0
196.7917 	EXP 	Display Frame 1
196.9168 	EXP 	Display Frame 0
197.0421 	EXP 	Display Frame 1
197.1671 	EXP 	Display Frame 0
197.2920 	EXP 	Display Frame 1
197.4171 	EXP 	Display Frame 0
197.5421 	EXP 	Display Frame 1
197.6668 	EXP 	Display Frame 0
197.7920 	EXP 	Display Frame 1
197.9169 	EXP 	Display Frame 0
198.0420 	EXP 	Display Frame 1
198.1669 	EXP 	Display Frame 0
198.2921 	EXP 	Display Frame 1
198.4171 	EXP 	Display Frame 0
198.5419 	EXP 	Display Frame 1
198.6672 	EXP 	Display Frame 0
198.7920 	EXP 	Display Frame 1
198.9169 	EXP 	Display Frame 0
199.0421 	EXP 	Display Frame 1
199.1670 	EXP 	Display Frame 0
199.2920 	EXP 	Display Frame 1
199.4172 	EXP 	Display Frame 0
199.5421 	EXP 	Display Frame 1
199.6670 	EXP 	Display Frame 0
199.7921 	EXP 	Display Frame 1
199.9171 	EXP 	Display Frame 0
200.0420 	EXP 	Display Frame 1
200.1673 	EXP 	Display Frame 0
200.2920 	EXP 	Display Frame 1
200.4169 	EXP 	Display Frame 0
200.5421 	EXP 	Display Frame 1
200.6672 	EXP 	Display Frame 0
200.7916 	EXP 	Display Frame 1
200.9168 	EXP 	Display Frame 0
201.0420 	EXP 	Display Frame 1
201.1670 	EXP 	Display Frame 0
201.2918 	EXP 	Display Frame 1
201.4167 	EXP 	Display Frame 0
201.5420 	EXP 	Display Frame 1
201.6670 	EXP 	Display Frame 0
201.7921 	EXP 	Display Frame 1
201.9159 	EXP 	Display Frame 0
202.0420 	EXP 	Display Frame 1
202.1671 	EXP 	Display Frame 0
202.2919 	EXP 	Display Frame 1
202.4169 	EXP 	Display Frame 0
202.5422 	EXP 	Display Frame 1
202.6672 	EXP 	Display Frame 0
202.7918 	EXP 	Display Frame 1
202.9171 	EXP 	Display Frame 0
203.0422 	EXP 	Display Frame 1
203.1671 	EXP 	Display Frame 0
203.2922 	EXP 	Display Frame 1
203.4172 	EXP 	Display Frame 0
203.5420 	EXP 	Display Frame 1
203.6670 	EXP 	Display Frame 0
203.7921 	EXP 	Display Frame 1
203.9169 	EXP 	Display Frame 0
204.0422 	EXP 	Display Frame 1
204.1671 	EXP 	Display Frame 0
204.2921 	EXP 	Display Frame 1
204.4170 	EXP 	Display Frame 0
204.5421 	EXP 	Display Frame 1
204.6670 	EXP 	Display Frame 0
204.7920 	EXP 	Display Frame 1
204.9162 	EXP 	Display Frame 0
205.0419 	EXP 	Display Frame 1
205.1669 	EXP 	Display Frame 0
205.2920 	EXP 	Display Frame 1
205.4171 	EXP 	Display Frame 0
205.5420 	EXP 	Display Frame 1
205.6672 	EXP 	Display Frame 0
205.7921 	EXP 	Display Frame 1
205.9168 	EXP 	Display Frame 0
206.0422 	EXP 	Display Frame 1
206.1671 	EXP 	Display Frame 0
206.2920 	EXP 	Display Frame 1
206.4160 	EXP 	Display Frame 0
206.5420 	EXP 	Display Frame 1
206.6669 	EXP 	Display Frame 0
206.7920 	EXP 	Display Frame 1
206.9161 	EXP 	Display Frame 0
207.0421 	EXP 	Display Frame 1
207.1670 	EXP 	Display Frame 0
207.2921 	EXP 	Display Frame 1
207.4181 	EXP 	Display Frame 0
207.5418 	EXP 	Display Frame 1
207.6670 	EXP 	Display Frame 0
207.7921 	EXP 	Display Frame 1
207.9157 	EXP 	Display Frame 0
208.0422 	EXP 	Display Frame 1
208.1670 	EXP 	Display Frame 0
208.2920 	EXP 	Display Frame 1
208.4172 	EXP 	Display Frame 0
208.5421 	EXP 	Display Frame 1
208.6670 	EXP 	Display Frame 0
208.7920 	EXP 	Display Frame 1
208.9159 	EXP 	Display Frame 0
209.0418 	EXP 	Display Frame 1
209.1670 	EXP 	Display Frame 0
209.2921 	EXP 	Display Frame 1
209.4170 	EXP 	Display Frame 0
209.5421 	EXP 	Display Frame 1
209.6672 	EXP 	Display Frame 0
209.7920 	EXP 	Display Frame 1
209.9165 	EXP 	Display Frame 0
210.0423 	EXP 	Display Frame 1
210.1671 	EXP 	Display Frame 0
210.2918 	EXP 	Display Frame 1
210.4173 	EXP 	Display Frame 0
210.5421 	EXP 	Display Frame 1
210.6670 	EXP 	Display Frame 0
210.7919 	EXP 	Display Frame 1
210.9163 	EXP 	Display Frame 0
211.0422 	EXP 	Display Frame 1
211.1670 	EXP 	Display Frame 0
211.2919 	EXP 	Display Frame 1
211.4176 	EXP 	Display Frame 0
211.5420 	EXP 	Display Frame 1
211.6670 	EXP 	Display Frame 0
211.7921 	EXP 	Display Frame 1
211.9159 	EXP 	Display Frame 0
212.0420 	EXP 	Display Frame 1
212.1669 	EXP 	Display Frame 0
212.2921 	EXP 	Display Frame 1
212.4171 	EXP 	Display Frame 0
212.5421 	EXP 	Display Frame 1
212.6671 	EXP 	Display Frame 0
212.7919 	EXP 	Display Frame 1
212.9177 	EXP 	Display Frame 0
213.0418 	EXP 	Display Frame 1
213.1670 	EXP 	Display Frame 0
213.2921 	EXP 	Display Frame 1
213.4171 	EXP 	Display Frame 0
213.5422 	EXP 	Display Frame 1
213.6672 	EXP 	Display Frame 0
213.7920 	EXP 	Display Frame 1
213.9172 	EXP 	Display Frame 0
214.0424 	EXP 	Display Frame 1
214.1667 	EXP 	Display Frame 0
214.2918 	EXP 	Display Frame 1
214.4171 	EXP 	Display Frame 0
214.5421 	EXP 	Display Frame 1
214.6672 	EXP 	Display Frame 0
214.7922 	EXP 	Display Frame 1
214.9171 	EXP 	Display Frame 0
215.0420 	EXP 	Display Frame 1
215.1673 	EXP 	Display Frame 0
215.2917 	EXP 	Display Frame 1
215.4169 	EXP 	Display Frame 0
215.5422 	EXP 	Display Frame 1
215.6671 	EXP 	Display Frame 0
215.7920 	EXP 	Display Frame 1
215.9163 	EXP 	Display Frame 0
216.0421 	EXP 	Display Frame 1
216.1672 	EXP 	Display Frame 0
216.2921 	EXP 	Display Frame 1
216.4171 	EXP 	Display Frame 0
216.5422 	EXP 	Display Frame 1
216.6672 	EXP 	Display Frame 0
216.7922 	EXP 	Display Frame 1
216.9169 	EXP 	Display Frame 0
217.0419 	EXP 	Display Frame 1
217.1672 	EXP 	Display Frame 0
217.2922 	EXP 	Display Frame 1
217.4167 	EXP 	Display Frame 0
217.5422 	EXP 	Display Frame 1
217.6669 	EXP 	Display Frame 0
217.7917 	EXP 	Display Frame 1
217.9173 	EXP 	Display Frame 0
218.0421 	EXP 	Display Frame 1
218.1670 	EXP 	Display Frame 0
218.2920 	EXP 	Display Frame 1
218.4172 	EXP 	Display Frame 0
218.5420 	EXP 	Display Frame 1
218.6673 	EXP 	Display Frame 0
218.7921 	EXP 	Display Frame 1
218.9169 	EXP 	Display Frame 0
219.0420 	EXP 	Display Frame 1
219.1672 	EXP 	Display Frame 0
219.2921 	EXP 	Display Frame 1
219.4171 	EXP 	Display Frame 0
219.5421 	EXP 	Display Frame 1
219.6672 	EXP 	Display Frame 0
219.7920 	EXP 	Display Frame 1
219.9170 	EXP 	Display Frame 0
220.0421 	EXP 	Display Frame 1
220.1671 	EXP 	Display Frame 0
220.2920 	EXP 	Display Frame 1
220.4174 	EXP 	Display Frame 0
220.5420 	EXP 	Display Frame 1
220.6672 	EXP 	Display Frame 0
220.7921 	EXP 	Display Frame 1
220.9169 	EXP 	Display Frame 0
221.0423 	EXP 	Display Frame 1
221.1667 	EXP 	Display Frame 0
221.2919 	EXP 	Display Frame 1
221.4180 	EXP 	Display Frame 0
221.5419 	EXP 	Display Frame 1
221.6669 	EXP 	Display Frame 0
221.7920 	EXP 	Display Frame 1
221.9171 	EXP 	Display Frame 0
222.0421 	EXP 	Display Frame 1
222.1670 	EXP 	Display Frame 0
222.2919 	EXP 	Display Frame 1
222.4171 	EXP 	Display Frame 0
222.5425 	EXP 	Display Frame 1
222.6670 	EXP 	Display Frame 0
222.7919 	EXP 	Display Frame 1
222.9168 	EXP 	Display Frame 0
223.0418 	EXP 	Display Frame 1
223.1670 	EXP 	Display Frame 0
223.2920 	EXP 	Display Frame 1
223.4170 	EXP 	Display Frame 0
223.5421 	EXP 	Display Frame 1
223.6671 	EXP 	Display Frame 0
223.7917 	EXP 	Display Frame 1
223.9171 	EXP 	Display Frame 0
224.0421 	EXP 	Display Frame 1
224.1670 	EXP 	Display Frame 0
224.2921 	EXP 	Display Frame 1
224.4167 	EXP 	Display Frame 0
224.5420 	EXP 	Display Frame 1
224.6671 	EXP 	Display Frame 0
224.7919 	EXP 	Display Frame 1
224.9168 	EXP 	Display Frame 0
225.0421 	EXP 	Display Frame 1
225.1670 	EXP 	Display Frame 0
225.2920 	EXP 	Display Frame 1
225.4171 	EXP 	Display Frame 0
225.5421 	EXP 	Display Frame 1
225.6670 	EXP 	Display Frame 0
225.7920 	EXP 	Display Frame 1
225.9170 	EXP 	Display Frame 0
226.0419 	EXP 	Display Frame 1
226.1673 	EXP 	Display Frame 0
226.2920 	EXP 	Display Frame 1
226.4170 	EXP 	Display Frame 0
226.5422 	EXP 	Display Frame 1
226.6668 	EXP 	Display Frame 0
226.7919 	EXP 	Display Frame 1
226.9171 	EXP 	Display Frame 0
227.0422 	EXP 	Display Frame 1
227.1670 	EXP 	Display Frame 0
227.2920 	EXP 	Display Frame 1
227.4172 	EXP 	Display Frame 0
227.5421 	EXP 	Display Frame 1
227.6670 	EXP 	Display Frame 0
227.7922 	EXP 	Display Frame 1
227.9171 	EXP 	Display Frame 0
228.0420 	EXP 	Display Frame 1
228.1673 	EXP 	Display Frame 0
228.2922 	EXP 	Display Frame 1
228.4168 	EXP 	Display Frame 0
228.5420 	EXP 	Display Frame 1
228.6670 	EXP 	Display Frame 0
228.7920 	EXP 	Display Frame 1
228.9164 	EXP 	Display Frame 0
229.0420 	EXP 	Display Frame 1
229.1672 	EXP 	Display Frame 0
229.2920 	EXP 	Display Frame 1
229.4168 	EXP 	Display Frame 0
229.5421 	EXP 	Display Frame 1
229.6671 	EXP 	Display Frame 0
229.7922 	EXP 	Display Frame 1
229.9163 	EXP 	Display Frame 0
230.0420 	EXP 	Display Frame 1
230.1673 	EXP 	Display Frame 0
230.2919 	EXP 	Display Frame 1
230.4171 	EXP 	Display Frame 0
230.5422 	EXP 	Display Frame 1
230.6672 	EXP 	Display Frame 0
230.7925 	EXP 	Display Frame 1
230.9167 	EXP 	Display Frame 0
231.0419 	EXP 	Display Frame 1
231.1671 	EXP 	Display Frame 0
231.2919 	EXP 	Display Frame 1
231.4172 	EXP 	Display Frame 0
231.5420 	EXP 	Display Frame 1
231.6671 	EXP 	Display Frame 0
231.7921 	EXP 	Display Frame 1
231.9172 	EXP 	Display Frame 0
232.0420 	EXP 	Display Frame 1
232.1672 	EXP 	Display Frame 0
232.2921 	EXP 	Display Frame 1
232.4170 	EXP 	Display Frame 0
232.5422 	EXP 	Display Frame 1
232.6672 	EXP 	Display Frame 0
232.7921 	EXP 	Display Frame 1
232.9174 	EXP 	Display Frame 0
233.0419 	EXP 	Display Frame 1
233.1669 	EXP 	Display Frame 0
233.2922 	EXP 	Display Frame 1
233.4170 	EXP 	Display Frame 0
233.5420 	EXP 	Display Frame 1
233.6671 	EXP 	Display Frame 0
233.7921 	EXP 	Display Frame 1
233.9163 	EXP 	Display Frame 0
234.0412 	DATA 	Keypress: t
234.0441 	EXP 	Display Frame 1
234.0459 	EXP 	Display Fixation
235.4621 	DATA 	Keypress: t
277.3845 	DATA 	Keypress: t
277.5123 	EXP 	Display Frame 1
277.6373 	EXP 	Display Frame 0
277.7623 	EXP 	Display Frame 1
277.8872 	EXP 	Display Frame 0
278.0119 	EXP 	Display Frame 1
278.1370 	EXP 	Display Frame 0
278.2624 	EXP 	Display Frame 1
278.3872 	EXP 	Display Frame 0
278.5123 	EXP 	Display Frame 1
278.6375 	EXP 	Display Frame 0
278.7625 	EXP 	Display Frame 1
278.8866 	DATA 	Keypress: t
278.8896 	EXP 	Display Frame 0
279.0123 	EXP 	Display Frame 1
279.1375 	EXP 	Display Frame 0
279.2624 	EXP 	Display Frame 1
279.3875 	EXP 	Display Frame 0
279.5124 	EXP 	Display Frame 1
279.6374 	EXP 	Display Frame 0
279.7625 	EXP 	Display Frame 1
279.8876 	EXP 	Display Frame 0
280.0122 	EXP 	Display Frame 1
280.1375 	EXP 	Display Frame 0
280.2615 	EXP 	Display Frame 1
280.3872 	EXP 	Display Frame 0
280.5126 	EXP 	Display Frame 1
280.6375 	EXP 	Display Frame 0
280.7626 	EXP 	Display Frame 1
280.8871 	EXP 	Display Frame 0
281.0122 	EXP 	Display Frame 1
281.1373 	EXP 	Display Frame 0
281.2623 	EXP 	Display Frame 1
281.3877 	EXP 	Display Frame 0
281.5120 	EXP 	Display Frame 1
281.6371 	EXP 	Display Frame 0
281.7624 	EXP 	Display Frame 1
281.8874 	EXP 	Display Frame 0
282.0123 	EXP 	Display Frame 1
282.1374 	EXP 	Display Frame 0
282.2624 	EXP 	Display Frame 1
282.3875 	EXP 	Display Frame 0
282.5122 	EXP 	Display Frame 1
282.6376 	EXP 	Display Frame 0
282.7621 	EXP 	Display Frame 1
282.8873 	EXP 	Display Frame 0
283.0124 	EXP 	Display Frame 1
283.1373 	EXP 	Display Frame 0
283.2622 	EXP 	Display Frame 1
283.3873 	EXP 	Display Frame 0
283.5125 	EXP 	Display Frame 1
283.6373 	EXP 	Display Frame 0
283.7623 	EXP 	Display Frame 1
283.8873 	EXP 	Display Frame 0
284.0122 	EXP 	Display Frame 1
284.1374 	EXP 	Display Frame 0
284.2625 	EXP 	Display Frame 1
284.3875 	EXP 	Display Frame 0
284.5125 	EXP 	Display Frame 1
284.6374 	EXP 	Display Frame 0
284.7623 	EXP 	Display Frame 1
284.8875 	EXP 	Display Frame 0
285.0123 	EXP 	Display Frame 1
285.1372 	EXP 	Display Frame 0
285.2623 	EXP 	Display Frame 1
285.3874 	EXP 	Display Frame 0
285.5123 	EXP 	Display Frame 1
285.6375 	EXP 	Display Frame 0
285.7622 	EXP 	Display Frame 1
285.8872 	EXP 	Display Frame 0
286.0123 	EXP 	Display Frame 1
286.1374 	EXP 	Display Frame 0
286.2623 	EXP 	Display Frame 1
286.3871 	EXP 	Display Frame 0
286.5125 	EXP 	Display Frame 1
286.6374 	EXP 	Display Frame 0
286.7623 	EXP 	Display Frame 1
286.8874 	EXP 	Display Frame 0
287.0123 	EXP 	Display Frame 1
287.1373 	EXP 	Display Frame 0
287.2624 	EXP 	Display Frame 1
287.3872 	EXP 	Display Frame 0
287.5123 	EXP 	Display Frame 1
287.6375 	EXP 	Display Frame 0
287.7624 	EXP 	Display Frame 1
287.8873 	EXP 	Display Frame 0
288.0123 	EXP 	Display Frame 1
288.1374 	EXP 	Display Frame 0
288.2624 	EXP 	Display Frame 1
288.3873 	EXP 	Display Frame 0
288.5123 	EXP 	Display Frame 1
288.6373 	EXP 	Display Frame 0
288.7623 	EXP 	Display Frame 1
288.8870 	EXP 	Display Frame 0
289.0126 	EXP 	Display Frame 1
289.1371 	EXP 	Display Frame 0
289.2623 	EXP 	Display Frame 1
289.3874 	EXP 	Display Frame 0
289.5126 	EXP 	Display Frame 1
289.6375 	EXP 	Display Frame 0
289.7625 	EXP 	Display Frame 1
289.8873 	EXP 	Display Frame 0
290.0125 	EXP 	Display Frame 1
290.1374 	EXP 	Display Frame 0
290.2624 	EXP 	Display Frame 1
290.3875 	EXP 	Display Frame 0
290.5125 	EXP 	Display Frame 1
290.6380 	EXP 	Display Frame 0
290.7621 	EXP 	Display Frame 1
290.8873 	EXP 	Display Frame 0
291.0122 	EXP 	Display Frame 1
291.1376 	EXP 	Display Frame 0
291.2625 	EXP 	Display Frame 1
291.3874 	EXP 	Display Frame 0
291.5126 	EXP 	Display Frame 1
291.6374 	EXP 	Display Frame 0
291.7625 	EXP 	Display Frame 1
291.8873 	EXP 	Display Frame 0
292.0124 	EXP 	Display Frame 1
292.1374 	EXP 	Display Frame 0
292.2623 	EXP 	Display Frame 1
292.3875 	EXP 	Display Frame 0
292.5120 	EXP 	Display Frame 1
292.6371 	EXP 	Display Frame 0
292.7623 	EXP 	Display Frame 1
292.8874 	EXP 	Display Frame 0
293.0125 	EXP 	Display Frame 1
293.1369 	EXP 	Display Frame 0
293.2622 	EXP 	Display Frame 1
293.3872 	EXP 	Display Frame 0
293.5124 	EXP 	Display Frame 1
293.6374 	EXP 	Display Frame 0
293.7623 	EXP 	Display Frame 1
293.8873 	EXP 	Display Frame 0
294.0124 	EXP 	Display Frame 1
294.1374 	EXP 	Display Frame 0
294.2624 	EXP 	Display Frame 1
294.3870 	EXP 	Display Frame 0
294.5133 	EXP 	Display Frame 1
294.6371 	EXP 	Display Frame 0
294.7623 	EXP 	Display Frame 1
294.8874 	EXP 	Display Frame 0
295.0122 	EXP 	Display Frame 1
295.1374 	EXP 	Display Frame 0
295.2625 	EXP 	Display Frame 1
295.3873 	EXP 	Display Frame 0
295.5124 	EXP 	Display Frame 1
295.6373 	EXP 	Display Frame 0
295.7623 	EXP 	Display Frame 1
295.8872 	EXP 	Display Frame 0
296.0123 	EXP 	Display Frame 1
296.1373 	EXP 	Display Frame 0
296.2623 	EXP 	Display Frame 1
296.3874 	EXP 	Display Frame 0
296.5124 	EXP 	Display Frame 1
296.6373 	EXP 	Display Frame 0
296.7626 	EXP 	Display Frame 1
296.8874 	EXP 	Display Frame 0
297.0124 	EXP 	Display Frame 1
297.1376 	EXP 	Display Frame 0
297.2625 	EXP 	Display Frame 1
297.3871 	EXP 	Display Frame 0
297.5120 	EXP 	Display Frame 1
297.6372 	EXP 	Display Frame 0
297.7623 	EXP 	Display Frame 1
297.8873 	EXP 	Display Frame 0
298.0124 	EXP 	Display Frame 1
298.1373 	EXP 	Display Frame 0
298.2623 	EXP 	Display Frame 1
298.3874 	EXP 	Display Frame 0
298.5124 	EXP 	Display Frame 1
298.6373 	EXP 	Display Frame 0
298.7625 	EXP 	Display Frame 1
298.8874 	EXP 	Display Frame 0
299.0120 	EXP 	Display Frame 1
299.1374 	EXP 	Display Frame 0
299.2625 	EXP 	Display Frame 1
299.3873 	EXP 	Display Frame 0
299.5125 	EXP 	Display Frame 1
299.6374 	EXP 	Display Frame 0
299.7623 	EXP 	Display Frame 1
299.8870 	EXP 	Display Frame 0
300.0116 	EXP 	Display Frame 1
300.1372 	EXP 	Display Frame 0
300.2620 	EXP 	Display Frame 1
300.3874 	EXP 	Display Frame 0
300.5124 	EXP 	Display Frame 1
300.6373 	EXP 	Display Frame 0
300.7625 	EXP 	Display Frame 1
300.8873 	EXP 	Display Frame 0
301.0114 	EXP 	Display Frame 1
301.1374 	EXP 	Display Frame 0
301.2623 	EXP 	Display Frame 1
301.3877 	EXP 	Display Frame 0
301.5121 	EXP 	Display Frame 1
301.6372 	EXP 	Display Frame 0
301.7623 	EXP 	Display Frame 1
301.8872 	EXP 	Display Frame 0
302.0114 	EXP 	Display Frame 1
302.1374 	EXP 	Display Frame 0
302.2626 	EXP 	Display Frame 1
302.3874 	EXP 	Display Frame 0
302.5124 	EXP 	Display Frame 1
302.6375 	EXP 	Display Frame 0
302.7625 	EXP 	Display Frame 1
302.8873 	EXP 	Display Frame 0
303.0111 	EXP 	Display Frame 1
303.1373 	EXP 	Display Frame 0
303.2625 	EXP 	Display Frame 1
303.3873 	EXP 	Display Frame 0
303.5125 	EXP 	Display Frame 1
303.6373 	EXP 	Display Frame 0
303.7624 	EXP 	Display Frame 1
303.8874 	EXP 	Display Frame 0
304.0115 	EXP 	Display Frame 1
304.1374 	EXP 	Display Frame 0
304.2623 	EXP 	Display Frame 1
304.3873 	EXP 	Display Frame 0
304.5125 	EXP 	Display Frame 1
304.6375 	EXP 	Display Frame 0
304.7626 	EXP 	Display Frame 1
304.8873 	EXP 	Display Frame 0
305.0112 	EXP 	Display Frame 1
305.1376 	EXP 	Display Frame 0
305.2623 	EXP 	Display Frame 1
305.3873 	EXP 	Display Frame 0
305.5122 	EXP 	Display Frame 1
305.6371 	EXP 	Display Frame 0
305.7621 	EXP 	Display Frame 1
305.8874 	EXP 	Display Frame 0
306.0123 	EXP 	Display Frame 1
306.1374 	EXP 	Display Frame 0
306.2624 	EXP 	Display Frame 1
306.3873 	EXP 	Display Frame 0
306.5124 	EXP 	Display Frame 1
306.6374 	EXP 	Display Frame 0
306.7625 	EXP 	Display Frame 1
306.8873 	EXP 	Display Frame 0
307.0126 	EXP 	Display Frame 1
307.1375 	EXP 	Display Frame 0
307.2621 	EXP 	Display Frame 1
307.3872 	EXP 	Display Frame 0
307.5124 	EXP 	Display Frame 1
307.6374 	EXP 	Display Frame 0
307.7626 	EXP 	Display Frame 1
307.8874 	EXP 	Display Frame 0
308.0124 	EXP 	Display Frame 1
308.1372 	EXP 	Display Frame 0
308.2624 	EXP 	Display Frame 1
308.3874 	EXP 	Display Frame 0
308.5123 	EXP 	Display Frame 1
308.6374 	EXP 	Display Frame 0
308.7624 	EXP 	Display Frame 1
308.8874 	EXP 	Display Frame 0
309.0121 	EXP 	Display Frame 1
309.1374 	EXP 	Display Frame 0
309.2624 	EXP 	Display Frame 1
309.3875 	EXP 	Display Frame 0
309.5124 	EXP 	Display Frame 1
309.6373 	EXP 	Display Frame 0
309.7623 	EXP 	Display Frame 1
309.8872 	EXP 	Display Frame 0
310.0123 	EXP 	Display Frame 1
310.1372 	EXP 	Display Frame 0
310.2624 	EXP 	Display Frame 1
310.3875 	EXP 	Display Frame 0
310.5129 	EXP 	Display Frame 1
310.6372 	EXP 	Display Frame 0
310.7621 	EXP 	Display Frame 1
310.8873 	EXP 	Display Frame 0
311.0121 	EXP 	Display Frame 1
311.1376 	EXP 	Display Frame 0
311.2621 	EXP 	Display Frame 1
311.3872 	EXP 	Display Frame 0
311.5124 	EXP 	Display Frame 1
311.6373 	EXP 	Display Frame 0
311.7626 	EXP 	Display Frame 1
311.8873 	EXP 	Display Frame 0
312.0123 	EXP 	Display Frame 1
312.1375 	EXP 	Display Frame 0
312.2625 	EXP 	Display Frame 1
312.3873 	EXP 	Display Frame 0
312.5125 	EXP 	Display Frame 1
312.6374 	EXP 	Display Frame 0
312.7623 	EXP 	Display Frame 1
312.8873 	EXP 	Display Frame 0
313.0122 	EXP 	Display Frame 1
313.1372 	EXP 	Display Frame 0
313.2620 	EXP 	Display Frame 1
313.3875 	EXP 	Display Frame 0
313.5125 	EXP 	Display Frame 1
313.6373 	EXP 	Display Frame 0
313.7620 	EXP 	Display Frame 1
313.8872 	EXP 	Display Frame 0
314.0121 	EXP 	Display Frame 1
314.1374 	EXP 	Display Frame 0
314.2624 	EXP 	Display Frame 1
314.3873 	EXP 	Display Frame 0
314.5125 	EXP 	Display Frame 1
314.6374 	EXP 	Display Frame 0
314.7624 	EXP 	Display Frame 1
314.8872 	EXP 	Display Frame 0
315.0124 	EXP 	Display Frame 1
315.1373 	EXP 	Display Frame 0
315.2623 	EXP 	Display Frame 1
315.3875 	EXP 	Display Frame 0
315.5126 	EXP 	Display Frame 1
315.6371 	EXP 	Display Frame 0
315.7622 	EXP 	Display Frame 1
315.8873 	EXP 	Display Frame 0
316.0123 	EXP 	Display Frame 1
316.1374 	EXP 	Display Frame 0
316.2624 	EXP 	Display Frame 1
316.3873 	EXP 	Display Frame 0
316.5123 	EXP 	Display Frame 1
316.6372 	EXP 	Display Frame 0
316.7624 	EXP 	Display Frame 1
316.8874 	EXP 	Display Frame 0
317.0124 	EXP 	Display Frame 1
317.1376 	EXP 	Display Frame 0
317.2624 	EXP 	Display Frame 1
317.3874 	EXP 	Display Frame 0
317.5124 	EXP 	Display Frame 1
317.6373 	EXP 	Display Frame 0
317.7624 	EXP 	Display Frame 1
317.8873 	EXP 	Display Frame 0
318.0123 	EXP 	Display Frame 1
318.1374 	EXP 	Display Frame 0
318.2623 	EXP 	Display Frame 1
318.3875 	EXP 	Display Frame 0
318.5125 	EXP 	Display Frame 1
318.6373 	EXP 	Display Frame 0
318.7624 	EXP 	Display Frame 1
318.8875 	EXP 	Display Frame 0
319.0125 	EXP 	Display Frame 1
319.1373 	EXP 	Display Frame 0
319.2624 	EXP 	Display Frame 1
319.3874 	EXP 	Display Frame 0
319.5126 	EXP 	Display Frame 1
319.6373 	EXP 	Display Frame 0
319.7622 	EXP 	Display Frame 1
319.8873 	EXP 	Display Frame 0
320.0123 	EXP 	Display Frame 1
320.1374 	EXP 	Display Frame 0
320.2624 	EXP 	Display Frame 1
320.3872 	EXP 	Display Frame 0
320.5124 	EXP 	Display Frame 1
320.6373 	EXP 	Display Frame 0
320.7617 	DATA 	Keypress: t
320.7642 	EXP 	Display Frame 1
320.7660 	EXP 	Display Fixation
322.1825 	DATA 	Keypress: t
364.1039 	DATA 	Keypress: t
364.2318 	EXP 	Display Frame 1
364.3566 	EXP 	Display Frame 0
364.4819 	EXP 	Display Frame 1
364.6069 	EXP 	Display Frame 0
364.7317 	EXP 	Display Frame 1
364.8567 	EXP 	Display Frame 0
364.9819 	EXP 	Display Frame 1
365.1064 	EXP 	Display Frame 0
365.2318 	EXP 	Display Frame 1
365.3569 	EXP 	Display Frame 0
365.4818 	EXP 	Display Frame 1
365.6060 	DATA 	Keypress: t
365.6089 	EXP 	Display Frame 0
365.7316 	EXP 	Display Frame 1
365.8566 	EXP 	Display Frame 0
365.9827 	EXP 	Display Frame 1
366.1066 	EXP 	Display Frame 0
366.2316 	EXP 	Display Frame 1
366.3568 	EXP 	Display Frame 0
366.4816 	EXP 	Display Frame 1
366.6067 	EXP 	Display Frame 0
366.7317 	EXP 	Display Frame 1
366.8567 	EXP 	Display Frame 0
366.9818 	EXP 	Display Frame 1
367.1068 	EXP 	Display Frame 0
367.2317 	EXP 	Display Frame 1
367.3569 	EXP 	Display Frame 0
367.4817 	EXP 	Display Frame 1
367.6066 	EXP 	Display Frame 0
367.7318 	EXP 	Display Frame 1
367.8567 	EXP 	Display Frame 0
367.9816 	EXP 	Display Frame 1
368.1069 	EXP 	Display Frame 0
368.2317 	EXP 	Display Frame 1
368.3568 	EXP 	Display Frame 0
368.4818 	EXP 	Display Frame 1
368.6067 	EXP 	Display Frame 0
368.7317 	EXP 	Display Frame 1
368.8566 	EXP 	Display Frame 0
368.9816 	EXP 	Display Frame 1
369.1067 	EXP 	Display Frame 0
369.2317 	EXP 	Display Frame 1
369.3566 	EXP 	Display Frame 0
369.4817 	EXP 	Display Frame 1
369.6068 	EXP 	Display Frame 0
369.7317 	EXP 	Display Frame 1
369.8565 	EXP 	Display Frame 0
369.9814 	EXP 	Display Frame 1
370.1067 	EXP 	Display Frame 0
370.2317 	EXP 	Display Frame 1
370.3564 	EXP 	Display Frame 0
370.4820 	EXP 	Display Frame 1
370.6069 	EXP 	Display Frame 0
370.7315 	EXP 	Display Frame 1
370.8566 	EXP 	Display Frame 0
370.9818 	EXP 	Display Frame 1
371.1066 	EXP 	Display Frame 0
371.2318 	EXP 	Display Frame 1
371.3563 	EXP 	Display Frame 0
371.4818 	EXP 	Display Frame 1
371.6066 	EXP 	Display Frame 0
371.7316 	EXP 	Display Frame 1
371.8568 	EXP 	Display Frame 0
371.9816 	EXP 	Display Frame 1
372.1069 	EXP 	Display Frame 0
372.2317 	EXP 	Display Frame 1
372.3566 	EXP 	Display Frame 0
372.4818 	EXP 	Display Frame 1
372.6067 	EXP 	Display Frame 0
372.7319 	EXP 	Display Frame 1
372.8568 	EXP 	Display Frame 0
372.9817 	EXP 	Display Frame 1
373.1068 	EXP 	Display Frame 0
373.2321 	EXP 	Display Frame 1
373.3565 	EXP 	Display Frame 0
373.4815 	EXP 	Display Frame 1
373.6067 	EXP 	Display Frame 0
373.7317 	EXP 	Display Frame 1
373.8566 	EXP 	Display Frame 0
373.9816 	EXP 	Display Frame 1
374.1067 	EXP 	Display Frame 0
374.2316 	EXP 	Display Frame 1
374.3569 	EXP 	Display Frame 0
374.4819 	EXP 	Display Frame 1
374.6063 	EXP 	Display Frame 0
374.7314 	EXP 	Display Frame 1
374.8566 	EXP 	Display Frame 0
374.9817 	EXP 	Display Frame 1
375.1066 	EXP 	Display Frame 0
375.2318 	EXP 	Display Frame 1
375.3568 	EXP 	Display Frame 0
375.4816 	EXP 	Display Frame 1
375.6069 	EXP 	Display Frame 0
375.7317 	EXP 	Display Frame 1
375.8567 	EXP 	Display Frame 0
375.9818 	EXP 	Display Frame 1
376.1067 	EXP 	Display Frame 0
376.2317 	EXP 	Display Frame 1
376.3568 	EXP 	Display Frame 0
376.4819 	EXP 	Display Frame 1
376.6067 	EXP 	Display Frame 0
376.7318 	EXP 	Display Frame 1
376.8563 	EXP 	Display Frame 0
376.9824 	EXP 	Display Frame 1
377.1066 	EXP 	Display Frame 0
377.2316 	EXP 	Display Frame 1
377.3568 	EXP 	Display Frame 0
377.4818 	EXP 	Display Frame 1
377.6069 	EXP 	Display Frame 0
377.7317 	EXP 	Display Frame 1
377.8567 	EXP 	Display Frame 0
377.9818 	EXP 	Display Frame 1
378.1068 	EXP 	Display Frame 0
378.2317 	EXP 	Display Frame 1
378.3569 	EXP 	Display Frame 0
378.4819 	EXP 	Display Frame 1
378.6068 	EXP 	Display Frame 0
378.7318 	EXP 	Display Frame 1
378.8569 	EXP 	Display Frame 0
378.9817 	EXP 	Display Frame 1
379.1066 	EXP 	Display Frame 0
379.2317 	EXP 	Display Frame 1
379.3568 	EXP 	Display Frame 0
379.4820 	EXP 	Display Frame 1
379.6069 	EXP 	Display Frame 0
379.7317 	EXP 	Display Frame 1
379.8567 	EXP 	Display Frame 0
379.9818 	EXP 	Display Frame 1
380.1067 	EXP 	Display Frame 0
380.2316 	EXP 	Display Frame 1
380.3569 	EXP 	Display Frame 0
380.4818 	EXP 	Display Frame 1
380.6067 	EXP 	Display Frame 0
380.7318 	EXP 	Display Frame 1
380.8568 	EXP 	Display Frame 0
380.9818 	EXP 	Display Frame 1
381.1068 	EXP 	Display Frame 0
381.2317 	EXP 	Display Frame 1
381.3567 	EXP 	Display Frame 0
381.4817 	EXP 	Display Frame 1
381.6067 	EXP 	Display Frame 0
381.7318 	EXP 	Display Frame 1
381.8566 	EXP 	Display Frame 0
381.9819 	EXP 	Display Frame 1
382.1066 	EXP 	Display Frame 0
382.2318 	EXP 	Display Frame 1
382.3562 	EXP 	Display Frame 0
382.4824 	EXP 	Display Frame 1
382.6064 	EXP 	Display Frame 0
382.7316 	EXP 	Display Frame 1
382.8567 	EXP 	Display Frame 0
382.9816 	EXP 	Display Frame 1
383.1067 	EXP 	Display Frame 0
383.2320 	EXP 	Display Frame 1
383.3563 	EXP 	Display Frame 0
383.4817 	EXP 	Display Frame 1
383.6067 	EXP 	Display Frame 0
383.7317 	EXP 	Display Frame 1
383.8568 	EXP 	Display Frame 0
383.9819 	EXP 	Display Frame 1
384.1066 	EXP 	Display Frame 0
384.2318 	EXP 	Display Frame 1
384.3568 	EXP 	Display Frame 0
384.4818 	EXP 	Display Frame 1
384.6066 	EXP 	Display Frame 0
384.7318 	EXP 	Display Frame 1
384.8568 	EXP 	Display Frame 0
384.9818 	EXP 	Display Frame 1
385.1067 	EXP 	Display Frame 0
385.2317 	EXP 	Display Frame 1
385.3569 	EXP 	Display Frame 0
385.4816 	EXP 	Display Frame 1
385.6067 	EXP 	Display Frame 0
385.7317 	EXP 	Display Frame 1
385.8565 	EXP 	Display Frame 0
385.9819 	EXP 	Display Frame 1
386.1066 	EXP 	Display Frame 0
386.2319 	EXP 	Display Frame 1
386.3566 	EXP 	Display Frame 0
386.4817 	EXP 	Display Frame 1
386.6066 	EXP 	Display Frame 0
386.7318 	EXP 	Display Frame 1
386.8567 	EXP 	Display Frame 0
386.9820 	EXP 	Display Frame 1
387.1068 	EXP 	Display Frame 0
387.2317 	EXP 	Display Frame 1
387.3568 	EXP 	Display Frame 0
387.4822 	EXP 	Display Frame 1
387.6065 	EXP 	Display Frame 0
387.7315 	EXP 	Display Frame 1
387.8569 	EXP 	Display Frame 0
387.9816 	EXP 	Display Frame 1
388.1064 	EXP 	Display Frame 0
388.2316 	EXP 	Display Frame 1
388.3567 	EXP 	Display Frame 0
388.4817 	EXP 	Display Frame 1
388.6068 	EXP 	Display Frame 0
388.7317 	EXP 	Display Frame 1
388.8568 	EXP 	Display Frame 0
388.9816 	EXP 	Display Frame 1
389.1067 	EXP 	Display Frame 0
389.2318 	EXP 	Display Frame 1
389.3566 	EXP 	Display Frame 0
389.4819 	EXP 	Display Frame 1
389.6067 	EXP 	Display Frame 0
389.7316 	EXP 	Display Frame 1
389.8568 	EXP 	Display Frame 0
389.9819 	EXP 	Display Frame 1
390.1065 	EXP 	Display Frame 0
390.2315 	EXP 	Display Frame 1
390.3568 	EXP 	Display Frame 0
390.4818 	EXP 	Display Frame 1
390.6068 	EXP 	Display Frame 0
390.7316 	EXP 	Display Frame 1
390.8566 	EXP 	Display Frame 0
390.9819 	EXP 	Display Frame 1
391.1066 	EXP 	Display Frame 0
391.2315 	EXP 	Display Frame 1
391.3566 	EXP 	Display Frame 0
391.4820 	EXP 	Display Frame 1
391.6065 	EXP 	Display Frame 0
391.7314 	EXP 	Display Frame 1
391.8569 	EXP 	Display Frame 0
391.9817 	EXP 	Display Frame 1
392.1065 	EXP 	Display Frame 0
392.2318 	EXP 	Display Frame 1
392.3568 	EXP 	Display Frame 0
392.4818 	EXP 	Display Frame 1
392.6068 	EXP 	Display Frame 0
392.7317 	EXP 	Display Frame 1
392.8566 	EXP 	Display Frame 0
392.9818 	EXP 	Display Frame 1
393.1062 	EXP 	Display Frame 0
393.2319 	EXP 	Display Frame 1
393.3566 	EXP 	Display Frame 0
393.4821 	EXP 	Display Frame 1
393.6063 	EXP 	Display Frame 0
393.7317 	EXP 	Display Frame 1
393.8568 	EXP 	Display Frame 0
393.9817 	EXP 	Display Frame 1
394.1057 	EXP 	Display Frame 0
394.2318 	EXP 	Display Frame 1
394.3567 	EXP 	Display Frame 0
394.4818 	EXP 	Display Frame 1
394.6069 	EXP 	Display Frame 0
394.7317 	EXP 	Display Frame 1
394.8566 	EXP 	Display Frame 0
394.9818 	EXP 	Display Frame 1
395.1057 	EXP 	Display Frame 0
395.2318 	EXP 	Display Frame 1
395.3568 	EXP 	Display Frame 0
395.4819 	EXP 	Display Frame 1
395.6068 	EXP 	Display Frame 0
395.7318 	EXP 	Display Frame 1
395.8568 	EXP 	Display Frame 0
395.9818 	EXP 	Display Frame 1
396.1057 	EXP 	Display Frame 0
396.2318 	EXP 	Display Frame 1
396.3565 	EXP 	Display Frame 0
396.4817 	EXP 	Display Frame 1
396.6068 	EXP 	Display Frame 0
396.7317 	EXP 	Display Frame 1
396.8567 	EXP 	Display Frame 0
396.9819 	EXP 	Display Frame 1
397.1059 	EXP 	Display Frame 0
397.2317 	EXP 	Display Frame 1
397.3566 	EXP 	Display Frame 0
397.4818 	EXP 	Display Frame 1
397.6070 	EXP 	Display Frame 0
397.7316 	EXP 	Display Frame 1
397.8568 	EXP 	Display Frame 0
397.9816 	EXP 	Display Frame 1
398.1055 	EXP 	Display Frame 0
398.2318 	EXP 	Display Frame 1
398.3568 	EXP 	Display Frame 0
398.4818 	EXP 	Display Frame 1
398.6068 	EXP 	Display Frame 0
398.7317 	EXP 	Display Frame 1
398.8565 	EXP 	Display Frame 0
398.9824 	EXP 	Display Frame 1
399.1053 	EXP 	Display Frame 0
399.2317 	EXP 	Display Frame 1
399.3566 	EXP 	Display Frame 0
399.4817 	EXP 	Display Frame 1
399.6070 	EXP 	Display Frame 0
399.7318 	EXP 	Display Frame 1
399.8568 	EXP 	Display Frame 0
399.9814 	EXP 	Display Frame 1
400.1065 	EXP 	Display Frame 0
400.2318 	EXP 	Display Frame 1
400.3568 	EXP 	Display Frame 0
400.4860 	EXP 	Display Frame 1
400.6068 	EXP 	Display Frame 0
400.7318 	EXP 	Display Frame 1
400.8566 	EXP 	Display Frame 0
400.9816 	EXP 	Display Frame 1
401.1067 	EXP 	Display Frame 0
401.2318 	EXP 	Display Frame 1
401.3568 	EXP 	Display Frame 0
401.4818 	EXP 	Display Frame 1
401.6067 	EXP 	Display Frame 0
401.7318 	EXP 	Display Frame 1
401.8568 	EXP 	Display Frame 0
401.9820 	EXP 	Display Frame 1
402.1069 	EXP 	Display Frame 0
402.2317 	EXP 	Display Frame 1
402.3570 	EXP 	Display Frame 0
402.4819 	EXP 	Display Frame 1
402.6068 	EXP 	Display Frame 0
402.7316 	EXP 	Display Frame 1
402.8569 	EXP 	Display Frame 0
402.9817 	EXP 	Display Frame 1
403.1067 	EXP 	Display Frame 0
403.2318 	EXP 	Display Frame 1
403.3565 	EXP 	Display Frame 0
403.4815 	EXP 	Display Frame 1
403.6069 	EXP 	Display Frame 0
403.7317 	EXP 	Display Frame 1
403.8567 	EXP 	Display Frame 0
403.9816 	EXP 	Display Frame 1
404.1068 	EXP 	Display Frame 0
404.2315 	EXP 	Display Frame 1
404.3564 	EXP 	Display Frame 0
404.4825 	EXP 	Display Frame 1
404.6065 	EXP 	Display Frame 0
404.7314 	EXP 	Display Frame 1
404.8569 	EXP 	Display Frame 0
404.9818 	EXP 	Display Frame 1
405.1065 	EXP 	Display Frame 0
405.2316 	EXP 	Display Frame 1
405.3566 	EXP 	Display Frame 0
405.4818 	EXP 	Display Frame 1
405.6068 	EXP 	Display Frame 0
405.7317 	EXP 	Display Frame 1
405.8568 	EXP 	Display Frame 0
405.9820 	EXP 	Display Frame 1
406.1068 	EXP 	Display Frame 0
406.2317 	EXP 	Display Frame 1
406.3569 	EXP 	Display Frame 0
406.4818 	EXP 	Display Frame 1
406.6068 	EXP 	Display Frame 0
406.7316 	EXP 	Display Frame 1
406.8568 	EXP 	Display Frame 0
406.9816 	EXP 	Display Frame 1
407.1066 	EXP 	Display Frame 0
407.2318 	EXP 	Display Frame 1
407.3567 	EXP 	Display Frame 0
407.4809 	DATA 	Keypress: t
407.4834 	EXP 	Display Frame 1
407.4853 	EXP 	Display Fixation
408.9029 	DATA 	Keypress: t
450.8241 	DATA 	Keypress: t
450.9519 	EXP 	Display Frame 1
451.0768 	EXP 	Display Frame 0
451.2021 	EXP 	Display Frame 1
451.3272 	EXP 	Display Frame 0
451.4525 	EXP 	Display Frame 1
451.5768 	EXP 	Display Frame 0
451.7019 	EXP 	Display Frame 1
451.8271 	EXP 	Display Frame 0
451.9519 	EXP 	Display Frame 1
452.0772 	EXP 	Display Frame 0
452.2020 	EXP 	Display Frame 1
452.3264 	DATA 	Keypress: t
452.3293 	EXP 	Display Frame 0
452.4519 	EXP 	Display Frame 1
452.5768 	EXP 	Display Frame 0
452.7019 	EXP 	Display Frame 1
452.8272 	EXP 	Display Frame 0
452.9519 	EXP 	Display Frame 1
453.0771 	EXP 	Display Frame 0
453.2022 	EXP 	Display Frame 1
453.3273 	EXP 	Display Frame 0
453.4516 	EXP 	Display Frame 1
453.5770 	EXP 	Display Frame 0
453.7021 	EXP 	Display Frame 1
453.8299 	EXP 	Display Frame 0
453.9518 	EXP 	Display Frame 1
454.0768 	EXP 	Display Frame 0
454.2020 	EXP 	Display Frame 1
454.3269 	EXP 	Display Frame 0
454.4521 	EXP 	Display Frame 1
454.5771 	EXP 	Display Frame 0
454.7020 	EXP 	Display Frame 1
454.8271 	EXP 	Display Frame 0
454.9521 	EXP 	Display Frame 1
455.0769 	EXP 	Display Frame 0
455.2021 	EXP 	Display Frame 1
455.3270 	EXP 	Display Frame 0
455.4519 	EXP 	Display Frame 1
455.5771 	EXP 	Display Frame 0
455.7021 	EXP 	Display Frame 1
455.8272 	EXP 	Display Frame 0
455.9520 	EXP 	Display Frame 1
456.0771 	EXP 	Display Frame 0
456.2019 	EXP 	Display Frame 1
456.3269 	EXP 	Display Frame 0
456.4521 	EXP 	Display Frame 1
456.5770 	EXP 	Display Frame 0
456.7022 	EXP 	Display Frame 1
456.8269 	EXP 	Display Frame 0
456.9518 	EXP 	Display Frame 1
457.0772 	EXP 	Display Frame 0
457.2022 	EXP 	Display Frame 1
457.3271 	EXP 	Display Frame 0
457.4518 	EXP 	Display Frame 1
457.5771 	EXP 	Display Frame 0
457.7020 	EXP 	Display Frame 1
457.8268 	EXP 	Display Frame 0
457.9519 	EXP 	Display Frame 1
458.0771 	EXP 	Display Frame 0
458.2022 	EXP 	Display Frame 1
458.3269 	EXP 	Display Frame 0
458.4519 	EXP 	Display Frame 1
458.5771 	EXP 	Display Frame 0
458.7021 	EXP 	Display Frame 1
458.8271 	EXP 	Display Frame 0
458.9520 	EXP 	Display Frame 1
459.0771 	EXP 	Display Frame 0
459.2020 	EXP 	Display Frame 1
459.3265 	EXP 	Display Frame 0
459.4523 	EXP 	Display Frame 1
459.5769 	EXP 	Display Frame 0
459.7024 	EXP 	Display Frame 1
459.8270 	EXP 	Display Frame 0
459.9519 	EXP 	Display Frame 1
460.0768 	EXP 	Display Frame 0
460.2017 	EXP 	Display Frame 1
460.3269 	EXP 	Display Frame 0
460.4519 	EXP 	Display Frame 1
460.5771 	EXP 	Display Frame 0
460.7018 	EXP 	Display Frame 1
460.8274 	EXP 	Display Frame 0
460.9518 	EXP 	Display Frame 1
461.0767 	EXP 	Display Frame 0
461.2021 	EXP 	Display Frame 1
461.3270 	EXP 	Display Frame 0
461.4517 	EXP 	Display Frame 1
461.5770 	EXP 	Display Frame 0
461.7021 	EXP 	Display Frame 1
461.8267 	EXP 	Display Frame 0
461.9522 	EXP 	Display Frame 1
462.0782 	EXP 	Display Frame 0
462.2018 	EXP 	Display Frame 1
462.3269 	EXP 	Display Frame 0
462.4520 	EXP 	Display Frame 1
462.5770 	EXP 	Display Frame 0
462.7019 	EXP 	Display Frame 1
462.8270 	EXP 	Display Frame 0
462.9516 	EXP 	Display Frame 1
463.0769 	EXP 	Display Frame 0
463.2021 	EXP 	Display Frame 1
463.3272 	EXP 	Display Frame 0
463.4517 	EXP 	Display Frame 1
463.5769 	EXP 	Display Frame 0
463.7020 	EXP 	Display Frame 1
463.8269 	EXP 	Display Frame 0
463.9521 	EXP 	Display Frame 1
464.0770 	EXP 	Display Frame 0
464.2020 	EXP 	Display Frame 1
464.3271 	EXP 	Display Frame 0
464.4520 	EXP 	Display Frame 1
464.5770 	EXP 	Display Frame 0
464.7022 	EXP 	Display Frame 1
464.8266 	EXP 	Display Frame 0
464.9522 	EXP 	Display Frame 1
465.0769 	EXP 	Display Frame 0
465.2019 	EXP 	Display Frame 1
465.3266 	EXP 	Display Frame 0
465.4519 	EXP 	Display Frame 1
465.5770 	EXP 	Display Frame 0
465.7022 	EXP 	Display Frame 1
465.8267 	EXP 	Display Frame 0
465.9516 	EXP 	Display Frame 1
466.0768 	EXP 	Display Frame 0
466.2017 	EXP 	Display Frame 1
466.3271 	EXP 	Display Frame 0
466.4521 	EXP 	Display Frame 1
466.5769 	EXP 	Display Frame 0
466.7020 	EXP 	Display Frame 1
466.8270 	EXP 	Display Frame 0
466.9520 	EXP 	Display Frame 1
467.0771 	EXP 	Display Frame 0
467.2020 	EXP 	Display Frame 1
467.3269 	EXP 	Display Frame 0
467.4522 	EXP 	Display Frame 1
467.5770 	EXP 	Display Frame 0
467.7020 	EXP 	Display Frame 1
467.8271 	EXP 	Display Frame 0
467.9516 	EXP 	Display Frame 1
468.0770 	EXP 	Display Frame 0
468.2019 	EXP 	Display Frame 1
468.3270 	EXP 	Display Frame 0
468.4518 	EXP 	Display Frame 1
468.5768 	EXP 	Display Frame 0
468.7020 	EXP 	Display Frame 1
468.8266 	EXP 	Display Frame 0
468.9517 	EXP 	Display Frame 1
469.0770 	EXP 	Display Frame 0
469.2019 	EXP 	Display Frame 1
469.3265 	EXP 	Display Frame 0
469.4522 	EXP 	Display Frame 1
469.5770 	EXP 	Display Frame 0
469.7022 	EXP 	Display Frame 1
469.8267 	EXP 	Display Frame 0
469.9520 	EXP 	Display Frame 1
470.0770 	EXP 	Display Frame 0
470.2020 	EXP 	Display Frame 1
470.3266 	EXP 	Display Frame 0
470.4525 	EXP 	Display Frame 1
470.5769 	EXP 	Display Frame 0
470.7019 	EXP 	Display Frame 1
470.8271 	EXP 	Display Frame 0
470.9520 	EXP 	Display Frame 1
471.0771 	EXP 	Display Frame 0
471.2021 	EXP 	Display Frame 1
471.3270 	EXP 	Display Frame 0
471.4523 	EXP 	Display Frame 1
471.5768 	EXP 	Display Frame 0
471.7017 	EXP 	Display Frame 1
471.8271 	EXP 	Display Frame 0
471.9512 	EXP 	Display Frame 1
472.0769 	EXP 	Display Frame 0
472.2022 	EXP 	Display Frame 1
472.3270 	EXP 	Display Frame 0
472.4511 	EXP 	Display Frame 1
472.5771 	EXP 	Display Frame 0
472.7020 	EXP 	Display Frame 1
472.8270 	EXP 	Display Frame 0
472.9522 	EXP 	Display Frame 1
473.0770 	EXP 	Display Frame 0
473.2020 	EXP 	Display Frame 1
473.3272 	EXP 	Display Frame 0
473.4519 	EXP 	Display Frame 1
473.5768 	EXP 	Display Frame 0
473.7020 	EXP 	Display Frame 1
473.8271 	EXP 	Display Frame 0
473.9521 	EXP 	Display Frame 1
474.0770 	EXP 	Display Frame 0
474.2020 	EXP 	Display Frame 1
474.3270 	EXP 	Display Frame 0
474.4520 	EXP 	Display Frame 1
474.5771 	EXP 	Display Frame 0
474.7021 	EXP 	Display Frame 1
474.8269 	EXP 	Display Frame 0
474.9521 	EXP 	Display Frame 1
475.0770 	EXP 	Display Frame 0
475.2020 	EXP 	Display Frame 1
475.3272 	EXP 	Display Frame 0
475.4520 	EXP 	Display Frame 1
475.5770 	EXP 	Display Frame 0
475.7021 	EXP 	Display Frame 1
475.8267 	EXP 	Display Frame 0
475.9527 	EXP 	Display Frame 1
476.0769 	EXP 	Display Frame 0
476.2018 	EXP 	Display Frame 1
476.3271 	EXP 	Display Frame 0
476.4518 	EXP 	Display Frame 1
476.5771 	EXP 	Display Frame 0
476.7022 	EXP 	Display Frame 1
476.8270 	EXP 	Display Frame 0
476.9518 	EXP 	Display Frame 1
477.0770 	EXP 	Display Frame 0
477.2019 	EXP 	Display Frame 1
477.3264 	EXP 	Display Frame 0
477.4516 	EXP 	Display Frame 1
477.5772 	EXP 	Display Frame 0
477.7015 	EXP 	Display Frame 1
477.8268 	EXP 	Display Frame 0
477.9519 	EXP 	Display Frame 1
478.0769 	EXP 	Display Frame 0
478.2020 	EXP 	Display Frame 1
478.3270 	EXP 	Display Frame 0
478.4520 	EXP 	Display Frame 1
478.5770 	EXP 	Display Frame 0
478.7021 	EXP 	Display Frame 1
478.8269 	EXP 	Display Frame 0
478.9520 	EXP 	Display Frame 1
479.0770 	EXP 	Display Frame 0
479.2018 	EXP 	Display Frame 1
479.3269 	EXP 	Display Frame 0
479.4520 	EXP 	Display Frame 1
479.5769 	EXP 	Display Frame 0
479.7023 	EXP 	Display Frame 1
479.8268 	EXP 	Display Frame 0
479.9518 	EXP 	Display Frame 1
480.0769 	EXP 	Display Frame 0
480.2019 	EXP 	Display Frame 1
480.3267 	EXP 	Display Frame 0
480.4520 	EXP 	Display Frame 1
480.5770 	EXP 	Display Frame 0
480.7020 	EXP 	Display Frame 1
480.8269 	EXP 	Display Frame 0
480.9520 	EXP 	Display Frame 1
481.0770 	EXP 	Display Frame 0
481.2018 	EXP 	Display Frame 1
481.3266 	EXP 	Display Frame 0
481.4528 	EXP 	Display Frame 1
481.5767 	EXP 	Display Frame 0
481.7019 	EXP 	Display Frame 1
481.8271 	EXP 	Display Frame 0
481.9520 	EXP 	Display Frame 1
482.0771 	EXP 	Display Frame 0
482.2020 	EXP 	Display Frame 1
482.3269 	EXP 	Display Frame 0
482.4520 	EXP 	Display Frame 1
482.5770 	EXP 	Display Frame 0
482.7020 	EXP 	Display Frame 1
482.8270 	EXP 	Display Frame 0
482.9521 	EXP 	Display Frame 1
483.0770 	EXP 	Display Frame 0
483.2018 	EXP 	Display Frame 1
483.3270 	EXP 	Display Frame 0
483.4518 	EXP 	Display Frame 1
483.5770 	EXP 	Display Frame 0
483.7021 	EXP 	Display Frame 1
483.8279 	EXP 	Display Frame 0
483.9520 	EXP 	Display Frame 1
484.0771 	EXP 	Display Frame 0
484.2019 	EXP 	Display Frame 1
484.3270 	EXP 	Display Frame 0
484.4519 	EXP 	Display Frame 1
484.5771 	EXP 	Display Frame 0
484.7019 	EXP 	Display Frame 1
484.8269 	EXP 	Display Frame 0
484.9521 	EXP 	Display Frame 1
485.0770 	EXP 	Display Frame 0
485.2019 	EXP 	Display Frame 1
485.3270 	EXP 	Display Frame 0
485.4522 	EXP 	Display Frame 1
485.5768 	EXP 	Display Frame 0
485.7020 	EXP 	Display Frame 1
485.8270 	EXP 	Display Frame 0
485.9518 	EXP 	Display Frame 1
486.0770 	EXP 	Display Frame 0
486.2019 	EXP 	Display Frame 1
486.3269 	EXP 	Display Frame 0
486.4517 	EXP 	Display Frame 1
486.5770 	EXP 	Display Frame 0
486.7019 	EXP 	Display Frame 1
486.8265 	EXP 	Display Frame 0
486.9526 	EXP 	Display Frame 1
487.0768 	EXP 	Display Frame 0
487.2018 	EXP 	Display Frame 1
487.3270 	EXP 	Display Frame 0
487.4520 	EXP 	Display Frame 1
487.5769 	EXP 	Display Frame 0
487.7021 	EXP 	Display Frame 1
487.8269 	EXP 	Display Frame 0
487.9517 	EXP 	Display Frame 1
488.0770 	EXP 	Display Frame 0
488.2020 	EXP 	Display Frame 1
488.3269 	EXP 	Display Frame 0
488.4520 	EXP 	Display Frame 1
488.5770 	EXP 	Display Frame 0
488.7020 	EXP 	Display Frame 1
488.8271 	EXP 	Display Frame 0
488.9520 	EXP 	Display Frame 1
489.0769 	EXP 	Display Frame 0
489.2009 	EXP 	Display Frame 1
489.3271 	EXP 	Display Frame 0
489.4523 	EXP 	Display Frame 1
489.5767 	EXP 	Display Frame 0
489.7022 	EXP 	Display Frame 1
489.8268 	EXP 	Display Frame 0
489.9519 	EXP 	Display Frame 1
490.0773 	EXP 	Display Frame 0
490.2008 	EXP 	Display Frame 1
490.3267 	EXP 	Display Frame 0
490.4519 	EXP 	Display Frame 1
490.5771 	EXP 	Display Frame 0
490.7021 	EXP 	Display Frame 1
490.8269 	EXP 	Display Frame 0
490.9520 	EXP 	Display Frame 1
491.0769 	EXP 	Display Frame 0
491.2011 	EXP 	Display Frame 1
491.3268 	EXP 	Display Frame 0
491.4517 	EXP 	Display Frame 1
491.5771 	EXP 	Display Frame 0
491.7022 	EXP 	Display Frame 1
491.8268 	EXP 	Display Frame 0
491.9519 	EXP 	Display Frame 1
492.0770 	EXP 	Display Frame 0
492.2008 	EXP 	Display Frame 1
492.3269 	EXP 	Display Frame 0
492.4518 	EXP 	Display Frame 1
492.5768 	EXP 	Display Frame 0
492.7019 	EXP 	Display Frame 1
492.8271 	EXP 	Display Frame 0
492.9520 	EXP 	Display Frame 1
493.0769 	EXP 	Display Frame 0
493.2007 	EXP 	Display Frame 1
493.3270 	EXP 	Display Frame 0
493.4526 	EXP 	Display Frame 1
493.5768 	EXP 	Display Frame 0
493.7018 	EXP 	Display Frame 1
493.8269 	EXP 	Display Frame 0
493.9520 	EXP 	Display Frame 1
494.0770 	EXP 	Display Frame 0
494.2012 	DATA 	Keypress: t
494.2032 	EXP 	Display Frame 1
494.2048 	EXP 	Display Fixation
495.6219 	DATA 	Keypress: t
537.5447 	DATA 	Keypress: t
537.6726 	EXP 	Display Frame 1
537.7973 	EXP 	Display Frame 0
537.9223 	EXP 	Display Frame 1
538.0475 	EXP 	Display Frame 0
538.1725 	EXP 	Display Frame 1
538.2976 	EXP 	Display Frame 0
538.4226 	EXP 	Display Frame 1
538.5475 	EXP 	Display Frame 0
538.6724 	EXP 	Display Frame 1
538.7977 	EXP 	Display Frame 0
538.9225 	EXP 	Display Frame 1
539.0466 	DATA 	Keypress: t
539.0493 	EXP 	Display Frame 0
539.1724 	EXP 	Display Frame 1
539.2973 	EXP 	Display Frame 0
539.4225 	EXP 	Display Frame 1
539.5476 	EXP 	Display Frame 0
539.6725 	EXP 	Display Frame 1
539.7975 	EXP 	Display Frame 0
539.9226 	EXP 	Display Frame 1
540.0477 	EXP 	Display Frame 0
540.1725 	EXP 	Display Frame 1
540.2974 	EXP 	Display Frame 0
540.4225 	EXP 	Display Frame 1
540.5475 	EXP 	Display Frame 0
540.6724 	EXP 	Display Frame 1
540.7977 	EXP 	Display Frame 0
540.9225 	EXP 	Display Frame 1
541.0477 	EXP 	Display Frame 0
541.1724 	EXP 	Display Frame 1
541.2976 	EXP 	Display Frame 0
541.4226 	EXP 	Display Frame 1
541.5474 	EXP 	Display Frame 0
541.6724 	EXP 	Display Frame 1
541.7977 	EXP 	Display Frame 0
541.9231 	EXP 	Display Frame 1
542.0473 	EXP 	Display Frame 0
542.1723 	EXP 	Display Frame 1
542.2976 	EXP 	Display Frame 0
542.4224 	EXP 	Display Frame 1
542.5476 	EXP 	Display Frame 0
542.6726 	EXP 	Display Frame 1
542.7975 	EXP 	Display Frame 0
542.9225 	EXP 	Display Frame 1
543.0476 	EXP 	Display Frame 0
543.1726 	EXP 	Display Frame 1
543.2975 	EXP 	Display Frame 0
543.4221 	EXP 	Display Frame 1
543.5477 	EXP 	Display Frame 0
543.6725 	EXP 	Display Frame 1
543.7975 	EXP 	Display Frame 0
543.9226 	EXP 	Display Frame 1
544.0476 	EXP 	Display Frame 0
544.1725 	EXP 	Display Frame 1
544.2977 	EXP 	Display Frame 0
544.4225 	EXP 	Display Frame 1
544.5475 	EXP 	Display Frame 0
544.6726 	EXP 	Display Frame 1
544.7977 	EXP 	Display Frame 0
544.9225 	EXP 	Display Frame 1
545.0477 	EXP 	Display Frame 0
545.1727 	EXP 	Display Frame 1
545.2981 	EXP 	Display Frame 0
545.4224 	EXP 	Display Frame 1
545.5474 	EXP 	Display Frame 0
545.6723 	EXP 	Display Frame 1
545.7972 	EXP 	Display Frame 0
545.9226 	EXP 	Display Frame 1
546.0476 	EXP 	Display Frame 0
546.1724 	EXP 	Display Frame 1
546.2977 	EXP 	Display Frame 0
546.4225 	EXP 	Display Frame 1
546.5476 	EXP 	Display Frame 0
546.6726 	EXP 	Display Frame 1
546.7978 	EXP 	Display Frame 0
546.9223 	EXP 	Display Frame 1
547.0474 	EXP 	Display Frame 0
547.1726 	EXP 	Display Frame 1
547.2973 	EXP 	Display Frame 0
547.4224 	EXP 	Display Frame 1
547.5473 	EXP 	Display Frame 0
547.6723 	EXP 	Display Frame 1
547.7975 	EXP 	Display Frame 0
547.9225 	EXP 	Display Frame 1
548.0476 	EXP 	Display Frame 0
548.1726 	EXP 	Display Frame 1
548.2975 	EXP 	Display Frame 0
548.4225 	EXP 	Display Frame 1
548.5474 	EXP 	Display Frame 0
548.6727 	EXP 	Display Frame 1
548.7976 	EXP 	Display Frame 0
548.9224 	EXP 	Display Frame 1
549.0477 	EXP 	Display Frame 0
549.1726 	EXP 	Display Frame 1
549.2974 	EXP 	Display Frame 0
549.4226 	EXP 	Display Frame 1
549.5476 	EXP 	Display Frame 0
549.6727 	EXP 	Display Frame 1
549.7974 	EXP 	Display Frame 0
549.9224 	EXP 	Display Frame 1
550.0475 	EXP 	Display Frame 0
550.1726 	EXP 	Display Frame 1
550.2977 	EXP 	Display Frame 0
550.4227 	EXP 	Display Frame 1
550.5479 	EXP 	Display Frame 0
550.6727 	EXP 	Display Frame 1
550.7976 	EXP 	Display Frame 0
550.9224 	EXP 	Display Frame 1
551.0477 	EXP 	Display Frame 0
551.1725 	EXP 	Display Frame 1
551.2974 	EXP 	Display Frame 0
551.4228 	EXP 	Display Frame 1
551.5472 	EXP 	Display Frame 0
551.6723 	EXP 	Display Frame 1
551.7977 	EXP 	Display Frame 0
551.9226 	EXP 	Display Frame 1
552.0475 	EXP 	Display Frame 0
552.1726 	EXP 	Display Frame 1
552.2975 	EXP 	Display Frame 0
552.4225 	EXP 	Display Frame 1
552.5475 	EXP 	Display Frame 0
552.6726 	EXP 	Display Frame 1
552.7975 	EXP 	Display Frame 0
552.9216 	EXP 	Display Frame 1
553.0474 	EXP 	Display Frame 0
553.1723 	EXP 	Display Frame 1
553.2975 	EXP 	Display Frame 0
553.4226 	EXP 	Display Frame 1
553.5481 	EXP 	Display Frame 0
553.6723 	EXP 	Display Frame 1
553.7974 	EXP 	Display Frame 0
553.9225 	EXP 	Display Frame 1
554.0474 	EXP 	Display Frame 0
554.1726 	EXP 	Display Frame 1
554.2981 	EXP 	Display Frame 0
554.4223 	EXP 	Display Frame 1
554.5475 	EXP 	Display Frame 0
554.6727 	EXP 	Display Frame 1
554.7976 	EXP 	Display Frame 0
554.9226 	EXP 	Display Frame 1
555.0476 	EXP 	Display Frame 0
555.1725 	EXP 	Display Frame 1
555.2977 	EXP 	Display Frame 0
555.4226 	EXP 	Display Frame 1
555.5475 	EXP 	Display Frame 0
555.6724 	EXP 	Display Frame 1
555.7977 	EXP 	Display Frame 0
555.9223 	EXP 	Display Frame 1
556.0471 	EXP 	Display Frame 0
556.1726 	EXP 	Display Frame 1
556.2979 	EXP 	Display Frame 0
556.4222 	EXP 	Display Frame 1
556.5474 	EXP 	Display Frame 0
556.6725 	EXP 	Display Frame 1
556.7974 	EXP 	Display Frame 0
556.9226 	EXP 	Display Frame 1
557.0478 	EXP 	Display Frame 0
557.1725 	EXP 	Display Frame 1
557.2979 	EXP 	Display Frame 0
557.4222 	EXP 	Display Frame 1
557.5473 	EXP 	Display Frame 0
557.6725 	EXP 	Display Frame 1
557.7977 	EXP 	Display Frame 0
557.9225 	EXP 	Display Frame 1
558.0474 	EXP 	Display Frame 0
558.1726 	EXP 	Display Frame 1
558.2973 	EXP 	Display Frame 0
558.4228 	EXP 	Display Frame 1
558.5474 	EXP 	Display Frame 0
558.6724 	EXP 	Display Frame 1
558.7974 	EXP 	Display Frame 0
558.9226 	EXP 	Display Frame 1
559.0475 	EXP 	Display Frame 0
559.1712 	EXP 	Display Frame 1
559.2976 	EXP 	Display Frame 0
559.4225 	EXP 	Display Frame 1
559.5476 	EXP 	Display Frame 0
559.6726 	EXP 	Display Frame 1
559.7975 	EXP 	Display Frame 0
559.9225 	EXP 	Display Frame 1
560.0474 	EXP 	Display Frame 0
560.1726 	EXP 	Display Frame 1
560.2976 	EXP 	Display Frame 0
560.4224 	EXP 	Display Frame 1
560.5476 	EXP 	Display Frame 0
560.6725 	EXP 	Display Frame 1
560.7974 	EXP 	Display Frame 0
560.9225 	EXP 	Display Frame 1
561.0476 	EXP 	Display Frame 0
561.1724 	EXP 	Display Frame 1
561.2976 	EXP 	Display Frame 0
561.4222 	EXP 	Display Frame 1
561.5475 	EXP 	Display Frame 0
561.6724 	EXP 	Display Frame 1
561.7975 	EXP 	Display Frame 0
561.9225 	EXP 	Display Frame 1
562.0476 	EXP 	Display Frame 0
562.1725 	EXP 	Display Frame 1
562.2976 	EXP 	Display Frame 0
562.4226 	EXP 	Display Frame 1
562.5475 	EXP 	Display Frame 0
562.6725 	EXP 	Display Frame 1
562.7974 	EXP 	Display Frame 0
562.9226 	EXP 	Display Frame 1
563.0476 	EXP 	Display Frame 0
563.1726 	EXP 	Display Frame 1
563.2977 	EXP 	Display Frame 0
563.4225 	EXP 	Display Frame 1
563.5478 	EXP 	Display Frame 0
563.6726 	EXP 	Display Frame 1
563.7976 	EXP 	Display Frame 0
563.9228 	EXP 	Display Frame 1
564.0474 	EXP 	Display Frame 0
564.1723 	EXP 	Display Frame 1
564.2975 	EXP 	Display Frame 0
564.4226 	EXP 	Display Frame 1
564.5476 	EXP 	Display Frame 0
564.6725 	EXP 	Display Frame 1
564.7976 	EXP 	Display Frame 0
564.9225 	EXP 	Display Frame 1
565.0476 	EXP 	Display Frame 0
565.1726 	EXP 	Display Frame 1
565.2975 	EXP 	Display Frame 0
565.4225 	EXP 	Display Frame 1
565.5477 	EXP 	Display Frame 0
565.6724 	EXP 	Display Frame 1
565.7976 	EXP 	Display Frame 0
565.9227 	EXP 	Display Frame 1
566.0477 	EXP 	Display Frame 0
566.1725 	EXP 	Display Frame 1
566.2974 	EXP 	Display Frame 0
566.4226 	EXP 	Display Frame 1
566.5476 	EXP 	Display Frame 0
566.6725 	EXP 	Display Frame 1
566.7980 	EXP 	Display Frame 0
566.9223 	EXP 	Display Frame 1
567.0473 	EXP 	Display Frame 0
567.1726 	EXP 	Display Frame 1
567.2974 	EXP 	Display Frame 0
567.4225 	EXP 	Display Frame 1
567.5474 	EXP 	Display Frame 0
567.6727 	EXP 	Display Frame 1
567.7973 	EXP 	Display Frame 0
567.9226 	EXP 	Display Frame 1
568.0476 	EXP 	Display Frame 0
568.1725 	EXP 	Display Frame 1
568.2976 	EXP 	Display Frame 0
568.4224 	EXP 	Display Frame 1
568.5475 	EXP 	Display Frame 0
568.6728 	EXP 	Display Frame 1
568.7977 	EXP 	Display Frame 0
568.9225 	EXP 	Display Frame 1
569.0475 	EXP 	Display Frame 0
569.1726 	EXP 	Display Frame 1
569.2976 	EXP 	Display Frame 0
569.4226 	EXP 	Display Frame 1
569.5474 	EXP 	Display Frame 0
569.6724 	EXP 	Display Frame 1
569.7975 	EXP 	Display Frame 0
569.9227 	EXP 	Display Frame 1
570.0476 	EXP 	Display Frame 0
570.1725 	EXP 	Display Frame 1
570.2975 	EXP 	Display Frame 0
570.4226 	EXP 	Display Frame 1
570.5476 	EXP 	Display Frame 0
570.6727 	EXP 	Display Frame 1
570.7976 	EXP 	Display Frame 0
570.9225 	EXP 	Display Frame 1
571.0478 	EXP 	Display Frame 0
571.1724 	EXP 	Display Frame 1
571.2973 	EXP 	Display Frame 0
571.4225 	EXP 	Display Frame 1
571.5477 	EXP 	Display Frame 0
571.6725 	EXP 	Display Frame 1
571.7975 	EXP 	Display Frame 0
571.9226 	EXP 	Display Frame 1
572.0475 	EXP 	Display Frame 0
572.1724 	EXP 	Display Frame 1
572.2977 	EXP 	Display Frame 0
572.4225 	EXP 	Display Frame 1
572.5474 	EXP 	Display Frame 0
572.6726 	EXP 	Display Frame 1
572.7976 	EXP 	Display Frame 0
572.9225 	EXP 	Display Frame 1
573.0476 	EXP 	Display Frame 0
573.1726 	EXP 	Display Frame 1
573.2975 	EXP 	Display Frame 0
573.4227 	EXP 	Display Frame 1
573.5480 	EXP 	Display Frame 0
573.6721 	EXP 	Display Frame 1
573.7973 	EXP 	Display Frame 0
573.9226 	EXP 	Display Frame 1
574.0476 	EXP 	Display Frame 0
574.1725 	EXP 	Display Frame 1
574.2976 	EXP 	Display Frame 0
574.4224 	EXP 	Display Frame 1
574.5476 	EXP 	Display Frame 0
574.6726 	EXP 	Display Frame 1
574.7977 	EXP 	Display Frame 0
574.9228 	EXP 	Display Frame 1
575.0472 	EXP 	Display Frame 0
575.1724 	EXP 	Display Frame 1
575.2974 	EXP 	Display Frame 0
575.4224 	EXP 	Display Frame 1
575.5477 	EXP 	Display Frame 0
575.6725 	EXP 	Display Frame 1
575.7978 	EXP 	Display Frame 0
575.9226 	EXP 	Display Frame 1
576.0476 	EXP 	Display Frame 0
576.1724 	EXP 	Display Frame 1
576.2975 	EXP 	Display Frame 0
576.4225 	EXP 	Display Frame 1
576.5475 	EXP 	Display Frame 0
576.6726 	EXP 	Display Frame 1
576.7976 	EXP 	Display Frame 0
576.9225 	EXP 	Display Frame 1
577.0477 	EXP 	Display Frame 0
577.1727 	EXP 	Display Frame 1
577.2975 	EXP 	Display Frame 0
577.4224 	EXP 	Display Frame 1
577.5474 	EXP 	Display Frame 0
577.6723 	EXP 	Display Frame 1
577.7973 	EXP 	Display Frame 0
577.9226 	EXP 	Display Frame 1
578.0475 	EXP 	Display Frame 0
578.1724 	EXP 	Display Frame 1
578.2976 	EXP 	Display Frame 0
578.4225 	EXP 	Display Frame 1
578.5475 	EXP 	Display Frame 0
578.6726 	EXP 	Display Frame 1
578.7976 	EXP 	Display Frame 0
578.9225 	EXP 	Display Frame 1
579.0477 	EXP 	Display Frame 0
579.1725 	EXP 	Display Frame 1
579.2975 	EXP 	Display Frame 0
579.4226 	EXP 	Display Frame 1
579.5477 	EXP 	Display Frame 0
579.6725 	EXP 	Display Frame 1
579.7974 	EXP 	Display Frame 0
579.9226 	EXP 	Display Frame 1
580.0476 	EXP 	Display Frame 0
580.1724 	EXP 	Display Frame 1
580.2977 	EXP 	Display Frame 0
580.4224 	EXP 	Display Frame 1
580.5479 	EXP 	Display Frame 0
580.6723 	EXP 	Display Frame 1
580.7973 	EXP 	Display Frame 0
580.9218 	DATA 	Keypress: t
580.9247 	EXP 	Display Frame 1
580.9353 	EXP 	Display Fixation
582.3425 	DATA 	Keypress: t
624.2639 	DATA 	Keypress: t
624.3912 	EXP 	Display Frame 1
624.5167 	EXP 	Display Frame 0
624.6416 	EXP 	Display Frame 1
624.7668 	EXP 	Display Frame 0
624.8917 	EXP 	Display Frame 1
625.0169 	EXP 	Display Frame 0
625.1417 	EXP 	Display Frame 1
625.2667 	EXP 	Display Frame 0
625.3919 	EXP 	Display Frame 1
625.5169 	EXP 	Display Frame 0
625.6419 	EXP 	Display Frame 1
625.7653 	DATA 	Keypress: t
625.7680 	EXP 	Display Frame 0
625.8915 	EXP 	Display Frame 1
626.0165 	EXP 	Display Frame 0
626.1418 	EXP 	Display Frame 1
626.2669 	EXP 	Display Frame 0
626.3916 	EXP 	Display Frame 1
626.5166 	EXP 	Display Frame 0
626.6418 	EXP 	Display Frame 1
626.7667 	EXP 	Display Frame 0
626.8918 	EXP 	Display Frame 1
627.0166 	EXP 	Display Frame 0
627.1415 	EXP 	Display Frame 1
627.2666 	EXP 	Display Frame 0
627.3919 	EXP 	Display Frame 1
627.5159 	EXP 	Display Frame 0
627.6421 	EXP 	Display Frame 1
627.7664 	EXP 	Display Frame 0
627.8916 	EXP 	Display Frame 1
628.0168 	EXP 	Display Frame 0
628.1418 	EXP 	Display Frame 1
628.2667 	EXP 	Display Frame 0
628.3918 	EXP 	Display Frame 1
628.5168 	EXP 	Display Frame 0
628.6419 	EXP 	Display Frame 1
628.7667 	EXP 	Display Frame 0
628.8916 	EXP 	Display Frame 1
629.0169 	EXP 	Display Frame 0
629.1418 	EXP 	Display Frame 1
629.2666 	EXP 	Display Frame 0
629.3918 	EXP 	Display Frame 1
629.5166 	EXP 	Display Frame 0
629.6419 	EXP 	Display Frame 1
629.7668 	EXP 	Display Frame 0
629.8918 	EXP 	Display Frame 1
630.0164 	EXP 	Display Frame 0
630.1416 	EXP 	Display Frame 1
630.2667 	EXP 	Display Frame 0
630.3916 	EXP 	Display Frame 1
630.5169 	EXP 	Display Frame 0
630.6418 	EXP 	Display Frame 1
630.7666 	EXP 	Display Frame 0
630.8916 	EXP 	Display Frame 1
631.0169 	EXP 	Display Frame 0
631.1417 	EXP 	Display Frame 1
631.2666 	EXP 	Display Frame 0
631.3918 	EXP 	Display Frame 1
631.5172 	EXP 	Display Frame 0
631.6413 	EXP 	Display Frame 1
631.7666 	EXP 	Display Frame 0
631.8917 	EXP 	Display Frame 1
632.0168 	EXP 	Display Frame 0
632.1418 	EXP 	Display Frame 1
632.2667 	EXP 	Display Frame 0
632.3916 	EXP 	Display Frame 1
632.5169 	EXP 	Display Frame 0
632.6418 	EXP 	Display Frame 1
632.7667 	EXP 	Display Frame 0
632.8916 	EXP 	Display Frame 1
633.0167 	EXP 	Display Frame 0
633.1417 	EXP 	Display Frame 1
633.2668 	EXP 	Display Frame 0
633.3917 	EXP 	Display Frame 1
633.5168 	EXP 	Display Frame 0
633.6418 	EXP 	Display Frame 1
633.7664 	EXP 	Display Frame 0
633.8915 	EXP 	Display Frame 1
634.0166 	EXP 	Display Frame 0
634.1417 	EXP 	Display Frame 1
634.2665 	EXP 	Display Frame 0
634.3916 	EXP 	Display Frame 1
634.5168 	EXP 	Display Frame 0
634.6417 	EXP 	Display Frame 1
634.7666 	EXP 	Display Frame 0
634.8919 	EXP 	Display Frame 1
635.0166 	EXP 	Display Frame 0
635.1417 	EXP 	Display Frame 1
635.2668 	EXP 	Display Frame 0
635.3917 	EXP 	Display Frame 1
635.5163 	EXP 	Display Frame 0
635.6414 	EXP 	Display Frame 1
635.7667 	EXP 	Display Frame 0
635.8917 	EXP 	Display Frame 1
636.0167 	EXP 	Display Frame 0
636.1418 	EXP 	Display Frame 1
636.2667 	EXP 	Display Frame 0
636.3916 	EXP 	Display Frame 1
636.5168 	EXP 	Display Frame 0
636.6417 	EXP 	Display Frame 1
636.7666 	EXP 	Display Frame 0
636.8917 	EXP 	Display Frame 1
637.0167 	EXP 	Display Frame 0
637.1416 	EXP 	Display Frame 1
637.2668 	EXP 	Display Frame 0
637.3917 	EXP 	Display Frame 1
637.5166 	EXP 	Display Frame 0
637.6420 	EXP 	Display Frame 1
637.7665 	EXP 	Display Frame 0
637.8915 	EXP 	Display Frame 1
638.0169 	EXP 	Display Frame 0
638.1417 	EXP 	Display Frame 1
638.2667 	EXP 	Display Frame 0
638.3916 	EXP 	Display Frame 1
638.5166 	EXP 	Display Frame 0
638.6417 	EXP 	Display Frame 1
638.7668 	EXP 	Display Frame 0
638.8918 	EXP 	Display Frame 1
639.0168 	EXP 	Display Frame 0
639.1419 	EXP 	Display Frame 1
639.2668 	EXP 	Display Frame 0
639.3918 	EXP 	Display Frame 1
639.5168 	EXP 	Display Frame 0
639.6418 	EXP 	Display Frame 1
639.7667 	EXP 	Display Frame 0
639.8916 	EXP 	Display Frame 1
640.0168 	EXP 	Display Frame 0
640.1417 	EXP 	Display Frame 1
640.2663 	EXP 	Display Frame 0
640.3918 	EXP 	Display Frame 1
640.5164 	EXP 	Display Frame 0
640.6418 	EXP 	Display Frame 1
640.7666 	EXP 	Display Frame 0
640.8907 	EXP 	Display Frame 1
641.0165 	EXP 	Display Frame 0
641.1417 	EXP 	Display Frame 1
641.2667 	EXP 	Display Frame 0
641.3917 	EXP 	Display Frame 1
641.5168 	EXP 	Display Frame 0
641.6418 	EXP 	Display Frame 1
641.7666 	EXP 	Display Frame 0
641.8920 	EXP 	Display Frame 1
642.0167 	EXP 	Display Frame 0
642.1419 	EXP 	Display Frame 1
642.2669 	EXP 	Display Frame 0
642.3919 	EXP 	Display Frame 1
642.5169 	EXP 	Display Frame 0
642.6418 	EXP 	Display Frame 1
642.7668 	EXP 	Display Frame 0
642.8917 	EXP 	Display Frame 1
643.0167 	EXP 	Display Frame 0
643.1418 	EXP 	Display Frame 1
643.2666 	EXP 	Display Frame 0
643.3918 	EXP 	Display Frame 1
643.5167 	EXP 	Display Frame 0
643.6418 	EXP 	Display Frame 1
643.7665 	EXP 	Display Frame 0
643.8914 	EXP 	Display Frame 1
644.0168 	EXP 	Display Frame 0
644.1417 	EXP 	Display Frame 1
644.2664 	EXP 	Display Frame 0
644.3914 	EXP 	Display Frame 1
644.5165 	EXP 	Display Frame 0
644.6416 	EXP 	Display Frame 1
644.7666 	EXP 	Display Frame 0
644.8915 	EXP 	Display Frame 1
645.0168 	EXP 	Display Frame 0
645.1418 	EXP 	Display Frame 1
645.2667 	EXP 	Display Frame 0
645.3916 	EXP 	Display Frame 1
645.5169 	EXP 	Display Frame 0
645.6418 	EXP 	Display Frame 1
645.7667 	EXP 	Display Frame 0
645.8918 	EXP 	Display Frame 1
646.0168 	EXP 	Display Frame 0
646.1417 	EXP 	Display Frame 1
646.2669 	EXP 	Display Frame 0
646.3916 	EXP 	Display Frame 1
646.5165 	EXP 	Display Frame 0
646.6417 	EXP 	Display Frame 1
646.7668 	EXP 	Display Frame 0
646.8917 	EXP 	Display Frame 1
647.0170 	EXP 	Display Frame 0
647.1419 	EXP 	Display Frame 1
647.2667 	EXP 	Display Frame 0
647.3916 	EXP 	Display Frame 1
647.5169 	EXP 	Display Frame 0
647.6419 	EXP 	Display Frame 1
647.7666 	EXP 	Display Frame 0
647.8918 	EXP 	Display Frame 1
648.0169 	EXP 	Display Frame 0
648.1417 	EXP 	Display Frame 1
648.2666 	EXP 	Display Frame 0
648.3917 	EXP 	Display Frame 1
648.5165 	EXP 	Display Frame 0
648.6416 	EXP 	Display Frame 1
648.7666 	EXP 	Display Frame 0
648.8918 	EXP 	Display Frame 1
649.0167 	EXP 	Display Frame 0
649.1421 	EXP 	Display Frame 1
649.2669 	EXP 	Display Frame 0
649.3914 	EXP 	Display Frame 1
649.5167 	EXP 	Display Frame 0
649.6412 	EXP 	Display Frame 1
649.7666 	EXP 	Display Frame 0
649.8920 	EXP 	Display Frame 1
650.0167 	EXP 	Display Frame 0
650.1418 	EXP 	Display Frame 1
650.2668 	EXP 	Display Frame 0
650.3919 	EXP 	Display Frame 1
650.5167 	EXP 	Display Frame 0
650.6416 	EXP 	Display Frame 1
650.7668 	EXP 	Display Frame 0
650.8919 	EXP 	Display Frame 1
651.0166 	EXP 	Display Frame 0
651.1419 	EXP 	Display Frame 1
651.2667 	EXP 	Display Frame 0
651.3917 	EXP 	Display Frame 1
651.5170 	EXP 	Display Frame 0
651.6418 	EXP 	Display Frame 1
651.7663 	EXP 	Display Frame 0
651.8918 	EXP 	Display Frame 1
652.0165 	EXP 	Display Frame 0
652.1415 	EXP 	Display Frame 1
652.2668 	EXP 	Display Frame 0
652.3917 	EXP 	Display Frame 1
652.5168 	EXP 	Display Frame 0
652.6417 	EXP 	Display Frame 1
652.7667 	EXP 	Display Frame 0
652.8916 	EXP 	Display Frame 1
653.0166 	EXP 	Display Frame 0
653.1418 	EXP 	Display Frame 1
653.2666 	EXP 	Display Frame 0
653.3916 	EXP 	Display Frame 1
653.5168 	EXP 	Display Frame 0
653.6417 	EXP 	Display Frame 1
653.7665 	EXP 	Display Frame 0
653.8916 	EXP 	Display Frame 1
654.0167 	EXP 	Display Frame 0
654.1416 	EXP 	Display Frame 1
654.2666 	EXP 	Display Frame 0
654.3915 	EXP 	Display Frame 1
654.5168 	EXP 	Display Frame 0
654.6418 	EXP 	Display Frame 1
654.7667 	EXP 	Display Frame 0
654.8916 	EXP 	Display Frame 1
655.0168 	EXP 	Display Frame 0
655.1418 	EXP 	Display Frame 1
655.2667 	EXP 	Display Frame 0
655.3916 	EXP 	Display Frame 1
655.5169 	EXP 	Display Frame 0
655.6416 	EXP 	Display Frame 1
655.7666 	EXP 	Display Frame 0
655.8917 	EXP 	Display Frame 1
656.0167 	EXP 	Display Frame 0
656.1416 	EXP 	Display Frame 1
656.2668 	EXP 	Display Frame 0
656.3917 	EXP 	Display Frame 1
656.5168 	EXP 	Display Frame 0
656.6418 	EXP 	Display Frame 1
656.7667 	EXP 	Display Frame 0
656.8916 	EXP 	Display Frame 1
657.0168 	EXP 	Display Frame 0
657.1417 	EXP 	Display Frame 1
657.2666 	EXP 	Display Frame 0
657.3917 	EXP 	Display Frame 1
657.5166 	EXP 	Display Frame 0
657.6415 	EXP 	Display Frame 1
657.7666 	EXP 	Display Frame 0
657.8916 	EXP 	Display Frame 1
658.0167 	EXP 	Display Frame 0
658.1419 	EXP 	Display Frame 1
658.2668 	EXP 	Display Frame 0
658.3917 	EXP 	Display Frame 1
658.5169 	EXP 	Display Frame 0
658.6418 	EXP 	Display Frame 1
658.7666 	EXP 	Display Frame 0
658.8916 	EXP 	Display Frame 1
659.0167 	EXP 	Display Frame 0
659.1418 	EXP 	Display Frame 1
659.2668 	EXP 	Display Frame 0
659.3917 	EXP 	Display Frame 1
659.5168 	EXP 	Display Frame 0
659.6416 	EXP 	Display Frame 1
659.7669 	EXP 	Display Frame 0
659.8917 	EXP 	Display Frame 1
660.0166 	EXP 	Display Frame 0
660.1418 	EXP 	Display Frame 1
660.2667 	EXP 	Display Frame 0
660.3916 	EXP 	Display Frame 1
660.5168 	EXP 	Display Frame 0
660.6418 	EXP 	Display Frame 1
660.7667 	EXP 	Display Frame 0
660.8918 	EXP 	Display Frame 1
661.0169 	EXP 	Display Frame 0
661.1418 	EXP 	Display Frame 1
661.2669 	EXP 	Display Frame 0
661.3918 	EXP 	Display Frame 1
661.5167 	EXP 	Display Frame 0
661.6413 	EXP 	Display Frame 1
661.7668 	EXP 	Display Frame 0
661.8917 	EXP 	Display Frame 1
662.0168 	EXP 	Display Frame 0
662.1419 	EXP 	Display Frame 1
662.2667 	EXP 	Display Frame 0
662.3917 	EXP 	Display Frame 1
662.5169 	EXP 	Display Frame 0
662.6419 	EXP 	Display Frame 1
662.7667 	EXP 	Display Frame 0
662.8918 	EXP 	Display Frame 1
663.0166 	EXP 	Display Frame 0
663.1415 	EXP 	Display Frame 1
663.2666 	EXP 	Display Frame 0
663.3917 	EXP 	Display Frame 1
663.5165 	EXP 	Display Frame 0
663.6419 	EXP 	Display Frame 1
663.7666 	EXP 	Display Frame 0
663.8917 	EXP 	Display Frame 1
664.0170 	EXP 	Display Frame 0
664.1420 	EXP 	Display Frame 1
664.2666 	EXP 	Display Frame 0
664.3917 	EXP 	Display Frame 1
664.5169 	EXP 	Display Frame 0
664.6418 	EXP 	Display Frame 1
664.7668 	EXP 	Display Frame 0
664.8918 	EXP 	Display Frame 1
665.0169 	EXP 	Display Frame 0
665.1418 	EXP 	Display Frame 1
665.2668 	EXP 	Display Frame 0
665.3918 	EXP 	Display Frame 1
665.5167 	EXP 	Display Frame 0
665.6416 	EXP 	Display Frame 1
665.7668 	EXP 	Display Frame 0
665.8915 	EXP 	Display Frame 1
666.0167 	EXP 	Display Frame 0
666.1419 	EXP 	Display Frame 1
666.2668 	EXP 	Display Frame 0
666.3916 	EXP 	Display Frame 1
666.5169 	EXP 	Display Frame 0
666.6416 	EXP 	Display Frame 1
666.7666 	EXP 	Display Frame 0
666.8918 	EXP 	Display Frame 1
667.0168 	EXP 	Display Frame 0
667.1416 	EXP 	Display Frame 1
667.2668 	EXP 	Display Frame 0
667.3916 	EXP 	Display Frame 1
667.5166 	EXP 	Display Frame 0
667.6412 	DATA 	Keypress: t
667.6437 	EXP 	Display Frame 1
667.6454 	EXP 	Display Fixation
669.0619 	DATA 	Keypress: t
710.9842 	DATA 	Keypress: t
711.1121 	EXP 	Display Frame 1
711.2368 	EXP 	Display Frame 0
711.3619 	EXP 	Display Frame 1
711.4869 	EXP 	Display Frame 0
711.6120 	EXP 	Display Frame 1
711.7370 	EXP 	Display Frame 0
711.8620 	EXP 	Display Frame 1
711.9871 	EXP 	Display Frame 0
712.1121 	EXP 	Display Frame 1
712.2372 	EXP 	Display Frame 0
712.3622 	EXP 	Display Frame 1
712.4857 	DATA 	Keypress: t
712.4883 	EXP 	Display Frame 0
712.6118 	EXP 	Display Frame 1
712.7372 	EXP 	Display Frame 0
712.8619 	EXP 	Display Frame 1
712.9869 	EXP 	Display Frame 0
713.1120 	EXP 	Display Frame 1
713.2372 	EXP 	Display Frame 0
713.3620 	EXP 	Display Frame 1
713.4871 	EXP 	Display Frame 0
713.6121 	EXP 	Display Frame 1
713.7367 	EXP 	Display Frame 0
713.8622 	EXP 	Display Frame 1
713.9870 	EXP 	Display Frame 0
714.1121 	EXP 	Display Frame 1
714.2371 	EXP 	Display Frame 0
714.3621 	EXP 	Display Frame 1
714.4872 	EXP 	Display Frame 0
714.6120 	EXP 	Display Frame 1
714.7372 	EXP 	Display Frame 0
714.8621 	EXP 	Display Frame 1
714.9872 	EXP 	Display Frame 0
715.1122 	EXP 	Display Frame 1
715.2372 	EXP 	Display Frame 0
715.3621 	EXP 	Display Frame 1
715.4873 	EXP 	Display Frame 0
715.6121 	EXP 	Display Frame 1
715.7371 	EXP 	Display Frame 0
715.8620 	EXP 	Display Frame 1
715.9871 	EXP 	Display Frame 0
716.1121 	EXP 	Display Frame 1
716.2371 	EXP 	Display Frame 0
716.3621 	EXP 	Display Frame 1
716.4872 	EXP 	Display Frame 0
716.6121 	EXP 	Display Frame 1
716.7372 	EXP 	Display Frame 0
716.8621 	EXP 	Display Frame 1
716.9870 	EXP 	Display Frame 0
717.1122 	EXP 	Display Frame 1
717.2372 	EXP 	Display Frame 0
717.3620 	EXP 	Display Frame 1
717.4869 	EXP 	Display Frame 0
717.6122 	EXP 	Display Frame 1
717.7369 	EXP 	Display Frame 0
717.8618 	EXP 	Display Frame 1
717.9869 	EXP 	Display Frame 0
718.1119 	EXP 	Display Frame 1
718.2371 	EXP 	Display Frame 0
718.3621 	EXP 	Display Frame 1
718.4869 	EXP 	Display Frame 0
718.6119 	EXP 	Display Frame 1
718.7369 	EXP 	Display Frame 0
718.8619 	EXP 	Display Frame 1
718.9871 	EXP 	Display Frame 0
719.1121 	EXP 	Display Frame 1
719.2372 	EXP 	Display Frame 0
719.3620 	EXP 	Display Frame 1
719.4873 	EXP 	Display Frame 0
719.6121 	EXP 	Display Frame 1
719.7370 	EXP 	Display Frame 0
719.8622 	EXP 	Display Frame 1
719.9871 	EXP 	Display Frame 0
720.1120 	EXP 	Display Frame 1
720.2373 	EXP 	Display Frame 0
720.3621 	EXP 	Display Frame 1
720.4871 	EXP 	Display Frame 0
720.6118 	EXP 	Display Frame 1
720.7371 	EXP 	Display Frame 0
720.8620 	EXP 	Display Frame 1
720.9868 	EXP 	Display Frame 0
721.1121 	EXP 	Display Frame 1
721.2372 	EXP 	Display Frame 0
721.3618 	EXP 	Display Frame 1
721.4872 	EXP 	Display Frame 0
721.6122 	EXP 	Display Frame 1
721.7365 	EXP 	Display Frame 0
721.8620 	EXP 	Display Frame 1
721.9869 	EXP 	Display Frame 0
722.1119 	EXP 	Display Frame 1
722.2373 	EXP 	Display Frame 0
722.3619 	EXP 	Display Frame 1
722.4870 	EXP 	Display Frame 0
722.6122 	EXP 	Display Frame 1
722.7372 	EXP 	Display Frame 0
722.8622 	EXP 	Display Frame 1
722.9871 	EXP 	Display Frame 0
723.1121 	EXP 	Display Frame 1
723.2371 	EXP 	Display Frame 0
723.3622 	EXP 	Display Frame 1
723.4869 	EXP 	Display Frame 0
723.6119 	EXP 	Display Frame 1
723.7371 	EXP 	Display Frame 0
723.8620 	EXP 	Display Frame 1
723.9869 	EXP 	Display Frame 0
724.1120 	EXP 	Display Frame 1
724.2369 	EXP 	Display Frame 0
724.3617 	EXP 	Display Frame 1
724.4870 	EXP 	Display Frame 0
724.6122 	EXP 	Display Frame 1
724.7371 	EXP 	Display Frame 0
724.8620 	EXP 	Display Frame 1
724.9873 	EXP 	Display Frame 0
725.1122 	EXP 	Display Frame 1
725.2371 	EXP 	Display Frame 0
725.3619 	EXP 	Display Frame 1
725.4872 	EXP 	Display Frame 0
725.6122 	EXP 	Display Frame 1
725.7371 	EXP 	Display Frame 0
725.8621 	EXP 	Display Frame 1
725.9869 	EXP 	Display Frame 0
726.1121 	EXP 	Display Frame 1
726.2372 	EXP 	Display Frame 0
726.3621 	EXP 	Display Frame 1
726.4870 	EXP 	Display Frame 0
726.6119 	EXP 	Display Frame 1
726.7371 	EXP 	Display Frame 0
726.8620 	EXP 	Display Frame 1
726.9870 	EXP 	Display Frame 0
727.1121 	EXP 	Display Frame 1
727.2370 	EXP 	Display Frame 0
727.3619 	EXP 	Display Frame 1
727.4872 	EXP 	Display Frame 0
727.6120 	EXP 	Display Frame 1
727.7369 	EXP 	Display Frame 0
727.8621 	EXP 	Display Frame 1
727.9871 	EXP 	Display Frame 0
728.1120 	EXP 	Display Frame 1
728.2371 	EXP 	Display Frame 0
728.3620 	EXP 	Display Frame 1
728.4869 	EXP 	Display Frame 0
728.6123 	EXP 	Display Frame 1
728.7370 	EXP 	Display Frame 0
728.8608 	EXP 	Display Frame 1
728.9871 	EXP 	Display Frame 0
729.1119 	EXP 	Display Frame 1
729.2369 	EXP 	Display Frame 0
729.3622 	EXP 	Display Frame 1
729.4867 	EXP 	Display Frame 0
729.6120 	EXP 	Display Frame 1
729.7372 	EXP 	Display Frame 0
729.8619 	EXP 	Display Frame 1
729.9868 	EXP 	Display Frame 0
730.1120 	EXP 	Display Frame 1
730.2371 	EXP 	Display Frame 0
730.3618 	EXP 	Display Frame 1
730.4868 	EXP 	Display Frame 0
730.6123 	EXP 	Display Frame 1
730.7368 	EXP 	Display Frame 0
730.8618 	EXP 	Display Frame 1
730.9871 	EXP 	Display Frame 0
731.1121 	EXP 	Display Frame 1
731.2370 	EXP 	Display Frame 0
731.3622 	EXP 	Display Frame 1
731.4874 	EXP 	Display Frame 0
731.6125 	EXP 	Display Frame 1
731.7368 	EXP 	Display Frame 0
731.8619 	EXP 	Display Frame 1
731.9868 	EXP 	Display Frame 0
732.1119 	EXP 	Display Frame 1
732.2371 	EXP 	Display Frame 0
732.3620 	EXP 	Display Frame 1
732.4872 	EXP 	Display Frame 0
732.6122 	EXP 	Display Frame 1
732.7371 	EXP 	Display Frame 0
732.8620 	EXP 	Display Frame 1
732.9871 	EXP 	Display Frame 0
733.1120 	EXP 	Display Frame 1
733.2371 	EXP 	Display Frame 0
733.3621 	EXP 	Display Frame 1
733.4866 	EXP 	Display Frame 0
733.6121 	EXP 	Display Frame 1
733.7372 	EXP 	Display Frame 0
733.8627 	EXP 	Display Frame 1
733.9868 	EXP 	Display Frame 0
734.1120 	EXP 	Display Frame 1
734.2372 	EXP 	Display Frame 0
734.3608 	EXP 	Display Frame 1
734.4870 	EXP 	Display Frame 0
734.6120 	EXP 	Display Frame 1
734.7369 	EXP 	Display Frame 0
734.8622 	EXP 	Display Frame 1
734.9871 	EXP 	Display Frame 0
735.1120 	EXP 	Display Frame 1
735.2371 	EXP 	Display Frame 0
735.3621 	EXP 	Display Frame 1
735.4872 	EXP 	Display Frame 0
735.6121 	EXP 	Display Frame 1
735.7374 	EXP 	Display Frame 0
735.8619 	EXP 	Display Frame 1
735.9868 	EXP 	Display Frame 0
736.1122 	EXP 	Display Frame 1
736.2372 	EXP 	Display Frame 0
736.3620 	EXP 	Display Frame 1
736.4872 	EXP 	Display Frame 0
736.6122 	EXP 	Display Frame 1
736.7371 	EXP 	Display Frame 0
736.8620 	EXP 	Display Frame 1
736.9872 	EXP 	Display Frame 0
737.1122 	EXP 	Display Frame 1
737.2370 	EXP 	Display Frame 0
737.3622 	EXP 	Display Frame 1
737.4869 	EXP 	Display Frame 0
737.6123 	EXP 	Display Frame 1
737.7371 	EXP 	Display Frame 0
737.8623 	EXP 	Display Frame 1
737.9867 	EXP 	Display Frame 0
738.1122 	EXP 	Display Frame 1
738.2371 	EXP 	Display Frame 0
738.3622 	EXP 	Display Frame 1
738.4869 	EXP 	Display Frame 0
738.6121 	EXP 	Display Frame 1
738.7371 	EXP 	Display Frame 0
738.8621 	EXP 	Display Frame 1
738.9872 	EXP 	Display Frame 0
739.1120 	EXP 	Display Frame 1
739.2370 	EXP 	Display Frame 0
739.3619 	EXP 	Display Frame 1
739.4871 	EXP 	Display Frame 0
739.6123 	EXP 	Display Frame 1
739.7372 	EXP 	Display Frame 0
739.8621 	EXP 	Display Frame 1
739.9868 	EXP 	Display Frame 0
740.1119 	EXP 	Display Frame 1
740.2372 	EXP 	Display Frame 0
740.3618 	EXP 	Display Frame 1
740.4872 	EXP 	Display Frame 0
740.6112 	EXP 	Display Frame 1
740.7370 	EXP 	Display Frame 0
740.8621 	EXP 	Display Frame 1
740.9871 	EXP 	Display Frame 0
741.1121 	EXP 	Display Frame 1
741.2373 	EXP 	Display Frame 0
741.3621 	EXP 	Display Frame 1
741.4868 	EXP 	Display Frame 0
741.6122 	EXP 	Display Frame 1
741.7372 	EXP 	Display Frame 0
741.8619 	EXP 	Display Frame 1
741.9871 	EXP 	Display Frame 0
742.1122 	EXP 	Display Frame 1
742.2370 	EXP 	Display Frame 0
742.3620 	EXP 	Display Frame 1
742.4872 	EXP 	Display Frame 0
742.6121 	EXP 	Display Frame 1
742.7370 	EXP 	Display Frame 0
742.8621 	EXP 	Display Frame 1
742.9869 	EXP 	Display Frame 0
743.1120 	EXP 	Display Frame 1
743.2371 	EXP 	Display Frame 0
743.3621 	EXP 	Display Frame 1
743.4867 	EXP 	Display Frame 0
743.6123 	EXP 	Display Frame 1
743.7372 	EXP 	Display Frame 0
743.8622 	EXP 	Display Frame 1
743.9870 	EXP 	Display Frame 0
744.1121 	EXP 	Display Frame 1
744.2371 	EXP 	Display Frame 0
744.3620 	EXP 	Display Frame 1
744.4870 	EXP 	Display Frame 0
744.6121 	EXP 	Display Frame 1
744.7371 	EXP 	Display Frame 0
744.8621 	EXP 	Display Frame 1
744.9871 	EXP 	Display Frame 0
745.1120 	EXP 	Display Frame 1
745.2371 	EXP 	Display Frame 0
745.3617 	EXP 	Display Frame 1
745.4868 	EXP 	Display Frame 0
745.6121 	EXP 	Display Frame 1
745.7371 	EXP 	Display Frame 0
745.8622 	EXP 	Display Frame 1
745.9869 	EXP 	Display Frame 0
746.1121 	EXP 	Display Frame 1
746.2370 	EXP 	Display Frame 0
746.3619 	EXP 	Display Frame 1
746.4872 	EXP 	Display Frame 0
746.6120 	EXP 	Display Frame 1
746.7369 	EXP 	Display Frame 0
746.8622 	EXP 	Display Frame 1
746.9870 	EXP 	Display Frame 0
747.1120 	EXP 	Display Frame 1
747.2371 	EXP 	Display Frame 0
747.3620 	EXP 	Display Frame 1
747.4870 	EXP 	Display Frame 0
747.6121 	EXP 	Display Frame 1
747.7373 	EXP 	Display Frame 0
747.8616 	EXP 	Display Frame 1
747.9870 	EXP 	Display Frame 0
748.1121 	EXP 	Display Frame 1
748.2370 	EXP 	Display Frame 0
748.3621 	EXP 	Display Frame 1
748.4872 	EXP 	Display Frame 0
748.6118 	EXP 	Display Frame 1
748.7369 	EXP 	Display Frame 0
748.8621 	EXP 	Display Frame 1
748.9870 	EXP 	Display Frame 0
749.1120 	EXP 	Display Frame 1
749.2371 	EXP 	Display Frame 0
749.3620 	EXP 	Display Frame 1
749.4870 	EXP 	Display Frame 0
749.6122 	EXP 	Display Frame 1
749.7370 	EXP 	Display Frame 0
749.8622 	EXP 	Display Frame 1
749.9871 	EXP 	Display Frame 0
750.1121 	EXP 	Display Frame 1
750.2370 	EXP 	Display Frame 0
750.3619 	EXP 	Display Frame 1
750.4871 	EXP 	Display Frame 0
750.6120 	EXP 	Display Frame 1
750.7372 	EXP 	Display Frame 0
750.8620 	EXP 	Display Frame 1
750.9868 	EXP 	Display Frame 0
751.1117 	EXP 	Display Frame 1
751.2371 	EXP 	Display Frame 0
751.3620 	EXP 	Display Frame 1
751.4870 	EXP 	Display Frame 0
751.6121 	EXP 	Display Frame 1
751.7370 	EXP 	Display Frame 0
751.8619 	EXP 	Display Frame 1
751.9872 	EXP 	Display Frame 0
752.1120 	EXP 	Display Frame 1
752.2370 	EXP 	Display Frame 0
752.3621 	EXP 	Display Frame 1
752.4870 	EXP 	Display Frame 0
752.6120 	EXP 	Display Frame 1
752.7372 	EXP 	Display Frame 0
752.8621 	EXP 	Display Frame 1
752.9871 	EXP 	Display Frame 0
753.1121 	EXP 	Display Frame 1
753.2372 	EXP 	Display Frame 0
753.3620 	EXP 	Display Frame 1
753.4872 	EXP 	Display Frame 0
753.6120 	EXP 	Display Frame 1
753.7370 	EXP 	Display Frame 0
753.8622 	EXP 	Display Frame 1
753.9868 	EXP 	Display Frame 0
754.1118 	EXP 	Display Frame 1
754.2370 	EXP 	Display Frame 0
754.3621 	EXP 	Display Frame 1
754.4870 	EXP 	Display Frame 0
754.6120 	EXP 	Display Frame 1
754.7372 	EXP 	Display Frame 0
754.8620 	EXP 	Display Frame 1
754.9869 	EXP 	Display Frame 0
755.1121 	EXP 	Display Frame 1
755.2372 	EXP 	Display Frame 0
755.3618 	EXP 	Display Frame 1
755.4872 	EXP 	Display Frame 0
755.6121 	EXP 	Display Frame 1
755.7371 	EXP 	Display Frame 0
755.8621 	EXP 	Display Frame 1
755.9872 	EXP 	Display Frame 0
756.1120 	EXP 	Display Frame 1
756.2370 	EXP 	Display Frame 0
756.3621 	EXP 	Display Frame 1
756.4868 	EXP 	Display Frame 0
756.6120 	EXP 	Display Frame 1
756.7371 	EXP 	Display Frame 0
756.8620 	EXP 	Display Frame 1
756.9868 	EXP 	Display Frame 0
757.1121 	EXP 	Display Frame 1
757.2371 	EXP 	Display Frame 0
757.3620 	EXP 	Display Frame 1
757.4866 	EXP 	Display Frame 0
757.6122 	EXP 	Display Frame 1
757.7370 	EXP 	Display Frame 0
757.8621 	EXP 	Display Frame 1
757.9871 	EXP 	Display Frame 0
758.1120 	EXP 	Display Frame 1
758.2372 	EXP 	Display Frame 0
758.3621 	EXP 	Display Frame 1
758.4871 	EXP 	Display Frame 0
758.6122 	EXP 	Display Frame 1
758.7372 	EXP 	Display Frame 0
758.8620 	EXP 	Display Frame 1
758.9864 	DATA 	Keypress: q
758.9895 	EXP 	Display Frame 0
759.0023 	EXP 	topMsg: height = 0.1
759.0023 	EXP 	topMsg: height = 0.1
759.0023 	EXP 	topMsg: text = "Thank you very much! \n\nThat's it with the tapping"
759.0023 	EXP 	bottomMsg: height = 0.1
759.0023 	EXP 	bottomMsg: height = 0.1
759.0023 	EXP 	bottomMsg: text = "Please relax for the ramaining time \n\n Press 'q' or 'escape' to end the session."
759.0023 	EXP 	Display TheEnd
759.8573 	DATA 	Keypress: t
761.0843 	DATA 	Keypress: q
761.1699 	EXP 	win: mouseVisible = True
