7.8762 	INFO 	---START PARAMETERS---
7.8762 	INFO 	filename: TappingWithTrTiming_Movie_d3.py-tt1-69-Sep_09_1505
7.8762 	INFO 	subject: tt1
7.8762 	INFO 	session: 69
7.8762 	INFO 	date: Sep_09_1505
7.8762 	INFO 	blockDur_TRs: 8
7.8762 	INFO 	condition: vis
7.8762 	INFO 	fixCrossPos: [0, 0]
7.8763 	INFO 	fixCrossSize: 100
7.8763 	INFO 	fullScreen: True
7.8763 	INFO 	movieFolder: Images/
7.8763 	INFO 	movieSize: (1600, 1000)
7.8763 	INFO 	nBlocks: 48
7.8763 	INFO 	promptDir: Text/
7.8763 	INFO 	restDur_TRs: 8
7.8763 	INFO 	screenColor: (128, 128, 128)
7.8763 	INFO 	screenToShow: 0
7.8763 	INFO 	skipPrompts: False
7.8763 	INFO 	tStartup_TRs: 0
7.8763 	INFO 	textHeight: 40
7.8763 	INFO 	triggerKey: t
7.8763 	INFO 	---END PARAMETERS---
7.9211 	WARNING 	Movie2 stim could not be imported and won't be available
8.2799 	INFO 	Loaded monitor calibration from ['2019_02_04 16:32']
8.7188 	EXP 	Created win = Window(allowGUI=False, allowStencil=False, autoLog=True, bitsMode=UNKNOWN, blendMode='avg', color=array([ 128.,  128.,  128.]), colorSpace='rgb255', fullscr=UNKNOWN, gamma=None, lms=UNKNOWN, monitor=<psychopy.monitors.calibTools.Monitor instance at 0x10e6a8a0>, name='win', pos=[0, 0], screen=0, size=array([1920, 1080]), stereo=False, units='deg', useFBO=False, viewOri=0.0, viewPos=None, viewScale=None, waitBlanking=True, winType='pyglet')
8.7205 	EXP 	Created fixCross = ShapeStim(autoDraw=False, autoLog=True, closeShape=False, contrast=1.0, depth=0, fillColor=None, fillColorSpace='rgb', fillRGB=None, interpolate=True, lineColor='#000000', lineColorSpace='hex', lineRGB=array([0, 0, 0]), lineWidth=3.0, name='fixCross', opacity=1.0, ori=array(0.0), pos=array([ 0.,  0.]), size=array([ 1.,  1.]), units='pix', vertices=ndarray(...), win=Window(...))
8.7703 	EXP 	Created topMsg = TextStim(alignHoriz='center', alignVert='center', antialias=True, autoLog=True, bold=False, color='#000000', colorSpace='hex', contrast=1.0, depth=0, flipHoriz=False, flipVert=False, font='', fontFiles=[], height=0.1, italic=False, name='topMsg', opacity=1.0, ori=0.0, pos=array([ 0. ,  0.5]), rgb=array([0, 0, 0]), text=u'aaa', units='norm', win=Window(...), wrapWidth=1.5)
8.7747 	EXP 	Created bottomMsg = TextStim(alignHoriz='center', alignVert='center', antialias=True, autoLog=True, bold=False, color='#000000', colorSpace='hex', contrast=1.0, depth=0, flipHoriz=False, flipVert=False, font='', fontFiles=[], height=0.1, italic=False, name='bottomMsg', opacity=1.0, ori=0.0, pos=array([ 0. , -0.5]), rgb=array([0, 0, 0]), text=u'bbb', units='norm', win=Window(...), wrapWidth=1.5)
8.7884 	EXP 	Created Movie Frame 0 = ImageStim(autoLog=True, color=array([ 1.,  1.,  1.]), colorSpace='rgb', contrast=1.0, depth=0, flipHoriz=False, flipVert=False, image='Images/visual_0.png', interpolate=False, mask=None, maskParams=None, name='Movie Frame 0', opacity=1.0, ori=0.0, pos=array([ 0.,  0.]), size=array([ 1600.,  1000.]), texRes=128, units='pix', win=Window(...))
8.7981 	EXP 	Created Movie Frame 1 = ImageStim(autoLog=True, color=array([ 1.,  1.,  1.]), colorSpace='rgb', contrast=1.0, depth=0, flipHoriz=False, flipVert=False, image='Images/visual_1.png', interpolate=False, mask=None, maskParams=None, name='Movie Frame 1', opacity=1.0, ori=0.0, pos=array([ 0.,  0.]), size=array([ 1600.,  1000.]), texRes=128, units='pix', win=Window(...))
8.8119 	EXP 	Created unnamed TextStim = TextStim(alignHoriz='center', alignVert='center', antialias=True, autoLog=True, bold=False, color='#000000', colorSpace='hex', contrast=1.0, depth=0, flipHoriz=False, flipVert=False, font='', fontFiles=[], height=40, italic=False, name='unnamed TextStim', opacity=1.0, ori=0.0, pos=array([   0.,  580.]), rgb=array([0, 0, 0]), text=u'look at the center', units='pix', win=Window(...), wrapWidth=1600)
8.8638 	EXP 	topMsg: text = 'You will see a flickering checkerboard. When it is on the screen, try to fixate the center of the checkerboard. When the fixation cross appears, relax and stare at the cross.'
8.8638 	EXP 	bottomMsg: text = 'The experiment will begin shortly'
8.8638 	EXP 	Display Instructions1
9.4959 	DATA 	Keypress: t
9.5103 	EXP 	topMsg: text = "Please don't move..."
9.5103 	EXP 	bottomMsg: text = ''
9.5103 	EXP 	PleaseDontMove
41.6593 	DATA 	Keypress: lshift
41.6594 	DATA 	Keypress: t
41.6726 	EXP 	Display Fixation
41.6729 	EXP 	---START EXPERIMENT---
41.6816 	EXP 	Display Fixation
43.2851 	DATA 	Keypress: lshift
43.2852 	DATA 	Keypress: t
49.5053 	DATA 	Keypress: lshift
49.5055 	DATA 	Keypress: t
51.1311 	DATA 	Keypress: lshift
51.1312 	DATA 	Keypress: t
57.3502 	DATA 	Keypress: lshift
57.3503 	DATA 	Keypress: t
58.9772 	DATA 	Keypress: lshift
58.9773 	DATA 	Keypress: t
65.1963 	DATA 	Keypress: lshift
65.1964 	DATA 	Keypress: t
66.8222 	DATA 	Keypress: lshift
66.8224 	DATA 	Keypress: t
73.0423 	DATA 	Keypress: lshift
73.0424 	DATA 	Keypress: t
73.1786 	EXP 	Display Frame 1
73.3036 	EXP 	Display Frame 0
73.4286 	EXP 	Display Frame 1
73.5532 	EXP 	Display Frame 0
73.6785 	EXP 	Display Frame 1
73.8037 	EXP 	Display Frame 0
73.9286 	EXP 	Display Frame 1
74.0535 	EXP 	Display Frame 0
74.1786 	EXP 	Display Frame 1
74.3027 	EXP 	Display Frame 0
74.4275 	EXP 	Display Frame 1
74.5535 	EXP 	Display Frame 0
74.6691 	DATA 	Keypress: lshift
74.6692 	DATA 	Keypress: t
74.6784 	EXP 	Display Frame 1
74.8034 	EXP 	Display Frame 0
74.9277 	EXP 	Display Frame 1
75.0527 	EXP 	Display Frame 0
75.1777 	EXP 	Display Frame 1
75.3027 	EXP 	Display Frame 0
75.4277 	EXP 	Display Frame 1
75.5538 	EXP 	Display Frame 0
75.6777 	EXP 	Display Frame 1
75.8031 	EXP 	Display Frame 0
75.9277 	EXP 	Display Frame 1
76.0527 	EXP 	Display Frame 0
76.1777 	EXP 	Display Frame 1
76.3035 	EXP 	Display Frame 0
76.4284 	EXP 	Display Frame 1
76.5531 	EXP 	Display Frame 0
76.6786 	EXP 	Display Frame 1
76.8036 	EXP 	Display Frame 0
76.9284 	EXP 	Display Frame 1
77.0535 	EXP 	Display Frame 0
77.1777 	EXP 	Display Frame 1
77.3034 	EXP 	Display Frame 0
77.4277 	EXP 	Display Frame 1
77.5533 	EXP 	Display Frame 0
77.6784 	EXP 	Display Frame 1
77.8027 	EXP 	Display Frame 0
77.9284 	EXP 	Display Frame 1
78.0534 	EXP 	Display Frame 0
78.1777 	EXP 	Display Frame 1
78.3034 	EXP 	Display Frame 0
78.4283 	EXP 	Display Frame 1
78.5527 	EXP 	Display Frame 0
78.6781 	EXP 	Display Frame 1
78.8032 	EXP 	Display Frame 0
78.9283 	EXP 	Display Frame 1
79.0533 	EXP 	Display Frame 0
79.1777 	EXP 	Display Frame 1
79.3029 	EXP 	Display Frame 0
79.4279 	EXP 	Display Frame 1
79.5527 	EXP 	Display Frame 0
79.6784 	EXP 	Display Frame 1
79.8028 	EXP 	Display Frame 0
79.9271 	EXP 	Display Frame 1
80.0527 	EXP 	Display Frame 0
80.1771 	EXP 	Display Frame 1
80.3027 	EXP 	Display Frame 0
80.4278 	EXP 	Display Frame 1
80.5534 	EXP 	Display Frame 0
80.6772 	EXP 	Display Frame 1
80.8024 	EXP 	Display Frame 0
80.9190 	DATA 	Keypress: lshift
80.9191 	DATA 	Keypress: t
80.9277 	EXP 	Display Frame 1
81.0527 	EXP 	Display Frame 0
81.1777 	EXP 	Display Frame 1
81.3027 	EXP 	Display Frame 0
81.4277 	EXP 	Display Frame 1
81.5527 	EXP 	Display Frame 0
81.6772 	EXP 	Display Frame 1
81.8025 	EXP 	Display Frame 0
81.9277 	EXP 	Display Frame 1
82.0527 	EXP 	Display Frame 0
82.1771 	EXP 	Display Frame 1
82.3027 	EXP 	Display Frame 0
82.4277 	EXP 	Display Frame 1
82.5440 	DATA 	Keypress: lshift
82.5441 	DATA 	Keypress: t
82.5527 	EXP 	Display Frame 0
82.6777 	EXP 	Display Frame 1
82.8027 	EXP 	Display Frame 0
82.9277 	EXP 	Display Frame 1
83.0527 	EXP 	Display Frame 0
83.1777 	EXP 	Display Frame 1
83.3027 	EXP 	Display Frame 0
83.4277 	EXP 	Display Frame 1
83.5526 	EXP 	Display Frame 0
83.6775 	EXP 	Display Frame 1
83.8027 	EXP 	Display Frame 0
83.9276 	EXP 	Display Frame 1
84.0525 	EXP 	Display Frame 0
84.1773 	EXP 	Display Frame 1
84.3029 	EXP 	Display Frame 0
84.4277 	EXP 	Display Frame 1
84.5526 	EXP 	Display Frame 0
84.6775 	EXP 	Display Frame 1
84.8026 	EXP 	Display Frame 0
84.9278 	EXP 	Display Frame 1
85.0526 	EXP 	Display Frame 0
85.1775 	EXP 	Display Frame 1
85.3034 	EXP 	Display Frame 0
85.4275 	EXP 	Display Frame 1
85.5524 	EXP 	Display Frame 0
85.6774 	EXP 	Display Frame 1
85.8025 	EXP 	Display Frame 0
85.9266 	EXP 	Display Frame 1
86.0524 	EXP 	Display Frame 0
86.1766 	EXP 	Display Frame 1
86.3024 	EXP 	Display Frame 0
86.4268 	EXP 	Display Frame 1
86.5524 	EXP 	Display Frame 0
86.6773 	EXP 	Display Frame 1
86.8022 	EXP 	Display Frame 0
86.9266 	EXP 	Display Frame 1
87.0516 	EXP 	Display Frame 0
87.1766 	EXP 	Display Frame 1
87.3016 	EXP 	Display Frame 0
87.4275 	EXP 	Display Frame 1
87.5525 	EXP 	Display Frame 0
87.6775 	EXP 	Display Frame 1
87.8025 	EXP 	Display Frame 0
87.9267 	EXP 	Display Frame 1
88.0525 	EXP 	Display Frame 0
88.1766 	EXP 	Display Frame 1
88.3016 	EXP 	Display Frame 0
88.4266 	EXP 	Display Frame 1
88.5524 	EXP 	Display Frame 0
88.6774 	EXP 	Display Frame 1
88.7940 	DATA 	Keypress: lshift
88.7941 	DATA 	Keypress: t
88.8017 	EXP 	Display Frame 0
88.9274 	EXP 	Display Frame 1
89.0524 	EXP 	Display Frame 0
89.1774 	EXP 	Display Frame 1
89.3024 	EXP 	Display Frame 0
89.4267 	EXP 	Display Frame 1
89.5523 	EXP 	Display Frame 0
89.6775 	EXP 	Display Frame 1
89.8025 	EXP 	Display Frame 0
89.9274 	EXP 	Display Frame 1
90.0518 	EXP 	Display Frame 0
90.1773 	EXP 	Display Frame 1
90.3023 	EXP 	Display Frame 0
90.4190 	DATA 	Keypress: lshift
90.4191 	DATA 	Keypress: t
90.4267 	EXP 	Display Frame 1
90.5517 	EXP 	Display Frame 0
90.6767 	EXP 	Display Frame 1
90.8024 	EXP 	Display Frame 0
90.9267 	EXP 	Display Frame 1
91.0516 	EXP 	Display Frame 0
91.1767 	EXP 	Display Frame 1
91.3018 	EXP 	Display Frame 0
91.4267 	EXP 	Display Frame 1
91.5516 	EXP 	Display Frame 0
91.6767 	EXP 	Display Frame 1
91.8017 	EXP 	Display Frame 0
91.9267 	EXP 	Display Frame 1
92.0517 	EXP 	Display Frame 0
92.1766 	EXP 	Display Frame 1
92.3017 	EXP 	Display Frame 0
92.4268 	EXP 	Display Frame 1
92.5517 	EXP 	Display Frame 0
92.6767 	EXP 	Display Frame 1
92.8017 	EXP 	Display Frame 0
92.9267 	EXP 	Display Frame 1
93.0517 	EXP 	Display Frame 0
93.1767 	EXP 	Display Frame 1
93.3017 	EXP 	Display Frame 0
93.4267 	EXP 	Display Frame 1
93.5517 	EXP 	Display Frame 0
93.6766 	EXP 	Display Frame 1
93.8017 	EXP 	Display Frame 0
93.9267 	EXP 	Display Frame 1
94.0517 	EXP 	Display Frame 0
94.1767 	EXP 	Display Frame 1
94.3017 	EXP 	Display Frame 0
94.4267 	EXP 	Display Frame 1
94.5517 	EXP 	Display Frame 0
94.6766 	EXP 	Display Frame 1
94.8018 	EXP 	Display Frame 0
94.9266 	EXP 	Display Frame 1
95.0516 	EXP 	Display Frame 0
95.1765 	EXP 	Display Frame 1
95.3022 	EXP 	Display Frame 0
95.4266 	EXP 	Display Frame 1
95.5517 	EXP 	Display Frame 0
95.6765 	EXP 	Display Frame 1
95.8017 	EXP 	Display Frame 0
95.9264 	EXP 	Display Frame 1
96.0517 	EXP 	Display Frame 0
96.1764 	EXP 	Display Frame 1
96.3017 	EXP 	Display Frame 0
96.4266 	EXP 	Display Frame 1
96.5518 	EXP 	Display Frame 0
96.6690 	DATA 	Keypress: lshift
96.6691 	DATA 	Keypress: t
96.6767 	EXP 	Display Frame 1
96.8018 	EXP 	Display Frame 0
96.9264 	EXP 	Display Frame 1
97.0517 	EXP 	Display Frame 0
97.1767 	EXP 	Display Frame 1
97.3017 	EXP 	Display Frame 0
97.4266 	EXP 	Display Frame 1
97.5517 	EXP 	Display Frame 0
97.6768 	EXP 	Display Frame 1
97.8018 	EXP 	Display Frame 0
97.9266 	EXP 	Display Frame 1
98.0517 	EXP 	Display Frame 0
98.1762 	EXP 	Display Frame 1
98.2940 	DATA 	Keypress: lshift
98.2941 	DATA 	Keypress: t
98.3017 	EXP 	Display Frame 0
98.4261 	EXP 	Display Frame 1
98.5504 	EXP 	Display Frame 0
98.6764 	EXP 	Display Frame 1
98.8003 	EXP 	Display Frame 0
98.9255 	EXP 	Display Frame 1
99.0505 	EXP 	Display Frame 0
99.1754 	EXP 	Display Frame 1
99.3014 	EXP 	Display Frame 0
99.4256 	EXP 	Display Frame 1
99.5506 	EXP 	Display Frame 0
99.6765 	EXP 	Display Frame 1
99.8004 	EXP 	Display Frame 0
99.9257 	EXP 	Display Frame 1
100.0506 	EXP 	Display Frame 0
100.1757 	EXP 	Display Frame 1
100.3006 	EXP 	Display Frame 0
100.4262 	EXP 	Display Frame 1
100.5505 	EXP 	Display Frame 0
100.6764 	EXP 	Display Frame 1
100.8005 	EXP 	Display Frame 0
100.9261 	EXP 	Display Frame 1
101.0513 	EXP 	Display Frame 0
101.1763 	EXP 	Display Frame 1
101.3006 	EXP 	Display Frame 0
101.4257 	EXP 	Display Frame 1
101.5507 	EXP 	Display Frame 0
101.6762 	EXP 	Display Frame 1
101.8004 	EXP 	Display Frame 0
101.9255 	EXP 	Display Frame 1
102.0505 	EXP 	Display Frame 0
102.1755 	EXP 	Display Frame 1
102.3005 	EXP 	Display Frame 0
102.4255 	EXP 	Display Frame 1
102.5505 	EXP 	Display Frame 0
102.6755 	EXP 	Display Frame 1
102.8004 	EXP 	Display Frame 0
102.9255 	EXP 	Display Frame 1
103.0505 	EXP 	Display Frame 0
103.1754 	EXP 	Display Frame 1
103.3005 	EXP 	Display Frame 0
103.4255 	EXP 	Display Frame 1
103.5505 	EXP 	Display Frame 0
103.6755 	EXP 	Display Frame 1
103.8004 	EXP 	Display Frame 0
103.9255 	EXP 	Display Frame 1
104.0505 	EXP 	Display Frame 0
104.1756 	EXP 	Display Frame 1
104.3005 	EXP 	Display Frame 0
104.4255 	EXP 	Display Frame 1
104.4262 	DATA 	Keypress: lshift
104.4264 	DATA 	Keypress: t
104.4342 	EXP 	Display Fixation
106.0513 	DATA 	Keypress: lshift
106.0514 	DATA 	Keypress: t
112.2713 	DATA 	Keypress: lshift
112.2714 	DATA 	Keypress: t
113.8973 	DATA 	Keypress: lshift
113.8975 	DATA 	Keypress: t
120.1163 	DATA 	Keypress: lshift
120.1164 	DATA 	Keypress: t
121.7433 	DATA 	Keypress: lshift
121.7434 	DATA 	Keypress: t
127.9624 	DATA 	Keypress: lshift
127.9626 	DATA 	Keypress: t
129.5884 	DATA 	Keypress: lshift
129.5886 	DATA 	Keypress: t
135.8084 	DATA 	Keypress: lshift
135.8085 	DATA 	Keypress: t
135.9392 	EXP 	Display Frame 1
136.0643 	EXP 	Display Frame 0
136.1893 	EXP 	Display Frame 1
136.3144 	EXP 	Display Frame 0
136.4393 	EXP 	Display Frame 1
136.5643 	EXP 	Display Frame 0
136.6892 	EXP 	Display Frame 1
136.8144 	EXP 	Display Frame 0
136.9396 	EXP 	Display Frame 1
137.0643 	EXP 	Display Frame 0
137.1895 	EXP 	Display Frame 1
137.3144 	EXP 	Display Frame 0
137.4352 	DATA 	Keypress: lshift
137.4353 	DATA 	Keypress: t
137.4428 	EXP 	Display Frame 1
137.5642 	EXP 	Display Frame 0
137.6892 	EXP 	Display Frame 1
137.8144 	EXP 	Display Frame 0
137.9395 	EXP 	Display Frame 1
138.0643 	EXP 	Display Frame 0
138.1893 	EXP 	Display Frame 1
138.3144 	EXP 	Display Frame 0
138.4393 	EXP 	Display Frame 1
138.5643 	EXP 	Display Frame 0
138.6893 	EXP 	Display Frame 1
138.8142 	EXP 	Display Frame 0
138.9391 	EXP 	Display Frame 1
139.0639 	EXP 	Display Frame 0
139.1894 	EXP 	Display Frame 1
139.3142 	EXP 	Display Frame 0
139.4393 	EXP 	Display Frame 1
139.5644 	EXP 	Display Frame 0
139.6892 	EXP 	Display Frame 1
139.8143 	EXP 	Display Frame 0
139.9394 	EXP 	Display Frame 1
140.0649 	EXP 	Display Frame 0
140.1892 	EXP 	Display Frame 1
140.3142 	EXP 	Display Frame 0
140.4393 	EXP 	Display Frame 1
140.5642 	EXP 	Display Frame 0
140.6892 	EXP 	Display Frame 1
140.8142 	EXP 	Display Frame 0
140.9393 	EXP 	Display Frame 1
141.0642 	EXP 	Display Frame 0
141.1893 	EXP 	Display Frame 1
141.3142 	EXP 	Display Frame 0
141.4392 	EXP 	Display Frame 1
141.5642 	EXP 	Display Frame 0
141.6893 	EXP 	Display Frame 1
141.8143 	EXP 	Display Frame 0
141.9392 	EXP 	Display Frame 1
142.0642 	EXP 	Display Frame 0
142.1892 	EXP 	Display Frame 1
142.3142 	EXP 	Display Frame 0
142.4392 	EXP 	Display Frame 1
142.5642 	EXP 	Display Frame 0
142.6892 	EXP 	Display Frame 1
142.8142 	EXP 	Display Frame 0
142.9392 	EXP 	Display Frame 1
143.0642 	EXP 	Display Frame 0
143.1880 	EXP 	Display Frame 1
143.3142 	EXP 	Display Frame 0
143.4380 	EXP 	Display Frame 1
143.5642 	EXP 	Display Frame 0
143.6850 	DATA 	Keypress: lshift
143.6851 	DATA 	Keypress: t
143.6928 	EXP 	Display Frame 1
143.8142 	EXP 	Display Frame 0
143.9381 	EXP 	Display Frame 1
144.0630 	EXP 	Display Frame 0
144.1892 	EXP 	Display Frame 1
144.3130 	EXP 	Display Frame 0
144.4380 	EXP 	Display Frame 1
144.5630 	EXP 	Display Frame 0
144.6881 	EXP 	Display Frame 1
144.8130 	EXP 	Display Frame 0
144.9382 	EXP 	Display Frame 1
145.0630 	EXP 	Display Frame 0
145.1879 	EXP 	Display Frame 1
145.3100 	DATA 	Keypress: lshift
145.3101 	DATA 	Keypress: t
145.3219 	EXP 	Display Frame 0
145.4380 	EXP 	Display Frame 1
145.5629 	EXP 	Display Frame 0
145.6881 	EXP 	Display Frame 1
145.8136 	EXP 	Display Frame 0
145.9382 	EXP 	Display Frame 1
146.0629 	EXP 	Display Frame 0
146.1881 	EXP 	Display Frame 1
146.3129 	EXP 	Display Frame 0
146.4380 	EXP 	Display Frame 1
146.5630 	EXP 	Display Frame 0
146.6880 	EXP 	Display Frame 1
146.8129 	EXP 	Display Frame 0
146.9382 	EXP 	Display Frame 1
147.0630 	EXP 	Display Frame 0
147.1880 	EXP 	Display Frame 1
147.3130 	EXP 	Display Frame 0
147.4381 	EXP 	Display Frame 1
147.5630 	EXP 	Display Frame 0
147.6880 	EXP 	Display Frame 1
147.8129 	EXP 	Display Frame 0
147.9380 	EXP 	Display Frame 1
148.0629 	EXP 	Display Frame 0
148.1879 	EXP 	Display Frame 1
148.3132 	EXP 	Display Frame 0
148.4379 	EXP 	Display Frame 1
148.5630 	EXP 	Display Frame 0
148.6880 	EXP 	Display Frame 1
148.8130 	EXP 	Display Frame 0
148.9379 	EXP 	Display Frame 1
149.0632 	EXP 	Display Frame 0
149.1881 	EXP 	Display Frame 1
149.3130 	EXP 	Display Frame 0
149.4382 	EXP 	Display Frame 1
149.5630 	EXP 	Display Frame 0
149.6879 	EXP 	Display Frame 1
149.8129 	EXP 	Display Frame 0
149.9382 	EXP 	Display Frame 1
150.0632 	EXP 	Display Frame 0
150.1880 	EXP 	Display Frame 1
150.3136 	EXP 	Display Frame 0
150.4380 	EXP 	Display Frame 1
150.5631 	EXP 	Display Frame 0
150.6882 	EXP 	Display Frame 1
150.8217 	EXP 	Display Frame 0
150.9427 	EXP 	Display Frame 1
151.0716 	EXP 	Display Frame 0
151.1927 	EXP 	Display Frame 1
151.3216 	EXP 	Display Frame 0
151.4428 	EXP 	Display Frame 1
151.5601 	DATA 	Keypress: lshift
151.5602 	DATA 	Keypress: t
151.5715 	EXP 	Display Frame 0
151.6920 	EXP 	Display Frame 1
151.8216 	EXP 	Display Frame 0
151.9427 	EXP 	Display Frame 1
152.0716 	EXP 	Display Frame 0
152.1928 	EXP 	Display Frame 1
152.3209 	EXP 	Display Frame 0
152.4428 	EXP 	Display Frame 1
152.5712 	EXP 	Display Frame 0
152.6928 	EXP 	Display Frame 1
152.8215 	EXP 	Display Frame 0
152.9428 	EXP 	Display Frame 1
153.0714 	EXP 	Display Frame 0
153.1850 	DATA 	Keypress: lshift
153.1852 	DATA 	Keypress: t
153.1927 	EXP 	Display Frame 1
153.3212 	EXP 	Display Frame 0
153.4427 	EXP 	Display Frame 1
153.5713 	EXP 	Display Frame 0
153.6928 	EXP 	Display Frame 1
153.8213 	EXP 	Display Frame 0
153.9427 	EXP 	Display Frame 1
154.0709 	EXP 	Display Frame 0
154.1928 	EXP 	Display Frame 1
154.3216 	EXP 	Display Frame 0
154.4382 	EXP 	Display Frame 1
154.5714 	EXP 	Display Frame 0
154.6928 	EXP 	Display Frame 1
154.8216 	EXP 	Display Frame 0
154.9428 	EXP 	Display Frame 1
155.0716 	EXP 	Display Frame 0
155.1928 	EXP 	Display Frame 1
155.3217 	EXP 	Display Frame 0
155.4427 	EXP 	Display Frame 1
155.5722 	EXP 	Display Frame 0
155.6928 	EXP 	Display Frame 1
155.8215 	EXP 	Display Frame 0
155.9427 	EXP 	Display Frame 1
156.0714 	EXP 	Display Frame 0
156.1927 	EXP 	Display Frame 1
156.3215 	EXP 	Display Frame 0
156.4428 	EXP 	Display Frame 1
156.5716 	EXP 	Display Frame 0
156.6929 	EXP 	Display Frame 1
156.8213 	EXP 	Display Frame 0
156.9427 	EXP 	Display Frame 1
157.0709 	EXP 	Display Frame 0
157.1927 	EXP 	Display Frame 1
157.3209 	EXP 	Display Frame 0
157.4427 	EXP 	Display Frame 1
157.5709 	EXP 	Display Frame 0
157.6927 	EXP 	Display Frame 1
157.8215 	EXP 	Display Frame 0
157.9427 	EXP 	Display Frame 1
158.0710 	EXP 	Display Frame 0
158.1927 	EXP 	Display Frame 1
158.3214 	EXP 	Display Frame 0
158.4427 	EXP 	Display Frame 1
158.5709 	EXP 	Display Frame 0
158.6927 	EXP 	Display Frame 1
158.8209 	EXP 	Display Frame 0
158.9426 	EXP 	Display Frame 1
159.0709 	EXP 	Display Frame 0
159.1922 	EXP 	Display Frame 1
159.3207 	EXP 	Display Frame 0
159.4351 	DATA 	Keypress: lshift
159.4352 	DATA 	Keypress: t
159.4428 	EXP 	Display Frame 1
159.5716 	EXP 	Display Frame 0
159.6929 	EXP 	Display Frame 1
159.8209 	EXP 	Display Frame 0
159.9426 	EXP 	Display Frame 1
160.0709 	EXP 	Display Frame 0
160.1925 	EXP 	Display Frame 1
160.3209 	EXP 	Display Frame 0
160.4429 	EXP 	Display Frame 1
160.5709 	EXP 	Display Frame 0
160.6925 	EXP 	Display Frame 1
160.8208 	EXP 	Display Frame 0
160.9425 	EXP 	Display Frame 1
161.0600 	DATA 	Keypress: lshift
161.0601 	DATA 	Keypress: t
161.0707 	EXP 	Display Frame 0
161.1924 	EXP 	Display Frame 1
161.3207 	EXP 	Display Frame 0
161.4420 	EXP 	Display Frame 1
161.5704 	EXP 	Display Frame 0
161.6928 	EXP 	Display Frame 1
161.8207 	EXP 	Display Frame 0
161.9427 	EXP 	Display Frame 1
162.0702 	EXP 	Display Frame 0
162.1927 	EXP 	Display Frame 1
162.3206 	EXP 	Display Frame 0
162.4427 	EXP 	Display Frame 1
162.5701 	EXP 	Display Frame 0
162.6927 	EXP 	Display Frame 1
162.8206 	EXP 	Display Frame 0
162.9424 	EXP 	Display Frame 1
163.0699 	EXP 	Display Frame 0
163.1927 	EXP 	Display Frame 1
163.3200 	EXP 	Display Frame 0
163.4426 	EXP 	Display Frame 1
163.5708 	EXP 	Display Frame 0
163.6922 	EXP 	Display Frame 1
163.8201 	EXP 	Display Frame 0
163.9426 	EXP 	Display Frame 1
164.0705 	EXP 	Display Frame 0
164.1927 	EXP 	Display Frame 1
164.3204 	EXP 	Display Frame 0
164.4421 	EXP 	Display Frame 1
164.5698 	EXP 	Display Frame 0
164.6925 	EXP 	Display Frame 1
164.8204 	EXP 	Display Frame 0
164.9421 	EXP 	Display Frame 1
165.0703 	EXP 	Display Frame 0
165.1928 	EXP 	Display Frame 1
165.3199 	EXP 	Display Frame 0
165.4428 	EXP 	Display Frame 1
165.5703 	EXP 	Display Frame 0
165.6934 	EXP 	Display Frame 1
165.8203 	EXP 	Display Frame 0
165.9423 	EXP 	Display Frame 1
166.0701 	EXP 	Display Frame 0
166.1923 	EXP 	Display Frame 1
166.3202 	EXP 	Display Frame 0
166.4426 	EXP 	Display Frame 1
166.5704 	EXP 	Display Frame 0
166.6923 	EXP 	Display Frame 1
166.8202 	EXP 	Display Frame 0
166.9423 	EXP 	Display Frame 1
167.0702 	EXP 	Display Frame 0
167.1927 	EXP 	Display Frame 1
167.1932 	DATA 	Keypress: lshift
167.1934 	DATA 	Keypress: t
167.2037 	EXP 	Display Fixation
168.8175 	DATA 	Keypress: lshift
168.8176 	DATA 	Keypress: t
175.0375 	DATA 	Keypress: lshift
175.0376 	DATA 	Keypress: t
176.6635 	DATA 	Keypress: lshift
176.6636 	DATA 	Keypress: t
182.8824 	DATA 	Keypress: lshift
182.8826 	DATA 	Keypress: t
184.5095 	DATA 	Keypress: lshift
184.5097 	DATA 	Keypress: t
190.7286 	DATA 	Keypress: lshift
190.7287 	DATA 	Keypress: t
192.3555 	DATA 	Keypress: lshift
192.3557 	DATA 	Keypress: t
198.5747 	DATA 	Keypress: lshift
198.5749 	DATA 	Keypress: t
198.7079 	EXP 	Display Frame 1
198.8340 	EXP 	Display Frame 0
198.9579 	EXP 	Display Frame 1
199.0840 	EXP 	Display Frame 0
199.2079 	EXP 	Display Frame 1
199.3340 	EXP 	Display Frame 0
199.4579 	EXP 	Display Frame 1
199.5839 	EXP 	Display Frame 0
199.7080 	EXP 	Display Frame 1
199.8340 	EXP 	Display Frame 0
199.9585 	EXP 	Display Frame 1
200.0840 	EXP 	Display Frame 0
200.2014 	DATA 	Keypress: lshift
200.2015 	DATA 	Keypress: t
200.2080 	EXP 	Display Frame 1
200.3340 	EXP 	Display Frame 0
200.4580 	EXP 	Display Frame 1
200.5840 	EXP 	Display Frame 0
200.7080 	EXP 	Display Frame 1
200.8340 	EXP 	Display Frame 0
200.9580 	EXP 	Display Frame 1
201.0840 	EXP 	Display Frame 0
201.2080 	EXP 	Display Frame 1
201.3339 	EXP 	Display Frame 0
201.4579 	EXP 	Display Frame 1
201.5837 	EXP 	Display Frame 0
201.7079 	EXP 	Display Frame 1
201.8339 	EXP 	Display Frame 0
201.9578 	EXP 	Display Frame 1
202.0838 	EXP 	Display Frame 0
202.2078 	EXP 	Display Frame 1
202.3339 	EXP 	Display Frame 0
202.4578 	EXP 	Display Frame 1
202.5837 	EXP 	Display Frame 0
202.7079 	EXP 	Display Frame 1
202.8337 	EXP 	Display Frame 0
202.9579 	EXP 	Display Frame 1
203.0837 	EXP 	Display Frame 0
203.2079 	EXP 	Display Frame 1
203.3337 	EXP 	Display Frame 0
203.4579 	EXP 	Display Frame 1
203.5837 	EXP 	Display Frame 0
203.7077 	EXP 	Display Frame 1
203.8337 	EXP 	Display Frame 0
203.9577 	EXP 	Display Frame 1
204.0836 	EXP 	Display Frame 0
204.2079 	EXP 	Display Frame 1
204.3336 	EXP 	Display Frame 0
204.4579 	EXP 	Display Frame 1
204.5838 	EXP 	Display Frame 0
204.7078 	EXP 	Display Frame 1
204.8328 	EXP 	Display Frame 0
204.9580 	EXP 	Display Frame 1
205.0839 	EXP 	Display Frame 0
205.2079 	EXP 	Display Frame 1
205.3338 	EXP 	Display Frame 0
205.4579 	EXP 	Display Frame 1
205.5837 	EXP 	Display Frame 0
205.7079 	EXP 	Display Frame 1
205.8338 	EXP 	Display Frame 0
205.9584 	EXP 	Display Frame 1
206.0838 	EXP 	Display Frame 0
206.2078 	EXP 	Display Frame 1
206.3337 	EXP 	Display Frame 0
206.4514 	DATA 	Keypress: lshift
206.4515 	DATA 	Keypress: t
206.4578 	EXP 	Display Frame 1
206.5836 	EXP 	Display Frame 0
206.7078 	EXP 	Display Frame 1
206.8336 	EXP 	Display Frame 0
206.9578 	EXP 	Display Frame 1
207.0838 	EXP 	Display Frame 0
207.2078 	EXP 	Display Frame 1
207.3336 	EXP 	Display Frame 0
207.4579 	EXP 	Display Frame 1
207.5836 	EXP 	Display Frame 0
207.7079 	EXP 	Display Frame 1
207.8329 	EXP 	Display Frame 0
207.9577 	EXP 	Display Frame 1
208.0764 	DATA 	Keypress: lshift
208.0765 	DATA 	Keypress: t
208.0829 	EXP 	Display Frame 0
208.2077 	EXP 	Display Frame 1
208.3330 	EXP 	Display Frame 0
208.4578 	EXP 	Display Frame 1
208.5825 	EXP 	Display Frame 0
208.7078 	EXP 	Display Frame 1
208.8330 	EXP 	Display Frame 0
208.9578 	EXP 	Display Frame 1
209.0834 	EXP 	Display Frame 0
209.2079 	EXP 	Display Frame 1
209.3330 	EXP 	Display Frame 0
209.4579 	EXP 	Display Frame 1
209.5830 	EXP 	Display Frame 0
209.7079 	EXP 	Display Frame 1
209.8330 	EXP 	Display Frame 0
209.9577 	EXP 	Display Frame 1
210.0837 	EXP 	Display Frame 0
210.2078 	EXP 	Display Frame 1
210.3330 	EXP 	Display Frame 0
210.4577 	EXP 	Display Frame 1
210.5830 	EXP 	Display Frame 0
210.7077 	EXP 	Display Frame 1
210.8330 	EXP 	Display Frame 0
210.9578 	EXP 	Display Frame 1
211.0830 	EXP 	Display Frame 0
211.2080 	EXP 	Display Frame 1
211.3329 	EXP 	Display Frame 0
211.4577 	EXP 	Display Frame 1
211.5826 	EXP 	Display Frame 0
211.7076 	EXP 	Display Frame 1
211.8329 	EXP 	Display Frame 0
211.9578 	EXP 	Display Frame 1
212.0829 	EXP 	Display Frame 0
212.2078 	EXP 	Display Frame 1
212.3328 	EXP 	Display Frame 0
212.4576 	EXP 	Display Frame 1
212.5829 	EXP 	Display Frame 0
212.7076 	EXP 	Display Frame 1
212.8328 	EXP 	Display Frame 0
212.9579 	EXP 	Display Frame 1
213.0828 	EXP 	Display Frame 0
213.2079 	EXP 	Display Frame 1
213.3327 	EXP 	Display Frame 0
213.4575 	EXP 	Display Frame 1
213.5827 	EXP 	Display Frame 0
213.7079 	EXP 	Display Frame 1
213.8327 	EXP 	Display Frame 0
213.9575 	EXP 	Display Frame 1
214.0827 	EXP 	Display Frame 0
214.2079 	EXP 	Display Frame 1
214.3263 	DATA 	Keypress: lshift
214.3265 	DATA 	Keypress: t
214.3329 	EXP 	Display Frame 0
214.4578 	EXP 	Display Frame 1
214.5827 	EXP 	Display Frame 0
214.7079 	EXP 	Display Frame 1
214.8327 	EXP 	Display Frame 0
214.9580 	EXP 	Display Frame 1
215.0827 	EXP 	Display Frame 0
215.2079 	EXP 	Display Frame 1
215.3327 	EXP 	Display Frame 0
215.4579 	EXP 	Display Frame 1
215.5826 	EXP 	Display Frame 0
215.7067 	EXP 	Display Frame 1
215.8326 	EXP 	Display Frame 0
215.9513 	DATA 	Keypress: lshift
215.9515 	DATA 	Keypress: t
215.9573 	EXP 	Display Frame 1
216.0826 	EXP 	Display Frame 0
216.2077 	EXP 	Display Frame 1
216.3329 	EXP 	Display Frame 0
216.4567 	EXP 	Display Frame 1
216.5828 	EXP 	Display Frame 0
216.7072 	EXP 	Display Frame 1
216.8324 	EXP 	Display Frame 0
216.9567 	EXP 	Display Frame 1
217.0826 	EXP 	Display Frame 0
217.2076 	EXP 	Display Frame 1
217.3327 	EXP 	Display Frame 0
217.4575 	EXP 	Display Frame 1
217.5827 	EXP 	Display Frame 0
217.7075 	EXP 	Display Frame 1
217.8327 	EXP 	Display Frame 0
217.9568 	EXP 	Display Frame 1
218.0827 	EXP 	Display Frame 0
218.2068 	EXP 	Display Frame 1
218.3327 	EXP 	Display Frame 0
218.4568 	EXP 	Display Frame 1
218.5901 	EXP 	Display Frame 0
218.7075 	EXP 	Display Frame 1
218.8316 	EXP 	Display Frame 0
218.9568 	EXP 	Display Frame 1
219.0826 	EXP 	Display Frame 0
219.2067 	EXP 	Display Frame 1
219.3313 	EXP 	Display Frame 0
219.4567 	EXP 	Display Frame 1
219.5817 	EXP 	Display Frame 0
219.7067 	EXP 	Display Frame 1
219.8317 	EXP 	Display Frame 0
219.9567 	EXP 	Display Frame 1
220.0820 	EXP 	Display Frame 0
220.2068 	EXP 	Display Frame 1
220.3318 	EXP 	Display Frame 0
220.4573 	EXP 	Display Frame 1
220.5817 	EXP 	Display Frame 0
220.7067 	EXP 	Display Frame 1
220.8317 	EXP 	Display Frame 0
220.9565 	EXP 	Display Frame 1
221.0817 	EXP 	Display Frame 0
221.2068 	EXP 	Display Frame 1
221.3317 	EXP 	Display Frame 0
221.4568 	EXP 	Display Frame 1
221.5819 	EXP 	Display Frame 0
221.7069 	EXP 	Display Frame 1
221.8317 	EXP 	Display Frame 0
221.9568 	EXP 	Display Frame 1
222.0818 	EXP 	Display Frame 0
222.2013 	DATA 	Keypress: lshift
222.2015 	DATA 	Keypress: t
222.2068 	EXP 	Display Frame 1
222.3317 	EXP 	Display Frame 0
222.4568 	EXP 	Display Frame 1
222.5817 	EXP 	Display Frame 0
222.7067 	EXP 	Display Frame 1
222.8317 	EXP 	Display Frame 0
222.9568 	EXP 	Display Frame 1
223.0818 	EXP 	Display Frame 0
223.2068 	EXP 	Display Frame 1
223.3317 	EXP 	Display Frame 0
223.4568 	EXP 	Display Frame 1
223.5818 	EXP 	Display Frame 0
223.7067 	EXP 	Display Frame 1
223.8263 	DATA 	Keypress: lshift
223.8265 	DATA 	Keypress: t
223.8318 	EXP 	Display Frame 0
223.9567 	EXP 	Display Frame 1
224.0817 	EXP 	Display Frame 0
224.2068 	EXP 	Display Frame 1
224.3318 	EXP 	Display Frame 0
224.4568 	EXP 	Display Frame 1
224.5817 	EXP 	Display Frame 0
224.7069 	EXP 	Display Frame 1
224.8318 	EXP 	Display Frame 0
224.9568 	EXP 	Display Frame 1
225.0817 	EXP 	Display Frame 0
225.2066 	EXP 	Display Frame 1
225.3318 	EXP 	Display Frame 0
225.4568 	EXP 	Display Frame 1
225.5818 	EXP 	Display Frame 0
225.7072 	EXP 	Display Frame 1
225.8319 	EXP 	Display Frame 0
225.9568 	EXP 	Display Frame 1
226.0819 	EXP 	Display Frame 0
226.2066 	EXP 	Display Frame 1
226.3316 	EXP 	Display Frame 0
226.4569 	EXP 	Display Frame 1
226.5817 	EXP 	Display Frame 0
226.7069 	EXP 	Display Frame 1
226.8317 	EXP 	Display Frame 0
226.9566 	EXP 	Display Frame 1
227.0817 	EXP 	Display Frame 0
227.2067 	EXP 	Display Frame 1
227.3317 	EXP 	Display Frame 0
227.4567 	EXP 	Display Frame 1
227.5820 	EXP 	Display Frame 0
227.7067 	EXP 	Display Frame 1
227.8317 	EXP 	Display Frame 0
227.9567 	EXP 	Display Frame 1
228.0817 	EXP 	Display Frame 0
228.2067 	EXP 	Display Frame 1
228.3306 	EXP 	Display Frame 0
228.4566 	EXP 	Display Frame 1
228.5817 	EXP 	Display Frame 0
228.7065 	EXP 	Display Frame 1
228.8316 	EXP 	Display Frame 0
228.9556 	EXP 	Display Frame 1
229.0817 	EXP 	Display Frame 0
229.2055 	EXP 	Display Frame 1
229.3316 	EXP 	Display Frame 0
229.4557 	EXP 	Display Frame 1
229.5807 	EXP 	Display Frame 0
229.7056 	EXP 	Display Frame 1
229.8306 	EXP 	Display Frame 0
229.9556 	EXP 	Display Frame 1
230.0763 	DATA 	Keypress: lshift
230.0764 	DATA 	Keypress: t
230.0807 	EXP 	Display Frame 0
230.0898 	EXP 	Display Fixation
231.5835 	DATA 	Keypress: lshift
231.5836 	DATA 	Keypress: t
237.8036 	DATA 	Keypress: lshift
237.8037 	DATA 	Keypress: t
239.4296 	DATA 	Keypress: lshift
239.4297 	DATA 	Keypress: t
245.6497 	DATA 	Keypress: lshift
245.6498 	DATA 	Keypress: t
247.2756 	DATA 	Keypress: lshift
247.2757 	DATA 	Keypress: t
253.4946 	DATA 	Keypress: lshift
253.4947 	DATA 	Keypress: t
255.1216 	DATA 	Keypress: lshift
255.1217 	DATA 	Keypress: t
261.3407 	DATA 	Keypress: lshift
261.3408 	DATA 	Keypress: t
261.4728 	EXP 	Display Frame 1
261.6031 	EXP 	Display Frame 0
261.7230 	EXP 	Display Frame 1
261.8539 	EXP 	Display Frame 0
261.9730 	EXP 	Display Frame 1
262.1039 	EXP 	Display Frame 0
262.2230 	EXP 	Display Frame 1
262.3539 	EXP 	Display Frame 0
262.4730 	EXP 	Display Frame 1
262.6032 	EXP 	Display Frame 0
262.7228 	EXP 	Display Frame 1
262.8539 	EXP 	Display Frame 0
262.9675 	DATA 	Keypress: lshift
262.9677 	DATA 	Keypress: t
262.9730 	EXP 	Display Frame 1
263.1031 	EXP 	Display Frame 0
263.2228 	EXP 	Display Frame 1
263.3532 	EXP 	Display Frame 0
263.4728 	EXP 	Display Frame 1
263.6032 	EXP 	Display Frame 0
263.7228 	EXP 	Display Frame 1
263.8533 	EXP 	Display Frame 0
263.9728 	EXP 	Display Frame 1
264.1032 	EXP 	Display Frame 0
264.2227 	EXP 	Display Frame 1
264.3531 	EXP 	Display Frame 0
264.4730 	EXP 	Display Frame 1
264.6031 	EXP 	Display Frame 0
264.7229 	EXP 	Display Frame 1
264.8531 	EXP 	Display Frame 0
264.9728 	EXP 	Display Frame 1
265.1031 	EXP 	Display Frame 0
265.2227 	EXP 	Display Frame 1
265.3531 	EXP 	Display Frame 0
265.4732 	EXP 	Display Frame 1
265.6031 	EXP 	Display Frame 0
265.7227 	EXP 	Display Frame 1
265.8531 	EXP 	Display Frame 0
265.9729 	EXP 	Display Frame 1
266.1027 	EXP 	Display Frame 0
266.2228 	EXP 	Display Frame 1
266.3531 	EXP 	Display Frame 0
266.4727 	EXP 	Display Frame 1
266.6031 	EXP 	Display Frame 0
266.7228 	EXP 	Display Frame 1
266.8534 	EXP 	Display Frame 0
266.9728 	EXP 	Display Frame 1
267.1031 	EXP 	Display Frame 0
267.2230 	EXP 	Display Frame 1
267.3531 	EXP 	Display Frame 0
267.4729 	EXP 	Display Frame 1
267.6030 	EXP 	Display Frame 0
267.7227 	EXP 	Display Frame 1
267.8521 	EXP 	Display Frame 0
267.9727 	EXP 	Display Frame 1
268.1029 	EXP 	Display Frame 0
268.2227 	EXP 	Display Frame 1
268.3532 	EXP 	Display Frame 0
268.4727 	EXP 	Display Frame 1
268.6029 	EXP 	Display Frame 0
268.7227 	EXP 	Display Frame 1
268.8528 	EXP 	Display Frame 0
268.9692 	EXP 	Display Frame 1
269.1027 	EXP 	Display Frame 0
269.2175 	DATA 	Keypress: lshift
269.2176 	DATA 	Keypress: t
269.2218 	EXP 	Display Frame 1
269.3527 	EXP 	Display Frame 0
269.4728 	EXP 	Display Frame 1
269.6029 	EXP 	Display Frame 0
269.7218 	EXP 	Display Frame 1
269.8529 	EXP 	Display Frame 0
269.9730 	EXP 	Display Frame 1
270.1028 	EXP 	Display Frame 0
270.2219 	EXP 	Display Frame 1
270.3522 	EXP 	Display Frame 0
270.4718 	EXP 	Display Frame 1
270.6033 	EXP 	Display Frame 0
270.7218 	EXP 	Display Frame 1
270.8425 	DATA 	Keypress: lshift
270.8426 	DATA 	Keypress: t
270.8527 	EXP 	Display Frame 0
270.9717 	EXP 	Display Frame 1
271.1030 	EXP 	Display Frame 0
271.2217 	EXP 	Display Frame 1
271.3521 	EXP 	Display Frame 0
271.4717 	EXP 	Display Frame 1
271.6029 	EXP 	Display Frame 0
271.7218 	EXP 	Display Frame 1
271.8530 	EXP 	Display Frame 0
271.9717 	EXP 	Display Frame 1
272.1021 	EXP 	Display Frame 0
272.2217 	EXP 	Display Frame 1
272.3528 	EXP 	Display Frame 0
272.4717 	EXP 	Display Frame 1
272.6027 	EXP 	Display Frame 0
272.7217 	EXP 	Display Frame 1
272.8521 	EXP 	Display Frame 0
272.9717 	EXP 	Display Frame 1
273.1022 	EXP 	Display Frame 0
273.2217 	EXP 	Display Frame 1
273.3528 	EXP 	Display Frame 0
273.4717 	EXP 	Display Frame 1
273.6028 	EXP 	Display Frame 0
273.7217 	EXP 	Display Frame 1
273.8521 	EXP 	Display Frame 0
273.9717 	EXP 	Display Frame 1
274.1021 	EXP 	Display Frame 0
274.2217 	EXP 	Display Frame 1
274.3515 	EXP 	Display Frame 0
274.4715 	EXP 	Display Frame 1
274.6023 	EXP 	Display Frame 0
274.7218 	EXP 	Display Frame 1
274.8524 	EXP 	Display Frame 0
274.9717 	EXP 	Display Frame 1
275.1028 	EXP 	Display Frame 0
275.2217 	EXP 	Display Frame 1
275.3522 	EXP 	Display Frame 0
275.4718 	EXP 	Display Frame 1
275.6029 	EXP 	Display Frame 0
275.7218 	EXP 	Display Frame 1
275.8521 	EXP 	Display Frame 0
275.9717 	EXP 	Display Frame 1
276.1021 	EXP 	Display Frame 0
276.2217 	EXP 	Display Frame 1
276.3522 	EXP 	Display Frame 0
276.4718 	EXP 	Display Frame 1
276.6023 	EXP 	Display Frame 0
276.7218 	EXP 	Display Frame 1
276.8521 	EXP 	Display Frame 0
276.9717 	EXP 	Display Frame 1
277.0924 	DATA 	Keypress: lshift
277.0926 	DATA 	Keypress: t
277.1021 	EXP 	Display Frame 0
277.2217 	EXP 	Display Frame 1
277.3521 	EXP 	Display Frame 0
277.4717 	EXP 	Display Frame 1
277.6022 	EXP 	Display Frame 0
277.7217 	EXP 	Display Frame 1
277.8524 	EXP 	Display Frame 0
277.9717 	EXP 	Display Frame 1
278.1022 	EXP 	Display Frame 0
278.2218 	EXP 	Display Frame 1
278.3521 	EXP 	Display Frame 0
278.4716 	EXP 	Display Frame 1
278.6011 	EXP 	Display Frame 0
278.7175 	DATA 	Keypress: lshift
278.7176 	DATA 	Keypress: t
278.7218 	EXP 	Display Frame 1
278.8518 	EXP 	Display Frame 0
278.9718 	EXP 	Display Frame 1
279.1021 	EXP 	Display Frame 0
279.2218 	EXP 	Display Frame 1
279.3520 	EXP 	Display Frame 0
279.4718 	EXP 	Display Frame 1
279.6011 	EXP 	Display Frame 0
279.7218 	EXP 	Display Frame 1
279.8517 	EXP 	Display Frame 0
279.9718 	EXP 	Display Frame 1
280.1011 	EXP 	Display Frame 0
280.2218 	EXP 	Display Frame 1
280.3511 	EXP 	Display Frame 0
280.4723 	EXP 	Display Frame 1
280.6019 	EXP 	Display Frame 0
280.7218 	EXP 	Display Frame 1
280.8518 	EXP 	Display Frame 0
280.9718 	EXP 	Display Frame 1
281.1018 	EXP 	Display Frame 0
281.2217 	EXP 	Display Frame 1
281.3511 	EXP 	Display Frame 0
281.4718 	EXP 	Display Frame 1
281.6013 	EXP 	Display Frame 0
281.7218 	EXP 	Display Frame 1
281.8511 	EXP 	Display Frame 0
281.9717 	EXP 	Display Frame 1
282.1011 	EXP 	Display Frame 0
282.2217 	EXP 	Display Frame 1
282.3519 	EXP 	Display Frame 0
282.4717 	EXP 	Display Frame 1
282.6019 	EXP 	Display Frame 0
282.7217 	EXP 	Display Frame 1
282.8511 	EXP 	Display Frame 0
282.9717 	EXP 	Display Frame 1
283.1019 	EXP 	Display Frame 0
283.2218 	EXP 	Display Frame 1
283.3519 	EXP 	Display Frame 0
283.4718 	EXP 	Display Frame 1
283.6012 	EXP 	Display Frame 0
283.7217 	EXP 	Display Frame 1
283.8511 	EXP 	Display Frame 0
283.9717 	EXP 	Display Frame 1
284.1012 	EXP 	Display Frame 0
284.2218 	EXP 	Display Frame 1
284.3512 	EXP 	Display Frame 0
284.4719 	EXP 	Display Frame 1
284.6019 	EXP 	Display Frame 0
284.7219 	EXP 	Display Frame 1
284.8512 	EXP 	Display Frame 0
284.9675 	DATA 	Keypress: lshift
284.9676 	DATA 	Keypress: t
284.9718 	EXP 	Display Frame 1
285.1012 	EXP 	Display Frame 0
285.2217 	EXP 	Display Frame 1
285.3512 	EXP 	Display Frame 0
285.4718 	EXP 	Display Frame 1
285.6012 	EXP 	Display Frame 0
285.7223 	EXP 	Display Frame 1
285.8512 	EXP 	Display Frame 0
285.9717 	EXP 	Display Frame 1
286.1012 	EXP 	Display Frame 0
286.2217 	EXP 	Display Frame 1
286.3512 	EXP 	Display Frame 0
286.4721 	EXP 	Display Frame 1
286.5925 	DATA 	Keypress: lshift
286.5926 	DATA 	Keypress: t
286.6013 	EXP 	Display Frame 0
286.7218 	EXP 	Display Frame 1
286.8512 	EXP 	Display Frame 0
286.9715 	EXP 	Display Frame 1
287.1012 	EXP 	Display Frame 0
287.2217 	EXP 	Display Frame 1
287.3512 	EXP 	Display Frame 0
287.4718 	EXP 	Display Frame 1
287.6014 	EXP 	Display Frame 0
287.7218 	EXP 	Display Frame 1
287.8512 	EXP 	Display Frame 0
287.9717 	EXP 	Display Frame 1
288.1012 	EXP 	Display Frame 0
288.2217 	EXP 	Display Frame 1
288.3512 	EXP 	Display Frame 0
288.4717 	EXP 	Display Frame 1
288.6012 	EXP 	Display Frame 0
288.7216 	EXP 	Display Frame 1
288.8512 	EXP 	Display Frame 0
288.9718 	EXP 	Display Frame 1
289.1012 	EXP 	Display Frame 0
289.2216 	EXP 	Display Frame 1
289.3512 	EXP 	Display Frame 0
289.4718 	EXP 	Display Frame 1
289.6013 	EXP 	Display Frame 0
289.7218 	EXP 	Display Frame 1
289.8512 	EXP 	Display Frame 0
289.9718 	EXP 	Display Frame 1
290.1011 	EXP 	Display Frame 0
290.2218 	EXP 	Display Frame 1
290.3512 	EXP 	Display Frame 0
290.4718 	EXP 	Display Frame 1
290.6020 	EXP 	Display Frame 0
290.7218 	EXP 	Display Frame 1
290.8517 	EXP 	Display Frame 0
290.9718 	EXP 	Display Frame 1
291.1018 	EXP 	Display Frame 0
291.2218 	EXP 	Display Frame 1
291.3502 	EXP 	Display Frame 0
291.4718 	EXP 	Display Frame 1
291.6009 	EXP 	Display Frame 0
291.7218 	EXP 	Display Frame 1
291.8502 	EXP 	Display Frame 0
291.9717 	EXP 	Display Frame 1
292.1001 	EXP 	Display Frame 0
292.2217 	EXP 	Display Frame 1
292.3508 	EXP 	Display Frame 0
292.4717 	EXP 	Display Frame 1
292.6008 	EXP 	Display Frame 0
292.7217 	EXP 	Display Frame 1
292.8425 	DATA 	Keypress: lshift
292.8426 	DATA 	Keypress: t
292.8502 	EXP 	Display Frame 0
292.8589 	EXP 	Display Fixation
294.3497 	DATA 	Keypress: lshift
294.3498 	DATA 	Keypress: t
300.5698 	DATA 	Keypress: lshift
300.5699 	DATA 	Keypress: t
302.1957 	DATA 	Keypress: lshift
302.1958 	DATA 	Keypress: t
308.4158 	DATA 	Keypress: lshift
308.4159 	DATA 	Keypress: t
310.0416 	DATA 	Keypress: lshift
310.0417 	DATA 	Keypress: t
316.2609 	DATA 	Keypress: lshift
316.2610 	DATA 	Keypress: t
317.8877 	DATA 	Keypress: lshift
317.8878 	DATA 	Keypress: t
324.1068 	DATA 	Keypress: lshift
324.1069 	DATA 	Keypress: t
324.2380 	EXP 	Display Frame 1
324.3641 	EXP 	Display Frame 0
324.4879 	EXP 	Display Frame 1
324.6141 	EXP 	Display Frame 0
324.7366 	EXP 	Display Frame 1
324.8648 	EXP 	Display Frame 0
324.9867 	EXP 	Display Frame 1
325.1149 	EXP 	Display Frame 0
325.2369 	EXP 	Display Frame 1
325.3652 	EXP 	Display Frame 0
325.4867 	EXP 	Display Frame 1
325.6140 	EXP 	Display Frame 0
325.7337 	DATA 	Keypress: lshift
325.7338 	DATA 	Keypress: t
325.7391 	EXP 	Display Frame 1
325.8647 	EXP 	Display Frame 0
325.9866 	EXP 	Display Frame 1
326.1140 	EXP 	Display Frame 0
326.2367 	EXP 	Display Frame 1
326.3640 	EXP 	Display Frame 0
326.4868 	EXP 	Display Frame 1
326.6140 	EXP 	Display Frame 0
326.7365 	EXP 	Display Frame 1
326.8639 	EXP 	Display Frame 0
326.9877 	EXP 	Display Frame 1
327.1138 	EXP 	Display Frame 0
327.2365 	EXP 	Display Frame 1
327.3639 	EXP 	Display Frame 0
327.4866 	EXP 	Display Frame 1
327.6139 	EXP 	Display Frame 0
327.7366 	EXP 	Display Frame 1
327.8640 	EXP 	Display Frame 0
327.9866 	EXP 	Display Frame 1
328.1140 	EXP 	Display Frame 0
328.2366 	EXP 	Display Frame 1
328.3640 	EXP 	Display Frame 0
328.4866 	EXP 	Display Frame 1
328.6140 	EXP 	Display Frame 0
328.7366 	EXP 	Display Frame 1
328.8640 	EXP 	Display Frame 0
328.9866 	EXP 	Display Frame 1
329.1140 	EXP 	Display Frame 0
329.2366 	EXP 	Display Frame 1
329.3640 	EXP 	Display Frame 0
329.4866 	EXP 	Display Frame 1
329.6140 	EXP 	Display Frame 0
329.7367 	EXP 	Display Frame 1
329.8642 	EXP 	Display Frame 0
329.9868 	EXP 	Display Frame 1
330.1141 	EXP 	Display Frame 0
330.2368 	EXP 	Display Frame 1
330.3641 	EXP 	Display Frame 0
330.4866 	EXP 	Display Frame 1
330.6140 	EXP 	Display Frame 0
330.7372 	EXP 	Display Frame 1
330.8641 	EXP 	Display Frame 0
330.9866 	EXP 	Display Frame 1
331.1139 	EXP 	Display Frame 0
331.2366 	EXP 	Display Frame 1
331.3639 	EXP 	Display Frame 0
331.4866 	EXP 	Display Frame 1
331.6138 	EXP 	Display Frame 0
331.7366 	EXP 	Display Frame 1
331.8641 	EXP 	Display Frame 0
331.9836 	DATA 	Keypress: lshift
331.9837 	DATA 	Keypress: t
331.9892 	EXP 	Display Frame 1
332.1140 	EXP 	Display Frame 0
332.2366 	EXP 	Display Frame 1
332.3639 	EXP 	Display Frame 0
332.4866 	EXP 	Display Frame 1
332.6140 	EXP 	Display Frame 0
332.7367 	EXP 	Display Frame 1
332.8640 	EXP 	Display Frame 0
332.9867 	EXP 	Display Frame 1
333.1140 	EXP 	Display Frame 0
333.2366 	EXP 	Display Frame 1
333.3640 	EXP 	Display Frame 0
333.4866 	EXP 	Display Frame 1
333.6085 	DATA 	Keypress: lshift
333.6087 	DATA 	Keypress: t
333.6140 	EXP 	Display Frame 0
333.7367 	EXP 	Display Frame 1
333.8640 	EXP 	Display Frame 0
333.9867 	EXP 	Display Frame 1
334.1141 	EXP 	Display Frame 0
334.2368 	EXP 	Display Frame 1
334.3641 	EXP 	Display Frame 0
334.4867 	EXP 	Display Frame 1
334.6140 	EXP 	Display Frame 0
334.7367 	EXP 	Display Frame 1
334.8639 	EXP 	Display Frame 0
334.9867 	EXP 	Display Frame 1
335.1140 	EXP 	Display Frame 0
335.2373 	EXP 	Display Frame 1
335.3641 	EXP 	Display Frame 0
335.4866 	EXP 	Display Frame 1
335.6139 	EXP 	Display Frame 0
335.7366 	EXP 	Display Frame 1
335.8638 	EXP 	Display Frame 0
335.9866 	EXP 	Display Frame 1
336.1139 	EXP 	Display Frame 0
336.2367 	EXP 	Display Frame 1
336.3639 	EXP 	Display Frame 0
336.4867 	EXP 	Display Frame 1
336.6129 	EXP 	Display Frame 0
336.7367 	EXP 	Display Frame 1
336.8629 	EXP 	Display Frame 0
336.9867 	EXP 	Display Frame 1
337.1127 	EXP 	Display Frame 0
337.2368 	EXP 	Display Frame 1
337.3628 	EXP 	Display Frame 0
337.4868 	EXP 	Display Frame 1
337.6129 	EXP 	Display Frame 0
337.7367 	EXP 	Display Frame 1
337.8629 	EXP 	Display Frame 0
337.9867 	EXP 	Display Frame 1
338.1128 	EXP 	Display Frame 0
338.2366 	EXP 	Display Frame 1
338.3628 	EXP 	Display Frame 0
338.4866 	EXP 	Display Frame 1
338.6128 	EXP 	Display Frame 0
338.7365 	EXP 	Display Frame 1
338.8629 	EXP 	Display Frame 0
338.9866 	EXP 	Display Frame 1
339.1128 	EXP 	Display Frame 0
339.2366 	EXP 	Display Frame 1
339.3627 	EXP 	Display Frame 0
339.4867 	EXP 	Display Frame 1
339.6129 	EXP 	Display Frame 0
339.7370 	EXP 	Display Frame 1
339.8585 	DATA 	Keypress: lshift
339.8587 	DATA 	Keypress: t
339.8630 	EXP 	Display Frame 0
339.9867 	EXP 	Display Frame 1
340.1130 	EXP 	Display Frame 0
340.2366 	EXP 	Display Frame 1
340.3628 	EXP 	Display Frame 0
340.4866 	EXP 	Display Frame 1
340.6128 	EXP 	Display Frame 0
340.7366 	EXP 	Display Frame 1
340.8634 	EXP 	Display Frame 0
340.9867 	EXP 	Display Frame 1
341.1128 	EXP 	Display Frame 0
341.2366 	EXP 	Display Frame 1
341.3629 	EXP 	Display Frame 0
341.4836 	DATA 	Keypress: lshift
341.4837 	DATA 	Keypress: t
341.4879 	EXP 	Display Frame 1
341.6128 	EXP 	Display Frame 0
341.7367 	EXP 	Display Frame 1
341.8628 	EXP 	Display Frame 0
341.9868 	EXP 	Display Frame 1
342.1130 	EXP 	Display Frame 0
342.2367 	EXP 	Display Frame 1
342.3629 	EXP 	Display Frame 0
342.4866 	EXP 	Display Frame 1
342.6128 	EXP 	Display Frame 0
342.7366 	EXP 	Display Frame 1
342.8628 	EXP 	Display Frame 0
342.9865 	EXP 	Display Frame 1
343.1127 	EXP 	Display Frame 0
343.2366 	EXP 	Display Frame 1
343.3628 	EXP 	Display Frame 0
343.4866 	EXP 	Display Frame 1
343.6128 	EXP 	Display Frame 0
343.7366 	EXP 	Display Frame 1
343.8627 	EXP 	Display Frame 0
343.9866 	EXP 	Display Frame 1
344.1127 	EXP 	Display Frame 0
344.2364 	EXP 	Display Frame 1
344.3629 	EXP 	Display Frame 0
344.4866 	EXP 	Display Frame 1
344.6130 	EXP 	Display Frame 0
344.7366 	EXP 	Display Frame 1
344.8629 	EXP 	Display Frame 0
344.9867 	EXP 	Display Frame 1
345.1129 	EXP 	Display Frame 0
345.2366 	EXP 	Display Frame 1
345.3634 	EXP 	Display Frame 0
345.4867 	EXP 	Display Frame 1
345.6129 	EXP 	Display Frame 0
345.7367 	EXP 	Display Frame 1
345.8628 	EXP 	Display Frame 0
345.9867 	EXP 	Display Frame 1
346.1128 	EXP 	Display Frame 0
346.2366 	EXP 	Display Frame 1
346.3628 	EXP 	Display Frame 0
346.4869 	EXP 	Display Frame 1
346.6129 	EXP 	Display Frame 0
346.7367 	EXP 	Display Frame 1
346.8628 	EXP 	Display Frame 0
346.9866 	EXP 	Display Frame 1
347.1127 	EXP 	Display Frame 0
347.2366 	EXP 	Display Frame 1
347.3628 	EXP 	Display Frame 0
347.4864 	EXP 	Display Frame 1
347.6129 	EXP 	Display Frame 0
347.7335 	DATA 	Keypress: lshift
347.7337 	DATA 	Keypress: t
347.7461 	EXP 	Display Frame 1
347.8628 	EXP 	Display Frame 0
347.9865 	EXP 	Display Frame 1
348.1126 	EXP 	Display Frame 0
348.2364 	EXP 	Display Frame 1
348.3616 	EXP 	Display Frame 0
348.4867 	EXP 	Display Frame 1
348.6116 	EXP 	Display Frame 0
348.7367 	EXP 	Display Frame 1
348.8616 	EXP 	Display Frame 0
348.9867 	EXP 	Display Frame 1
349.1116 	EXP 	Display Frame 0
349.2367 	EXP 	Display Frame 1
349.3586 	DATA 	Keypress: lshift
349.3587 	DATA 	Keypress: t
349.3702 	EXP 	Display Frame 0
349.4867 	EXP 	Display Frame 1
349.6117 	EXP 	Display Frame 0
349.7368 	EXP 	Display Frame 1
349.8616 	EXP 	Display Frame 0
349.9867 	EXP 	Display Frame 1
350.1117 	EXP 	Display Frame 0
350.2367 	EXP 	Display Frame 1
350.3616 	EXP 	Display Frame 0
350.4867 	EXP 	Display Frame 1
350.6123 	EXP 	Display Frame 0
350.7367 	EXP 	Display Frame 1
350.8616 	EXP 	Display Frame 0
350.9866 	EXP 	Display Frame 1
351.1116 	EXP 	Display Frame 0
351.2367 	EXP 	Display Frame 1
351.3615 	EXP 	Display Frame 0
351.4867 	EXP 	Display Frame 1
351.6115 	EXP 	Display Frame 0
351.7368 	EXP 	Display Frame 1
351.8617 	EXP 	Display Frame 0
351.9866 	EXP 	Display Frame 1
352.1116 	EXP 	Display Frame 0
352.2366 	EXP 	Display Frame 1
352.3616 	EXP 	Display Frame 0
352.4867 	EXP 	Display Frame 1
352.6116 	EXP 	Display Frame 0
352.7366 	EXP 	Display Frame 1
352.8616 	EXP 	Display Frame 0
352.9866 	EXP 	Display Frame 1
353.1116 	EXP 	Display Frame 0
353.2365 	EXP 	Display Frame 1
353.3615 	EXP 	Display Frame 0
353.4866 	EXP 	Display Frame 1
353.6116 	EXP 	Display Frame 0
353.7367 	EXP 	Display Frame 1
353.8617 	EXP 	Display Frame 0
353.9867 	EXP 	Display Frame 1
354.1116 	EXP 	Display Frame 0
354.2367 	EXP 	Display Frame 1
354.3617 	EXP 	Display Frame 0
354.4866 	EXP 	Display Frame 1
354.6117 	EXP 	Display Frame 0
354.7373 	EXP 	Display Frame 1
354.8617 	EXP 	Display Frame 0
354.9866 	EXP 	Display Frame 1
355.1117 	EXP 	Display Frame 0
355.2366 	EXP 	Display Frame 1
355.3699 	EXP 	Display Frame 0
355.4951 	EXP 	Display Frame 1
355.4955 	DATA 	Keypress: lshift
355.4957 	DATA 	Keypress: t
355.5024 	EXP 	Display Fixation
357.1158 	DATA 	Keypress: lshift
357.1159 	DATA 	Keypress: t
363.3358 	DATA 	Keypress: lshift
363.3360 	DATA 	Keypress: t
364.9619 	DATA 	Keypress: lshift
364.9620 	DATA 	Keypress: t
371.1819 	DATA 	Keypress: lshift
371.1820 	DATA 	Keypress: t
372.8078 	DATA 	Keypress: lshift
372.8080 	DATA 	Keypress: t
379.0270 	DATA 	Keypress: lshift
379.0271 	DATA 	Keypress: t
380.6539 	DATA 	Keypress: lshift
380.6541 	DATA 	Keypress: t
386.8731 	DATA 	Keypress: lshift
386.8732 	DATA 	Keypress: t
387.0092 	EXP 	Display Frame 1
387.1343 	EXP 	Display Frame 0
387.2592 	EXP 	Display Frame 1
387.3841 	EXP 	Display Frame 0
387.5091 	EXP 	Display Frame 1
387.6341 	EXP 	Display Frame 0
387.7584 	EXP 	Display Frame 1
387.8841 	EXP 	Display Frame 0
388.0086 	EXP 	Display Frame 1
388.1341 	EXP 	Display Frame 0
388.2590 	EXP 	Display Frame 1
388.3844 	EXP 	Display Frame 0
388.4998 	DATA 	Keypress: lshift
388.4999 	DATA 	Keypress: t
388.5087 	EXP 	Display Frame 1
388.6343 	EXP 	Display Frame 0
388.7584 	EXP 	Display Frame 1
388.8834 	EXP 	Display Frame 0
389.0086 	EXP 	Display Frame 1
389.1343 	EXP 	Display Frame 0
389.2593 	EXP 	Display Frame 1
389.3843 	EXP 	Display Frame 0
389.5093 	EXP 	Display Frame 1
389.6343 	EXP 	Display Frame 0
389.7591 	EXP 	Display Frame 1
389.8841 	EXP 	Display Frame 0
390.0092 	EXP 	Display Frame 1
390.1348 	EXP 	Display Frame 0
390.2592 	EXP 	Display Frame 1
390.3840 	EXP 	Display Frame 0
390.5090 	EXP 	Display Frame 1
390.6340 	EXP 	Display Frame 0
390.7589 	EXP 	Display Frame 1
390.8840 	EXP 	Display Frame 0
391.0090 	EXP 	Display Frame 1
391.1340 	EXP 	Display Frame 0
391.2586 	EXP 	Display Frame 1
391.3840 	EXP 	Display Frame 0
391.5084 	EXP 	Display Frame 1
391.6334 	EXP 	Display Frame 0
391.7590 	EXP 	Display Frame 1
391.8834 	EXP 	Display Frame 0
392.0084 	EXP 	Display Frame 1
392.1334 	EXP 	Display Frame 0
392.2589 	EXP 	Display Frame 1
392.3834 	EXP 	Display Frame 0
392.5084 	EXP 	Display Frame 1
392.6334 	EXP 	Display Frame 0
392.7580 	EXP 	Display Frame 1
392.8834 	EXP 	Display Frame 0
393.0084 	EXP 	Display Frame 1
393.1334 	EXP 	Display Frame 0
393.2584 	EXP 	Display Frame 1
393.3834 	EXP 	Display Frame 0
393.5084 	EXP 	Display Frame 1
393.6334 	EXP 	Display Frame 0
393.7584 	EXP 	Display Frame 1
393.8834 	EXP 	Display Frame 0
394.0084 	EXP 	Display Frame 1
394.1334 	EXP 	Display Frame 0
394.2584 	EXP 	Display Frame 1
394.3834 	EXP 	Display Frame 0
394.5084 	EXP 	Display Frame 1
394.6334 	EXP 	Display Frame 0
394.7497 	DATA 	Keypress: lshift
394.7498 	DATA 	Keypress: t
394.7586 	EXP 	Display Frame 1
394.8834 	EXP 	Display Frame 0
395.0084 	EXP 	Display Frame 1
395.1334 	EXP 	Display Frame 0
395.2584 	EXP 	Display Frame 1
395.3834 	EXP 	Display Frame 0
395.5083 	EXP 	Display Frame 1
395.6339 	EXP 	Display Frame 0
395.7584 	EXP 	Display Frame 1
395.8833 	EXP 	Display Frame 0
396.0084 	EXP 	Display Frame 1
396.1334 	EXP 	Display Frame 0
396.2583 	EXP 	Display Frame 1
396.3747 	DATA 	Keypress: lshift
396.3748 	DATA 	Keypress: t
396.3833 	EXP 	Display Frame 0
396.5082 	EXP 	Display Frame 1
396.6332 	EXP 	Display Frame 0
396.7586 	EXP 	Display Frame 1
396.8833 	EXP 	Display Frame 0
397.0084 	EXP 	Display Frame 1
397.1332 	EXP 	Display Frame 0
397.2584 	EXP 	Display Frame 1
397.3832 	EXP 	Display Frame 0
397.5081 	EXP 	Display Frame 1
397.6332 	EXP 	Display Frame 0
397.7581 	EXP 	Display Frame 1
397.8832 	EXP 	Display Frame 0
398.0074 	EXP 	Display Frame 1
398.1331 	EXP 	Display Frame 0
398.2581 	EXP 	Display Frame 1
398.3831 	EXP 	Display Frame 0
398.5081 	EXP 	Display Frame 1
398.6331 	EXP 	Display Frame 0
398.7583 	EXP 	Display Frame 1
398.8830 	EXP 	Display Frame 0
399.0081 	EXP 	Display Frame 1
399.1330 	EXP 	Display Frame 0
399.2580 	EXP 	Display Frame 1
399.3831 	EXP 	Display Frame 0
399.5084 	EXP 	Display Frame 1
399.6331 	EXP 	Display Frame 0
399.7574 	EXP 	Display Frame 1
399.8831 	EXP 	Display Frame 0
400.0083 	EXP 	Display Frame 1
400.1331 	EXP 	Display Frame 0
400.2583 	EXP 	Display Frame 1
400.3829 	EXP 	Display Frame 0
400.5088 	EXP 	Display Frame 1
400.6333 	EXP 	Display Frame 0
400.7582 	EXP 	Display Frame 1
400.8831 	EXP 	Display Frame 0
401.0081 	EXP 	Display Frame 1
401.1332 	EXP 	Display Frame 0
401.2573 	EXP 	Display Frame 1
401.3831 	EXP 	Display Frame 0
401.5081 	EXP 	Display Frame 1
401.6332 	EXP 	Display Frame 0
401.7574 	EXP 	Display Frame 1
401.8831 	EXP 	Display Frame 0
402.0074 	EXP 	Display Frame 1
402.1331 	EXP 	Display Frame 0
402.2581 	EXP 	Display Frame 1
402.3830 	EXP 	Display Frame 0
402.5080 	EXP 	Display Frame 1
402.6247 	DATA 	Keypress: lshift
402.6248 	DATA 	Keypress: t
402.6324 	EXP 	Display Frame 0
402.7572 	EXP 	Display Frame 1
402.8830 	EXP 	Display Frame 0
403.0074 	EXP 	Display Frame 1
403.1330 	EXP 	Display Frame 0
403.2574 	EXP 	Display Frame 1
403.3830 	EXP 	Display Frame 0
403.5071 	EXP 	Display Frame 1
403.6324 	EXP 	Display Frame 0
403.7572 	EXP 	Display Frame 1
403.8829 	EXP 	Display Frame 0
404.0074 	EXP 	Display Frame 1
404.1328 	EXP 	Display Frame 0
404.2497 	DATA 	Keypress: lshift
404.2499 	DATA 	Keypress: t
404.2574 	EXP 	Display Frame 1
404.3824 	EXP 	Display Frame 0
404.5071 	EXP 	Display Frame 1
404.6324 	EXP 	Display Frame 0
404.7574 	EXP 	Display Frame 1
404.8824 	EXP 	Display Frame 0
405.0074 	EXP 	Display Frame 1
405.1324 	EXP 	Display Frame 0
405.2573 	EXP 	Display Frame 1
405.3825 	EXP 	Display Frame 0
405.5074 	EXP 	Display Frame 1
405.6324 	EXP 	Display Frame 0
405.7579 	EXP 	Display Frame 1
405.8824 	EXP 	Display Frame 0
406.0074 	EXP 	Display Frame 1
406.1324 	EXP 	Display Frame 0
406.2574 	EXP 	Display Frame 1
406.3824 	EXP 	Display Frame 0
406.5077 	EXP 	Display Frame 1
406.6324 	EXP 	Display Frame 0
406.7573 	EXP 	Display Frame 1
406.8824 	EXP 	Display Frame 0
407.0074 	EXP 	Display Frame 1
407.1327 	EXP 	Display Frame 0
407.2574 	EXP 	Display Frame 1
407.3824 	EXP 	Display Frame 0
407.5073 	EXP 	Display Frame 1
407.6325 	EXP 	Display Frame 0
407.7573 	EXP 	Display Frame 1
407.8824 	EXP 	Display Frame 0
408.0072 	EXP 	Display Frame 1
408.1324 	EXP 	Display Frame 0
408.2572 	EXP 	Display Frame 1
408.3824 	EXP 	Display Frame 0
408.5071 	EXP 	Display Frame 1
408.6324 	EXP 	Display Frame 0
408.7572 	EXP 	Display Frame 1
408.8821 	EXP 	Display Frame 0
409.0072 	EXP 	Display Frame 1
409.1321 	EXP 	Display Frame 0
409.2571 	EXP 	Display Frame 1
409.3819 	EXP 	Display Frame 0
409.5073 	EXP 	Display Frame 1
409.6322 	EXP 	Display Frame 0
409.7574 	EXP 	Display Frame 1
409.8824 	EXP 	Display Frame 0
410.0071 	EXP 	Display Frame 1
410.1313 	EXP 	Display Frame 0
410.2570 	EXP 	Display Frame 1
410.3813 	EXP 	Display Frame 0
410.4997 	DATA 	Keypress: lshift
410.4998 	DATA 	Keypress: t
410.5068 	EXP 	Display Frame 1
410.6313 	EXP 	Display Frame 0
410.7561 	EXP 	Display Frame 1
410.8812 	EXP 	Display Frame 0
411.0063 	EXP 	Display Frame 1
411.1313 	EXP 	Display Frame 0
411.2571 	EXP 	Display Frame 1
411.3812 	EXP 	Display Frame 0
411.5062 	EXP 	Display Frame 1
411.6324 	EXP 	Display Frame 0
411.7573 	EXP 	Display Frame 1
411.8822 	EXP 	Display Frame 0
412.0062 	EXP 	Display Frame 1
412.1247 	DATA 	Keypress: lshift
412.1249 	DATA 	Keypress: t
412.1313 	EXP 	Display Frame 0
412.2563 	EXP 	Display Frame 1
412.3819 	EXP 	Display Frame 0
412.5071 	EXP 	Display Frame 1
412.6313 	EXP 	Display Frame 0
412.7569 	EXP 	Display Frame 1
412.8821 	EXP 	Display Frame 0
413.0069 	EXP 	Display Frame 1
413.1321 	EXP 	Display Frame 0
413.2569 	EXP 	Display Frame 1
413.3820 	EXP 	Display Frame 0
413.5069 	EXP 	Display Frame 1
413.6321 	EXP 	Display Frame 0
413.7569 	EXP 	Display Frame 1
413.8819 	EXP 	Display Frame 0
414.0062 	EXP 	Display Frame 1
414.1312 	EXP 	Display Frame 0
414.2569 	EXP 	Display Frame 1
414.3810 	EXP 	Display Frame 0
414.5070 	EXP 	Display Frame 1
414.6314 	EXP 	Display Frame 0
414.7570 	EXP 	Display Frame 1
414.8814 	EXP 	Display Frame 0
415.0069 	EXP 	Display Frame 1
415.1313 	EXP 	Display Frame 0
415.2570 	EXP 	Display Frame 1
415.3813 	EXP 	Display Frame 0
415.5070 	EXP 	Display Frame 1
415.6313 	EXP 	Display Frame 0
415.7575 	EXP 	Display Frame 1
415.8813 	EXP 	Display Frame 0
416.0069 	EXP 	Display Frame 1
416.1312 	EXP 	Display Frame 0
416.2569 	EXP 	Display Frame 1
416.3812 	EXP 	Display Frame 0
416.5058 	EXP 	Display Frame 1
416.6312 	EXP 	Display Frame 0
416.7562 	EXP 	Display Frame 1
416.8814 	EXP 	Display Frame 0
417.0064 	EXP 	Display Frame 1
417.1313 	EXP 	Display Frame 0
417.2564 	EXP 	Display Frame 1
417.3813 	EXP 	Display Frame 0
417.5063 	EXP 	Display Frame 1
417.6313 	EXP 	Display Frame 0
417.7563 	EXP 	Display Frame 1
417.8813 	EXP 	Display Frame 0
418.0063 	EXP 	Display Frame 1
418.1313 	EXP 	Display Frame 0
418.2561 	EXP 	Display Frame 1
418.2568 	DATA 	Keypress: lshift
418.2569 	DATA 	Keypress: t
418.2647 	EXP 	Display Fixation
419.8830 	DATA 	Keypress: lshift
419.8832 	DATA 	Keypress: t
426.1021 	DATA 	Keypress: lshift
426.1023 	DATA 	Keypress: t
427.7280 	DATA 	Keypress: lshift
427.7281 	DATA 	Keypress: t
433.9480 	DATA 	Keypress: lshift
433.9481 	DATA 	Keypress: t
435.5740 	DATA 	Keypress: lshift
435.5742 	DATA 	Keypress: t
441.7941 	DATA 	Keypress: lshift
441.7942 	DATA 	Keypress: t
443.4201 	DATA 	Keypress: lshift
443.4202 	DATA 	Keypress: t
449.6391 	DATA 	Keypress: lshift
449.6394 	DATA 	Keypress: t
449.7702 	EXP 	Display Frame 1
449.8953 	EXP 	Display Frame 0
450.0204 	EXP 	Display Frame 1
450.1457 	EXP 	Display Frame 0
450.2703 	EXP 	Display Frame 1
450.3953 	EXP 	Display Frame 0
450.5203 	EXP 	Display Frame 1
450.6453 	EXP 	Display Frame 0
450.7701 	EXP 	Display Frame 1
450.8951 	EXP 	Display Frame 0
451.0203 	EXP 	Display Frame 1
451.1453 	EXP 	Display Frame 0
451.2661 	DATA 	Keypress: lshift
451.2662 	DATA 	Keypress: t
451.2786 	EXP 	Display Frame 1
451.3953 	EXP 	Display Frame 0
451.5203 	EXP 	Display Frame 1
451.6453 	EXP 	Display Frame 0
451.7703 	EXP 	Display Frame 1
451.8953 	EXP 	Display Frame 0
452.0203 	EXP 	Display Frame 1
452.1453 	EXP 	Display Frame 0
452.2703 	EXP 	Display Frame 1
452.3950 	EXP 	Display Frame 0
452.5201 	EXP 	Display Frame 1
452.6451 	EXP 	Display Frame 0
452.7702 	EXP 	Display Frame 1
452.8952 	EXP 	Display Frame 0
453.0202 	EXP 	Display Frame 1
453.1452 	EXP 	Display Frame 0
453.2701 	EXP 	Display Frame 1
453.3951 	EXP 	Display Frame 0
453.5201 	EXP 	Display Frame 1
453.6452 	EXP 	Display Frame 0
453.7702 	EXP 	Display Frame 1
453.8952 	EXP 	Display Frame 0
454.0201 	EXP 	Display Frame 1
454.1450 	EXP 	Display Frame 0
454.2690 	EXP 	Display Frame 1
454.3940 	EXP 	Display Frame 0
454.5190 	EXP 	Display Frame 1
454.6441 	EXP 	Display Frame 0
454.7690 	EXP 	Display Frame 1
454.8939 	EXP 	Display Frame 0
455.0190 	EXP 	Display Frame 1
455.1440 	EXP 	Display Frame 0
455.2690 	EXP 	Display Frame 1
455.3940 	EXP 	Display Frame 0
455.5190 	EXP 	Display Frame 1
455.6439 	EXP 	Display Frame 0
455.7696 	EXP 	Display Frame 1
455.8940 	EXP 	Display Frame 0
456.0189 	EXP 	Display Frame 1
456.1439 	EXP 	Display Frame 0
456.2689 	EXP 	Display Frame 1
456.3939 	EXP 	Display Frame 0
456.5190 	EXP 	Display Frame 1
456.6439 	EXP 	Display Frame 0
456.7690 	EXP 	Display Frame 1
456.8941 	EXP 	Display Frame 0
457.0190 	EXP 	Display Frame 1
457.1440 	EXP 	Display Frame 0
457.2690 	EXP 	Display Frame 1
457.3941 	EXP 	Display Frame 0
457.5159 	DATA 	Keypress: lshift
457.5160 	DATA 	Keypress: t
457.5276 	EXP 	Display Frame 1
457.6441 	EXP 	Display Frame 0
457.7690 	EXP 	Display Frame 1
457.8940 	EXP 	Display Frame 0
458.0190 	EXP 	Display Frame 1
458.1439 	EXP 	Display Frame 0
458.2689 	EXP 	Display Frame 1
458.3940 	EXP 	Display Frame 0
458.5189 	EXP 	Display Frame 1
458.6439 	EXP 	Display Frame 0
458.7691 	EXP 	Display Frame 1
458.8939 	EXP 	Display Frame 0
459.0189 	EXP 	Display Frame 1
459.1408 	DATA 	Keypress: lshift
459.1410 	DATA 	Keypress: t
459.1495 	EXP 	Display Frame 0
459.2690 	EXP 	Display Frame 1
459.3940 	EXP 	Display Frame 0
459.5191 	EXP 	Display Frame 1
459.6441 	EXP 	Display Frame 0
459.7690 	EXP 	Display Frame 1
459.8940 	EXP 	Display Frame 0
460.0191 	EXP 	Display Frame 1
460.1441 	EXP 	Display Frame 0
460.2690 	EXP 	Display Frame 1
460.3940 	EXP 	Display Frame 0
460.5196 	EXP 	Display Frame 1
460.6441 	EXP 	Display Frame 0
460.7689 	EXP 	Display Frame 1
460.8940 	EXP 	Display Frame 0
461.0189 	EXP 	Display Frame 1
461.1440 	EXP 	Display Frame 0
461.2690 	EXP 	Display Frame 1
461.3940 	EXP 	Display Frame 0
461.5190 	EXP 	Display Frame 1
461.6442 	EXP 	Display Frame 0
461.7690 	EXP 	Display Frame 1
461.8940 	EXP 	Display Frame 0
462.0190 	EXP 	Display Frame 1
462.1495 	EXP 	Display Frame 0
462.2775 	EXP 	Display Frame 1
462.3995 	EXP 	Display Frame 0
462.5275 	EXP 	Display Frame 1
462.6495 	EXP 	Display Frame 0
462.7774 	EXP 	Display Frame 1
462.8995 	EXP 	Display Frame 0
463.0272 	EXP 	Display Frame 1
463.1494 	EXP 	Display Frame 0
463.2772 	EXP 	Display Frame 1
463.3994 	EXP 	Display Frame 0
463.5273 	EXP 	Display Frame 1
463.6494 	EXP 	Display Frame 0
463.7773 	EXP 	Display Frame 1
463.8995 	EXP 	Display Frame 0
464.0273 	EXP 	Display Frame 1
464.1495 	EXP 	Display Frame 0
464.2773 	EXP 	Display Frame 1
464.3996 	EXP 	Display Frame 0
464.5273 	EXP 	Display Frame 1
464.6495 	EXP 	Display Frame 0
464.7774 	EXP 	Display Frame 1
464.8995 	EXP 	Display Frame 0
465.0272 	EXP 	Display Frame 1
465.1495 	EXP 	Display Frame 0
465.2773 	EXP 	Display Frame 1
465.3908 	DATA 	Keypress: lshift
465.3910 	DATA 	Keypress: t
465.3995 	EXP 	Display Frame 0
465.5272 	EXP 	Display Frame 1
465.6505 	EXP 	Display Frame 0
465.7772 	EXP 	Display Frame 1
465.8995 	EXP 	Display Frame 0
466.0265 	EXP 	Display Frame 1
466.1495 	EXP 	Display Frame 0
466.2774 	EXP 	Display Frame 1
466.3995 	EXP 	Display Frame 0
466.5265 	EXP 	Display Frame 1
466.6495 	EXP 	Display Frame 0
466.7775 	EXP 	Display Frame 1
466.8995 	EXP 	Display Frame 0
467.0158 	DATA 	Keypress: lshift
467.0160 	DATA 	Keypress: t
467.0265 	EXP 	Display Frame 1
467.1495 	EXP 	Display Frame 0
467.2765 	EXP 	Display Frame 1
467.3995 	EXP 	Display Frame 0
467.5265 	EXP 	Display Frame 1
467.6495 	EXP 	Display Frame 0
467.7772 	EXP 	Display Frame 1
467.8995 	EXP 	Display Frame 0
468.0272 	EXP 	Display Frame 1
468.1495 	EXP 	Display Frame 0
468.2772 	EXP 	Display Frame 1
468.3996 	EXP 	Display Frame 0
468.5272 	EXP 	Display Frame 1
468.6495 	EXP 	Display Frame 0
468.7772 	EXP 	Display Frame 1
468.8996 	EXP 	Display Frame 0
469.0263 	EXP 	Display Frame 1
469.1427 	EXP 	Display Frame 0
469.2763 	EXP 	Display Frame 1
469.3993 	EXP 	Display Frame 0
469.5267 	EXP 	Display Frame 1
469.6492 	EXP 	Display Frame 0
469.7767 	EXP 	Display Frame 1
469.8992 	EXP 	Display Frame 0
470.0265 	EXP 	Display Frame 1
470.1496 	EXP 	Display Frame 0
470.2773 	EXP 	Display Frame 1
470.3996 	EXP 	Display Frame 0
470.5265 	EXP 	Display Frame 1
470.6496 	EXP 	Display Frame 0
470.7767 	EXP 	Display Frame 1
470.8995 	EXP 	Display Frame 0
471.0266 	EXP 	Display Frame 1
471.1496 	EXP 	Display Frame 0
471.2761 	EXP 	Display Frame 1
471.3996 	EXP 	Display Frame 0
471.5267 	EXP 	Display Frame 1
471.6496 	EXP 	Display Frame 0
471.7766 	EXP 	Display Frame 1
471.8996 	EXP 	Display Frame 0
472.0265 	EXP 	Display Frame 1
472.1494 	EXP 	Display Frame 0
472.2765 	EXP 	Display Frame 1
472.3994 	EXP 	Display Frame 0
472.5272 	EXP 	Display Frame 1
472.6496 	EXP 	Display Frame 0
472.7763 	EXP 	Display Frame 1
472.8996 	EXP 	Display Frame 0
473.0266 	EXP 	Display Frame 1
473.1496 	EXP 	Display Frame 0
473.2658 	DATA 	Keypress: lshift
473.2660 	DATA 	Keypress: t
473.2762 	EXP 	Display Frame 1
473.3996 	EXP 	Display Frame 0
473.5261 	EXP 	Display Frame 1
473.6496 	EXP 	Display Frame 0
473.7764 	EXP 	Display Frame 1
473.8996 	EXP 	Display Frame 0
474.0264 	EXP 	Display Frame 1
474.1496 	EXP 	Display Frame 0
474.2761 	EXP 	Display Frame 1
474.3995 	EXP 	Display Frame 0
474.5265 	EXP 	Display Frame 1
474.6496 	EXP 	Display Frame 0
474.7765 	EXP 	Display Frame 1
474.8909 	DATA 	Keypress: lshift
474.8910 	DATA 	Keypress: t
474.8997 	EXP 	Display Frame 0
475.0265 	EXP 	Display Frame 1
475.1496 	EXP 	Display Frame 0
475.2763 	EXP 	Display Frame 1
475.3996 	EXP 	Display Frame 0
475.5263 	EXP 	Display Frame 1
475.6496 	EXP 	Display Frame 0
475.7756 	EXP 	Display Frame 1
475.9002 	EXP 	Display Frame 0
476.0263 	EXP 	Display Frame 1
476.1495 	EXP 	Display Frame 0
476.2762 	EXP 	Display Frame 1
476.3993 	EXP 	Display Frame 0
476.5262 	EXP 	Display Frame 1
476.6501 	EXP 	Display Frame 0
476.7762 	EXP 	Display Frame 1
476.8996 	EXP 	Display Frame 0
477.0257 	EXP 	Display Frame 1
477.1496 	EXP 	Display Frame 0
477.2764 	EXP 	Display Frame 1
477.3996 	EXP 	Display Frame 0
477.5264 	EXP 	Display Frame 1
477.6496 	EXP 	Display Frame 0
477.7764 	EXP 	Display Frame 1
477.8996 	EXP 	Display Frame 0
478.0262 	EXP 	Display Frame 1
478.1496 	EXP 	Display Frame 0
478.2765 	EXP 	Display Frame 1
478.3996 	EXP 	Display Frame 0
478.5263 	EXP 	Display Frame 1
478.6495 	EXP 	Display Frame 0
478.7763 	EXP 	Display Frame 1
478.8995 	EXP 	Display Frame 0
479.0262 	EXP 	Display Frame 1
479.1495 	EXP 	Display Frame 0
479.2762 	EXP 	Display Frame 1
479.3996 	EXP 	Display Frame 0
479.5263 	EXP 	Display Frame 1
479.6496 	EXP 	Display Frame 0
479.7763 	EXP 	Display Frame 1
479.8995 	EXP 	Display Frame 0
480.0262 	EXP 	Display Frame 1
480.1495 	EXP 	Display Frame 0
480.2761 	EXP 	Display Frame 1
480.4001 	EXP 	Display Frame 0
480.5257 	EXP 	Display Frame 1
480.6496 	EXP 	Display Frame 0
480.7756 	EXP 	Display Frame 1
480.8994 	EXP 	Display Frame 0
481.0248 	EXP 	Display Frame 1
481.0252 	DATA 	Keypress: lshift
481.0254 	DATA 	Keypress: t
481.0333 	EXP 	Display Fixation
482.6491 	DATA 	Keypress: lshift
482.6493 	DATA 	Keypress: t
488.8682 	DATA 	Keypress: lshift
488.8684 	DATA 	Keypress: t
490.4941 	DATA 	Keypress: lshift
490.4943 	DATA 	Keypress: t
496.7142 	DATA 	Keypress: lshift
496.7145 	DATA 	Keypress: t
498.3402 	DATA 	Keypress: lshift
498.3403 	DATA 	Keypress: t
504.5602 	DATA 	Keypress: lshift
504.5603 	DATA 	Keypress: t
506.1861 	DATA 	Keypress: lshift
506.1863 	DATA 	Keypress: t
512.4053 	DATA 	Keypress: lshift
512.4055 	DATA 	Keypress: t
512.5396 	EXP 	Display Frame 1
512.6646 	EXP 	Display Frame 0
512.7896 	EXP 	Display Frame 1
512.9146 	EXP 	Display Frame 0
513.0397 	EXP 	Display Frame 1
513.1646 	EXP 	Display Frame 0
513.2896 	EXP 	Display Frame 1
513.4146 	EXP 	Display Frame 0
513.5398 	EXP 	Display Frame 1
513.6646 	EXP 	Display Frame 0
513.7896 	EXP 	Display Frame 1
513.9147 	EXP 	Display Frame 0
514.0323 	DATA 	Keypress: lshift
514.0324 	DATA 	Keypress: t
514.0393 	EXP 	Display Frame 1
514.1646 	EXP 	Display Frame 0
514.2897 	EXP 	Display Frame 1
514.4146 	EXP 	Display Frame 0
514.5396 	EXP 	Display Frame 1
514.6646 	EXP 	Display Frame 0
514.7896 	EXP 	Display Frame 1
514.9146 	EXP 	Display Frame 0
515.0396 	EXP 	Display Frame 1
515.1644 	EXP 	Display Frame 0
515.2896 	EXP 	Display Frame 1
515.4150 	EXP 	Display Frame 0
515.5395 	EXP 	Display Frame 1
515.6637 	EXP 	Display Frame 0
515.7894 	EXP 	Display Frame 1
515.9144 	EXP 	Display Frame 0
516.0386 	EXP 	Display Frame 1
516.1636 	EXP 	Display Frame 0
516.2894 	EXP 	Display Frame 1
516.4136 	EXP 	Display Frame 0
516.5395 	EXP 	Display Frame 1
516.6636 	EXP 	Display Frame 0
516.7887 	EXP 	Display Frame 1
516.9137 	EXP 	Display Frame 0
517.0396 	EXP 	Display Frame 1
517.1646 	EXP 	Display Frame 0
517.2896 	EXP 	Display Frame 1
517.4136 	EXP 	Display Frame 0
517.5396 	EXP 	Display Frame 1
517.6636 	EXP 	Display Frame 0
517.7886 	EXP 	Display Frame 1
517.9136 	EXP 	Display Frame 0
518.0394 	EXP 	Display Frame 1
518.1636 	EXP 	Display Frame 0
518.2894 	EXP 	Display Frame 1
518.4144 	EXP 	Display Frame 0
518.5394 	EXP 	Display Frame 1
518.6644 	EXP 	Display Frame 0
518.7886 	EXP 	Display Frame 1
518.9143 	EXP 	Display Frame 0
519.0394 	EXP 	Display Frame 1
519.1643 	EXP 	Display Frame 0
519.2886 	EXP 	Display Frame 1
519.4142 	EXP 	Display Frame 0
519.5394 	EXP 	Display Frame 1
519.6637 	EXP 	Display Frame 0
519.7887 	EXP 	Display Frame 1
519.9143 	EXP 	Display Frame 0
520.0386 	EXP 	Display Frame 1
520.1637 	EXP 	Display Frame 0
520.2821 	DATA 	Keypress: lshift
520.2822 	DATA 	Keypress: t
520.2886 	EXP 	Display Frame 1
520.4137 	EXP 	Display Frame 0
520.5393 	EXP 	Display Frame 1
520.6636 	EXP 	Display Frame 0
520.7886 	EXP 	Display Frame 1
520.9136 	EXP 	Display Frame 0
521.0387 	EXP 	Display Frame 1
521.1635 	EXP 	Display Frame 0
521.2886 	EXP 	Display Frame 1
521.4136 	EXP 	Display Frame 0
521.5386 	EXP 	Display Frame 1
521.6637 	EXP 	Display Frame 0
521.7887 	EXP 	Display Frame 1
521.9071 	DATA 	Keypress: lshift
521.9072 	DATA 	Keypress: t
521.9136 	EXP 	Display Frame 0
522.0387 	EXP 	Display Frame 1
522.1636 	EXP 	Display Frame 0
522.2887 	EXP 	Display Frame 1
522.4136 	EXP 	Display Frame 0
522.5387 	EXP 	Display Frame 1
522.6636 	EXP 	Display Frame 0
522.7887 	EXP 	Display Frame 1
522.9136 	EXP 	Display Frame 0
523.0387 	EXP 	Display Frame 1
523.1636 	EXP 	Display Frame 0
523.2886 	EXP 	Display Frame 1
523.4136 	EXP 	Display Frame 0
523.5387 	EXP 	Display Frame 1
523.6636 	EXP 	Display Frame 0
523.7887 	EXP 	Display Frame 1
523.9135 	EXP 	Display Frame 0
524.0387 	EXP 	Display Frame 1
524.1635 	EXP 	Display Frame 0
524.2887 	EXP 	Display Frame 1
524.4135 	EXP 	Display Frame 0
524.5387 	EXP 	Display Frame 1
524.6637 	EXP 	Display Frame 0
524.7887 	EXP 	Display Frame 1
524.9135 	EXP 	Display Frame 0
525.0387 	EXP 	Display Frame 1
525.1636 	EXP 	Display Frame 0
525.2884 	EXP 	Display Frame 1
525.4136 	EXP 	Display Frame 0
525.5387 	EXP 	Display Frame 1
525.6641 	EXP 	Display Frame 0
525.7886 	EXP 	Display Frame 1
525.9133 	EXP 	Display Frame 0
526.0385 	EXP 	Display Frame 1
526.1636 	EXP 	Display Frame 0
526.2884 	EXP 	Display Frame 1
526.4134 	EXP 	Display Frame 0
526.5387 	EXP 	Display Frame 1
526.6635 	EXP 	Display Frame 0
526.7887 	EXP 	Display Frame 1
526.9134 	EXP 	Display Frame 0
527.0384 	EXP 	Display Frame 1
527.1635 	EXP 	Display Frame 0
527.2883 	EXP 	Display Frame 1
527.4132 	EXP 	Display Frame 0
527.5386 	EXP 	Display Frame 1
527.6636 	EXP 	Display Frame 0
527.7884 	EXP 	Display Frame 1
527.9134 	EXP 	Display Frame 0
528.0386 	EXP 	Display Frame 1
528.1571 	DATA 	Keypress: lshift
528.1572 	DATA 	Keypress: t
528.1633 	EXP 	Display Frame 0
528.2886 	EXP 	Display Frame 1
528.4133 	EXP 	Display Frame 0
528.5374 	EXP 	Display Frame 1
528.6633 	EXP 	Display Frame 0
528.7885 	EXP 	Display Frame 1
528.9124 	EXP 	Display Frame 0
529.0374 	EXP 	Display Frame 1
529.1632 	EXP 	Display Frame 0
529.2875 	EXP 	Display Frame 1
529.4134 	EXP 	Display Frame 0
529.5376 	EXP 	Display Frame 1
529.6634 	EXP 	Display Frame 0
529.7821 	DATA 	Keypress: lshift
529.7822 	DATA 	Keypress: t
529.7874 	EXP 	Display Frame 1
529.9133 	EXP 	Display Frame 0
530.0375 	EXP 	Display Frame 1
530.1633 	EXP 	Display Frame 0
530.2875 	EXP 	Display Frame 1
530.4133 	EXP 	Display Frame 0
530.5383 	EXP 	Display Frame 1
530.6638 	EXP 	Display Frame 0
530.7884 	EXP 	Display Frame 1
530.9133 	EXP 	Display Frame 0
531.0375 	EXP 	Display Frame 1
531.1633 	EXP 	Display Frame 0
531.2883 	EXP 	Display Frame 1
531.4132 	EXP 	Display Frame 0
531.5374 	EXP 	Display Frame 1
531.6625 	EXP 	Display Frame 0
531.7876 	EXP 	Display Frame 1
531.9125 	EXP 	Display Frame 0
532.0375 	EXP 	Display Frame 1
532.1625 	EXP 	Display Frame 0
532.2874 	EXP 	Display Frame 1
532.4125 	EXP 	Display Frame 0
532.5374 	EXP 	Display Frame 1
532.6625 	EXP 	Display Frame 0
532.7874 	EXP 	Display Frame 1
532.9124 	EXP 	Display Frame 0
533.0374 	EXP 	Display Frame 1
533.1625 	EXP 	Display Frame 0
533.2875 	EXP 	Display Frame 1
533.4126 	EXP 	Display Frame 0
533.5376 	EXP 	Display Frame 1
533.6626 	EXP 	Display Frame 0
533.7876 	EXP 	Display Frame 1
533.9125 	EXP 	Display Frame 0
534.0376 	EXP 	Display Frame 1
534.1625 	EXP 	Display Frame 0
534.2875 	EXP 	Display Frame 1
534.4125 	EXP 	Display Frame 0
534.5377 	EXP 	Display Frame 1
534.6623 	EXP 	Display Frame 0
534.7876 	EXP 	Display Frame 1
534.9125 	EXP 	Display Frame 0
535.0375 	EXP 	Display Frame 1
535.1625 	EXP 	Display Frame 0
535.2876 	EXP 	Display Frame 1
535.4125 	EXP 	Display Frame 0
535.5381 	EXP 	Display Frame 1
535.6624 	EXP 	Display Frame 0
535.7875 	EXP 	Display Frame 1
535.9122 	EXP 	Display Frame 0
536.0321 	DATA 	Keypress: lshift
536.0322 	DATA 	Keypress: t
536.0376 	EXP 	Display Frame 1
536.1624 	EXP 	Display Frame 0
536.2873 	EXP 	Display Frame 1
536.4125 	EXP 	Display Frame 0
536.5374 	EXP 	Display Frame 1
536.6626 	EXP 	Display Frame 0
536.7875 	EXP 	Display Frame 1
536.9124 	EXP 	Display Frame 0
537.0375 	EXP 	Display Frame 1
537.1624 	EXP 	Display Frame 0
537.2874 	EXP 	Display Frame 1
537.4124 	EXP 	Display Frame 0
537.5375 	EXP 	Display Frame 1
537.6571 	DATA 	Keypress: lshift
537.6572 	DATA 	Keypress: t
537.6626 	EXP 	Display Frame 0
537.7874 	EXP 	Display Frame 1
537.9124 	EXP 	Display Frame 0
538.0375 	EXP 	Display Frame 1
538.1624 	EXP 	Display Frame 0
538.2876 	EXP 	Display Frame 1
538.4124 	EXP 	Display Frame 0
538.5373 	EXP 	Display Frame 1
538.6623 	EXP 	Display Frame 0
538.7875 	EXP 	Display Frame 1
538.9124 	EXP 	Display Frame 0
539.0376 	EXP 	Display Frame 1
539.1623 	EXP 	Display Frame 0
539.2877 	EXP 	Display Frame 1
539.4124 	EXP 	Display Frame 0
539.5376 	EXP 	Display Frame 1
539.6624 	EXP 	Display Frame 0
539.7875 	EXP 	Display Frame 1
539.9124 	EXP 	Display Frame 0
540.0381 	EXP 	Display Frame 1
540.1624 	EXP 	Display Frame 0
540.2874 	EXP 	Display Frame 1
540.4123 	EXP 	Display Frame 0
540.5375 	EXP 	Display Frame 1
540.6624 	EXP 	Display Frame 0
540.7875 	EXP 	Display Frame 1
540.9124 	EXP 	Display Frame 0
541.0375 	EXP 	Display Frame 1
541.1623 	EXP 	Display Frame 0
541.2876 	EXP 	Display Frame 1
541.4113 	EXP 	Display Frame 0
541.5373 	EXP 	Display Frame 1
541.6613 	EXP 	Display Frame 0
541.7873 	EXP 	Display Frame 1
541.9113 	EXP 	Display Frame 0
542.0363 	EXP 	Display Frame 1
542.1613 	EXP 	Display Frame 0
542.2863 	EXP 	Display Frame 1
542.4122 	EXP 	Display Frame 0
542.5363 	EXP 	Display Frame 1
542.6613 	EXP 	Display Frame 0
542.7863 	EXP 	Display Frame 1
542.9115 	EXP 	Display Frame 0
543.0364 	EXP 	Display Frame 1
543.1615 	EXP 	Display Frame 0
543.2863 	EXP 	Display Frame 1
543.4113 	EXP 	Display Frame 0
543.5364 	EXP 	Display Frame 1
543.6614 	EXP 	Display Frame 0
543.7863 	EXP 	Display Frame 1
543.9071 	DATA 	Keypress: lshift
543.9072 	DATA 	Keypress: t
543.9114 	EXP 	Display Frame 0
543.9207 	EXP 	Display Fixation
545.4153 	DATA 	Keypress: lshift
545.4155 	DATA 	Keypress: t
551.6342 	DATA 	Keypress: lshift
551.6343 	DATA 	Keypress: t
553.2602 	DATA 	Keypress: lshift
553.2603 	DATA 	Keypress: t
559.4803 	DATA 	Keypress: lshift
559.4804 	DATA 	Keypress: t
561.1063 	DATA 	Keypress: lshift
561.1064 	DATA 	Keypress: t
567.3263 	DATA 	Keypress: lshift
567.3264 	DATA 	Keypress: t
568.9522 	DATA 	Keypress: lshift
568.9523 	DATA 	Keypress: t
586.2989 	DATA 	Keypress: escape
586.3297 	EXP 	topMsg: text = "Thank you very much! \n\nThat's it with the tapping"
586.3297 	EXP 	bottomMsg: text = "Please relax for the ramaining time \n\n Press 'q' or 'escape' to end the session."
586.3297 	EXP 	Display TheEnd
587.1539 	DATA 	Keypress: q
