7.6251 	INFO 	---START PARAMETERS---
7.6251 	INFO 	filename: TappingWithTrTiming_Movie_d3.py-tt1-66-Sep_09_1407
7.6251 	INFO 	subject: tt1
7.6251 	INFO 	session: 66
7.6251 	INFO 	date: Sep_09_1407
7.6251 	INFO 	blockDur_TRs: 8
7.6251 	INFO 	condition: vis
7.6251 	INFO 	fixCrossPos: [0, 0]
7.6251 	INFO 	fixCrossSize: 100
7.6251 	INFO 	fullScreen: True
7.6252 	INFO 	movieFolder: Images/
7.6252 	INFO 	movieSize: (1600, 1000)
7.6252 	INFO 	nBlocks: 48
7.6252 	INFO 	promptDir: Text/
7.6252 	INFO 	restDur_TRs: 8
7.6252 	INFO 	screenColor: (128, 128, 128)
7.6252 	INFO 	screenToShow: 0
7.6252 	INFO 	skipPrompts: False
7.6252 	INFO 	tStartup_TRs: 0
7.6252 	INFO 	textHeight: 40
7.6252 	INFO 	triggerKey: t
7.6252 	INFO 	---END PARAMETERS---
7.6815 	WARNING 	Movie2 stim could not be imported and won't be available
8.0544 	INFO 	Loaded monitor calibration from ['2019_02_04 16:32']
8.4571 	EXP 	Created win = Window(allowGUI=False, allowStencil=False, autoLog=True, bitsMode=UNKNOWN, blendMode='avg', color=array([ 128.,  128.,  128.]), colorSpace='rgb255', fullscr=UNKNOWN, gamma=None, lms=UNKNOWN, monitor=<psychopy.monitors.calibTools.Monitor instance at 0x12f788a0>, name='win', pos=[0, 0], screen=0, size=array([1920, 1080]), stereo=False, units='deg', useFBO=False, viewOri=0.0, viewPos=None, viewScale=None, waitBlanking=True, winType='pyglet')
8.4581 	EXP 	Created fixCross = ShapeStim(autoDraw=False, autoLog=True, closeShape=False, contrast=1.0, depth=0, fillColor=None, fillColorSpace='rgb', fillRGB=None, interpolate=True, lineColor='#000000', lineColorSpace='hex', lineRGB=array([0, 0, 0]), lineWidth=3.0, name='fixCross', opacity=1.0, ori=array(0.0), pos=array([ 0.,  0.]), size=array([ 1.,  1.]), units='pix', vertices=ndarray(...), win=Window(...))
8.4935 	EXP 	Created topMsg = TextStim(alignHoriz='center', alignVert='center', antialias=True, autoLog=True, bold=False, color='#000000', colorSpace='hex', contrast=1.0, depth=0, flipHoriz=False, flipVert=False, font='', fontFiles=[], height=0.1, italic=False, name='topMsg', opacity=1.0, ori=0.0, pos=array([ 0. ,  0.5]), rgb=array([0, 0, 0]), text=u'aaa', units='norm', win=Window(...), wrapWidth=1.5)
8.4968 	EXP 	Created bottomMsg = TextStim(alignHoriz='center', alignVert='center', antialias=True, autoLog=True, bold=False, color='#000000', colorSpace='hex', contrast=1.0, depth=0, flipHoriz=False, flipVert=False, font='', fontFiles=[], height=0.1, italic=False, name='bottomMsg', opacity=1.0, ori=0.0, pos=array([ 0. , -0.5]), rgb=array([0, 0, 0]), text=u'bbb', units='norm', win=Window(...), wrapWidth=1.5)
8.5071 	EXP 	Created Movie Frame 0 = ImageStim(autoLog=True, color=array([ 1.,  1.,  1.]), colorSpace='rgb', contrast=1.0, depth=0, flipHoriz=False, flipVert=False, image='Images/visual_0.png', interpolate=False, mask=None, maskParams=None, name='Movie Frame 0', opacity=1.0, ori=0.0, pos=array([ 0.,  0.]), size=array([ 1600.,  1000.]), texRes=128, units='pix', win=Window(...))
8.5146 	EXP 	Created Movie Frame 1 = ImageStim(autoLog=True, color=array([ 1.,  1.,  1.]), colorSpace='rgb', contrast=1.0, depth=0, flipHoriz=False, flipVert=False, image='Images/visual_1.png', interpolate=False, mask=None, maskParams=None, name='Movie Frame 1', opacity=1.0, ori=0.0, pos=array([ 0.,  0.]), size=array([ 1600.,  1000.]), texRes=128, units='pix', win=Window(...))
8.5249 	EXP 	Created unnamed TextStim = TextStim(alignHoriz='center', alignVert='center', antialias=True, autoLog=True, bold=False, color='#000000', colorSpace='hex', contrast=1.0, depth=0, flipHoriz=False, flipVert=False, font='', fontFiles=[], height=40, italic=False, name='unnamed TextStim', opacity=1.0, ori=0.0, pos=array([   0.,  580.]), rgb=array([0, 0, 0]), text=u'look at the center', units='pix', win=Window(...), wrapWidth=1600)
8.5689 	EXP 	topMsg: text = 'You will see a flickering checkerboard. When it is on the screen, try to fixate the center of the checkerboard. When the fixation cross appears, relax and stare at the cross.'
8.5689 	EXP 	bottomMsg: text = 'The experiment will begin shortly'
8.5689 	EXP 	Display Instructions1
9.2186 	DATA 	Keypress: t
9.2307 	EXP 	topMsg: text = "Please don't move..."
9.2307 	EXP 	bottomMsg: text = ''
9.2307 	EXP 	PleaseDontMove
9.5568 	DATA 	Keypress: t
9.5700 	EXP 	Display Fixation
9.5700 	EXP 	---START EXPERIMENT---
9.5810 	EXP 	Display Fixation
9.6927 	DATA 	Keypress: t
9.8148 	DATA 	Keypress: t
9.9357 	DATA 	Keypress: t
10.0697 	DATA 	Keypress: t
10.2288 	DATA 	Keypress: t
10.3717 	DATA 	Keypress: t
10.8767 	DATA 	Keypress: t
11.0007 	DATA 	Keypress: t
11.1302 	EXP 	Display Frame 1
11.2516 	DATA 	Keypress: t
11.2557 	EXP 	Display Frame 0
11.2560 	DATA 	Keypress: t
11.3801 	EXP 	Display Frame 1
11.5016 	DATA 	Keypress: t
11.5054 	EXP 	Display Frame 0
11.6306 	EXP 	Display Frame 1
11.7555 	EXP 	Display Frame 0
11.8765 	DATA 	Keypress: q
11.8801 	EXP 	Display Frame 1
11.9054 	EXP 	topMsg: text = "Thank you very much! \n\nThat's it with the tapping"
11.9054 	EXP 	bottomMsg: text = "Please relax for the ramaining time \n\n Press 'q' or 'escape' to end the session."
11.9054 	EXP 	Display TheEnd
12.2987 	DATA 	Keypress: t
12.9777 	DATA 	Keypress: q
