5.9470 	INFO 	---START PARAMETERS---
5.9470 	INFO 	filename: TappingWithTrTiming_Movie_d3.py-1-11-Jun_24_1142
5.9470 	INFO 	subject: 1
5.9470 	INFO 	session: 11
5.9470 	INFO 	date: Jun_24_1142
5.9470 	INFO 	blockDur_TRs: 60
5.9470 	INFO 	condition: TapLeft
5.9470 	INFO 	fixCrossPos: [0, 0]
5.9470 	INFO 	fixCrossSize: 100
5.9470 	INFO 	fullScreen: True
5.9470 	INFO 	movieFolder: Images/
5.9470 	INFO 	movieSize: (800, 500)
5.9470 	INFO 	nBlocks: 48
5.9470 	INFO 	promptDir: Text/
5.9470 	INFO 	restDur_TRs: 60
5.9470 	INFO 	screenColor: (128, 128, 128)
5.9470 	INFO 	screenToShow: 0
5.9470 	INFO 	skipPrompts: False
5.9470 	INFO 	tStartup_TRs: 0
5.9470 	INFO 	textHeight: 40
5.9470 	INFO 	triggerKey: t
5.9471 	INFO 	---END PARAMETERS---
5.9898 	WARNING 	Movie2 stim could not be imported and won't be available
6.3530 	INFO 	Loaded monitor calibration from ['2019_02_04 16:32']
6.7674 	EXP 	Created win = Window(allowGUI=False, allowStencil=False, autoLog=True, bitsMode=UNKNOWN, blendMode='avg', color=array([ 128.,  128.,  128.]), colorSpace='rgb255', fullscr=UNKNOWN, gamma=None, lms=UNKNOWN, monitor=<psychopy.monitors.calibTools.Monitor instance at 0x123dfe40>, name='win', pos=[0, 0], screen=0, size=array([1280,  800]), stereo=False, units='deg', useFBO=False, viewOri=0.0, viewPos=None, viewScale=None, waitBlanking=True, winType='pyglet')
6.7693 	EXP 	Created fixCross = ShapeStim(autoDraw=False, autoLog=True, closeShape=False, contrast=1.0, depth=0, fillColor=None, fillColorSpace='rgb', fillRGB=None, interpolate=True, lineColor='#000000', lineColorSpace='hex', lineRGB=array([0, 0, 0]), lineWidth=3.0, name='fixCross', opacity=1.0, ori=array(0.0), pos=array([ 0.,  0.]), size=array([ 1.,  1.]), units='pix', vertices=ndarray(...), win=Window(...))
6.8073 	EXP 	Created topMsg = TextStim(alignHoriz='center', alignVert='center', antialias=True, autoLog=True, bold=False, color='#000000', colorSpace='hex', contrast=1.0, depth=0, flipHoriz=False, flipVert=False, font='', fontFiles=[], height=0.1, italic=False, name='topMsg', opacity=1.0, ori=0.0, pos=array([ 0. ,  0.5]), rgb=array([0, 0, 0]), text=u'aaa', units='norm', win=Window(...), wrapWidth=1.5)
6.8102 	EXP 	Created bottomMsg = TextStim(alignHoriz='center', alignVert='center', antialias=True, autoLog=True, bold=False, color='#000000', colorSpace='hex', contrast=1.0, depth=0, flipHoriz=False, flipVert=False, font='', fontFiles=[], height=0.1, italic=False, name='bottomMsg', opacity=1.0, ori=0.0, pos=array([ 0. , -0.5]), rgb=array([0, 0, 0]), text=u'bbb', units='norm', win=Window(...), wrapWidth=1.5)
6.8339 	EXP 	Created Movie Frame 0 = ImageStim(autoLog=True, color=array([ 1.,  1.,  1.]), colorSpace='rgb', contrast=1.0, depth=0, flipHoriz=False, flipVert=False, image='Images/left_0.png', interpolate=False, mask=None, maskParams=None, name='Movie Frame 0', opacity=1.0, ori=0.0, pos=array([ 0.,  0.]), size=array([ 800.,  500.]), texRes=128, units='pix', win=Window(...))
6.8551 	EXP 	Created Movie Frame 1 = ImageStim(autoLog=True, color=array([ 1.,  1.,  1.]), colorSpace='rgb', contrast=1.0, depth=0, flipHoriz=False, flipVert=False, image='Images/left_1.png', interpolate=False, mask=None, maskParams=None, name='Movie Frame 1', opacity=1.0, ori=0.0, pos=array([ 0.,  0.]), size=array([ 800.,  500.]), texRes=128, units='pix', win=Window(...))
6.8761 	EXP 	Created Movie Frame 2 = ImageStim(autoLog=True, color=array([ 1.,  1.,  1.]), colorSpace='rgb', contrast=1.0, depth=0, flipHoriz=False, flipVert=False, image='Images/left_2.png', interpolate=False, mask=None, maskParams=None, name='Movie Frame 2', opacity=1.0, ori=0.0, pos=array([ 0.,  0.]), size=array([ 800.,  500.]), texRes=128, units='pix', win=Window(...))
6.8967 	EXP 	Created Movie Frame 3 = ImageStim(autoLog=True, color=array([ 1.,  1.,  1.]), colorSpace='rgb', contrast=1.0, depth=0, flipHoriz=False, flipVert=False, image='Images/left_3.png', interpolate=False, mask=None, maskParams=None, name='Movie Frame 3', opacity=1.0, ori=0.0, pos=array([ 0.,  0.]), size=array([ 800.,  500.]), texRes=128, units='pix', win=Window(...))
6.9177 	EXP 	Created Movie Frame 4 = ImageStim(autoLog=True, color=array([ 1.,  1.,  1.]), colorSpace='rgb', contrast=1.0, depth=0, flipHoriz=False, flipVert=False, image='Images/left_4.png', interpolate=False, mask=None, maskParams=None, name='Movie Frame 4', opacity=1.0, ori=0.0, pos=array([ 0.,  0.]), size=array([ 800.,  500.]), texRes=128, units='pix', win=Window(...))
6.9387 	EXP 	Created Movie Frame 5 = ImageStim(autoLog=True, color=array([ 1.,  1.,  1.]), colorSpace='rgb', contrast=1.0, depth=0, flipHoriz=False, flipVert=False, image='Images/left_5.png', interpolate=False, mask=None, maskParams=None, name='Movie Frame 5', opacity=1.0, ori=0.0, pos=array([ 0.,  0.]), size=array([ 800.,  500.]), texRes=128, units='pix', win=Window(...))
6.9600 	EXP 	Created Movie Frame 6 = ImageStim(autoLog=True, color=array([ 1.,  1.,  1.]), colorSpace='rgb', contrast=1.0, depth=0, flipHoriz=False, flipVert=False, image='Images/left_6.png', interpolate=False, mask=None, maskParams=None, name='Movie Frame 6', opacity=1.0, ori=0.0, pos=array([ 0.,  0.]), size=array([ 800.,  500.]), texRes=128, units='pix', win=Window(...))
6.9808 	EXP 	Created Movie Frame 7 = ImageStim(autoLog=True, color=array([ 1.,  1.,  1.]), colorSpace='rgb', contrast=1.0, depth=0, flipHoriz=False, flipVert=False, image='Images/left_7.png', interpolate=False, mask=None, maskParams=None, name='Movie Frame 7', opacity=1.0, ori=0.0, pos=array([ 0.,  0.]), size=array([ 800.,  500.]), texRes=128, units='pix', win=Window(...))
7.0016 	EXP 	Created Movie Frame 8 = ImageStim(autoLog=True, color=array([ 1.,  1.,  1.]), colorSpace='rgb', contrast=1.0, depth=0, flipHoriz=False, flipVert=False, image='Images/left_8.png', interpolate=False, mask=None, maskParams=None, name='Movie Frame 8', opacity=1.0, ori=0.0, pos=array([ 0.,  0.]), size=array([ 800.,  500.]), texRes=128, units='pix', win=Window(...))
7.0225 	EXP 	Created Movie Frame 9 = ImageStim(autoLog=True, color=array([ 1.,  1.,  1.]), colorSpace='rgb', contrast=1.0, depth=0, flipHoriz=False, flipVert=False, image='Images/left_9.png', interpolate=False, mask=None, maskParams=None, name='Movie Frame 9', opacity=1.0, ori=0.0, pos=array([ 0.,  0.]), size=array([ 800.,  500.]), texRes=128, units='pix', win=Window(...))
7.0337 	EXP 	Created unnamed TextStim = TextStim(alignHoriz='center', alignVert='center', antialias=True, autoLog=True, bold=False, color='#000000', colorSpace='hex', contrast=1.0, depth=0, flipHoriz=False, flipVert=False, font='', fontFiles=[], height=40, italic=False, name='unnamed TextStim', opacity=1.0, ori=0.0, pos=array([   0.,  330.]), rgb=array([0, 0, 0]), text=u'Tap along with the video.', units='pix', win=Window(...), wrapWidth=800)
7.0807 	EXP 	topMsg: text = 'You will see a movie of a finger tapping. When it is on the screen, try to use the hand indicated to tap your fingers at the same times as the movie does. When the fixation cross appears, relax and stare at the cross.'
7.0807 	EXP 	bottomMsg: text = 'The experiment will begin shortly'
7.0807 	EXP 	Display Instructions1
7.3990 	DATA 	Keypress: t
7.4129 	EXP 	topMsg: text = "Please don't move..."
7.4129 	EXP 	bottomMsg: text = ''
7.4129 	EXP 	PleaseDontMove
20.8359 	DATA 	Keypress: t
20.8446 	EXP 	Display Fixation
20.8448 	EXP 	---START EXPERIMENT---
20.8617 	EXP 	Display Fixation
21.3548 	DATA 	Keypress: t
21.8749 	DATA 	Keypress: t
22.3939 	DATA 	Keypress: t
22.9128 	DATA 	Keypress: t
23.4328 	DATA 	Keypress: t
23.9517 	DATA 	Keypress: t
24.4709 	DATA 	Keypress: t
24.9909 	DATA 	Keypress: t
25.5099 	DATA 	Keypress: t
26.0299 	DATA 	Keypress: t
26.5489 	DATA 	Keypress: t
27.0678 	DATA 	Keypress: t
27.5878 	DATA 	Keypress: t
28.1069 	DATA 	Keypress: t
28.6268 	DATA 	Keypress: t
29.1458 	DATA 	Keypress: t
29.6648 	DATA 	Keypress: t
30.1848 	DATA 	Keypress: t
30.7038 	DATA 	Keypress: t
31.2239 	DATA 	Keypress: t
31.7427 	DATA 	Keypress: t
32.2629 	DATA 	Keypress: t
32.7818 	DATA 	Keypress: t
33.3008 	DATA 	Keypress: t
33.8209 	DATA 	Keypress: t
34.3399 	DATA 	Keypress: t
34.8588 	DATA 	Keypress: t
35.3788 	DATA 	Keypress: t
35.8978 	DATA 	Keypress: t
36.4179 	DATA 	Keypress: t
36.9368 	DATA 	Keypress: t
37.4570 	DATA 	Keypress: t
37.9759 	DATA 	Keypress: t
38.4948 	DATA 	Keypress: t
39.0149 	DATA 	Keypress: t
39.5339 	DATA 	Keypress: t
40.0539 	DATA 	Keypress: t
40.5730 	DATA 	Keypress: t
41.0919 	DATA 	Keypress: t
41.6120 	DATA 	Keypress: t
42.1308 	DATA 	Keypress: t
42.6509 	DATA 	Keypress: t
43.1699 	DATA 	Keypress: t
43.6889 	DATA 	Keypress: t
44.2089 	DATA 	Keypress: t
44.7279 	DATA 	Keypress: t
45.2479 	DATA 	Keypress: t
45.7669 	DATA 	Keypress: t
46.2859 	DATA 	Keypress: t
46.8059 	DATA 	Keypress: t
47.3249 	DATA 	Keypress: t
47.8450 	DATA 	Keypress: t
48.3640 	DATA 	Keypress: t
48.8829 	DATA 	Keypress: t
49.4030 	DATA 	Keypress: t
49.9219 	DATA 	Keypress: t
50.4419 	DATA 	Keypress: t
50.9610 	DATA 	Keypress: t
51.4800 	DATA 	Keypress: t
51.9999 	DATA 	Keypress: t
52.0360 	EXP 	Display Frame 1
52.0699 	EXP 	Display Frame 2
52.1034 	EXP 	Display Frame 3
52.1367 	EXP 	Display Frame 4
52.1699 	EXP 	Display Frame 5
52.2034 	EXP 	Display Frame 6
52.2367 	EXP 	Display Frame 7
52.2699 	EXP 	Display Frame 8
52.3035 	EXP 	Display Frame 9
52.3367 	EXP 	Display Frame 0
52.3699 	EXP 	Display Frame 1
52.4033 	EXP 	Display Frame 2
52.4367 	EXP 	Display Frame 3
52.4699 	EXP 	Display Frame 4
52.5033 	EXP 	Display Frame 5
52.5342 	DATA 	Keypress: t
52.5362 	EXP 	Display Frame 6
52.5706 	EXP 	Display Frame 7
52.6033 	EXP 	Display Frame 8
52.6366 	EXP 	Display Frame 9
52.6700 	EXP 	Display Frame 0
52.7033 	EXP 	Display Frame 1
52.7367 	EXP 	Display Frame 2
52.7698 	EXP 	Display Frame 3
52.8033 	EXP 	Display Frame 4
52.8365 	EXP 	Display Frame 5
52.8698 	EXP 	Display Frame 6
52.9031 	EXP 	Display Frame 7
52.9366 	EXP 	Display Frame 8
52.9698 	EXP 	Display Frame 9
53.0033 	EXP 	Display Frame 0
53.0366 	EXP 	Display Frame 1
53.0675 	DATA 	Keypress: t
53.0698 	EXP 	Display Frame 2
53.1044 	EXP 	Display Frame 3
53.1377 	EXP 	Display Frame 4
53.1711 	EXP 	Display Frame 5
53.2045 	EXP 	Display Frame 6
53.2378 	EXP 	Display Frame 7
53.2711 	EXP 	Display Frame 8
53.3045 	EXP 	Display Frame 9
53.3377 	EXP 	Display Frame 0
53.3710 	EXP 	Display Frame 1
53.4044 	EXP 	Display Frame 2
53.4377 	EXP 	Display Frame 3
53.4712 	EXP 	Display Frame 4
53.5044 	EXP 	Display Frame 5
53.5377 	EXP 	Display Frame 6
53.5675 	DATA 	Keypress: t
53.5706 	EXP 	Display Frame 7
53.6038 	EXP 	Display Frame 8
53.6377 	EXP 	Display Frame 9
53.6711 	EXP 	Display Frame 0
53.7045 	EXP 	Display Frame 1
53.7377 	EXP 	Display Frame 2
53.7711 	EXP 	Display Frame 3
53.8045 	EXP 	Display Frame 4
53.8381 	EXP 	Display Frame 5
53.8712 	EXP 	Display Frame 6
53.9045 	EXP 	Display Frame 7
53.9377 	EXP 	Display Frame 8
53.9711 	EXP 	Display Frame 9
54.0044 	EXP 	Display Frame 0
54.0377 	EXP 	Display Frame 1
54.0709 	EXP 	Display Frame 2
54.1009 	DATA 	Keypress: t
54.1044 	EXP 	Display Frame 3
54.1377 	EXP 	Display Frame 4
54.1710 	EXP 	Display Frame 5
54.2042 	EXP 	Display Frame 6
54.2377 	EXP 	Display Frame 7
54.2710 	EXP 	Display Frame 8
54.3043 	EXP 	Display Frame 9
54.3377 	EXP 	Display Frame 0
54.3711 	EXP 	Display Frame 1
54.4044 	EXP 	Display Frame 2
54.4388 	EXP 	Display Frame 3
54.4722 	EXP 	Display Frame 4
54.5057 	EXP 	Display Frame 5
54.5389 	EXP 	Display Frame 6
54.5727 	EXP 	Display Frame 7
54.6008 	DATA 	Keypress: t
54.6052 	EXP 	Display Frame 8
54.6385 	EXP 	Display Frame 9
54.6722 	EXP 	Display Frame 0
54.7055 	EXP 	Display Frame 1
54.7389 	EXP 	Display Frame 2
54.7721 	EXP 	Display Frame 3
54.8056 	EXP 	Display Frame 4
54.8389 	EXP 	Display Frame 5
54.8722 	EXP 	Display Frame 6
54.9056 	EXP 	Display Frame 7
54.9392 	EXP 	Display Frame 8
54.9723 	EXP 	Display Frame 9
55.0057 	EXP 	Display Frame 0
55.0390 	EXP 	Display Frame 1
55.0723 	EXP 	Display Frame 2
55.1055 	EXP 	Display Frame 3
55.1341 	DATA 	Keypress: t
55.1395 	EXP 	Display Frame 4
55.1722 	EXP 	Display Frame 5
55.2056 	EXP 	Display Frame 6
55.2389 	EXP 	Display Frame 7
55.2719 	EXP 	Display Frame 8
55.3051 	EXP 	Display Frame 9
55.3392 	EXP 	Display Frame 0
55.3720 	EXP 	Display Frame 1
55.4054 	EXP 	Display Frame 2
55.4387 	EXP 	Display Frame 3
55.4721 	EXP 	Display Frame 4
55.5054 	EXP 	Display Frame 5
55.5387 	EXP 	Display Frame 6
55.5721 	EXP 	Display Frame 7
55.6055 	EXP 	Display Frame 8
55.6395 	EXP 	Display Frame 9
55.6400 	DATA 	Keypress: t
55.6729 	EXP 	Display Frame 0
55.7056 	EXP 	Display Frame 1
55.7389 	EXP 	Display Frame 2
55.7721 	EXP 	Display Frame 3
55.8064 	EXP 	Display Frame 4
55.8390 	EXP 	Display Frame 5
55.8727 	EXP 	Display Frame 6
55.9069 	EXP 	Display Frame 7
55.9400 	EXP 	Display Frame 8
55.9733 	EXP 	Display Frame 9
56.0066 	EXP 	Display Frame 0
56.0399 	EXP 	Display Frame 1
56.0734 	EXP 	Display Frame 2
56.1067 	EXP 	Display Frame 3
56.1401 	EXP 	Display Frame 4
56.1675 	DATA 	Keypress: t
56.1731 	EXP 	Display Frame 5
56.2063 	EXP 	Display Frame 6
56.2401 	EXP 	Display Frame 7
56.2738 	EXP 	Display Frame 8
56.3073 	EXP 	Display Frame 9
56.3402 	EXP 	Display Frame 0
56.3735 	EXP 	Display Frame 1
56.4068 	EXP 	Display Frame 2
56.4401 	EXP 	Display Frame 3
56.4735 	EXP 	Display Frame 4
56.5068 	EXP 	Display Frame 5
56.5396 	EXP 	Display Frame 6
56.5730 	EXP 	Display Frame 7
56.6063 	EXP 	Display Frame 8
56.6396 	EXP 	Display Frame 9
56.6731 	EXP 	Display Frame 0
56.7009 	DATA 	Keypress: t
56.7069 	EXP 	Display Frame 1
56.7399 	EXP 	Display Frame 2
56.7731 	EXP 	Display Frame 3
56.8066 	EXP 	Display Frame 4
56.8399 	EXP 	Display Frame 5
56.8732 	EXP 	Display Frame 6
56.9066 	EXP 	Display Frame 7
56.9400 	EXP 	Display Frame 8
56.9733 	EXP 	Display Frame 9
57.0075 	EXP 	Display Frame 0
57.0399 	EXP 	Display Frame 1
57.0741 	EXP 	Display Frame 2
57.1075 	EXP 	Display Frame 3
57.1409 	EXP 	Display Frame 4
57.1742 	EXP 	Display Frame 5
57.2008 	DATA 	Keypress: t
57.2075 	EXP 	Display Frame 6
57.2412 	EXP 	Display Frame 7
57.2744 	EXP 	Display Frame 8
57.3077 	EXP 	Display Frame 9
57.3411 	EXP 	Display Frame 0
57.3748 	EXP 	Display Frame 1
57.4078 	EXP 	Display Frame 2
57.4413 	EXP 	Display Frame 3
57.4745 	EXP 	Display Frame 4
57.5081 	EXP 	Display Frame 5
57.5411 	EXP 	Display Frame 6
57.5747 	EXP 	Display Frame 7
57.6086 	EXP 	Display Frame 8
57.6412 	EXP 	Display Frame 9
57.6739 	EXP 	Display Frame 0
57.7072 	EXP 	Display Frame 1
57.7342 	DATA 	Keypress: t
57.7413 	EXP 	Display Frame 2
57.7744 	EXP 	Display Frame 3
57.8074 	EXP 	Display Frame 4
57.8408 	EXP 	Display Frame 5
57.8740 	EXP 	Display Frame 6
57.9074 	EXP 	Display Frame 7
57.9408 	EXP 	Display Frame 8
57.9743 	EXP 	Display Frame 9
58.0084 	EXP 	Display Frame 0
58.0413 	EXP 	Display Frame 1
58.0743 	EXP 	Display Frame 2
58.1081 	EXP 	Display Frame 3
58.1409 	EXP 	Display Frame 4
58.1743 	EXP 	Display Frame 5
58.2080 	EXP 	Display Frame 6
58.2342 	DATA 	Keypress: t
58.2418 	EXP 	Display Frame 7
58.2756 	EXP 	Display Frame 8
58.3086 	EXP 	Display Frame 9
58.3410 	EXP 	Display Frame 0
58.3758 	EXP 	Display Frame 1
58.4091 	EXP 	Display Frame 2
58.4423 	EXP 	Display Frame 3
58.4754 	EXP 	Display Frame 4
58.5086 	EXP 	Display Frame 5
58.5425 	EXP 	Display Frame 6
58.5759 	EXP 	Display Frame 7
58.6093 	EXP 	Display Frame 8
58.6425 	EXP 	Display Frame 9
58.6757 	EXP 	Display Frame 0
58.7094 	EXP 	Display Frame 1
58.7424 	EXP 	Display Frame 2
58.7675 	DATA 	Keypress: t
58.7756 	EXP 	Display Frame 3
58.8093 	EXP 	Display Frame 4
58.8428 	EXP 	Display Frame 5
58.8756 	EXP 	Display Frame 6
58.9093 	EXP 	Display Frame 7
58.9422 	EXP 	Display Frame 8
58.9750 	EXP 	Display Frame 9
59.0086 	EXP 	Display Frame 0
59.0421 	EXP 	Display Frame 1
59.0751 	EXP 	Display Frame 2
59.1084 	EXP 	Display Frame 3
59.1420 	EXP 	Display Frame 4
59.1752 	EXP 	Display Frame 5
59.2093 	EXP 	Display Frame 6
59.2419 	EXP 	Display Frame 7
59.2757 	EXP 	Display Frame 8
59.2764 	DATA 	Keypress: t
59.3095 	EXP 	Display Frame 9
59.3425 	EXP 	Display Frame 0
59.3752 	EXP 	Display Frame 1
59.4086 	EXP 	Display Frame 2
59.4424 	EXP 	Display Frame 3
59.4759 	EXP 	Display Frame 4
59.5099 	EXP 	Display Frame 5
59.5430 	EXP 	Display Frame 6
59.5762 	EXP 	Display Frame 7
59.6099 	EXP 	Display Frame 8
59.6430 	EXP 	Display Frame 9
59.6764 	EXP 	Display Frame 0
59.7102 	EXP 	Display Frame 1
59.7435 	EXP 	Display Frame 2
59.7769 	EXP 	Display Frame 3
59.8008 	DATA 	Keypress: t
59.8098 	EXP 	Display Frame 4
59.8436 	EXP 	Display Frame 5
59.8766 	EXP 	Display Frame 6
59.9102 	EXP 	Display Frame 7
59.9433 	EXP 	Display Frame 8
59.9767 	EXP 	Display Frame 9
60.0102 	EXP 	Display Frame 0
60.0432 	EXP 	Display Frame 1
60.0770 	EXP 	Display Frame 2
60.1105 	EXP 	Display Frame 3
60.1438 	EXP 	Display Frame 4
60.1765 	EXP 	Display Frame 5
60.2097 	EXP 	Display Frame 6
60.2427 	EXP 	Display Frame 7
60.2761 	EXP 	Display Frame 8
60.3095 	EXP 	Display Frame 9
60.3102 	DATA 	Keypress: t
60.3435 	EXP 	Display Frame 0
60.3762 	EXP 	Display Frame 1
60.4099 	EXP 	Display Frame 2
60.4433 	EXP 	Display Frame 3
60.4766 	EXP 	Display Frame 4
60.5102 	EXP 	Display Frame 5
60.5431 	EXP 	Display Frame 6
60.5768 	EXP 	Display Frame 7
60.6102 	EXP 	Display Frame 8
60.6431 	EXP 	Display Frame 9
60.6770 	EXP 	Display Frame 0
60.7103 	EXP 	Display Frame 1
60.7431 	EXP 	Display Frame 2
60.7772 	EXP 	Display Frame 3
60.8104 	EXP 	Display Frame 4
60.8342 	DATA 	Keypress: t
60.8428 	EXP 	Display Frame 5
60.8772 	EXP 	Display Frame 6
60.9110 	EXP 	Display Frame 7
60.9442 	EXP 	Display Frame 8
60.9774 	EXP 	Display Frame 9
61.0110 	EXP 	Display Frame 0
61.0445 	EXP 	Display Frame 1
61.0779 	EXP 	Display Frame 2
61.1114 	EXP 	Display Frame 3
61.1446 	EXP 	Display Frame 4
61.1779 	EXP 	Display Frame 5
61.2113 	EXP 	Display Frame 6
61.2448 	EXP 	Display Frame 7
61.2777 	EXP 	Display Frame 8
61.3110 	EXP 	Display Frame 9
61.3447 	EXP 	Display Frame 0
61.3675 	DATA 	Keypress: t
61.3782 	EXP 	Display Frame 1
61.4116 	EXP 	Display Frame 2
61.4450 	EXP 	Display Frame 3
61.4782 	EXP 	Display Frame 4
61.5117 	EXP 	Display Frame 5
61.5442 	EXP 	Display Frame 6
61.5780 	EXP 	Display Frame 7
61.6103 	EXP 	Display Frame 8
61.6436 	EXP 	Display Frame 9
61.6780 	EXP 	Display Frame 0
61.7114 	EXP 	Display Frame 1
61.7447 	EXP 	Display Frame 2
61.7769 	EXP 	Display Frame 3
61.8103 	EXP 	Display Frame 4
61.8435 	EXP 	Display Frame 5
61.8774 	EXP 	Display Frame 6
61.8777 	DATA 	Keypress: t
61.9115 	EXP 	Display Frame 7
61.9440 	EXP 	Display Frame 8
61.9768 	EXP 	Display Frame 9
62.0111 	EXP 	Display Frame 0
62.0444 	EXP 	Display Frame 1
62.0774 	EXP 	Display Frame 2
62.1109 	EXP 	Display Frame 3
62.1443 	EXP 	Display Frame 4
62.1776 	EXP 	Display Frame 5
62.2109 	EXP 	Display Frame 6
62.2438 	EXP 	Display Frame 7
62.2772 	EXP 	Display Frame 8
62.3110 	EXP 	Display Frame 9
62.3439 	EXP 	Display Frame 0
62.3772 	EXP 	Display Frame 1
62.4009 	DATA 	Keypress: t
62.4114 	EXP 	Display Frame 2
62.4444 	EXP 	Display Frame 3
62.4776 	EXP 	Display Frame 4
62.5111 	EXP 	Display Frame 5
62.5444 	EXP 	Display Frame 6
62.5776 	EXP 	Display Frame 7
62.6110 	EXP 	Display Frame 8
62.6443 	EXP 	Display Frame 9
62.6776 	EXP 	Display Frame 0
62.7106 	EXP 	Display Frame 1
62.7441 	EXP 	Display Frame 2
62.7772 	EXP 	Display Frame 3
62.8105 	EXP 	Display Frame 4
62.8443 	EXP 	Display Frame 5
62.8772 	EXP 	Display Frame 6
62.9115 	EXP 	Display Frame 7
62.9125 	DATA 	Keypress: t
62.9449 	EXP 	Display Frame 8
62.9773 	EXP 	Display Frame 9
63.0111 	EXP 	Display Frame 0
63.0443 	EXP 	Display Frame 1
63.0784 	EXP 	Display Frame 2
63.1107 	EXP 	Display Frame 3
63.1444 	EXP 	Display Frame 4
63.1772 	EXP 	Display Frame 5
63.2111 	EXP 	Display Frame 6
63.2443 	EXP 	Display Frame 7
63.2773 	EXP 	Display Frame 8
63.3110 	EXP 	Display Frame 9
63.3444 	EXP 	Display Frame 0
63.3777 	EXP 	Display Frame 1
63.4110 	EXP 	Display Frame 2
63.4342 	DATA 	Keypress: t
63.4443 	EXP 	Display Frame 3
63.4772 	EXP 	Display Frame 4
63.5107 	EXP 	Display Frame 5
63.5442 	EXP 	Display Frame 6
63.5772 	EXP 	Display Frame 7
63.6110 	EXP 	Display Frame 8
63.6442 	EXP 	Display Frame 9
63.6777 	EXP 	Display Frame 0
63.7109 	EXP 	Display Frame 1
63.7441 	EXP 	Display Frame 2
63.7774 	EXP 	Display Frame 3
63.8109 	EXP 	Display Frame 4
63.8439 	EXP 	Display Frame 5
63.8771 	EXP 	Display Frame 6
63.9113 	EXP 	Display Frame 7
63.9444 	EXP 	Display Frame 8
63.9676 	DATA 	Keypress: t
63.9779 	EXP 	Display Frame 9
64.0110 	EXP 	Display Frame 0
64.0444 	EXP 	Display Frame 1
64.0776 	EXP 	Display Frame 2
64.1110 	EXP 	Display Frame 3
64.1444 	EXP 	Display Frame 4
64.1775 	EXP 	Display Frame 5
64.2110 	EXP 	Display Frame 6
64.2443 	EXP 	Display Frame 7
64.2775 	EXP 	Display Frame 8
64.3110 	EXP 	Display Frame 9
64.3440 	EXP 	Display Frame 0
64.3774 	EXP 	Display Frame 1
64.4110 	EXP 	Display Frame 2
64.4442 	EXP 	Display Frame 3
64.4675 	DATA 	Keypress: t
64.4775 	EXP 	Display Frame 4
64.5116 	EXP 	Display Frame 5
64.5443 	EXP 	Display Frame 6
64.5776 	EXP 	Display Frame 7
64.6109 	EXP 	Display Frame 8
64.6442 	EXP 	Display Frame 9
64.6771 	EXP 	Display Frame 0
64.7106 	EXP 	Display Frame 1
64.7444 	EXP 	Display Frame 2
64.7782 	EXP 	Display Frame 3
64.8108 	EXP 	Display Frame 4
64.8445 	EXP 	Display Frame 5
64.8778 	EXP 	Display Frame 6
64.9109 	EXP 	Display Frame 7
64.9441 	EXP 	Display Frame 8
64.9777 	EXP 	Display Frame 9
65.0009 	DATA 	Keypress: t
65.0114 	EXP 	Display Frame 0
65.0451 	EXP 	Display Frame 1
65.0772 	EXP 	Display Frame 2
65.1109 	EXP 	Display Frame 3
65.1449 	EXP 	Display Frame 4
65.1774 	EXP 	Display Frame 5
65.2109 	EXP 	Display Frame 6
65.2451 	EXP 	Display Frame 7
65.2776 	EXP 	Display Frame 8
65.3116 	EXP 	Display Frame 9
65.3449 	EXP 	Display Frame 0
65.3774 	EXP 	Display Frame 1
65.4116 	EXP 	Display Frame 2
65.4450 	EXP 	Display Frame 3
65.4776 	EXP 	Display Frame 4
65.5116 	EXP 	Display Frame 5
65.5126 	DATA 	Keypress: t
65.5447 	EXP 	Display Frame 6
65.5770 	EXP 	Display Frame 7
65.6117 	EXP 	Display Frame 8
65.6450 	EXP 	Display Frame 9
65.6783 	EXP 	Display Frame 0
65.7119 	EXP 	Display Frame 1
65.7446 	EXP 	Display Frame 2
65.7777 	EXP 	Display Frame 3
65.8113 	EXP 	Display Frame 4
65.8448 	EXP 	Display Frame 5
65.8776 	EXP 	Display Frame 6
65.9109 	EXP 	Display Frame 7
65.9445 	EXP 	Display Frame 8
65.9780 	EXP 	Display Frame 9
66.0117 	EXP 	Display Frame 0
66.0342 	DATA 	Keypress: t
66.0440 	EXP 	Display Frame 1
66.0782 	EXP 	Display Frame 2
66.1116 	EXP 	Display Frame 3
66.1445 	EXP 	Display Frame 4
66.1777 	EXP 	Display Frame 5
66.2117 	EXP 	Display Frame 6
66.2450 	EXP 	Display Frame 7
66.2782 	EXP 	Display Frame 8
66.3115 	EXP 	Display Frame 9
66.3451 	EXP 	Display Frame 0
66.3780 	EXP 	Display Frame 1
66.4114 	EXP 	Display Frame 2
66.4446 	EXP 	Display Frame 3
66.4782 	EXP 	Display Frame 4
66.5112 	EXP 	Display Frame 5
66.5442 	EXP 	Display Frame 6
66.5451 	DATA 	Keypress: t
66.5776 	EXP 	Display Frame 7
66.6109 	EXP 	Display Frame 8
66.6450 	EXP 	Display Frame 9
66.6776 	EXP 	Display Frame 0
66.7120 	EXP 	Display Frame 1
66.7448 	EXP 	Display Frame 2
66.7771 	EXP 	Display Frame 3
66.8107 	EXP 	Display Frame 4
66.8439 	EXP 	Display Frame 5
66.8772 	EXP 	Display Frame 6
66.9109 	EXP 	Display Frame 7
66.9453 	EXP 	Display Frame 8
66.9783 	EXP 	Display Frame 9
67.0109 	EXP 	Display Frame 0
67.0442 	EXP 	Display Frame 1
67.0675 	DATA 	Keypress: t
67.0770 	EXP 	Display Frame 2
67.1109 	EXP 	Display Frame 3
67.1442 	EXP 	Display Frame 4
67.1782 	EXP 	Display Frame 5
67.2109 	EXP 	Display Frame 6
67.2441 	EXP 	Display Frame 7
67.2772 	EXP 	Display Frame 8
67.3108 	EXP 	Display Frame 9
67.3450 	EXP 	Display Frame 0
67.3776 	EXP 	Display Frame 1
67.4108 	EXP 	Display Frame 2
67.4442 	EXP 	Display Frame 3
67.4775 	EXP 	Display Frame 4
67.5109 	EXP 	Display Frame 5
67.5450 	EXP 	Display Frame 6
67.5775 	EXP 	Display Frame 7
67.6009 	DATA 	Keypress: t
67.6112 	EXP 	Display Frame 8
67.6443 	EXP 	Display Frame 9
67.6786 	EXP 	Display Frame 0
67.7109 	EXP 	Display Frame 1
67.7450 	EXP 	Display Frame 2
67.7774 	EXP 	Display Frame 3
67.8119 	EXP 	Display Frame 4
67.8453 	EXP 	Display Frame 5
67.8782 	EXP 	Display Frame 6
67.9106 	EXP 	Display Frame 7
67.9450 	EXP 	Display Frame 8
67.9781 	EXP 	Display Frame 9
68.0120 	EXP 	Display Frame 0
68.0437 	EXP 	Display Frame 1
68.0786 	EXP 	Display Frame 2
68.1009 	DATA 	Keypress: t
68.1110 	EXP 	Display Frame 3
68.1441 	EXP 	Display Frame 4
68.1782 	EXP 	Display Frame 5
68.2111 	EXP 	Display Frame 6
68.2452 	EXP 	Display Frame 7
68.2786 	EXP 	Display Frame 8
68.3109 	EXP 	Display Frame 9
68.3452 	EXP 	Display Frame 0
68.3785 	EXP 	Display Frame 1
68.4111 	EXP 	Display Frame 2
68.4451 	EXP 	Display Frame 3
68.4786 	EXP 	Display Frame 4
68.5112 	EXP 	Display Frame 5
68.5454 	EXP 	Display Frame 6
68.5784 	EXP 	Display Frame 7
68.6112 	EXP 	Display Frame 8
68.6342 	DATA 	Keypress: t
68.6447 	EXP 	Display Frame 9
68.6786 	EXP 	Display Frame 0
68.7112 	EXP 	Display Frame 1
68.7449 	EXP 	Display Frame 2
68.7785 	EXP 	Display Frame 3
68.8113 	EXP 	Display Frame 4
68.8452 	EXP 	Display Frame 5
68.8781 	EXP 	Display Frame 6
68.9113 	EXP 	Display Frame 7
68.9448 	EXP 	Display Frame 8
68.9786 	EXP 	Display Frame 9
69.0112 	EXP 	Display Frame 0
69.0453 	EXP 	Display Frame 1
69.0786 	EXP 	Display Frame 2
69.1119 	EXP 	Display Frame 3
69.1454 	EXP 	Display Frame 4
69.1464 	DATA 	Keypress: t
69.1786 	EXP 	Display Frame 5
69.2105 	EXP 	Display Frame 6
69.2445 	EXP 	Display Frame 7
69.2787 	EXP 	Display Frame 8
69.3118 	EXP 	Display Frame 9
69.3454 	EXP 	Display Frame 0
69.3781 	EXP 	Display Frame 1
69.4108 	EXP 	Display Frame 2
69.4448 	EXP 	Display Frame 3
69.4777 	EXP 	Display Frame 4
69.5119 	EXP 	Display Frame 5
69.5445 	EXP 	Display Frame 6
69.5781 	EXP 	Display Frame 7
69.6114 	EXP 	Display Frame 8
69.6448 	EXP 	Display Frame 9
69.6675 	DATA 	Keypress: t
69.6783 	EXP 	Display Frame 0
69.7120 	EXP 	Display Frame 1
69.7445 	EXP 	Display Frame 2
69.7786 	EXP 	Display Frame 3
69.8115 	EXP 	Display Frame 4
69.8447 	EXP 	Display Frame 5
69.8776 	EXP 	Display Frame 6
69.9107 	EXP 	Display Frame 7
69.9444 	EXP 	Display Frame 8
69.9780 	EXP 	Display Frame 9
70.0115 	EXP 	Display Frame 0
70.0448 	EXP 	Display Frame 1
70.0782 	EXP 	Display Frame 2
70.1115 	EXP 	Display Frame 3
70.1441 	EXP 	Display Frame 4
70.1777 	EXP 	Display Frame 5
70.2009 	DATA 	Keypress: t
70.2115 	EXP 	Display Frame 6
70.2448 	EXP 	Display Frame 7
70.2778 	EXP 	Display Frame 8
70.3111 	EXP 	Display Frame 9
70.3446 	EXP 	Display Frame 0
70.3775 	EXP 	Display Frame 1
70.4114 	EXP 	Display Frame 2
70.4447 	EXP 	Display Frame 3
70.4778 	EXP 	Display Frame 4
70.5114 	EXP 	Display Frame 5
70.5449 	EXP 	Display Frame 6
70.5782 	EXP 	Display Frame 7
70.6116 	EXP 	Display Frame 8
70.6448 	EXP 	Display Frame 9
70.6775 	EXP 	Display Frame 0
70.7009 	DATA 	Keypress: t
70.7115 	EXP 	Display Frame 1
70.7449 	EXP 	Display Frame 2
70.7776 	EXP 	Display Frame 3
70.8114 	EXP 	Display Frame 4
70.8436 	EXP 	Display Frame 5
70.8786 	EXP 	Display Frame 6
70.9116 	EXP 	Display Frame 7
70.9448 	EXP 	Display Frame 8
70.9782 	EXP 	Display Frame 9
71.0114 	EXP 	Display Frame 0
71.0443 	EXP 	Display Frame 1
71.0774 	EXP 	Display Frame 2
71.1114 	EXP 	Display Frame 3
71.1447 	EXP 	Display Frame 4
71.1778 	EXP 	Display Frame 5
71.2112 	EXP 	Display Frame 6
71.2342 	DATA 	Keypress: t
71.2440 	EXP 	Display Frame 7
71.2688 	EXP 	Display Frame 8
71.3021 	EXP 	Display Frame 9
71.3354 	EXP 	Display Frame 0
71.3782 	EXP 	Display Frame 1
71.4022 	EXP 	Display Frame 2
71.4354 	EXP 	Display Frame 3
71.4686 	EXP 	Display Frame 4
71.5114 	EXP 	Display Frame 5
71.5355 	EXP 	Display Frame 6
71.5688 	EXP 	Display Frame 7
71.6020 	EXP 	Display Frame 8
71.6354 	EXP 	Display Frame 9
71.6781 	EXP 	Display Frame 0
71.7022 	EXP 	Display Frame 1
71.7354 	EXP 	Display Frame 2
71.7676 	DATA 	Keypress: t
71.7782 	EXP 	Display Frame 3
71.8022 	EXP 	Display Frame 4
71.8355 	EXP 	Display Frame 5
71.8780 	EXP 	Display Frame 6
71.9027 	EXP 	Display Frame 7
71.9354 	EXP 	Display Frame 8
71.9686 	EXP 	Display Frame 9
72.0019 	EXP 	Display Frame 0
72.0353 	EXP 	Display Frame 1
72.0686 	EXP 	Display Frame 2
72.1021 	EXP 	Display Frame 3
72.1353 	EXP 	Display Frame 4
72.1700 	EXP 	Display Frame 5
72.2035 	EXP 	Display Frame 6
72.2367 	EXP 	Display Frame 7
72.2675 	DATA 	Keypress: t
72.2694 	EXP 	Display Frame 8
72.3025 	EXP 	Display Frame 9
72.3367 	EXP 	Display Frame 0
72.3701 	EXP 	Display Frame 1
72.4034 	EXP 	Display Frame 2
72.4366 	EXP 	Display Frame 3
72.4701 	EXP 	Display Frame 4
72.5034 	EXP 	Display Frame 5
72.5367 	EXP 	Display Frame 6
72.5700 	EXP 	Display Frame 7
72.6033 	EXP 	Display Frame 8
72.6367 	EXP 	Display Frame 9
72.6700 	EXP 	Display Frame 0
72.7032 	EXP 	Display Frame 1
72.7367 	EXP 	Display Frame 2
72.7700 	EXP 	Display Frame 3
72.8010 	DATA 	Keypress: t
72.8108 	EXP 	Display Frame 4
72.8367 	EXP 	Display Frame 5
72.8700 	EXP 	Display Frame 6
72.9032 	EXP 	Display Frame 7
72.9366 	EXP 	Display Frame 8
72.9699 	EXP 	Display Frame 9
73.0034 	EXP 	Display Frame 0
73.0367 	EXP 	Display Frame 1
73.0700 	EXP 	Display Frame 2
73.1034 	EXP 	Display Frame 3
73.1366 	EXP 	Display Frame 4
73.1699 	EXP 	Display Frame 5
73.2033 	EXP 	Display Frame 6
73.2364 	EXP 	Display Frame 7
73.2701 	EXP 	Display Frame 8
73.3008 	DATA 	Keypress: t
73.3042 	EXP 	Display Frame 9
73.3372 	EXP 	Display Frame 0
73.3700 	EXP 	Display Frame 1
73.4033 	EXP 	Display Frame 2
73.4365 	EXP 	Display Frame 3
73.4700 	EXP 	Display Frame 4
73.5034 	EXP 	Display Frame 5
73.5377 	EXP 	Display Frame 6
73.5712 	EXP 	Display Frame 7
73.6046 	EXP 	Display Frame 8
73.6379 	EXP 	Display Frame 9
73.6713 	EXP 	Display Frame 0
73.7046 	EXP 	Display Frame 1
73.7377 	EXP 	Display Frame 2
73.7713 	EXP 	Display Frame 3
73.8046 	EXP 	Display Frame 4
73.8342 	DATA 	Keypress: t
73.8368 	EXP 	Display Frame 5
73.8712 	EXP 	Display Frame 6
73.9045 	EXP 	Display Frame 7
73.9378 	EXP 	Display Frame 8
73.9711 	EXP 	Display Frame 9
74.0044 	EXP 	Display Frame 0
74.0378 	EXP 	Display Frame 1
74.0711 	EXP 	Display Frame 2
74.1045 	EXP 	Display Frame 3
74.1377 	EXP 	Display Frame 4
74.1712 	EXP 	Display Frame 5
74.2046 	EXP 	Display Frame 6
74.2378 	EXP 	Display Frame 7
74.2712 	EXP 	Display Frame 8
74.3046 	EXP 	Display Frame 9
74.3342 	DATA 	Keypress: t
74.3374 	EXP 	Display Frame 0
74.3719 	EXP 	Display Frame 1
74.4045 	EXP 	Display Frame 2
74.4378 	EXP 	Display Frame 3
74.4714 	EXP 	Display Frame 4
74.5046 	EXP 	Display Frame 5
74.5378 	EXP 	Display Frame 6
74.5710 	EXP 	Display Frame 7
74.6044 	EXP 	Display Frame 8
74.6378 	EXP 	Display Frame 9
74.6710 	EXP 	Display Frame 0
74.7044 	EXP 	Display Frame 1
74.7378 	EXP 	Display Frame 2
74.7711 	EXP 	Display Frame 3
74.8045 	EXP 	Display Frame 4
74.8378 	EXP 	Display Frame 5
74.8675 	DATA 	Keypress: t
74.8718 	EXP 	Display Frame 6
74.9051 	EXP 	Display Frame 7
74.9389 	EXP 	Display Frame 8
74.9724 	EXP 	Display Frame 9
75.0058 	EXP 	Display Frame 0
75.0391 	EXP 	Display Frame 1
75.0725 	EXP 	Display Frame 2
75.1055 	EXP 	Display Frame 3
75.1390 	EXP 	Display Frame 4
75.1721 	EXP 	Display Frame 5
75.2055 	EXP 	Display Frame 6
75.2389 	EXP 	Display Frame 7
75.2723 	EXP 	Display Frame 8
75.3057 	EXP 	Display Frame 9
75.3391 	EXP 	Display Frame 0
75.3724 	EXP 	Display Frame 1
75.4009 	DATA 	Keypress: t
75.4057 	EXP 	Display Frame 2
75.4390 	EXP 	Display Frame 3
75.4723 	EXP 	Display Frame 4
75.5058 	EXP 	Display Frame 5
75.5390 	EXP 	Display Frame 6
75.5724 	EXP 	Display Frame 7
75.6058 	EXP 	Display Frame 8
75.6390 	EXP 	Display Frame 9
75.6723 	EXP 	Display Frame 0
75.7049 	EXP 	Display Frame 1
75.7390 	EXP 	Display Frame 2
75.7724 	EXP 	Display Frame 3
75.8058 	EXP 	Display Frame 4
75.8390 	EXP 	Display Frame 5
75.8721 	EXP 	Display Frame 6
75.9008 	DATA 	Keypress: t
75.9053 	EXP 	Display Frame 7
75.9395 	EXP 	Display Frame 8
75.9721 	EXP 	Display Frame 9
76.0056 	EXP 	Display Frame 0
76.0397 	EXP 	Display Frame 1
76.0722 	EXP 	Display Frame 2
76.1056 	EXP 	Display Frame 3
76.1390 	EXP 	Display Frame 4
76.1723 	EXP 	Display Frame 5
76.2056 	EXP 	Display Frame 6
76.2389 	EXP 	Display Frame 7
76.2732 	EXP 	Display Frame 8
76.3058 	EXP 	Display Frame 9
76.3398 	EXP 	Display Frame 0
76.3733 	EXP 	Display Frame 1
76.4066 	EXP 	Display Frame 2
76.4342 	DATA 	Keypress: t
76.4403 	EXP 	Display Frame 3
76.4732 	EXP 	Display Frame 4
76.5066 	EXP 	Display Frame 5
76.5400 	EXP 	Display Frame 6
76.5733 	EXP 	Display Frame 7
76.6067 	EXP 	Display Frame 8
76.6401 	EXP 	Display Frame 9
76.6732 	EXP 	Display Frame 0
76.7068 	EXP 	Display Frame 1
76.7402 	EXP 	Display Frame 2
76.7742 	EXP 	Display Frame 3
76.8069 	EXP 	Display Frame 4
76.8401 	EXP 	Display Frame 5
76.8735 	EXP 	Display Frame 6
76.9064 	EXP 	Display Frame 7
76.9342 	DATA 	Keypress: t
76.9394 	EXP 	Display Frame 8
76.9728 	EXP 	Display Frame 9
77.0063 	EXP 	Display Frame 0
77.0401 	EXP 	Display Frame 1
77.0732 	EXP 	Display Frame 2
77.1065 	EXP 	Display Frame 3
77.1396 	EXP 	Display Frame 4
77.1730 	EXP 	Display Frame 5
77.2064 	EXP 	Display Frame 6
77.2398 	EXP 	Display Frame 7
77.2731 	EXP 	Display Frame 8
77.3065 	EXP 	Display Frame 9
77.3407 	EXP 	Display Frame 0
77.3732 	EXP 	Display Frame 1
77.4067 	EXP 	Display Frame 2
77.4400 	EXP 	Display Frame 3
77.4675 	DATA 	Keypress: t
77.4736 	EXP 	Display Frame 4
77.5076 	EXP 	Display Frame 5
77.5408 	EXP 	Display Frame 6
77.5734 	EXP 	Display Frame 7
77.6076 	EXP 	Display Frame 8
77.6409 	EXP 	Display Frame 9
77.6743 	EXP 	Display Frame 0
77.7076 	EXP 	Display Frame 1
77.7409 	EXP 	Display Frame 2
77.7744 	EXP 	Display Frame 3
77.8078 	EXP 	Display Frame 4
77.8410 	EXP 	Display Frame 5
77.8747 	EXP 	Display Frame 6
77.9078 	EXP 	Display Frame 7
77.9411 	EXP 	Display Frame 8
77.9747 	EXP 	Display Frame 9
77.9752 	DATA 	Keypress: t
78.0070 	EXP 	Display Frame 0
78.0414 	EXP 	Display Frame 1
78.0743 	EXP 	Display Frame 2
78.1080 	EXP 	Display Frame 3
78.1413 	EXP 	Display Frame 4
78.1747 	EXP 	Display Frame 5
78.2080 	EXP 	Display Frame 6
78.2414 	EXP 	Display Frame 7
78.2746 	EXP 	Display Frame 8
78.3080 	EXP 	Display Frame 9
78.3406 	EXP 	Display Frame 0
78.3745 	EXP 	Display Frame 1
78.4079 	EXP 	Display Frame 2
78.4412 	EXP 	Display Frame 3
78.4748 	EXP 	Display Frame 4
78.5009 	DATA 	Keypress: t
78.5075 	EXP 	Display Frame 5
78.5417 	EXP 	Display Frame 6
78.5745 	EXP 	Display Frame 7
78.6081 	EXP 	Display Frame 8
78.6415 	EXP 	Display Frame 9
78.6748 	EXP 	Display Frame 0
78.7082 	EXP 	Display Frame 1
78.7415 	EXP 	Display Frame 2
78.7752 	EXP 	Display Frame 3
78.8091 	EXP 	Display Frame 4
78.8425 	EXP 	Display Frame 5
78.8754 	EXP 	Display Frame 6
78.9087 	EXP 	Display Frame 7
78.9419 	EXP 	Display Frame 8
78.9753 	EXP 	Display Frame 9
79.0086 	EXP 	Display Frame 0
79.0092 	DATA 	Keypress: t
79.0421 	EXP 	Display Frame 1
79.0759 	EXP 	Display Frame 2
79.1093 	EXP 	Display Frame 3
79.1426 	EXP 	Display Frame 4
79.1760 	EXP 	Display Frame 5
79.2089 	EXP 	Display Frame 6
79.2424 	EXP 	Display Frame 7
79.2756 	EXP 	Display Frame 8
79.3090 	EXP 	Display Frame 9
79.3426 	EXP 	Display Frame 0
79.3763 	EXP 	Display Frame 1
79.4096 	EXP 	Display Frame 2
79.4424 	EXP 	Display Frame 3
79.4763 	EXP 	Display Frame 4
79.5089 	EXP 	Display Frame 5
79.5342 	DATA 	Keypress: t
79.5417 	EXP 	Display Frame 6
79.5760 	EXP 	Display Frame 7
79.6088 	EXP 	Display Frame 8
79.6418 	EXP 	Display Frame 9
79.6757 	EXP 	Display Frame 0
79.7086 	EXP 	Display Frame 1
79.7418 	EXP 	Display Frame 2
79.7752 	EXP 	Display Frame 3
79.8091 	EXP 	Display Frame 4
79.8420 	EXP 	Display Frame 5
79.8765 	EXP 	Display Frame 6
79.9088 	EXP 	Display Frame 7
79.9419 	EXP 	Display Frame 8
79.9759 	EXP 	Display Frame 9
80.0100 	EXP 	Display Frame 0
80.0422 	EXP 	Display Frame 1
80.0676 	DATA 	Keypress: t
80.0761 	EXP 	Display Frame 2
80.1096 	EXP 	Display Frame 3
80.1429 	EXP 	Display Frame 4
80.1764 	EXP 	Display Frame 5
80.2094 	EXP 	Display Frame 6
80.2431 	EXP 	Display Frame 7
80.2765 	EXP 	Display Frame 8
80.3103 	EXP 	Display Frame 9
80.3433 	EXP 	Display Frame 0
80.3770 	EXP 	Display Frame 1
80.4098 	EXP 	Display Frame 2
80.4432 	EXP 	Display Frame 3
80.4766 	EXP 	Display Frame 4
80.5104 	EXP 	Display Frame 5
80.5438 	EXP 	Display Frame 6
80.5676 	DATA 	Keypress: t
80.5760 	EXP 	Display Frame 7
80.6093 	EXP 	Display Frame 8
80.6434 	EXP 	Display Frame 9
80.6761 	EXP 	Display Frame 0
80.7093 	EXP 	Display Frame 1
80.7441 	EXP 	Display Frame 2
80.7774 	EXP 	Display Frame 3
80.8112 	EXP 	Display Frame 4
80.8440 	EXP 	Display Frame 5
80.8773 	EXP 	Display Frame 6
80.9093 	EXP 	Display Frame 7
80.9442 	EXP 	Display Frame 8
80.9779 	EXP 	Display Frame 9
81.0112 	EXP 	Display Frame 0
81.0444 	EXP 	Display Frame 1
81.0777 	EXP 	Display Frame 2
81.1009 	DATA 	Keypress: t
81.1111 	EXP 	Display Frame 3
81.1449 	EXP 	Display Frame 4
81.1781 	EXP 	Display Frame 5
81.2115 	EXP 	Display Frame 6
81.2437 	EXP 	Display Frame 7
81.2779 	EXP 	Display Frame 8
81.3113 	EXP 	Display Frame 9
81.3442 	EXP 	Display Frame 0
81.3778 	EXP 	Display Frame 1
81.4112 	EXP 	Display Frame 2
81.4446 	EXP 	Display Frame 3
81.4779 	EXP 	Display Frame 4
81.5108 	EXP 	Display Frame 5
81.5445 	EXP 	Display Frame 6
81.5779 	EXP 	Display Frame 7
81.6113 	EXP 	Display Frame 8
81.6123 	DATA 	Keypress: t
81.6441 	EXP 	Display Frame 9
81.6774 	EXP 	Display Frame 0
81.7112 	EXP 	Display Frame 1
81.7445 	EXP 	Display Frame 2
81.7779 	EXP 	Display Frame 3
81.8112 	EXP 	Display Frame 4
81.8441 	EXP 	Display Frame 5
81.8781 	EXP 	Display Frame 6
81.9112 	EXP 	Display Frame 7
81.9441 	EXP 	Display Frame 8
81.9784 	EXP 	Display Frame 9
82.0108 	EXP 	Display Frame 0
82.0444 	EXP 	Display Frame 1
82.0777 	EXP 	Display Frame 2
82.1110 	EXP 	Display Frame 3
82.1342 	DATA 	Keypress: t
82.1440 	EXP 	Display Frame 4
82.1773 	EXP 	Display Frame 5
82.2110 	EXP 	Display Frame 6
82.2444 	EXP 	Display Frame 7
82.2778 	EXP 	Display Frame 8
82.3107 	EXP 	Display Frame 9
82.3440 	EXP 	Display Frame 0
82.3779 	EXP 	Display Frame 1
82.4104 	EXP 	Display Frame 2
82.4445 	EXP 	Display Frame 3
82.4777 	EXP 	Display Frame 4
82.5111 	EXP 	Display Frame 5
82.5445 	EXP 	Display Frame 6
82.5778 	EXP 	Display Frame 7
82.6111 	EXP 	Display Frame 8
82.6442 	EXP 	Display Frame 9
82.6451 	DATA 	Keypress: t
82.6772 	EXP 	Display Frame 0
82.7106 	EXP 	Display Frame 1
82.7439 	EXP 	Display Frame 2
82.7777 	EXP 	Display Frame 3
82.8111 	EXP 	Display Frame 4
82.8444 	EXP 	Display Frame 5
82.8769 	EXP 	Display Frame 6
82.9112 	EXP 	Display Frame 7
82.9441 	EXP 	Display Frame 8
82.9770 	EXP 	Display Frame 9
83.0112 	EXP 	Display Frame 0
83.0445 	EXP 	Display Frame 1
83.0774 	EXP 	Display Frame 2
83.1111 	EXP 	Display Frame 3
83.1440 	EXP 	Display Frame 4
83.1675 	DATA 	Keypress: t
83.1778 	EXP 	Display Frame 5
83.1951 	EXP 	Display Fixation
83.6830 	DATA 	Keypress: t
84.2030 	DATA 	Keypress: t
84.7220 	DATA 	Keypress: t
85.2411 	DATA 	Keypress: t
85.7610 	DATA 	Keypress: t
86.2800 	DATA 	Keypress: t
103.8459 	DATA 	Keypress: escape
103.8784 	EXP 	topMsg: text = "Thank you very much! \n\nThat's it with the tapping"
103.8784 	EXP 	bottomMsg: text = "Please relax for the ramaining time \n\n Press 'q' or 'escape' to end the session."
103.8784 	EXP 	Display TheEnd
104.8672 	DATA 	Keypress: q
