0.9838 	WARNING 	We strongly recommend you activate the PTB sound engine in PsychoPy prefs as the preferred audio engine. Its timing is vastly superior. Your prefs are currently set to use ['sounddevice', 'PTB', 'pyo', 'pygame'] (in that order).
7.6726 	INFO 	---START PARAMETERS---
7.6727 	INFO 	filename: TappingWithTrTiming_Movie_d3.py-1tt-60-Mar_08_0856
7.6728 	INFO 	subject: 1tt
7.6728 	INFO 	session: 60
7.6728 	INFO 	date: Mar_08_0856
7.6728 	INFO 	blockDur_TRs: 2
7.6728 	INFO 	condition: vis
7.6728 	INFO 	fixCrossPos: [0, 0]
7.6728 	INFO 	fixCrossSize: 100
7.6728 	INFO 	fullScreen: True
7.6728 	INFO 	movieFolder: Images/
7.6728 	INFO 	movieSize: (1600, 1000)
7.6728 	INFO 	nBlocks: 68
7.6728 	INFO 	promptDir: Text/
7.6729 	INFO 	restDur_TRs: 2
7.6729 	INFO 	screenColor: (128, 128, 128)
7.6729 	INFO 	screenToShow: 0
7.6729 	INFO 	skipPrompts: False
7.6729 	INFO 	tStartup_TRs: 0
7.6729 	INFO 	textHeight: 40
7.6729 	INFO 	triggerKey: t
7.6729 	INFO 	---END PARAMETERS---
8.7453 	INFO 	Loaded monitor calibration from ['2022_03_25 08:03']
10.6389 	WARNING 	Couldn't measure a consistent frame rate!
  - Is your graphics card set to sync to vertical blank?
  - Are you running other processes on your computer?

10.6406 	EXP 	Created win = Window(allowGUI=False, allowStencil=False, autoLog=True, backendConf=UNKNOWN, bitsMode=UNKNOWN, blendMode='avg', bpc=(8, 8, 8), color=array([128, 128, 128]), colorSpace='rgb255', depthBits=8, fullscr=<method-wrapper '__getattribute__' of attributeSetter object at 0x7fefd002b5b0>, gamma=None, gammaErrorPolicy='raise', lms=UNKNOWN, monitor=<psychopy.monitors.calibTools.Monitor object at 0x7ff07399f9a0>, multiSample=False, name='win', numSamples=2, pos=[480.0, 270.0], screen=0, size=array([3840, 2160]), stencilBits=0, stereo=False, units='deg', useFBO=False, useRetina=True, viewOri=0.0, viewPos=None, viewScale=None, waitBlanking=True, winType='pyglet')
10.6412 	EXP 	win: mouseVisible = True
10.6491 	EXP 	Created fixCross = ShapeStim(__class__=<class 'psychopy.visual.shape.ShapeStim'>, anchor=('center', 'center'), autoDraw=False, autoLog=True, closeShape=False, color=method-wrapper(...), colorSpace='rgb', contrast=None, depth=0, fillColor=array([0, 0, 0]), fillColorSpace='rgb', fillRGB=array([0, 0, 0]), interpolate=True, lineColor=array([-1., -1., -1.]), lineColorSpace='rgb', lineRGB=array([-1., -1., -1.]), lineWidth=3.0, name='fixCross', opacity=0.5, ori=0.0, pos=array([0., 0.]), size=array([1., 1.]), units='pix', vertices=ndarray(...), win=Window(...), windingRule=None)
10.6499 	WARNING 	TextStim.alignHoriz is deprecated. Use alignText and anchorHoriz attributes instead
10.6827 	EXP 	Created topMsg = TextStim(__class__=<class 'psychopy.visual.text.TextStim'>, alignHoriz='center', alignText='center', alignVert=method-wrapper(...), anchorHoriz='center', anchorVert='center', antialias=True, autoLog=True, bold=False, color=array([-1., -1., -1.]), colorSpace='rgb', contrast=1.0, depth=0, flipHoriz=False, flipVert=False, font='', fontFiles=[], height=0.1, italic=False, languageStyle='LTR', name='topMsg', opacity=1.0, ori=0.0, pos=array([0. , 0.5]), rgb=UNKNOWN, text='aaa', units='norm', win=Window(...), wrapWidth=1.5)
10.6828 	WARNING 	TextStim.alignHoriz is deprecated. Use alignText and anchorHoriz attributes instead
10.6856 	EXP 	Created bottomMsg = TextStim(__class__=<class 'psychopy.visual.text.TextStim'>, alignHoriz='center', alignText='center', alignVert=method-wrapper(...), anchorHoriz='center', anchorVert='center', antialias=True, autoLog=True, bold=False, color=array([-1., -1., -1.]), colorSpace='rgb', contrast=1.0, depth=0, flipHoriz=False, flipVert=False, font='', fontFiles=[], height=0.1, italic=False, languageStyle='LTR', name='bottomMsg', opacity=1.0, ori=0.0, pos=array([ 0. , -0.5]), rgb=UNKNOWN, text='bbb', units='norm', win=Window(...), wrapWidth=1.5)
10.7072 	EXP 	Created Movie Frame 0 = ImageStim(__class__=<class 'psychopy.visual.image.ImageStim'>, anchor=('center', 'center'), autoLog=True, color=array([1., 1., 1.]), colorSpace='rgb', contrast=1.0, depth=0, flipHoriz=False, flipVert=False, image='Images/visual_0.png', interpolate=False, mask=None, maskParams=None, name='Movie Frame 0', opacity=1, ori=0.0, pos=array([0., 0.]), size=array([1600., 1000.]), texRes=128, units='pix', win=Window(...))
10.7206 	EXP 	Created Movie Frame 1 = ImageStim(__class__=<class 'psychopy.visual.image.ImageStim'>, anchor=('center', 'center'), autoLog=True, color=array([1., 1., 1.]), colorSpace='rgb', contrast=1.0, depth=0, flipHoriz=False, flipVert=False, image='Images/visual_1.png', interpolate=False, mask=None, maskParams=None, name='Movie Frame 1', opacity=1, ori=0.0, pos=array([0., 0.]), size=array([1600., 1000.]), texRes=128, units='pix', win=Window(...))
10.7281 	EXP 	Created unnamed TextStim = TextStim(__class__=<class 'psychopy.visual.text.TextStim'>, alignHoriz=method-wrapper(...), alignText='center', alignVert=method-wrapper(...), anchorHoriz='center', anchorVert='center', antialias=True, autoLog=True, bold=False, color=array([-1., -1., -1.]), colorSpace='rgb', contrast=1.0, depth=0, flipHoriz=False, flipVert=False, font='', fontFiles=[], height=40.0, italic=False, languageStyle='LTR', name='unnamed TextStim', opacity=1.0, ori=0.0, pos=array([  0., 580.]), rgb=UNKNOWN, text='look at the center', units='pix', win=Window(...), wrapWidth=1600)
10.7464 	WARNING 	t of last frame was 108.35ms (=1/9)
10.7464 	EXP 	topMsg: height = 0.1
10.7464 	EXP 	topMsg: height = 0.1
10.7464 	EXP 	topMsg: text = 'You will see a flickering checkerboard. When it is on the screen, try to fixate the center of the checkerboard. When the fixation cross appears, relax and stare at the cross.'
10.7464 	EXP 	bottomMsg: height = 0.1
10.7464 	EXP 	bottomMsg: height = 0.1
10.7464 	EXP 	bottomMsg: text = 'The experiment will begin shortly'
10.7464 	EXP 	Display Instructions1
12.2412 	DATA 	Keypress: space
12.2486 	WARNING 	t of last frame was 1502.25ms (=1/0)
12.2486 	EXP 	topMsg: height = 0.1
12.2486 	EXP 	topMsg: height = 0.1
12.2486 	EXP 	topMsg: text = "Please don't move..."
12.2486 	EXP 	bottomMsg: height = 0.1
12.2486 	EXP 	bottomMsg: height = 0.1
12.2486 	EXP 	bottomMsg: text = ''
12.2486 	EXP 	PleaseDontMove
13.7361 	DATA 	Keypress: t
13.7399 	WARNING 	t of last frame was 1491.31ms (=1/0)
13.7399 	EXP 	Display Fixation
13.7400 	EXP 	---START EXPERIMENT---
13.7416 	EXP 	Display Fixation
14.7059 	DATA 	Keypress: t
15.5363 	DATA 	Keypress: t
15.5392 	WARNING 	t of last frame was 1797.66ms (=1/0)
15.6645 	WARNING 	Multiple dropped frames have occurred - I'll stop bothering you about them!
15.6645 	EXP 	Display Frame 1
15.7891 	EXP 	Display Frame 0
15.9140 	EXP 	Display Frame 1
16.0393 	EXP 	Display Frame 0
16.1646 	EXP 	Display Frame 1
16.2890 	EXP 	Display Frame 0
16.4144 	EXP 	Display Frame 1
16.5392 	EXP 	Display Frame 0
16.6642 	EXP 	Display Frame 1
16.7891 	EXP 	Display Frame 0
16.9146 	EXP 	Display Frame 1
17.0393 	EXP 	Display Frame 0
17.1642 	EXP 	Display Frame 1
17.2882 	DATA 	Keypress: t
17.2911 	EXP 	Display Frame 0
17.4143 	EXP 	Display Frame 1
17.5391 	EXP 	Display Frame 0
17.6625 	DATA 	Keypress: t
17.6652 	EXP 	Display Frame 1
17.6669 	EXP 	Display Fixation
18.3840 	DATA 	Keypress: t
18.7669 	DATA 	Keypress: t
18.8946 	EXP 	Display Frame 1
19.0194 	EXP 	Display Frame 0
19.1451 	EXP 	Display Frame 1
19.2698 	EXP 	Display Frame 0
19.3947 	EXP 	Display Frame 1
19.5198 	EXP 	Display Frame 0
19.6448 	EXP 	Display Frame 1
19.7684 	DATA 	Keypress: q
19.7713 	EXP 	Display Frame 0
19.7814 	EXP 	topMsg: height = 0.1
19.7814 	EXP 	topMsg: height = 0.1
19.7814 	EXP 	topMsg: text = "Thank you very much! \n\nThat's it with the tapping"
19.7814 	EXP 	bottomMsg: height = 0.1
19.7814 	EXP 	bottomMsg: height = 0.1
19.7814 	EXP 	bottomMsg: text = "Please relax for the ramaining time \n\n Press 'q' or 'escape' to end the session."
19.7814 	EXP 	Display TheEnd
24.7935 	DATA 	Keypress: q
24.8646 	EXP 	win: mouseVisible = True
