6.5229 	INFO 	---START PARAMETERS---
6.5229 	INFO 	filename: TappingWithTrTiming_Movie_d3.py-tt1-72-Sep_11_0840
6.5229 	INFO 	subject: tt1
6.5229 	INFO 	session: 72
6.5229 	INFO 	date: Sep_11_0840
6.5230 	INFO 	blockDur_TRs: 8
6.5230 	INFO 	condition: vis
6.5230 	INFO 	fixCrossPos: [0, 0]
6.5230 	INFO 	fixCrossSize: 100
6.5230 	INFO 	fullScreen: True
6.5230 	INFO 	movieFolder: Images/
6.5230 	INFO 	movieSize: (1600, 1000)
6.5230 	INFO 	nBlocks: 48
6.5230 	INFO 	promptDir: Text/
6.5230 	INFO 	restDur_TRs: 8
6.5230 	INFO 	screenColor: (128, 128, 128)
6.5230 	INFO 	screenToShow: 0
6.5230 	INFO 	skipPrompts: False
6.5230 	INFO 	tStartup_TRs: 0
6.5230 	INFO 	textHeight: 40
6.5230 	INFO 	triggerKey: t
6.5230 	INFO 	---END PARAMETERS---
6.6153 	WARNING 	Movie2 stim could not be imported and won't be available
7.3733 	INFO 	Loaded monitor calibration from ['2019_02_04 16:32']
8.0742 	EXP 	Created win = Window(allowGUI=False, allowStencil=False, autoLog=True, bitsMode=UNKNOWN, blendMode='avg', color=array([ 128.,  128.,  128.]), colorSpace='rgb255', fullscr=UNKNOWN, gamma=None, lms=UNKNOWN, monitor=<psychopy.monitors.calibTools.Monitor instance at 0x12e39f58>, name='win', pos=[0, 0], screen=0, size=array([1920, 1080]), stereo=False, units='deg', useFBO=False, viewOri=0.0, viewPos=None, viewScale=None, waitBlanking=True, winType='pyglet')
8.0763 	EXP 	Created fixCross = ShapeStim(autoDraw=False, autoLog=True, closeShape=False, contrast=1.0, depth=0, fillColor=None, fillColorSpace='rgb', fillRGB=None, interpolate=True, lineColor='#000000', lineColorSpace='hex', lineRGB=array([0, 0, 0]), lineWidth=3.0, name='fixCross', opacity=1.0, ori=array(0.0), pos=array([ 0.,  0.]), size=array([ 1.,  1.]), units='pix', vertices=ndarray(...), win=Window(...))
8.1480 	EXP 	Created topMsg = TextStim(alignHoriz='center', alignVert='center', antialias=True, autoLog=True, bold=False, color='#000000', colorSpace='hex', contrast=1.0, depth=0, flipHoriz=False, flipVert=False, font='', fontFiles=[], height=0.1, italic=False, name='topMsg', opacity=1.0, ori=0.0, pos=array([ 0. ,  0.5]), rgb=array([0, 0, 0]), text=u'aaa', units='norm', win=Window(...), wrapWidth=1.5)
8.1520 	EXP 	Created bottomMsg = TextStim(alignHoriz='center', alignVert='center', antialias=True, autoLog=True, bold=False, color='#000000', colorSpace='hex', contrast=1.0, depth=0, flipHoriz=False, flipVert=False, font='', fontFiles=[], height=0.1, italic=False, name='bottomMsg', opacity=1.0, ori=0.0, pos=array([ 0. , -0.5]), rgb=array([0, 0, 0]), text=u'bbb', units='norm', win=Window(...), wrapWidth=1.5)
8.1710 	EXP 	Created Movie Frame 0 = ImageStim(autoLog=True, color=array([ 1.,  1.,  1.]), colorSpace='rgb', contrast=1.0, depth=0, flipHoriz=False, flipVert=False, image='Images/visual_0.png', interpolate=False, mask=None, maskParams=None, name='Movie Frame 0', opacity=1.0, ori=0.0, pos=array([ 0.,  0.]), size=array([ 1600.,  1000.]), texRes=128, units='pix', win=Window(...))
8.1827 	EXP 	Created Movie Frame 1 = ImageStim(autoLog=True, color=array([ 1.,  1.,  1.]), colorSpace='rgb', contrast=1.0, depth=0, flipHoriz=False, flipVert=False, image='Images/visual_1.png', interpolate=False, mask=None, maskParams=None, name='Movie Frame 1', opacity=1.0, ori=0.0, pos=array([ 0.,  0.]), size=array([ 1600.,  1000.]), texRes=128, units='pix', win=Window(...))
8.1952 	EXP 	Created unnamed TextStim = TextStim(alignHoriz='center', alignVert='center', antialias=True, autoLog=True, bold=False, color='#000000', colorSpace='hex', contrast=1.0, depth=0, flipHoriz=False, flipVert=False, font='', fontFiles=[], height=40, italic=False, name='unnamed TextStim', opacity=1.0, ori=0.0, pos=array([   0.,  580.]), rgb=array([0, 0, 0]), text=u'look at the center', units='pix', win=Window(...), wrapWidth=1600)
8.2455 	EXP 	topMsg: text = 'You will see a flickering checkerboard. When it is on the screen, try to fixate the center of the checkerboard. When the fixation cross appears, relax and stare at the cross.'
8.2455 	EXP 	bottomMsg: text = 'The experiment will begin shortly'
8.2455 	EXP 	Display Instructions1
10.9650 	DATA 	Keypress: escape
