11.2425 	INFO 	---START PARAMETERS---
11.2425 	INFO 	filename: TappingWithTrTiming_Movie_d3.py-tt1-116-Sep_23_1113
11.2425 	INFO 	subject: tt1
11.2425 	INFO 	session: 116
11.2425 	INFO 	date: Sep_23_1113
11.2425 	INFO 	blockDur_TRs: 16
11.2425 	INFO 	condition: TapRight
11.2425 	INFO 	fixCrossPos: [0, 0]
11.2425 	INFO 	fixCrossSize: 100
11.2425 	INFO 	fullScreen: True
11.2425 	INFO 	movieFolder: Images/
11.2426 	INFO 	movieSize: (1600, 1000)
11.2426 	INFO 	nBlocks: 68
11.2426 	INFO 	promptDir: Text/
11.2426 	INFO 	restDur_TRs: 16
11.2426 	INFO 	screenColor: (128, 128, 128)
11.2426 	INFO 	screenToShow: 0
11.2426 	INFO 	skipPrompts: False
11.2426 	INFO 	tStartup_TRs: 0
11.2426 	INFO 	textHeight: 40
11.2426 	INFO 	triggerKey: t
11.2426 	INFO 	---END PARAMETERS---
11.2968 	WARNING 	Movie2 stim could not be imported and won't be available
11.6716 	INFO 	Loaded monitor calibration from ['2019_02_04 16:32']
12.1072 	EXP 	Created win = Window(allowGUI=False, allowStencil=False, autoLog=True, bitsMode=UNKNOWN, blendMode='avg', color=array([ 128.,  128.,  128.]), colorSpace='rgb255', fullscr=UNKNOWN, gamma=None, lms=UNKNOWN, monitor=<psychopy.monitors.calibTools.Monitor instance at 0x11b0bdc8>, name='win', pos=[0, 0], screen=0, size=array([1920, 1080]), stereo=False, units='deg', useFBO=False, viewOri=0.0, viewPos=None, viewScale=None, waitBlanking=True, winType='pyglet')
12.1090 	EXP 	Created fixCross = ShapeStim(autoDraw=False, autoLog=True, closeShape=False, contrast=1.0, depth=0, fillColor=None, fillColorSpace='rgb', fillRGB=None, interpolate=True, lineColor='#000000', lineColorSpace='hex', lineRGB=array([0, 0, 0]), lineWidth=3.0, name='fixCross', opacity=1.0, ori=array(0.0), pos=array([ 0.,  0.]), size=array([ 1.,  1.]), units='pix', vertices=ndarray(...), win=Window(...))
12.1562 	EXP 	Created topMsg = TextStim(alignHoriz='center', alignVert='center', antialias=True, autoLog=True, bold=False, color='#000000', colorSpace='hex', contrast=1.0, depth=0, flipHoriz=False, flipVert=False, font='', fontFiles=[], height=0.1, italic=False, name='topMsg', opacity=1.0, ori=0.0, pos=array([ 0. ,  0.5]), rgb=array([0, 0, 0]), text=u'aaa', units='norm', win=Window(...), wrapWidth=1.5)
12.1599 	EXP 	Created bottomMsg = TextStim(alignHoriz='center', alignVert='center', antialias=True, autoLog=True, bold=False, color='#000000', colorSpace='hex', contrast=1.0, depth=0, flipHoriz=False, flipVert=False, font='', fontFiles=[], height=0.1, italic=False, name='bottomMsg', opacity=1.0, ori=0.0, pos=array([ 0. , -0.5]), rgb=array([0, 0, 0]), text=u'bbb', units='norm', win=Window(...), wrapWidth=1.5)
12.1844 	EXP 	Created Movie Frame 0 = ImageStim(autoLog=True, color=array([ 1.,  1.,  1.]), colorSpace='rgb', contrast=1.0, depth=0, flipHoriz=False, flipVert=False, image='Images/right_0.png', interpolate=False, mask=None, maskParams=None, name='Movie Frame 0', opacity=1.0, ori=0.0, pos=array([ 0.,  0.]), size=array([ 1600.,  1000.]), texRes=128, units='pix', win=Window(...))
12.2049 	EXP 	Created Movie Frame 1 = ImageStim(autoLog=True, color=array([ 1.,  1.,  1.]), colorSpace='rgb', contrast=1.0, depth=0, flipHoriz=False, flipVert=False, image='Images/right_1.png', interpolate=False, mask=None, maskParams=None, name='Movie Frame 1', opacity=1.0, ori=0.0, pos=array([ 0.,  0.]), size=array([ 1600.,  1000.]), texRes=128, units='pix', win=Window(...))
12.2227 	EXP 	Created Movie Frame 2 = ImageStim(autoLog=True, color=array([ 1.,  1.,  1.]), colorSpace='rgb', contrast=1.0, depth=0, flipHoriz=False, flipVert=False, image='Images/right_2.png', interpolate=False, mask=None, maskParams=None, name='Movie Frame 2', opacity=1.0, ori=0.0, pos=array([ 0.,  0.]), size=array([ 1600.,  1000.]), texRes=128, units='pix', win=Window(...))
12.2406 	EXP 	Created Movie Frame 3 = ImageStim(autoLog=True, color=array([ 1.,  1.,  1.]), colorSpace='rgb', contrast=1.0, depth=0, flipHoriz=False, flipVert=False, image='Images/right_3.png', interpolate=False, mask=None, maskParams=None, name='Movie Frame 3', opacity=1.0, ori=0.0, pos=array([ 0.,  0.]), size=array([ 1600.,  1000.]), texRes=128, units='pix', win=Window(...))
12.2599 	EXP 	Created Movie Frame 4 = ImageStim(autoLog=True, color=array([ 1.,  1.,  1.]), colorSpace='rgb', contrast=1.0, depth=0, flipHoriz=False, flipVert=False, image='Images/right_4.png', interpolate=False, mask=None, maskParams=None, name='Movie Frame 4', opacity=1.0, ori=0.0, pos=array([ 0.,  0.]), size=array([ 1600.,  1000.]), texRes=128, units='pix', win=Window(...))
12.2783 	EXP 	Created Movie Frame 5 = ImageStim(autoLog=True, color=array([ 1.,  1.,  1.]), colorSpace='rgb', contrast=1.0, depth=0, flipHoriz=False, flipVert=False, image='Images/right_5.png', interpolate=False, mask=None, maskParams=None, name='Movie Frame 5', opacity=1.0, ori=0.0, pos=array([ 0.,  0.]), size=array([ 1600.,  1000.]), texRes=128, units='pix', win=Window(...))
12.2963 	EXP 	Created Movie Frame 6 = ImageStim(autoLog=True, color=array([ 1.,  1.,  1.]), colorSpace='rgb', contrast=1.0, depth=0, flipHoriz=False, flipVert=False, image='Images/right_6.png', interpolate=False, mask=None, maskParams=None, name='Movie Frame 6', opacity=1.0, ori=0.0, pos=array([ 0.,  0.]), size=array([ 1600.,  1000.]), texRes=128, units='pix', win=Window(...))
12.3138 	EXP 	Created Movie Frame 7 = ImageStim(autoLog=True, color=array([ 1.,  1.,  1.]), colorSpace='rgb', contrast=1.0, depth=0, flipHoriz=False, flipVert=False, image='Images/right_7.png', interpolate=False, mask=None, maskParams=None, name='Movie Frame 7', opacity=1.0, ori=0.0, pos=array([ 0.,  0.]), size=array([ 1600.,  1000.]), texRes=128, units='pix', win=Window(...))
12.3316 	EXP 	Created Movie Frame 8 = ImageStim(autoLog=True, color=array([ 1.,  1.,  1.]), colorSpace='rgb', contrast=1.0, depth=0, flipHoriz=False, flipVert=False, image='Images/right_8.png', interpolate=False, mask=None, maskParams=None, name='Movie Frame 8', opacity=1.0, ori=0.0, pos=array([ 0.,  0.]), size=array([ 1600.,  1000.]), texRes=128, units='pix', win=Window(...))
12.3499 	EXP 	Created Movie Frame 9 = ImageStim(autoLog=True, color=array([ 1.,  1.,  1.]), colorSpace='rgb', contrast=1.0, depth=0, flipHoriz=False, flipVert=False, image='Images/right_9.png', interpolate=False, mask=None, maskParams=None, name='Movie Frame 9', opacity=1.0, ori=0.0, pos=array([ 0.,  0.]), size=array([ 1600.,  1000.]), texRes=128, units='pix', win=Window(...))
12.3618 	EXP 	Created unnamed TextStim = TextStim(alignHoriz='center', alignVert='center', antialias=True, autoLog=True, bold=False, color='#000000', colorSpace='hex', contrast=1.0, depth=0, flipHoriz=False, flipVert=False, font='', fontFiles=[], height=40, italic=False, name='unnamed TextStim', opacity=1.0, ori=0.0, pos=array([   0.,  580.]), rgb=array([0, 0, 0]), text=u'Tap along with the video.', units='pix', win=Window(...), wrapWidth=1600)
12.4081 	EXP 	topMsg: text = 'You will see a movie of a finger tapping. When it is on the screen, try to use the hand indicated to tap your fingers at the same times as the movie does. When the fixation cross appears, relax and stare at the cross.'
12.4081 	EXP 	bottomMsg: text = 'The experiment will begin shortly'
12.4081 	EXP 	Display Instructions1
14.0010 	DATA 	Keypress: t
14.0221 	EXP 	topMsg: text = "Please don't move..."
14.0221 	EXP 	bottomMsg: text = ''
14.0221 	EXP 	PleaseDontMove
472.9053 	DATA 	Keypress: t
472.9288 	EXP 	Display Fixation
472.9291 	EXP 	---START EXPERIMENT---
472.9472 	EXP 	Display Fixation
481.9212 	DATA 	Keypress: t
490.8331 	DATA 	Keypress: t
499.8491 	DATA 	Keypress: t
508.7611 	DATA 	Keypress: t
517.7771 	DATA 	Keypress: t
531.1010 	DATA 	Keypress: q
531.1476 	EXP 	topMsg: text = "Thank you very much! \n\nThat's it with the tapping"
531.1476 	EXP 	bottomMsg: text = "Please relax for the ramaining time \n\n Press 'q' or 'escape' to end the session."
531.1476 	EXP 	Display TheEnd
531.6613 	DATA 	Keypress: t
532.6589 	DATA 	Keypress: t
533.6018 	DATA 	Keypress: q
