7.7325 	INFO 	---START PARAMETERS---
7.7325 	INFO 	filename: TappingWithTrTiming_Movie_d3.py-1-9-Dec_15_1516
7.7325 	INFO 	subject: 1
7.7325 	INFO 	session: 9
7.7325 	INFO 	date: Dec_15_1516
7.7325 	INFO 	blockDur_TRs: 20
7.7325 	INFO 	condition: TapLeft
7.7325 	INFO 	fixCrossPos: [0, 0]
7.7325 	INFO 	fixCrossSize: 100
7.7325 	INFO 	fullScreen: True
7.7325 	INFO 	movieFolder: Images/
7.7325 	INFO 	movieSize: (800, 500)
7.7325 	INFO 	nBlocks: 48
7.7325 	INFO 	promptDir: Text/
7.7325 	INFO 	restDur_TRs: 20
7.7325 	INFO 	screenColor: (128, 128, 128)
7.7325 	INFO 	screenToShow: 1
7.7325 	INFO 	skipPrompts: False
7.7325 	INFO 	tStartup_TRs: 0
7.7326 	INFO 	textHeight: 40
7.7326 	INFO 	triggerKey: t
7.7326 	INFO 	---END PARAMETERS---
7.8283 	WARNING 	Movie2 stim could not be imported and won't be available
8.8260 	INFO 	Loaded monitor calibration from ['2015_12_02 12:18']
8.9579 	EXP 	Created win = Window(allowGUI=False, allowStencil=False, autoLog=True, bitsMode=UNKNOWN, blendMode='avg', color=array([ 128.,  128.,  128.]), colorSpace='rgb255', fullscr=UNKNOWN, gamma=None, lms=UNKNOWN, monitor=<psychopy.monitors.calibTools.Monitor instance at 0xfbd86e8>, name='win', pos=[0, 0], screen=1, size=array([800, 600]), stereo=False, units='deg', useFBO=False, viewOri=0.0, viewPos=None, viewScale=None, waitBlanking=True, winType='pyglet')
8.9590 	EXP 	Created fixCross = ShapeStim(autoDraw=False, autoLog=True, closeShape=False, contrast=1.0, depth=0, fillColor=None, fillColorSpace='rgb', fillRGB=None, interpolate=True, lineColor='#000000', lineColorSpace='hex', lineRGB=array([0, 0, 0]), lineWidth=3.0, name='fixCross', opacity=1.0, ori=array(0.0), pos=array([ 0.,  0.]), size=array([ 1.,  1.]), units='pix', vertices=ndarray(...), win=Window(...))
9.0156 	EXP 	Created topMsg = TextStim(alignHoriz='center', alignVert='center', antialias=True, autoLog=True, bold=False, color='#000000', colorSpace='hex', contrast=1.0, depth=0, flipHoriz=False, flipVert=False, font='', fontFiles=[], height=0.1, italic=False, name='topMsg', opacity=1.0, ori=0.0, pos=array([ 0. ,  0.5]), rgb=array([0, 0, 0]), text=u'aaa', units='norm', win=Window(...), wrapWidth=1.5)
9.0191 	EXP 	Created bottomMsg = TextStim(alignHoriz='center', alignVert='center', antialias=True, autoLog=True, bold=False, color='#000000', colorSpace='hex', contrast=1.0, depth=0, flipHoriz=False, flipVert=False, font='', fontFiles=[], height=0.1, italic=False, name='bottomMsg', opacity=1.0, ori=0.0, pos=array([ 0. , -0.5]), rgb=array([0, 0, 0]), text=u'bbb', units='norm', win=Window(...), wrapWidth=1.5)
9.0555 	EXP 	Created Movie Frame 0 = ImageStim(autoLog=True, color=array([ 1.,  1.,  1.]), colorSpace='rgb', contrast=1.0, depth=0, flipHoriz=False, flipVert=False, image='Images/left_0.png', interpolate=False, mask=None, maskParams=None, name='Movie Frame 0', opacity=1.0, ori=0.0, pos=array([ 0.,  0.]), size=array([ 800.,  500.]), texRes=128, units='pix', win=Window(...))
9.0816 	EXP 	Created Movie Frame 1 = ImageStim(autoLog=True, color=array([ 1.,  1.,  1.]), colorSpace='rgb', contrast=1.0, depth=0, flipHoriz=False, flipVert=False, image='Images/left_1.png', interpolate=False, mask=None, maskParams=None, name='Movie Frame 1', opacity=1.0, ori=0.0, pos=array([ 0.,  0.]), size=array([ 800.,  500.]), texRes=128, units='pix', win=Window(...))
9.1062 	EXP 	Created Movie Frame 2 = ImageStim(autoLog=True, color=array([ 1.,  1.,  1.]), colorSpace='rgb', contrast=1.0, depth=0, flipHoriz=False, flipVert=False, image='Images/left_2.png', interpolate=False, mask=None, maskParams=None, name='Movie Frame 2', opacity=1.0, ori=0.0, pos=array([ 0.,  0.]), size=array([ 800.,  500.]), texRes=128, units='pix', win=Window(...))
9.1318 	EXP 	Created Movie Frame 3 = ImageStim(autoLog=True, color=array([ 1.,  1.,  1.]), colorSpace='rgb', contrast=1.0, depth=0, flipHoriz=False, flipVert=False, image='Images/left_3.png', interpolate=False, mask=None, maskParams=None, name='Movie Frame 3', opacity=1.0, ori=0.0, pos=array([ 0.,  0.]), size=array([ 800.,  500.]), texRes=128, units='pix', win=Window(...))
9.1576 	EXP 	Created Movie Frame 4 = ImageStim(autoLog=True, color=array([ 1.,  1.,  1.]), colorSpace='rgb', contrast=1.0, depth=0, flipHoriz=False, flipVert=False, image='Images/left_4.png', interpolate=False, mask=None, maskParams=None, name='Movie Frame 4', opacity=1.0, ori=0.0, pos=array([ 0.,  0.]), size=array([ 800.,  500.]), texRes=128, units='pix', win=Window(...))
9.1832 	EXP 	Created Movie Frame 5 = ImageStim(autoLog=True, color=array([ 1.,  1.,  1.]), colorSpace='rgb', contrast=1.0, depth=0, flipHoriz=False, flipVert=False, image='Images/left_5.png', interpolate=False, mask=None, maskParams=None, name='Movie Frame 5', opacity=1.0, ori=0.0, pos=array([ 0.,  0.]), size=array([ 800.,  500.]), texRes=128, units='pix', win=Window(...))
9.2077 	EXP 	Created Movie Frame 6 = ImageStim(autoLog=True, color=array([ 1.,  1.,  1.]), colorSpace='rgb', contrast=1.0, depth=0, flipHoriz=False, flipVert=False, image='Images/left_6.png', interpolate=False, mask=None, maskParams=None, name='Movie Frame 6', opacity=1.0, ori=0.0, pos=array([ 0.,  0.]), size=array([ 800.,  500.]), texRes=128, units='pix', win=Window(...))
9.2320 	EXP 	Created Movie Frame 7 = ImageStim(autoLog=True, color=array([ 1.,  1.,  1.]), colorSpace='rgb', contrast=1.0, depth=0, flipHoriz=False, flipVert=False, image='Images/left_7.png', interpolate=False, mask=None, maskParams=None, name='Movie Frame 7', opacity=1.0, ori=0.0, pos=array([ 0.,  0.]), size=array([ 800.,  500.]), texRes=128, units='pix', win=Window(...))
9.2560 	EXP 	Created Movie Frame 8 = ImageStim(autoLog=True, color=array([ 1.,  1.,  1.]), colorSpace='rgb', contrast=1.0, depth=0, flipHoriz=False, flipVert=False, image='Images/left_8.png', interpolate=False, mask=None, maskParams=None, name='Movie Frame 8', opacity=1.0, ori=0.0, pos=array([ 0.,  0.]), size=array([ 800.,  500.]), texRes=128, units='pix', win=Window(...))
9.2809 	EXP 	Created Movie Frame 9 = ImageStim(autoLog=True, color=array([ 1.,  1.,  1.]), colorSpace='rgb', contrast=1.0, depth=0, flipHoriz=False, flipVert=False, image='Images/left_9.png', interpolate=False, mask=None, maskParams=None, name='Movie Frame 9', opacity=1.0, ori=0.0, pos=array([ 0.,  0.]), size=array([ 800.,  500.]), texRes=128, units='pix', win=Window(...))
9.2937 	EXP 	Created unnamed TextStim = TextStim(alignHoriz='center', alignVert='center', antialias=True, autoLog=True, bold=False, color='#000000', colorSpace='hex', contrast=1.0, depth=0, flipHoriz=False, flipVert=False, font='', fontFiles=[], height=40, italic=False, name='unnamed TextStim', opacity=1.0, ori=0.0, pos=array([   0.,  330.]), rgb=array([0, 0, 0]), text=u'Tap along with the video.', units='pix', win=Window(...), wrapWidth=800)
9.3545 	EXP 	topMsg: text = 'You will see a movie of a finger tapping. When it is on the screen, try to use the hand indicated to tap your fingers at the same times as the movie does. When the fixation cross appears, relax and stare at the cross.'
9.3545 	EXP 	bottomMsg: text = 'The experiment will begin shortly'
9.3545 	EXP 	Display Instructions1
56.2431 	DATA 	Mouse: Left button down, pos=(160,167)
56.3519 	DATA 	Mouse: Left button up, pos=(160,167)
56.7430 	DATA 	Keypress: q
