0.9644 	WARNING 	We strongly recommend you activate the PTB sound engine in PsychoPy prefs as the preferred audio engine. Its timing is vastly superior. Your prefs are currently set to use ['sounddevice', 'PTB', 'pyo', 'pygame'] (in that order).
9.3049 	INFO 	---START PARAMETERS---
9.3049 	INFO 	filename: TappingWithTrTiming_Movie_d3.py-log_Kenshu-179-Mar_25_0808
9.3049 	INFO 	subject: log_Kenshu
9.3049 	INFO 	session: 179
9.3049 	INFO 	date: Mar_25_0808
9.3050 	INFO 	blockDur_TRs: 8
9.3050 	INFO 	condition: vis
9.3050 	INFO 	fixCrossPos: [0, 0]
9.3050 	INFO 	fixCrossSize: 100
9.3050 	INFO 	fullScreen: True
9.3050 	INFO 	movieFolder: Images/
9.3050 	INFO 	movieSize: (1600, 1000)
9.3050 	INFO 	nBlocks: 68
9.3050 	INFO 	promptDir: Text/
9.3050 	INFO 	restDur_TRs: 8
9.3050 	INFO 	screenColor: (128, 128, 128)
9.3050 	INFO 	screenToShow: 0
9.3050 	INFO 	skipPrompts: False
9.3050 	INFO 	tStartup_TRs: 0
9.3051 	INFO 	textHeight: 40
9.3051 	INFO 	triggerKey: t
9.3051 	INFO 	---END PARAMETERS---
10.3423 	INFO 	Loaded monitor calibration from ['2022_03_25 08:03']
10.8786 	EXP 	Created win = Window(allowGUI=False, allowStencil=False, autoLog=True, backendConf=UNKNOWN, bitsMode=UNKNOWN, blendMode='avg', bpc=(8, 8, 8), color=array([128, 128, 128]), colorSpace='rgb255', depthBits=8, fullscr=<method-wrapper '__getattribute__' of attributeSetter object at 0x7f9e89500490>, gamma=None, gammaErrorPolicy='raise', lms=UNKNOWN, monitor=<psychopy.monitors.calibTools.Monitor object at 0x7f9eba7a1610>, multiSample=False, name='win', numSamples=2, pos=[0.0, 0.0], screen=0, size=array([3440, 1440]), stencilBits=0, stereo=False, units='deg', useFBO=False, useRetina=False, viewOri=0.0, viewPos=None, viewScale=None, waitBlanking=True, winType='pyglet')
10.8789 	EXP 	win: mouseVisible = True
10.8839 	EXP 	Created fixCross = ShapeStim(__class__=<class 'psychopy.visual.shape.ShapeStim'>, anchor=('center', 'center'), autoDraw=False, autoLog=True, closeShape=False, color=method-wrapper(...), colorSpace='rgb', contrast=None, depth=0, fillColor=array([0, 0, 0]), fillColorSpace='rgb', fillRGB=array([0, 0, 0]), interpolate=True, lineColor=array([-1., -1., -1.]), lineColorSpace='rgb', lineRGB=array([-1., -1., -1.]), lineWidth=3.0, name='fixCross', opacity=0.5, ori=0.0, pos=array([0., 0.]), size=array([1., 1.]), units='pix', vertices=ndarray(...), win=Window(...), windingRule=None)
10.8843 	WARNING 	TextStim.alignHoriz is deprecated. Use alignText and anchorHoriz attributes instead
10.9127 	EXP 	Created topMsg = TextStim(__class__=<class 'psychopy.visual.text.TextStim'>, alignHoriz='center', alignText='center', alignVert=method-wrapper(...), anchorHoriz='center', anchorVert='center', antialias=True, autoLog=True, bold=False, color=array([-1., -1., -1.]), colorSpace='rgb', contrast=1.0, depth=0, flipHoriz=False, flipVert=False, font='', fontFiles=[], height=0.1, italic=False, languageStyle='LTR', name='topMsg', opacity=1.0, ori=0.0, pos=array([0. , 0.5]), rgb=UNKNOWN, text='aaa', units='norm', win=Window(...), wrapWidth=1.5)
10.9129 	WARNING 	TextStim.alignHoriz is deprecated. Use alignText and anchorHoriz attributes instead
10.9157 	EXP 	Created bottomMsg = TextStim(__class__=<class 'psychopy.visual.text.TextStim'>, alignHoriz='center', alignText='center', alignVert=method-wrapper(...), anchorHoriz='center', anchorVert='center', antialias=True, autoLog=True, bold=False, color=array([-1., -1., -1.]), colorSpace='rgb', contrast=1.0, depth=0, flipHoriz=False, flipVert=False, font='', fontFiles=[], height=0.1, italic=False, languageStyle='LTR', name='bottomMsg', opacity=1.0, ori=0.0, pos=array([ 0. , -0.5]), rgb=UNKNOWN, text='bbb', units='norm', win=Window(...), wrapWidth=1.5)
10.9377 	EXP 	Created Movie Frame 0 = ImageStim(__class__=<class 'psychopy.visual.image.ImageStim'>, anchor=('center', 'center'), autoLog=True, color=array([1., 1., 1.]), colorSpace='rgb', contrast=1.0, depth=0, flipHoriz=False, flipVert=False, image='Images/visual_0.png', interpolate=False, mask=None, maskParams=None, name='Movie Frame 0', opacity=1, ori=0.0, pos=array([0., 0.]), size=array([1600., 1000.]), texRes=128, units='pix', win=Window(...))
10.9537 	EXP 	Created Movie Frame 1 = ImageStim(__class__=<class 'psychopy.visual.image.ImageStim'>, anchor=('center', 'center'), autoLog=True, color=array([1., 1., 1.]), colorSpace='rgb', contrast=1.0, depth=0, flipHoriz=False, flipVert=False, image='Images/visual_1.png', interpolate=False, mask=None, maskParams=None, name='Movie Frame 1', opacity=1, ori=0.0, pos=array([0., 0.]), size=array([1600., 1000.]), texRes=128, units='pix', win=Window(...))
10.9615 	EXP 	Created unnamed TextStim = TextStim(__class__=<class 'psychopy.visual.text.TextStim'>, alignHoriz=method-wrapper(...), alignText='center', alignVert=method-wrapper(...), anchorHoriz='center', anchorVert='center', antialias=True, autoLog=True, bold=False, color=array([-1., -1., -1.]), colorSpace='rgb', contrast=1.0, depth=0, flipHoriz=False, flipVert=False, font='', fontFiles=[], height=40.0, italic=False, languageStyle='LTR', name='unnamed TextStim', opacity=1.0, ori=0.0, pos=array([  0., 580.]), rgb=UNKNOWN, text='look at the center', units='pix', win=Window(...), wrapWidth=1600)
10.9872 	EXP 	topMsg: height = 0.1
10.9872 	EXP 	topMsg: height = 0.1
10.9872 	EXP 	topMsg: text = 'You will see a flickering checkerboard. When it is on the screen, try to fixate the center of the checkerboard. When the fixation cross appears, relax and stare at the cross.'
10.9872 	EXP 	bottomMsg: height = 0.1
10.9872 	EXP 	bottomMsg: height = 0.1
10.9872 	EXP 	bottomMsg: text = 'The experiment will begin shortly'
10.9872 	EXP 	Display Instructions1
12.2947 	DATA 	Keypress: t
12.3052 	EXP 	topMsg: height = 0.1
12.3052 	EXP 	topMsg: height = 0.1
12.3052 	EXP 	topMsg: text = "Please don't move..."
12.3052 	EXP 	bottomMsg: height = 0.1
12.3052 	EXP 	bottomMsg: height = 0.1
12.3052 	EXP 	bottomMsg: text = ''
12.3052 	EXP 	PleaseDontMove
13.0762 	DATA 	Keypress: t
13.0858 	EXP 	Display Fixation
13.0859 	EXP 	---START EXPERIMENT---
13.0883 	EXP 	Display Fixation
13.7904 	DATA 	Keypress: t
14.4199 	DATA 	Keypress: t
14.6299 	DATA 	Keypress: t
14.7942 	DATA 	Keypress: t
14.9442 	DATA 	Keypress: t
15.0948 	DATA 	Keypress: t
15.2600 	DATA 	Keypress: t
15.4701 	DATA 	Keypress: t
15.5965 	DATA 	Keypress: t
15.6001 	EXP 	Display Frame 1
15.7212 	DATA 	Keypress: t
15.7236 	EXP 	Display Frame 0
15.8475 	EXP 	Display Frame 1
15.9724 	EXP 	Display Frame 0
16.0974 	EXP 	Display Frame 1
16.2225 	EXP 	Display Frame 0
16.3475 	EXP 	Display Frame 1
16.4729 	EXP 	Display Frame 0
16.5976 	EXP 	Display Frame 1
16.7225 	EXP 	Display Frame 0
16.8472 	EXP 	Display Frame 1
16.9725 	EXP 	Display Frame 0
17.0978 	EXP 	Display Frame 1
17.2229 	EXP 	Display Frame 0
17.3480 	EXP 	Display Frame 1
17.4725 	EXP 	Display Frame 0
17.5979 	EXP 	Display Frame 1
17.7228 	EXP 	Display Frame 0
17.8478 	EXP 	Display Frame 1
17.9726 	EXP 	Display Frame 0
18.0981 	EXP 	Display Frame 1
18.2229 	EXP 	Display Frame 0
18.3474 	EXP 	Display Frame 1
18.4726 	EXP 	Display Frame 0
18.5997 	DATA 	Keypress: escape
18.6021 	EXP 	Display Frame 1
18.6152 	EXP 	topMsg: height = 0.1
18.6152 	EXP 	topMsg: height = 0.1
18.6152 	EXP 	topMsg: text = "Thank you very much! \n\nThat's it with the tapping"
18.6152 	EXP 	bottomMsg: height = 0.1
18.6152 	EXP 	bottomMsg: height = 0.1
18.6152 	EXP 	bottomMsg: text = "Please relax for the ramaining time \n\n Press 'q' or 'escape' to end the session."
18.6152 	EXP 	Display TheEnd
19.9097 	DATA 	Keypress: q
19.9816 	EXP 	win: mouseVisible = True
