0.9557 	WARNING 	We strongly recommend you activate the PTB sound engine in PsychoPy prefs as the preferred audio engine. Its timing is vastly superior. Your prefs are currently set to use ['sounddevice', 'PTB', 'pyo', 'pygame'] (in that order).
7.5392 	INFO 	---START PARAMETERS---
7.5392 	INFO 	filename: TappingWithTrTiming_Movie_d3.py-log_Kenshu-181-Mar_25_1102
7.5392 	INFO 	subject: log_Kenshu
7.5393 	INFO 	session: 181
7.5393 	INFO 	date: Mar_25_1102
7.5393 	INFO 	blockDur_TRs: 8
7.5393 	INFO 	condition: vis
7.5393 	INFO 	fixCrossPos: [0, 0]
7.5393 	INFO 	fixCrossSize: 100
7.5393 	INFO 	fullScreen: True
7.5393 	INFO 	movieFolder: Images/
7.5393 	INFO 	movieSize: (1600, 1000)
7.5393 	INFO 	nBlocks: 68
7.5393 	INFO 	promptDir: Text/
7.5393 	INFO 	restDur_TRs: 8
7.5393 	INFO 	screenColor: (128, 128, 128)
7.5393 	INFO 	screenToShow: 0
7.5393 	INFO 	skipPrompts: False
7.5393 	INFO 	tStartup_TRs: 0
7.5393 	INFO 	textHeight: 40
7.5393 	INFO 	triggerKey: t
7.5393 	INFO 	---END PARAMETERS---
8.5807 	INFO 	Loaded monitor calibration from ['2022_03_25 08:03']
9.0846 	EXP 	Created win = Window(allowGUI=False, allowStencil=False, autoLog=True, backendConf=UNKNOWN, bitsMode=UNKNOWN, blendMode='avg', bpc=(8, 8, 8), color=array([128, 128, 128]), colorSpace='rgb255', depthBits=8, fullscr=<method-wrapper '__getattribute__' of attributeSetter object at 0x7f84c0cc8130>, gamma=None, gammaErrorPolicy='raise', lms=UNKNOWN, monitor=<psychopy.monitors.calibTools.Monitor object at 0x7f8530640940>, multiSample=False, name='win', numSamples=2, pos=[0.0, 0.0], screen=0, size=array([1920, 1200]), stencilBits=0, stereo=False, units='deg', useFBO=False, useRetina=False, viewOri=0.0, viewPos=None, viewScale=None, waitBlanking=True, winType='pyglet')
9.0849 	EXP 	win: mouseVisible = True
9.0900 	EXP 	Created fixCross = ShapeStim(__class__=<class 'psychopy.visual.shape.ShapeStim'>, anchor=('center', 'center'), autoDraw=False, autoLog=True, closeShape=False, color=method-wrapper(...), colorSpace='rgb', contrast=None, depth=0, fillColor=array([0, 0, 0]), fillColorSpace='rgb', fillRGB=array([0, 0, 0]), interpolate=True, lineColor=array([-1., -1., -1.]), lineColorSpace='rgb', lineRGB=array([-1., -1., -1.]), lineWidth=3.0, name='fixCross', opacity=0.5, ori=0.0, pos=array([0., 0.]), size=array([1., 1.]), units='pix', vertices=ndarray(...), win=Window(...), windingRule=None)
9.0906 	WARNING 	TextStim.alignHoriz is deprecated. Use alignText and anchorHoriz attributes instead
9.1169 	EXP 	Created topMsg = TextStim(__class__=<class 'psychopy.visual.text.TextStim'>, alignHoriz='center', alignText='center', alignVert=method-wrapper(...), anchorHoriz='center', anchorVert='center', antialias=True, autoLog=True, bold=False, color=array([-1., -1., -1.]), colorSpace='rgb', contrast=1.0, depth=0, flipHoriz=False, flipVert=False, font='', fontFiles=[], height=0.1, italic=False, languageStyle='LTR', name='topMsg', opacity=1.0, ori=0.0, pos=array([0. , 0.5]), rgb=UNKNOWN, text='aaa', units='norm', win=Window(...), wrapWidth=1.5)
9.1170 	WARNING 	TextStim.alignHoriz is deprecated. Use alignText and anchorHoriz attributes instead
9.1193 	EXP 	Created bottomMsg = TextStim(__class__=<class 'psychopy.visual.text.TextStim'>, alignHoriz='center', alignText='center', alignVert=method-wrapper(...), anchorHoriz='center', anchorVert='center', antialias=True, autoLog=True, bold=False, color=array([-1., -1., -1.]), colorSpace='rgb', contrast=1.0, depth=0, flipHoriz=False, flipVert=False, font='', fontFiles=[], height=0.1, italic=False, languageStyle='LTR', name='bottomMsg', opacity=1.0, ori=0.0, pos=array([ 0. , -0.5]), rgb=UNKNOWN, text='bbb', units='norm', win=Window(...), wrapWidth=1.5)
9.1401 	EXP 	Created Movie Frame 0 = ImageStim(__class__=<class 'psychopy.visual.image.ImageStim'>, anchor=('center', 'center'), autoLog=True, color=array([1., 1., 1.]), colorSpace='rgb', contrast=1.0, depth=0, flipHoriz=False, flipVert=False, image='Images/visual_0.png', interpolate=False, mask=None, maskParams=None, name='Movie Frame 0', opacity=1, ori=0.0, pos=array([0., 0.]), size=array([1600., 1000.]), texRes=128, units='pix', win=Window(...))
9.1527 	EXP 	Created Movie Frame 1 = ImageStim(__class__=<class 'psychopy.visual.image.ImageStim'>, anchor=('center', 'center'), autoLog=True, color=array([1., 1., 1.]), colorSpace='rgb', contrast=1.0, depth=0, flipHoriz=False, flipVert=False, image='Images/visual_1.png', interpolate=False, mask=None, maskParams=None, name='Movie Frame 1', opacity=1, ori=0.0, pos=array([0., 0.]), size=array([1600., 1000.]), texRes=128, units='pix', win=Window(...))
9.1602 	EXP 	Created unnamed TextStim = TextStim(__class__=<class 'psychopy.visual.text.TextStim'>, alignHoriz=method-wrapper(...), alignText='center', alignVert=method-wrapper(...), anchorHoriz='center', anchorVert='center', antialias=True, autoLog=True, bold=False, color=array([-1., -1., -1.]), colorSpace='rgb', contrast=1.0, depth=0, flipHoriz=False, flipVert=False, font='', fontFiles=[], height=40.0, italic=False, languageStyle='LTR', name='unnamed TextStim', opacity=1.0, ori=0.0, pos=array([  0., 580.]), rgb=UNKNOWN, text='look at the center', units='pix', win=Window(...), wrapWidth=1600)
9.1770 	EXP 	topMsg: height = 0.1
9.1770 	EXP 	topMsg: height = 0.1
9.1770 	EXP 	topMsg: text = 'You will see a flickering checkerboard. When it is on the screen, try to fixate the center of the checkerboard. When the fixation cross appears, relax and stare at the cross.'
9.1770 	EXP 	bottomMsg: height = 0.1
9.1770 	EXP 	bottomMsg: height = 0.1
9.1770 	EXP 	bottomMsg: text = 'The experiment will begin shortly'
9.1770 	EXP 	Display Instructions1
12.2854 	DATA 	Keypress: t
12.2923 	EXP 	topMsg: height = 0.1
12.2923 	EXP 	topMsg: height = 0.1
12.2923 	EXP 	topMsg: text = "Please don't move..."
12.2923 	EXP 	bottomMsg: height = 0.1
12.2923 	EXP 	bottomMsg: height = 0.1
12.2923 	EXP 	bottomMsg: text = ''
12.2923 	EXP 	PleaseDontMove
12.4142 	DATA 	Keypress: t
12.4173 	EXP 	Display Fixation
12.4173 	EXP 	---START EXPERIMENT---
12.4188 	EXP 	Display Fixation
12.5265 	DATA 	Keypress: t
12.6793 	DATA 	Keypress: t
12.8261 	DATA 	Keypress: t
13.0671 	DATA 	Keypress: t
13.2237 	DATA 	Keypress: t
13.3536 	DATA 	Keypress: t
13.5025 	DATA 	Keypress: t
13.6288 	DATA 	Keypress: t
13.7567 	EXP 	Display Frame 1
13.8797 	DATA 	Keypress: t
13.8823 	EXP 	Display Frame 0
14.0046 	DATA 	Keypress: t
14.0067 	EXP 	Display Frame 1
14.1309 	EXP 	Display Frame 0
14.2561 	EXP 	Display Frame 1
14.3813 	EXP 	Display Frame 0
14.5062 	EXP 	Display Frame 1
14.6309 	EXP 	Display Frame 0
14.7560 	EXP 	Display Frame 1
14.8812 	EXP 	Display Frame 0
15.0061 	EXP 	Display Frame 1
15.1313 	EXP 	Display Frame 0
15.2562 	EXP 	Display Frame 1
15.3811 	EXP 	Display Frame 0
15.5060 	EXP 	Display Frame 1
15.6310 	EXP 	Display Frame 0
15.7561 	EXP 	Display Frame 1
15.8810 	EXP 	Display Frame 0
16.0060 	EXP 	Display Frame 1
16.1310 	DATA 	Keypress: q
16.1338 	EXP 	Display Frame 0
16.1449 	EXP 	topMsg: height = 0.1
16.1449 	EXP 	topMsg: height = 0.1
16.1449 	EXP 	topMsg: text = "Thank you very much! \n\nThat's it with the tapping"
16.1449 	EXP 	bottomMsg: height = 0.1
16.1449 	EXP 	bottomMsg: height = 0.1
16.1449 	EXP 	bottomMsg: text = "Please relax for the ramaining time \n\n Press 'q' or 'escape' to end the session."
16.1449 	EXP 	Display TheEnd
16.2604 	DATA 	Keypress: t
17.3459 	DATA 	Keypress: q
17.4135 	EXP 	win: mouseVisible = True
