0.7008 	WARNING 	We strongly recommend you activate the PTB sound engine in PsychoPy prefs as the preferred audio engine. Its timing is vastly superior. Your prefs are currently set to use ['sounddevice', 'PTB', 'pyo', 'pygame'] (in that order).
3.3522 	WARNING 	User requested fullscreen with size [1512  982], but screen is actually [1920, 1080]. Using actual size
4.4673 	WARNING 	Couldn't measure a consistent frame rate!
  - Is your graphics card set to sync to vertical blank?
  - Are you running other processes on your computer?

4.4681 	EXP 	Created window1 = Window(allowGUI=True, allowStencil=False, autoLog=True, backendConf=UNKNOWN, bitsMode=UNKNOWN, blendMode='avg', bpc=(8, 8, 8), color=array([0, 0, 0]), colorSpace='rgb', depthBits=8, fullscr=<method-wrapper '__getattribute__' of attributeSetter object at 0x7fc6e8f98040>, gamma=None, gammaErrorPolicy='raise', lms=UNKNOWN, monitor=<psychopy.monitors.calibTools.Monitor object at 0x7fc6e84ec6d0>, multiSample=False, name='window1', numSamples=2, pos=[0.0, 0.0], screen=0, size=array([1920, 1080]), stencilBits=0, stereo=False, units='height', useFBO=True, useRetina=False, viewOri=0.0, viewPos=None, viewScale=None, waitBlanking=True, winType='pyglet')
4.4684 	EXP 	window1: mouseVisible = True
4.4711 	EXP 	window1: mouseVisible = False
4.5093 	EXP 	Created task_trial1 = TextStim(__class__=<class 'psychopy.visual.text.TextStim'>, alignHoriz=method-wrapper(...), alignText='center', alignVert=method-wrapper(...), anchorHoriz='center', anchorVert='center', antialias=True, autoLog=True, bold=False, color=array([-1., -1., -1.]), colorSpace='rgb', contrast=1.0, depth=0, flipHoriz=False, flipVert=False, font='', fontFiles=[], height=50.0, italic=False, languageStyle='LTR', name='task_trial1', opacity=1.0, ori=0.0, pos=array([0., 0.]), rgb=UNKNOWN, text='MONEY', units='pix', win=Window(...), wrapWidth=600)
4.5151 	EXP 	Created resp_trial1 = TextStim(__class__=<class 'psychopy.visual.text.TextStim'>, alignHoriz=method-wrapper(...), alignText='center', alignVert=method-wrapper(...), anchorHoriz='center', anchorVert='center', antialias=True, autoLog=True, bold=False, color=array([-1., -1., -1.]), colorSpace='rgb', contrast=1.0, depth=0, flipHoriz=False, flipVert=False, font='', fontFiles=[], height=50.0, italic=False, languageStyle='LTR', name='resp_trial1', opacity=1.0, ori=0.0, pos=array([0., 0.]), rgb=UNKNOWN, text='vague or vivid?', units='pix', win=Window(...), wrapWidth=600)
4.5182 	EXP 	Created task_trial2 = TextStim(__class__=<class 'psychopy.visual.text.TextStim'>, alignHoriz=method-wrapper(...), alignText='center', alignVert=method-wrapper(...), anchorHoriz='center', anchorVert='center', antialias=True, autoLog=True, bold=False, color=array([-1., -1., -1.]), colorSpace='rgb', contrast=1.0, depth=0, flipHoriz=False, flipVert=False, font='', fontFiles=[], height=50.0, italic=False, languageStyle='LTR', name='task_trial2', opacity=1.0, ori=0.0, pos=array([0., 0.]), rgb=UNKNOWN, text='72 / 4', units='pix', win=Window(...), wrapWidth=600)
4.5222 	EXP 	Created resp_trial2 = TextStim(__class__=<class 'psychopy.visual.text.TextStim'>, alignHoriz=method-wrapper(...), alignText='center', alignVert=method-wrapper(...), anchorHoriz='center', anchorVert='center', antialias=True, autoLog=True, bold=False, color=array([-1., -1., -1.]), colorSpace='rgb', contrast=1.0, depth=0, flipHoriz=False, flipVert=False, font='', fontFiles=[], height=50.0, italic=False, languageStyle='LTR', name='resp_trial2', opacity=1.0, ori=0.0, pos=array([0., 0.]), rgb=UNKNOWN, text='easy or difficult?', units='pix', win=Window(...), wrapWidth=600)
4.5253 	EXP 	Created task_trial3 = TextStim(__class__=<class 'psychopy.visual.text.TextStim'>, alignHoriz=method-wrapper(...), alignText='center', alignVert=method-wrapper(...), anchorHoriz='center', anchorVert='center', antialias=True, autoLog=True, bold=False, color=array([-1., -1., -1.]), colorSpace='rgb', contrast=1.0, depth=0, flipHoriz=False, flipVert=False, font='', fontFiles=[], height=50.0, italic=False, languageStyle='LTR', name='task_trial3', opacity=1.0, ori=0.0, pos=array([0., 0.]), rgb=UNKNOWN, text='FLAG', units='pix', win=Window(...), wrapWidth=600)
4.5272 	EXP 	Created resp_trial3 = TextStim(__class__=<class 'psychopy.visual.text.TextStim'>, alignHoriz=method-wrapper(...), alignText='center', alignVert=method-wrapper(...), anchorHoriz='center', anchorVert='center', antialias=True, autoLog=True, bold=False, color=array([-1., -1., -1.]), colorSpace='rgb', contrast=1.0, depth=0, flipHoriz=False, flipVert=False, font='', fontFiles=[], height=50.0, italic=False, languageStyle='LTR', name='resp_trial3', opacity=1.0, ori=0.0, pos=array([0., 0.]), rgb=UNKNOWN, text='vague or vivid?', units='pix', win=Window(...), wrapWidth=600)
4.5297 	EXP 	Created task_trial4 = TextStim(__class__=<class 'psychopy.visual.text.TextStim'>, alignHoriz=method-wrapper(...), alignText='center', alignVert=method-wrapper(...), anchorHoriz='center', anchorVert='center', antialias=True, autoLog=True, bold=False, color=array([-1., -1., -1.]), colorSpace='rgb', contrast=1.0, depth=0, flipHoriz=False, flipVert=False, font='', fontFiles=[], height=50.0, italic=False, languageStyle='LTR', name='task_trial4', opacity=1.0, ori=0.0, pos=array([0., 0.]), rgb=UNKNOWN, text='64 - 24', units='pix', win=Window(...), wrapWidth=600)
4.5315 	EXP 	Created resp_trial4 = TextStim(__class__=<class 'psychopy.visual.text.TextStim'>, alignHoriz=method-wrapper(...), alignText='center', alignVert=method-wrapper(...), anchorHoriz='center', anchorVert='center', antialias=True, autoLog=True, bold=False, color=array([-1., -1., -1.]), colorSpace='rgb', contrast=1.0, depth=0, flipHoriz=False, flipVert=False, font='', fontFiles=[], height=50.0, italic=False, languageStyle='LTR', name='resp_trial4', opacity=1.0, ori=0.0, pos=array([0., 0.]), rgb=UNKNOWN, text='easy or difficult?', units='pix', win=Window(...), wrapWidth=600)
4.5348 	EXP 	Created task_trial5 = TextStim(__class__=<class 'psychopy.visual.text.TextStim'>, alignHoriz=method-wrapper(...), alignText='center', alignVert=method-wrapper(...), anchorHoriz='center', anchorVert='center', antialias=True, autoLog=True, bold=False, color=array([-1., -1., -1.]), colorSpace='rgb', contrast=1.0, depth=0, flipHoriz=False, flipVert=False, font='', fontFiles=[], height=50.0, italic=False, languageStyle='LTR', name='task_trial5', opacity=1.0, ori=0.0, pos=array([0., 0.]), rgb=UNKNOWN, text='PICTURE', units='pix', win=Window(...), wrapWidth=600)
4.5365 	EXP 	Created resp_trial5 = TextStim(__class__=<class 'psychopy.visual.text.TextStim'>, alignHoriz=method-wrapper(...), alignText='center', alignVert=method-wrapper(...), anchorHoriz='center', anchorVert='center', antialias=True, autoLog=True, bold=False, color=array([-1., -1., -1.]), colorSpace='rgb', contrast=1.0, depth=0, flipHoriz=False, flipVert=False, font='', fontFiles=[], height=50.0, italic=False, languageStyle='LTR', name='resp_trial5', opacity=1.0, ori=0.0, pos=array([0., 0.]), rgb=UNKNOWN, text='vague or vivid?', units='pix', win=Window(...), wrapWidth=600)
4.5388 	EXP 	Created task_trial6 = TextStim(__class__=<class 'psychopy.visual.text.TextStim'>, alignHoriz=method-wrapper(...), alignText='center', alignVert=method-wrapper(...), anchorHoriz='center', anchorVert='center', antialias=True, autoLog=True, bold=False, color=array([-1., -1., -1.]), colorSpace='rgb', contrast=1.0, depth=0, flipHoriz=False, flipVert=False, font='', fontFiles=[], height=50.0, italic=False, languageStyle='LTR', name='task_trial6', opacity=1.0, ori=0.0, pos=array([0., 0.]), rgb=UNKNOWN, text='25 * 3', units='pix', win=Window(...), wrapWidth=600)
4.5413 	EXP 	Created resp_trial6 = TextStim(__class__=<class 'psychopy.visual.text.TextStim'>, alignHoriz=method-wrapper(...), alignText='center', alignVert=method-wrapper(...), anchorHoriz='center', anchorVert='center', antialias=True, autoLog=True, bold=False, color=array([-1., -1., -1.]), colorSpace='rgb', contrast=1.0, depth=0, flipHoriz=False, flipVert=False, font='', fontFiles=[], height=50.0, italic=False, languageStyle='LTR', name='resp_trial6', opacity=1.0, ori=0.0, pos=array([0., 0.]), rgb=UNKNOWN, text='easy or difficult?', units='pix', win=Window(...), wrapWidth=600)
4.5425 	EXP 	Created task_trial7 = TextStim(__class__=<class 'psychopy.visual.text.TextStim'>, alignHoriz=method-wrapper(...), alignText='center', alignVert=method-wrapper(...), anchorHoriz='center', anchorVert='center', antialias=True, autoLog=True, bold=False, color=array([-1., -1., -1.]), colorSpace='rgb', contrast=1.0, depth=0, flipHoriz=False, flipVert=False, font='', fontFiles=[], height=50.0, italic=False, languageStyle='LTR', name='task_trial7', opacity=1.0, ori=0.0, pos=array([0., 0.]), rgb=UNKNOWN, text='LIP', units='pix', win=Window(...), wrapWidth=600)
4.5441 	EXP 	Created resp_trial7 = TextStim(__class__=<class 'psychopy.visual.text.TextStim'>, alignHoriz=method-wrapper(...), alignText='center', alignVert=method-wrapper(...), anchorHoriz='center', anchorVert='center', antialias=True, autoLog=True, bold=False, color=array([-1., -1., -1.]), colorSpace='rgb', contrast=1.0, depth=0, flipHoriz=False, flipVert=False, font='', fontFiles=[], height=50.0, italic=False, languageStyle='LTR', name='resp_trial7', opacity=1.0, ori=0.0, pos=array([0., 0.]), rgb=UNKNOWN, text='vague or vivid?', units='pix', win=Window(...), wrapWidth=600)
4.5458 	EXP 	Created task_trial8 = TextStim(__class__=<class 'psychopy.visual.text.TextStim'>, alignHoriz=method-wrapper(...), alignText='center', alignVert=method-wrapper(...), anchorHoriz='center', anchorVert='center', antialias=True, autoLog=True, bold=False, color=array([-1., -1., -1.]), colorSpace='rgb', contrast=1.0, depth=0, flipHoriz=False, flipVert=False, font='', fontFiles=[], height=50.0, italic=False, languageStyle='LTR', name='task_trial8', opacity=1.0, ori=0.0, pos=array([0., 0.]), rgb=UNKNOWN, text='28 * 6', units='pix', win=Window(...), wrapWidth=600)
4.5475 	EXP 	Created resp_trial8 = TextStim(__class__=<class 'psychopy.visual.text.TextStim'>, alignHoriz=method-wrapper(...), alignText='center', alignVert=method-wrapper(...), anchorHoriz='center', anchorVert='center', antialias=True, autoLog=True, bold=False, color=array([-1., -1., -1.]), colorSpace='rgb', contrast=1.0, depth=0, flipHoriz=False, flipVert=False, font='', fontFiles=[], height=50.0, italic=False, languageStyle='LTR', name='resp_trial8', opacity=1.0, ori=0.0, pos=array([0., 0.]), rgb=UNKNOWN, text='easy or difficult?', units='pix', win=Window(...), wrapWidth=600)
4.5492 	EXP 	Created task_trial9 = TextStim(__class__=<class 'psychopy.visual.text.TextStim'>, alignHoriz=method-wrapper(...), alignText='center', alignVert=method-wrapper(...), anchorHoriz='center', anchorVert='center', antialias=True, autoLog=True, bold=False, color=array([-1., -1., -1.]), colorSpace='rgb', contrast=1.0, depth=0, flipHoriz=False, flipVert=False, font='', fontFiles=[], height=50.0, italic=False, languageStyle='LTR', name='task_trial9', opacity=1.0, ori=0.0, pos=array([0., 0.]), rgb=UNKNOWN, text='TOWER', units='pix', win=Window(...), wrapWidth=600)
4.5507 	EXP 	Created resp_trial9 = TextStim(__class__=<class 'psychopy.visual.text.TextStim'>, alignHoriz=method-wrapper(...), alignText='center', alignVert=method-wrapper(...), anchorHoriz='center', anchorVert='center', antialias=True, autoLog=True, bold=False, color=array([-1., -1., -1.]), colorSpace='rgb', contrast=1.0, depth=0, flipHoriz=False, flipVert=False, font='', fontFiles=[], height=50.0, italic=False, languageStyle='LTR', name='resp_trial9', opacity=1.0, ori=0.0, pos=array([0., 0.]), rgb=UNKNOWN, text='vague or vivid?', units='pix', win=Window(...), wrapWidth=600)
4.5526 	EXP 	Created task_trial10 = TextStim(__class__=<class 'psychopy.visual.text.TextStim'>, alignHoriz=method-wrapper(...), alignText='center', alignVert=method-wrapper(...), anchorHoriz='center', anchorVert='center', antialias=True, autoLog=True, bold=False, color=array([-1., -1., -1.]), colorSpace='rgb', contrast=1.0, depth=0, flipHoriz=False, flipVert=False, font='', fontFiles=[], height=50.0, italic=False, languageStyle='LTR', name='task_trial10', opacity=1.0, ori=0.0, pos=array([0., 0.]), rgb=UNKNOWN, text='14 + 41', units='pix', win=Window(...), wrapWidth=600)
4.5542 	EXP 	Created resp_trial10 = TextStim(__class__=<class 'psychopy.visual.text.TextStim'>, alignHoriz=method-wrapper(...), alignText='center', alignVert=method-wrapper(...), anchorHoriz='center', anchorVert='center', antialias=True, autoLog=True, bold=False, color=array([-1., -1., -1.]), colorSpace='rgb', contrast=1.0, depth=0, flipHoriz=False, flipVert=False, font='', fontFiles=[], height=50.0, italic=False, languageStyle='LTR', name='resp_trial10', opacity=1.0, ori=0.0, pos=array([0., 0.]), rgb=UNKNOWN, text='easy or difficult?', units='pix', win=Window(...), wrapWidth=600)
4.5558 	EXP 	Created task_trial11 = TextStim(__class__=<class 'psychopy.visual.text.TextStim'>, alignHoriz=method-wrapper(...), alignText='center', alignVert=method-wrapper(...), anchorHoriz='center', anchorVert='center', antialias=True, autoLog=True, bold=False, color=array([-1., -1., -1.]), colorSpace='rgb', contrast=1.0, depth=0, flipHoriz=False, flipVert=False, font='', fontFiles=[], height=50.0, italic=False, languageStyle='LTR', name='task_trial11', opacity=1.0, ori=0.0, pos=array([0., 0.]), rgb=UNKNOWN, text='LIBRARY', units='pix', win=Window(...), wrapWidth=600)
4.5573 	EXP 	Created resp_trial11 = TextStim(__class__=<class 'psychopy.visual.text.TextStim'>, alignHoriz=method-wrapper(...), alignText='center', alignVert=method-wrapper(...), anchorHoriz='center', anchorVert='center', antialias=True, autoLog=True, bold=False, color=array([-1., -1., -1.]), colorSpace='rgb', contrast=1.0, depth=0, flipHoriz=False, flipVert=False, font='', fontFiles=[], height=50.0, italic=False, languageStyle='LTR', name='resp_trial11', opacity=1.0, ori=0.0, pos=array([0., 0.]), rgb=UNKNOWN, text='vague or vivid?', units='pix', win=Window(...), wrapWidth=600)
4.5586 	EXP 	Created task_trial12 = TextStim(__class__=<class 'psychopy.visual.text.TextStim'>, alignHoriz=method-wrapper(...), alignText='center', alignVert=method-wrapper(...), anchorHoriz='center', anchorVert='center', antialias=True, autoLog=True, bold=False, color=array([-1., -1., -1.]), colorSpace='rgb', contrast=1.0, depth=0, flipHoriz=False, flipVert=False, font='', fontFiles=[], height=50.0, italic=False, languageStyle='LTR', name='task_trial12', opacity=1.0, ori=0.0, pos=array([0., 0.]), rgb=UNKNOWN, text='66 / 2', units='pix', win=Window(...), wrapWidth=600)
4.5602 	EXP 	Created resp_trial12 = TextStim(__class__=<class 'psychopy.visual.text.TextStim'>, alignHoriz=method-wrapper(...), alignText='center', alignVert=method-wrapper(...), anchorHoriz='center', anchorVert='center', antialias=True, autoLog=True, bold=False, color=array([-1., -1., -1.]), colorSpace='rgb', contrast=1.0, depth=0, flipHoriz=False, flipVert=False, font='', fontFiles=[], height=50.0, italic=False, languageStyle='LTR', name='resp_trial12', opacity=1.0, ori=0.0, pos=array([0., 0.]), rgb=UNKNOWN, text='easy or difficult?', units='pix', win=Window(...), wrapWidth=600)
4.5617 	EXP 	Created task_trial13 = TextStim(__class__=<class 'psychopy.visual.text.TextStim'>, alignHoriz=method-wrapper(...), alignText='center', alignVert=method-wrapper(...), anchorHoriz='center', anchorVert='center', antialias=True, autoLog=True, bold=False, color=array([-1., -1., -1.]), colorSpace='rgb', contrast=1.0, depth=0, flipHoriz=False, flipVert=False, font='', fontFiles=[], height=50.0, italic=False, languageStyle='LTR', name='task_trial13', opacity=1.0, ori=0.0, pos=array([0., 0.]), rgb=UNKNOWN, text='RIVER', units='pix', win=Window(...), wrapWidth=600)
4.5633 	EXP 	Created resp_trial13 = TextStim(__class__=<class 'psychopy.visual.text.TextStim'>, alignHoriz=method-wrapper(...), alignText='center', alignVert=method-wrapper(...), anchorHoriz='center', anchorVert='center', antialias=True, autoLog=True, bold=False, color=array([-1., -1., -1.]), colorSpace='rgb', contrast=1.0, depth=0, flipHoriz=False, flipVert=False, font='', fontFiles=[], height=50.0, italic=False, languageStyle='LTR', name='resp_trial13', opacity=1.0, ori=0.0, pos=array([0., 0.]), rgb=UNKNOWN, text='vague or vivid?', units='pix', win=Window(...), wrapWidth=600)
4.5645 	EXP 	Created task_trial14 = TextStim(__class__=<class 'psychopy.visual.text.TextStim'>, alignHoriz=method-wrapper(...), alignText='center', alignVert=method-wrapper(...), anchorHoriz='center', anchorVert='center', antialias=True, autoLog=True, bold=False, color=array([-1., -1., -1.]), colorSpace='rgb', contrast=1.0, depth=0, flipHoriz=False, flipVert=False, font='', fontFiles=[], height=50.0, italic=False, languageStyle='LTR', name='task_trial14', opacity=1.0, ori=0.0, pos=array([0., 0.]), rgb=UNKNOWN, text='57 - 35', units='pix', win=Window(...), wrapWidth=600)
4.5661 	EXP 	Created resp_trial14 = TextStim(__class__=<class 'psychopy.visual.text.TextStim'>, alignHoriz=method-wrapper(...), alignText='center', alignVert=method-wrapper(...), anchorHoriz='center', anchorVert='center', antialias=True, autoLog=True, bold=False, color=array([-1., -1., -1.]), colorSpace='rgb', contrast=1.0, depth=0, flipHoriz=False, flipVert=False, font='', fontFiles=[], height=50.0, italic=False, languageStyle='LTR', name='resp_trial14', opacity=1.0, ori=0.0, pos=array([0., 0.]), rgb=UNKNOWN, text='easy or difficult?', units='pix', win=Window(...), wrapWidth=600)
4.5676 	EXP 	Created task_trial15 = TextStim(__class__=<class 'psychopy.visual.text.TextStim'>, alignHoriz=method-wrapper(...), alignText='center', alignVert=method-wrapper(...), anchorHoriz='center', anchorVert='center', antialias=True, autoLog=True, bold=False, color=array([-1., -1., -1.]), colorSpace='rgb', contrast=1.0, depth=0, flipHoriz=False, flipVert=False, font='', fontFiles=[], height=50.0, italic=False, languageStyle='LTR', name='task_trial15', opacity=1.0, ori=0.0, pos=array([0., 0.]), rgb=UNKNOWN, text='DOCTOR', units='pix', win=Window(...), wrapWidth=600)
4.5690 	EXP 	Created resp_trial15 = TextStim(__class__=<class 'psychopy.visual.text.TextStim'>, alignHoriz=method-wrapper(...), alignText='center', alignVert=method-wrapper(...), anchorHoriz='center', anchorVert='center', antialias=True, autoLog=True, bold=False, color=array([-1., -1., -1.]), colorSpace='rgb', contrast=1.0, depth=0, flipHoriz=False, flipVert=False, font='', fontFiles=[], height=50.0, italic=False, languageStyle='LTR', name='resp_trial15', opacity=1.0, ori=0.0, pos=array([0., 0.]), rgb=UNKNOWN, text='vague or vivid?', units='pix', win=Window(...), wrapWidth=600)
4.5706 	EXP 	Created task_trial16 = TextStim(__class__=<class 'psychopy.visual.text.TextStim'>, alignHoriz=method-wrapper(...), alignText='center', alignVert=method-wrapper(...), anchorHoriz='center', anchorVert='center', antialias=True, autoLog=True, bold=False, color=array([-1., -1., -1.]), colorSpace='rgb', contrast=1.0, depth=0, flipHoriz=False, flipVert=False, font='', fontFiles=[], height=50.0, italic=False, languageStyle='LTR', name='task_trial16', opacity=1.0, ori=0.0, pos=array([0., 0.]), rgb=UNKNOWN, text='50 / 5', units='pix', win=Window(...), wrapWidth=600)
4.5720 	EXP 	Created resp_trial16 = TextStim(__class__=<class 'psychopy.visual.text.TextStim'>, alignHoriz=method-wrapper(...), alignText='center', alignVert=method-wrapper(...), anchorHoriz='center', anchorVert='center', antialias=True, autoLog=True, bold=False, color=array([-1., -1., -1.]), colorSpace='rgb', contrast=1.0, depth=0, flipHoriz=False, flipVert=False, font='', fontFiles=[], height=50.0, italic=False, languageStyle='LTR', name='resp_trial16', opacity=1.0, ori=0.0, pos=array([0., 0.]), rgb=UNKNOWN, text='easy or difficult?', units='pix', win=Window(...), wrapWidth=600)
4.5731 	EXP 	Created task_trial17 = TextStim(__class__=<class 'psychopy.visual.text.TextStim'>, alignHoriz=method-wrapper(...), alignText='center', alignVert=method-wrapper(...), anchorHoriz='center', anchorVert='center', antialias=True, autoLog=True, bold=False, color=array([-1., -1., -1.]), colorSpace='rgb', contrast=1.0, depth=0, flipHoriz=False, flipVert=False, font='', fontFiles=[], height=50.0, italic=False, languageStyle='LTR', name='task_trial17', opacity=1.0, ori=0.0, pos=array([0., 0.]), rgb=UNKNOWN, text='CAR', units='pix', win=Window(...), wrapWidth=600)
4.5745 	EXP 	Created resp_trial17 = TextStim(__class__=<class 'psychopy.visual.text.TextStim'>, alignHoriz=method-wrapper(...), alignText='center', alignVert=method-wrapper(...), anchorHoriz='center', anchorVert='center', antialias=True, autoLog=True, bold=False, color=array([-1., -1., -1.]), colorSpace='rgb', contrast=1.0, depth=0, flipHoriz=False, flipVert=False, font='', fontFiles=[], height=50.0, italic=False, languageStyle='LTR', name='resp_trial17', opacity=1.0, ori=0.0, pos=array([0., 0.]), rgb=UNKNOWN, text='vague or vivid?', units='pix', win=Window(...), wrapWidth=600)
4.5757 	EXP 	Created task_trial18 = TextStim(__class__=<class 'psychopy.visual.text.TextStim'>, alignHoriz=method-wrapper(...), alignText='center', alignVert=method-wrapper(...), anchorHoriz='center', anchorVert='center', antialias=True, autoLog=True, bold=False, color=array([-1., -1., -1.]), colorSpace='rgb', contrast=1.0, depth=0, flipHoriz=False, flipVert=False, font='', fontFiles=[], height=50.0, italic=False, languageStyle='LTR', name='task_trial18', opacity=1.0, ori=0.0, pos=array([0., 0.]), rgb=UNKNOWN, text='47 - 33', units='pix', win=Window(...), wrapWidth=600)
4.5772 	EXP 	Created resp_trial18 = TextStim(__class__=<class 'psychopy.visual.text.TextStim'>, alignHoriz=method-wrapper(...), alignText='center', alignVert=method-wrapper(...), anchorHoriz='center', anchorVert='center', antialias=True, autoLog=True, bold=False, color=array([-1., -1., -1.]), colorSpace='rgb', contrast=1.0, depth=0, flipHoriz=False, flipVert=False, font='', fontFiles=[], height=50.0, italic=False, languageStyle='LTR', name='resp_trial18', opacity=1.0, ori=0.0, pos=array([0., 0.]), rgb=UNKNOWN, text='easy or difficult?', units='pix', win=Window(...), wrapWidth=600)
4.5787 	EXP 	Created task_trial19 = TextStim(__class__=<class 'psychopy.visual.text.TextStim'>, alignHoriz=method-wrapper(...), alignText='center', alignVert=method-wrapper(...), anchorHoriz='center', anchorVert='center', antialias=True, autoLog=True, bold=False, color=array([-1., -1., -1.]), colorSpace='rgb', contrast=1.0, depth=0, flipHoriz=False, flipVert=False, font='', fontFiles=[], height=50.0, italic=False, languageStyle='LTR', name='task_trial19', opacity=1.0, ori=0.0, pos=array([0., 0.]), rgb=UNKNOWN, text='STONE', units='pix', win=Window(...), wrapWidth=600)
4.5800 	EXP 	Created resp_trial19 = TextStim(__class__=<class 'psychopy.visual.text.TextStim'>, alignHoriz=method-wrapper(...), alignText='center', alignVert=method-wrapper(...), anchorHoriz='center', anchorVert='center', antialias=True, autoLog=True, bold=False, color=array([-1., -1., -1.]), colorSpace='rgb', contrast=1.0, depth=0, flipHoriz=False, flipVert=False, font='', fontFiles=[], height=50.0, italic=False, languageStyle='LTR', name='resp_trial19', opacity=1.0, ori=0.0, pos=array([0., 0.]), rgb=UNKNOWN, text='vague or vivid?', units='pix', win=Window(...), wrapWidth=600)
4.5813 	EXP 	Created task_trial20 = TextStim(__class__=<class 'psychopy.visual.text.TextStim'>, alignHoriz=method-wrapper(...), alignText='center', alignVert=method-wrapper(...), anchorHoriz='center', anchorVert='center', antialias=True, autoLog=True, bold=False, color=array([-1., -1., -1.]), colorSpace='rgb', contrast=1.0, depth=0, flipHoriz=False, flipVert=False, font='', fontFiles=[], height=50.0, italic=False, languageStyle='LTR', name='task_trial20', opacity=1.0, ori=0.0, pos=array([0., 0.]), rgb=UNKNOWN, text='40 - 32', units='pix', win=Window(...), wrapWidth=600)
4.5827 	EXP 	Created resp_trial20 = TextStim(__class__=<class 'psychopy.visual.text.TextStim'>, alignHoriz=method-wrapper(...), alignText='center', alignVert=method-wrapper(...), anchorHoriz='center', anchorVert='center', antialias=True, autoLog=True, bold=False, color=array([-1., -1., -1.]), colorSpace='rgb', contrast=1.0, depth=0, flipHoriz=False, flipVert=False, font='', fontFiles=[], height=50.0, italic=False, languageStyle='LTR', name='resp_trial20', opacity=1.0, ori=0.0, pos=array([0., 0.]), rgb=UNKNOWN, text='easy or difficult?', units='pix', win=Window(...), wrapWidth=600)
4.5841 	EXP 	Created task_trial21 = TextStim(__class__=<class 'psychopy.visual.text.TextStim'>, alignHoriz=method-wrapper(...), alignText='center', alignVert=method-wrapper(...), anchorHoriz='center', anchorVert='center', antialias=True, autoLog=True, bold=False, color=array([-1., -1., -1.]), colorSpace='rgb', contrast=1.0, depth=0, flipHoriz=False, flipVert=False, font='', fontFiles=[], height=50.0, italic=False, languageStyle='LTR', name='task_trial21', opacity=1.0, ori=0.0, pos=array([0., 0.]), rgb=UNKNOWN, text='HORSE', units='pix', win=Window(...), wrapWidth=600)
4.5854 	EXP 	Created resp_trial21 = TextStim(__class__=<class 'psychopy.visual.text.TextStim'>, alignHoriz=method-wrapper(...), alignText='center', alignVert=method-wrapper(...), anchorHoriz='center', anchorVert='center', antialias=True, autoLog=True, bold=False, color=array([-1., -1., -1.]), colorSpace='rgb', contrast=1.0, depth=0, flipHoriz=False, flipVert=False, font='', fontFiles=[], height=50.0, italic=False, languageStyle='LTR', name='resp_trial21', opacity=1.0, ori=0.0, pos=array([0., 0.]), rgb=UNKNOWN, text='vague or vivid?', units='pix', win=Window(...), wrapWidth=600)
4.5866 	EXP 	Created task_trial22 = TextStim(__class__=<class 'psychopy.visual.text.TextStim'>, alignHoriz=method-wrapper(...), alignText='center', alignVert=method-wrapper(...), anchorHoriz='center', anchorVert='center', antialias=True, autoLog=True, bold=False, color=array([-1., -1., -1.]), colorSpace='rgb', contrast=1.0, depth=0, flipHoriz=False, flipVert=False, font='', fontFiles=[], height=50.0, italic=False, languageStyle='LTR', name='task_trial22', opacity=1.0, ori=0.0, pos=array([0., 0.]), rgb=UNKNOWN, text='22 * 3', units='pix', win=Window(...), wrapWidth=600)
4.5881 	EXP 	Created resp_trial22 = TextStim(__class__=<class 'psychopy.visual.text.TextStim'>, alignHoriz=method-wrapper(...), alignText='center', alignVert=method-wrapper(...), anchorHoriz='center', anchorVert='center', antialias=True, autoLog=True, bold=False, color=array([-1., -1., -1.]), colorSpace='rgb', contrast=1.0, depth=0, flipHoriz=False, flipVert=False, font='', fontFiles=[], height=50.0, italic=False, languageStyle='LTR', name='resp_trial22', opacity=1.0, ori=0.0, pos=array([0., 0.]), rgb=UNKNOWN, text='easy or difficult?', units='pix', win=Window(...), wrapWidth=600)
4.5892 	EXP 	Created task_trial23 = TextStim(__class__=<class 'psychopy.visual.text.TextStim'>, alignHoriz=method-wrapper(...), alignText='center', alignVert=method-wrapper(...), anchorHoriz='center', anchorVert='center', antialias=True, autoLog=True, bold=False, color=array([-1., -1., -1.]), colorSpace='rgb', contrast=1.0, depth=0, flipHoriz=False, flipVert=False, font='', fontFiles=[], height=50.0, italic=False, languageStyle='LTR', name='task_trial23', opacity=1.0, ori=0.0, pos=array([0., 0.]), rgb=UNKNOWN, text='BUILDING', units='pix', win=Window(...), wrapWidth=600)
4.5906 	EXP 	Created resp_trial23 = TextStim(__class__=<class 'psychopy.visual.text.TextStim'>, alignHoriz=method-wrapper(...), alignText='center', alignVert=method-wrapper(...), anchorHoriz='center', anchorVert='center', antialias=True, autoLog=True, bold=False, color=array([-1., -1., -1.]), colorSpace='rgb', contrast=1.0, depth=0, flipHoriz=False, flipVert=False, font='', fontFiles=[], height=50.0, italic=False, languageStyle='LTR', name='resp_trial23', opacity=1.0, ori=0.0, pos=array([0., 0.]), rgb=UNKNOWN, text='vague or vivid?', units='pix', win=Window(...), wrapWidth=600)
4.5918 	EXP 	Created task_trial24 = TextStim(__class__=<class 'psychopy.visual.text.TextStim'>, alignHoriz=method-wrapper(...), alignText='center', alignVert=method-wrapper(...), anchorHoriz='center', anchorVert='center', antialias=True, autoLog=True, bold=False, color=array([-1., -1., -1.]), colorSpace='rgb', contrast=1.0, depth=0, flipHoriz=False, flipVert=False, font='', fontFiles=[], height=50.0, italic=False, languageStyle='LTR', name='task_trial24', opacity=1.0, ori=0.0, pos=array([0., 0.]), rgb=UNKNOWN, text='16 + 47', units='pix', win=Window(...), wrapWidth=600)
4.5932 	EXP 	Created resp_trial24 = TextStim(__class__=<class 'psychopy.visual.text.TextStim'>, alignHoriz=method-wrapper(...), alignText='center', alignVert=method-wrapper(...), anchorHoriz='center', anchorVert='center', antialias=True, autoLog=True, bold=False, color=array([-1., -1., -1.]), colorSpace='rgb', contrast=1.0, depth=0, flipHoriz=False, flipVert=False, font='', fontFiles=[], height=50.0, italic=False, languageStyle='LTR', name='resp_trial24', opacity=1.0, ori=0.0, pos=array([0., 0.]), rgb=UNKNOWN, text='easy or difficult?', units='pix', win=Window(...), wrapWidth=600)
4.5943 	EXP 	Created task_trial25 = TextStim(__class__=<class 'psychopy.visual.text.TextStim'>, alignHoriz=method-wrapper(...), alignText='center', alignVert=method-wrapper(...), anchorHoriz='center', anchorVert='center', antialias=True, autoLog=True, bold=False, color=array([-1., -1., -1.]), colorSpace='rgb', contrast=1.0, depth=0, flipHoriz=False, flipVert=False, font='', fontFiles=[], height=50.0, italic=False, languageStyle='LTR', name='task_trial25', opacity=1.0, ori=0.0, pos=array([0., 0.]), rgb=UNKNOWN, text='COFFEE', units='pix', win=Window(...), wrapWidth=600)
4.5956 	EXP 	Created resp_trial25 = TextStim(__class__=<class 'psychopy.visual.text.TextStim'>, alignHoriz=method-wrapper(...), alignText='center', alignVert=method-wrapper(...), anchorHoriz='center', anchorVert='center', antialias=True, autoLog=True, bold=False, color=array([-1., -1., -1.]), colorSpace='rgb', contrast=1.0, depth=0, flipHoriz=False, flipVert=False, font='', fontFiles=[], height=50.0, italic=False, languageStyle='LTR', name='resp_trial25', opacity=1.0, ori=0.0, pos=array([0., 0.]), rgb=UNKNOWN, text='vague or vivid?', units='pix', win=Window(...), wrapWidth=600)
4.5969 	EXP 	Created task_trial26 = TextStim(__class__=<class 'psychopy.visual.text.TextStim'>, alignHoriz=method-wrapper(...), alignText='center', alignVert=method-wrapper(...), anchorHoriz='center', anchorVert='center', antialias=True, autoLog=True, bold=False, color=array([-1., -1., -1.]), colorSpace='rgb', contrast=1.0, depth=0, flipHoriz=False, flipVert=False, font='', fontFiles=[], height=50.0, italic=False, languageStyle='LTR', name='task_trial26', opacity=1.0, ori=0.0, pos=array([0., 0.]), rgb=UNKNOWN, text='23 + 28', units='pix', win=Window(...), wrapWidth=600)
4.5983 	EXP 	Created resp_trial26 = TextStim(__class__=<class 'psychopy.visual.text.TextStim'>, alignHoriz=method-wrapper(...), alignText='center', alignVert=method-wrapper(...), anchorHoriz='center', anchorVert='center', antialias=True, autoLog=True, bold=False, color=array([-1., -1., -1.]), colorSpace='rgb', contrast=1.0, depth=0, flipHoriz=False, flipVert=False, font='', fontFiles=[], height=50.0, italic=False, languageStyle='LTR', name='resp_trial26', opacity=1.0, ori=0.0, pos=array([0., 0.]), rgb=UNKNOWN, text='easy or difficult?', units='pix', win=Window(...), wrapWidth=600)
4.5994 	EXP 	Created task_trial27 = TextStim(__class__=<class 'psychopy.visual.text.TextStim'>, alignHoriz=method-wrapper(...), alignText='center', alignVert=method-wrapper(...), anchorHoriz='center', anchorVert='center', antialias=True, autoLog=True, bold=False, color=array([-1., -1., -1.]), colorSpace='rgb', contrast=1.0, depth=0, flipHoriz=False, flipVert=False, font='', fontFiles=[], height=50.0, italic=False, languageStyle='LTR', name='task_trial27', opacity=1.0, ori=0.0, pos=array([0., 0.]), rgb=UNKNOWN, text='GARDEN', units='pix', win=Window(...), wrapWidth=600)
4.6007 	EXP 	Created resp_trial27 = TextStim(__class__=<class 'psychopy.visual.text.TextStim'>, alignHoriz=method-wrapper(...), alignText='center', alignVert=method-wrapper(...), anchorHoriz='center', anchorVert='center', antialias=True, autoLog=True, bold=False, color=array([-1., -1., -1.]), colorSpace='rgb', contrast=1.0, depth=0, flipHoriz=False, flipVert=False, font='', fontFiles=[], height=50.0, italic=False, languageStyle='LTR', name='resp_trial27', opacity=1.0, ori=0.0, pos=array([0., 0.]), rgb=UNKNOWN, text='vague or vivid?', units='pix', win=Window(...), wrapWidth=600)
4.6023 	EXP 	Created task_trial28 = TextStim(__class__=<class 'psychopy.visual.text.TextStim'>, alignHoriz=method-wrapper(...), alignText='center', alignVert=method-wrapper(...), anchorHoriz='center', anchorVert='center', antialias=True, autoLog=True, bold=False, color=array([-1., -1., -1.]), colorSpace='rgb', contrast=1.0, depth=0, flipHoriz=False, flipVert=False, font='', fontFiles=[], height=50.0, italic=False, languageStyle='LTR', name='task_trial28', opacity=1.0, ori=0.0, pos=array([0., 0.]), rgb=UNKNOWN, text='36 + 65', units='pix', win=Window(...), wrapWidth=600)
4.6037 	EXP 	Created resp_trial28 = TextStim(__class__=<class 'psychopy.visual.text.TextStim'>, alignHoriz=method-wrapper(...), alignText='center', alignVert=method-wrapper(...), anchorHoriz='center', anchorVert='center', antialias=True, autoLog=True, bold=False, color=array([-1., -1., -1.]), colorSpace='rgb', contrast=1.0, depth=0, flipHoriz=False, flipVert=False, font='', fontFiles=[], height=50.0, italic=False, languageStyle='LTR', name='resp_trial28', opacity=1.0, ori=0.0, pos=array([0., 0.]), rgb=UNKNOWN, text='easy or difficult?', units='pix', win=Window(...), wrapWidth=600)
4.6047 	EXP 	Created task_trial29 = TextStim(__class__=<class 'psychopy.visual.text.TextStim'>, alignHoriz=method-wrapper(...), alignText='center', alignVert=method-wrapper(...), anchorHoriz='center', anchorVert='center', antialias=True, autoLog=True, bold=False, color=array([-1., -1., -1.]), colorSpace='rgb', contrast=1.0, depth=0, flipHoriz=False, flipVert=False, font='', fontFiles=[], height=50.0, italic=False, languageStyle='LTR', name='task_trial29', opacity=1.0, ori=0.0, pos=array([0., 0.]), rgb=UNKNOWN, text='FIRE', units='pix', win=Window(...), wrapWidth=600)
4.6060 	EXP 	Created resp_trial29 = TextStim(__class__=<class 'psychopy.visual.text.TextStim'>, alignHoriz=method-wrapper(...), alignText='center', alignVert=method-wrapper(...), anchorHoriz='center', anchorVert='center', antialias=True, autoLog=True, bold=False, color=array([-1., -1., -1.]), colorSpace='rgb', contrast=1.0, depth=0, flipHoriz=False, flipVert=False, font='', fontFiles=[], height=50.0, italic=False, languageStyle='LTR', name='resp_trial29', opacity=1.0, ori=0.0, pos=array([0., 0.]), rgb=UNKNOWN, text='vague or vivid?', units='pix', win=Window(...), wrapWidth=600)
4.6073 	EXP 	Created task_trial30 = TextStim(__class__=<class 'psychopy.visual.text.TextStim'>, alignHoriz=method-wrapper(...), alignText='center', alignVert=method-wrapper(...), anchorHoriz='center', anchorVert='center', antialias=True, autoLog=True, bold=False, color=array([-1., -1., -1.]), colorSpace='rgb', contrast=1.0, depth=0, flipHoriz=False, flipVert=False, font='', fontFiles=[], height=50.0, italic=False, languageStyle='LTR', name='task_trial30', opacity=1.0, ori=0.0, pos=array([0., 0.]), rgb=UNKNOWN, text='75 / 5', units='pix', win=Window(...), wrapWidth=600)
4.6087 	EXP 	Created resp_trial30 = TextStim(__class__=<class 'psychopy.visual.text.TextStim'>, alignHoriz=method-wrapper(...), alignText='center', alignVert=method-wrapper(...), anchorHoriz='center', anchorVert='center', antialias=True, autoLog=True, bold=False, color=array([-1., -1., -1.]), colorSpace='rgb', contrast=1.0, depth=0, flipHoriz=False, flipVert=False, font='', fontFiles=[], height=50.0, italic=False, languageStyle='LTR', name='resp_trial30', opacity=1.0, ori=0.0, pos=array([0., 0.]), rgb=UNKNOWN, text='easy or difficult?', units='pix', win=Window(...), wrapWidth=600)
4.6112 	EXP 	Created fix0 = TextStim(__class__=<class 'psychopy.visual.text.TextStim'>, alignHoriz=method-wrapper(...), alignText='center', alignVert=method-wrapper(...), anchorHoriz='center', anchorVert='center', antialias=True, autoLog=True, bold=False, color=array([0.6549, 0.6549, 0.6549]), colorSpace='rgb', contrast=1.0, depth=-1.0, flipHoriz=False, flipVert=False, font='Open Sans', fontFiles=[], height=1.5, italic=False, languageStyle='LTR', name='fix0', opacity=1, ori=0.0, pos=array([0., 0.]), rgb=UNKNOWN, text='+', units='cm', win=Window(...), wrapWidth=15.0)
4.6123 	EXP 	Created fix1 = TextStim(__class__=<class 'psychopy.visual.text.TextStim'>, alignHoriz=method-wrapper(...), alignText='center', alignVert=method-wrapper(...), anchorHoriz='center', anchorVert='center', antialias=True, autoLog=True, bold=False, color=array([-1., -1., -1.]), colorSpace='rgb', contrast=1.0, depth=-2.0, flipHoriz=False, flipVert=False, font='Open Sans', fontFiles=[], height=1.5, italic=False, languageStyle='LTR', name='fix1', opacity=1, ori=0.0, pos=array([0., 0.]), rgb=UNKNOWN, text='+', units='cm', win=Window(...), wrapWidth=15.0)
0.5728 	DATA 	Keypress: t
0.5751 	WARNING 	t of last frame was 568.09ms (=1/1)
0.5751 	EXP 	buffer
0.7826 	DATA 	Keypress: t
0.7846 	WARNING 	t of last frame was 209.43ms (=1/4)
0.7846 	EXP 	buffer
0.9399 	DATA 	Keypress: t
0.9424 	WARNING 	t of last frame was 157.81ms (=1/6)
0.9424 	EXP 	rest
1.1229 	DATA 	Keypress: t
1.1252 	WARNING 	t of last frame was 182.82ms (=1/5)
1.1252 	EXP 	rest
1.3408 	DATA 	Keypress: t
1.3430 	WARNING 	Multiple dropped frames have occurred - I'll stop bothering you about them!
1.3430 	EXP 	rest
1.5169 	DATA 	Keypress: t
1.5188 	EXP 	rest
1.6667 	DATA 	Keypress: t
1.6687 	EXP 	rest
1.8306 	DATA 	Keypress: t
1.8327 	EXP 	rest
1.9814 	DATA 	Keypress: t
1.9837 	EXP 	task am
2.4041 	DATA 	Keypress: t
2.4062 	EXP 	task am
2.5548 	DATA 	Keypress: t
2.5567 	EXP 	task am
2.7090 	DATA 	Keypress: t
2.7110 	EXP 	task am
2.8788 	DATA 	Keypress: t
2.8810 	EXP 	task am
3.0217 	DATA 	Keypress: t
3.0237 	EXP 	task am
3.1727 	DATA 	Keypress: t
3.1747 	EXP 	rest
3.3207 	DATA 	Keypress: t
3.3229 	EXP 	rest
3.4677 	DATA 	Keypress: t
3.4699 	EXP 	rest
3.6208 	DATA 	Keypress: t
3.6230 	EXP 	rest
3.7769 	DATA 	Keypress: t
3.7793 	EXP 	rest
3.9445 	DATA 	Keypress: t
3.9473 	EXP 	rest
4.0848 	DATA 	Keypress: t
4.0876 	EXP 	task ma
4.2419 	DATA 	Keypress: t
4.2441 	EXP 	task ma
4.3817 	DATA 	Keypress: t
4.3840 	EXP 	task ma
4.5216 	DATA 	Keypress: t
4.5236 	EXP 	task ma
4.6777 	DATA 	Keypress: t
4.6796 	EXP 	task ma
4.8348 	DATA 	Keypress: t
4.8372 	EXP 	task ma
4.9339 	DATA 	Keypress: t
4.9360 	EXP 	rest
5.1068 	DATA 	Keypress: t
5.1088 	EXP 	rest
5.2657 	DATA 	Keypress: t
5.2679 	EXP 	rest
5.4167 	DATA 	Keypress: t
5.4187 	EXP 	rest
5.5667 	DATA 	Keypress: t
5.5688 	EXP 	rest
5.7267 	DATA 	Keypress: t
5.7288 	EXP 	rest
5.8826 	DATA 	Keypress: t
5.8850 	EXP 	task am
6.0359 	DATA 	Keypress: t
6.0378 	EXP 	task am
6.1807 	DATA 	Keypress: t
6.1826 	EXP 	task am
6.3407 	DATA 	Keypress: t
6.3429 	EXP 	task am
6.4978 	DATA 	Keypress: t
6.4997 	EXP 	task am
6.6566 	DATA 	Keypress: t
6.6589 	EXP 	task am
6.8056 	DATA 	Keypress: t
6.8079 	EXP 	rest
6.9656 	DATA 	Keypress: t
6.9675 	EXP 	rest
7.1332 	DATA 	Keypress: t
7.1353 	EXP 	rest
7.2768 	DATA 	Keypress: t
7.2791 	EXP 	rest
7.4447 	DATA 	Keypress: t
7.4467 	EXP 	rest
7.5926 	DATA 	Keypress: t
7.5946 	EXP 	rest
7.7406 	DATA 	Keypress: t
7.7428 	EXP 	task ma
8.9682 	DATA 	Keypress: q
9.4198 	DATA 	Keypress: t
9.4338 	EXP 	window1: mouseVisible = True
