0.7733 	WARNING 	We strongly recommend you activate the PTB sound engine in PsychoPy prefs as the preferred audio engine. Its timing is vastly superior. Your prefs are currently set to use ['sounddevice', 'PTB', 'pyo', 'pygame'] (in that order).
4.1580 	WARNING 	User requested fullscreen with size [1512  982], but screen is actually [1920, 1080]. Using actual size
5.2654 	WARNING 	Couldn't measure a consistent frame rate!
  - Is your graphics card set to sync to vertical blank?
  - Are you running other processes on your computer?

5.2662 	EXP 	Created window1 = Window(allowGUI=True, allowStencil=False, autoLog=True, backendConf=UNKNOWN, bitsMode=UNKNOWN, blendMode='avg', bpc=(8, 8, 8), color=array([0, 0, 0]), colorSpace='rgb', depthBits=8, fullscr=<method-wrapper '__getattribute__' of attributeSetter object at 0x7fa9926994c0>, gamma=None, gammaErrorPolicy='raise', lms=UNKNOWN, monitor=<psychopy.monitors.calibTools.Monitor object at 0x7fa9912e46a0>, multiSample=False, name='window1', numSamples=2, pos=[0.0, 0.0], screen=0, size=array([1920, 1080]), stencilBits=0, stereo=False, units='height', useFBO=True, useRetina=False, viewOri=0.0, viewPos=None, viewScale=None, waitBlanking=True, winType='pyglet')
5.2669 	EXP 	window1: mouseVisible = True
5.2694 	EXP 	window1: mouseVisible = False
5.3058 	EXP 	Created task_trial1 = TextStim(__class__=<class 'psychopy.visual.text.TextStim'>, alignHoriz=method-wrapper(...), alignText='center', alignVert=method-wrapper(...), anchorHoriz='center', anchorVert='center', antialias=True, autoLog=True, bold=False, color=array([-1., -1., -1.]), colorSpace='rgb', contrast=1.0, depth=0, flipHoriz=False, flipVert=False, font='', fontFiles=[], height=50.0, italic=False, languageStyle='LTR', name='task_trial1', opacity=1.0, ori=0.0, pos=array([0., 0.]), rgb=UNKNOWN, text='MONEY', units='pix', win=Window(...), wrapWidth=600)
5.3115 	EXP 	Created resp_trial1 = TextStim(__class__=<class 'psychopy.visual.text.TextStim'>, alignHoriz=method-wrapper(...), alignText='center', alignVert=method-wrapper(...), anchorHoriz='center', anchorVert='center', antialias=True, autoLog=True, bold=False, color=array([-1., -1., -1.]), colorSpace='rgb', contrast=1.0, depth=0, flipHoriz=False, flipVert=False, font='', fontFiles=[], height=50.0, italic=False, languageStyle='LTR', name='resp_trial1', opacity=1.0, ori=0.0, pos=array([0., 0.]), rgb=UNKNOWN, text='vague or vivid?', units='pix', win=Window(...), wrapWidth=600)
5.3144 	EXP 	Created task_trial2 = TextStim(__class__=<class 'psychopy.visual.text.TextStim'>, alignHoriz=method-wrapper(...), alignText='center', alignVert=method-wrapper(...), anchorHoriz='center', anchorVert='center', antialias=True, autoLog=True, bold=False, color=array([-1., -1., -1.]), colorSpace='rgb', contrast=1.0, depth=0, flipHoriz=False, flipVert=False, font='', fontFiles=[], height=50.0, italic=False, languageStyle='LTR', name='task_trial2', opacity=1.0, ori=0.0, pos=array([0., 0.]), rgb=UNKNOWN, text='72 / 4', units='pix', win=Window(...), wrapWidth=600)
5.3183 	EXP 	Created resp_trial2 = TextStim(__class__=<class 'psychopy.visual.text.TextStim'>, alignHoriz=method-wrapper(...), alignText='center', alignVert=method-wrapper(...), anchorHoriz='center', anchorVert='center', antialias=True, autoLog=True, bold=False, color=array([-1., -1., -1.]), colorSpace='rgb', contrast=1.0, depth=0, flipHoriz=False, flipVert=False, font='', fontFiles=[], height=50.0, italic=False, languageStyle='LTR', name='resp_trial2', opacity=1.0, ori=0.0, pos=array([0., 0.]), rgb=UNKNOWN, text='easy or difficult?', units='pix', win=Window(...), wrapWidth=600)
5.3208 	EXP 	Created task_trial3 = TextStim(__class__=<class 'psychopy.visual.text.TextStim'>, alignHoriz=method-wrapper(...), alignText='center', alignVert=method-wrapper(...), anchorHoriz='center', anchorVert='center', antialias=True, autoLog=True, bold=False, color=array([-1., -1., -1.]), colorSpace='rgb', contrast=1.0, depth=0, flipHoriz=False, flipVert=False, font='', fontFiles=[], height=50.0, italic=False, languageStyle='LTR', name='task_trial3', opacity=1.0, ori=0.0, pos=array([0., 0.]), rgb=UNKNOWN, text='FLAG', units='pix', win=Window(...), wrapWidth=600)
5.3226 	EXP 	Created resp_trial3 = TextStim(__class__=<class 'psychopy.visual.text.TextStim'>, alignHoriz=method-wrapper(...), alignText='center', alignVert=method-wrapper(...), anchorHoriz='center', anchorVert='center', antialias=True, autoLog=True, bold=False, color=array([-1., -1., -1.]), colorSpace='rgb', contrast=1.0, depth=0, flipHoriz=False, flipVert=False, font='', fontFiles=[], height=50.0, italic=False, languageStyle='LTR', name='resp_trial3', opacity=1.0, ori=0.0, pos=array([0., 0.]), rgb=UNKNOWN, text='vague or vivid?', units='pix', win=Window(...), wrapWidth=600)
5.3248 	EXP 	Created task_trial4 = TextStim(__class__=<class 'psychopy.visual.text.TextStim'>, alignHoriz=method-wrapper(...), alignText='center', alignVert=method-wrapper(...), anchorHoriz='center', anchorVert='center', antialias=True, autoLog=True, bold=False, color=array([-1., -1., -1.]), colorSpace='rgb', contrast=1.0, depth=0, flipHoriz=False, flipVert=False, font='', fontFiles=[], height=50.0, italic=False, languageStyle='LTR', name='task_trial4', opacity=1.0, ori=0.0, pos=array([0., 0.]), rgb=UNKNOWN, text='64 - 24', units='pix', win=Window(...), wrapWidth=600)
5.3265 	EXP 	Created resp_trial4 = TextStim(__class__=<class 'psychopy.visual.text.TextStim'>, alignHoriz=method-wrapper(...), alignText='center', alignVert=method-wrapper(...), anchorHoriz='center', anchorVert='center', antialias=True, autoLog=True, bold=False, color=array([-1., -1., -1.]), colorSpace='rgb', contrast=1.0, depth=0, flipHoriz=False, flipVert=False, font='', fontFiles=[], height=50.0, italic=False, languageStyle='LTR', name='resp_trial4', opacity=1.0, ori=0.0, pos=array([0., 0.]), rgb=UNKNOWN, text='easy or difficult?', units='pix', win=Window(...), wrapWidth=600)
5.3297 	EXP 	Created task_trial5 = TextStim(__class__=<class 'psychopy.visual.text.TextStim'>, alignHoriz=method-wrapper(...), alignText='center', alignVert=method-wrapper(...), anchorHoriz='center', anchorVert='center', antialias=True, autoLog=True, bold=False, color=array([-1., -1., -1.]), colorSpace='rgb', contrast=1.0, depth=0, flipHoriz=False, flipVert=False, font='', fontFiles=[], height=50.0, italic=False, languageStyle='LTR', name='task_trial5', opacity=1.0, ori=0.0, pos=array([0., 0.]), rgb=UNKNOWN, text='PICTURE', units='pix', win=Window(...), wrapWidth=600)
5.3313 	EXP 	Created resp_trial5 = TextStim(__class__=<class 'psychopy.visual.text.TextStim'>, alignHoriz=method-wrapper(...), alignText='center', alignVert=method-wrapper(...), anchorHoriz='center', anchorVert='center', antialias=True, autoLog=True, bold=False, color=array([-1., -1., -1.]), colorSpace='rgb', contrast=1.0, depth=0, flipHoriz=False, flipVert=False, font='', fontFiles=[], height=50.0, italic=False, languageStyle='LTR', name='resp_trial5', opacity=1.0, ori=0.0, pos=array([0., 0.]), rgb=UNKNOWN, text='vague or vivid?', units='pix', win=Window(...), wrapWidth=600)
5.3335 	EXP 	Created task_trial6 = TextStim(__class__=<class 'psychopy.visual.text.TextStim'>, alignHoriz=method-wrapper(...), alignText='center', alignVert=method-wrapper(...), anchorHoriz='center', anchorVert='center', antialias=True, autoLog=True, bold=False, color=array([-1., -1., -1.]), colorSpace='rgb', contrast=1.0, depth=0, flipHoriz=False, flipVert=False, font='', fontFiles=[], height=50.0, italic=False, languageStyle='LTR', name='task_trial6', opacity=1.0, ori=0.0, pos=array([0., 0.]), rgb=UNKNOWN, text='25 * 3', units='pix', win=Window(...), wrapWidth=600)
5.3360 	EXP 	Created resp_trial6 = TextStim(__class__=<class 'psychopy.visual.text.TextStim'>, alignHoriz=method-wrapper(...), alignText='center', alignVert=method-wrapper(...), anchorHoriz='center', anchorVert='center', antialias=True, autoLog=True, bold=False, color=array([-1., -1., -1.]), colorSpace='rgb', contrast=1.0, depth=0, flipHoriz=False, flipVert=False, font='', fontFiles=[], height=50.0, italic=False, languageStyle='LTR', name='resp_trial6', opacity=1.0, ori=0.0, pos=array([0., 0.]), rgb=UNKNOWN, text='easy or difficult?', units='pix', win=Window(...), wrapWidth=600)
5.3372 	EXP 	Created task_trial7 = TextStim(__class__=<class 'psychopy.visual.text.TextStim'>, alignHoriz=method-wrapper(...), alignText='center', alignVert=method-wrapper(...), anchorHoriz='center', anchorVert='center', antialias=True, autoLog=True, bold=False, color=array([-1., -1., -1.]), colorSpace='rgb', contrast=1.0, depth=0, flipHoriz=False, flipVert=False, font='', fontFiles=[], height=50.0, italic=False, languageStyle='LTR', name='task_trial7', opacity=1.0, ori=0.0, pos=array([0., 0.]), rgb=UNKNOWN, text='LIP', units='pix', win=Window(...), wrapWidth=600)
5.3387 	EXP 	Created resp_trial7 = TextStim(__class__=<class 'psychopy.visual.text.TextStim'>, alignHoriz=method-wrapper(...), alignText='center', alignVert=method-wrapper(...), anchorHoriz='center', anchorVert='center', antialias=True, autoLog=True, bold=False, color=array([-1., -1., -1.]), colorSpace='rgb', contrast=1.0, depth=0, flipHoriz=False, flipVert=False, font='', fontFiles=[], height=50.0, italic=False, languageStyle='LTR', name='resp_trial7', opacity=1.0, ori=0.0, pos=array([0., 0.]), rgb=UNKNOWN, text='vague or vivid?', units='pix', win=Window(...), wrapWidth=600)
5.3405 	EXP 	Created task_trial8 = TextStim(__class__=<class 'psychopy.visual.text.TextStim'>, alignHoriz=method-wrapper(...), alignText='center', alignVert=method-wrapper(...), anchorHoriz='center', anchorVert='center', antialias=True, autoLog=True, bold=False, color=array([-1., -1., -1.]), colorSpace='rgb', contrast=1.0, depth=0, flipHoriz=False, flipVert=False, font='', fontFiles=[], height=50.0, italic=False, languageStyle='LTR', name='task_trial8', opacity=1.0, ori=0.0, pos=array([0., 0.]), rgb=UNKNOWN, text='28 * 6', units='pix', win=Window(...), wrapWidth=600)
5.3422 	EXP 	Created resp_trial8 = TextStim(__class__=<class 'psychopy.visual.text.TextStim'>, alignHoriz=method-wrapper(...), alignText='center', alignVert=method-wrapper(...), anchorHoriz='center', anchorVert='center', antialias=True, autoLog=True, bold=False, color=array([-1., -1., -1.]), colorSpace='rgb', contrast=1.0, depth=0, flipHoriz=False, flipVert=False, font='', fontFiles=[], height=50.0, italic=False, languageStyle='LTR', name='resp_trial8', opacity=1.0, ori=0.0, pos=array([0., 0.]), rgb=UNKNOWN, text='easy or difficult?', units='pix', win=Window(...), wrapWidth=600)
5.3437 	EXP 	Created task_trial9 = TextStim(__class__=<class 'psychopy.visual.text.TextStim'>, alignHoriz=method-wrapper(...), alignText='center', alignVert=method-wrapper(...), anchorHoriz='center', anchorVert='center', antialias=True, autoLog=True, bold=False, color=array([-1., -1., -1.]), colorSpace='rgb', contrast=1.0, depth=0, flipHoriz=False, flipVert=False, font='', fontFiles=[], height=50.0, italic=False, languageStyle='LTR', name='task_trial9', opacity=1.0, ori=0.0, pos=array([0., 0.]), rgb=UNKNOWN, text='TOWER', units='pix', win=Window(...), wrapWidth=600)
5.3452 	EXP 	Created resp_trial9 = TextStim(__class__=<class 'psychopy.visual.text.TextStim'>, alignHoriz=method-wrapper(...), alignText='center', alignVert=method-wrapper(...), anchorHoriz='center', anchorVert='center', antialias=True, autoLog=True, bold=False, color=array([-1., -1., -1.]), colorSpace='rgb', contrast=1.0, depth=0, flipHoriz=False, flipVert=False, font='', fontFiles=[], height=50.0, italic=False, languageStyle='LTR', name='resp_trial9', opacity=1.0, ori=0.0, pos=array([0., 0.]), rgb=UNKNOWN, text='vague or vivid?', units='pix', win=Window(...), wrapWidth=600)
5.3472 	EXP 	Created task_trial10 = TextStim(__class__=<class 'psychopy.visual.text.TextStim'>, alignHoriz=method-wrapper(...), alignText='center', alignVert=method-wrapper(...), anchorHoriz='center', anchorVert='center', antialias=True, autoLog=True, bold=False, color=array([-1., -1., -1.]), colorSpace='rgb', contrast=1.0, depth=0, flipHoriz=False, flipVert=False, font='', fontFiles=[], height=50.0, italic=False, languageStyle='LTR', name='task_trial10', opacity=1.0, ori=0.0, pos=array([0., 0.]), rgb=UNKNOWN, text='14 + 41', units='pix', win=Window(...), wrapWidth=600)
5.3487 	EXP 	Created resp_trial10 = TextStim(__class__=<class 'psychopy.visual.text.TextStim'>, alignHoriz=method-wrapper(...), alignText='center', alignVert=method-wrapper(...), anchorHoriz='center', anchorVert='center', antialias=True, autoLog=True, bold=False, color=array([-1., -1., -1.]), colorSpace='rgb', contrast=1.0, depth=0, flipHoriz=False, flipVert=False, font='', fontFiles=[], height=50.0, italic=False, languageStyle='LTR', name='resp_trial10', opacity=1.0, ori=0.0, pos=array([0., 0.]), rgb=UNKNOWN, text='easy or difficult?', units='pix', win=Window(...), wrapWidth=600)
5.3503 	EXP 	Created task_trial11 = TextStim(__class__=<class 'psychopy.visual.text.TextStim'>, alignHoriz=method-wrapper(...), alignText='center', alignVert=method-wrapper(...), anchorHoriz='center', anchorVert='center', antialias=True, autoLog=True, bold=False, color=array([-1., -1., -1.]), colorSpace='rgb', contrast=1.0, depth=0, flipHoriz=False, flipVert=False, font='', fontFiles=[], height=50.0, italic=False, languageStyle='LTR', name='task_trial11', opacity=1.0, ori=0.0, pos=array([0., 0.]), rgb=UNKNOWN, text='LIBRARY', units='pix', win=Window(...), wrapWidth=600)
5.3518 	EXP 	Created resp_trial11 = TextStim(__class__=<class 'psychopy.visual.text.TextStim'>, alignHoriz=method-wrapper(...), alignText='center', alignVert=method-wrapper(...), anchorHoriz='center', anchorVert='center', antialias=True, autoLog=True, bold=False, color=array([-1., -1., -1.]), colorSpace='rgb', contrast=1.0, depth=0, flipHoriz=False, flipVert=False, font='', fontFiles=[], height=50.0, italic=False, languageStyle='LTR', name='resp_trial11', opacity=1.0, ori=0.0, pos=array([0., 0.]), rgb=UNKNOWN, text='vague or vivid?', units='pix', win=Window(...), wrapWidth=600)
5.3530 	EXP 	Created task_trial12 = TextStim(__class__=<class 'psychopy.visual.text.TextStim'>, alignHoriz=method-wrapper(...), alignText='center', alignVert=method-wrapper(...), anchorHoriz='center', anchorVert='center', antialias=True, autoLog=True, bold=False, color=array([-1., -1., -1.]), colorSpace='rgb', contrast=1.0, depth=0, flipHoriz=False, flipVert=False, font='', fontFiles=[], height=50.0, italic=False, languageStyle='LTR', name='task_trial12', opacity=1.0, ori=0.0, pos=array([0., 0.]), rgb=UNKNOWN, text='66 / 2', units='pix', win=Window(...), wrapWidth=600)
5.3546 	EXP 	Created resp_trial12 = TextStim(__class__=<class 'psychopy.visual.text.TextStim'>, alignHoriz=method-wrapper(...), alignText='center', alignVert=method-wrapper(...), anchorHoriz='center', anchorVert='center', antialias=True, autoLog=True, bold=False, color=array([-1., -1., -1.]), colorSpace='rgb', contrast=1.0, depth=0, flipHoriz=False, flipVert=False, font='', fontFiles=[], height=50.0, italic=False, languageStyle='LTR', name='resp_trial12', opacity=1.0, ori=0.0, pos=array([0., 0.]), rgb=UNKNOWN, text='easy or difficult?', units='pix', win=Window(...), wrapWidth=600)
5.3560 	EXP 	Created task_trial13 = TextStim(__class__=<class 'psychopy.visual.text.TextStim'>, alignHoriz=method-wrapper(...), alignText='center', alignVert=method-wrapper(...), anchorHoriz='center', anchorVert='center', antialias=True, autoLog=True, bold=False, color=array([-1., -1., -1.]), colorSpace='rgb', contrast=1.0, depth=0, flipHoriz=False, flipVert=False, font='', fontFiles=[], height=50.0, italic=False, languageStyle='LTR', name='task_trial13', opacity=1.0, ori=0.0, pos=array([0., 0.]), rgb=UNKNOWN, text='RIVER', units='pix', win=Window(...), wrapWidth=600)
5.3575 	EXP 	Created resp_trial13 = TextStim(__class__=<class 'psychopy.visual.text.TextStim'>, alignHoriz=method-wrapper(...), alignText='center', alignVert=method-wrapper(...), anchorHoriz='center', anchorVert='center', antialias=True, autoLog=True, bold=False, color=array([-1., -1., -1.]), colorSpace='rgb', contrast=1.0, depth=0, flipHoriz=False, flipVert=False, font='', fontFiles=[], height=50.0, italic=False, languageStyle='LTR', name='resp_trial13', opacity=1.0, ori=0.0, pos=array([0., 0.]), rgb=UNKNOWN, text='vague or vivid?', units='pix', win=Window(...), wrapWidth=600)
5.3588 	EXP 	Created task_trial14 = TextStim(__class__=<class 'psychopy.visual.text.TextStim'>, alignHoriz=method-wrapper(...), alignText='center', alignVert=method-wrapper(...), anchorHoriz='center', anchorVert='center', antialias=True, autoLog=True, bold=False, color=array([-1., -1., -1.]), colorSpace='rgb', contrast=1.0, depth=0, flipHoriz=False, flipVert=False, font='', fontFiles=[], height=50.0, italic=False, languageStyle='LTR', name='task_trial14', opacity=1.0, ori=0.0, pos=array([0., 0.]), rgb=UNKNOWN, text='57 - 35', units='pix', win=Window(...), wrapWidth=600)
5.3603 	EXP 	Created resp_trial14 = TextStim(__class__=<class 'psychopy.visual.text.TextStim'>, alignHoriz=method-wrapper(...), alignText='center', alignVert=method-wrapper(...), anchorHoriz='center', anchorVert='center', antialias=True, autoLog=True, bold=False, color=array([-1., -1., -1.]), colorSpace='rgb', contrast=1.0, depth=0, flipHoriz=False, flipVert=False, font='', fontFiles=[], height=50.0, italic=False, languageStyle='LTR', name='resp_trial14', opacity=1.0, ori=0.0, pos=array([0., 0.]), rgb=UNKNOWN, text='easy or difficult?', units='pix', win=Window(...), wrapWidth=600)
5.3617 	EXP 	Created task_trial15 = TextStim(__class__=<class 'psychopy.visual.text.TextStim'>, alignHoriz=method-wrapper(...), alignText='center', alignVert=method-wrapper(...), anchorHoriz='center', anchorVert='center', antialias=True, autoLog=True, bold=False, color=array([-1., -1., -1.]), colorSpace='rgb', contrast=1.0, depth=0, flipHoriz=False, flipVert=False, font='', fontFiles=[], height=50.0, italic=False, languageStyle='LTR', name='task_trial15', opacity=1.0, ori=0.0, pos=array([0., 0.]), rgb=UNKNOWN, text='DOCTOR', units='pix', win=Window(...), wrapWidth=600)
5.3631 	EXP 	Created resp_trial15 = TextStim(__class__=<class 'psychopy.visual.text.TextStim'>, alignHoriz=method-wrapper(...), alignText='center', alignVert=method-wrapper(...), anchorHoriz='center', anchorVert='center', antialias=True, autoLog=True, bold=False, color=array([-1., -1., -1.]), colorSpace='rgb', contrast=1.0, depth=0, flipHoriz=False, flipVert=False, font='', fontFiles=[], height=50.0, italic=False, languageStyle='LTR', name='resp_trial15', opacity=1.0, ori=0.0, pos=array([0., 0.]), rgb=UNKNOWN, text='vague or vivid?', units='pix', win=Window(...), wrapWidth=600)
5.3646 	EXP 	Created task_trial16 = TextStim(__class__=<class 'psychopy.visual.text.TextStim'>, alignHoriz=method-wrapper(...), alignText='center', alignVert=method-wrapper(...), anchorHoriz='center', anchorVert='center', antialias=True, autoLog=True, bold=False, color=array([-1., -1., -1.]), colorSpace='rgb', contrast=1.0, depth=0, flipHoriz=False, flipVert=False, font='', fontFiles=[], height=50.0, italic=False, languageStyle='LTR', name='task_trial16', opacity=1.0, ori=0.0, pos=array([0., 0.]), rgb=UNKNOWN, text='50 / 5', units='pix', win=Window(...), wrapWidth=600)
5.3661 	EXP 	Created resp_trial16 = TextStim(__class__=<class 'psychopy.visual.text.TextStim'>, alignHoriz=method-wrapper(...), alignText='center', alignVert=method-wrapper(...), anchorHoriz='center', anchorVert='center', antialias=True, autoLog=True, bold=False, color=array([-1., -1., -1.]), colorSpace='rgb', contrast=1.0, depth=0, flipHoriz=False, flipVert=False, font='', fontFiles=[], height=50.0, italic=False, languageStyle='LTR', name='resp_trial16', opacity=1.0, ori=0.0, pos=array([0., 0.]), rgb=UNKNOWN, text='easy or difficult?', units='pix', win=Window(...), wrapWidth=600)
5.3671 	EXP 	Created task_trial17 = TextStim(__class__=<class 'psychopy.visual.text.TextStim'>, alignHoriz=method-wrapper(...), alignText='center', alignVert=method-wrapper(...), anchorHoriz='center', anchorVert='center', antialias=True, autoLog=True, bold=False, color=array([-1., -1., -1.]), colorSpace='rgb', contrast=1.0, depth=0, flipHoriz=False, flipVert=False, font='', fontFiles=[], height=50.0, italic=False, languageStyle='LTR', name='task_trial17', opacity=1.0, ori=0.0, pos=array([0., 0.]), rgb=UNKNOWN, text='CAR', units='pix', win=Window(...), wrapWidth=600)
5.3685 	EXP 	Created resp_trial17 = TextStim(__class__=<class 'psychopy.visual.text.TextStim'>, alignHoriz=method-wrapper(...), alignText='center', alignVert=method-wrapper(...), anchorHoriz='center', anchorVert='center', antialias=True, autoLog=True, bold=False, color=array([-1., -1., -1.]), colorSpace='rgb', contrast=1.0, depth=0, flipHoriz=False, flipVert=False, font='', fontFiles=[], height=50.0, italic=False, languageStyle='LTR', name='resp_trial17', opacity=1.0, ori=0.0, pos=array([0., 0.]), rgb=UNKNOWN, text='vague or vivid?', units='pix', win=Window(...), wrapWidth=600)
5.3697 	EXP 	Created task_trial18 = TextStim(__class__=<class 'psychopy.visual.text.TextStim'>, alignHoriz=method-wrapper(...), alignText='center', alignVert=method-wrapper(...), anchorHoriz='center', anchorVert='center', antialias=True, autoLog=True, bold=False, color=array([-1., -1., -1.]), colorSpace='rgb', contrast=1.0, depth=0, flipHoriz=False, flipVert=False, font='', fontFiles=[], height=50.0, italic=False, languageStyle='LTR', name='task_trial18', opacity=1.0, ori=0.0, pos=array([0., 0.]), rgb=UNKNOWN, text='47 - 33', units='pix', win=Window(...), wrapWidth=600)
5.3712 	EXP 	Created resp_trial18 = TextStim(__class__=<class 'psychopy.visual.text.TextStim'>, alignHoriz=method-wrapper(...), alignText='center', alignVert=method-wrapper(...), anchorHoriz='center', anchorVert='center', antialias=True, autoLog=True, bold=False, color=array([-1., -1., -1.]), colorSpace='rgb', contrast=1.0, depth=0, flipHoriz=False, flipVert=False, font='', fontFiles=[], height=50.0, italic=False, languageStyle='LTR', name='resp_trial18', opacity=1.0, ori=0.0, pos=array([0., 0.]), rgb=UNKNOWN, text='easy or difficult?', units='pix', win=Window(...), wrapWidth=600)
5.3726 	EXP 	Created task_trial19 = TextStim(__class__=<class 'psychopy.visual.text.TextStim'>, alignHoriz=method-wrapper(...), alignText='center', alignVert=method-wrapper(...), anchorHoriz='center', anchorVert='center', antialias=True, autoLog=True, bold=False, color=array([-1., -1., -1.]), colorSpace='rgb', contrast=1.0, depth=0, flipHoriz=False, flipVert=False, font='', fontFiles=[], height=50.0, italic=False, languageStyle='LTR', name='task_trial19', opacity=1.0, ori=0.0, pos=array([0., 0.]), rgb=UNKNOWN, text='STONE', units='pix', win=Window(...), wrapWidth=600)
5.3739 	EXP 	Created resp_trial19 = TextStim(__class__=<class 'psychopy.visual.text.TextStim'>, alignHoriz=method-wrapper(...), alignText='center', alignVert=method-wrapper(...), anchorHoriz='center', anchorVert='center', antialias=True, autoLog=True, bold=False, color=array([-1., -1., -1.]), colorSpace='rgb', contrast=1.0, depth=0, flipHoriz=False, flipVert=False, font='', fontFiles=[], height=50.0, italic=False, languageStyle='LTR', name='resp_trial19', opacity=1.0, ori=0.0, pos=array([0., 0.]), rgb=UNKNOWN, text='vague or vivid?', units='pix', win=Window(...), wrapWidth=600)
5.3751 	EXP 	Created task_trial20 = TextStim(__class__=<class 'psychopy.visual.text.TextStim'>, alignHoriz=method-wrapper(...), alignText='center', alignVert=method-wrapper(...), anchorHoriz='center', anchorVert='center', antialias=True, autoLog=True, bold=False, color=array([-1., -1., -1.]), colorSpace='rgb', contrast=1.0, depth=0, flipHoriz=False, flipVert=False, font='', fontFiles=[], height=50.0, italic=False, languageStyle='LTR', name='task_trial20', opacity=1.0, ori=0.0, pos=array([0., 0.]), rgb=UNKNOWN, text='40 - 32', units='pix', win=Window(...), wrapWidth=600)
5.3766 	EXP 	Created resp_trial20 = TextStim(__class__=<class 'psychopy.visual.text.TextStim'>, alignHoriz=method-wrapper(...), alignText='center', alignVert=method-wrapper(...), anchorHoriz='center', anchorVert='center', antialias=True, autoLog=True, bold=False, color=array([-1., -1., -1.]), colorSpace='rgb', contrast=1.0, depth=0, flipHoriz=False, flipVert=False, font='', fontFiles=[], height=50.0, italic=False, languageStyle='LTR', name='resp_trial20', opacity=1.0, ori=0.0, pos=array([0., 0.]), rgb=UNKNOWN, text='easy or difficult?', units='pix', win=Window(...), wrapWidth=600)
5.3779 	EXP 	Created task_trial21 = TextStim(__class__=<class 'psychopy.visual.text.TextStim'>, alignHoriz=method-wrapper(...), alignText='center', alignVert=method-wrapper(...), anchorHoriz='center', anchorVert='center', antialias=True, autoLog=True, bold=False, color=array([-1., -1., -1.]), colorSpace='rgb', contrast=1.0, depth=0, flipHoriz=False, flipVert=False, font='', fontFiles=[], height=50.0, italic=False, languageStyle='LTR', name='task_trial21', opacity=1.0, ori=0.0, pos=array([0., 0.]), rgb=UNKNOWN, text='HORSE', units='pix', win=Window(...), wrapWidth=600)
5.3792 	EXP 	Created resp_trial21 = TextStim(__class__=<class 'psychopy.visual.text.TextStim'>, alignHoriz=method-wrapper(...), alignText='center', alignVert=method-wrapper(...), anchorHoriz='center', anchorVert='center', antialias=True, autoLog=True, bold=False, color=array([-1., -1., -1.]), colorSpace='rgb', contrast=1.0, depth=0, flipHoriz=False, flipVert=False, font='', fontFiles=[], height=50.0, italic=False, languageStyle='LTR', name='resp_trial21', opacity=1.0, ori=0.0, pos=array([0., 0.]), rgb=UNKNOWN, text='vague or vivid?', units='pix', win=Window(...), wrapWidth=600)
5.3804 	EXP 	Created task_trial22 = TextStim(__class__=<class 'psychopy.visual.text.TextStim'>, alignHoriz=method-wrapper(...), alignText='center', alignVert=method-wrapper(...), anchorHoriz='center', anchorVert='center', antialias=True, autoLog=True, bold=False, color=array([-1., -1., -1.]), colorSpace='rgb', contrast=1.0, depth=0, flipHoriz=False, flipVert=False, font='', fontFiles=[], height=50.0, italic=False, languageStyle='LTR', name='task_trial22', opacity=1.0, ori=0.0, pos=array([0., 0.]), rgb=UNKNOWN, text='22 * 3', units='pix', win=Window(...), wrapWidth=600)
5.3818 	EXP 	Created resp_trial22 = TextStim(__class__=<class 'psychopy.visual.text.TextStim'>, alignHoriz=method-wrapper(...), alignText='center', alignVert=method-wrapper(...), anchorHoriz='center', anchorVert='center', antialias=True, autoLog=True, bold=False, color=array([-1., -1., -1.]), colorSpace='rgb', contrast=1.0, depth=0, flipHoriz=False, flipVert=False, font='', fontFiles=[], height=50.0, italic=False, languageStyle='LTR', name='resp_trial22', opacity=1.0, ori=0.0, pos=array([0., 0.]), rgb=UNKNOWN, text='easy or difficult?', units='pix', win=Window(...), wrapWidth=600)
5.3829 	EXP 	Created task_trial23 = TextStim(__class__=<class 'psychopy.visual.text.TextStim'>, alignHoriz=method-wrapper(...), alignText='center', alignVert=method-wrapper(...), anchorHoriz='center', anchorVert='center', antialias=True, autoLog=True, bold=False, color=array([-1., -1., -1.]), colorSpace='rgb', contrast=1.0, depth=0, flipHoriz=False, flipVert=False, font='', fontFiles=[], height=50.0, italic=False, languageStyle='LTR', name='task_trial23', opacity=1.0, ori=0.0, pos=array([0., 0.]), rgb=UNKNOWN, text='BUILDING', units='pix', win=Window(...), wrapWidth=600)
5.3842 	EXP 	Created resp_trial23 = TextStim(__class__=<class 'psychopy.visual.text.TextStim'>, alignHoriz=method-wrapper(...), alignText='center', alignVert=method-wrapper(...), anchorHoriz='center', anchorVert='center', antialias=True, autoLog=True, bold=False, color=array([-1., -1., -1.]), colorSpace='rgb', contrast=1.0, depth=0, flipHoriz=False, flipVert=False, font='', fontFiles=[], height=50.0, italic=False, languageStyle='LTR', name='resp_trial23', opacity=1.0, ori=0.0, pos=array([0., 0.]), rgb=UNKNOWN, text='vague or vivid?', units='pix', win=Window(...), wrapWidth=600)
5.3853 	EXP 	Created task_trial24 = TextStim(__class__=<class 'psychopy.visual.text.TextStim'>, alignHoriz=method-wrapper(...), alignText='center', alignVert=method-wrapper(...), anchorHoriz='center', anchorVert='center', antialias=True, autoLog=True, bold=False, color=array([-1., -1., -1.]), colorSpace='rgb', contrast=1.0, depth=0, flipHoriz=False, flipVert=False, font='', fontFiles=[], height=50.0, italic=False, languageStyle='LTR', name='task_trial24', opacity=1.0, ori=0.0, pos=array([0., 0.]), rgb=UNKNOWN, text='16 + 47', units='pix', win=Window(...), wrapWidth=600)
5.3867 	EXP 	Created resp_trial24 = TextStim(__class__=<class 'psychopy.visual.text.TextStim'>, alignHoriz=method-wrapper(...), alignText='center', alignVert=method-wrapper(...), anchorHoriz='center', anchorVert='center', antialias=True, autoLog=True, bold=False, color=array([-1., -1., -1.]), colorSpace='rgb', contrast=1.0, depth=0, flipHoriz=False, flipVert=False, font='', fontFiles=[], height=50.0, italic=False, languageStyle='LTR', name='resp_trial24', opacity=1.0, ori=0.0, pos=array([0., 0.]), rgb=UNKNOWN, text='easy or difficult?', units='pix', win=Window(...), wrapWidth=600)
5.3878 	EXP 	Created task_trial25 = TextStim(__class__=<class 'psychopy.visual.text.TextStim'>, alignHoriz=method-wrapper(...), alignText='center', alignVert=method-wrapper(...), anchorHoriz='center', anchorVert='center', antialias=True, autoLog=True, bold=False, color=array([-1., -1., -1.]), colorSpace='rgb', contrast=1.0, depth=0, flipHoriz=False, flipVert=False, font='', fontFiles=[], height=50.0, italic=False, languageStyle='LTR', name='task_trial25', opacity=1.0, ori=0.0, pos=array([0., 0.]), rgb=UNKNOWN, text='COFFEE', units='pix', win=Window(...), wrapWidth=600)
5.3891 	EXP 	Created resp_trial25 = TextStim(__class__=<class 'psychopy.visual.text.TextStim'>, alignHoriz=method-wrapper(...), alignText='center', alignVert=method-wrapper(...), anchorHoriz='center', anchorVert='center', antialias=True, autoLog=True, bold=False, color=array([-1., -1., -1.]), colorSpace='rgb', contrast=1.0, depth=0, flipHoriz=False, flipVert=False, font='', fontFiles=[], height=50.0, italic=False, languageStyle='LTR', name='resp_trial25', opacity=1.0, ori=0.0, pos=array([0., 0.]), rgb=UNKNOWN, text='vague or vivid?', units='pix', win=Window(...), wrapWidth=600)
5.3903 	EXP 	Created task_trial26 = TextStim(__class__=<class 'psychopy.visual.text.TextStim'>, alignHoriz=method-wrapper(...), alignText='center', alignVert=method-wrapper(...), anchorHoriz='center', anchorVert='center', antialias=True, autoLog=True, bold=False, color=array([-1., -1., -1.]), colorSpace='rgb', contrast=1.0, depth=0, flipHoriz=False, flipVert=False, font='', fontFiles=[], height=50.0, italic=False, languageStyle='LTR', name='task_trial26', opacity=1.0, ori=0.0, pos=array([0., 0.]), rgb=UNKNOWN, text='23 + 28', units='pix', win=Window(...), wrapWidth=600)
5.3917 	EXP 	Created resp_trial26 = TextStim(__class__=<class 'psychopy.visual.text.TextStim'>, alignHoriz=method-wrapper(...), alignText='center', alignVert=method-wrapper(...), anchorHoriz='center', anchorVert='center', antialias=True, autoLog=True, bold=False, color=array([-1., -1., -1.]), colorSpace='rgb', contrast=1.0, depth=0, flipHoriz=False, flipVert=False, font='', fontFiles=[], height=50.0, italic=False, languageStyle='LTR', name='resp_trial26', opacity=1.0, ori=0.0, pos=array([0., 0.]), rgb=UNKNOWN, text='easy or difficult?', units='pix', win=Window(...), wrapWidth=600)
5.3928 	EXP 	Created task_trial27 = TextStim(__class__=<class 'psychopy.visual.text.TextStim'>, alignHoriz=method-wrapper(...), alignText='center', alignVert=method-wrapper(...), anchorHoriz='center', anchorVert='center', antialias=True, autoLog=True, bold=False, color=array([-1., -1., -1.]), colorSpace='rgb', contrast=1.0, depth=0, flipHoriz=False, flipVert=False, font='', fontFiles=[], height=50.0, italic=False, languageStyle='LTR', name='task_trial27', opacity=1.0, ori=0.0, pos=array([0., 0.]), rgb=UNKNOWN, text='GARDEN', units='pix', win=Window(...), wrapWidth=600)
5.3941 	EXP 	Created resp_trial27 = TextStim(__class__=<class 'psychopy.visual.text.TextStim'>, alignHoriz=method-wrapper(...), alignText='center', alignVert=method-wrapper(...), anchorHoriz='center', anchorVert='center', antialias=True, autoLog=True, bold=False, color=array([-1., -1., -1.]), colorSpace='rgb', contrast=1.0, depth=0, flipHoriz=False, flipVert=False, font='', fontFiles=[], height=50.0, italic=False, languageStyle='LTR', name='resp_trial27', opacity=1.0, ori=0.0, pos=array([0., 0.]), rgb=UNKNOWN, text='vague or vivid?', units='pix', win=Window(...), wrapWidth=600)
5.3956 	EXP 	Created task_trial28 = TextStim(__class__=<class 'psychopy.visual.text.TextStim'>, alignHoriz=method-wrapper(...), alignText='center', alignVert=method-wrapper(...), anchorHoriz='center', anchorVert='center', antialias=True, autoLog=True, bold=False, color=array([-1., -1., -1.]), colorSpace='rgb', contrast=1.0, depth=0, flipHoriz=False, flipVert=False, font='', fontFiles=[], height=50.0, italic=False, languageStyle='LTR', name='task_trial28', opacity=1.0, ori=0.0, pos=array([0., 0.]), rgb=UNKNOWN, text='36 + 65', units='pix', win=Window(...), wrapWidth=600)
5.3970 	EXP 	Created resp_trial28 = TextStim(__class__=<class 'psychopy.visual.text.TextStim'>, alignHoriz=method-wrapper(...), alignText='center', alignVert=method-wrapper(...), anchorHoriz='center', anchorVert='center', antialias=True, autoLog=True, bold=False, color=array([-1., -1., -1.]), colorSpace='rgb', contrast=1.0, depth=0, flipHoriz=False, flipVert=False, font='', fontFiles=[], height=50.0, italic=False, languageStyle='LTR', name='resp_trial28', opacity=1.0, ori=0.0, pos=array([0., 0.]), rgb=UNKNOWN, text='easy or difficult?', units='pix', win=Window(...), wrapWidth=600)
5.3981 	EXP 	Created task_trial29 = TextStim(__class__=<class 'psychopy.visual.text.TextStim'>, alignHoriz=method-wrapper(...), alignText='center', alignVert=method-wrapper(...), anchorHoriz='center', anchorVert='center', antialias=True, autoLog=True, bold=False, color=array([-1., -1., -1.]), colorSpace='rgb', contrast=1.0, depth=0, flipHoriz=False, flipVert=False, font='', fontFiles=[], height=50.0, italic=False, languageStyle='LTR', name='task_trial29', opacity=1.0, ori=0.0, pos=array([0., 0.]), rgb=UNKNOWN, text='FIRE', units='pix', win=Window(...), wrapWidth=600)
5.3993 	EXP 	Created resp_trial29 = TextStim(__class__=<class 'psychopy.visual.text.TextStim'>, alignHoriz=method-wrapper(...), alignText='center', alignVert=method-wrapper(...), anchorHoriz='center', anchorVert='center', antialias=True, autoLog=True, bold=False, color=array([-1., -1., -1.]), colorSpace='rgb', contrast=1.0, depth=0, flipHoriz=False, flipVert=False, font='', fontFiles=[], height=50.0, italic=False, languageStyle='LTR', name='resp_trial29', opacity=1.0, ori=0.0, pos=array([0., 0.]), rgb=UNKNOWN, text='vague or vivid?', units='pix', win=Window(...), wrapWidth=600)
5.4005 	EXP 	Created task_trial30 = TextStim(__class__=<class 'psychopy.visual.text.TextStim'>, alignHoriz=method-wrapper(...), alignText='center', alignVert=method-wrapper(...), anchorHoriz='center', anchorVert='center', antialias=True, autoLog=True, bold=False, color=array([-1., -1., -1.]), colorSpace='rgb', contrast=1.0, depth=0, flipHoriz=False, flipVert=False, font='', fontFiles=[], height=50.0, italic=False, languageStyle='LTR', name='task_trial30', opacity=1.0, ori=0.0, pos=array([0., 0.]), rgb=UNKNOWN, text='75 / 5', units='pix', win=Window(...), wrapWidth=600)
5.4019 	EXP 	Created resp_trial30 = TextStim(__class__=<class 'psychopy.visual.text.TextStim'>, alignHoriz=method-wrapper(...), alignText='center', alignVert=method-wrapper(...), anchorHoriz='center', anchorVert='center', antialias=True, autoLog=True, bold=False, color=array([-1., -1., -1.]), colorSpace='rgb', contrast=1.0, depth=0, flipHoriz=False, flipVert=False, font='', fontFiles=[], height=50.0, italic=False, languageStyle='LTR', name='resp_trial30', opacity=1.0, ori=0.0, pos=array([0., 0.]), rgb=UNKNOWN, text='easy or difficult?', units='pix', win=Window(...), wrapWidth=600)
5.4046 	EXP 	Created fix0 = TextStim(__class__=<class 'psychopy.visual.text.TextStim'>, alignHoriz=method-wrapper(...), alignText='center', alignVert=method-wrapper(...), anchorHoriz='center', anchorVert='center', antialias=True, autoLog=True, bold=False, color=array([0.6549, 0.6549, 0.6549]), colorSpace='rgb', contrast=1.0, depth=-1.0, flipHoriz=False, flipVert=False, font='Open Sans', fontFiles=[], height=1.5, italic=False, languageStyle='LTR', name='fix0', opacity=1, ori=0.0, pos=array([0., 0.]), rgb=UNKNOWN, text='+', units='cm', win=Window(...), wrapWidth=15.0)
5.4057 	EXP 	Created fix1 = TextStim(__class__=<class 'psychopy.visual.text.TextStim'>, alignHoriz=method-wrapper(...), alignText='center', alignVert=method-wrapper(...), anchorHoriz='center', anchorVert='center', antialias=True, autoLog=True, bold=False, color=array([-1., -1., -1.]), colorSpace='rgb', contrast=1.0, depth=-2.0, flipHoriz=False, flipVert=False, font='Open Sans', fontFiles=[], height=1.5, italic=False, languageStyle='LTR', name='fix1', opacity=1, ori=0.0, pos=array([0., 0.]), rgb=UNKNOWN, text='+', units='cm', win=Window(...), wrapWidth=15.0)
2.4649 	DATA 	Keypress: t
2.4768 	WARNING 	t of last frame was 2469.25ms (=1/0)
2.4768 	EXP 	buffer
3.5686 	DATA 	Keypress: t
3.5777 	WARNING 	t of last frame was 1100.87ms (=1/0)
3.5777 	EXP 	buffer
4.6357 	DATA 	Keypress: t
4.6445 	WARNING 	t of last frame was 1066.77ms (=1/0)
4.6445 	EXP 	rest
7.3623 	DATA 	Keypress: t
7.3762 	WARNING 	t of last frame was 2731.74ms (=1/0)
7.3762 	EXP 	rest
8.0037 	DATA 	Keypress: t
8.0103 	WARNING 	Multiple dropped frames have occurred - I'll stop bothering you about them!
8.0103 	EXP 	rest
8.4915 	DATA 	Keypress: t
8.4935 	EXP 	rest
8.9657 	DATA 	Keypress: t
8.9680 	EXP 	rest
9.4214 	DATA 	Keypress: t
9.4236 	EXP 	rest
9.9385 	DATA 	Keypress: t
9.9409 	EXP 	task am
10.4673 	DATA 	Keypress: t
10.4693 	EXP 	task am
10.9514 	DATA 	Keypress: t
10.9534 	EXP 	task am
11.4152 	DATA 	Keypress: t
11.4172 	EXP 	task am
11.8723 	DATA 	Keypress: t
11.8745 	EXP 	task am
12.3266 	DATA 	Keypress: t
12.3288 	EXP 	task am
12.8203 	DATA 	Keypress: t
12.8222 	EXP 	rest
13.3307 	DATA 	Keypress: t
13.3333 	EXP 	rest
13.7913 	DATA 	Keypress: t
13.7938 	EXP 	rest
14.2372 	DATA 	Keypress: t
14.2395 	EXP 	rest
14.6872 	DATA 	Keypress: t
14.6892 	EXP 	rest
15.1833 	DATA 	Keypress: t
15.1856 	EXP 	rest
15.6552 	DATA 	Keypress: t
15.6574 	EXP 	task ma
16.1541 	DATA 	Keypress: t
16.1561 	EXP 	task ma
16.6101 	DATA 	Keypress: t
16.6125 	EXP 	task ma
17.0780 	DATA 	Keypress: t
17.0800 	EXP 	task ma
17.5655 	DATA 	Keypress: t
17.5678 	EXP 	task ma
18.0432 	DATA 	Keypress: t
18.0456 	EXP 	task ma
18.5191 	DATA 	Keypress: t
18.5211 	EXP 	rest
18.9942 	DATA 	Keypress: t
18.9965 	EXP 	rest
19.4934 	DATA 	Keypress: t
19.4950 	EXP 	rest
19.9571 	DATA 	Keypress: t
19.9597 	EXP 	rest
20.4021 	DATA 	Keypress: t
20.4044 	EXP 	rest
20.8811 	DATA 	Keypress: t
20.8831 	EXP 	rest
21.3531 	DATA 	Keypress: t
21.3553 	EXP 	task am
21.8271 	DATA 	Keypress: t
21.8291 	EXP 	task am
22.3220 	DATA 	Keypress: t
22.3243 	EXP 	task am
22.7389 	DATA 	Keypress: t
22.7413 	EXP 	task am
23.1885 	DATA 	Keypress: t
23.1913 	EXP 	task am
23.5902 	DATA 	Keypress: t
23.5924 	EXP 	task am
24.0730 	DATA 	Keypress: t
24.0752 	EXP 	rest
24.7871 	DATA 	Keypress: t
24.7891 	EXP 	rest
25.1910 	DATA 	Keypress: t
25.1930 	EXP 	rest
25.5770 	DATA 	Keypress: t
25.5793 	EXP 	rest
26.0302 	DATA 	Keypress: t
26.0326 	EXP 	rest
26.4709 	DATA 	Keypress: t
26.4731 	EXP 	rest
26.8820 	DATA 	Keypress: t
26.8844 	EXP 	task ma
27.3840 	DATA 	Keypress: t
27.3861 	EXP 	task ma
27.9634 	DATA 	Keypress: escape
30.0049 	DATA 	Keypress: q
30.7519 	DATA 	Keypress: t
30.7659 	EXP 	window1: mouseVisible = True
