0.7344 	WARNING 	We strongly recommend you activate the PTB sound engine in PsychoPy prefs as the preferred audio engine. Its timing is vastly superior. Your prefs are currently set to use ['sounddevice', 'PTB', 'pyo', 'pygame'] (in that order).
5.9971 	WARNING 	User requested fullscreen with size [1512  982], but screen is actually [1496, 967]. Using actual size
7.2015 	WARNING 	Couldn't measure a consistent frame rate!
  - Is your graphics card set to sync to vertical blank?
  - Are you running other processes on your computer?

7.2026 	EXP 	Created window1 = Window(allowGUI=True, allowStencil=False, autoLog=True, backendConf=UNKNOWN, bitsMode=UNKNOWN, blendMode='avg', bpc=(8, 8, 8), color=array([0, 0, 0]), colorSpace='rgb', depthBits=8, fullscr=<method-wrapper '__getattribute__' of attributeSetter object at 0x7fa9b8a89400>, gamma=None, gammaErrorPolicy='raise', lms=UNKNOWN, monitor=<psychopy.monitors.calibTools.Monitor object at 0x7fa9d1ca45e0>, multiSample=False, name='window1', numSamples=2, pos=[374.0, 241.75], screen=0, size=array([2992, 1934]), stencilBits=0, stereo=False, units='height', useFBO=True, useRetina=True, viewOri=0.0, viewPos=None, viewScale=None, waitBlanking=True, winType='pyglet')
7.2027 	EXP 	window1: mouseVisible = True
7.2046 	EXP 	window1: mouseVisible = False
7.2391 	EXP 	Created task_trial1 = TextStim(__class__=<class 'psychopy.visual.text.TextStim'>, alignHoriz=method-wrapper(...), alignText='center', alignVert=method-wrapper(...), anchorHoriz='center', anchorVert='center', antialias=True, autoLog=True, bold=False, color=array([-1., -1., -1.]), colorSpace='rgb', contrast=1.0, depth=0, flipHoriz=False, flipVert=False, font='', fontFiles=[], height=50.0, italic=False, languageStyle='LTR', name='task_trial1', opacity=1.0, ori=0.0, pos=array([0., 0.]), rgb=UNKNOWN, text='MONEY', units='pix', win=Window(...), wrapWidth=600)
7.2440 	EXP 	Created resp_trial1 = TextStim(__class__=<class 'psychopy.visual.text.TextStim'>, alignHoriz=method-wrapper(...), alignText='center', alignVert=method-wrapper(...), anchorHoriz='center', anchorVert='center', antialias=True, autoLog=True, bold=False, color=array([-1., -1., -1.]), colorSpace='rgb', contrast=1.0, depth=0, flipHoriz=False, flipVert=False, font='', fontFiles=[], height=50.0, italic=False, languageStyle='LTR', name='resp_trial1', opacity=1.0, ori=0.0, pos=array([0., 0.]), rgb=UNKNOWN, text='vague or vivid?', units='pix', win=Window(...), wrapWidth=600)
7.2469 	EXP 	Created task_trial2 = TextStim(__class__=<class 'psychopy.visual.text.TextStim'>, alignHoriz=method-wrapper(...), alignText='center', alignVert=method-wrapper(...), anchorHoriz='center', anchorVert='center', antialias=True, autoLog=True, bold=False, color=array([-1., -1., -1.]), colorSpace='rgb', contrast=1.0, depth=0, flipHoriz=False, flipVert=False, font='', fontFiles=[], height=50.0, italic=False, languageStyle='LTR', name='task_trial2', opacity=1.0, ori=0.0, pos=array([0., 0.]), rgb=UNKNOWN, text='72 / 4', units='pix', win=Window(...), wrapWidth=600)
7.2508 	EXP 	Created resp_trial2 = TextStim(__class__=<class 'psychopy.visual.text.TextStim'>, alignHoriz=method-wrapper(...), alignText='center', alignVert=method-wrapper(...), anchorHoriz='center', anchorVert='center', antialias=True, autoLog=True, bold=False, color=array([-1., -1., -1.]), colorSpace='rgb', contrast=1.0, depth=0, flipHoriz=False, flipVert=False, font='', fontFiles=[], height=50.0, italic=False, languageStyle='LTR', name='resp_trial2', opacity=1.0, ori=0.0, pos=array([0., 0.]), rgb=UNKNOWN, text='easy or difficult?', units='pix', win=Window(...), wrapWidth=600)
7.2537 	EXP 	Created task_trial3 = TextStim(__class__=<class 'psychopy.visual.text.TextStim'>, alignHoriz=method-wrapper(...), alignText='center', alignVert=method-wrapper(...), anchorHoriz='center', anchorVert='center', antialias=True, autoLog=True, bold=False, color=array([-1., -1., -1.]), colorSpace='rgb', contrast=1.0, depth=0, flipHoriz=False, flipVert=False, font='', fontFiles=[], height=50.0, italic=False, languageStyle='LTR', name='task_trial3', opacity=1.0, ori=0.0, pos=array([0., 0.]), rgb=UNKNOWN, text='FLAG', units='pix', win=Window(...), wrapWidth=600)
7.2555 	EXP 	Created resp_trial3 = TextStim(__class__=<class 'psychopy.visual.text.TextStim'>, alignHoriz=method-wrapper(...), alignText='center', alignVert=method-wrapper(...), anchorHoriz='center', anchorVert='center', antialias=True, autoLog=True, bold=False, color=array([-1., -1., -1.]), colorSpace='rgb', contrast=1.0, depth=0, flipHoriz=False, flipVert=False, font='', fontFiles=[], height=50.0, italic=False, languageStyle='LTR', name='resp_trial3', opacity=1.0, ori=0.0, pos=array([0., 0.]), rgb=UNKNOWN, text='vague or vivid?', units='pix', win=Window(...), wrapWidth=600)
7.2577 	EXP 	Created task_trial4 = TextStim(__class__=<class 'psychopy.visual.text.TextStim'>, alignHoriz=method-wrapper(...), alignText='center', alignVert=method-wrapper(...), anchorHoriz='center', anchorVert='center', antialias=True, autoLog=True, bold=False, color=array([-1., -1., -1.]), colorSpace='rgb', contrast=1.0, depth=0, flipHoriz=False, flipVert=False, font='', fontFiles=[], height=50.0, italic=False, languageStyle='LTR', name='task_trial4', opacity=1.0, ori=0.0, pos=array([0., 0.]), rgb=UNKNOWN, text='64 - 24', units='pix', win=Window(...), wrapWidth=600)
7.2595 	EXP 	Created resp_trial4 = TextStim(__class__=<class 'psychopy.visual.text.TextStim'>, alignHoriz=method-wrapper(...), alignText='center', alignVert=method-wrapper(...), anchorHoriz='center', anchorVert='center', antialias=True, autoLog=True, bold=False, color=array([-1., -1., -1.]), colorSpace='rgb', contrast=1.0, depth=0, flipHoriz=False, flipVert=False, font='', fontFiles=[], height=50.0, italic=False, languageStyle='LTR', name='resp_trial4', opacity=1.0, ori=0.0, pos=array([0., 0.]), rgb=UNKNOWN, text='easy or difficult?', units='pix', win=Window(...), wrapWidth=600)
7.2629 	EXP 	Created task_trial5 = TextStim(__class__=<class 'psychopy.visual.text.TextStim'>, alignHoriz=method-wrapper(...), alignText='center', alignVert=method-wrapper(...), anchorHoriz='center', anchorVert='center', antialias=True, autoLog=True, bold=False, color=array([-1., -1., -1.]), colorSpace='rgb', contrast=1.0, depth=0, flipHoriz=False, flipVert=False, font='', fontFiles=[], height=50.0, italic=False, languageStyle='LTR', name='task_trial5', opacity=1.0, ori=0.0, pos=array([0., 0.]), rgb=UNKNOWN, text='PICTURE', units='pix', win=Window(...), wrapWidth=600)
7.2646 	EXP 	Created resp_trial5 = TextStim(__class__=<class 'psychopy.visual.text.TextStim'>, alignHoriz=method-wrapper(...), alignText='center', alignVert=method-wrapper(...), anchorHoriz='center', anchorVert='center', antialias=True, autoLog=True, bold=False, color=array([-1., -1., -1.]), colorSpace='rgb', contrast=1.0, depth=0, flipHoriz=False, flipVert=False, font='', fontFiles=[], height=50.0, italic=False, languageStyle='LTR', name='resp_trial5', opacity=1.0, ori=0.0, pos=array([0., 0.]), rgb=UNKNOWN, text='vague or vivid?', units='pix', win=Window(...), wrapWidth=600)
7.2669 	EXP 	Created task_trial6 = TextStim(__class__=<class 'psychopy.visual.text.TextStim'>, alignHoriz=method-wrapper(...), alignText='center', alignVert=method-wrapper(...), anchorHoriz='center', anchorVert='center', antialias=True, autoLog=True, bold=False, color=array([-1., -1., -1.]), colorSpace='rgb', contrast=1.0, depth=0, flipHoriz=False, flipVert=False, font='', fontFiles=[], height=50.0, italic=False, languageStyle='LTR', name='task_trial6', opacity=1.0, ori=0.0, pos=array([0., 0.]), rgb=UNKNOWN, text='25 * 3', units='pix', win=Window(...), wrapWidth=600)
7.2696 	EXP 	Created resp_trial6 = TextStim(__class__=<class 'psychopy.visual.text.TextStim'>, alignHoriz=method-wrapper(...), alignText='center', alignVert=method-wrapper(...), anchorHoriz='center', anchorVert='center', antialias=True, autoLog=True, bold=False, color=array([-1., -1., -1.]), colorSpace='rgb', contrast=1.0, depth=0, flipHoriz=False, flipVert=False, font='', fontFiles=[], height=50.0, italic=False, languageStyle='LTR', name='resp_trial6', opacity=1.0, ori=0.0, pos=array([0., 0.]), rgb=UNKNOWN, text='easy or difficult?', units='pix', win=Window(...), wrapWidth=600)
7.2709 	EXP 	Created task_trial7 = TextStim(__class__=<class 'psychopy.visual.text.TextStim'>, alignHoriz=method-wrapper(...), alignText='center', alignVert=method-wrapper(...), anchorHoriz='center', anchorVert='center', antialias=True, autoLog=True, bold=False, color=array([-1., -1., -1.]), colorSpace='rgb', contrast=1.0, depth=0, flipHoriz=False, flipVert=False, font='', fontFiles=[], height=50.0, italic=False, languageStyle='LTR', name='task_trial7', opacity=1.0, ori=0.0, pos=array([0., 0.]), rgb=UNKNOWN, text='LIP', units='pix', win=Window(...), wrapWidth=600)
7.2726 	EXP 	Created resp_trial7 = TextStim(__class__=<class 'psychopy.visual.text.TextStim'>, alignHoriz=method-wrapper(...), alignText='center', alignVert=method-wrapper(...), anchorHoriz='center', anchorVert='center', antialias=True, autoLog=True, bold=False, color=array([-1., -1., -1.]), colorSpace='rgb', contrast=1.0, depth=0, flipHoriz=False, flipVert=False, font='', fontFiles=[], height=50.0, italic=False, languageStyle='LTR', name='resp_trial7', opacity=1.0, ori=0.0, pos=array([0., 0.]), rgb=UNKNOWN, text='vague or vivid?', units='pix', win=Window(...), wrapWidth=600)
7.2750 	EXP 	Created task_trial8 = TextStim(__class__=<class 'psychopy.visual.text.TextStim'>, alignHoriz=method-wrapper(...), alignText='center', alignVert=method-wrapper(...), anchorHoriz='center', anchorVert='center', antialias=True, autoLog=True, bold=False, color=array([-1., -1., -1.]), colorSpace='rgb', contrast=1.0, depth=0, flipHoriz=False, flipVert=False, font='', fontFiles=[], height=50.0, italic=False, languageStyle='LTR', name='task_trial8', opacity=1.0, ori=0.0, pos=array([0., 0.]), rgb=UNKNOWN, text='28 * 6', units='pix', win=Window(...), wrapWidth=600)
7.2768 	EXP 	Created resp_trial8 = TextStim(__class__=<class 'psychopy.visual.text.TextStim'>, alignHoriz=method-wrapper(...), alignText='center', alignVert=method-wrapper(...), anchorHoriz='center', anchorVert='center', antialias=True, autoLog=True, bold=False, color=array([-1., -1., -1.]), colorSpace='rgb', contrast=1.0, depth=0, flipHoriz=False, flipVert=False, font='', fontFiles=[], height=50.0, italic=False, languageStyle='LTR', name='resp_trial8', opacity=1.0, ori=0.0, pos=array([0., 0.]), rgb=UNKNOWN, text='easy or difficult?', units='pix', win=Window(...), wrapWidth=600)
7.2787 	EXP 	Created task_trial9 = TextStim(__class__=<class 'psychopy.visual.text.TextStim'>, alignHoriz=method-wrapper(...), alignText='center', alignVert=method-wrapper(...), anchorHoriz='center', anchorVert='center', antialias=True, autoLog=True, bold=False, color=array([-1., -1., -1.]), colorSpace='rgb', contrast=1.0, depth=0, flipHoriz=False, flipVert=False, font='', fontFiles=[], height=50.0, italic=False, languageStyle='LTR', name='task_trial9', opacity=1.0, ori=0.0, pos=array([0., 0.]), rgb=UNKNOWN, text='TOWER', units='pix', win=Window(...), wrapWidth=600)
7.2803 	EXP 	Created resp_trial9 = TextStim(__class__=<class 'psychopy.visual.text.TextStim'>, alignHoriz=method-wrapper(...), alignText='center', alignVert=method-wrapper(...), anchorHoriz='center', anchorVert='center', antialias=True, autoLog=True, bold=False, color=array([-1., -1., -1.]), colorSpace='rgb', contrast=1.0, depth=0, flipHoriz=False, flipVert=False, font='', fontFiles=[], height=50.0, italic=False, languageStyle='LTR', name='resp_trial9', opacity=1.0, ori=0.0, pos=array([0., 0.]), rgb=UNKNOWN, text='vague or vivid?', units='pix', win=Window(...), wrapWidth=600)
7.2824 	EXP 	Created task_trial10 = TextStim(__class__=<class 'psychopy.visual.text.TextStim'>, alignHoriz=method-wrapper(...), alignText='center', alignVert=method-wrapper(...), anchorHoriz='center', anchorVert='center', antialias=True, autoLog=True, bold=False, color=array([-1., -1., -1.]), colorSpace='rgb', contrast=1.0, depth=0, flipHoriz=False, flipVert=False, font='', fontFiles=[], height=50.0, italic=False, languageStyle='LTR', name='task_trial10', opacity=1.0, ori=0.0, pos=array([0., 0.]), rgb=UNKNOWN, text='14 + 41', units='pix', win=Window(...), wrapWidth=600)
7.2841 	EXP 	Created resp_trial10 = TextStim(__class__=<class 'psychopy.visual.text.TextStim'>, alignHoriz=method-wrapper(...), alignText='center', alignVert=method-wrapper(...), anchorHoriz='center', anchorVert='center', antialias=True, autoLog=True, bold=False, color=array([-1., -1., -1.]), colorSpace='rgb', contrast=1.0, depth=0, flipHoriz=False, flipVert=False, font='', fontFiles=[], height=50.0, italic=False, languageStyle='LTR', name='resp_trial10', opacity=1.0, ori=0.0, pos=array([0., 0.]), rgb=UNKNOWN, text='easy or difficult?', units='pix', win=Window(...), wrapWidth=600)
7.2858 	EXP 	Created task_trial11 = TextStim(__class__=<class 'psychopy.visual.text.TextStim'>, alignHoriz=method-wrapper(...), alignText='center', alignVert=method-wrapper(...), anchorHoriz='center', anchorVert='center', antialias=True, autoLog=True, bold=False, color=array([-1., -1., -1.]), colorSpace='rgb', contrast=1.0, depth=0, flipHoriz=False, flipVert=False, font='', fontFiles=[], height=50.0, italic=False, languageStyle='LTR', name='task_trial11', opacity=1.0, ori=0.0, pos=array([0., 0.]), rgb=UNKNOWN, text='LIBRARY', units='pix', win=Window(...), wrapWidth=600)
7.2873 	EXP 	Created resp_trial11 = TextStim(__class__=<class 'psychopy.visual.text.TextStim'>, alignHoriz=method-wrapper(...), alignText='center', alignVert=method-wrapper(...), anchorHoriz='center', anchorVert='center', antialias=True, autoLog=True, bold=False, color=array([-1., -1., -1.]), colorSpace='rgb', contrast=1.0, depth=0, flipHoriz=False, flipVert=False, font='', fontFiles=[], height=50.0, italic=False, languageStyle='LTR', name='resp_trial11', opacity=1.0, ori=0.0, pos=array([0., 0.]), rgb=UNKNOWN, text='vague or vivid?', units='pix', win=Window(...), wrapWidth=600)
7.2887 	EXP 	Created task_trial12 = TextStim(__class__=<class 'psychopy.visual.text.TextStim'>, alignHoriz=method-wrapper(...), alignText='center', alignVert=method-wrapper(...), anchorHoriz='center', anchorVert='center', antialias=True, autoLog=True, bold=False, color=array([-1., -1., -1.]), colorSpace='rgb', contrast=1.0, depth=0, flipHoriz=False, flipVert=False, font='', fontFiles=[], height=50.0, italic=False, languageStyle='LTR', name='task_trial12', opacity=1.0, ori=0.0, pos=array([0., 0.]), rgb=UNKNOWN, text='66 / 2', units='pix', win=Window(...), wrapWidth=600)
7.2903 	EXP 	Created resp_trial12 = TextStim(__class__=<class 'psychopy.visual.text.TextStim'>, alignHoriz=method-wrapper(...), alignText='center', alignVert=method-wrapper(...), anchorHoriz='center', anchorVert='center', antialias=True, autoLog=True, bold=False, color=array([-1., -1., -1.]), colorSpace='rgb', contrast=1.0, depth=0, flipHoriz=False, flipVert=False, font='', fontFiles=[], height=50.0, italic=False, languageStyle='LTR', name='resp_trial12', opacity=1.0, ori=0.0, pos=array([0., 0.]), rgb=UNKNOWN, text='easy or difficult?', units='pix', win=Window(...), wrapWidth=600)
7.2919 	EXP 	Created task_trial13 = TextStim(__class__=<class 'psychopy.visual.text.TextStim'>, alignHoriz=method-wrapper(...), alignText='center', alignVert=method-wrapper(...), anchorHoriz='center', anchorVert='center', antialias=True, autoLog=True, bold=False, color=array([-1., -1., -1.]), colorSpace='rgb', contrast=1.0, depth=0, flipHoriz=False, flipVert=False, font='', fontFiles=[], height=50.0, italic=False, languageStyle='LTR', name='task_trial13', opacity=1.0, ori=0.0, pos=array([0., 0.]), rgb=UNKNOWN, text='RIVER', units='pix', win=Window(...), wrapWidth=600)
7.2934 	EXP 	Created resp_trial13 = TextStim(__class__=<class 'psychopy.visual.text.TextStim'>, alignHoriz=method-wrapper(...), alignText='center', alignVert=method-wrapper(...), anchorHoriz='center', anchorVert='center', antialias=True, autoLog=True, bold=False, color=array([-1., -1., -1.]), colorSpace='rgb', contrast=1.0, depth=0, flipHoriz=False, flipVert=False, font='', fontFiles=[], height=50.0, italic=False, languageStyle='LTR', name='resp_trial13', opacity=1.0, ori=0.0, pos=array([0., 0.]), rgb=UNKNOWN, text='vague or vivid?', units='pix', win=Window(...), wrapWidth=600)
7.2948 	EXP 	Created task_trial14 = TextStim(__class__=<class 'psychopy.visual.text.TextStim'>, alignHoriz=method-wrapper(...), alignText='center', alignVert=method-wrapper(...), anchorHoriz='center', anchorVert='center', antialias=True, autoLog=True, bold=False, color=array([-1., -1., -1.]), colorSpace='rgb', contrast=1.0, depth=0, flipHoriz=False, flipVert=False, font='', fontFiles=[], height=50.0, italic=False, languageStyle='LTR', name='task_trial14', opacity=1.0, ori=0.0, pos=array([0., 0.]), rgb=UNKNOWN, text='57 - 35', units='pix', win=Window(...), wrapWidth=600)
7.2964 	EXP 	Created resp_trial14 = TextStim(__class__=<class 'psychopy.visual.text.TextStim'>, alignHoriz=method-wrapper(...), alignText='center', alignVert=method-wrapper(...), anchorHoriz='center', anchorVert='center', antialias=True, autoLog=True, bold=False, color=array([-1., -1., -1.]), colorSpace='rgb', contrast=1.0, depth=0, flipHoriz=False, flipVert=False, font='', fontFiles=[], height=50.0, italic=False, languageStyle='LTR', name='resp_trial14', opacity=1.0, ori=0.0, pos=array([0., 0.]), rgb=UNKNOWN, text='easy or difficult?', units='pix', win=Window(...), wrapWidth=600)
7.2982 	EXP 	Created task_trial15 = TextStim(__class__=<class 'psychopy.visual.text.TextStim'>, alignHoriz=method-wrapper(...), alignText='center', alignVert=method-wrapper(...), anchorHoriz='center', anchorVert='center', antialias=True, autoLog=True, bold=False, color=array([-1., -1., -1.]), colorSpace='rgb', contrast=1.0, depth=0, flipHoriz=False, flipVert=False, font='', fontFiles=[], height=50.0, italic=False, languageStyle='LTR', name='task_trial15', opacity=1.0, ori=0.0, pos=array([0., 0.]), rgb=UNKNOWN, text='DOCTOR', units='pix', win=Window(...), wrapWidth=600)
7.2996 	EXP 	Created resp_trial15 = TextStim(__class__=<class 'psychopy.visual.text.TextStim'>, alignHoriz=method-wrapper(...), alignText='center', alignVert=method-wrapper(...), anchorHoriz='center', anchorVert='center', antialias=True, autoLog=True, bold=False, color=array([-1., -1., -1.]), colorSpace='rgb', contrast=1.0, depth=0, flipHoriz=False, flipVert=False, font='', fontFiles=[], height=50.0, italic=False, languageStyle='LTR', name='resp_trial15', opacity=1.0, ori=0.0, pos=array([0., 0.]), rgb=UNKNOWN, text='vague or vivid?', units='pix', win=Window(...), wrapWidth=600)
7.3013 	EXP 	Created task_trial16 = TextStim(__class__=<class 'psychopy.visual.text.TextStim'>, alignHoriz=method-wrapper(...), alignText='center', alignVert=method-wrapper(...), anchorHoriz='center', anchorVert='center', antialias=True, autoLog=True, bold=False, color=array([-1., -1., -1.]), colorSpace='rgb', contrast=1.0, depth=0, flipHoriz=False, flipVert=False, font='', fontFiles=[], height=50.0, italic=False, languageStyle='LTR', name='task_trial16', opacity=1.0, ori=0.0, pos=array([0., 0.]), rgb=UNKNOWN, text='50 / 5', units='pix', win=Window(...), wrapWidth=600)
7.3030 	EXP 	Created resp_trial16 = TextStim(__class__=<class 'psychopy.visual.text.TextStim'>, alignHoriz=method-wrapper(...), alignText='center', alignVert=method-wrapper(...), anchorHoriz='center', anchorVert='center', antialias=True, autoLog=True, bold=False, color=array([-1., -1., -1.]), colorSpace='rgb', contrast=1.0, depth=0, flipHoriz=False, flipVert=False, font='', fontFiles=[], height=50.0, italic=False, languageStyle='LTR', name='resp_trial16', opacity=1.0, ori=0.0, pos=array([0., 0.]), rgb=UNKNOWN, text='easy or difficult?', units='pix', win=Window(...), wrapWidth=600)
7.3043 	EXP 	Created task_trial17 = TextStim(__class__=<class 'psychopy.visual.text.TextStim'>, alignHoriz=method-wrapper(...), alignText='center', alignVert=method-wrapper(...), anchorHoriz='center', anchorVert='center', antialias=True, autoLog=True, bold=False, color=array([-1., -1., -1.]), colorSpace='rgb', contrast=1.0, depth=0, flipHoriz=False, flipVert=False, font='', fontFiles=[], height=50.0, italic=False, languageStyle='LTR', name='task_trial17', opacity=1.0, ori=0.0, pos=array([0., 0.]), rgb=UNKNOWN, text='CAR', units='pix', win=Window(...), wrapWidth=600)
7.3057 	EXP 	Created resp_trial17 = TextStim(__class__=<class 'psychopy.visual.text.TextStim'>, alignHoriz=method-wrapper(...), alignText='center', alignVert=method-wrapper(...), anchorHoriz='center', anchorVert='center', antialias=True, autoLog=True, bold=False, color=array([-1., -1., -1.]), colorSpace='rgb', contrast=1.0, depth=0, flipHoriz=False, flipVert=False, font='', fontFiles=[], height=50.0, italic=False, languageStyle='LTR', name='resp_trial17', opacity=1.0, ori=0.0, pos=array([0., 0.]), rgb=UNKNOWN, text='vague or vivid?', units='pix', win=Window(...), wrapWidth=600)
7.3070 	EXP 	Created task_trial18 = TextStim(__class__=<class 'psychopy.visual.text.TextStim'>, alignHoriz=method-wrapper(...), alignText='center', alignVert=method-wrapper(...), anchorHoriz='center', anchorVert='center', antialias=True, autoLog=True, bold=False, color=array([-1., -1., -1.]), colorSpace='rgb', contrast=1.0, depth=0, flipHoriz=False, flipVert=False, font='', fontFiles=[], height=50.0, italic=False, languageStyle='LTR', name='task_trial18', opacity=1.0, ori=0.0, pos=array([0., 0.]), rgb=UNKNOWN, text='47 - 33', units='pix', win=Window(...), wrapWidth=600)
7.3084 	EXP 	Created resp_trial18 = TextStim(__class__=<class 'psychopy.visual.text.TextStim'>, alignHoriz=method-wrapper(...), alignText='center', alignVert=method-wrapper(...), anchorHoriz='center', anchorVert='center', antialias=True, autoLog=True, bold=False, color=array([-1., -1., -1.]), colorSpace='rgb', contrast=1.0, depth=0, flipHoriz=False, flipVert=False, font='', fontFiles=[], height=50.0, italic=False, languageStyle='LTR', name='resp_trial18', opacity=1.0, ori=0.0, pos=array([0., 0.]), rgb=UNKNOWN, text='easy or difficult?', units='pix', win=Window(...), wrapWidth=600)
7.3102 	EXP 	Created task_trial19 = TextStim(__class__=<class 'psychopy.visual.text.TextStim'>, alignHoriz=method-wrapper(...), alignText='center', alignVert=method-wrapper(...), anchorHoriz='center', anchorVert='center', antialias=True, autoLog=True, bold=False, color=array([-1., -1., -1.]), colorSpace='rgb', contrast=1.0, depth=0, flipHoriz=False, flipVert=False, font='', fontFiles=[], height=50.0, italic=False, languageStyle='LTR', name='task_trial19', opacity=1.0, ori=0.0, pos=array([0., 0.]), rgb=UNKNOWN, text='STONE', units='pix', win=Window(...), wrapWidth=600)
7.3118 	EXP 	Created resp_trial19 = TextStim(__class__=<class 'psychopy.visual.text.TextStim'>, alignHoriz=method-wrapper(...), alignText='center', alignVert=method-wrapper(...), anchorHoriz='center', anchorVert='center', antialias=True, autoLog=True, bold=False, color=array([-1., -1., -1.]), colorSpace='rgb', contrast=1.0, depth=0, flipHoriz=False, flipVert=False, font='', fontFiles=[], height=50.0, italic=False, languageStyle='LTR', name='resp_trial19', opacity=1.0, ori=0.0, pos=array([0., 0.]), rgb=UNKNOWN, text='vague or vivid?', units='pix', win=Window(...), wrapWidth=600)
7.3130 	EXP 	Created task_trial20 = TextStim(__class__=<class 'psychopy.visual.text.TextStim'>, alignHoriz=method-wrapper(...), alignText='center', alignVert=method-wrapper(...), anchorHoriz='center', anchorVert='center', antialias=True, autoLog=True, bold=False, color=array([-1., -1., -1.]), colorSpace='rgb', contrast=1.0, depth=0, flipHoriz=False, flipVert=False, font='', fontFiles=[], height=50.0, italic=False, languageStyle='LTR', name='task_trial20', opacity=1.0, ori=0.0, pos=array([0., 0.]), rgb=UNKNOWN, text='40 - 32', units='pix', win=Window(...), wrapWidth=600)
7.3146 	EXP 	Created resp_trial20 = TextStim(__class__=<class 'psychopy.visual.text.TextStim'>, alignHoriz=method-wrapper(...), alignText='center', alignVert=method-wrapper(...), anchorHoriz='center', anchorVert='center', antialias=True, autoLog=True, bold=False, color=array([-1., -1., -1.]), colorSpace='rgb', contrast=1.0, depth=0, flipHoriz=False, flipVert=False, font='', fontFiles=[], height=50.0, italic=False, languageStyle='LTR', name='resp_trial20', opacity=1.0, ori=0.0, pos=array([0., 0.]), rgb=UNKNOWN, text='easy or difficult?', units='pix', win=Window(...), wrapWidth=600)
7.3162 	EXP 	Created task_trial21 = TextStim(__class__=<class 'psychopy.visual.text.TextStim'>, alignHoriz=method-wrapper(...), alignText='center', alignVert=method-wrapper(...), anchorHoriz='center', anchorVert='center', antialias=True, autoLog=True, bold=False, color=array([-1., -1., -1.]), colorSpace='rgb', contrast=1.0, depth=0, flipHoriz=False, flipVert=False, font='', fontFiles=[], height=50.0, italic=False, languageStyle='LTR', name='task_trial21', opacity=1.0, ori=0.0, pos=array([0., 0.]), rgb=UNKNOWN, text='HORSE', units='pix', win=Window(...), wrapWidth=600)
7.3176 	EXP 	Created resp_trial21 = TextStim(__class__=<class 'psychopy.visual.text.TextStim'>, alignHoriz=method-wrapper(...), alignText='center', alignVert=method-wrapper(...), anchorHoriz='center', anchorVert='center', antialias=True, autoLog=True, bold=False, color=array([-1., -1., -1.]), colorSpace='rgb', contrast=1.0, depth=0, flipHoriz=False, flipVert=False, font='', fontFiles=[], height=50.0, italic=False, languageStyle='LTR', name='resp_trial21', opacity=1.0, ori=0.0, pos=array([0., 0.]), rgb=UNKNOWN, text='vague or vivid?', units='pix', win=Window(...), wrapWidth=600)
7.3189 	EXP 	Created task_trial22 = TextStim(__class__=<class 'psychopy.visual.text.TextStim'>, alignHoriz=method-wrapper(...), alignText='center', alignVert=method-wrapper(...), anchorHoriz='center', anchorVert='center', antialias=True, autoLog=True, bold=False, color=array([-1., -1., -1.]), colorSpace='rgb', contrast=1.0, depth=0, flipHoriz=False, flipVert=False, font='', fontFiles=[], height=50.0, italic=False, languageStyle='LTR', name='task_trial22', opacity=1.0, ori=0.0, pos=array([0., 0.]), rgb=UNKNOWN, text='22 * 3', units='pix', win=Window(...), wrapWidth=600)
7.3204 	EXP 	Created resp_trial22 = TextStim(__class__=<class 'psychopy.visual.text.TextStim'>, alignHoriz=method-wrapper(...), alignText='center', alignVert=method-wrapper(...), anchorHoriz='center', anchorVert='center', antialias=True, autoLog=True, bold=False, color=array([-1., -1., -1.]), colorSpace='rgb', contrast=1.0, depth=0, flipHoriz=False, flipVert=False, font='', fontFiles=[], height=50.0, italic=False, languageStyle='LTR', name='resp_trial22', opacity=1.0, ori=0.0, pos=array([0., 0.]), rgb=UNKNOWN, text='easy or difficult?', units='pix', win=Window(...), wrapWidth=600)
7.3216 	EXP 	Created task_trial23 = TextStim(__class__=<class 'psychopy.visual.text.TextStim'>, alignHoriz=method-wrapper(...), alignText='center', alignVert=method-wrapper(...), anchorHoriz='center', anchorVert='center', antialias=True, autoLog=True, bold=False, color=array([-1., -1., -1.]), colorSpace='rgb', contrast=1.0, depth=0, flipHoriz=False, flipVert=False, font='', fontFiles=[], height=50.0, italic=False, languageStyle='LTR', name='task_trial23', opacity=1.0, ori=0.0, pos=array([0., 0.]), rgb=UNKNOWN, text='BUILDING', units='pix', win=Window(...), wrapWidth=600)
7.3230 	EXP 	Created resp_trial23 = TextStim(__class__=<class 'psychopy.visual.text.TextStim'>, alignHoriz=method-wrapper(...), alignText='center', alignVert=method-wrapper(...), anchorHoriz='center', anchorVert='center', antialias=True, autoLog=True, bold=False, color=array([-1., -1., -1.]), colorSpace='rgb', contrast=1.0, depth=0, flipHoriz=False, flipVert=False, font='', fontFiles=[], height=50.0, italic=False, languageStyle='LTR', name='resp_trial23', opacity=1.0, ori=0.0, pos=array([0., 0.]), rgb=UNKNOWN, text='vague or vivid?', units='pix', win=Window(...), wrapWidth=600)
7.3244 	EXP 	Created task_trial24 = TextStim(__class__=<class 'psychopy.visual.text.TextStim'>, alignHoriz=method-wrapper(...), alignText='center', alignVert=method-wrapper(...), anchorHoriz='center', anchorVert='center', antialias=True, autoLog=True, bold=False, color=array([-1., -1., -1.]), colorSpace='rgb', contrast=1.0, depth=0, flipHoriz=False, flipVert=False, font='', fontFiles=[], height=50.0, italic=False, languageStyle='LTR', name='task_trial24', opacity=1.0, ori=0.0, pos=array([0., 0.]), rgb=UNKNOWN, text='16 + 47', units='pix', win=Window(...), wrapWidth=600)
7.3261 	EXP 	Created resp_trial24 = TextStim(__class__=<class 'psychopy.visual.text.TextStim'>, alignHoriz=method-wrapper(...), alignText='center', alignVert=method-wrapper(...), anchorHoriz='center', anchorVert='center', antialias=True, autoLog=True, bold=False, color=array([-1., -1., -1.]), colorSpace='rgb', contrast=1.0, depth=0, flipHoriz=False, flipVert=False, font='', fontFiles=[], height=50.0, italic=False, languageStyle='LTR', name='resp_trial24', opacity=1.0, ori=0.0, pos=array([0., 0.]), rgb=UNKNOWN, text='easy or difficult?', units='pix', win=Window(...), wrapWidth=600)
7.3273 	EXP 	Created task_trial25 = TextStim(__class__=<class 'psychopy.visual.text.TextStim'>, alignHoriz=method-wrapper(...), alignText='center', alignVert=method-wrapper(...), anchorHoriz='center', anchorVert='center', antialias=True, autoLog=True, bold=False, color=array([-1., -1., -1.]), colorSpace='rgb', contrast=1.0, depth=0, flipHoriz=False, flipVert=False, font='', fontFiles=[], height=50.0, italic=False, languageStyle='LTR', name='task_trial25', opacity=1.0, ori=0.0, pos=array([0., 0.]), rgb=UNKNOWN, text='COFFEE', units='pix', win=Window(...), wrapWidth=600)
7.3288 	EXP 	Created resp_trial25 = TextStim(__class__=<class 'psychopy.visual.text.TextStim'>, alignHoriz=method-wrapper(...), alignText='center', alignVert=method-wrapper(...), anchorHoriz='center', anchorVert='center', antialias=True, autoLog=True, bold=False, color=array([-1., -1., -1.]), colorSpace='rgb', contrast=1.0, depth=0, flipHoriz=False, flipVert=False, font='', fontFiles=[], height=50.0, italic=False, languageStyle='LTR', name='resp_trial25', opacity=1.0, ori=0.0, pos=array([0., 0.]), rgb=UNKNOWN, text='vague or vivid?', units='pix', win=Window(...), wrapWidth=600)
7.3301 	EXP 	Created task_trial26 = TextStim(__class__=<class 'psychopy.visual.text.TextStim'>, alignHoriz=method-wrapper(...), alignText='center', alignVert=method-wrapper(...), anchorHoriz='center', anchorVert='center', antialias=True, autoLog=True, bold=False, color=array([-1., -1., -1.]), colorSpace='rgb', contrast=1.0, depth=0, flipHoriz=False, flipVert=False, font='', fontFiles=[], height=50.0, italic=False, languageStyle='LTR', name='task_trial26', opacity=1.0, ori=0.0, pos=array([0., 0.]), rgb=UNKNOWN, text='23 + 28', units='pix', win=Window(...), wrapWidth=600)
7.3317 	EXP 	Created resp_trial26 = TextStim(__class__=<class 'psychopy.visual.text.TextStim'>, alignHoriz=method-wrapper(...), alignText='center', alignVert=method-wrapper(...), anchorHoriz='center', anchorVert='center', antialias=True, autoLog=True, bold=False, color=array([-1., -1., -1.]), colorSpace='rgb', contrast=1.0, depth=0, flipHoriz=False, flipVert=False, font='', fontFiles=[], height=50.0, italic=False, languageStyle='LTR', name='resp_trial26', opacity=1.0, ori=0.0, pos=array([0., 0.]), rgb=UNKNOWN, text='easy or difficult?', units='pix', win=Window(...), wrapWidth=600)
7.3330 	EXP 	Created task_trial27 = TextStim(__class__=<class 'psychopy.visual.text.TextStim'>, alignHoriz=method-wrapper(...), alignText='center', alignVert=method-wrapper(...), anchorHoriz='center', anchorVert='center', antialias=True, autoLog=True, bold=False, color=array([-1., -1., -1.]), colorSpace='rgb', contrast=1.0, depth=0, flipHoriz=False, flipVert=False, font='', fontFiles=[], height=50.0, italic=False, languageStyle='LTR', name='task_trial27', opacity=1.0, ori=0.0, pos=array([0., 0.]), rgb=UNKNOWN, text='GARDEN', units='pix', win=Window(...), wrapWidth=600)
7.3345 	EXP 	Created resp_trial27 = TextStim(__class__=<class 'psychopy.visual.text.TextStim'>, alignHoriz=method-wrapper(...), alignText='center', alignVert=method-wrapper(...), anchorHoriz='center', anchorVert='center', antialias=True, autoLog=True, bold=False, color=array([-1., -1., -1.]), colorSpace='rgb', contrast=1.0, depth=0, flipHoriz=False, flipVert=False, font='', fontFiles=[], height=50.0, italic=False, languageStyle='LTR', name='resp_trial27', opacity=1.0, ori=0.0, pos=array([0., 0.]), rgb=UNKNOWN, text='vague or vivid?', units='pix', win=Window(...), wrapWidth=600)
7.3362 	EXP 	Created task_trial28 = TextStim(__class__=<class 'psychopy.visual.text.TextStim'>, alignHoriz=method-wrapper(...), alignText='center', alignVert=method-wrapper(...), anchorHoriz='center', anchorVert='center', antialias=True, autoLog=True, bold=False, color=array([-1., -1., -1.]), colorSpace='rgb', contrast=1.0, depth=0, flipHoriz=False, flipVert=False, font='', fontFiles=[], height=50.0, italic=False, languageStyle='LTR', name='task_trial28', opacity=1.0, ori=0.0, pos=array([0., 0.]), rgb=UNKNOWN, text='36 + 65', units='pix', win=Window(...), wrapWidth=600)
7.3378 	EXP 	Created resp_trial28 = TextStim(__class__=<class 'psychopy.visual.text.TextStim'>, alignHoriz=method-wrapper(...), alignText='center', alignVert=method-wrapper(...), anchorHoriz='center', anchorVert='center', antialias=True, autoLog=True, bold=False, color=array([-1., -1., -1.]), colorSpace='rgb', contrast=1.0, depth=0, flipHoriz=False, flipVert=False, font='', fontFiles=[], height=50.0, italic=False, languageStyle='LTR', name='resp_trial28', opacity=1.0, ori=0.0, pos=array([0., 0.]), rgb=UNKNOWN, text='easy or difficult?', units='pix', win=Window(...), wrapWidth=600)
7.3389 	EXP 	Created task_trial29 = TextStim(__class__=<class 'psychopy.visual.text.TextStim'>, alignHoriz=method-wrapper(...), alignText='center', alignVert=method-wrapper(...), anchorHoriz='center', anchorVert='center', antialias=True, autoLog=True, bold=False, color=array([-1., -1., -1.]), colorSpace='rgb', contrast=1.0, depth=0, flipHoriz=False, flipVert=False, font='', fontFiles=[], height=50.0, italic=False, languageStyle='LTR', name='task_trial29', opacity=1.0, ori=0.0, pos=array([0., 0.]), rgb=UNKNOWN, text='FIRE', units='pix', win=Window(...), wrapWidth=600)
7.3405 	EXP 	Created resp_trial29 = TextStim(__class__=<class 'psychopy.visual.text.TextStim'>, alignHoriz=method-wrapper(...), alignText='center', alignVert=method-wrapper(...), anchorHoriz='center', anchorVert='center', antialias=True, autoLog=True, bold=False, color=array([-1., -1., -1.]), colorSpace='rgb', contrast=1.0, depth=0, flipHoriz=False, flipVert=False, font='', fontFiles=[], height=50.0, italic=False, languageStyle='LTR', name='resp_trial29', opacity=1.0, ori=0.0, pos=array([0., 0.]), rgb=UNKNOWN, text='vague or vivid?', units='pix', win=Window(...), wrapWidth=600)
7.3418 	EXP 	Created task_trial30 = TextStim(__class__=<class 'psychopy.visual.text.TextStim'>, alignHoriz=method-wrapper(...), alignText='center', alignVert=method-wrapper(...), anchorHoriz='center', anchorVert='center', antialias=True, autoLog=True, bold=False, color=array([-1., -1., -1.]), colorSpace='rgb', contrast=1.0, depth=0, flipHoriz=False, flipVert=False, font='', fontFiles=[], height=50.0, italic=False, languageStyle='LTR', name='task_trial30', opacity=1.0, ori=0.0, pos=array([0., 0.]), rgb=UNKNOWN, text='75 / 5', units='pix', win=Window(...), wrapWidth=600)
7.3433 	EXP 	Created resp_trial30 = TextStim(__class__=<class 'psychopy.visual.text.TextStim'>, alignHoriz=method-wrapper(...), alignText='center', alignVert=method-wrapper(...), anchorHoriz='center', anchorVert='center', antialias=True, autoLog=True, bold=False, color=array([-1., -1., -1.]), colorSpace='rgb', contrast=1.0, depth=0, flipHoriz=False, flipVert=False, font='', fontFiles=[], height=50.0, italic=False, languageStyle='LTR', name='resp_trial30', opacity=1.0, ori=0.0, pos=array([0., 0.]), rgb=UNKNOWN, text='easy or difficult?', units='pix', win=Window(...), wrapWidth=600)
7.3461 	EXP 	Created fix0 = TextStim(__class__=<class 'psychopy.visual.text.TextStim'>, alignHoriz=method-wrapper(...), alignText='center', alignVert=method-wrapper(...), anchorHoriz='center', anchorVert='center', antialias=True, autoLog=True, bold=False, color=array([0.6549, 0.6549, 0.6549]), colorSpace='rgb', contrast=1.0, depth=-1.0, flipHoriz=False, flipVert=False, font='Open Sans', fontFiles=[], height=1.5, italic=False, languageStyle='LTR', name='fix0', opacity=1, ori=0.0, pos=array([0., 0.]), rgb=UNKNOWN, text='+', units='cm', win=Window(...), wrapWidth=15.0)
7.3474 	EXP 	Created fix1 = TextStim(__class__=<class 'psychopy.visual.text.TextStim'>, alignHoriz=method-wrapper(...), alignText='center', alignVert=method-wrapper(...), anchorHoriz='center', anchorVert='center', antialias=True, autoLog=True, bold=False, color=array([-1., -1., -1.]), colorSpace='rgb', contrast=1.0, depth=-2.0, flipHoriz=False, flipVert=False, font='Open Sans', fontFiles=[], height=1.5, italic=False, languageStyle='LTR', name='fix1', opacity=1, ori=0.0, pos=array([0., 0.]), rgb=UNKNOWN, text='+', units='cm', win=Window(...), wrapWidth=15.0)
2.5500 	DATA 	Keypress: t
2.5644 	WARNING 	t of last frame was 2547.94ms (=1/0)
2.5644 	EXP 	buffer
3.4349 	DATA 	Keypress: t
3.4382 	WARNING 	t of last frame was 873.85ms (=1/1)
3.4382 	EXP 	buffer
3.9413 	DATA 	Keypress: t
3.9471 	WARNING 	t of last frame was 508.93ms (=1/1)
3.9471 	EXP 	rest
4.3912 	DATA 	Keypress: t
4.3942 	WARNING 	t of last frame was 447.09ms (=1/2)
4.3942 	EXP 	task am
4.9013 	DATA 	Keypress: t
4.9040 	WARNING 	Multiple dropped frames have occurred - I'll stop bothering you about them!
4.9040 	EXP 	task am
5.3216 	DATA 	Keypress: t
5.3246 	EXP 	task am
5.7113 	DATA 	Keypress: t
5.7139 	EXP 	task am
6.1304 	DATA 	Keypress: t
6.1332 	EXP 	task am
6.5212 	DATA 	Keypress: t
6.5247 	EXP 	task am
6.9712 	DATA 	Keypress: t
6.9744 	EXP 	rest
7.3915 	DATA 	Keypress: t
7.3947 	EXP 	task ma
7.8255 	DATA 	Keypress: t
7.8284 	EXP 	task ma
8.2006 	DATA 	Keypress: t
8.2037 	EXP 	task ma
8.5913 	DATA 	Keypress: t
8.5943 	EXP 	task ma
8.9805 	DATA 	Keypress: t
8.9834 	EXP 	task ma
9.3714 	DATA 	Keypress: t
9.3742 	EXP 	task ma
9.7913 	DATA 	Keypress: t
9.7943 	EXP 	rest
10.1806 	DATA 	Keypress: t
10.1838 	EXP 	task am
10.6019 	DATA 	Keypress: t
10.6051 	EXP 	task am
10.9616 	DATA 	Keypress: t
10.9656 	EXP 	task am
11.3516 	DATA 	Keypress: t
11.3545 	EXP 	task am
11.7715 	DATA 	Keypress: t
11.7747 	EXP 	task am
12.1609 	DATA 	Keypress: t
12.1638 	EXP 	task am
62.7722 	DATA 	Mouse: Left button down, pos=(654,247)
62.8606 	DATA 	Mouse:  Left button up, pos=(654,247)
64.1250 	DATA 	Keypress: t
64.1402 	EXP 	rest
64.6657 	DATA 	Keypress: t
64.6694 	EXP 	task ma
66.1513 	DATA 	Keypress: t
66.1652 	EXP 	task ma
66.7649 	DATA 	Keypress: t
66.7692 	EXP 	task ma
67.2759 	DATA 	Keypress: t
67.2787 	EXP 	task ma
67.8156 	DATA 	Keypress: t
67.8183 	EXP 	task ma
68.3258 	DATA 	Keypress: t
68.3290 	EXP 	task ma
68.8356 	DATA 	Keypress: t
68.8385 	EXP 	rest
69.2853 	DATA 	Keypress: t
69.2881 	EXP 	task am
69.6758 	DATA 	Keypress: t
69.6790 	EXP 	task am
69.9749 	DATA 	Keypress: t
69.9776 	EXP 	task am
70.3660 	DATA 	Keypress: t
70.3692 	EXP 	task am
70.5149 	DATA 	Keypress: t
70.5176 	EXP 	task am
70.7851 	DATA 	Keypress: t
70.7881 	EXP 	task am
70.9649 	DATA 	Keypress: t
70.9677 	EXP 	rest
71.1752 	DATA 	Keypress: t
71.1780 	EXP 	task ma
71.3851 	DATA 	Keypress: t
71.3879 	EXP 	task ma
71.5661 	DATA 	Keypress: t
71.5688 	EXP 	task ma
71.7610 	DATA 	Keypress: t
71.7647 	EXP 	task ma
71.9403 	DATA 	Keypress: t
71.9435 	EXP 	task ma
72.1201 	DATA 	Keypress: t
72.1229 	EXP 	task ma
72.3159 	DATA 	Keypress: t
72.3188 	EXP 	rest
72.4801 	DATA 	Keypress: t
72.4858 	EXP 	task am
72.6609 	DATA 	Keypress: t
72.6640 	EXP 	task am
72.8259 	DATA 	Keypress: t
72.8287 	EXP 	task am
73.0209 	DATA 	Keypress: t
73.0234 	EXP 	task am
73.2002 	DATA 	Keypress: t
73.2029 	EXP 	task am
73.3651 	DATA 	Keypress: t
73.3680 	EXP 	task am
73.5613 	DATA 	Keypress: t
73.5641 	EXP 	rest
73.7251 	DATA 	Keypress: t
73.7279 	EXP 	task ma
73.9052 	DATA 	Keypress: t
73.9080 	EXP 	task ma
74.0863 	DATA 	Keypress: t
74.0889 	EXP 	task ma
74.2502 	DATA 	Keypress: t
74.2529 	EXP 	task ma
74.4305 	DATA 	Keypress: t
74.4333 	EXP 	task ma
74.6112 	DATA 	Keypress: t
74.6140 	EXP 	task ma
74.7910 	DATA 	Keypress: t
74.7936 	EXP 	rest
74.9554 	DATA 	Keypress: t
74.9580 	EXP 	task am
75.1352 	DATA 	Keypress: t
75.1381 	EXP 	task am
75.3162 	DATA 	Keypress: t
75.3187 	EXP 	task am
75.4811 	DATA 	Keypress: t
75.4838 	EXP 	task am
75.6760 	DATA 	Keypress: t
75.6787 	EXP 	task am
75.8555 	DATA 	Keypress: t
75.8579 	EXP 	task am
76.0690 	DATA 	Keypress: t
76.0715 	EXP 	rest
76.2310 	DATA 	Keypress: t
76.2339 	EXP 	task ma
76.4254 	DATA 	Keypress: t
76.4281 	EXP 	task ma
76.6053 	DATA 	Keypress: t
76.6080 	EXP 	task ma
76.7714 	DATA 	Keypress: t
76.7744 	EXP 	task ma
76.9503 	DATA 	Keypress: t
76.9531 	EXP 	task ma
77.1161 	DATA 	Keypress: t
77.1187 	EXP 	task ma
77.3112 	DATA 	Keypress: t
77.3140 	EXP 	rest
77.4761 	DATA 	Keypress: t
77.4791 	EXP 	task am
77.6716 	DATA 	Keypress: t
77.6746 	EXP 	task am
77.8510 	DATA 	Keypress: t
77.8538 	EXP 	task am
78.0455 	DATA 	Keypress: t
78.0483 	EXP 	task am
78.2105 	DATA 	Keypress: t
78.2132 	EXP 	task am
78.3903 	DATA 	Keypress: t
78.3930 	EXP 	task am
78.5715 	DATA 	Keypress: t
78.5742 	EXP 	rest
78.7654 	DATA 	Keypress: t
78.7683 	EXP 	task ma
79.8150 	DATA 	Keypress: q
80.2660 	DATA 	Keypress: t
80.2831 	EXP 	window1: mouseVisible = True
