0.7133 	WARNING 	We strongly recommend you activate the PTB sound engine in PsychoPy prefs as the preferred audio engine. Its timing is vastly superior. Your prefs are currently set to use ['sounddevice', 'PTB', 'pyo', 'pygame'] (in that order).
5.2192 	WARNING 	User requested fullscreen with size [1512  982], but screen is actually [1728, 1117]. Using actual size
6.3218 	WARNING 	Couldn't measure a consistent frame rate!
  - Is your graphics card set to sync to vertical blank?
  - Are you running other processes on your computer?

6.3222 	EXP 	Created window1 = Window(allowGUI=True, allowStencil=False, autoLog=True, backendConf=UNKNOWN, bitsMode=UNKNOWN, blendMode='avg', bpc=(8, 8, 8), color=array([0, 0, 0]), colorSpace='rgb', depthBits=8, fullscr=<method-wrapper '__getattribute__' of attributeSetter object at 0x7ff3e61891f0>, gamma=None, gammaErrorPolicy='raise', lms=UNKNOWN, monitor=<psychopy.monitors.calibTools.Monitor object at 0x7ff3e60053a0>, multiSample=False, name='window1', numSamples=2, pos=[432.0, 279.25], screen=0, size=array([3456, 2234]), stencilBits=0, stereo=False, units='height', useFBO=True, useRetina=True, viewOri=0.0, viewPos=None, viewScale=None, waitBlanking=True, winType='pyglet')
6.3224 	EXP 	window1: mouseVisible = True
6.3234 	EXP 	window1: mouseVisible = False
6.3671 	EXP 	Created task_trial1 = TextStim(__class__=<class 'psychopy.visual.text.TextStim'>, alignHoriz=method-wrapper(...), alignText='center', alignVert=method-wrapper(...), anchorHoriz='center', anchorVert='center', antialias=True, autoLog=True, bold=False, color=array([-1., -1., -1.]), colorSpace='rgb', contrast=1.0, depth=0, flipHoriz=False, flipVert=False, font='', fontFiles=[], height=50.0, italic=False, languageStyle='LTR', name='task_trial1', opacity=1.0, ori=0.0, pos=array([0., 0.]), rgb=UNKNOWN, text='FOREST', units='pix', win=Window(...), wrapWidth=600)
6.3731 	EXP 	Created resp_trial1 = TextStim(__class__=<class 'psychopy.visual.text.TextStim'>, alignHoriz=method-wrapper(...), alignText='center', alignVert=method-wrapper(...), anchorHoriz='center', anchorVert='center', antialias=True, autoLog=True, bold=False, color=array([-1., -1., -1.]), colorSpace='rgb', contrast=1.0, depth=0, flipHoriz=False, flipVert=False, font='', fontFiles=[], height=50.0, italic=False, languageStyle='LTR', name='resp_trial1', opacity=1.0, ori=0.0, pos=array([0., 0.]), rgb=UNKNOWN, text='vague or vivid?', units='pix', win=Window(...), wrapWidth=600)
6.3760 	EXP 	Created task_trial2 = TextStim(__class__=<class 'psychopy.visual.text.TextStim'>, alignHoriz=method-wrapper(...), alignText='center', alignVert=method-wrapper(...), anchorHoriz='center', anchorVert='center', antialias=True, autoLog=True, bold=False, color=array([-1., -1., -1.]), colorSpace='rgb', contrast=1.0, depth=0, flipHoriz=False, flipVert=False, font='', fontFiles=[], height=50.0, italic=False, languageStyle='LTR', name='task_trial2', opacity=1.0, ori=0.0, pos=array([0., 0.]), rgb=UNKNOWN, text='22 * 3', units='pix', win=Window(...), wrapWidth=600)
6.3800 	EXP 	Created resp_trial2 = TextStim(__class__=<class 'psychopy.visual.text.TextStim'>, alignHoriz=method-wrapper(...), alignText='center', alignVert=method-wrapper(...), anchorHoriz='center', anchorVert='center', antialias=True, autoLog=True, bold=False, color=array([-1., -1., -1.]), colorSpace='rgb', contrast=1.0, depth=0, flipHoriz=False, flipVert=False, font='', fontFiles=[], height=50.0, italic=False, languageStyle='LTR', name='resp_trial2', opacity=1.0, ori=0.0, pos=array([0., 0.]), rgb=UNKNOWN, text='easy or difficult?', units='pix', win=Window(...), wrapWidth=600)
6.3822 	EXP 	Created task_trial3 = TextStim(__class__=<class 'psychopy.visual.text.TextStim'>, alignHoriz=method-wrapper(...), alignText='center', alignVert=method-wrapper(...), anchorHoriz='center', anchorVert='center', antialias=True, autoLog=True, bold=False, color=array([-1., -1., -1.]), colorSpace='rgb', contrast=1.0, depth=0, flipHoriz=False, flipVert=False, font='', fontFiles=[], height=50.0, italic=False, languageStyle='LTR', name='task_trial3', opacity=1.0, ori=0.0, pos=array([0., 0.]), rgb=UNKNOWN, text='Game', units='pix', win=Window(...), wrapWidth=600)
6.3840 	EXP 	Created resp_trial3 = TextStim(__class__=<class 'psychopy.visual.text.TextStim'>, alignHoriz=method-wrapper(...), alignText='center', alignVert=method-wrapper(...), anchorHoriz='center', anchorVert='center', antialias=True, autoLog=True, bold=False, color=array([-1., -1., -1.]), colorSpace='rgb', contrast=1.0, depth=0, flipHoriz=False, flipVert=False, font='', fontFiles=[], height=50.0, italic=False, languageStyle='LTR', name='resp_trial3', opacity=1.0, ori=0.0, pos=array([0., 0.]), rgb=UNKNOWN, text='vague or vivid?', units='pix', win=Window(...), wrapWidth=600)
6.3866 	EXP 	Created task_trial4 = TextStim(__class__=<class 'psychopy.visual.text.TextStim'>, alignHoriz=method-wrapper(...), alignText='center', alignVert=method-wrapper(...), anchorHoriz='center', anchorVert='center', antialias=True, autoLog=True, bold=False, color=array([-1., -1., -1.]), colorSpace='rgb', contrast=1.0, depth=0, flipHoriz=False, flipVert=False, font='', fontFiles=[], height=50.0, italic=False, languageStyle='LTR', name='task_trial4', opacity=1.0, ori=0.0, pos=array([0., 0.]), rgb=UNKNOWN, text='6 + 21', units='pix', win=Window(...), wrapWidth=600)
6.3884 	EXP 	Created resp_trial4 = TextStim(__class__=<class 'psychopy.visual.text.TextStim'>, alignHoriz=method-wrapper(...), alignText='center', alignVert=method-wrapper(...), anchorHoriz='center', anchorVert='center', antialias=True, autoLog=True, bold=False, color=array([-1., -1., -1.]), colorSpace='rgb', contrast=1.0, depth=0, flipHoriz=False, flipVert=False, font='', fontFiles=[], height=50.0, italic=False, languageStyle='LTR', name='resp_trial4', opacity=1.0, ori=0.0, pos=array([0., 0.]), rgb=UNKNOWN, text='easy or difficult?', units='pix', win=Window(...), wrapWidth=600)
6.3902 	EXP 	Created task_trial5 = TextStim(__class__=<class 'psychopy.visual.text.TextStim'>, alignHoriz=method-wrapper(...), alignText='center', alignVert=method-wrapper(...), anchorHoriz='center', anchorVert='center', antialias=True, autoLog=True, bold=False, color=array([-1., -1., -1.]), colorSpace='rgb', contrast=1.0, depth=0, flipHoriz=False, flipVert=False, font='', fontFiles=[], height=50.0, italic=False, languageStyle='LTR', name='task_trial5', opacity=1.0, ori=0.0, pos=array([0., 0.]), rgb=UNKNOWN, text='Music', units='pix', win=Window(...), wrapWidth=600)
6.3919 	EXP 	Created resp_trial5 = TextStim(__class__=<class 'psychopy.visual.text.TextStim'>, alignHoriz=method-wrapper(...), alignText='center', alignVert=method-wrapper(...), anchorHoriz='center', anchorVert='center', antialias=True, autoLog=True, bold=False, color=array([-1., -1., -1.]), colorSpace='rgb', contrast=1.0, depth=0, flipHoriz=False, flipVert=False, font='', fontFiles=[], height=50.0, italic=False, languageStyle='LTR', name='resp_trial5', opacity=1.0, ori=0.0, pos=array([0., 0.]), rgb=UNKNOWN, text='vague or vivid?', units='pix', win=Window(...), wrapWidth=600)
6.3938 	EXP 	Created task_trial6 = TextStim(__class__=<class 'psychopy.visual.text.TextStim'>, alignHoriz=method-wrapper(...), alignText='center', alignVert=method-wrapper(...), anchorHoriz='center', anchorVert='center', antialias=True, autoLog=True, bold=False, color=array([-1., -1., -1.]), colorSpace='rgb', contrast=1.0, depth=0, flipHoriz=False, flipVert=False, font='', fontFiles=[], height=50.0, italic=False, languageStyle='LTR', name='task_trial6', opacity=1.0, ori=0.0, pos=array([0., 0.]), rgb=UNKNOWN, text='23 + 28', units='pix', win=Window(...), wrapWidth=600)
6.3956 	EXP 	Created resp_trial6 = TextStim(__class__=<class 'psychopy.visual.text.TextStim'>, alignHoriz=method-wrapper(...), alignText='center', alignVert=method-wrapper(...), anchorHoriz='center', anchorVert='center', antialias=True, autoLog=True, bold=False, color=array([-1., -1., -1.]), colorSpace='rgb', contrast=1.0, depth=0, flipHoriz=False, flipVert=False, font='', fontFiles=[], height=50.0, italic=False, languageStyle='LTR', name='resp_trial6', opacity=1.0, ori=0.0, pos=array([0., 0.]), rgb=UNKNOWN, text='easy or difficult?', units='pix', win=Window(...), wrapWidth=600)
6.3980 	EXP 	Created task_trial7 = TextStim(__class__=<class 'psychopy.visual.text.TextStim'>, alignHoriz=method-wrapper(...), alignText='center', alignVert=method-wrapper(...), anchorHoriz='center', anchorVert='center', antialias=True, autoLog=True, bold=False, color=array([-1., -1., -1.]), colorSpace='rgb', contrast=1.0, depth=0, flipHoriz=False, flipVert=False, font='', fontFiles=[], height=50.0, italic=False, languageStyle='LTR', name='task_trial7', opacity=1.0, ori=0.0, pos=array([0., 0.]), rgb=UNKNOWN, text='Love', units='pix', win=Window(...), wrapWidth=600)
6.3996 	EXP 	Created resp_trial7 = TextStim(__class__=<class 'psychopy.visual.text.TextStim'>, alignHoriz=method-wrapper(...), alignText='center', alignVert=method-wrapper(...), anchorHoriz='center', anchorVert='center', antialias=True, autoLog=True, bold=False, color=array([-1., -1., -1.]), colorSpace='rgb', contrast=1.0, depth=0, flipHoriz=False, flipVert=False, font='', fontFiles=[], height=50.0, italic=False, languageStyle='LTR', name='resp_trial7', opacity=1.0, ori=0.0, pos=array([0., 0.]), rgb=UNKNOWN, text='vague or vivid?', units='pix', win=Window(...), wrapWidth=600)
6.4013 	EXP 	Created task_trial8 = TextStim(__class__=<class 'psychopy.visual.text.TextStim'>, alignHoriz=method-wrapper(...), alignText='center', alignVert=method-wrapper(...), anchorHoriz='center', anchorVert='center', antialias=True, autoLog=True, bold=False, color=array([-1., -1., -1.]), colorSpace='rgb', contrast=1.0, depth=0, flipHoriz=False, flipVert=False, font='', fontFiles=[], height=50.0, italic=False, languageStyle='LTR', name='task_trial8', opacity=1.0, ori=0.0, pos=array([0., 0.]), rgb=UNKNOWN, text='36 + 65', units='pix', win=Window(...), wrapWidth=600)
6.4030 	EXP 	Created resp_trial8 = TextStim(__class__=<class 'psychopy.visual.text.TextStim'>, alignHoriz=method-wrapper(...), alignText='center', alignVert=method-wrapper(...), anchorHoriz='center', anchorVert='center', antialias=True, autoLog=True, bold=False, color=array([-1., -1., -1.]), colorSpace='rgb', contrast=1.0, depth=0, flipHoriz=False, flipVert=False, font='', fontFiles=[], height=50.0, italic=False, languageStyle='LTR', name='resp_trial8', opacity=1.0, ori=0.0, pos=array([0., 0.]), rgb=UNKNOWN, text='easy or difficult?', units='pix', win=Window(...), wrapWidth=600)
6.4048 	EXP 	Created task_trial9 = TextStim(__class__=<class 'psychopy.visual.text.TextStim'>, alignHoriz=method-wrapper(...), alignText='center', alignVert=method-wrapper(...), anchorHoriz='center', anchorVert='center', antialias=True, autoLog=True, bold=False, color=array([-1., -1., -1.]), colorSpace='rgb', contrast=1.0, depth=0, flipHoriz=False, flipVert=False, font='', fontFiles=[], height=50.0, italic=False, languageStyle='LTR', name='task_trial9', opacity=1.0, ori=0.0, pos=array([0., 0.]), rgb=UNKNOWN, text='Nature', units='pix', win=Window(...), wrapWidth=600)
6.4064 	EXP 	Created resp_trial9 = TextStim(__class__=<class 'psychopy.visual.text.TextStim'>, alignHoriz=method-wrapper(...), alignText='center', alignVert=method-wrapper(...), anchorHoriz='center', anchorVert='center', antialias=True, autoLog=True, bold=False, color=array([-1., -1., -1.]), colorSpace='rgb', contrast=1.0, depth=0, flipHoriz=False, flipVert=False, font='', fontFiles=[], height=50.0, italic=False, languageStyle='LTR', name='resp_trial9', opacity=1.0, ori=0.0, pos=array([0., 0.]), rgb=UNKNOWN, text='vague or vivid?', units='pix', win=Window(...), wrapWidth=600)
6.4080 	EXP 	Created task_trial10 = TextStim(__class__=<class 'psychopy.visual.text.TextStim'>, alignHoriz=method-wrapper(...), alignText='center', alignVert=method-wrapper(...), anchorHoriz='center', anchorVert='center', antialias=True, autoLog=True, bold=False, color=array([-1., -1., -1.]), colorSpace='rgb', contrast=1.0, depth=0, flipHoriz=False, flipVert=False, font='', fontFiles=[], height=50.0, italic=False, languageStyle='LTR', name='task_trial10', opacity=1.0, ori=0.0, pos=array([0., 0.]), rgb=UNKNOWN, text='46 + 54', units='pix', win=Window(...), wrapWidth=600)
6.4097 	EXP 	Created resp_trial10 = TextStim(__class__=<class 'psychopy.visual.text.TextStim'>, alignHoriz=method-wrapper(...), alignText='center', alignVert=method-wrapper(...), anchorHoriz='center', anchorVert='center', antialias=True, autoLog=True, bold=False, color=array([-1., -1., -1.]), colorSpace='rgb', contrast=1.0, depth=0, flipHoriz=False, flipVert=False, font='', fontFiles=[], height=50.0, italic=False, languageStyle='LTR', name='resp_trial10', opacity=1.0, ori=0.0, pos=array([0., 0.]), rgb=UNKNOWN, text='easy or difficult?', units='pix', win=Window(...), wrapWidth=600)
6.4116 	EXP 	Created task_trial11 = TextStim(__class__=<class 'psychopy.visual.text.TextStim'>, alignHoriz=method-wrapper(...), alignText='center', alignVert=method-wrapper(...), anchorHoriz='center', anchorVert='center', antialias=True, autoLog=True, bold=False, color=array([-1., -1., -1.]), colorSpace='rgb', contrast=1.0, depth=0, flipHoriz=False, flipVert=False, font='', fontFiles=[], height=50.0, italic=False, languageStyle='LTR', name='task_trial11', opacity=1.0, ori=0.0, pos=array([0., 0.]), rgb=UNKNOWN, text='Teaching', units='pix', win=Window(...), wrapWidth=600)
6.4130 	EXP 	Created resp_trial11 = TextStim(__class__=<class 'psychopy.visual.text.TextStim'>, alignHoriz=method-wrapper(...), alignText='center', alignVert=method-wrapper(...), anchorHoriz='center', anchorVert='center', antialias=True, autoLog=True, bold=False, color=array([-1., -1., -1.]), colorSpace='rgb', contrast=1.0, depth=0, flipHoriz=False, flipVert=False, font='', fontFiles=[], height=50.0, italic=False, languageStyle='LTR', name='resp_trial11', opacity=1.0, ori=0.0, pos=array([0., 0.]), rgb=UNKNOWN, text='vague or vivid?', units='pix', win=Window(...), wrapWidth=600)
6.4150 	EXP 	Created task_trial12 = TextStim(__class__=<class 'psychopy.visual.text.TextStim'>, alignHoriz=method-wrapper(...), alignText='center', alignVert=method-wrapper(...), anchorHoriz='center', anchorVert='center', antialias=True, autoLog=True, bold=False, color=array([-1., -1., -1.]), colorSpace='rgb', contrast=1.0, depth=0, flipHoriz=False, flipVert=False, font='', fontFiles=[], height=50.0, italic=False, languageStyle='LTR', name='task_trial12', opacity=1.0, ori=0.0, pos=array([0., 0.]), rgb=UNKNOWN, text='69 - 35', units='pix', win=Window(...), wrapWidth=600)
6.4166 	EXP 	Created resp_trial12 = TextStim(__class__=<class 'psychopy.visual.text.TextStim'>, alignHoriz=method-wrapper(...), alignText='center', alignVert=method-wrapper(...), anchorHoriz='center', anchorVert='center', antialias=True, autoLog=True, bold=False, color=array([-1., -1., -1.]), colorSpace='rgb', contrast=1.0, depth=0, flipHoriz=False, flipVert=False, font='', fontFiles=[], height=50.0, italic=False, languageStyle='LTR', name='resp_trial12', opacity=1.0, ori=0.0, pos=array([0., 0.]), rgb=UNKNOWN, text='easy or difficult?', units='pix', win=Window(...), wrapWidth=600)
6.4179 	EXP 	Created task_trial13 = TextStim(__class__=<class 'psychopy.visual.text.TextStim'>, alignHoriz=method-wrapper(...), alignText='center', alignVert=method-wrapper(...), anchorHoriz='center', anchorVert='center', antialias=True, autoLog=True, bold=False, color=array([-1., -1., -1.]), colorSpace='rgb', contrast=1.0, depth=0, flipHoriz=False, flipVert=False, font='', fontFiles=[], height=50.0, italic=False, languageStyle='LTR', name='task_trial13', opacity=1.0, ori=0.0, pos=array([0., 0.]), rgb=UNKNOWN, text='Failure', units='pix', win=Window(...), wrapWidth=600)
6.4193 	EXP 	Created resp_trial13 = TextStim(__class__=<class 'psychopy.visual.text.TextStim'>, alignHoriz=method-wrapper(...), alignText='center', alignVert=method-wrapper(...), anchorHoriz='center', anchorVert='center', antialias=True, autoLog=True, bold=False, color=array([-1., -1., -1.]), colorSpace='rgb', contrast=1.0, depth=0, flipHoriz=False, flipVert=False, font='', fontFiles=[], height=50.0, italic=False, languageStyle='LTR', name='resp_trial13', opacity=1.0, ori=0.0, pos=array([0., 0.]), rgb=UNKNOWN, text='vague or vivid?', units='pix', win=Window(...), wrapWidth=600)
6.4213 	EXP 	Created task_trial14 = TextStim(__class__=<class 'psychopy.visual.text.TextStim'>, alignHoriz=method-wrapper(...), alignText='center', alignVert=method-wrapper(...), anchorHoriz='center', anchorVert='center', antialias=True, autoLog=True, bold=False, color=array([-1., -1., -1.]), colorSpace='rgb', contrast=1.0, depth=0, flipHoriz=False, flipVert=False, font='', fontFiles=[], height=50.0, italic=False, languageStyle='LTR', name='task_trial14', opacity=1.0, ori=0.0, pos=array([0., 0.]), rgb=UNKNOWN, text='60 - 27', units='pix', win=Window(...), wrapWidth=600)
6.4228 	EXP 	Created resp_trial14 = TextStim(__class__=<class 'psychopy.visual.text.TextStim'>, alignHoriz=method-wrapper(...), alignText='center', alignVert=method-wrapper(...), anchorHoriz='center', anchorVert='center', antialias=True, autoLog=True, bold=False, color=array([-1., -1., -1.]), colorSpace='rgb', contrast=1.0, depth=0, flipHoriz=False, flipVert=False, font='', fontFiles=[], height=50.0, italic=False, languageStyle='LTR', name='resp_trial14', opacity=1.0, ori=0.0, pos=array([0., 0.]), rgb=UNKNOWN, text='easy or difficult?', units='pix', win=Window(...), wrapWidth=600)
6.4244 	EXP 	Created task_trial15 = TextStim(__class__=<class 'psychopy.visual.text.TextStim'>, alignHoriz=method-wrapper(...), alignText='center', alignVert=method-wrapper(...), anchorHoriz='center', anchorVert='center', antialias=True, autoLog=True, bold=False, color=array([-1., -1., -1.]), colorSpace='rgb', contrast=1.0, depth=0, flipHoriz=False, flipVert=False, font='', fontFiles=[], height=50.0, italic=False, languageStyle='LTR', name='task_trial15', opacity=1.0, ori=0.0, pos=array([0., 0.]), rgb=UNKNOWN, text='Discovery', units='pix', win=Window(...), wrapWidth=600)
6.4258 	EXP 	Created resp_trial15 = TextStim(__class__=<class 'psychopy.visual.text.TextStim'>, alignHoriz=method-wrapper(...), alignText='center', alignVert=method-wrapper(...), anchorHoriz='center', anchorVert='center', antialias=True, autoLog=True, bold=False, color=array([-1., -1., -1.]), colorSpace='rgb', contrast=1.0, depth=0, flipHoriz=False, flipVert=False, font='', fontFiles=[], height=50.0, italic=False, languageStyle='LTR', name='resp_trial15', opacity=1.0, ori=0.0, pos=array([0., 0.]), rgb=UNKNOWN, text='vague or vivid?', units='pix', win=Window(...), wrapWidth=600)
6.4274 	EXP 	Created task_trial16 = TextStim(__class__=<class 'psychopy.visual.text.TextStim'>, alignHoriz=method-wrapper(...), alignText='center', alignVert=method-wrapper(...), anchorHoriz='center', anchorVert='center', antialias=True, autoLog=True, bold=False, color=array([-1., -1., -1.]), colorSpace='rgb', contrast=1.0, depth=0, flipHoriz=False, flipVert=False, font='', fontFiles=[], height=50.0, italic=False, languageStyle='LTR', name='task_trial16', opacity=1.0, ori=0.0, pos=array([0., 0.]), rgb=UNKNOWN, text='42 / 2', units='pix', win=Window(...), wrapWidth=600)
6.4289 	EXP 	Created resp_trial16 = TextStim(__class__=<class 'psychopy.visual.text.TextStim'>, alignHoriz=method-wrapper(...), alignText='center', alignVert=method-wrapper(...), anchorHoriz='center', anchorVert='center', antialias=True, autoLog=True, bold=False, color=array([-1., -1., -1.]), colorSpace='rgb', contrast=1.0, depth=0, flipHoriz=False, flipVert=False, font='', fontFiles=[], height=50.0, italic=False, languageStyle='LTR', name='resp_trial16', opacity=1.0, ori=0.0, pos=array([0., 0.]), rgb=UNKNOWN, text='easy or difficult?', units='pix', win=Window(...), wrapWidth=600)
6.4300 	EXP 	Created task_trial17 = TextStim(__class__=<class 'psychopy.visual.text.TextStim'>, alignHoriz=method-wrapper(...), alignText='center', alignVert=method-wrapper(...), anchorHoriz='center', anchorVert='center', antialias=True, autoLog=True, bold=False, color=array([-1., -1., -1.]), colorSpace='rgb', contrast=1.0, depth=0, flipHoriz=False, flipVert=False, font='', fontFiles=[], height=50.0, italic=False, languageStyle='LTR', name='task_trial17', opacity=1.0, ori=0.0, pos=array([0., 0.]), rgb=UNKNOWN, text='Summer', units='pix', win=Window(...), wrapWidth=600)
6.4315 	EXP 	Created resp_trial17 = TextStim(__class__=<class 'psychopy.visual.text.TextStim'>, alignHoriz=method-wrapper(...), alignText='center', alignVert=method-wrapper(...), anchorHoriz='center', anchorVert='center', antialias=True, autoLog=True, bold=False, color=array([-1., -1., -1.]), colorSpace='rgb', contrast=1.0, depth=0, flipHoriz=False, flipVert=False, font='', fontFiles=[], height=50.0, italic=False, languageStyle='LTR', name='resp_trial17', opacity=1.0, ori=0.0, pos=array([0., 0.]), rgb=UNKNOWN, text='vague or vivid?', units='pix', win=Window(...), wrapWidth=600)
6.4327 	EXP 	Created task_trial18 = TextStim(__class__=<class 'psychopy.visual.text.TextStim'>, alignHoriz=method-wrapper(...), alignText='center', alignVert=method-wrapper(...), anchorHoriz='center', anchorVert='center', antialias=True, autoLog=True, bold=False, color=array([-1., -1., -1.]), colorSpace='rgb', contrast=1.0, depth=0, flipHoriz=False, flipVert=False, font='', fontFiles=[], height=50.0, italic=False, languageStyle='LTR', name='task_trial18', opacity=1.0, ori=0.0, pos=array([0., 0.]), rgb=UNKNOWN, text='70 + 30', units='pix', win=Window(...), wrapWidth=600)
6.4342 	EXP 	Created resp_trial18 = TextStim(__class__=<class 'psychopy.visual.text.TextStim'>, alignHoriz=method-wrapper(...), alignText='center', alignVert=method-wrapper(...), anchorHoriz='center', anchorVert='center', antialias=True, autoLog=True, bold=False, color=array([-1., -1., -1.]), colorSpace='rgb', contrast=1.0, depth=0, flipHoriz=False, flipVert=False, font='', fontFiles=[], height=50.0, italic=False, languageStyle='LTR', name='resp_trial18', opacity=1.0, ori=0.0, pos=array([0., 0.]), rgb=UNKNOWN, text='easy or difficult?', units='pix', win=Window(...), wrapWidth=600)
6.4354 	EXP 	Created task_trial19 = TextStim(__class__=<class 'psychopy.visual.text.TextStim'>, alignHoriz=method-wrapper(...), alignText='center', alignVert=method-wrapper(...), anchorHoriz='center', anchorVert='center', antialias=True, autoLog=True, bold=False, color=array([-1., -1., -1.]), colorSpace='rgb', contrast=1.0, depth=0, flipHoriz=False, flipVert=False, font='', fontFiles=[], height=50.0, italic=False, languageStyle='LTR', name='task_trial19', opacity=1.0, ori=0.0, pos=array([0., 0.]), rgb=UNKNOWN, text='car', units='pix', win=Window(...), wrapWidth=600)
6.4367 	EXP 	Created resp_trial19 = TextStim(__class__=<class 'psychopy.visual.text.TextStim'>, alignHoriz=method-wrapper(...), alignText='center', alignVert=method-wrapper(...), anchorHoriz='center', anchorVert='center', antialias=True, autoLog=True, bold=False, color=array([-1., -1., -1.]), colorSpace='rgb', contrast=1.0, depth=0, flipHoriz=False, flipVert=False, font='', fontFiles=[], height=50.0, italic=False, languageStyle='LTR', name='resp_trial19', opacity=1.0, ori=0.0, pos=array([0., 0.]), rgb=UNKNOWN, text='vague or vivid?', units='pix', win=Window(...), wrapWidth=600)
6.4379 	EXP 	Created task_trial20 = TextStim(__class__=<class 'psychopy.visual.text.TextStim'>, alignHoriz=method-wrapper(...), alignText='center', alignVert=method-wrapper(...), anchorHoriz='center', anchorVert='center', antialias=True, autoLog=True, bold=False, color=array([-1., -1., -1.]), colorSpace='rgb', contrast=1.0, depth=0, flipHoriz=False, flipVert=False, font='', fontFiles=[], height=50.0, italic=False, languageStyle='LTR', name='task_trial20', opacity=1.0, ori=0.0, pos=array([0., 0.]), rgb=UNKNOWN, text='63 + 45', units='pix', win=Window(...), wrapWidth=600)
6.4394 	EXP 	Created resp_trial20 = TextStim(__class__=<class 'psychopy.visual.text.TextStim'>, alignHoriz=method-wrapper(...), alignText='center', alignVert=method-wrapper(...), anchorHoriz='center', anchorVert='center', antialias=True, autoLog=True, bold=False, color=array([-1., -1., -1.]), colorSpace='rgb', contrast=1.0, depth=0, flipHoriz=False, flipVert=False, font='', fontFiles=[], height=50.0, italic=False, languageStyle='LTR', name='resp_trial20', opacity=1.0, ori=0.0, pos=array([0., 0.]), rgb=UNKNOWN, text='easy or difficult?', units='pix', win=Window(...), wrapWidth=600)
6.4410 	EXP 	Created task_trial21 = TextStim(__class__=<class 'psychopy.visual.text.TextStim'>, alignHoriz=method-wrapper(...), alignText='center', alignVert=method-wrapper(...), anchorHoriz='center', anchorVert='center', antialias=True, autoLog=True, bold=False, color=array([-1., -1., -1.]), colorSpace='rgb', contrast=1.0, depth=0, flipHoriz=False, flipVert=False, font='', fontFiles=[], height=50.0, italic=False, languageStyle='LTR', name='task_trial21', opacity=1.0, ori=0.0, pos=array([0., 0.]), rgb=UNKNOWN, text='Hike', units='pix', win=Window(...), wrapWidth=600)
6.4423 	EXP 	Created resp_trial21 = TextStim(__class__=<class 'psychopy.visual.text.TextStim'>, alignHoriz=method-wrapper(...), alignText='center', alignVert=method-wrapper(...), anchorHoriz='center', anchorVert='center', antialias=True, autoLog=True, bold=False, color=array([-1., -1., -1.]), colorSpace='rgb', contrast=1.0, depth=0, flipHoriz=False, flipVert=False, font='', fontFiles=[], height=50.0, italic=False, languageStyle='LTR', name='resp_trial21', opacity=1.0, ori=0.0, pos=array([0., 0.]), rgb=UNKNOWN, text='vague or vivid?', units='pix', win=Window(...), wrapWidth=600)
6.4436 	EXP 	Created task_trial22 = TextStim(__class__=<class 'psychopy.visual.text.TextStim'>, alignHoriz=method-wrapper(...), alignText='center', alignVert=method-wrapper(...), anchorHoriz='center', anchorVert='center', antialias=True, autoLog=True, bold=False, color=array([-1., -1., -1.]), colorSpace='rgb', contrast=1.0, depth=0, flipHoriz=False, flipVert=False, font='', fontFiles=[], height=50.0, italic=False, languageStyle='LTR', name='task_trial22', opacity=1.0, ori=0.0, pos=array([0., 0.]), rgb=UNKNOWN, text='21 * 4', units='pix', win=Window(...), wrapWidth=600)
6.4450 	EXP 	Created resp_trial22 = TextStim(__class__=<class 'psychopy.visual.text.TextStim'>, alignHoriz=method-wrapper(...), alignText='center', alignVert=method-wrapper(...), anchorHoriz='center', anchorVert='center', antialias=True, autoLog=True, bold=False, color=array([-1., -1., -1.]), colorSpace='rgb', contrast=1.0, depth=0, flipHoriz=False, flipVert=False, font='', fontFiles=[], height=50.0, italic=False, languageStyle='LTR', name='resp_trial22', opacity=1.0, ori=0.0, pos=array([0., 0.]), rgb=UNKNOWN, text='easy or difficult?', units='pix', win=Window(...), wrapWidth=600)
6.4461 	EXP 	Created task_trial23 = TextStim(__class__=<class 'psychopy.visual.text.TextStim'>, alignHoriz=method-wrapper(...), alignText='center', alignVert=method-wrapper(...), anchorHoriz='center', anchorVert='center', antialias=True, autoLog=True, bold=False, color=array([-1., -1., -1.]), colorSpace='rgb', contrast=1.0, depth=0, flipHoriz=False, flipVert=False, font='', fontFiles=[], height=50.0, italic=False, languageStyle='LTR', name='task_trial23', opacity=1.0, ori=0.0, pos=array([0., 0.]), rgb=UNKNOWN, text='FOREST', units='pix', win=Window(...), wrapWidth=600)
6.4474 	EXP 	Created resp_trial23 = TextStim(__class__=<class 'psychopy.visual.text.TextStim'>, alignHoriz=method-wrapper(...), alignText='center', alignVert=method-wrapper(...), anchorHoriz='center', anchorVert='center', antialias=True, autoLog=True, bold=False, color=array([-1., -1., -1.]), colorSpace='rgb', contrast=1.0, depth=0, flipHoriz=False, flipVert=False, font='', fontFiles=[], height=50.0, italic=False, languageStyle='LTR', name='resp_trial23', opacity=1.0, ori=0.0, pos=array([0., 0.]), rgb=UNKNOWN, text='vague or vivid?', units='pix', win=Window(...), wrapWidth=600)
6.4486 	EXP 	Created task_trial24 = TextStim(__class__=<class 'psychopy.visual.text.TextStim'>, alignHoriz=method-wrapper(...), alignText='center', alignVert=method-wrapper(...), anchorHoriz='center', anchorVert='center', antialias=True, autoLog=True, bold=False, color=array([-1., -1., -1.]), colorSpace='rgb', contrast=1.0, depth=0, flipHoriz=False, flipVert=False, font='', fontFiles=[], height=50.0, italic=False, languageStyle='LTR', name='task_trial24', opacity=1.0, ori=0.0, pos=array([0., 0.]), rgb=UNKNOWN, text='71 - 26', units='pix', win=Window(...), wrapWidth=600)
6.4500 	EXP 	Created resp_trial24 = TextStim(__class__=<class 'psychopy.visual.text.TextStim'>, alignHoriz=method-wrapper(...), alignText='center', alignVert=method-wrapper(...), anchorHoriz='center', anchorVert='center', antialias=True, autoLog=True, bold=False, color=array([-1., -1., -1.]), colorSpace='rgb', contrast=1.0, depth=0, flipHoriz=False, flipVert=False, font='', fontFiles=[], height=50.0, italic=False, languageStyle='LTR', name='resp_trial24', opacity=1.0, ori=0.0, pos=array([0., 0.]), rgb=UNKNOWN, text='easy or difficult?', units='pix', win=Window(...), wrapWidth=600)
6.4515 	EXP 	Created task_trial25 = TextStim(__class__=<class 'psychopy.visual.text.TextStim'>, alignHoriz=method-wrapper(...), alignText='center', alignVert=method-wrapper(...), anchorHoriz='center', anchorVert='center', antialias=True, autoLog=True, bold=False, color=array([-1., -1., -1.]), colorSpace='rgb', contrast=1.0, depth=0, flipHoriz=False, flipVert=False, font='', fontFiles=[], height=50.0, italic=False, languageStyle='LTR', name='task_trial25', opacity=1.0, ori=0.0, pos=array([0., 0.]), rgb=UNKNOWN, text='COFFEE', units='pix', win=Window(...), wrapWidth=600)
6.4528 	EXP 	Created resp_trial25 = TextStim(__class__=<class 'psychopy.visual.text.TextStim'>, alignHoriz=method-wrapper(...), alignText='center', alignVert=method-wrapper(...), anchorHoriz='center', anchorVert='center', antialias=True, autoLog=True, bold=False, color=array([-1., -1., -1.]), colorSpace='rgb', contrast=1.0, depth=0, flipHoriz=False, flipVert=False, font='', fontFiles=[], height=50.0, italic=False, languageStyle='LTR', name='resp_trial25', opacity=1.0, ori=0.0, pos=array([0., 0.]), rgb=UNKNOWN, text='vague or vivid?', units='pix', win=Window(...), wrapWidth=600)
6.4539 	EXP 	Created task_trial26 = TextStim(__class__=<class 'psychopy.visual.text.TextStim'>, alignHoriz=method-wrapper(...), alignText='center', alignVert=method-wrapper(...), anchorHoriz='center', anchorVert='center', antialias=True, autoLog=True, bold=False, color=array([-1., -1., -1.]), colorSpace='rgb', contrast=1.0, depth=0, flipHoriz=False, flipVert=False, font='', fontFiles=[], height=50.0, italic=False, languageStyle='LTR', name='task_trial26', opacity=1.0, ori=0.0, pos=array([0., 0.]), rgb=UNKNOWN, text='23 + 28', units='pix', win=Window(...), wrapWidth=600)
6.4554 	EXP 	Created resp_trial26 = TextStim(__class__=<class 'psychopy.visual.text.TextStim'>, alignHoriz=method-wrapper(...), alignText='center', alignVert=method-wrapper(...), anchorHoriz='center', anchorVert='center', antialias=True, autoLog=True, bold=False, color=array([-1., -1., -1.]), colorSpace='rgb', contrast=1.0, depth=0, flipHoriz=False, flipVert=False, font='', fontFiles=[], height=50.0, italic=False, languageStyle='LTR', name='resp_trial26', opacity=1.0, ori=0.0, pos=array([0., 0.]), rgb=UNKNOWN, text='easy or difficult?', units='pix', win=Window(...), wrapWidth=600)
6.4568 	EXP 	Created task_trial27 = TextStim(__class__=<class 'psychopy.visual.text.TextStim'>, alignHoriz=method-wrapper(...), alignText='center', alignVert=method-wrapper(...), anchorHoriz='center', anchorVert='center', antialias=True, autoLog=True, bold=False, color=array([-1., -1., -1.]), colorSpace='rgb', contrast=1.0, depth=0, flipHoriz=False, flipVert=False, font='', fontFiles=[], height=50.0, italic=False, languageStyle='LTR', name='task_trial27', opacity=1.0, ori=0.0, pos=array([0., 0.]), rgb=UNKNOWN, text='GARDEN', units='pix', win=Window(...), wrapWidth=600)
6.4581 	EXP 	Created resp_trial27 = TextStim(__class__=<class 'psychopy.visual.text.TextStim'>, alignHoriz=method-wrapper(...), alignText='center', alignVert=method-wrapper(...), anchorHoriz='center', anchorVert='center', antialias=True, autoLog=True, bold=False, color=array([-1., -1., -1.]), colorSpace='rgb', contrast=1.0, depth=0, flipHoriz=False, flipVert=False, font='', fontFiles=[], height=50.0, italic=False, languageStyle='LTR', name='resp_trial27', opacity=1.0, ori=0.0, pos=array([0., 0.]), rgb=UNKNOWN, text='vague or vivid?', units='pix', win=Window(...), wrapWidth=600)
6.4593 	EXP 	Created task_trial28 = TextStim(__class__=<class 'psychopy.visual.text.TextStim'>, alignHoriz=method-wrapper(...), alignText='center', alignVert=method-wrapper(...), anchorHoriz='center', anchorVert='center', antialias=True, autoLog=True, bold=False, color=array([-1., -1., -1.]), colorSpace='rgb', contrast=1.0, depth=0, flipHoriz=False, flipVert=False, font='', fontFiles=[], height=50.0, italic=False, languageStyle='LTR', name='task_trial28', opacity=1.0, ori=0.0, pos=array([0., 0.]), rgb=UNKNOWN, text='36 + 65', units='pix', win=Window(...), wrapWidth=600)
6.4610 	EXP 	Created resp_trial28 = TextStim(__class__=<class 'psychopy.visual.text.TextStim'>, alignHoriz=method-wrapper(...), alignText='center', alignVert=method-wrapper(...), anchorHoriz='center', anchorVert='center', antialias=True, autoLog=True, bold=False, color=array([-1., -1., -1.]), colorSpace='rgb', contrast=1.0, depth=0, flipHoriz=False, flipVert=False, font='', fontFiles=[], height=50.0, italic=False, languageStyle='LTR', name='resp_trial28', opacity=1.0, ori=0.0, pos=array([0., 0.]), rgb=UNKNOWN, text='easy or difficult?', units='pix', win=Window(...), wrapWidth=600)
6.4623 	EXP 	Created task_trial29 = TextStim(__class__=<class 'psychopy.visual.text.TextStim'>, alignHoriz=method-wrapper(...), alignText='center', alignVert=method-wrapper(...), anchorHoriz='center', anchorVert='center', antialias=True, autoLog=True, bold=False, color=array([-1., -1., -1.]), colorSpace='rgb', contrast=1.0, depth=0, flipHoriz=False, flipVert=False, font='', fontFiles=[], height=50.0, italic=False, languageStyle='LTR', name='task_trial29', opacity=1.0, ori=0.0, pos=array([0., 0.]), rgb=UNKNOWN, text='FIRE', units='pix', win=Window(...), wrapWidth=600)
6.4636 	EXP 	Created resp_trial29 = TextStim(__class__=<class 'psychopy.visual.text.TextStim'>, alignHoriz=method-wrapper(...), alignText='center', alignVert=method-wrapper(...), anchorHoriz='center', anchorVert='center', antialias=True, autoLog=True, bold=False, color=array([-1., -1., -1.]), colorSpace='rgb', contrast=1.0, depth=0, flipHoriz=False, flipVert=False, font='', fontFiles=[], height=50.0, italic=False, languageStyle='LTR', name='resp_trial29', opacity=1.0, ori=0.0, pos=array([0., 0.]), rgb=UNKNOWN, text='vague or vivid?', units='pix', win=Window(...), wrapWidth=600)
6.4648 	EXP 	Created task_trial30 = TextStim(__class__=<class 'psychopy.visual.text.TextStim'>, alignHoriz=method-wrapper(...), alignText='center', alignVert=method-wrapper(...), anchorHoriz='center', anchorVert='center', antialias=True, autoLog=True, bold=False, color=array([-1., -1., -1.]), colorSpace='rgb', contrast=1.0, depth=0, flipHoriz=False, flipVert=False, font='', fontFiles=[], height=50.0, italic=False, languageStyle='LTR', name='task_trial30', opacity=1.0, ori=0.0, pos=array([0., 0.]), rgb=UNKNOWN, text='75 / 5', units='pix', win=Window(...), wrapWidth=600)
6.4662 	EXP 	Created resp_trial30 = TextStim(__class__=<class 'psychopy.visual.text.TextStim'>, alignHoriz=method-wrapper(...), alignText='center', alignVert=method-wrapper(...), anchorHoriz='center', anchorVert='center', antialias=True, autoLog=True, bold=False, color=array([-1., -1., -1.]), colorSpace='rgb', contrast=1.0, depth=0, flipHoriz=False, flipVert=False, font='', fontFiles=[], height=50.0, italic=False, languageStyle='LTR', name='resp_trial30', opacity=1.0, ori=0.0, pos=array([0., 0.]), rgb=UNKNOWN, text='easy or difficult?', units='pix', win=Window(...), wrapWidth=600)
6.4691 	EXP 	Created fix0 = TextStim(__class__=<class 'psychopy.visual.text.TextStim'>, alignHoriz=method-wrapper(...), alignText='center', alignVert=method-wrapper(...), anchorHoriz='center', anchorVert='center', antialias=True, autoLog=True, bold=False, color=array([0.6549, 0.6549, 0.6549]), colorSpace='rgb', contrast=1.0, depth=-1.0, flipHoriz=False, flipVert=False, font='Open Sans', fontFiles=[], height=1.5, italic=False, languageStyle='LTR', name='fix0', opacity=1, ori=0.0, pos=array([0., 0.]), rgb=UNKNOWN, text='+', units='cm', win=Window(...), wrapWidth=15.0)
6.4701 	EXP 	Created fix1 = TextStim(__class__=<class 'psychopy.visual.text.TextStim'>, alignHoriz=method-wrapper(...), alignText='center', alignVert=method-wrapper(...), anchorHoriz='center', anchorVert='center', antialias=True, autoLog=True, bold=False, color=array([-1., -1., -1.]), colorSpace='rgb', contrast=1.0, depth=-2.0, flipHoriz=False, flipVert=False, font='Open Sans', fontFiles=[], height=1.5, italic=False, languageStyle='LTR', name='fix1', opacity=1, ori=0.0, pos=array([0., 0.]), rgb=UNKNOWN, text='+', units='cm', win=Window(...), wrapWidth=15.0)
44.2272 	DATA 	Keypress: t
44.2471 	WARNING 	t of last frame was 44222.87ms (=1/0)
44.2471 	EXP 	rest
46.9479 	DATA 	Keypress: t
46.9646 	WARNING 	t of last frame was 2717.53ms (=1/0)
46.9646 	EXP 	rest
49.6624 	DATA 	Keypress: t
49.6782 	WARNING 	t of last frame was 2713.61ms (=1/0)
49.6782 	EXP 	rest
52.3815 	DATA 	Keypress: t
52.3977 	WARNING 	t of last frame was 2719.48ms (=1/0)
52.3977 	EXP 	rest
55.1002 	DATA 	Keypress: t
55.1159 	WARNING 	Multiple dropped frames have occurred - I'll stop bothering you about them!
55.1159 	EXP 	rest
57.8183 	DATA 	Keypress: t
57.8343 	EXP 	rest
60.5377 	DATA 	Keypress: t
60.5547 	EXP 	task am
63.2556 	DATA 	Keypress: t
63.2722 	EXP 	task am
65.9749 	DATA 	Keypress: t
65.9914 	EXP 	task am
68.6935 	DATA 	Keypress: t
68.7102 	EXP 	task am
71.4115 	DATA 	Keypress: t
71.4278 	EXP 	task am
74.1305 	DATA 	Keypress: t
74.1478 	EXP 	task am
76.8484 	DATA 	Keypress: t
76.8658 	EXP 	rest
79.5678 	DATA 	Keypress: t
79.5845 	EXP 	rest
82.2865 	DATA 	Keypress: t
82.3026 	EXP 	rest
85.0045 	DATA 	Keypress: t
85.0199 	EXP 	rest
87.7239 	DATA 	Keypress: t
87.7410 	EXP 	rest
90.4414 	DATA 	Keypress: t
90.4575 	EXP 	rest
93.1605 	DATA 	Keypress: t
93.1773 	EXP 	task ma
95.8794 	DATA 	Keypress: t
95.8949 	EXP 	task ma
98.5976 	DATA 	Keypress: t
98.6136 	EXP 	task ma
101.3168 	DATA 	Keypress: t
101.3329 	EXP 	task ma
104.0355 	DATA 	Keypress: t
104.0516 	EXP 	task ma
106.7537 	DATA 	Keypress: t
106.7705 	EXP 	task ma
109.4725 	DATA 	Keypress: t
109.4885 	EXP 	rest
112.1906 	DATA 	Keypress: t
112.2069 	EXP 	rest
114.9097 	DATA 	Keypress: t
114.9258 	EXP 	rest
117.6285 	DATA 	Keypress: t
117.6444 	EXP 	rest
120.3468 	DATA 	Keypress: t
120.3630 	EXP 	rest
123.0655 	DATA 	Keypress: t
123.0813 	EXP 	rest
125.7835 	DATA 	Keypress: t
125.7995 	EXP 	task am
128.5035 	DATA 	Keypress: t
128.5210 	EXP 	task am
131.2217 	DATA 	Keypress: t
131.2378 	EXP 	task am
133.9399 	DATA 	Keypress: t
133.9567 	EXP 	task am
136.6587 	DATA 	Keypress: t
136.6746 	EXP 	task am
139.3767 	DATA 	Keypress: t
139.3923 	EXP 	task am
141.8527 	DATA 	Keypress: y
142.0952 	DATA 	Keypress: t
142.1114 	EXP 	rest
144.8146 	DATA 	Keypress: t
144.8305 	EXP 	rest
147.5329 	DATA 	Keypress: t
147.5501 	EXP 	rest
150.2516 	DATA 	Keypress: t
150.2670 	EXP 	rest
152.9697 	DATA 	Keypress: t
152.9856 	EXP 	rest
155.6888 	DATA 	Keypress: t
155.7052 	EXP 	rest
158.4077 	DATA 	Keypress: t
158.4238 	EXP 	task ma
160.8229 	DATA 	Keypress: y
161.1252 	DATA 	Keypress: t
161.1427 	EXP 	task ma
163.8447 	DATA 	Keypress: t
163.8609 	EXP 	task ma
166.5636 	DATA 	Keypress: t
166.5795 	EXP 	task ma
169.2819 	DATA 	Keypress: t
169.2981 	EXP 	task ma
172.0003 	DATA 	Keypress: t
172.0163 	EXP 	task ma
174.7190 	DATA 	Keypress: t
174.7357 	EXP 	rest
177.4377 	DATA 	Keypress: t
177.4539 	EXP 	rest
180.1567 	DATA 	Keypress: t
180.1723 	EXP 	rest
182.8753 	DATA 	Keypress: t
182.8918 	EXP 	rest
185.5938 	DATA 	Keypress: t
185.6094 	EXP 	rest
188.3118 	DATA 	Keypress: t
188.3278 	EXP 	rest
191.0311 	DATA 	Keypress: t
191.0483 	EXP 	task am
193.7497 	DATA 	Keypress: t
193.7657 	EXP 	task am
194.2805 	DATA 	Keypress: y
196.4680 	DATA 	Keypress: t
196.4846 	EXP 	task am
199.1870 	DATA 	Keypress: t
199.2032 	EXP 	task am
201.9056 	DATA 	Keypress: t
201.9227 	EXP 	task am
204.6241 	DATA 	Keypress: t
204.6404 	EXP 	task am
207.3428 	DATA 	Keypress: t
207.3591 	EXP 	rest
210.0612 	DATA 	Keypress: t
210.0782 	EXP 	rest
212.7797 	DATA 	Keypress: t
212.7959 	EXP 	rest
215.4989 	DATA 	Keypress: t
215.5149 	EXP 	rest
218.2172 	DATA 	Keypress: t
218.2341 	EXP 	rest
220.9359 	DATA 	Keypress: t
220.9523 	EXP 	rest
223.6540 	DATA 	Keypress: t
223.6706 	EXP 	task ma
225.6249 	DATA 	Keypress: y
226.3726 	DATA 	Keypress: t
226.3884 	EXP 	task ma
229.0918 	DATA 	Keypress: t
229.1076 	EXP 	task ma
231.8103 	DATA 	Keypress: t
231.8269 	EXP 	task ma
234.5290 	DATA 	Keypress: t
234.5451 	EXP 	task ma
237.2472 	DATA 	Keypress: t
237.2643 	EXP 	task ma
239.9659 	DATA 	Keypress: t
239.9820 	EXP 	rest
242.6851 	DATA 	Keypress: t
242.7019 	EXP 	rest
245.4033 	DATA 	Keypress: t
245.4195 	EXP 	rest
248.1220 	DATA 	Keypress: t
248.1381 	EXP 	rest
250.8403 	DATA 	Keypress: t
250.8573 	EXP 	rest
253.5591 	DATA 	Keypress: t
253.5753 	EXP 	rest
256.2779 	DATA 	Keypress: t
256.2940 	EXP 	task am
258.9961 	DATA 	Keypress: t
259.0124 	EXP 	task am
261.7149 	DATA 	Keypress: t
261.7314 	EXP 	task am
264.4341 	DATA 	Keypress: t
264.4500 	EXP 	task am
267.1524 	DATA 	Keypress: t
267.1691 	EXP 	task am
269.8711 	DATA 	Keypress: t
269.8870 	EXP 	task am
272.5895 	DATA 	Keypress: t
272.6056 	EXP 	rest
272.8947 	DATA 	Keypress: y
275.3080 	DATA 	Keypress: t
275.3239 	EXP 	rest
278.0269 	DATA 	Keypress: t
278.0430 	EXP 	rest
280.7455 	DATA 	Keypress: t
280.7623 	EXP 	rest
283.4640 	DATA 	Keypress: t
283.4799 	EXP 	rest
286.1822 	DATA 	Keypress: t
286.1994 	EXP 	rest
288.9011 	DATA 	Keypress: t
288.9166 	EXP 	task ma
291.6201 	DATA 	Keypress: t
291.6361 	EXP 	task ma
293.0664 	DATA 	Keypress: y
294.3380 	DATA 	Keypress: t
294.3559 	EXP 	task ma
297.0572 	DATA 	Keypress: t
297.0737 	EXP 	task ma
299.7756 	DATA 	Keypress: t
299.7925 	EXP 	task ma
302.4943 	DATA 	Keypress: t
302.5098 	EXP 	task ma
305.2130 	DATA 	Keypress: t
305.2289 	EXP 	rest
307.9312 	DATA 	Keypress: t
307.9477 	EXP 	rest
310.6501 	DATA 	Keypress: t
310.6659 	EXP 	rest
313.3694 	DATA 	Keypress: t
313.3859 	EXP 	rest
316.0870 	DATA 	Keypress: t
316.1032 	EXP 	rest
318.8061 	DATA 	Keypress: t
318.8218 	EXP 	rest
321.5247 	DATA 	Keypress: t
321.5415 	EXP 	task am
324.2432 	DATA 	Keypress: t
324.2591 	EXP 	task am
326.3832 	DATA 	Keypress: y
326.9623 	DATA 	Keypress: t
326.9800 	EXP 	task am
329.6802 	DATA 	Keypress: t
329.6967 	EXP 	task am
332.3993 	DATA 	Keypress: t
332.4153 	EXP 	task am
335.1175 	DATA 	Keypress: t
335.1349 	EXP 	task am
337.8361 	DATA 	Keypress: t
337.8524 	EXP 	rest
340.5558 	DATA 	Keypress: t
340.5730 	EXP 	rest
343.2733 	DATA 	Keypress: t
343.2894 	EXP 	rest
345.9922 	DATA 	Keypress: t
346.0090 	EXP 	rest
348.7103 	DATA 	Keypress: t
348.7267 	EXP 	rest
351.4293 	DATA 	Keypress: t
351.4455 	EXP 	rest
354.1483 	DATA 	Keypress: t
354.1647 	EXP 	task ma
356.8662 	DATA 	Keypress: t
356.8822 	EXP 	task ma
359.5853 	DATA 	Keypress: t
359.6012 	EXP 	task ma
360.1367 	DATA 	Keypress: y
362.3033 	DATA 	Keypress: t
362.3195 	EXP 	task ma
365.0224 	DATA 	Keypress: t
365.0384 	EXP 	task ma
367.7415 	DATA 	Keypress: t
367.7584 	EXP 	task ma
370.4593 	DATA 	Keypress: t
370.4768 	EXP 	rest
373.1783 	DATA 	Keypress: t
373.1943 	EXP 	rest
375.8979 	DATA 	Keypress: t
375.9145 	EXP 	rest
378.6153 	DATA 	Keypress: t
378.6310 	EXP 	rest
381.3343 	DATA 	Keypress: t
381.3507 	EXP 	rest
384.0522 	DATA 	Keypress: t
384.0682 	EXP 	rest
386.7714 	DATA 	Keypress: t
386.7878 	EXP 	task am
389.4908 	DATA 	Keypress: t
389.5072 	EXP 	task am
391.5675 	DATA 	Keypress: y
392.2080 	DATA 	Keypress: t
392.2241 	EXP 	task am
394.9277 	DATA 	Keypress: t
394.9454 	EXP 	task am
397.6454 	DATA 	Keypress: t
397.6618 	EXP 	task am
400.3644 	DATA 	Keypress: t
400.3804 	EXP 	task am
403.0835 	DATA 	Keypress: t
403.0997 	EXP 	rest
405.8015 	DATA 	Keypress: t
405.8171 	EXP 	rest
408.5206 	DATA 	Keypress: t
408.5368 	EXP 	rest
411.2389 	DATA 	Keypress: t
411.2553 	EXP 	rest
413.9575 	DATA 	Keypress: t
413.9734 	EXP 	rest
416.6768 	DATA 	Keypress: t
416.6931 	EXP 	rest
419.3945 	DATA 	Keypress: t
419.4112 	EXP 	task ma
422.1135 	DATA 	Keypress: t
422.1291 	EXP 	task ma
423.6511 	DATA 	Keypress: y
424.8313 	DATA 	Keypress: t
424.8477 	EXP 	task ma
427.5504 	DATA 	Keypress: t
427.5665 	EXP 	task ma
430.2695 	DATA 	Keypress: t
430.2864 	EXP 	task ma
432.9873 	DATA 	Keypress: t
433.0027 	EXP 	task ma
435.7064 	DATA 	Keypress: t
435.7225 	EXP 	rest
438.4251 	DATA 	Keypress: t
438.4416 	EXP 	rest
441.1435 	DATA 	Keypress: t
441.1595 	EXP 	rest
443.8630 	DATA 	Keypress: t
443.8796 	EXP 	rest
446.3996 	DATA 	Keypress: y
446.5800 	DATA 	Keypress: t
446.5962 	EXP 	rest
449.2995 	DATA 	Keypress: t
449.3154 	EXP 	rest
452.0188 	DATA 	Keypress: t
452.0356 	EXP 	task am
454.7366 	DATA 	Keypress: t
454.7530 	EXP 	task am
457.4560 	DATA 	Keypress: t
457.4726 	EXP 	task am
460.1735 	DATA 	Keypress: t
460.1898 	EXP 	task am
462.8925 	DATA 	Keypress: t
462.9089 	EXP 	task am
465.6121 	DATA 	Keypress: t
465.6288 	EXP 	task am
468.3294 	DATA 	Keypress: t
468.3451 	EXP 	rest
471.0490 	DATA 	Keypress: t
471.0651 	EXP 	rest
473.7666 	DATA 	Keypress: t
473.7850 	EXP 	rest
476.4858 	DATA 	Keypress: t
476.5019 	EXP 	rest
479.2046 	DATA 	Keypress: t
479.2210 	EXP 	rest
481.9227 	DATA 	Keypress: t
481.9392 	EXP 	rest
484.6420 	DATA 	Keypress: t
484.6595 	EXP 	task ma
486.3476 	DATA 	Keypress: y
487.3595 	DATA 	Keypress: t
487.3757 	EXP 	task ma
490.0787 	DATA 	Keypress: t
490.0946 	EXP 	task ma
492.7982 	DATA 	Keypress: t
492.8147 	EXP 	task ma
495.5156 	DATA 	Keypress: t
495.5318 	EXP 	task ma
498.2347 	DATA 	Keypress: t
498.2508 	EXP 	task ma
500.9536 	DATA 	Keypress: t
500.9696 	EXP 	rest
503.6717 	DATA 	Keypress: t
503.6877 	EXP 	rest
506.3912 	DATA 	Keypress: t
506.4081 	EXP 	rest
509.1087 	DATA 	Keypress: t
509.1249 	EXP 	rest
511.8281 	DATA 	Keypress: t
511.8446 	EXP 	rest
514.5467 	DATA 	Keypress: t
514.5628 	EXP 	rest
517.2646 	DATA 	Keypress: t
517.2808 	EXP 	task am
519.9842 	DATA 	Keypress: t
520.0007 	EXP 	task am
522.7017 	DATA 	Keypress: t
522.7178 	EXP 	task am
525.4209 	DATA 	Keypress: t
525.4376 	EXP 	task am
528.1397 	DATA 	Keypress: t
528.1559 	EXP 	task am
530.8576 	DATA 	Keypress: t
530.8738 	EXP 	task am
533.5772 	DATA 	Keypress: t
533.5939 	EXP 	rest
536.2948 	DATA 	Keypress: t
536.3107 	EXP 	rest
539.0141 	DATA 	Keypress: t
539.0307 	EXP 	rest
541.7331 	DATA 	Keypress: t
541.7500 	EXP 	rest
544.4508 	DATA 	Keypress: t
544.4665 	EXP 	rest
547.1699 	DATA 	Keypress: t
547.1888 	EXP 	rest
549.8879 	DATA 	Keypress: t
549.9040 	EXP 	task ma
552.6069 	DATA 	Keypress: t
552.6233 	EXP 	task ma
555.3263 	DATA 	Keypress: t
555.3425 	EXP 	task ma
558.0439 	DATA 	Keypress: t
558.0603 	EXP 	task ma
560.7631 	DATA 	Keypress: t
560.7802 	EXP 	task ma
563.4819 	DATA 	Keypress: t
563.4983 	EXP 	task ma
566.1999 	DATA 	Keypress: t
566.2158 	EXP 	rest
568.9189 	DATA 	Keypress: t
568.9348 	EXP 	rest
571.6369 	DATA 	Keypress: t
571.6525 	EXP 	rest
574.3561 	DATA 	Keypress: t
574.3724 	EXP 	rest
577.0748 	DATA 	Keypress: t
577.0906 	EXP 	rest
579.7932 	DATA 	Keypress: t
579.8103 	EXP 	rest
582.5126 	DATA 	Keypress: t
582.5296 	EXP 	task am
585.2299 	DATA 	Keypress: t
585.2460 	EXP 	task am
587.9492 	DATA 	Keypress: t
587.9659 	EXP 	task am
590.6679 	DATA 	Keypress: t
590.6836 	EXP 	task am
593.3860 	DATA 	Keypress: t
593.4020 	EXP 	task am
596.1053 	DATA 	Keypress: t
596.1215 	EXP 	task am
598.8230 	DATA 	Keypress: t
598.8393 	EXP 	rest
601.5423 	DATA 	Keypress: t
601.5589 	EXP 	rest
604.2610 	DATA 	Keypress: t
604.2770 	EXP 	rest
606.9791 	DATA 	Keypress: t
606.9974 	EXP 	rest
609.6984 	DATA 	Keypress: t
609.7152 	EXP 	rest
612.4160 	DATA 	Keypress: t
612.4325 	EXP 	rest
615.1351 	DATA 	Keypress: t
615.1519 	EXP 	task ma
617.8540 	DATA 	Keypress: t
617.8701 	EXP 	task ma
620.5720 	DATA 	Keypress: t
620.5881 	EXP 	task ma
623.2914 	DATA 	Keypress: t
623.3080 	EXP 	task ma
626.0101 	DATA 	Keypress: t
626.0258 	EXP 	task ma
628.7284 	DATA 	Keypress: t
628.7448 	EXP 	task ma
631.4471 	DATA 	Keypress: t
631.4634 	EXP 	rest
634.1651 	DATA 	Keypress: t
634.1814 	EXP 	rest
636.8845 	DATA 	Keypress: t
636.9013 	EXP 	rest
639.6030 	DATA 	Keypress: t
639.6190 	EXP 	rest
642.3212 	DATA 	Keypress: t
642.3378 	EXP 	rest
645.0401 	DATA 	Keypress: t
645.0554 	EXP 	rest
647.7581 	DATA 	Keypress: t
647.7769 	EXP 	task am
650.4774 	DATA 	Keypress: t
650.4943 	EXP 	task am
653.1962 	DATA 	Keypress: t
653.2124 	EXP 	task am
655.9146 	DATA 	Keypress: t
655.9307 	EXP 	task am
658.6332 	DATA 	Keypress: t
658.6492 	EXP 	task am
661.3511 	DATA 	Keypress: t
661.3671 	EXP 	task am
664.0704 	DATA 	Keypress: t
664.0868 	EXP 	rest
666.7891 	DATA 	Keypress: t
666.8049 	EXP 	rest
669.5072 	DATA 	Keypress: t
669.5232 	EXP 	rest
672.2268 	DATA 	Keypress: t
672.2431 	EXP 	rest
674.9454 	DATA 	Keypress: t
674.9616 	EXP 	rest
677.6633 	DATA 	Keypress: t
677.6795 	EXP 	rest
680.3823 	DATA 	Keypress: t
680.3986 	EXP 	task ma
683.1002 	DATA 	Keypress: t
683.1160 	EXP 	task ma
685.8196 	DATA 	Keypress: t
685.8360 	EXP 	task ma
688.5384 	DATA 	Keypress: t
688.5544 	EXP 	task ma
691.2565 	DATA 	Keypress: t
691.2746 	EXP 	task ma
693.9753 	DATA 	Keypress: t
693.9914 	EXP 	task ma
696.6932 	DATA 	Keypress: t
696.7093 	EXP 	rest
699.4126 	DATA 	Keypress: t
699.4296 	EXP 	rest
702.1314 	DATA 	Keypress: t
702.1476 	EXP 	rest
704.8495 	DATA 	Keypress: t
704.8686 	EXP 	rest
707.5685 	DATA 	Keypress: t
707.5857 	EXP 	rest
710.2862 	DATA 	Keypress: t
710.3022 	EXP 	rest
713.0050 	DATA 	Keypress: t
713.0211 	EXP 	task am
715.7243 	DATA 	Keypress: t
715.7410 	EXP 	task am
718.4428 	DATA 	Keypress: t
718.4591 	EXP 	task am
721.1613 	DATA 	Keypress: t
721.1773 	EXP 	task am
726.9666 	DATA 	Keypress: y
728.3117 	DATA 	Keypress: q
728.6496 	DATA 	Keypress: t
728.6787 	EXP 	window1: mouseVisible = True
