6.6670 	INFO 	---START PARAMETERS---
6.6670 	INFO 	filename: LetterOrderTask_d5-subCEL-sess2-Dec_14_1449
6.6670 	INFO 	subject: CEL
6.6670 	INFO 	session: 2
6.6670 	INFO 	date: Dec_14_1449
6.6671 	INFO 	catchProb: 0.0
6.6671 	INFO 	cueDur: 1.0
6.6671 	INFO 	cues: ['REMEMBER', 'ALPHABETIZE']
6.6671 	INFO 	fixCrossPos: [0, 0]
6.6671 	INFO 	fixCrossSize: 50
6.6671 	INFO 	fullScreen: True
6.6671 	INFO 	letters: ABCDEFGHIJKLMNOPQRSTUVWXYZ
6.6671 	INFO 	maxDelayDur: 9.0
6.6671 	INFO 	maxISI: 16.0
6.6671 	INFO 	minDelayDur: 9.0
6.6671 	INFO 	minISI: 16.0
6.6671 	INFO 	nLetters: 5
6.6671 	INFO 	pauseDur: 1.5
6.6671 	INFO 	promptDir: Prompts/
6.6671 	INFO 	promptFile: LetterOrderPrompts_5button.txt
6.6671 	INFO 	rememberProb: 0.0
6.6671 	INFO 	respKeys: ['1', '2', '3', '4', '6']
6.6671 	INFO 	screenColor: (128, 128, 128)
6.6672 	INFO 	screenToShow: 0
6.6672 	INFO 	sessionDur: 656.0
6.6672 	INFO 	skipPrompts: True
6.6672 	INFO 	stringDur: 2.5
6.6672 	INFO 	tCoolDown: 8.0
6.6672 	INFO 	tStartup: 8.0
6.6672 	INFO 	testDur: 2.0
6.6672 	INFO 	triggerKey: 5
6.6672 	INFO 	---END PARAMETERS---
6.7279 	WARNING 	Movie2 stim could not be imported and won't be available
7.2535 	INFO 	Loaded monitor calibration from ['2015_12_02 12:18']
7.7061 	EXP 	Created win = Window(allowGUI=False, allowStencil=False, autoLog=True, bitsMode=UNKNOWN, blendMode='avg', color=array([ 128.,  128.,  128.]), colorSpace='rgb255', fullscr=UNKNOWN, gamma=None, lms=UNKNOWN, monitor=<psychopy.monitors.calibTools.Monitor instance at 0x13826f30>, name='win', pos=[0, 0], screen=0, size=array([1024,  768]), stereo=False, units='deg', useFBO=False, viewOri=0.0, viewPos=None, viewScale=None, waitBlanking=True, winType='pyglet')
7.7082 	EXP 	Created fixCross = ShapeStim(autoDraw=False, autoLog=True, closeShape=False, contrast=1.0, depth=0, fillColor=None, fillColorSpace='rgb', fillRGB=None, interpolate=True, lineColor='#000000', lineColorSpace='hex', lineRGB=array([0, 0, 0]), lineWidth=3.0, name='fixCross', opacity=1.0, ori=array(0.0), pos=array([ 0.,  0.]), size=array([ 1.,  1.]), units='pix', vertices=ndarray(...), win=Window(...))
7.7533 	EXP 	Created topMsg = TextStim(alignHoriz='center', alignVert='center', antialias=True, autoLog=True, bold=False, color='#000000', colorSpace='hex', contrast=1.0, depth=0, flipHoriz=False, flipVert=False, font='', fontFiles=[], height=0.1, italic=False, name='topMsg', opacity=1.0, ori=0.0, pos=array([ 0. ,  0.5]), rgb=array([0, 0, 0]), text=u'aaa', units='norm', win=Window(...), wrapWidth=1.5)
7.7566 	EXP 	Created bottomMsg = TextStim(alignHoriz='center', alignVert='center', antialias=True, autoLog=True, bold=False, color='#000000', colorSpace='hex', contrast=1.0, depth=0, flipHoriz=False, flipVert=False, font='', fontFiles=[], height=0.1, italic=False, name='bottomMsg', opacity=1.0, ori=0.0, pos=array([ 0. , -0.5]), rgb=array([0, 0, 0]), text=u'bbb', units='norm', win=Window(...), wrapWidth=1.5)
7.7589 	EXP 	Created mainText = TextStim(alignHoriz='center', alignVert='center', antialias=True, autoLog=True, bold=False, color='#000000', colorSpace='hex', contrast=1.0, depth=0, flipHoriz=False, flipVert=False, font='', fontFiles=[], height=0.1, italic=False, name='mainText', opacity=1.0, ori=0.0, pos=array([ 0.,  0.]), rgb=array([0, 0, 0]), text=u'bbb', units='norm', win=Window(...), wrapWidth=3.5)
7.7878 	EXP 	topMsg: text = 'Waiting for scanner to start...'
7.7878 	EXP 	bottomMsg: text = "(Press '5' to override.)"
7.7878 	EXP 	Display WaitingForScanner
32.0460 	DATA 	Keypress: 5
32.0686 	EXP 	Display fixation
32.0692 	EXP 	---START EXPERIMENT---
32.0696 	EXP 	trial: iTrial = 1, isRemember = 1, delayDur = 9.0, ISI = 16.0, startString = LDVGW, testLetter = V, testLoc = 3, isCatchTrial = 0
34.0361 	DATA 	Keypress: 5
36.0371 	DATA 	Keypress: 5
38.0380 	DATA 	Keypress: 5
40.0380 	DATA 	Keypress: 5
40.0577 	EXP 	mainText: text = 'LDVGW'
40.0577 	EXP 	Display string (LDVGW)
42.0388 	DATA 	Keypress: 5
42.5580 	EXP 	Display fixation (pause)
44.0388 	DATA 	Keypress: 5
44.0583 	EXP 	mainText: text = 'REMEMBER'
44.0583 	EXP 	Display cue (REMEMBER)
45.0583 	EXP 	Display fixation (delay)
46.0398 	DATA 	Keypress: 5
48.0397 	DATA 	Keypress: 5
50.0406 	DATA 	Keypress: 5
52.0415 	DATA 	Keypress: 5
54.0415 	DATA 	Keypress: 5
54.0591 	EXP 	mainText: text = 'V?'
54.0591 	EXP 	Display test stim (V?)
55.4884 	DATA 	Keypress: 3
55.4897 	EXP 	pressed key 3
56.0425 	DATA 	Keypress: 5
56.0593 	EXP 	Display fixation (ISI)
58.0425 	DATA 	Keypress: 5
60.0433 	DATA 	Keypress: 5
62.0433 	DATA 	Keypress: 5
64.0444 	DATA 	Keypress: 5
66.0453 	DATA 	Keypress: 5
68.0452 	DATA 	Keypress: 5
70.0460 	DATA 	Keypress: 5
71.0474 	EXP 	trial: iTrial = 2, isRemember = 0, delayDur = 9.0, ISI = 16.0, startString = MVNIW, testLetter = W, testLoc = 5, isCatchTrial = 0
72.0460 	DATA 	Keypress: 5
72.0610 	EXP 	mainText: text = 'MVNIW'
72.0610 	EXP 	Display string (MVNIW)
74.0469 	DATA 	Keypress: 5
74.5613 	EXP 	Display fixation (pause)
76.0469 	DATA 	Keypress: 5
76.0615 	EXP 	mainText: text = 'ALPHABETIZE'
76.0615 	EXP 	Display cue (ALPHABETIZE)
77.0615 	EXP 	Display fixation (delay)
78.0478 	DATA 	Keypress: 5
80.0479 	DATA 	Keypress: 5
82.0487 	DATA 	Keypress: 5
84.0498 	DATA 	Keypress: 5
86.0624 	EXP 	mainText: text = 'W?'
86.0624 	EXP 	Display test stim (W?)
86.0641 	DATA 	Keypress: 5
87.0934 	DATA 	Keypress: 6
87.0946 	EXP 	pressed key 6
88.0626 	EXP 	Display fixation (ISI)
88.0634 	DATA 	Keypress: 5
90.0506 	DATA 	Keypress: 5
92.0516 	DATA 	Keypress: 5
94.0515 	DATA 	Keypress: 5
96.0524 	DATA 	Keypress: 5
98.0534 	DATA 	Keypress: 5
100.0533 	DATA 	Keypress: 5
102.0872 	DATA 	Keypress: 5
103.0474 	EXP 	trial: iTrial = 3, isRemember = 0, delayDur = 9.0, ISI = 16.0, startString = ELBTY, testLetter = T, testLoc = 4, isCatchTrial = 0
104.0640 	EXP 	mainText: text = 'ELBTY'
104.0640 	EXP 	Display string (ELBTY)
104.0873 	DATA 	Keypress: 5
106.0871 	DATA 	Keypress: 5
106.5644 	EXP 	Display fixation (pause)
108.0647 	EXP 	mainText: text = 'ALPHABETIZE'
108.0647 	EXP 	Display cue (ALPHABETIZE)
108.0871 	DATA 	Keypress: 5
109.0646 	EXP 	Display fixation (delay)
110.0870 	DATA 	Keypress: 5
112.0870 	DATA 	Keypress: 5
114.0869 	DATA 	Keypress: 5
116.0869 	DATA 	Keypress: 5
118.0642 	EXP 	mainText: text = 'T?'
118.0642 	EXP 	Display test stim (T?)
118.0869 	DATA 	Keypress: 5
119.2487 	DATA 	Keypress: 4
119.2495 	EXP 	pressed key 4
120.0641 	EXP 	Display fixation (ISI)
120.0868 	DATA 	Keypress: 5
122.0867 	DATA 	Keypress: 5
124.0866 	DATA 	Keypress: 5
126.0866 	DATA 	Keypress: 5
128.0866 	DATA 	Keypress: 5
130.0865 	DATA 	Keypress: 5
132.0863 	DATA 	Keypress: 5
134.0864 	DATA 	Keypress: 5
135.0474 	EXP 	trial: iTrial = 4, isRemember = 0, delayDur = 9.0, ISI = 16.0, startString = WVJFG, testLetter = G, testLoc = 2, isCatchTrial = 0
136.0633 	EXP 	mainText: text = 'WVJFG'
136.0633 	EXP 	Display string (WVJFG)
136.0865 	DATA 	Keypress: 5
138.0863 	DATA 	Keypress: 5
138.5633 	EXP 	Display fixation (pause)
140.0631 	EXP 	mainText: text = 'ALPHABETIZE'
140.0631 	EXP 	Display cue (ALPHABETIZE)
140.0863 	DATA 	Keypress: 5
141.0630 	EXP 	Display fixation (delay)
142.0862 	DATA 	Keypress: 5
144.0868 	DATA 	Keypress: 5
146.0860 	DATA 	Keypress: 5
148.0860 	DATA 	Keypress: 5
150.0626 	EXP 	mainText: text = 'G?'
150.0626 	EXP 	Display test stim (G?)
150.0860 	DATA 	Keypress: 5
150.9520 	DATA 	Keypress: 2
150.9529 	EXP 	pressed key 2
152.0625 	EXP 	Display fixation (ISI)
152.0858 	DATA 	Keypress: 5
154.0858 	DATA 	Keypress: 5
156.0858 	DATA 	Keypress: 5
158.0857 	DATA 	Keypress: 5
160.0856 	DATA 	Keypress: 5
162.0855 	DATA 	Keypress: 5
164.0855 	DATA 	Keypress: 5
166.0853 	DATA 	Keypress: 5
167.0474 	EXP 	trial: iTrial = 5, isRemember = 1, delayDur = 9.0, ISI = 16.0, startString = QSRXW, testLetter = S, testLoc = 2, isCatchTrial = 0
168.0615 	EXP 	mainText: text = 'QSRXW'
168.0615 	EXP 	Display string (QSRXW)
168.0854 	DATA 	Keypress: 5
170.0853 	DATA 	Keypress: 5
170.5616 	EXP 	Display fixation (pause)
172.0615 	EXP 	mainText: text = 'REMEMBER'
172.0615 	EXP 	Display cue (REMEMBER)
172.0853 	DATA 	Keypress: 5
173.0614 	EXP 	Display fixation (delay)
174.0852 	DATA 	Keypress: 5
176.0851 	DATA 	Keypress: 5
178.0851 	DATA 	Keypress: 5
180.0850 	DATA 	Keypress: 5
182.0610 	EXP 	mainText: text = 'S?'
182.0610 	EXP 	Display test stim (S?)
182.0850 	DATA 	Keypress: 5
182.7851 	DATA 	Keypress: 3
182.7864 	EXP 	pressed key 3
184.0609 	EXP 	Display fixation (ISI)
184.0849 	DATA 	Keypress: 5
186.0848 	DATA 	Keypress: 5
188.0849 	DATA 	Keypress: 5
190.0848 	DATA 	Keypress: 5
192.0847 	DATA 	Keypress: 5
194.0847 	DATA 	Keypress: 5
196.0846 	DATA 	Keypress: 5
198.0846 	DATA 	Keypress: 5
199.0474 	EXP 	trial: iTrial = 6, isRemember = 1, delayDur = 9.0, ISI = 16.0, startString = LDWJY, testLetter = D, testLoc = 2, isCatchTrial = 0
200.0601 	EXP 	mainText: text = 'LDWJY'
200.0601 	EXP 	Display string (LDWJY)
200.0846 	DATA 	Keypress: 5
202.0845 	DATA 	Keypress: 5
202.5598 	EXP 	Display fixation (pause)
204.0598 	EXP 	mainText: text = 'REMEMBER'
204.0598 	EXP 	Display cue (REMEMBER)
204.0844 	DATA 	Keypress: 5
205.0598 	EXP 	Display fixation (delay)
206.0843 	DATA 	Keypress: 5
208.0843 	DATA 	Keypress: 5
210.0842 	DATA 	Keypress: 5
212.0841 	DATA 	Keypress: 5
214.0593 	EXP 	mainText: text = 'D?'
214.0593 	EXP 	Display test stim (D?)
214.0842 	DATA 	Keypress: 5
215.2972 	DATA 	Keypress: 2
215.2989 	EXP 	pressed key 2
216.0591 	EXP 	Display fixation (ISI)
216.0841 	DATA 	Keypress: 5
218.0840 	DATA 	Keypress: 5
220.0841 	DATA 	Keypress: 5
222.0841 	DATA 	Keypress: 5
224.0850 	DATA 	Keypress: 5
226.0850 	DATA 	Keypress: 5
228.0859 	DATA 	Keypress: 5
230.0869 	DATA 	Keypress: 5
231.0474 	EXP 	trial: iTrial = 7, isRemember = 0, delayDur = 9.0, ISI = 16.0, startString = ZMSRF, testLetter = R, testLoc = 3, isCatchTrial = 0
232.0601 	EXP 	mainText: text = 'ZMSRF'
232.0601 	EXP 	Display string (ZMSRF)
232.0868 	DATA 	Keypress: 5
234.0878 	DATA 	Keypress: 5
234.5603 	EXP 	Display fixation (pause)
236.0604 	EXP 	mainText: text = 'ALPHABETIZE'
236.0604 	EXP 	Display cue (ALPHABETIZE)
236.0877 	DATA 	Keypress: 5
237.0605 	EXP 	Display fixation (delay)
238.0886 	DATA 	Keypress: 5
240.0885 	DATA 	Keypress: 5
242.0895 	DATA 	Keypress: 5
244.0904 	DATA 	Keypress: 5
246.0614 	EXP 	mainText: text = 'R?'
246.0614 	EXP 	Display test stim (R?)
246.0903 	DATA 	Keypress: 5
247.7833 	DATA 	Keypress: 3
247.7846 	EXP 	pressed key 3
248.0617 	EXP 	Display fixation (ISI)
248.0914 	DATA 	Keypress: 5
250.0913 	DATA 	Keypress: 5
252.0923 	DATA 	Keypress: 5
254.0922 	DATA 	Keypress: 5
256.0931 	DATA 	Keypress: 5
258.0931 	DATA 	Keypress: 5
260.0941 	DATA 	Keypress: 5
262.0950 	DATA 	Keypress: 5
263.0474 	EXP 	trial: iTrial = 8, isRemember = 1, delayDur = 9.0, ISI = 16.0, startString = PHETV, testLetter = P, testLoc = 1, isCatchTrial = 0
264.0633 	EXP 	mainText: text = 'PHETV'
264.0633 	EXP 	Display string (PHETV)
264.0949 	DATA 	Keypress: 5
266.0959 	DATA 	Keypress: 5
266.5635 	EXP 	Display fixation (pause)
268.0636 	EXP 	mainText: text = 'REMEMBER'
268.0636 	EXP 	Display cue (REMEMBER)
268.0958 	DATA 	Keypress: 5
269.0638 	EXP 	Display fixation (delay)
270.0968 	DATA 	Keypress: 5
272.0967 	DATA 	Keypress: 5
274.0977 	DATA 	Keypress: 5
276.0986 	DATA 	Keypress: 5
278.0646 	EXP 	mainText: text = 'P?'
278.0646 	EXP 	Display test stim (P?)
278.0984 	DATA 	Keypress: 5
279.9824 	DATA 	Keypress: 1
279.9837 	EXP 	pressed key 1
280.0560 	EXP 	Display fixation (ISI)
280.1325 	DATA 	Keypress: 5
282.1323 	DATA 	Keypress: 5
284.1324 	DATA 	Keypress: 5
286.1323 	DATA 	Keypress: 5
288.1322 	DATA 	Keypress: 5
290.1322 	DATA 	Keypress: 5
292.1322 	DATA 	Keypress: 5
294.1321 	DATA 	Keypress: 5
295.0474 	EXP 	trial: iTrial = 9, isRemember = 0, delayDur = 9.0, ISI = 16.0, startString = FMUAZ, testLetter = U, testLoc = 4, isCatchTrial = 0
296.0552 	EXP 	mainText: text = 'FMUAZ'
296.0552 	EXP 	Display string (FMUAZ)
296.1320 	DATA 	Keypress: 5
298.1320 	DATA 	Keypress: 5
298.5550 	EXP 	Display fixation (pause)
300.0549 	EXP 	mainText: text = 'ALPHABETIZE'
300.0549 	EXP 	Display cue (ALPHABETIZE)
300.1319 	DATA 	Keypress: 5
301.0548 	EXP 	Display fixation (delay)
302.1319 	DATA 	Keypress: 5
304.1318 	DATA 	Keypress: 5
306.1318 	DATA 	Keypress: 5
308.1317 	DATA 	Keypress: 5
310.0544 	EXP 	mainText: text = 'U?'
310.0544 	EXP 	Display test stim (U?)
310.1316 	DATA 	Keypress: 5
311.7816 	DATA 	Keypress: 4
311.7829 	EXP 	pressed key 4
312.0543 	EXP 	Display fixation (ISI)
312.1316 	DATA 	Keypress: 5
314.1315 	DATA 	Keypress: 5
316.1315 	DATA 	Keypress: 5
318.1315 	DATA 	Keypress: 5
320.1314 	DATA 	Keypress: 5
322.1313 	DATA 	Keypress: 5
324.1313 	DATA 	Keypress: 5
326.1314 	DATA 	Keypress: 5
327.0474 	EXP 	trial: iTrial = 10, isRemember = 0, delayDur = 9.0, ISI = 16.0, startString = XLQSJ, testLetter = S, testLoc = 4, isCatchTrial = 0
328.0535 	EXP 	mainText: text = 'XLQSJ'
328.0535 	EXP 	Display string (XLQSJ)
328.1311 	DATA 	Keypress: 5
330.1311 	DATA 	Keypress: 5
330.5533 	EXP 	Display fixation (pause)
332.0532 	EXP 	mainText: text = 'ALPHABETIZE'
332.0532 	EXP 	Display cue (ALPHABETIZE)
332.1310 	DATA 	Keypress: 5
333.0533 	EXP 	Display fixation (delay)
334.1310 	DATA 	Keypress: 5
336.1309 	DATA 	Keypress: 5
338.1308 	DATA 	Keypress: 5
340.1308 	DATA 	Keypress: 5
342.0542 	EXP 	mainText: text = 'S?'
342.0542 	EXP 	Display test stim (S?)
342.1307 	DATA 	Keypress: 5
344.0544 	EXP 	Display fixation (ISI)
344.1307 	DATA 	Keypress: 5
346.1307 	DATA 	Keypress: 5
346.8307 	DATA 	Keypress: 4
346.8321 	EXP 	pressed key 4
348.1306 	DATA 	Keypress: 5
350.1305 	DATA 	Keypress: 5
352.1305 	DATA 	Keypress: 5
354.1304 	DATA 	Keypress: 5
356.1303 	DATA 	Keypress: 5
358.1303 	DATA 	Keypress: 5
359.0474 	EXP 	trial: iTrial = 11, isRemember = 1, delayDur = 9.0, ISI = 16.0, startString = NJCVA, testLetter = J, testLoc = 2, isCatchTrial = 0
360.0560 	EXP 	mainText: text = 'NJCVA'
360.0560 	EXP 	Display string (NJCVA)
360.1303 	DATA 	Keypress: 5
362.1302 	DATA 	Keypress: 5
362.5563 	EXP 	Display fixation (pause)
364.0564 	EXP 	mainText: text = 'REMEMBER'
364.0564 	EXP 	Display cue (REMEMBER)
364.1301 	DATA 	Keypress: 5
365.0565 	EXP 	Display fixation (delay)
366.1301 	DATA 	Keypress: 5
368.1300 	DATA 	Keypress: 5
370.1300 	DATA 	Keypress: 5
372.1300 	DATA 	Keypress: 5
374.0574 	EXP 	mainText: text = 'J?'
374.0574 	EXP 	Display test stim (J?)
374.1299 	DATA 	Keypress: 5
375.2299 	DATA 	Keypress: 2
375.2312 	EXP 	pressed key 2
376.0576 	EXP 	Display fixation (ISI)
376.1298 	DATA 	Keypress: 5
378.1297 	DATA 	Keypress: 5
380.1297 	DATA 	Keypress: 5
382.1297 	DATA 	Keypress: 5
384.1296 	DATA 	Keypress: 5
386.1302 	DATA 	Keypress: 5
388.1295 	DATA 	Keypress: 5
390.1294 	DATA 	Keypress: 5
391.0474 	EXP 	trial: iTrial = 12, isRemember = 1, delayDur = 9.0, ISI = 16.0, startString = FKBJX, testLetter = F, testLoc = 1, isCatchTrial = 0
392.0592 	EXP 	mainText: text = 'FKBJX'
392.0592 	EXP 	Display string (FKBJX)
392.1294 	DATA 	Keypress: 5
394.1293 	DATA 	Keypress: 5
394.5594 	EXP 	Display fixation (pause)
396.0596 	EXP 	mainText: text = 'REMEMBER'
396.0596 	EXP 	Display cue (REMEMBER)
396.1292 	DATA 	Keypress: 5
397.0597 	EXP 	Display fixation (delay)
398.1294 	DATA 	Keypress: 5
400.1292 	DATA 	Keypress: 5
402.1302 	DATA 	Keypress: 5
404.1302 	DATA 	Keypress: 5
406.0606 	EXP 	mainText: text = 'F?'
406.0606 	EXP 	Display test stim (F?)
406.1311 	DATA 	Keypress: 5
407.6351 	DATA 	Keypress: 1
407.6367 	EXP 	pressed key 1
408.0606 	EXP 	Display fixation (ISI)
408.1321 	DATA 	Keypress: 5
410.1320 	DATA 	Keypress: 5
412.1329 	DATA 	Keypress: 5
414.1328 	DATA 	Keypress: 5
416.1338 	DATA 	Keypress: 5
418.1339 	DATA 	Keypress: 5
420.1347 	DATA 	Keypress: 5
422.1358 	DATA 	Keypress: 5
423.0474 	EXP 	trial: iTrial = 13, isRemember = 1, delayDur = 9.0, ISI = 16.0, startString = GCBDN, testLetter = C, testLoc = 2, isCatchTrial = 0
424.0623 	EXP 	mainText: text = 'GCBDN'
424.0623 	EXP 	Display string (GCBDN)
424.1355 	DATA 	Keypress: 5
426.1366 	DATA 	Keypress: 5
426.5626 	EXP 	Display fixation (pause)
428.0628 	EXP 	mainText: text = 'REMEMBER'
428.0628 	EXP 	Display cue (REMEMBER)
428.1366 	DATA 	Keypress: 5
429.0628 	EXP 	Display fixation (delay)
430.1375 	DATA 	Keypress: 5
432.1374 	DATA 	Keypress: 5
434.1384 	DATA 	Keypress: 5
436.1394 	DATA 	Keypress: 5
438.0645 	EXP 	mainText: text = 'C?'
438.0645 	EXP 	Display test stim (C?)
438.1392 	DATA 	Keypress: 5
439.6283 	DATA 	Keypress: 2
439.6295 	EXP 	pressed key 2
440.0645 	EXP 	Display fixation (ISI)
440.1402 	DATA 	Keypress: 5
442.1401 	DATA 	Keypress: 5
444.1411 	DATA 	Keypress: 5
446.1410 	DATA 	Keypress: 5
448.1420 	DATA 	Keypress: 5
450.1420 	DATA 	Keypress: 5
452.1428 	DATA 	Keypress: 5
454.1439 	DATA 	Keypress: 5
455.0474 	EXP 	trial: iTrial = 14, isRemember = 0, delayDur = 9.0, ISI = 16.0, startString = TUVIZ, testLetter = T, testLoc = 2, isCatchTrial = 0
456.0637 	EXP 	mainText: text = 'TUVIZ'
456.0637 	EXP 	Display string (TUVIZ)
456.1437 	DATA 	Keypress: 5
458.1777 	DATA 	Keypress: 5
458.5635 	EXP 	Display fixation (pause)
460.0634 	EXP 	mainText: text = 'ALPHABETIZE'
460.0634 	EXP 	Display cue (ALPHABETIZE)
460.1776 	DATA 	Keypress: 5
461.0634 	EXP 	Display fixation (delay)
462.1776 	DATA 	Keypress: 5
464.1776 	DATA 	Keypress: 5
466.1775 	DATA 	Keypress: 5
468.1774 	DATA 	Keypress: 5
470.0629 	EXP 	mainText: text = 'T?'
470.0629 	EXP 	Display test stim (T?)
470.1773 	DATA 	Keypress: 5
470.9774 	DATA 	Keypress: 2
470.9787 	EXP 	pressed key 2
472.0629 	EXP 	Display fixation (ISI)
472.1773 	DATA 	Keypress: 5
474.1772 	DATA 	Keypress: 5
476.1773 	DATA 	Keypress: 5
478.1771 	DATA 	Keypress: 5
480.1770 	DATA 	Keypress: 5
482.1770 	DATA 	Keypress: 5
484.1770 	DATA 	Keypress: 5
486.1769 	DATA 	Keypress: 5
487.0474 	EXP 	trial: iTrial = 15, isRemember = 1, delayDur = 9.0, ISI = 16.0, startString = ABHIC, testLetter = A, testLoc = 1, isCatchTrial = 0
488.0620 	EXP 	mainText: text = 'ABHIC'
488.0620 	EXP 	Display string (ABHIC)
488.1769 	DATA 	Keypress: 5
490.1768 	DATA 	Keypress: 5
490.5619 	EXP 	Display fixation (pause)
492.0618 	EXP 	mainText: text = 'REMEMBER'
492.0618 	EXP 	Display cue (REMEMBER)
492.1768 	DATA 	Keypress: 5
493.0617 	EXP 	Display fixation (delay)
494.1766 	DATA 	Keypress: 5
496.1767 	DATA 	Keypress: 5
498.1766 	DATA 	Keypress: 5
500.1765 	DATA 	Keypress: 5
502.0613 	EXP 	mainText: text = 'A?'
502.0613 	EXP 	Display test stim (A?)
502.1765 	DATA 	Keypress: 5
503.8305 	DATA 	Keypress: 1
503.8313 	EXP 	pressed key 1
504.0612 	EXP 	Display fixation (ISI)
504.1764 	DATA 	Keypress: 5
506.1764 	DATA 	Keypress: 5
508.1763 	DATA 	Keypress: 5
510.1762 	DATA 	Keypress: 5
512.1762 	DATA 	Keypress: 5
514.1762 	DATA 	Keypress: 5
516.1761 	DATA 	Keypress: 5
518.1760 	DATA 	Keypress: 5
519.0474 	EXP 	trial: iTrial = 16, isRemember = 0, delayDur = 9.0, ISI = 16.0, startString = RPMWU, testLetter = W, testLoc = 5, isCatchTrial = 0
520.0605 	EXP 	mainText: text = 'RPMWU'
520.0605 	EXP 	Display string (RPMWU)
520.1759 	DATA 	Keypress: 5
522.1758 	DATA 	Keypress: 5
522.5602 	EXP 	Display fixation (pause)
524.0602 	EXP 	mainText: text = 'ALPHABETIZE'
524.0602 	EXP 	Display cue (ALPHABETIZE)
524.1758 	DATA 	Keypress: 5
525.0601 	EXP 	Display fixation (delay)
526.1758 	DATA 	Keypress: 5
528.1756 	DATA 	Keypress: 5
530.1757 	DATA 	Keypress: 5
532.1756 	DATA 	Keypress: 5
534.0596 	EXP 	mainText: text = 'W?'
534.0596 	EXP 	Display test stim (W?)
534.1757 	DATA 	Keypress: 5
536.0596 	EXP 	Display fixation (ISI)
536.1756 	DATA 	Keypress: 5
536.8256 	DATA 	Keypress: 6
536.8269 	EXP 	pressed key 6
538.1754 	DATA 	Keypress: 5
540.1754 	DATA 	Keypress: 5
542.1754 	DATA 	Keypress: 5
544.1753 	DATA 	Keypress: 5
546.1753 	DATA 	Keypress: 5
548.1752 	DATA 	Keypress: 5
550.1752 	DATA 	Keypress: 5
551.0474 	EXP 	trial: iTrial = 17, isRemember = 0, delayDur = 9.0, ISI = 16.0, startString = TYSDC, testLetter = D, testLoc = 2, isCatchTrial = 0
552.0587 	EXP 	mainText: text = 'TYSDC'
552.0587 	EXP 	Display string (TYSDC)
552.1751 	DATA 	Keypress: 5
554.1750 	DATA 	Keypress: 5
554.5587 	EXP 	Display fixation (pause)
556.0586 	EXP 	mainText: text = 'ALPHABETIZE'
556.0586 	EXP 	Display cue (ALPHABETIZE)
556.1750 	DATA 	Keypress: 5
557.0588 	EXP 	Display fixation (delay)
558.1750 	DATA 	Keypress: 5
560.1749 	DATA 	Keypress: 5
562.1748 	DATA 	Keypress: 5
564.1748 	DATA 	Keypress: 5
566.0597 	EXP 	mainText: text = 'D?'
566.0597 	EXP 	Display test stim (D?)
566.1747 	DATA 	Keypress: 5
568.0598 	EXP 	Display fixation (ISI)
568.1747 	DATA 	Keypress: 5
568.3276 	DATA 	Keypress: 2
568.3284 	EXP 	pressed key 2
570.1746 	DATA 	Keypress: 5
572.1746 	DATA 	Keypress: 5
574.1745 	DATA 	Keypress: 5
576.1745 	DATA 	Keypress: 5
578.1745 	DATA 	Keypress: 5
580.1755 	DATA 	Keypress: 5
582.1764 	DATA 	Keypress: 5
583.0474 	EXP 	trial: iTrial = 18, isRemember = 0, delayDur = 9.0, ISI = 16.0, startString = ZWRYT, testLetter = R, testLoc = 1, isCatchTrial = 0
584.0614 	EXP 	mainText: text = 'ZWRYT'
584.0614 	EXP 	Display string (ZWRYT)
584.1763 	DATA 	Keypress: 5
586.1773 	DATA 	Keypress: 5
586.5617 	EXP 	Display fixation (pause)
588.0618 	EXP 	mainText: text = 'ALPHABETIZE'
588.0618 	EXP 	Display cue (ALPHABETIZE)
588.1773 	DATA 	Keypress: 5
589.0619 	EXP 	Display fixation (delay)
590.1782 	DATA 	Keypress: 5
592.1781 	DATA 	Keypress: 5
594.1791 	DATA 	Keypress: 5
596.1790 	DATA 	Keypress: 5
598.0628 	EXP 	mainText: text = 'R?'
598.0628 	EXP 	Display test stim (R?)
598.1800 	DATA 	Keypress: 5
599.6246 	DATA 	Keypress: 1
599.6258 	EXP 	pressed key 1
600.0630 	EXP 	Display fixation (ISI)
600.1809 	DATA 	Keypress: 5
602.1809 	DATA 	Keypress: 5
604.1819 	DATA 	Keypress: 5
606.1818 	DATA 	Keypress: 5
608.1827 	DATA 	Keypress: 5
610.1827 	DATA 	Keypress: 5
612.1836 	DATA 	Keypress: 5
614.1846 	DATA 	Keypress: 5
615.0474 	EXP 	trial: iTrial = 19, isRemember = 1, delayDur = 9.0, ISI = 16.0, startString = AJUWB, testLetter = J, testLoc = 2, isCatchTrial = 0
616.0646 	EXP 	mainText: text = 'AJUWB'
616.0646 	EXP 	Display string (AJUWB)
616.1845 	DATA 	Keypress: 5
618.1854 	DATA 	Keypress: 5
618.5554 	EXP 	Display fixation (pause)
620.0554 	EXP 	mainText: text = 'REMEMBER'
620.0554 	EXP 	Display cue (REMEMBER)
620.1854 	DATA 	Keypress: 5
621.0552 	EXP 	Display fixation (delay)
622.1863 	DATA 	Keypress: 5
624.1863 	DATA 	Keypress: 5
626.1872 	DATA 	Keypress: 5
628.1871 	DATA 	Keypress: 5
630.0549 	EXP 	mainText: text = 'J?'
630.0549 	EXP 	Display test stim (J?)
630.1881 	DATA 	Keypress: 5
630.9231 	DATA 	Keypress: 2
630.9243 	EXP 	pressed key 2
632.0547 	EXP 	Display fixation (ISI)
632.1890 	DATA 	Keypress: 5
634.1891 	DATA 	Keypress: 5
636.2229 	DATA 	Keypress: 5
638.2229 	DATA 	Keypress: 5
640.2228 	DATA 	Keypress: 5
642.2227 	DATA 	Keypress: 5
644.2227 	DATA 	Keypress: 5
646.2226 	DATA 	Keypress: 5
647.0474 	EXP 	trial: iTrial = 20, isRemember = 1, delayDur = 9.0, ISI = 16.0, startString = PKQVN, testLetter = K, testLoc = 2, isCatchTrial = 0
648.0538 	EXP 	mainText: text = 'PKQVN'
648.0538 	EXP 	Display string (PKQVN)
648.2225 	DATA 	Keypress: 5
650.2225 	DATA 	Keypress: 5
650.5537 	EXP 	Display fixation (pause)
652.0536 	EXP 	mainText: text = 'REMEMBER'
652.0536 	EXP 	Display cue (REMEMBER)
652.2225 	DATA 	Keypress: 5
653.0536 	EXP 	Display fixation (delay)
654.2224 	DATA 	Keypress: 5
656.2225 	DATA 	Keypress: 5
658.2223 	DATA 	Keypress: 5
660.2222 	DATA 	Keypress: 5
662.0532 	EXP 	mainText: text = 'K?'
662.0532 	EXP 	Display test stim (K?)
662.2222 	DATA 	Keypress: 5
662.8222 	DATA 	Keypress: 2
662.8237 	EXP 	pressed key 2
664.0531 	EXP 	Display fixation (ISI)
664.2221 	DATA 	Keypress: 5
666.2221 	DATA 	Keypress: 5
668.2220 	DATA 	Keypress: 5
670.2220 	DATA 	Keypress: 5
672.2220 	DATA 	Keypress: 5
674.2218 	DATA 	Keypress: 5
676.2218 	DATA 	Keypress: 5
678.2218 	DATA 	Keypress: 5
680.2218 	DATA 	Keypress: 5
682.2216 	DATA 	Keypress: 5
684.2216 	DATA 	Keypress: 5
686.2215 	DATA 	Keypress: 5
688.0473 	EXP 	--- END EXPERIMENT ---
688.0882 	EXP 	topMsg: text = "That's the end! Please continue to HOLD AS STILL AS POSSIBLE until the scanner turns off (and even then, try to minimize any head motion between scans). Thank you!"
688.0882 	EXP 	bottomMsg: text = "Press 'q' or 'escape' to end the session."
688.0882 	EXP 	Display TheEnd
688.2214 	DATA 	Keypress: 5
690.2214 	DATA 	Keypress: 5
692.2213 	DATA 	Keypress: 5
720.5206 	DATA 	Keypress: escape
