5.3600 	INFO 	---START PARAMETERS---
5.3600 	INFO 	filename: LetterOrderTask_d5-sub1-sess4-Dec_14_1342
5.3600 	INFO 	subject: 1
5.3600 	INFO 	session: 4
5.3600 	INFO 	date: Dec_14_1342
5.3600 	INFO 	catchProb: 0.0
5.3600 	INFO 	cueDur: 1.0
5.3600 	INFO 	cues: ['REMEMBER', 'ALPHABETIZE']
5.3601 	INFO 	fixCrossPos: [0, 0]
5.3601 	INFO 	fixCrossSize: 50
5.3601 	INFO 	fullScreen: True
5.3601 	INFO 	letters: ABCDEFGHIJKLMNOPQRSTUVWXYZ
5.3601 	INFO 	maxDelayDur: 9.0
5.3601 	INFO 	maxISI: 16.0
5.3601 	INFO 	minDelayDur: 9.0
5.3601 	INFO 	minISI: 16.0
5.3601 	INFO 	nLetters: 5
5.3601 	INFO 	pauseDur: 1.5
5.3601 	INFO 	promptDir: Prompts/
5.3601 	INFO 	promptFile: LetterOrderPrompts_5button.txt
5.3601 	INFO 	rememberProb: 0.0
5.3601 	INFO 	respKeys: ['1', '2', '3', '4', '6']
5.3601 	INFO 	screenColor: (128, 128, 128)
5.3601 	INFO 	screenToShow: 0
5.3601 	INFO 	sessionDur: 656.0
5.3601 	INFO 	skipPrompts: False
5.3601 	INFO 	stringDur: 2.5
5.3601 	INFO 	tCoolDown: 8.0
5.3601 	INFO 	tStartup: 8.0
5.3601 	INFO 	testDur: 2.0
5.3601 	INFO 	triggerKey: 5
5.3601 	INFO 	---END PARAMETERS---
5.4793 	WARNING 	Movie2 stim could not be imported and won't be available
6.5652 	INFO 	Loaded monitor calibration from ['2015_12_02 12:18']
7.0835 	EXP 	Created win = Window(allowGUI=False, allowStencil=False, autoLog=True, bitsMode=UNKNOWN, blendMode='avg', color=array([ 128.,  128.,  128.]), colorSpace='rgb255', fullscr=UNKNOWN, gamma=None, lms=UNKNOWN, monitor=<psychopy.monitors.calibTools.Monitor instance at 0xfa10d50>, name='win', pos=[0, 0], screen=0, size=array([1440,  900]), stereo=False, units='deg', useFBO=False, viewOri=0.0, viewPos=None, viewScale=None, waitBlanking=True, winType='pyglet')
7.0853 	EXP 	Created fixCross = ShapeStim(autoDraw=False, autoLog=True, closeShape=False, contrast=1.0, depth=0, fillColor=None, fillColorSpace='rgb', fillRGB=None, interpolate=True, lineColor='#000000', lineColorSpace='hex', lineRGB=array([0, 0, 0]), lineWidth=3.0, name='fixCross', opacity=1.0, ori=array(0.0), pos=array([ 0.,  0.]), size=array([ 1.,  1.]), units='pix', vertices=ndarray(...), win=Window(...))
7.1412 	EXP 	Created topMsg = TextStim(alignHoriz='center', alignVert='center', antialias=True, autoLog=True, bold=False, color='#000000', colorSpace='hex', contrast=1.0, depth=0, flipHoriz=False, flipVert=False, font='', fontFiles=[], height=0.1, italic=False, name='topMsg', opacity=1.0, ori=0.0, pos=array([ 0. ,  0.5]), rgb=array([0, 0, 0]), text=u'aaa', units='norm', win=Window(...), wrapWidth=1.5)
7.1447 	EXP 	Created bottomMsg = TextStim(alignHoriz='center', alignVert='center', antialias=True, autoLog=True, bold=False, color='#000000', colorSpace='hex', contrast=1.0, depth=0, flipHoriz=False, flipVert=False, font='', fontFiles=[], height=0.1, italic=False, name='bottomMsg', opacity=1.0, ori=0.0, pos=array([ 0. , -0.5]), rgb=array([0, 0, 0]), text=u'bbb', units='norm', win=Window(...), wrapWidth=1.5)
7.1471 	EXP 	Created mainText = TextStim(alignHoriz='center', alignVert='center', antialias=True, autoLog=True, bold=False, color='#000000', colorSpace='hex', contrast=1.0, depth=0, flipHoriz=False, flipVert=False, font='', fontFiles=[], height=0.1, italic=False, name='mainText', opacity=1.0, ori=0.0, pos=array([ 0.,  0.]), rgb=array([0, 0, 0]), text=u'bbb', units='norm', win=Window(...), wrapWidth=3.5)
7.1944 	EXP 	topMsg: text = 'You will see a cross and letters on the screen. Please look directly at the center of the screen (the spot where the cross appears) throughout the experiment.'
7.1944 	EXP 	bottomMsg: text = 'Press any button to continue.'
7.1944 	EXP 	Display Instructions1
9.8843 	DATA 	Keypress: 5
9.9379 	EXP 	topMsg: text = "You will see a string of letters, then instructions indicating what you should do with them. If the instructions say 'REMEMBER', remember them in the order you saw them. If they say 'ALPHABETIZE', alphabetize the letters and and remember them in that order. "
9.9379 	EXP 	bottomMsg: text = 'Press any button to continue.'
9.9379 	EXP 	Display Instructions2
10.2094 	DATA 	Keypress: 5
10.2621 	EXP 	topMsg: text = "After a delay period, you will see a letter and question mark (like 'F?'). Press the button corresponding to the position of that letter in the sequence you were remembering. Respond as quickly and accurately as you can. If you're not sure, take your best guess."
10.2621 	EXP 	bottomMsg: text = 'Press any button to continue.'
10.2621 	EXP 	Display Instructions3
10.3671 	DATA 	Keypress: 5
10.4049 	EXP 	topMsg: text = "On some trials, you will see a * instead of a letter (like '*?'). This means no response is needed for this trial and you can forget the sequence of letters."
10.4049 	EXP 	bottomMsg: text = 'Press any button to continue.'
10.4049 	EXP 	Display Instructions4
10.5132 	DATA 	Keypress: 5
10.5454 	EXP 	topMsg: text = 'If you have any questions, please ask the experimenter now.'
10.5454 	EXP 	bottomMsg: text = 'WHEN YOU ARE READY TO BEGIN, press any button.'
10.5454 	EXP 	Display Instructions5
10.6594 	DATA 	Keypress: 5
10.6791 	EXP 	topMsg: text = 'Waiting for scanner to start...'
10.6791 	EXP 	bottomMsg: text = "(Press '5' to override.)"
10.6791 	EXP 	Display WaitingForScanner
11.0092 	DATA 	Keypress: 5
11.0291 	EXP 	Display fixation
11.0292 	EXP 	---START EXPERIMENT---
11.0297 	EXP 	trial: iTrial = 1, isRemember = 0, delayDur = 9.0, ISI = 16.0, startString = AWUMR, testLetter = R, testLoc = 3, isCatchTrial = 0
11.4131 	DATA 	Keypress: 5
11.6093 	DATA 	Keypress: 5
11.7593 	DATA 	Keypress: 5
11.8740 	DATA 	Keypress: 5
12.3093 	DATA 	Keypress: q
12.3455 	EXP 	mainText: text = 'AWUMR'
12.3455 	EXP 	Display string (AWUMR)
12.3455 	EXP 	topMsg: text = "That's the end! Please continue to HOLD AS STILL AS POSSIBLE until the scanner turns off (and even then, try to minimize any head motion between scans). Thank you!"
12.3455 	EXP 	bottomMsg: text = "Press 'q' or 'escape' to end the session."
12.3455 	EXP 	Display TheEnd
12.6593 	DATA 	Keypress: 5
13.4592 	DATA 	Keypress: q
