13.4861 	INFO 	---START PARAMETERS---
13.4861 	INFO 	filename: LetterOrderTask_d5-subSAM-sess2-Dec_15_1633
13.4861 	INFO 	subject: SAM
13.4861 	INFO 	session: 2
13.4861 	INFO 	date: Dec_15_1633
13.4862 	INFO 	catchProb: 0.0
13.4862 	INFO 	cueDur: 1.0
13.4862 	INFO 	cues: ['REMEMBER', 'ALPHABETIZE']
13.4862 	INFO 	fixCrossPos: [0, 0]
13.4862 	INFO 	fixCrossSize: 50
13.4862 	INFO 	fullScreen: True
13.4862 	INFO 	letters: ABCDEFGHIJKLMNOPQRSTUVWXYZ
13.4862 	INFO 	maxDelayDur: 9.0
13.4862 	INFO 	maxISI: 16.0
13.4862 	INFO 	minDelayDur: 9.0
13.4862 	INFO 	minISI: 16.0
13.4862 	INFO 	nLetters: 5
13.4862 	INFO 	pauseDur: 1.5
13.4862 	INFO 	promptDir: Prompts/
13.4862 	INFO 	promptFile: LetterOrderPrompts_5button.txt
13.4862 	INFO 	rememberProb: 0.0
13.4862 	INFO 	respKeys: ['1', '2', '3', '4', '6']
13.4862 	INFO 	screenColor: (128, 128, 128)
13.4862 	INFO 	screenToShow: 0
13.4863 	INFO 	sessionDur: 656.0
13.4863 	INFO 	skipPrompts: True
13.4863 	INFO 	stringDur: 2.5
13.4863 	INFO 	tCoolDown: 8.0
13.4863 	INFO 	tStartup: 8.0
13.4863 	INFO 	testDur: 2.0
13.4863 	INFO 	triggerKey: 5
13.4863 	INFO 	---END PARAMETERS---
13.5479 	WARNING 	Movie2 stim could not be imported and won't be available
14.1193 	INFO 	Loaded monitor calibration from ['2015_12_02 12:18']
14.5719 	EXP 	Created win = Window(allowGUI=False, allowStencil=False, autoLog=True, bitsMode=UNKNOWN, blendMode='avg', color=array([ 128.,  128.,  128.]), colorSpace='rgb255', fullscr=UNKNOWN, gamma=None, lms=UNKNOWN, monitor=<psychopy.monitors.calibTools.Monitor instance at 0x13887dc8>, name='win', pos=[0, 0], screen=0, size=array([1024,  768]), stereo=False, units='deg', useFBO=False, viewOri=0.0, viewPos=None, viewScale=None, waitBlanking=True, winType='pyglet')
14.5741 	EXP 	Created fixCross = ShapeStim(autoDraw=False, autoLog=True, closeShape=False, contrast=1.0, depth=0, fillColor=None, fillColorSpace='rgb', fillRGB=None, interpolate=True, lineColor='#000000', lineColorSpace='hex', lineRGB=array([0, 0, 0]), lineWidth=3.0, name='fixCross', opacity=1.0, ori=array(0.0), pos=array([ 0.,  0.]), size=array([ 1.,  1.]), units='pix', vertices=ndarray(...), win=Window(...))
14.6237 	EXP 	Created topMsg = TextStim(alignHoriz='center', alignVert='center', antialias=True, autoLog=True, bold=False, color='#000000', colorSpace='hex', contrast=1.0, depth=0, flipHoriz=False, flipVert=False, font='', fontFiles=[], height=0.1, italic=False, name='topMsg', opacity=1.0, ori=0.0, pos=array([ 0. ,  0.5]), rgb=array([0, 0, 0]), text=u'aaa', units='norm', win=Window(...), wrapWidth=1.5)
14.6270 	EXP 	Created bottomMsg = TextStim(alignHoriz='center', alignVert='center', antialias=True, autoLog=True, bold=False, color='#000000', colorSpace='hex', contrast=1.0, depth=0, flipHoriz=False, flipVert=False, font='', fontFiles=[], height=0.1, italic=False, name='bottomMsg', opacity=1.0, ori=0.0, pos=array([ 0. , -0.5]), rgb=array([0, 0, 0]), text=u'bbb', units='norm', win=Window(...), wrapWidth=1.5)
14.6294 	EXP 	Created mainText = TextStim(alignHoriz='center', alignVert='center', antialias=True, autoLog=True, bold=False, color='#000000', colorSpace='hex', contrast=1.0, depth=0, flipHoriz=False, flipVert=False, font='', fontFiles=[], height=0.1, italic=False, name='mainText', opacity=1.0, ori=0.0, pos=array([ 0.,  0.]), rgb=array([0, 0, 0]), text=u'bbb', units='norm', win=Window(...), wrapWidth=3.5)
14.6700 	EXP 	topMsg: text = 'Waiting for scanner to start...'
14.6700 	EXP 	bottomMsg: text = "(Press '5' to override.)"
14.6700 	EXP 	Display WaitingForScanner
51.2945 	DATA 	Keypress: 5
51.3173 	EXP 	Display fixation
51.3178 	EXP 	---START EXPERIMENT---
51.3185 	EXP 	trial: iTrial = 1, isRemember = 1, delayDur = 9.0, ISI = 16.0, startString = GIUYA, testLetter = Y, testLoc = 4, isCatchTrial = 0
53.2866 	DATA 	Keypress: 5
55.2883 	DATA 	Keypress: 5
57.2891 	DATA 	Keypress: 5
59.2908 	DATA 	Keypress: 5
59.3088 	EXP 	mainText: text = 'GIUYA'
59.3088 	EXP 	Display string (GIUYA)
61.2908 	DATA 	Keypress: 5
61.8091 	EXP 	Display fixation (pause)
63.2908 	DATA 	Keypress: 5
63.3093 	EXP 	mainText: text = 'REMEMBER'
63.3093 	EXP 	Display cue (REMEMBER)
64.3095 	EXP 	Display fixation (delay)
65.2908 	DATA 	Keypress: 5
67.2907 	DATA 	Keypress: 5
69.2907 	DATA 	Keypress: 5
71.2907 	DATA 	Keypress: 5
73.2907 	DATA 	Keypress: 5
73.3105 	EXP 	mainText: text = 'Y?'
73.3105 	EXP 	Display test stim (Y?)
74.7423 	DATA 	Keypress: 4
74.7432 	EXP 	pressed key 4
75.2907 	DATA 	Keypress: 5
75.3108 	EXP 	Display fixation (ISI)
77.2907 	DATA 	Keypress: 5
79.2907 	DATA 	Keypress: 5
81.2906 	DATA 	Keypress: 5
83.2907 	DATA 	Keypress: 5
85.2907 	DATA 	Keypress: 5
87.2906 	DATA 	Keypress: 5
89.2906 	DATA 	Keypress: 5
90.2966 	EXP 	trial: iTrial = 2, isRemember = 0, delayDur = 9.0, ISI = 16.0, startString = SEZXK, testLetter = S, testLoc = 3, isCatchTrial = 0
91.2906 	DATA 	Keypress: 5
91.3126 	EXP 	mainText: text = 'SEZXK'
91.3126 	EXP 	Display string (SEZXK)
93.2906 	DATA 	Keypress: 5
93.8129 	EXP 	Display fixation (pause)
95.2906 	DATA 	Keypress: 5
95.3132 	EXP 	mainText: text = 'ALPHABETIZE'
95.3132 	EXP 	Display cue (ALPHABETIZE)
96.3133 	EXP 	Display fixation (delay)
97.2906 	DATA 	Keypress: 5
99.2905 	DATA 	Keypress: 5
101.2906 	DATA 	Keypress: 5
103.2905 	DATA 	Keypress: 5
105.2905 	DATA 	Keypress: 5
105.2992 	EXP 	mainText: text = 'S?'
105.2992 	EXP 	Display test stim (S?)
106.7406 	DATA 	Keypress: 4
106.7419 	EXP 	pressed key 4
107.2905 	DATA 	Keypress: 5
107.2992 	EXP 	Display fixation (ISI)
109.2905 	DATA 	Keypress: 5
111.2905 	DATA 	Keypress: 5
113.2905 	DATA 	Keypress: 5
115.2905 	DATA 	Keypress: 5
117.2905 	DATA 	Keypress: 5
119.2905 	DATA 	Keypress: 5
121.2905 	DATA 	Keypress: 5
122.2967 	EXP 	trial: iTrial = 3, isRemember = 0, delayDur = 9.0, ISI = 16.0, startString = YSTPZ, testLetter = T, testLoc = 3, isCatchTrial = 0
123.2904 	DATA 	Keypress: 5
123.2999 	EXP 	mainText: text = 'YSTPZ'
123.2999 	EXP 	Display string (YSTPZ)
125.2904 	DATA 	Keypress: 5
125.8002 	EXP 	Display fixation (pause)
127.2904 	DATA 	Keypress: 5
127.3004 	EXP 	mainText: text = 'ALPHABETIZE'
127.3004 	EXP 	Display cue (ALPHABETIZE)
128.3005 	EXP 	Display fixation (delay)
129.2903 	DATA 	Keypress: 5
131.2903 	DATA 	Keypress: 5
133.2903 	DATA 	Keypress: 5
135.2904 	DATA 	Keypress: 5
137.2909 	DATA 	Keypress: 5
137.3015 	EXP 	mainText: text = 'T?'
137.3015 	EXP 	Display test stim (T?)
139.2909 	DATA 	Keypress: 5
139.3018 	EXP 	Display fixation (ISI)
139.3904 	DATA 	Keypress: 4
139.3916 	EXP 	pressed key 4
141.2919 	DATA 	Keypress: 5
143.2919 	DATA 	Keypress: 5
145.2929 	DATA 	Keypress: 5
147.2929 	DATA 	Keypress: 5
149.2939 	DATA 	Keypress: 5
151.2949 	DATA 	Keypress: 5
153.2949 	DATA 	Keypress: 5
154.2966 	EXP 	trial: iTrial = 4, isRemember = 0, delayDur = 9.0, ISI = 16.0, startString = MNCDF, testLetter = M, testLoc = 4, isCatchTrial = 0
155.2958 	DATA 	Keypress: 5
155.3037 	EXP 	mainText: text = 'MNCDF'
155.3037 	EXP 	Display string (MNCDF)
157.2958 	DATA 	Keypress: 5
157.8040 	EXP 	Display fixation (pause)
159.2968 	DATA 	Keypress: 5
159.3142 	EXP 	mainText: text = 'ALPHABETIZE'
159.3142 	EXP 	Display cue (ALPHABETIZE)
160.3043 	EXP 	Display fixation (delay)
161.2968 	DATA 	Keypress: 5
163.2978 	DATA 	Keypress: 5
165.2987 	DATA 	Keypress: 5
167.2988 	DATA 	Keypress: 5
169.3139 	EXP 	mainText: text = 'M?'
169.3139 	EXP 	Display test stim (M?)
169.3153 	DATA 	Keypress: 5
170.6902 	DATA 	Keypress: 4
170.6915 	EXP 	pressed key 4
171.3139 	EXP 	Display fixation (ISI)
171.3147 	DATA 	Keypress: 5
173.3007 	DATA 	Keypress: 5
175.3007 	DATA 	Keypress: 5
177.3017 	DATA 	Keypress: 5
179.3017 	DATA 	Keypress: 5
181.3027 	DATA 	Keypress: 5
183.3037 	DATA 	Keypress: 5
185.3037 	DATA 	Keypress: 5
186.2966 	EXP 	trial: iTrial = 5, isRemember = 1, delayDur = 9.0, ISI = 16.0, startString = PIQFZ, testLetter = F, testLoc = 4, isCatchTrial = 0
187.3134 	EXP 	mainText: text = 'PIQFZ'
187.3134 	EXP 	Display string (PIQFZ)
187.3150 	DATA 	Keypress: 5
189.3046 	DATA 	Keypress: 5
189.8133 	EXP 	Display fixation (pause)
191.3132 	EXP 	mainText: text = 'REMEMBER'
191.3132 	EXP 	Display cue (REMEMBER)
191.3145 	DATA 	Keypress: 5
192.3132 	EXP 	Display fixation (delay)
193.3056 	DATA 	Keypress: 5
195.3401 	DATA 	Keypress: 5
197.3401 	DATA 	Keypress: 5
199.3401 	DATA 	Keypress: 5
201.3129 	EXP 	mainText: text = 'F?'
201.3129 	EXP 	Display test stim (F?)
201.3402 	DATA 	Keypress: 5
202.8901 	DATA 	Keypress: 4
202.8913 	EXP 	pressed key 4
203.3129 	EXP 	Display fixation (ISI)
203.3400 	DATA 	Keypress: 5
205.3399 	DATA 	Keypress: 5
207.3400 	DATA 	Keypress: 5
209.3400 	DATA 	Keypress: 5
211.3400 	DATA 	Keypress: 5
213.3399 	DATA 	Keypress: 5
215.3408 	DATA 	Keypress: 5
217.3399 	DATA 	Keypress: 5
218.2966 	EXP 	trial: iTrial = 6, isRemember = 1, delayDur = 9.0, ISI = 16.0, startString = MXWOG, testLetter = M, testLoc = 1, isCatchTrial = 0
219.3124 	EXP 	mainText: text = 'MXWOG'
219.3124 	EXP 	Display string (MXWOG)
219.3401 	DATA 	Keypress: 5
221.3399 	DATA 	Keypress: 5
221.8123 	EXP 	Display fixation (pause)
223.3122 	EXP 	mainText: text = 'REMEMBER'
223.3122 	EXP 	Display cue (REMEMBER)
223.3400 	DATA 	Keypress: 5
224.3123 	EXP 	Display fixation (delay)
225.3399 	DATA 	Keypress: 5
227.3399 	DATA 	Keypress: 5
229.3399 	DATA 	Keypress: 5
231.3399 	DATA 	Keypress: 5
233.3130 	EXP 	mainText: text = 'M?'
233.3130 	EXP 	Display test stim (M?)
233.3398 	DATA 	Keypress: 5
234.2404 	DATA 	Keypress: 2
234.2414 	EXP 	pressed key 2
235.3132 	EXP 	Display fixation (ISI)
235.3398 	DATA 	Keypress: 5
236.4044 	DATA 	Keypress: 1
237.3398 	DATA 	Keypress: 5
239.3399 	DATA 	Keypress: 5
241.3398 	DATA 	Keypress: 5
243.3398 	DATA 	Keypress: 5
245.3398 	DATA 	Keypress: 5
247.3397 	DATA 	Keypress: 5
249.3397 	DATA 	Keypress: 5
250.2966 	EXP 	trial: iTrial = 7, isRemember = 0, delayDur = 9.0, ISI = 16.0, startString = TDOHR, testLetter = O, testLoc = 3, isCatchTrial = 0
251.3115 	EXP 	mainText: text = 'TDOHR'
251.3115 	EXP 	Display string (TDOHR)
251.3397 	DATA 	Keypress: 5
253.3397 	DATA 	Keypress: 5
253.8114 	EXP 	Display fixation (pause)
255.3114 	EXP 	mainText: text = 'ALPHABETIZE'
255.3114 	EXP 	Display cue (ALPHABETIZE)
255.3398 	DATA 	Keypress: 5
256.3113 	EXP 	Display fixation (delay)
257.3398 	DATA 	Keypress: 5
259.3396 	DATA 	Keypress: 5
261.3396 	DATA 	Keypress: 5
263.3396 	DATA 	Keypress: 5
265.3110 	EXP 	mainText: text = 'O?'
265.3110 	EXP 	Display test stim (O?)
265.3397 	DATA 	Keypress: 5
267.1897 	DATA 	Keypress: 3
267.1910 	EXP 	pressed key 3
267.3110 	EXP 	Display fixation (ISI)
267.3397 	DATA 	Keypress: 5
269.3396 	DATA 	Keypress: 5
271.3396 	DATA 	Keypress: 5
273.3396 	DATA 	Keypress: 5
275.3395 	DATA 	Keypress: 5
277.3395 	DATA 	Keypress: 5
279.3395 	DATA 	Keypress: 5
281.3395 	DATA 	Keypress: 5
282.2966 	EXP 	trial: iTrial = 8, isRemember = 1, delayDur = 9.0, ISI = 16.0, startString = OWBXM, testLetter = X, testLoc = 4, isCatchTrial = 0
283.3105 	EXP 	mainText: text = 'OWBXM'
283.3105 	EXP 	Display string (OWBXM)
283.3395 	DATA 	Keypress: 5
285.3395 	DATA 	Keypress: 5
285.8104 	EXP 	Display fixation (pause)
287.3104 	EXP 	mainText: text = 'REMEMBER'
287.3104 	EXP 	Display cue (REMEMBER)
287.3395 	DATA 	Keypress: 5
288.3104 	EXP 	Display fixation (delay)
289.3395 	DATA 	Keypress: 5
291.3394 	DATA 	Keypress: 5
293.3394 	DATA 	Keypress: 5
295.3395 	DATA 	Keypress: 5
297.3100 	EXP 	mainText: text = 'X?'
297.3100 	EXP 	Display test stim (X?)
297.3395 	DATA 	Keypress: 5
298.7395 	DATA 	Keypress: 3
298.7407 	EXP 	pressed key 3
299.3100 	EXP 	Display fixation (ISI)
299.3395 	DATA 	Keypress: 5
301.3394 	DATA 	Keypress: 5
303.3394 	DATA 	Keypress: 5
304.2894 	DATA 	Keypress: 4
305.3394 	DATA 	Keypress: 5
307.3393 	DATA 	Keypress: 5
309.3394 	DATA 	Keypress: 5
311.3393 	DATA 	Keypress: 5
313.3394 	DATA 	Keypress: 5
314.2966 	EXP 	trial: iTrial = 9, isRemember = 0, delayDur = 9.0, ISI = 16.0, startString = AOGJF, testLetter = O, testLoc = 5, isCatchTrial = 0
315.3096 	EXP 	mainText: text = 'AOGJF'
315.3096 	EXP 	Display string (AOGJF)
315.3398 	DATA 	Keypress: 5
317.3399 	DATA 	Keypress: 5
317.8094 	EXP 	Display fixation (pause)
319.3093 	EXP 	mainText: text = 'ALPHABETIZE'
319.3093 	EXP 	Display cue (ALPHABETIZE)
319.3409 	DATA 	Keypress: 5
320.3093 	EXP 	Display fixation (delay)
321.3409 	DATA 	Keypress: 5
323.3418 	DATA 	Keypress: 5
325.3419 	DATA 	Keypress: 5
327.3429 	DATA 	Keypress: 5
329.3092 	EXP 	mainText: text = 'O?'
329.3092 	EXP 	Display test stim (O?)
329.3438 	DATA 	Keypress: 5
331.1479 	DATA 	Keypress: 3
331.1488 	EXP 	pressed key 3
331.3091 	EXP 	Display fixation (ISI)
331.3438 	DATA 	Keypress: 5
333.3449 	DATA 	Keypress: 5
335.3448 	DATA 	Keypress: 5
337.3458 	DATA 	Keypress: 5
339.3458 	DATA 	Keypress: 5
341.3468 	DATA 	Keypress: 5
343.3468 	DATA 	Keypress: 5
345.3477 	DATA 	Keypress: 5
346.2966 	EXP 	trial: iTrial = 10, isRemember = 0, delayDur = 9.0, ISI = 16.0, startString = GVQSW, testLetter = G, testLoc = 1, isCatchTrial = 0
347.3099 	EXP 	mainText: text = 'GVQSW'
347.3099 	EXP 	Display string (GVQSW)
347.3487 	DATA 	Keypress: 5
349.3487 	DATA 	Keypress: 5
349.8102 	EXP 	Display fixation (pause)
351.3104 	EXP 	mainText: text = 'ALPHABETIZE'
351.3104 	EXP 	Display cue (ALPHABETIZE)
351.3496 	DATA 	Keypress: 5
352.3105 	EXP 	Display fixation (delay)
353.3498 	DATA 	Keypress: 5
355.3507 	DATA 	Keypress: 5
357.3507 	DATA 	Keypress: 5
359.3516 	DATA 	Keypress: 5
361.3116 	EXP 	mainText: text = 'G?'
361.3116 	EXP 	Display test stim (G?)
361.3527 	DATA 	Keypress: 5
362.3891 	DATA 	Keypress: 1
362.3904 	EXP 	pressed key 1
363.3118 	EXP 	Display fixation (ISI)
363.3525 	DATA 	Keypress: 5
365.3537 	DATA 	Keypress: 5
367.3535 	DATA 	Keypress: 5
369.3546 	DATA 	Keypress: 5
371.3546 	DATA 	Keypress: 5
373.3891 	DATA 	Keypress: 5
375.3890 	DATA 	Keypress: 5
377.3890 	DATA 	Keypress: 5
378.2966 	EXP 	trial: iTrial = 11, isRemember = 1, delayDur = 9.0, ISI = 16.0, startString = TWUOA, testLetter = U, testLoc = 3, isCatchTrial = 0
379.3137 	EXP 	mainText: text = 'TWUOA'
379.3137 	EXP 	Display string (TWUOA)
379.3890 	DATA 	Keypress: 5
381.3890 	DATA 	Keypress: 5
381.8076 	EXP 	Display fixation (pause)
383.3074 	EXP 	mainText: text = 'REMEMBER'
383.3074 	EXP 	Display cue (REMEMBER)
383.3890 	DATA 	Keypress: 5
384.3075 	EXP 	Display fixation (delay)
385.3890 	DATA 	Keypress: 5
387.3890 	DATA 	Keypress: 5
389.3890 	DATA 	Keypress: 5
391.3897 	DATA 	Keypress: 5
393.3071 	EXP 	mainText: text = 'U?'
393.3071 	EXP 	Display test stim (U?)
393.3889 	DATA 	Keypress: 5
394.3390 	DATA 	Keypress: 3
394.3403 	EXP 	pressed key 3
395.3071 	EXP 	Display fixation (ISI)
395.3890 	DATA 	Keypress: 5
397.3889 	DATA 	Keypress: 5
399.3888 	DATA 	Keypress: 5
401.3888 	DATA 	Keypress: 5
403.3888 	DATA 	Keypress: 5
405.3888 	DATA 	Keypress: 5
407.3889 	DATA 	Keypress: 5
409.3889 	DATA 	Keypress: 5
410.2966 	EXP 	trial: iTrial = 12, isRemember = 1, delayDur = 9.0, ISI = 16.0, startString = IHKQZ, testLetter = Q, testLoc = 4, isCatchTrial = 0
411.3066 	EXP 	mainText: text = 'IHKQZ'
411.3066 	EXP 	Display string (IHKQZ)
411.3889 	DATA 	Keypress: 5
413.3888 	DATA 	Keypress: 5
413.8065 	EXP 	Display fixation (pause)
415.3065 	EXP 	mainText: text = 'REMEMBER'
415.3065 	EXP 	Display cue (REMEMBER)
415.3888 	DATA 	Keypress: 5
416.3065 	EXP 	Display fixation (delay)
417.3888 	DATA 	Keypress: 5
419.3888 	DATA 	Keypress: 5
421.3888 	DATA 	Keypress: 5
423.3887 	DATA 	Keypress: 5
425.3062 	EXP 	mainText: text = 'Q?'
425.3062 	EXP 	Display test stim (Q?)
425.3887 	DATA 	Keypress: 5
425.9888 	DATA 	Keypress: 4
425.9901 	EXP 	pressed key 4
427.3062 	EXP 	Display fixation (ISI)
427.3887 	DATA 	Keypress: 5
428.0433 	DATA 	Keypress: 4
429.3888 	DATA 	Keypress: 5
431.3887 	DATA 	Keypress: 5
433.3886 	DATA 	Keypress: 5
435.3887 	DATA 	Keypress: 5
437.3887 	DATA 	Keypress: 5
439.3886 	DATA 	Keypress: 5
441.3886 	DATA 	Keypress: 5
442.2966 	EXP 	trial: iTrial = 13, isRemember = 1, delayDur = 9.0, ISI = 16.0, startString = NIHZK, testLetter = H, testLoc = 3, isCatchTrial = 0
443.3056 	EXP 	mainText: text = 'NIHZK'
443.3056 	EXP 	Display string (NIHZK)
443.3886 	DATA 	Keypress: 5
445.3886 	DATA 	Keypress: 5
445.8057 	EXP 	Display fixation (pause)
447.3056 	EXP 	mainText: text = 'REMEMBER'
447.3056 	EXP 	Display cue (REMEMBER)
447.3885 	DATA 	Keypress: 5
448.3056 	EXP 	Display fixation (delay)
449.3886 	DATA 	Keypress: 5
451.3885 	DATA 	Keypress: 5
453.3886 	DATA 	Keypress: 5
455.3886 	DATA 	Keypress: 5
457.3064 	EXP 	mainText: text = 'H?'
457.3064 	EXP 	Display test stim (H?)
457.3885 	DATA 	Keypress: 5
458.5911 	DATA 	Keypress: 3
458.5921 	EXP 	pressed key 3
459.3066 	EXP 	Display fixation (ISI)
459.3885 	DATA 	Keypress: 5
461.3885 	DATA 	Keypress: 5
463.3885 	DATA 	Keypress: 5
465.3885 	DATA 	Keypress: 5
467.3884 	DATA 	Keypress: 5
469.3885 	DATA 	Keypress: 5
471.3884 	DATA 	Keypress: 5
473.3884 	DATA 	Keypress: 5
474.2966 	EXP 	trial: iTrial = 14, isRemember = 0, delayDur = 9.0, ISI = 16.0, startString = HTNER, testLetter = E, testLoc = 1, isCatchTrial = 0
475.3085 	EXP 	mainText: text = 'HTNER'
475.3085 	EXP 	Display string (HTNER)
475.3884 	DATA 	Keypress: 5
477.3884 	DATA 	Keypress: 5
477.8088 	EXP 	Display fixation (pause)
479.3090 	EXP 	mainText: text = 'ALPHABETIZE'
479.3090 	EXP 	Display cue (ALPHABETIZE)
479.3884 	DATA 	Keypress: 5
480.3092 	EXP 	Display fixation (delay)
481.3884 	DATA 	Keypress: 5
483.3884 	DATA 	Keypress: 5
485.3884 	DATA 	Keypress: 5
487.3884 	DATA 	Keypress: 5
489.3102 	EXP 	mainText: text = 'E?'
489.3102 	EXP 	Display test stim (E?)
489.3882 	DATA 	Keypress: 5
490.7909 	DATA 	Keypress: 1
490.7918 	EXP 	pressed key 1
491.3105 	EXP 	Display fixation (ISI)
491.3883 	DATA 	Keypress: 5
493.3890 	DATA 	Keypress: 5
495.3888 	DATA 	Keypress: 5
497.3898 	DATA 	Keypress: 5
499.3899 	DATA 	Keypress: 5
501.3909 	DATA 	Keypress: 5
503.3908 	DATA 	Keypress: 5
505.3918 	DATA 	Keypress: 5
506.2966 	EXP 	trial: iTrial = 15, isRemember = 1, delayDur = 9.0, ISI = 16.0, startString = OTAQD, testLetter = A, testLoc = 3, isCatchTrial = 0
507.3123 	EXP 	mainText: text = 'OTAQD'
507.3123 	EXP 	Display string (OTAQD)
507.3928 	DATA 	Keypress: 5
509.3928 	DATA 	Keypress: 5
509.8126 	EXP 	Display fixation (pause)
511.3129 	EXP 	mainText: text = 'REMEMBER'
511.3129 	EXP 	Display cue (REMEMBER)
511.3938 	DATA 	Keypress: 5
512.3130 	EXP 	Display fixation (delay)
513.3938 	DATA 	Keypress: 5
515.3948 	DATA 	Keypress: 5
517.3957 	DATA 	Keypress: 5
519.3958 	DATA 	Keypress: 5
521.3033 	EXP 	mainText: text = 'A?'
521.3033 	EXP 	Display test stim (A?)
521.3957 	DATA 	Keypress: 5
522.9882 	DATA 	Keypress: 3
522.9894 	EXP 	pressed key 3
523.3033 	EXP 	Display fixation (ISI)
523.3968 	DATA 	Keypress: 5
525.3977 	DATA 	Keypress: 5
527.3978 	DATA 	Keypress: 5
529.3987 	DATA 	Keypress: 5
531.3987 	DATA 	Keypress: 5
533.3997 	DATA 	Keypress: 5
535.3997 	DATA 	Keypress: 5
537.4008 	DATA 	Keypress: 5
538.2966 	EXP 	trial: iTrial = 16, isRemember = 0, delayDur = 9.0, ISI = 16.0, startString = IFQWR, testLetter = I, testLoc = 2, isCatchTrial = 0
539.3028 	EXP 	mainText: text = 'IFQWR'
539.3028 	EXP 	Display string (IFQWR)
539.4017 	DATA 	Keypress: 5
541.4017 	DATA 	Keypress: 5
541.8027 	EXP 	Display fixation (pause)
543.3026 	EXP 	mainText: text = 'ALPHABETIZE'
543.3026 	EXP 	Display cue (ALPHABETIZE)
543.4026 	DATA 	Keypress: 5
544.3025 	EXP 	Display fixation (delay)
545.4026 	DATA 	Keypress: 5
547.4036 	DATA 	Keypress: 5
549.4036 	DATA 	Keypress: 5
551.4381 	DATA 	Keypress: 5
553.3023 	EXP 	mainText: text = 'I?'
553.3023 	EXP 	Display test stim (I?)
553.4381 	DATA 	Keypress: 5
554.3381 	DATA 	Keypress: 1
554.3393 	EXP 	pressed key 1
555.3023 	EXP 	Display fixation (ISI)
555.4381 	DATA 	Keypress: 5
557.4380 	DATA 	Keypress: 5
559.4380 	DATA 	Keypress: 5
561.4380 	DATA 	Keypress: 5
563.4380 	DATA 	Keypress: 5
565.4380 	DATA 	Keypress: 5
567.4380 	DATA 	Keypress: 5
569.4380 	DATA 	Keypress: 5
570.2966 	EXP 	trial: iTrial = 17, isRemember = 0, delayDur = 9.0, ISI = 16.0, startString = EOWGS, testLetter = S, testLoc = 4, isCatchTrial = 0
571.3033 	EXP 	mainText: text = 'EOWGS'
571.3033 	EXP 	Display string (EOWGS)
571.4380 	DATA 	Keypress: 5
573.4380 	DATA 	Keypress: 5
573.8036 	EXP 	Display fixation (pause)
575.3038 	EXP 	mainText: text = 'ALPHABETIZE'
575.3038 	EXP 	Display cue (ALPHABETIZE)
575.4379 	DATA 	Keypress: 5
576.3039 	EXP 	Display fixation (delay)
577.4380 	DATA 	Keypress: 5
579.4378 	DATA 	Keypress: 5
581.4379 	DATA 	Keypress: 5
583.4378 	DATA 	Keypress: 5
585.3050 	EXP 	mainText: text = 'S?'
585.3050 	EXP 	Display test stim (S?)
585.4379 	DATA 	Keypress: 5
586.6013 	DATA 	Keypress: 4
586.6022 	EXP 	pressed key 4
587.3053 	EXP 	Display fixation (ISI)
587.4379 	DATA 	Keypress: 5
589.4378 	DATA 	Keypress: 5
591.4378 	DATA 	Keypress: 5
593.4378 	DATA 	Keypress: 5
595.4379 	DATA 	Keypress: 5
597.4378 	DATA 	Keypress: 5
599.4378 	DATA 	Keypress: 5
601.4378 	DATA 	Keypress: 5
602.2966 	EXP 	trial: iTrial = 18, isRemember = 0, delayDur = 9.0, ISI = 16.0, startString = XWUYG, testLetter = X, testLoc = 4, isCatchTrial = 0
603.3071 	EXP 	mainText: text = 'XWUYG'
603.3071 	EXP 	Display string (XWUYG)
603.4376 	DATA 	Keypress: 5
605.4377 	DATA 	Keypress: 5
605.8074 	EXP 	Display fixation (pause)
607.3076 	EXP 	mainText: text = 'ALPHABETIZE'
607.3076 	EXP 	Display cue (ALPHABETIZE)
607.4377 	DATA 	Keypress: 5
608.3077 	EXP 	Display fixation (delay)
609.4377 	DATA 	Keypress: 5
611.4377 	DATA 	Keypress: 5
613.4377 	DATA 	Keypress: 5
615.4376 	DATA 	Keypress: 5
617.3088 	EXP 	mainText: text = 'X?'
617.3088 	EXP 	Display test stim (X?)
617.4376 	DATA 	Keypress: 5
618.5876 	DATA 	Keypress: 3
618.5889 	EXP 	pressed key 3
619.3091 	EXP 	Display fixation (ISI)
619.4376 	DATA 	Keypress: 5
621.4376 	DATA 	Keypress: 5
623.4376 	DATA 	Keypress: 5
625.4376 	DATA 	Keypress: 5
627.4375 	DATA 	Keypress: 5
629.4376 	DATA 	Keypress: 5
631.4375 	DATA 	Keypress: 5
633.4375 	DATA 	Keypress: 5
634.2966 	EXP 	trial: iTrial = 19, isRemember = 1, delayDur = 9.0, ISI = 16.0, startString = STYPL, testLetter = T, testLoc = 2, isCatchTrial = 0
635.3110 	EXP 	mainText: text = 'STYPL'
635.3110 	EXP 	Display string (STYPL)
635.4375 	DATA 	Keypress: 5
637.4375 	DATA 	Keypress: 5
637.8112 	EXP 	Display fixation (pause)
639.3115 	EXP 	mainText: text = 'REMEMBER'
639.3115 	EXP 	Display cue (REMEMBER)
639.4375 	DATA 	Keypress: 5
640.3116 	EXP 	Display fixation (delay)
641.4375 	DATA 	Keypress: 5
643.4375 	DATA 	Keypress: 5
645.4375 	DATA 	Keypress: 5
647.4375 	DATA 	Keypress: 5
649.3127 	EXP 	mainText: text = 'T?'
649.3127 	EXP 	Display test stim (T?)
649.4374 	DATA 	Keypress: 5
650.4375 	DATA 	Keypress: 2
650.4393 	EXP 	pressed key 2
651.3129 	EXP 	Display fixation (ISI)
651.4374 	DATA 	Keypress: 5
653.4374 	DATA 	Keypress: 5
655.4374 	DATA 	Keypress: 5
657.4374 	DATA 	Keypress: 5
659.4374 	DATA 	Keypress: 5
661.4374 	DATA 	Keypress: 5
663.4374 	DATA 	Keypress: 5
665.4374 	DATA 	Keypress: 5
666.2966 	EXP 	trial: iTrial = 20, isRemember = 1, delayDur = 9.0, ISI = 16.0, startString = GXWTC, testLetter = X, testLoc = 2, isCatchTrial = 0
667.2990 	EXP 	mainText: text = 'GXWTC'
667.2990 	EXP 	Display string (GXWTC)
667.4373 	DATA 	Keypress: 5
669.4373 	DATA 	Keypress: 5
669.7991 	EXP 	Display fixation (pause)
671.2989 	EXP 	mainText: text = 'REMEMBER'
671.2989 	EXP 	Display cue (REMEMBER)
671.4379 	DATA 	Keypress: 5
672.2989 	EXP 	Display fixation (delay)
673.4379 	DATA 	Keypress: 5
675.4389 	DATA 	Keypress: 5
677.4388 	DATA 	Keypress: 5
679.4399 	DATA 	Keypress: 5
681.2998 	EXP 	mainText: text = 'X?'
681.2998 	EXP 	Display test stim (X?)
681.4399 	DATA 	Keypress: 5
682.5373 	DATA 	Keypress: 2
682.5386 	EXP 	pressed key 2
683.3002 	EXP 	Display fixation (ISI)
683.4409 	DATA 	Keypress: 5
685.4408 	DATA 	Keypress: 5
687.4418 	DATA 	Keypress: 5
689.4429 	DATA 	Keypress: 5
691.4429 	DATA 	Keypress: 5
693.4437 	DATA 	Keypress: 5
695.4438 	DATA 	Keypress: 5
697.4448 	DATA 	Keypress: 5
699.4447 	DATA 	Keypress: 5
701.4457 	DATA 	Keypress: 5
703.4467 	DATA 	Keypress: 5
705.4467 	DATA 	Keypress: 5
707.2965 	EXP 	--- END EXPERIMENT ---
707.3477 	EXP 	topMsg: text = "That's the end! Please continue to HOLD AS STILL AS POSSIBLE until the scanner turns off (and even then, try to minimize any head motion between scans). Thank you!"
707.3477 	EXP 	bottomMsg: text = "Press 'q' or 'escape' to end the session."
707.3477 	EXP 	Display TheEnd
707.4476 	DATA 	Keypress: 5
709.4477 	DATA 	Keypress: 5
711.4486 	DATA 	Keypress: 5
717.5947 	DATA 	Keypress: escape
