1.0548 	WARNING 	We strongly recommend you activate the PTB sound engine in PsychoPy prefs as the preferred audio engine. Its timing is vastly superior. Your prefs are currently set to use ['sounddevice', 'PTB', 'pyo', 'pygame'] (in that order).
14.9714 	INFO 	---START PARAMETERS---
14.9715 	INFO 	filename: TappingWithTrTiming_Movie_d3.py-1tt-121-Mar_18_1436
14.9715 	INFO 	subject: 1tt
14.9715 	INFO 	session: 121
14.9715 	INFO 	date: Mar_18_1436
14.9715 	INFO 	blockDur_TRs: 8
14.9715 	INFO 	condition: vis
14.9715 	INFO 	fixCrossPos: [0, 0]
14.9715 	INFO 	fixCrossSize: 100
14.9715 	INFO 	fullScreen: True
14.9715 	INFO 	movieFolder: Images/
14.9715 	INFO 	movieSize: (1600, 1000)
14.9715 	INFO 	nBlocks: 68
14.9715 	INFO 	promptDir: Text/
14.9715 	INFO 	restDur_TRs: 8
14.9715 	INFO 	screenColor: (128, 128, 128)
14.9715 	INFO 	screenToShow: 1
14.9715 	INFO 	skipPrompts: False
14.9716 	INFO 	tStartup_TRs: 0
14.9716 	INFO 	textHeight: 40
14.9716 	INFO 	triggerKey: t
14.9716 	INFO 	---END PARAMETERS---
15.8188 	INFO 	Loaded monitor calibration from ['2022_03_25 08:03']
17.0094 	WARNING 	Couldn't measure a consistent frame rate!
  - Is your graphics card set to sync to vertical blank?
  - Are you running other processes on your computer?

17.0099 	EXP 	Created win = Window(allowGUI=False, allowStencil=False, autoLog=True, backendConf=UNKNOWN, bitsMode=UNKNOWN, blendMode='avg', bpc=(8, 8, 8), color=array([128, 128, 128]), colorSpace='rgb255', depthBits=8, fullscr=<method-wrapper '__getattribute__' of attributeSetter object at 0x7fa6119bc190>, gamma=None, gammaErrorPolicy='raise', lms=UNKNOWN, monitor=<psychopy.monitors.calibTools.Monitor object at 0x7fa6a1522220>, multiSample=False, name='win', numSamples=2, pos=(2136, 188), screen=1, size=array([5120, 2880]), stencilBits=0, stereo=False, units='deg', useFBO=False, useRetina=True, viewOri=0.0, viewPos=None, viewScale=None, waitBlanking=True, winType='pyglet')
17.0101 	EXP 	win: mouseVisible = True
17.0149 	EXP 	Created fixCross = ShapeStim(__class__=<class 'psychopy.visual.shape.ShapeStim'>, anchor=('center', 'center'), autoDraw=False, autoLog=True, closeShape=False, color=method-wrapper(...), colorSpace='rgb', contrast=None, depth=0, fillColor=array([0, 0, 0]), fillColorSpace='rgb', fillRGB=array([0, 0, 0]), interpolate=True, lineColor=array([-1., -1., -1.]), lineColorSpace='rgb', lineRGB=array([-1., -1., -1.]), lineWidth=3.0, name='fixCross', opacity=0.5, ori=0.0, pos=array([0., 0.]), size=array([1., 1.]), units='pix', vertices=ndarray(...), win=Window(...), windingRule=None)
17.0154 	WARNING 	TextStim.alignHoriz is deprecated. Use alignText and anchorHoriz attributes instead
17.0493 	EXP 	Created topMsg = TextStim(__class__=<class 'psychopy.visual.text.TextStim'>, alignHoriz='center', alignText='center', alignVert=method-wrapper(...), anchorHoriz='center', anchorVert='center', antialias=True, autoLog=True, bold=False, color=array([-1., -1., -1.]), colorSpace='rgb', contrast=1.0, depth=0, flipHoriz=False, flipVert=False, font='', fontFiles=[], height=0.1, italic=False, languageStyle='LTR', name='topMsg', opacity=1.0, ori=0.0, pos=array([0. , 0.5]), rgb=UNKNOWN, text='aaa', units='norm', win=Window(...), wrapWidth=1.5)
17.0494 	WARNING 	TextStim.alignHoriz is deprecated. Use alignText and anchorHoriz attributes instead
17.0520 	EXP 	Created bottomMsg = TextStim(__class__=<class 'psychopy.visual.text.TextStim'>, alignHoriz='center', alignText='center', alignVert=method-wrapper(...), anchorHoriz='center', anchorVert='center', antialias=True, autoLog=True, bold=False, color=array([-1., -1., -1.]), colorSpace='rgb', contrast=1.0, depth=0, flipHoriz=False, flipVert=False, font='', fontFiles=[], height=0.1, italic=False, languageStyle='LTR', name='bottomMsg', opacity=1.0, ori=0.0, pos=array([ 0. , -0.5]), rgb=UNKNOWN, text='bbb', units='norm', win=Window(...), wrapWidth=1.5)
17.0755 	EXP 	Created Movie Frame 0 = ImageStim(__class__=<class 'psychopy.visual.image.ImageStim'>, anchor=('center', 'center'), autoLog=True, color=array([1., 1., 1.]), colorSpace='rgb', contrast=1.0, depth=0, flipHoriz=False, flipVert=False, image='Images/visual_0.png', interpolate=False, mask=None, maskParams=None, name='Movie Frame 0', opacity=1, ori=0.0, pos=array([0., 0.]), size=array([1600., 1000.]), texRes=128, units='pix', win=Window(...))
17.0871 	EXP 	Created Movie Frame 1 = ImageStim(__class__=<class 'psychopy.visual.image.ImageStim'>, anchor=('center', 'center'), autoLog=True, color=array([1., 1., 1.]), colorSpace='rgb', contrast=1.0, depth=0, flipHoriz=False, flipVert=False, image='Images/visual_1.png', interpolate=False, mask=None, maskParams=None, name='Movie Frame 1', opacity=1, ori=0.0, pos=array([0., 0.]), size=array([1600., 1000.]), texRes=128, units='pix', win=Window(...))
17.0946 	EXP 	Created unnamed TextStim = TextStim(__class__=<class 'psychopy.visual.text.TextStim'>, alignHoriz=method-wrapper(...), alignText='center', alignVert=method-wrapper(...), anchorHoriz='center', anchorVert='center', antialias=True, autoLog=True, bold=False, color=array([-1., -1., -1.]), colorSpace='rgb', contrast=1.0, depth=0, flipHoriz=False, flipVert=False, font='', fontFiles=[], height=40.0, italic=False, languageStyle='LTR', name='unnamed TextStim', opacity=1.0, ori=0.0, pos=array([  0., 580.]), rgb=UNKNOWN, text='look at the center', units='pix', win=Window(...), wrapWidth=1600)
17.1121 	WARNING 	t of last frame was 102.75ms (=1/9)
17.1121 	EXP 	topMsg: height = 0.1
17.1121 	EXP 	topMsg: height = 0.1
17.1121 	EXP 	topMsg: text = 'You will see a flickering checkerboard. When it is on the screen, try to fixate the center of the checkerboard. When the fixation cross appears, relax and stare at the cross.'
17.1121 	EXP 	bottomMsg: height = 0.1
17.1121 	EXP 	bottomMsg: height = 0.1
17.1121 	EXP 	bottomMsg: text = 'The experiment will begin shortly'
17.1121 	EXP 	Display Instructions1
21.1244 	DATA 	Keypress: t
21.1740 	WARNING 	t of last frame was 4061.92ms (=1/0)
21.1740 	EXP 	topMsg: height = 0.1
21.1740 	EXP 	topMsg: height = 0.1
21.1740 	EXP 	topMsg: text = "Please don't move..."
21.1740 	EXP 	bottomMsg: height = 0.1
21.1740 	EXP 	bottomMsg: height = 0.1
21.1740 	EXP 	bottomMsg: text = ''
21.1740 	EXP 	PleaseDontMove
21.4019 	DATA 	Keypress: q
21.5857 	DATA 	Keypress: t
21.5914 	WARNING 	t of last frame was 417.36ms (=1/2)
21.5914 	EXP 	Display Fixation
21.5914 	EXP 	---START EXPERIMENT---
21.6082 	EXP 	Display Fixation
21.6231 	EXP 	topMsg: height = 0.1
21.6231 	EXP 	topMsg: height = 0.1
21.6231 	EXP 	topMsg: text = "Thank you very much! \n\nThat's it with the tapping"
21.6231 	EXP 	bottomMsg: height = 0.1
21.6231 	EXP 	bottomMsg: height = 0.1
21.6231 	EXP 	bottomMsg: text = "Please relax for the ramaining time \n\n Press 'q' or 'escape' to end the session."
21.6231 	EXP 	Display TheEnd
21.7339 	DATA 	Keypress: q
21.7910 	EXP 	win: mouseVisible = True
