0.9520 	WARNING 	We strongly recommend you activate the PTB sound engine in PsychoPy prefs as the preferred audio engine. Its timing is vastly superior. Your prefs are currently set to use ['sounddevice', 'PTB', 'pyo', 'pygame'] (in that order).
6.5028 	INFO 	---START PARAMETERS---
6.5029 	INFO 	filename: TappingWithTrTiming_Movie_d3.py-1tt-119-Mar_18_1434
6.5029 	INFO 	subject: 1tt
6.5029 	INFO 	session: 119
6.5029 	INFO 	date: Mar_18_1434
6.5029 	INFO 	blockDur_TRs: 8
6.5029 	INFO 	condition: vis
6.5029 	INFO 	fixCrossPos: [0, 0]
6.5029 	INFO 	fixCrossSize: 100
6.5030 	INFO 	fullScreen: True
6.5030 	INFO 	movieFolder: Images/
6.5030 	INFO 	movieSize: (1600, 1000)
6.5030 	INFO 	nBlocks: 68
6.5030 	INFO 	promptDir: Text/
6.5030 	INFO 	restDur_TRs: 8
6.5030 	INFO 	screenColor: (128, 128, 128)
6.5030 	INFO 	screenToShow: 1
6.5030 	INFO 	skipPrompts: False
6.5030 	INFO 	tStartup_TRs: 0
6.5030 	INFO 	textHeight: 40
6.5030 	INFO 	triggerKey: t
6.5030 	INFO 	---END PARAMETERS---
7.4023 	INFO 	Loaded monitor calibration from ['2022_03_25 08:03']
8.5594 	WARNING 	Couldn't measure a consistent frame rate!
  - Is your graphics card set to sync to vertical blank?
  - Are you running other processes on your computer?

8.5603 	EXP 	Created win = Window(allowGUI=False, allowStencil=False, autoLog=True, backendConf=UNKNOWN, bitsMode=UNKNOWN, blendMode='avg', bpc=(8, 8, 8), color=array([128, 128, 128]), colorSpace='rgb255', depthBits=8, fullscr=<method-wrapper '__getattribute__' of attributeSetter object at 0x7fa8f926a250>, gamma=None, gammaErrorPolicy='raise', lms=UNKNOWN, monitor=<psychopy.monitors.calibTools.Monitor object at 0x7fa9408a2220>, multiSample=False, name='win', numSamples=2, pos=(2208, -15), screen=1, size=array([3840, 2160]), stencilBits=0, stereo=False, units='deg', useFBO=False, useRetina=True, viewOri=0.0, viewPos=None, viewScale=None, waitBlanking=True, winType='pyglet')
8.5607 	EXP 	win: mouseVisible = True
8.5687 	EXP 	Created fixCross = ShapeStim(__class__=<class 'psychopy.visual.shape.ShapeStim'>, anchor=('center', 'center'), autoDraw=False, autoLog=True, closeShape=False, color=method-wrapper(...), colorSpace='rgb', contrast=None, depth=0, fillColor=array([0, 0, 0]), fillColorSpace='rgb', fillRGB=array([0, 0, 0]), interpolate=True, lineColor=array([-1., -1., -1.]), lineColorSpace='rgb', lineRGB=array([-1., -1., -1.]), lineWidth=3.0, name='fixCross', opacity=0.5, ori=0.0, pos=array([0., 0.]), size=array([1., 1.]), units='pix', vertices=ndarray(...), win=Window(...), windingRule=None)
8.5694 	WARNING 	TextStim.alignHoriz is deprecated. Use alignText and anchorHoriz attributes instead
8.6002 	EXP 	Created topMsg = TextStim(__class__=<class 'psychopy.visual.text.TextStim'>, alignHoriz='center', alignText='center', alignVert=method-wrapper(...), anchorHoriz='center', anchorVert='center', antialias=True, autoLog=True, bold=False, color=array([-1., -1., -1.]), colorSpace='rgb', contrast=1.0, depth=0, flipHoriz=False, flipVert=False, font='', fontFiles=[], height=0.1, italic=False, languageStyle='LTR', name='topMsg', opacity=1.0, ori=0.0, pos=array([0. , 0.5]), rgb=UNKNOWN, text='aaa', units='norm', win=Window(...), wrapWidth=1.5)
8.6004 	WARNING 	TextStim.alignHoriz is deprecated. Use alignText and anchorHoriz attributes instead
8.6026 	EXP 	Created bottomMsg = TextStim(__class__=<class 'psychopy.visual.text.TextStim'>, alignHoriz='center', alignText='center', alignVert=method-wrapper(...), anchorHoriz='center', anchorVert='center', antialias=True, autoLog=True, bold=False, color=array([-1., -1., -1.]), colorSpace='rgb', contrast=1.0, depth=0, flipHoriz=False, flipVert=False, font='', fontFiles=[], height=0.1, italic=False, languageStyle='LTR', name='bottomMsg', opacity=1.0, ori=0.0, pos=array([ 0. , -0.5]), rgb=UNKNOWN, text='bbb', units='norm', win=Window(...), wrapWidth=1.5)
8.6250 	EXP 	Created Movie Frame 0 = ImageStim(__class__=<class 'psychopy.visual.image.ImageStim'>, anchor=('center', 'center'), autoLog=True, color=array([1., 1., 1.]), colorSpace='rgb', contrast=1.0, depth=0, flipHoriz=False, flipVert=False, image='Images/visual_0.png', interpolate=False, mask=None, maskParams=None, name='Movie Frame 0', opacity=1, ori=0.0, pos=array([0., 0.]), size=array([1600., 1000.]), texRes=128, units='pix', win=Window(...))
8.6360 	EXP 	Created Movie Frame 1 = ImageStim(__class__=<class 'psychopy.visual.image.ImageStim'>, anchor=('center', 'center'), autoLog=True, color=array([1., 1., 1.]), colorSpace='rgb', contrast=1.0, depth=0, flipHoriz=False, flipVert=False, image='Images/visual_1.png', interpolate=False, mask=None, maskParams=None, name='Movie Frame 1', opacity=1, ori=0.0, pos=array([0., 0.]), size=array([1600., 1000.]), texRes=128, units='pix', win=Window(...))
8.6429 	EXP 	Created unnamed TextStim = TextStim(__class__=<class 'psychopy.visual.text.TextStim'>, alignHoriz=method-wrapper(...), alignText='center', alignVert=method-wrapper(...), anchorHoriz='center', anchorVert='center', antialias=True, autoLog=True, bold=False, color=array([-1., -1., -1.]), colorSpace='rgb', contrast=1.0, depth=0, flipHoriz=False, flipVert=False, font='', fontFiles=[], height=40.0, italic=False, languageStyle='LTR', name='unnamed TextStim', opacity=1.0, ori=0.0, pos=array([  0., 580.]), rgb=UNKNOWN, text='look at the center', units='pix', win=Window(...), wrapWidth=1600)
8.6590 	WARNING 	t of last frame was 99.79ms (=1/10)
8.6590 	EXP 	topMsg: height = 0.1
8.6590 	EXP 	topMsg: height = 0.1
8.6590 	EXP 	topMsg: text = 'You will see a flickering checkerboard. When it is on the screen, try to fixate the center of the checkerboard. When the fixation cross appears, relax and stare at the cross.'
8.6590 	EXP 	bottomMsg: height = 0.1
8.6590 	EXP 	bottomMsg: height = 0.1
8.6590 	EXP 	bottomMsg: text = 'The experiment will begin shortly'
8.6590 	EXP 	Display Instructions1
8.7816 	DATA 	Keypress: t
8.7871 	WARNING 	t of last frame was 128.12ms (=1/7)
8.7871 	EXP 	topMsg: height = 0.1
8.7871 	EXP 	topMsg: height = 0.1
8.7871 	EXP 	topMsg: text = "Please don't move..."
8.7871 	EXP 	bottomMsg: height = 0.1
8.7871 	EXP 	bottomMsg: height = 0.1
8.7871 	EXP 	bottomMsg: text = ''
8.7871 	EXP 	PleaseDontMove
8.9204 	DATA 	Keypress: t
8.9230 	WARNING 	t of last frame was 135.96ms (=1/7)
8.9230 	EXP 	Display Fixation
8.9231 	EXP 	---START EXPERIMENT---
8.9246 	EXP 	Display Fixation
9.0723 	DATA 	Keypress: t
9.2194 	DATA 	Keypress: t
9.3631 	DATA 	Keypress: t
9.4962 	DATA 	Keypress: t
9.6495 	DATA 	Keypress: t
9.7902 	DATA 	Keypress: t
9.9283 	DATA 	Keypress: t
10.0811 	DATA 	Keypress: t
10.0910 	WARNING 	t of last frame was 1166.48ms (=1/0)
10.2092 	WARNING 	Multiple dropped frames have occurred - I'll stop bothering you about them!
10.2092 	EXP 	Display Frame 1
10.3320 	DATA 	Keypress: t
10.3341 	EXP 	Display Frame 0
10.4574 	DATA 	Keypress: t
10.4605 	EXP 	Display Frame 1
10.5831 	EXP 	Display Frame 0
10.7081 	EXP 	Display Frame 1
10.8330 	EXP 	Display Frame 0
10.9587 	EXP 	Display Frame 1
10.9600 	DATA 	Keypress: t
11.0837 	EXP 	Display Frame 0
11.2071 	DATA 	Keypress: t
11.2096 	EXP 	Display Frame 1
11.3319 	DATA 	Keypress: t
11.3342 	EXP 	Display Frame 0
11.4568 	DATA 	Keypress: t
11.4589 	EXP 	Display Frame 1
11.5818 	DATA 	Keypress: t
11.5838 	EXP 	Display Frame 0
11.7071 	DATA 	Keypress: t
11.7089 	EXP 	Display Frame 1
11.7119 	EXP 	Display Fixation
11.8591 	DATA 	Keypress: t
12.0231 	DATA 	Keypress: t
12.1410 	DATA 	Keypress: t
12.3020 	DATA 	Keypress: t
12.4520 	DATA 	Keypress: t
12.6140 	DATA 	Keypress: t
12.7543 	DATA 	Keypress: t
12.9221 	DATA 	Keypress: t
13.0503 	EXP 	Display Frame 1
13.1731 	DATA 	Keypress: t
13.1759 	EXP 	Display Frame 0
13.2979 	DATA 	Keypress: t
13.3000 	EXP 	Display Frame 1
13.4228 	DATA 	Keypress: t
13.4257 	EXP 	Display Frame 0
13.5478 	DATA 	Keypress: t
13.5498 	EXP 	Display Frame 1
13.6729 	DATA 	Keypress: t
13.6749 	EXP 	Display Frame 0
13.7995 	EXP 	Display Frame 1
13.9228 	DATA 	Keypress: t
13.9252 	EXP 	Display Frame 0
14.0477 	DATA 	Keypress: t
14.0500 	EXP 	Display Frame 1
14.1728 	DATA 	Keypress: t
14.1748 	EXP 	Display Frame 0
14.1890 	EXP 	Display Fixation
14.2920 	DATA 	Keypress: t
14.4471 	DATA 	Keypress: t
14.5923 	DATA 	Keypress: t
14.7509 	DATA 	Keypress: t
14.9120 	DATA 	Keypress: t
15.0880 	DATA 	Keypress: t
15.2523 	DATA 	Keypress: t
15.4050 	DATA 	Keypress: t
15.5339 	EXP 	Display Frame 1
15.6560 	DATA 	Keypress: t
15.6583 	EXP 	Display Frame 0
15.7809 	DATA 	Keypress: t
15.7833 	EXP 	Display Frame 1
15.9070 	EXP 	Display Frame 0
15.9076 	DATA 	Keypress: t
16.0326 	EXP 	Display Frame 1
16.1561 	DATA 	Keypress: t
16.1580 	EXP 	Display Frame 0
16.2808 	DATA 	Keypress: t
16.2831 	EXP 	Display Frame 1
16.4060 	DATA 	Keypress: t
16.4081 	EXP 	Display Frame 0
16.5325 	EXP 	Display Frame 1
16.6557 	DATA 	Keypress: t
16.6582 	EXP 	Display Frame 0
16.7824 	EXP 	Display Frame 1
16.9057 	DATA 	Keypress: t
16.9077 	EXP 	Display Frame 0
16.9111 	EXP 	Display Fixation
17.0610 	DATA 	Keypress: t
31.2756 	DATA 	Keypress: q
31.2958 	EXP 	topMsg: height = 0.1
31.2958 	EXP 	topMsg: height = 0.1
31.2958 	EXP 	topMsg: text = "Thank you very much! \n\nThat's it with the tapping"
31.2958 	EXP 	bottomMsg: height = 0.1
31.2958 	EXP 	bottomMsg: height = 0.1
31.2958 	EXP 	bottomMsg: text = "Please relax for the ramaining time \n\n Press 'q' or 'escape' to end the session."
31.2958 	EXP 	Display TheEnd
31.7467 	DATA 	Keypress: t
32.5189 	DATA 	Keypress: q
32.5848 	EXP 	win: mouseVisible = True
