1.1303 	WARNING 	We strongly recommend you activate the PTB sound engine in PsychoPy prefs as the preferred audio engine. Its timing is vastly superior. Your prefs are currently set to use ['sounddevice', 'PTB', 'pyo', 'pygame'] (in that order).
9.4142 	INFO 	---START PARAMETERS---
9.4143 	INFO 	filename: TappingWithTrTiming_Movie_d3.py-1tt-159-Mar_25_1619
9.4143 	INFO 	subject: 1tt
9.4143 	INFO 	session: 159
9.4143 	INFO 	date: Mar_25_1619
9.4143 	INFO 	blockDur_TRs: 160
9.4143 	INFO 	condition: vis
9.4143 	INFO 	fixCrossPos: [0, 0]
9.4143 	INFO 	fixCrossSize: 100
9.4143 	INFO 	fullScreen: True
9.4143 	INFO 	movieFolder: Images/
9.4143 	INFO 	movieSize: (1600, 1600)
9.4143 	INFO 	nBlocks: 68
9.4144 	INFO 	promptDir: Text/
9.4144 	INFO 	restDur_TRs: 160
9.4144 	INFO 	screenColor: (128, 128, 128)
9.4144 	INFO 	screenToShow: 0
9.4144 	INFO 	skipPrompts: False
9.4144 	INFO 	tStartup_TRs: 0
9.4144 	INFO 	textHeight: 40
9.4144 	INFO 	triggerKey: t
9.4144 	INFO 	---END PARAMETERS---
10.3674 	INFO 	Loaded monitor calibration from ['2022_03_25 08:03']
11.5034 	WARNING 	Couldn't measure a consistent frame rate!
  - Is your graphics card set to sync to vertical blank?
  - Are you running other processes on your computer?

11.5040 	EXP 	Created win = Window(allowGUI=False, allowStencil=False, autoLog=True, backendConf=UNKNOWN, bitsMode=UNKNOWN, blendMode='avg', bpc=(8, 8, 8), color=array([128, 128, 128]), colorSpace='rgb255', depthBits=8, fullscr=<method-wrapper '__getattribute__' of attributeSetter object at 0x7fc094828160>, gamma=None, gammaErrorPolicy='raise', lms=UNKNOWN, monitor=<psychopy.monitors.calibTools.Monitor object at 0x7fc1083d61f0>, multiSample=False, name='win', numSamples=2, pos=[0.0, 0.0], screen=0, size=array([1920, 1080]), stencilBits=0, stereo=False, units='deg', useFBO=False, useRetina=False, viewOri=0.0, viewPos=None, viewScale=None, waitBlanking=True, winType='pyglet')
11.5046 	EXP 	win: mouseVisible = True
11.5122 	EXP 	Created fixCross = ShapeStim(__class__=<class 'psychopy.visual.shape.ShapeStim'>, anchor=('center', 'center'), autoDraw=False, autoLog=True, closeShape=False, color=method-wrapper(...), colorSpace='rgb', contrast=None, depth=0, fillColor=array([0, 0, 0]), fillColorSpace='rgb', fillRGB=array([0, 0, 0]), interpolate=True, lineColor=array([-1., -1., -1.]), lineColorSpace='rgb', lineRGB=array([-1., -1., -1.]), lineWidth=3.0, name='fixCross', opacity=0.5, ori=0.0, pos=array([0., 0.]), size=array([1., 1.]), units='pix', vertices=ndarray(...), win=Window(...), windingRule=None)
11.5126 	WARNING 	TextStim.alignHoriz is deprecated. Use alignText and anchorHoriz attributes instead
11.5447 	EXP 	Created topMsg = TextStim(__class__=<class 'psychopy.visual.text.TextStim'>, alignHoriz='center', alignText='center', alignVert=method-wrapper(...), anchorHoriz='center', anchorVert='center', antialias=True, autoLog=True, bold=False, color=array([-1., -1., -1.]), colorSpace='rgb', contrast=1.0, depth=0, flipHoriz=False, flipVert=False, font='', fontFiles=[], height=0.1, italic=False, languageStyle='LTR', name='topMsg', opacity=1.0, ori=0.0, pos=array([0. , 0.5]), rgb=UNKNOWN, text='aaa', units='norm', win=Window(...), wrapWidth=1.5)
11.5448 	WARNING 	TextStim.alignHoriz is deprecated. Use alignText and anchorHoriz attributes instead
11.5470 	EXP 	Created bottomMsg = TextStim(__class__=<class 'psychopy.visual.text.TextStim'>, alignHoriz='center', alignText='center', alignVert=method-wrapper(...), anchorHoriz='center', anchorVert='center', antialias=True, autoLog=True, bold=False, color=array([-1., -1., -1.]), colorSpace='rgb', contrast=1.0, depth=0, flipHoriz=False, flipVert=False, font='', fontFiles=[], height=0.1, italic=False, languageStyle='LTR', name='bottomMsg', opacity=1.0, ori=0.0, pos=array([ 0. , -0.5]), rgb=UNKNOWN, text='bbb', units='norm', win=Window(...), wrapWidth=1.5)
11.5684 	EXP 	Created Movie Frame 0 = ImageStim(__class__=<class 'psychopy.visual.image.ImageStim'>, anchor=('center', 'center'), autoLog=True, color=array([1., 1., 1.]), colorSpace='rgb', contrast=1.0, depth=0, flipHoriz=False, flipVert=False, image='Images/visual_0.png', interpolate=False, mask=None, maskParams=None, name='Movie Frame 0', opacity=1, ori=0.0, pos=array([0., 0.]), size=array([1600., 1600.]), texRes=128, units='pix', win=Window(...))
11.5819 	EXP 	Created Movie Frame 1 = ImageStim(__class__=<class 'psychopy.visual.image.ImageStim'>, anchor=('center', 'center'), autoLog=True, color=array([1., 1., 1.]), colorSpace='rgb', contrast=1.0, depth=0, flipHoriz=False, flipVert=False, image='Images/visual_1.png', interpolate=False, mask=None, maskParams=None, name='Movie Frame 1', opacity=1, ori=0.0, pos=array([0., 0.]), size=array([1600., 1600.]), texRes=128, units='pix', win=Window(...))
11.5885 	EXP 	Created unnamed TextStim = TextStim(__class__=<class 'psychopy.visual.text.TextStim'>, alignHoriz=method-wrapper(...), alignText='center', alignVert=method-wrapper(...), anchorHoriz='center', anchorVert='center', antialias=True, autoLog=True, bold=False, color=array([-1., -1., -1.]), colorSpace='rgb', contrast=1.0, depth=0, flipHoriz=False, flipVert=False, font='', fontFiles=[], height=40.0, italic=False, languageStyle='LTR', name='unnamed TextStim', opacity=1.0, ori=0.0, pos=array([  0., 880.]), rgb=UNKNOWN, text='look at the center', units='pix', win=Window(...), wrapWidth=1600)
11.6046 	WARNING 	t of last frame was 101.37ms (=1/9)
11.6046 	EXP 	topMsg: height = 0.1
11.6046 	EXP 	topMsg: height = 0.1
11.6046 	EXP 	topMsg: text = 'You will see a flickering checkerboard. When it is on the screen, try to fixate the center of the checkerboard. When the fixation cross appears, relax and stare at the cross.'
11.6046 	EXP 	bottomMsg: height = 0.1
11.6046 	EXP 	bottomMsg: height = 0.1
11.6046 	EXP 	bottomMsg: text = 'The experiment will begin shortly'
11.6046 	EXP 	Display Instructions1
13.5437 	DATA 	Mouse: Left button down, pos=(684,556)
13.5891 	DATA 	Mouse:  Left button up, pos=(684,556)
13.9164 	DATA 	Keypress: space
13.9309 	WARNING 	t of last frame was 2326.37ms (=1/0)
13.9309 	EXP 	topMsg: height = 0.1
13.9309 	EXP 	topMsg: height = 0.1
13.9309 	EXP 	topMsg: text = "Please don't move..."
13.9309 	EXP 	bottomMsg: height = 0.1
13.9309 	EXP 	bottomMsg: height = 0.1
13.9309 	EXP 	bottomMsg: text = ''
13.9309 	EXP 	PleaseDontMove
144.1483 	DATA 	Keypress: t
144.1619 	WARNING 	t of last frame was 130230.92ms (=1/0)
144.1619 	EXP 	Display Fixation
144.1622 	EXP 	---START EXPERIMENT---
144.1701 	EXP 	Display Fixation
144.3446 	DATA 	Keypress: t
144.5253 	DATA 	Keypress: t
144.7136 	DATA 	Keypress: t
144.9025 	DATA 	Keypress: t
145.0902 	DATA 	Keypress: t
145.2795 	DATA 	Keypress: t
145.4559 	DATA 	Keypress: space
145.4673 	DATA 	Keypress: t
145.6561 	DATA 	Keypress: t
145.8444 	DATA 	Keypress: t
146.0326 	DATA 	Keypress: t
146.2224 	DATA 	Keypress: t
146.4092 	DATA 	Keypress: t
146.5986 	DATA 	Keypress: t
146.7888 	DATA 	Keypress: t
146.9744 	DATA 	Keypress: t
147.1248 	DATA 	Mouse: Left button down, pos=(1645,821)
147.1639 	DATA 	Keypress: t
147.2219 	DATA 	Mouse:  Left button up, pos=(1645,822)
147.3517 	DATA 	Keypress: t
147.5431 	DATA 	Keypress: t
147.7285 	DATA 	Keypress: t
147.9159 	DATA 	Keypress: t
148.1093 	DATA 	Keypress: t
148.2933 	DATA 	Keypress: t
148.4826 	DATA 	Keypress: t
148.6754 	DATA 	Keypress: t
148.8596 	DATA 	Keypress: t
149.0475 	DATA 	Keypress: t
149.2356 	DATA 	Keypress: t
149.4240 	DATA 	Keypress: t
149.6127 	DATA 	Keypress: t
149.8016 	DATA 	Keypress: t
149.9896 	DATA 	Keypress: t
153.1171 	DATA 	Keypress: q
153.1346 	WARNING 	t of last frame was 8964.49ms (=1/0)
153.1346 	EXP 	topMsg: height = 0.1
153.1346 	EXP 	topMsg: height = 0.1
153.1346 	EXP 	topMsg: text = "Thank you very much! \n\nThat's it with the tapping"
153.1346 	EXP 	bottomMsg: height = 0.1
153.1346 	EXP 	bottomMsg: height = 0.1
153.1346 	EXP 	bottomMsg: text = "Please relax for the ramaining time \n\n Press 'q' or 'escape' to end the session."
153.1346 	EXP 	Display TheEnd
154.1382 	DATA 	Keypress: t
154.2659 	DATA 	Keypress: q
154.3452 	EXP 	win: mouseVisible = True
