0.9422 	WARNING 	We strongly recommend you activate the PTB sound engine in PsychoPy prefs as the preferred audio engine. Its timing is vastly superior. Your prefs are currently set to use ['sounddevice', 'PTB', 'pyo', 'pygame'] (in that order).
5.5962 	INFO 	---START PARAMETERS---
5.5964 	INFO 	filename: TappingWithTrTiming_Movie_d3.py-1tt-201-Aug_06_1014
5.5964 	INFO 	subject: 1tt
5.5964 	INFO 	session: 201
5.5964 	INFO 	date: Aug_06_1014
5.5964 	INFO 	blockDur_TRs: 10
5.5964 	INFO 	condition: TapRight
5.5964 	INFO 	fixCrossPos: [0, 0]
5.5964 	INFO 	fixCrossSize: 100
5.5964 	INFO 	fullScreen: True
5.5964 	INFO 	movieFolder: Images/
5.5964 	INFO 	movieSize: (1600, 1600)
5.5964 	INFO 	nBlocks: 68
5.5964 	INFO 	promptDir: Text/
5.5964 	INFO 	restDur_TRs: 10
5.5964 	INFO 	screenColor: (128, 128, 128)
5.5964 	INFO 	screenToShow: 0
5.5964 	INFO 	skipPrompts: False
5.5964 	INFO 	tStartup_TRs: 0
5.5965 	INFO 	textHeight: 40
5.5965 	INFO 	triggerKey: 5
5.5965 	INFO 	---END PARAMETERS---
6.5739 	INFO 	Loaded monitor calibration from ['2022_03_25 08:03']
7.7082 	WARNING 	Couldn't measure a consistent frame rate!
  - Is your graphics card set to sync to vertical blank?
  - Are you running other processes on your computer?

7.7088 	EXP 	Created win = Window(allowGUI=False, allowStencil=False, autoLog=True, backendConf=UNKNOWN, bitsMode=UNKNOWN, blendMode='avg', bpc=(8, 8, 8), color=array([128, 128, 128]), colorSpace='rgb255', depthBits=8, fullscr=<method-wrapper '__getattribute__' of attributeSetter object at 0x7fe71cdd7220>, gamma=None, gammaErrorPolicy='raise', lms=UNKNOWN, monitor=<psychopy.monitors.calibTools.Monitor object at 0x7fe778bc7220>, multiSample=False, name='win', numSamples=2, pos=[432.0, 279.25], screen=0, size=array([3456, 2234]), stencilBits=0, stereo=False, units='deg', useFBO=False, useRetina=True, viewOri=0.0, viewPos=None, viewScale=None, waitBlanking=True, winType='pyglet')
7.7090 	EXP 	win: mouseVisible = True
7.7150 	EXP 	Created fixCross = ShapeStim(__class__=<class 'psychopy.visual.shape.ShapeStim'>, anchor=('center', 'center'), autoDraw=False, autoLog=True, closeShape=False, color=method-wrapper(...), colorSpace='rgb', contrast=None, depth=0, fillColor=array([0, 0, 0]), fillColorSpace='rgb', fillRGB=array([0, 0, 0]), interpolate=True, lineColor=array([-1., -1., -1.]), lineColorSpace='rgb', lineRGB=array([-1., -1., -1.]), lineWidth=3.0, name='fixCross', opacity=0.5, ori=0.0, pos=array([0., 0.]), size=array([1., 1.]), units='pix', vertices=ndarray(...), win=Window(...), windingRule=None)
7.7155 	WARNING 	TextStim.alignHoriz is deprecated. Use alignText and anchorHoriz attributes instead
7.7506 	EXP 	Created topMsg = TextStim(__class__=<class 'psychopy.visual.text.TextStim'>, alignHoriz='center', alignText='center', alignVert=method-wrapper(...), anchorHoriz='center', anchorVert='center', antialias=True, autoLog=True, bold=False, color=array([-1., -1., -1.]), colorSpace='rgb', contrast=1.0, depth=0, flipHoriz=False, flipVert=False, font='', fontFiles=[], height=0.1, italic=False, languageStyle='LTR', name='topMsg', opacity=1.0, ori=0.0, pos=array([0. , 0.5]), rgb=UNKNOWN, text='aaa', units='norm', win=Window(...), wrapWidth=1.5)
7.7508 	WARNING 	TextStim.alignHoriz is deprecated. Use alignText and anchorHoriz attributes instead
7.7532 	EXP 	Created bottomMsg = TextStim(__class__=<class 'psychopy.visual.text.TextStim'>, alignHoriz='center', alignText='center', alignVert=method-wrapper(...), anchorHoriz='center', anchorVert='center', antialias=True, autoLog=True, bold=False, color=array([-1., -1., -1.]), colorSpace='rgb', contrast=1.0, depth=0, flipHoriz=False, flipVert=False, font='', fontFiles=[], height=0.1, italic=False, languageStyle='LTR', name='bottomMsg', opacity=1.0, ori=0.0, pos=array([ 0. , -0.5]), rgb=UNKNOWN, text='bbb', units='norm', win=Window(...), wrapWidth=1.5)
7.8357 	EXP 	Created Movie Frame 0 = ImageStim(__class__=<class 'psychopy.visual.image.ImageStim'>, anchor=('center', 'center'), autoLog=True, color=array([1., 1., 1.]), colorSpace='rgb', contrast=1.0, depth=0, flipHoriz=False, flipVert=False, image='Images/right_0.png', interpolate=False, mask=None, maskParams=None, name='Movie Frame 0', opacity=1, ori=0.0, pos=array([0., 0.]), size=array([1600., 1600.]), texRes=128, units='pix', win=Window(...))
7.9070 	EXP 	Created Movie Frame 1 = ImageStim(__class__=<class 'psychopy.visual.image.ImageStim'>, anchor=('center', 'center'), autoLog=True, color=array([1., 1., 1.]), colorSpace='rgb', contrast=1.0, depth=0, flipHoriz=False, flipVert=False, image='Images/right_1.png', interpolate=False, mask=None, maskParams=None, name='Movie Frame 1', opacity=1, ori=0.0, pos=array([0., 0.]), size=array([1600., 1600.]), texRes=128, units='pix', win=Window(...))
7.9695 	EXP 	Created Movie Frame 2 = ImageStim(__class__=<class 'psychopy.visual.image.ImageStim'>, anchor=('center', 'center'), autoLog=True, color=array([1., 1., 1.]), colorSpace='rgb', contrast=1.0, depth=0, flipHoriz=False, flipVert=False, image='Images/right_2.png', interpolate=False, mask=None, maskParams=None, name='Movie Frame 2', opacity=1, ori=0.0, pos=array([0., 0.]), size=array([1600., 1600.]), texRes=128, units='pix', win=Window(...))
8.0353 	EXP 	Created Movie Frame 3 = ImageStim(__class__=<class 'psychopy.visual.image.ImageStim'>, anchor=('center', 'center'), autoLog=True, color=array([1., 1., 1.]), colorSpace='rgb', contrast=1.0, depth=0, flipHoriz=False, flipVert=False, image='Images/right_3.png', interpolate=False, mask=None, maskParams=None, name='Movie Frame 3', opacity=1, ori=0.0, pos=array([0., 0.]), size=array([1600., 1600.]), texRes=128, units='pix', win=Window(...))
8.0981 	EXP 	Created Movie Frame 4 = ImageStim(__class__=<class 'psychopy.visual.image.ImageStim'>, anchor=('center', 'center'), autoLog=True, color=array([1., 1., 1.]), colorSpace='rgb', contrast=1.0, depth=0, flipHoriz=False, flipVert=False, image='Images/right_4.png', interpolate=False, mask=None, maskParams=None, name='Movie Frame 4', opacity=1, ori=0.0, pos=array([0., 0.]), size=array([1600., 1600.]), texRes=128, units='pix', win=Window(...))
8.1613 	EXP 	Created Movie Frame 5 = ImageStim(__class__=<class 'psychopy.visual.image.ImageStim'>, anchor=('center', 'center'), autoLog=True, color=array([1., 1., 1.]), colorSpace='rgb', contrast=1.0, depth=0, flipHoriz=False, flipVert=False, image='Images/right_5.png', interpolate=False, mask=None, maskParams=None, name='Movie Frame 5', opacity=1, ori=0.0, pos=array([0., 0.]), size=array([1600., 1600.]), texRes=128, units='pix', win=Window(...))
8.2248 	EXP 	Created Movie Frame 6 = ImageStim(__class__=<class 'psychopy.visual.image.ImageStim'>, anchor=('center', 'center'), autoLog=True, color=array([1., 1., 1.]), colorSpace='rgb', contrast=1.0, depth=0, flipHoriz=False, flipVert=False, image='Images/right_6.png', interpolate=False, mask=None, maskParams=None, name='Movie Frame 6', opacity=1, ori=0.0, pos=array([0., 0.]), size=array([1600., 1600.]), texRes=128, units='pix', win=Window(...))
8.2877 	EXP 	Created Movie Frame 7 = ImageStim(__class__=<class 'psychopy.visual.image.ImageStim'>, anchor=('center', 'center'), autoLog=True, color=array([1., 1., 1.]), colorSpace='rgb', contrast=1.0, depth=0, flipHoriz=False, flipVert=False, image='Images/right_7.png', interpolate=False, mask=None, maskParams=None, name='Movie Frame 7', opacity=1, ori=0.0, pos=array([0., 0.]), size=array([1600., 1600.]), texRes=128, units='pix', win=Window(...))
8.3511 	EXP 	Created Movie Frame 8 = ImageStim(__class__=<class 'psychopy.visual.image.ImageStim'>, anchor=('center', 'center'), autoLog=True, color=array([1., 1., 1.]), colorSpace='rgb', contrast=1.0, depth=0, flipHoriz=False, flipVert=False, image='Images/right_8.png', interpolate=False, mask=None, maskParams=None, name='Movie Frame 8', opacity=1, ori=0.0, pos=array([0., 0.]), size=array([1600., 1600.]), texRes=128, units='pix', win=Window(...))
8.4159 	EXP 	Created Movie Frame 9 = ImageStim(__class__=<class 'psychopy.visual.image.ImageStim'>, anchor=('center', 'center'), autoLog=True, color=array([1., 1., 1.]), colorSpace='rgb', contrast=1.0, depth=0, flipHoriz=False, flipVert=False, image='Images/right_9.png', interpolate=False, mask=None, maskParams=None, name='Movie Frame 9', opacity=1, ori=0.0, pos=array([0., 0.]), size=array([1600., 1600.]), texRes=128, units='pix', win=Window(...))
8.4228 	EXP 	Created unnamed TextStim = TextStim(__class__=<class 'psychopy.visual.text.TextStim'>, alignHoriz=method-wrapper(...), alignText='center', alignVert=method-wrapper(...), anchorHoriz='center', anchorVert='center', antialias=True, autoLog=True, bold=False, color=array([-1., -1., -1.]), colorSpace='rgb', contrast=1.0, depth=0, flipHoriz=False, flipVert=False, font='', fontFiles=[], height=40.0, italic=False, languageStyle='LTR', name='unnamed TextStim', opacity=1.0, ori=0.0, pos=array([  0., 880.]), rgb=UNKNOWN, text='Tap along with the video.', units='pix', win=Window(...), wrapWidth=1600)
8.4383 	WARNING 	t of last frame was 730.19ms (=1/1)
8.4383 	EXP 	topMsg: height = 0.1
8.4383 	EXP 	topMsg: height = 0.1
8.4383 	EXP 	topMsg: text = 'You will see a movie of a finger tapping. When it is on the screen, try to use the hand indicated to tap your fingers at the same times as the movie does. When the fixation cross appears, relax and stare at the cross.'
8.4383 	EXP 	bottomMsg: height = 0.1
8.4383 	EXP 	bottomMsg: height = 0.1
8.4383 	EXP 	bottomMsg: text = 'The experiment will begin shortly'
8.4383 	EXP 	Display Instructions1
9.4489 	DATA 	Keypress: equal
9.4594 	WARNING 	t of last frame was 1021.03ms (=1/0)
9.4594 	EXP 	topMsg: height = 0.1
9.4594 	EXP 	topMsg: height = 0.1
9.4594 	EXP 	topMsg: text = "Please don't move..."
9.4594 	EXP 	bottomMsg: height = 0.1
9.4594 	EXP 	bottomMsg: height = 0.1
9.4594 	EXP 	bottomMsg: text = ''
9.4594 	EXP 	PleaseDontMove
9.9274 	DATA 	Keypress: equal
10.1646 	DATA 	Keypress: equal
10.3174 	DATA 	Keypress: equal
10.5547 	DATA 	Keypress: 5
10.5602 	WARNING 	t of last frame was 1100.87ms (=1/0)
10.5602 	EXP 	Display Fixation
10.5603 	EXP 	---START EXPERIMENT---
10.5734 	EXP 	Display Fixation
10.8244 	DATA 	Keypress: 5
11.0347 	DATA 	Keypress: 5
11.2018 	DATA 	Keypress: 5
11.3497 	DATA 	Keypress: 5
11.4854 	DATA 	Keypress: 5
11.6051 	DATA 	Keypress: 5
11.7548 	DATA 	Keypress: 5
11.9047 	DATA 	Keypress: 5
12.0239 	DATA 	Keypress: 5
12.1749 	DATA 	Keypress: 5
12.1881 	WARNING 	t of last frame was 1614.70ms (=1/0)
12.2777 	WARNING 	Multiple dropped frames have occurred - I'll stop bothering you about them!
12.2776 	EXP 	Display Frame 1
12.3760 	DATA 	Keypress: 5
12.3791 	EXP 	Display Frame 2
12.4758 	DATA 	Keypress: 5
12.4792 	EXP 	Display Frame 3
12.5770 	EXP 	Display Frame 4
12.6769 	EXP 	Display Frame 5
12.7770 	EXP 	Display Frame 6
12.8770 	EXP 	Display Frame 7
12.9765 	EXP 	Display Frame 8
13.0771 	EXP 	Display Frame 9
13.1774 	EXP 	Display Frame 0
13.2770 	EXP 	Display Frame 1
13.3771 	EXP 	Display Frame 2
13.4771 	EXP 	Display Frame 3
13.5761 	DATA 	Keypress: q
13.5784 	EXP 	Display Frame 4
13.5879 	EXP 	topMsg: height = 0.1
13.5879 	EXP 	topMsg: height = 0.1
13.5879 	EXP 	topMsg: text = "Thank you very much! \n\nThat's it with the tapping"
13.5879 	EXP 	bottomMsg: height = 0.1
13.5879 	EXP 	bottomMsg: height = 0.1
13.5879 	EXP 	bottomMsg: text = "Please relax for the ramaining time \n\n Press 'q' or 'escape' to end the session."
13.5879 	EXP 	Display TheEnd
13.8862 	DATA 	Keypress: t
16.1108 	DATA 	Mouse: Left button down, pos=(1406,778)
16.1987 	DATA 	Mouse:  Left button up, pos=(1405,778)
16.8257 	DATA 	Keypress: q
16.9010 	EXP 	win: mouseVisible = True
