1.0658 	WARNING 	We strongly recommend you activate the PTB sound engine in PsychoPy prefs as the preferred audio engine. Its timing is vastly superior. Your prefs are currently set to use ['sounddevice', 'PTB', 'pyo', 'pygame'] (in that order).
8.2415 	INFO 	---START PARAMETERS---
8.2415 	INFO 	filename: TappingWithTrTiming_Movie_d3.py-1tt============ =-290-Oct_01_1811
8.2416 	INFO 	subject: 1tt============ =
8.2416 	INFO 	session: 290
8.2416 	INFO 	date: Oct_01_1811
8.2416 	INFO 	blockDur_TRs: 300
8.2416 	INFO 	condition: vis
8.2416 	INFO 	fixCrossPos: [0, 0]
8.2416 	INFO 	fixCrossSize: 100
8.2416 	INFO 	fullScreen: True
8.2416 	INFO 	movieFolder: Images/
8.2416 	INFO 	movieSize: (1600, 1600)
8.2416 	INFO 	nBlocks: 68
8.2416 	INFO 	promptDir: Text/
8.2416 	INFO 	restDur_TRs: 300
8.2416 	INFO 	screenColor: (128, 128, 128)
8.2416 	INFO 	screenToShow: 1
8.2416 	INFO 	skipPrompts: False
8.2416 	INFO 	tStartup_TRs: 0
8.2416 	INFO 	textHeight: 40
8.2416 	INFO 	triggerKey: equal
8.2417 	INFO 	---END PARAMETERS---
9.0771 	INFO 	Loaded monitor calibration from ['2022_03_25 08:03']
10.0222 	EXP 	Created win = Window(allowGUI=False, allowStencil=False, autoLog=True, backendConf=UNKNOWN, bitsMode=UNKNOWN, blendMode='avg', bpc=(8, 8, 8), color=array([128, 128, 128]), colorSpace='rgb255', depthBits=8, fullscr=<method-wrapper '__getattribute__' of attributeSetter object at 0x7facef0a3460>, gamma=None, gammaErrorPolicy='raise', lms=UNKNOWN, monitor=<psychopy.monitors.calibTools.Monitor object at 0x7facd8409ca0>, multiSample=False, name='win', numSamples=2, pos=[0.0, 0.0], screen=1, size=array([1920, 1080]), stencilBits=0, stereo=False, units='deg', useFBO=False, useRetina=False, viewOri=0.0, viewPos=None, viewScale=None, waitBlanking=True, winType='pyglet')
10.0229 	EXP 	win: mouseVisible = True
10.0307 	EXP 	Created fixCross = ShapeStim(__class__=<class 'psychopy.visual.shape.ShapeStim'>, anchor=('center', 'center'), autoDraw=False, autoLog=True, closeShape=False, color=method-wrapper(...), colorSpace='rgb', contrast=None, depth=0, fillColor=array([0, 0, 0]), fillColorSpace='rgb', fillRGB=array([0, 0, 0]), interpolate=True, lineColor=array([-1., -1., -1.]), lineColorSpace='rgb', lineRGB=array([-1., -1., -1.]), lineWidth=3.0, name='fixCross', opacity=0.5, ori=0.0, pos=array([0., 0.]), size=array([1., 1.]), units='pix', vertices=ndarray(...), win=Window(...), windingRule=None)
10.0312 	WARNING 	TextStim.alignHoriz is deprecated. Use alignText and anchorHoriz attributes instead
10.0567 	EXP 	Created topMsg = TextStim(__class__=<class 'psychopy.visual.text.TextStim'>, alignHoriz='center', alignText='center', alignVert=method-wrapper(...), anchorHoriz='center', anchorVert='center', antialias=True, autoLog=True, bold=False, color=array([-1., -1., -1.]), colorSpace='rgb', contrast=1.0, depth=0, flipHoriz=False, flipVert=False, font='', fontFiles=[], height=0.1, italic=False, languageStyle='LTR', name='topMsg', opacity=1.0, ori=0.0, pos=array([0. , 0.5]), rgb=UNKNOWN, text='aaa', units='norm', win=Window(...), wrapWidth=1.5)
10.0569 	WARNING 	TextStim.alignHoriz is deprecated. Use alignText and anchorHoriz attributes instead
10.0592 	EXP 	Created bottomMsg = TextStim(__class__=<class 'psychopy.visual.text.TextStim'>, alignHoriz='center', alignText='center', alignVert=method-wrapper(...), anchorHoriz='center', anchorVert='center', antialias=True, autoLog=True, bold=False, color=array([-1., -1., -1.]), colorSpace='rgb', contrast=1.0, depth=0, flipHoriz=False, flipVert=False, font='', fontFiles=[], height=0.1, italic=False, languageStyle='LTR', name='bottomMsg', opacity=1.0, ori=0.0, pos=array([ 0. , -0.5]), rgb=UNKNOWN, text='bbb', units='norm', win=Window(...), wrapWidth=1.5)
10.0781 	EXP 	Created Movie Frame 0 = ImageStim(__class__=<class 'psychopy.visual.image.ImageStim'>, anchor=('center', 'center'), autoLog=True, color=array([1., 1., 1.]), colorSpace='rgb', contrast=1.0, depth=0, flipHoriz=False, flipVert=False, image='Images/visual_0.png', interpolate=False, mask=None, maskParams=None, name='Movie Frame 0', opacity=1, ori=0.0, pos=array([0., 0.]), size=array([1600., 1600.]), texRes=128, units='pix', win=Window(...))
10.0888 	EXP 	Created Movie Frame 1 = ImageStim(__class__=<class 'psychopy.visual.image.ImageStim'>, anchor=('center', 'center'), autoLog=True, color=array([1., 1., 1.]), colorSpace='rgb', contrast=1.0, depth=0, flipHoriz=False, flipVert=False, image='Images/visual_1.png', interpolate=False, mask=None, maskParams=None, name='Movie Frame 1', opacity=1, ori=0.0, pos=array([0., 0.]), size=array([1600., 1600.]), texRes=128, units='pix', win=Window(...))
10.0940 	EXP 	Created unnamed TextStim = TextStim(__class__=<class 'psychopy.visual.text.TextStim'>, alignHoriz=method-wrapper(...), alignText='center', alignVert=method-wrapper(...), anchorHoriz='center', anchorVert='center', antialias=True, autoLog=True, bold=False, color=array([-1., -1., -1.]), colorSpace='rgb', contrast=1.0, depth=0, flipHoriz=False, flipVert=False, font='', fontFiles=[], height=40.0, italic=False, languageStyle='LTR', name='unnamed TextStim', opacity=1.0, ori=0.0, pos=array([  0., 880.]), rgb=UNKNOWN, text='look at the center', units='pix', win=Window(...), wrapWidth=1600)
10.1062 	EXP 	topMsg: height = 0.1
10.1062 	EXP 	topMsg: height = 0.1
10.1062 	EXP 	topMsg: text = 'You will see a flickering checkerboard. When it is on the screen, try to fixate the center of the checkerboard. When the fixation cross appears, relax and stare at the cross.'
10.1062 	EXP 	bottomMsg: height = 0.1
10.1062 	EXP 	bottomMsg: height = 0.1
10.1062 	EXP 	bottomMsg: text = 'The experiment will begin shortly'
10.1062 	EXP 	Display Instructions1
10.4336 	DATA 	Keypress: space
10.4378 	EXP 	topMsg: height = 0.1
10.4378 	EXP 	topMsg: height = 0.1
10.4378 	EXP 	topMsg: text = "Please don't move..."
10.4378 	EXP 	bottomMsg: height = 0.1
10.4378 	EXP 	bottomMsg: height = 0.1
10.4378 	EXP 	bottomMsg: text = ''
10.4378 	EXP 	PleaseDontMove
51.0718 	DATA 	Keypress: equal
51.0767 	EXP 	Display Fixation
51.0770 	EXP 	---START EXPERIMENT---
51.0780 	EXP 	Display Fixation
51.1720 	DATA 	Keypress: equal
51.2671 	DATA 	Keypress: equal
51.3651 	DATA 	Keypress: equal
51.4632 	DATA 	Keypress: equal
51.5611 	DATA 	Keypress: equal
51.6590 	DATA 	Keypress: equal
51.7570 	DATA 	Keypress: equal
51.8552 	DATA 	Keypress: equal
51.9530 	DATA 	Keypress: equal
52.0510 	DATA 	Keypress: equal
52.1496 	DATA 	Keypress: equal
52.2473 	DATA 	Keypress: equal
52.3450 	DATA 	Keypress: equal
52.4432 	DATA 	Keypress: equal
52.5412 	DATA 	Keypress: equal
52.6390 	DATA 	Keypress: equal
52.7365 	DATA 	Keypress: equal
52.8352 	DATA 	Keypress: equal
52.9333 	DATA 	Keypress: equal
53.0311 	DATA 	Keypress: equal
53.1290 	DATA 	Keypress: equal
53.2280 	DATA 	Keypress: equal
53.3252 	DATA 	Keypress: equal
53.4232 	DATA 	Keypress: equal
53.5211 	DATA 	Keypress: equal
53.6190 	DATA 	Keypress: equal
53.7170 	DATA 	Keypress: equal
53.8158 	DATA 	Keypress: equal
53.9130 	DATA 	Keypress: equal
54.0111 	DATA 	Keypress: equal
54.1099 	DATA 	Keypress: equal
54.2071 	DATA 	Keypress: equal
54.3051 	DATA 	Keypress: equal
54.4029 	DATA 	Keypress: equal
54.5008 	DATA 	Keypress: equal
54.5992 	DATA 	Keypress: equal
54.6968 	DATA 	Keypress: equal
54.7946 	DATA 	Keypress: equal
54.8932 	DATA 	Keypress: equal
54.9912 	DATA 	Keypress: equal
55.0889 	DATA 	Keypress: equal
55.1871 	DATA 	Keypress: equal
55.2852 	DATA 	Keypress: equal
55.3830 	DATA 	Keypress: equal
55.4810 	DATA 	Keypress: equal
55.5789 	DATA 	Keypress: equal
55.6769 	DATA 	Keypress: equal
55.7752 	DATA 	Keypress: equal
55.8730 	DATA 	Keypress: equal
55.9714 	DATA 	Keypress: equal
56.0693 	DATA 	Keypress: equal
56.1669 	DATA 	Keypress: equal
56.2649 	DATA 	Keypress: equal
56.3630 	DATA 	Keypress: equal
56.4612 	DATA 	Keypress: equal
56.5591 	DATA 	Keypress: equal
56.6573 	DATA 	Keypress: equal
56.7554 	DATA 	Keypress: equal
56.8531 	DATA 	Keypress: equal
56.9505 	DATA 	Keypress: equal
57.0498 	DATA 	Keypress: equal
57.1491 	DATA 	Keypress: equal
57.2452 	DATA 	Keypress: equal
57.3432 	DATA 	Keypress: equal
57.4405 	DATA 	Keypress: equal
57.5391 	DATA 	Keypress: equal
57.6372 	DATA 	Keypress: equal
57.7351 	DATA 	Keypress: equal
57.8331 	DATA 	Keypress: equal
57.9312 	DATA 	Keypress: equal
58.0291 	DATA 	Keypress: equal
58.1271 	DATA 	Keypress: equal
58.2251 	DATA 	Keypress: equal
58.3231 	DATA 	Keypress: equal
58.4210 	DATA 	Keypress: equal
58.5191 	DATA 	Keypress: equal
58.6177 	DATA 	Keypress: equal
58.7159 	DATA 	Keypress: equal
58.8131 	DATA 	Keypress: equal
58.9110 	DATA 	Keypress: equal
59.0092 	DATA 	Keypress: equal
59.1073 	DATA 	Keypress: equal
59.2052 	DATA 	Keypress: equal
59.3030 	DATA 	Keypress: equal
59.4010 	DATA 	Keypress: equal
59.4991 	DATA 	Keypress: equal
59.5970 	DATA 	Keypress: equal
59.6950 	DATA 	Keypress: equal
59.7930 	DATA 	Keypress: equal
59.8910 	DATA 	Keypress: equal
59.9889 	DATA 	Keypress: equal
60.0869 	DATA 	Keypress: equal
60.1851 	DATA 	Keypress: equal
60.2834 	DATA 	Keypress: equal
60.3809 	DATA 	Keypress: equal
60.4791 	DATA 	Keypress: equal
60.5772 	DATA 	Keypress: equal
60.6752 	DATA 	Keypress: equal
60.7730 	DATA 	Keypress: equal
60.8710 	DATA 	Keypress: equal
60.9690 	DATA 	Keypress: equal
61.0670 	DATA 	Keypress: equal
61.1649 	DATA 	Keypress: equal
61.2631 	DATA 	Keypress: equal
61.3610 	DATA 	Keypress: equal
61.4590 	DATA 	Keypress: equal
61.5570 	DATA 	Keypress: equal
61.6550 	DATA 	Keypress: equal
61.7530 	DATA 	Keypress: equal
61.8510 	DATA 	Keypress: equal
61.9497 	DATA 	Keypress: equal
62.0469 	DATA 	Keypress: equal
62.1449 	DATA 	Keypress: equal
62.2431 	DATA 	Keypress: equal
62.3411 	DATA 	Keypress: equal
62.4390 	DATA 	Keypress: equal
62.5389 	DATA 	Keypress: equal
62.6354 	DATA 	Keypress: equal
62.7333 	DATA 	Keypress: equal
62.8313 	DATA 	Keypress: equal
62.9291 	DATA 	Keypress: equal
63.0271 	DATA 	Keypress: equal
63.1252 	DATA 	Keypress: equal
63.2231 	DATA 	Keypress: equal
63.3207 	DATA 	Keypress: equal
63.4192 	DATA 	Keypress: equal
63.5171 	DATA 	Keypress: equal
63.6162 	DATA 	Keypress: equal
63.7131 	DATA 	Keypress: equal
63.8151 	DATA 	Keypress: equal
63.9101 	DATA 	Keypress: equal
64.0075 	DATA 	Keypress: equal
64.1052 	DATA 	Keypress: equal
64.2032 	DATA 	Keypress: equal
64.3010 	DATA 	Keypress: equal
64.4053 	DATA 	Keypress: equal
64.4972 	DATA 	Keypress: equal
64.5957 	DATA 	Keypress: equal
64.6959 	DATA 	Keypress: equal
64.7912 	DATA 	Keypress: equal
64.8894 	DATA 	Keypress: equal
64.9879 	DATA 	Keypress: equal
65.0852 	DATA 	Keypress: equal
65.1848 	DATA 	Keypress: equal
65.2825 	DATA 	Keypress: equal
65.3794 	DATA 	Keypress: equal
65.4768 	DATA 	Keypress: equal
65.5754 	DATA 	Keypress: equal
65.6733 	DATA 	Keypress: equal
65.7712 	DATA 	Keypress: equal
65.8693 	DATA 	Keypress: equal
65.9672 	DATA 	Keypress: equal
66.0652 	DATA 	Keypress: equal
66.1632 	DATA 	Keypress: equal
66.2613 	DATA 	Keypress: equal
66.3592 	DATA 	Keypress: equal
66.4571 	DATA 	Keypress: equal
66.5552 	DATA 	Keypress: equal
66.6531 	DATA 	Keypress: equal
66.7511 	DATA 	Keypress: equal
66.8497 	DATA 	Keypress: equal
66.9474 	DATA 	Keypress: equal
67.0452 	DATA 	Keypress: equal
67.1432 	DATA 	Keypress: equal
67.2409 	DATA 	Keypress: equal
67.3398 	DATA 	Keypress: equal
67.4373 	DATA 	Keypress: equal
67.5353 	DATA 	Keypress: equal
67.6326 	DATA 	Keypress: equal
67.7313 	DATA 	Keypress: equal
67.8292 	DATA 	Keypress: equal
67.9271 	DATA 	Keypress: equal
68.0253 	DATA 	Keypress: equal
68.1234 	DATA 	Keypress: equal
68.2213 	DATA 	Keypress: equal
68.3192 	DATA 	Keypress: equal
68.4174 	DATA 	Keypress: equal
68.5161 	DATA 	Keypress: equal
68.6132 	DATA 	Keypress: equal
68.7113 	DATA 	Keypress: equal
68.8085 	DATA 	Keypress: equal
68.9073 	DATA 	Keypress: equal
69.0057 	DATA 	Keypress: equal
69.1051 	DATA 	Keypress: equal
69.2008 	DATA 	Keypress: equal
69.2994 	DATA 	Keypress: equal
69.3966 	DATA 	Keypress: equal
69.4950 	DATA 	Keypress: equal
69.5928 	DATA 	Keypress: equal
69.6914 	DATA 	Keypress: equal
69.7888 	DATA 	Keypress: equal
69.8876 	DATA 	Keypress: equal
69.9850 	DATA 	Keypress: equal
70.0834 	DATA 	Keypress: equal
70.1812 	DATA 	Keypress: equal
70.2795 	DATA 	Keypress: equal
70.3776 	DATA 	Keypress: equal
70.4755 	DATA 	Keypress: equal
70.5730 	DATA 	Keypress: equal
70.6713 	DATA 	Keypress: equal
70.7696 	DATA 	Keypress: equal
70.8672 	DATA 	Keypress: equal
70.9653 	DATA 	Keypress: equal
71.0631 	DATA 	Keypress: equal
71.1612 	DATA 	Keypress: equal
71.2598 	DATA 	Keypress: equal
71.3572 	DATA 	Keypress: equal
71.4552 	DATA 	Keypress: equal
71.5531 	DATA 	Keypress: equal
71.6512 	DATA 	Keypress: equal
71.7485 	DATA 	Keypress: equal
71.8472 	DATA 	Keypress: equal
71.9455 	DATA 	Keypress: equal
72.0432 	DATA 	Keypress: equal
72.1413 	DATA 	Keypress: equal
72.2391 	DATA 	Keypress: equal
72.3372 	DATA 	Keypress: equal
72.4351 	DATA 	Keypress: equal
72.5331 	DATA 	Keypress: equal
72.6310 	DATA 	Keypress: equal
72.7290 	DATA 	Keypress: equal
72.8272 	DATA 	Keypress: equal
72.9297 	DATA 	Keypress: equal
73.0228 	DATA 	Keypress: equal
73.1212 	DATA 	Keypress: equal
73.2188 	DATA 	Keypress: equal
73.3171 	DATA 	Keypress: equal
73.4151 	DATA 	Keypress: equal
73.5131 	DATA 	Keypress: equal
73.6111 	DATA 	Keypress: equal
73.7092 	DATA 	Keypress: equal
73.8071 	DATA 	Keypress: equal
73.9056 	DATA 	Keypress: equal
74.0033 	DATA 	Keypress: equal
74.1009 	DATA 	Keypress: equal
74.1992 	DATA 	Keypress: equal
74.2970 	DATA 	Keypress: equal
74.3951 	DATA 	Keypress: equal
74.4924 	DATA 	Keypress: equal
74.5916 	DATA 	Keypress: equal
74.6891 	DATA 	Keypress: equal
74.7871 	DATA 	Keypress: equal
74.8851 	DATA 	Keypress: equal
74.9837 	DATA 	Keypress: equal
75.0812 	DATA 	Keypress: equal
75.1791 	DATA 	Keypress: equal
75.2788 	DATA 	Keypress: equal
75.3753 	DATA 	Keypress: equal
75.4730 	DATA 	Keypress: equal
75.5712 	DATA 	Keypress: equal
75.6690 	DATA 	Keypress: equal
75.7670 	DATA 	Keypress: equal
75.8651 	DATA 	Keypress: equal
75.9631 	DATA 	Keypress: equal
76.0611 	DATA 	Keypress: equal
76.1593 	DATA 	Keypress: equal
76.2571 	DATA 	Keypress: equal
76.3561 	DATA 	Keypress: equal
76.4530 	DATA 	Keypress: equal
76.5511 	DATA 	Keypress: equal
76.6499 	DATA 	Keypress: equal
76.7472 	DATA 	Keypress: equal
76.8450 	DATA 	Keypress: equal
76.9431 	DATA 	Keypress: equal
77.0412 	DATA 	Keypress: equal
77.1395 	DATA 	Keypress: equal
77.2373 	DATA 	Keypress: equal
77.3352 	DATA 	Keypress: equal
77.4332 	DATA 	Keypress: equal
77.5312 	DATA 	Keypress: equal
77.6294 	DATA 	Keypress: equal
77.7271 	DATA 	Keypress: equal
77.8250 	DATA 	Keypress: equal
77.9230 	DATA 	Keypress: equal
78.0213 	DATA 	Keypress: equal
78.1191 	DATA 	Keypress: equal
78.2168 	DATA 	Keypress: equal
78.3154 	DATA 	Keypress: equal
78.4131 	DATA 	Keypress: equal
78.5110 	DATA 	Keypress: equal
78.6092 	DATA 	Keypress: equal
78.7072 	DATA 	Keypress: equal
78.8053 	DATA 	Keypress: equal
78.9031 	DATA 	Keypress: equal
79.0011 	DATA 	Keypress: equal
79.0991 	DATA 	Keypress: equal
79.1970 	DATA 	Keypress: equal
79.2951 	DATA 	Keypress: equal
79.3931 	DATA 	Keypress: equal
79.4912 	DATA 	Keypress: equal
79.5892 	DATA 	Keypress: equal
79.6871 	DATA 	Keypress: equal
79.7847 	DATA 	Keypress: equal
79.8840 	DATA 	Keypress: equal
79.9812 	DATA 	Keypress: equal
80.0790 	DATA 	Keypress: equal
80.1771 	DATA 	Keypress: equal
80.2752 	DATA 	Keypress: equal
80.3733 	DATA 	Keypress: equal
80.4714 	DATA 	Keypress: equal
80.5973 	DATA 	Keypress: equal
80.5984 	EXP 	Display Frame 1
80.7221 	DATA 	Keypress: equal
80.7231 	EXP 	Display Frame 0
80.8471 	DATA 	Keypress: equal
80.8480 	EXP 	Display Frame 1
80.9720 	DATA 	Keypress: equal
80.9726 	DATA 	Keypress: equal
80.9735 	EXP 	Display Frame 0
81.0971 	DATA 	Keypress: equal
81.0979 	EXP 	Display Frame 1
81.2221 	DATA 	Keypress: equal
81.2231 	EXP 	Display Frame 0
81.3471 	DATA 	Keypress: equal
81.3479 	EXP 	Display Frame 1
81.4726 	DATA 	Keypress: equal
81.4731 	DATA 	Keypress: equal
81.4740 	EXP 	Display Frame 0
81.5971 	DATA 	Keypress: equal
81.5982 	EXP 	Display Frame 1
81.7221 	DATA 	Keypress: equal
81.7232 	EXP 	Display Frame 0
81.8470 	DATA 	Keypress: equal
81.8476 	DATA 	Keypress: equal
81.8484 	EXP 	Display Frame 1
81.9722 	DATA 	Keypress: equal
81.9732 	EXP 	Display Frame 0
82.0972 	DATA 	Keypress: equal
82.0982 	EXP 	Display Frame 1
82.2221 	DATA 	Keypress: equal
82.2229 	EXP 	Display Frame 0
82.3471 	DATA 	Keypress: equal
82.3476 	DATA 	Keypress: equal
82.3485 	EXP 	Display Frame 1
82.4723 	DATA 	Keypress: equal
82.4732 	EXP 	Display Frame 0
82.5972 	DATA 	Keypress: equal
82.5980 	EXP 	Display Frame 1
82.7221 	DATA 	Keypress: equal
82.7230 	EXP 	Display Frame 0
82.8472 	DATA 	Keypress: equal
82.8476 	DATA 	Keypress: equal
82.8485 	EXP 	Display Frame 1
82.9721 	DATA 	Keypress: equal
82.9731 	EXP 	Display Frame 0
83.0971 	DATA 	Keypress: equal
83.0981 	EXP 	Display Frame 1
83.2222 	DATA 	Keypress: equal
83.2226 	DATA 	Keypress: equal
83.2236 	EXP 	Display Frame 0
83.3475 	DATA 	Keypress: equal
83.3484 	EXP 	Display Frame 1
83.4727 	DATA 	Keypress: equal
83.4738 	EXP 	Display Frame 0
83.5972 	DATA 	Keypress: equal
83.5982 	EXP 	Display Frame 1
83.7221 	DATA 	Keypress: equal
83.7227 	DATA 	Keypress: equal
83.7236 	EXP 	Display Frame 0
83.8471 	DATA 	Keypress: equal
83.8480 	EXP 	Display Frame 1
83.9720 	DATA 	Keypress: equal
83.9730 	EXP 	Display Frame 0
84.0970 	DATA 	Keypress: equal
84.0976 	DATA 	Keypress: equal
84.0983 	EXP 	Display Frame 1
84.2221 	DATA 	Keypress: equal
84.2229 	EXP 	Display Frame 0
84.3471 	DATA 	Keypress: equal
84.3479 	EXP 	Display Frame 1
84.4721 	DATA 	Keypress: equal
84.4730 	EXP 	Display Frame 0
84.5973 	DATA 	Keypress: equal
84.5977 	DATA 	Keypress: equal
84.5987 	EXP 	Display Frame 1
84.7221 	DATA 	Keypress: equal
84.7231 	EXP 	Display Frame 0
84.8470 	DATA 	Keypress: equal
84.8479 	EXP 	Display Frame 1
84.9721 	DATA 	Keypress: equal
84.9731 	EXP 	Display Frame 0
85.0971 	DATA 	Keypress: equal
85.0976 	DATA 	Keypress: equal
85.0986 	EXP 	Display Frame 1
85.2226 	DATA 	Keypress: equal
85.2235 	EXP 	Display Frame 0
85.3473 	DATA 	Keypress: equal
85.3482 	EXP 	Display Frame 1
85.4721 	DATA 	Keypress: equal
85.4725 	DATA 	Keypress: equal
85.4733 	EXP 	Display Frame 0
85.5971 	DATA 	Keypress: equal
85.5980 	EXP 	Display Frame 1
85.7221 	DATA 	Keypress: equal
85.7231 	EXP 	Display Frame 0
85.8471 	DATA 	Keypress: equal
85.8479 	EXP 	Display Frame 1
85.9721 	DATA 	Keypress: equal
85.9726 	DATA 	Keypress: equal
85.9734 	EXP 	Display Frame 0
86.0971 	DATA 	Keypress: equal
86.0980 	EXP 	Display Frame 1
86.2221 	DATA 	Keypress: equal
86.2230 	EXP 	Display Frame 0
86.3471 	DATA 	Keypress: equal
86.3479 	EXP 	Display Frame 1
86.4721 	DATA 	Keypress: equal
86.4726 	DATA 	Keypress: equal
86.4735 	EXP 	Display Frame 0
86.5976 	DATA 	Keypress: equal
86.5986 	EXP 	Display Frame 1
86.7223 	DATA 	Keypress: equal
86.7232 	EXP 	Display Frame 0
86.8472 	DATA 	Keypress: equal
86.8477 	DATA 	Keypress: equal
86.8503 	EXP 	Display Frame 1
86.9721 	DATA 	Keypress: equal
86.9732 	EXP 	Display Frame 0
87.0971 	DATA 	Keypress: equal
87.0982 	EXP 	Display Frame 1
87.2220 	DATA 	Keypress: equal
87.2230 	EXP 	Display Frame 0
87.3471 	DATA 	Keypress: equal
87.3476 	DATA 	Keypress: equal
87.3485 	EXP 	Display Frame 1
87.4721 	DATA 	Keypress: equal
87.4730 	EXP 	Display Frame 0
87.5971 	DATA 	Keypress: equal
87.5981 	EXP 	Display Frame 1
87.7221 	DATA 	Keypress: equal
87.7231 	EXP 	Display Frame 0
87.7235 	DATA 	Keypress: equal
87.8473 	DATA 	Keypress: equal
87.8480 	EXP 	Display Frame 1
87.9721 	DATA 	Keypress: equal
87.9731 	EXP 	Display Frame 0
88.0971 	DATA 	Keypress: equal
88.0981 	EXP 	Display Frame 1
88.2221 	DATA 	Keypress: equal
88.2225 	DATA 	Keypress: equal
88.2234 	EXP 	Display Frame 0
88.3471 	DATA 	Keypress: equal
88.3479 	EXP 	Display Frame 1
88.4721 	DATA 	Keypress: equal
88.4731 	EXP 	Display Frame 0
88.5971 	DATA 	Keypress: equal
88.5980 	EXP 	Display Frame 1
88.7221 	DATA 	Keypress: equal
88.7225 	DATA 	Keypress: equal
88.7234 	EXP 	Display Frame 0
88.8473 	DATA 	Keypress: equal
88.8481 	EXP 	Display Frame 1
88.9722 	DATA 	Keypress: equal
88.9730 	EXP 	Display Frame 0
89.0971 	DATA 	Keypress: equal
89.0976 	DATA 	Keypress: equal
89.0985 	EXP 	Display Frame 1
89.2227 	DATA 	Keypress: equal
89.2237 	EXP 	Display Frame 0
89.3472 	DATA 	Keypress: equal
89.3481 	EXP 	Display Frame 1
89.4721 	DATA 	Keypress: equal
89.4732 	EXP 	Display Frame 0
89.5970 	DATA 	Keypress: equal
89.5975 	DATA 	Keypress: equal
89.5984 	EXP 	Display Frame 1
89.7222 	DATA 	Keypress: equal
89.7231 	EXP 	Display Frame 0
89.8471 	DATA 	Keypress: equal
89.8480 	EXP 	Display Frame 1
89.9721 	DATA 	Keypress: equal
89.9730 	EXP 	Display Frame 0
90.0972 	DATA 	Keypress: equal
90.0976 	DATA 	Keypress: equal
90.0986 	EXP 	Display Frame 1
90.2221 	DATA 	Keypress: equal
90.2229 	EXP 	Display Frame 0
90.3471 	DATA 	Keypress: equal
90.3479 	EXP 	Display Frame 1
90.4726 	DATA 	Keypress: equal
90.4730 	DATA 	Keypress: equal
90.4740 	EXP 	Display Frame 0
90.5976 	DATA 	Keypress: equal
90.5987 	EXP 	Display Frame 1
90.7222 	DATA 	Keypress: equal
90.7232 	EXP 	Display Frame 0
90.8471 	DATA 	Keypress: equal
90.8481 	EXP 	Display Frame 1
90.9722 	DATA 	Keypress: equal
90.9728 	DATA 	Keypress: equal
90.9737 	EXP 	Display Frame 0
91.0971 	DATA 	Keypress: equal
91.0980 	EXP 	Display Frame 1
91.2221 	DATA 	Keypress: equal
91.2231 	EXP 	Display Frame 0
91.3471 	DATA 	Keypress: equal
91.3480 	EXP 	Display Frame 1
91.4720 	DATA 	Keypress: equal
91.4726 	DATA 	Keypress: equal
91.4735 	EXP 	Display Frame 0
91.5971 	DATA 	Keypress: equal
91.5980 	EXP 	Display Frame 1
91.7221 	DATA 	Keypress: equal
91.7231 	EXP 	Display Frame 0
91.8472 	DATA 	Keypress: equal
91.8476 	DATA 	Keypress: equal
91.8484 	EXP 	Display Frame 1
91.9721 	DATA 	Keypress: equal
91.9730 	EXP 	Display Frame 0
92.0971 	DATA 	Keypress: equal
92.0981 	EXP 	Display Frame 1
92.2221 	DATA 	Keypress: equal
92.2230 	EXP 	Display Frame 0
92.3471 	DATA 	Keypress: equal
92.3475 	DATA 	Keypress: equal
92.3485 	EXP 	Display Frame 1
92.4721 	DATA 	Keypress: equal
92.4730 	EXP 	Display Frame 0
92.5971 	DATA 	Keypress: equal
92.5981 	EXP 	Display Frame 1
92.7221 	DATA 	Keypress: equal
92.7225 	DATA 	Keypress: equal
92.7234 	EXP 	Display Frame 0
92.8471 	DATA 	Keypress: equal
92.8479 	EXP 	Display Frame 1
92.9721 	DATA 	Keypress: equal
92.9730 	EXP 	Display Frame 0
93.0972 	DATA 	Keypress: equal
93.0982 	EXP 	Display Frame 1
93.2222 	DATA 	Keypress: equal
93.2226 	DATA 	Keypress: equal
93.2235 	EXP 	Display Frame 0
93.3471 	DATA 	Keypress: equal
93.3479 	EXP 	Display Frame 1
93.4721 	DATA 	Keypress: equal
93.4729 	EXP 	Display Frame 0
93.5971 	DATA 	Keypress: equal
93.5980 	EXP 	Display Frame 1
93.7221 	DATA 	Keypress: equal
93.7225 	DATA 	Keypress: equal
93.7234 	EXP 	Display Frame 0
93.8471 	DATA 	Keypress: equal
93.8479 	EXP 	Display Frame 1
93.9721 	DATA 	Keypress: equal
93.9731 	EXP 	Display Frame 0
94.0974 	DATA 	Keypress: equal
94.0978 	DATA 	Keypress: equal
94.0987 	EXP 	Display Frame 1
94.2221 	DATA 	Keypress: equal
94.2230 	EXP 	Display Frame 0
94.3471 	DATA 	Keypress: equal
94.3480 	EXP 	Display Frame 1
94.4721 	DATA 	Keypress: equal
94.4731 	EXP 	Display Frame 0
94.5974 	DATA 	Keypress: equal
94.5980 	DATA 	Keypress: equal
94.5989 	EXP 	Display Frame 1
94.7220 	DATA 	Keypress: equal
94.7230 	EXP 	Display Frame 0
94.8470 	DATA 	Keypress: equal
94.8479 	EXP 	Display Frame 1
94.9727 	DATA 	Keypress: equal
94.9740 	EXP 	Display Frame 0
95.0972 	DATA 	Keypress: equal
95.0978 	DATA 	Keypress: equal
95.0987 	EXP 	Display Frame 1
95.2225 	DATA 	Keypress: equal
95.2234 	EXP 	Display Frame 0
95.3472 	DATA 	Keypress: equal
95.3480 	EXP 	Display Frame 1
95.4721 	DATA 	Keypress: equal
95.4725 	DATA 	Keypress: equal
95.4734 	EXP 	Display Frame 0
95.5971 	DATA 	Keypress: equal
95.5979 	EXP 	Display Frame 1
95.7221 	DATA 	Keypress: equal
95.7230 	EXP 	Display Frame 0
95.8476 	DATA 	Keypress: equal
95.8484 	EXP 	Display Frame 1
95.9723 	DATA 	Keypress: equal
95.9728 	DATA 	Keypress: equal
95.9737 	EXP 	Display Frame 0
96.0972 	DATA 	Keypress: equal
96.0981 	EXP 	Display Frame 1
96.2222 	DATA 	Keypress: equal
96.2230 	EXP 	Display Frame 0
96.3471 	DATA 	Keypress: equal
96.3476 	DATA 	Keypress: equal
96.3482 	EXP 	Display Frame 1
96.4721 	DATA 	Keypress: equal
96.4730 	EXP 	Display Frame 0
96.5971 	DATA 	Keypress: equal
96.5980 	EXP 	Display Frame 1
96.7221 	DATA 	Keypress: equal
96.7232 	EXP 	Display Frame 0
96.8471 	DATA 	Keypress: equal
96.8475 	DATA 	Keypress: equal
96.8483 	EXP 	Display Frame 1
96.9722 	DATA 	Keypress: equal
96.9731 	EXP 	Display Frame 0
97.0971 	DATA 	Keypress: equal
97.0981 	EXP 	Display Frame 1
97.2226 	DATA 	Keypress: equal
97.2235 	EXP 	Display Frame 0
97.3476 	DATA 	Keypress: equal
97.3481 	DATA 	Keypress: equal
97.3505 	EXP 	Display Frame 1
97.4721 	DATA 	Keypress: equal
97.4731 	EXP 	Display Frame 0
97.5971 	DATA 	Keypress: equal
97.5981 	EXP 	Display Frame 1
97.7221 	DATA 	Keypress: equal
97.7226 	DATA 	Keypress: equal
97.7234 	EXP 	Display Frame 0
97.8471 	DATA 	Keypress: equal
97.8479 	EXP 	Display Frame 1
97.9721 	DATA 	Keypress: equal
97.9731 	EXP 	Display Frame 0
98.0971 	DATA 	Keypress: equal
98.0980 	EXP 	Display Frame 1
98.2221 	DATA 	Keypress: equal
98.2225 	DATA 	Keypress: equal
98.2234 	EXP 	Display Frame 0
98.3471 	DATA 	Keypress: equal
98.3478 	EXP 	Display Frame 1
98.4722 	DATA 	Keypress: equal
98.4732 	EXP 	Display Frame 0
98.5971 	DATA 	Keypress: equal
98.5981 	EXP 	Display Frame 1
98.7221 	DATA 	Keypress: equal
98.7225 	DATA 	Keypress: equal
98.7234 	EXP 	Display Frame 0
98.8471 	DATA 	Keypress: equal
98.8479 	EXP 	Display Frame 1
98.9721 	DATA 	Keypress: equal
98.9730 	EXP 	Display Frame 0
99.0971 	DATA 	Keypress: equal
99.0975 	DATA 	Keypress: equal
99.0985 	EXP 	Display Frame 1
99.2221 	DATA 	Keypress: equal
99.2229 	EXP 	Display Frame 0
99.3471 	DATA 	Keypress: equal
99.3478 	EXP 	Display Frame 1
99.4721 	DATA 	Keypress: equal
99.4729 	EXP 	Display Frame 0
99.5975 	DATA 	Keypress: equal
99.5979 	DATA 	Keypress: equal
99.5988 	EXP 	Display Frame 1
99.7222 	DATA 	Keypress: equal
99.7232 	EXP 	Display Frame 0
99.8474 	DATA 	Keypress: equal
99.8491 	EXP 	Display Frame 1
99.9721 	DATA 	Keypress: equal
99.9731 	EXP 	Display Frame 0
99.9736 	DATA 	Keypress: equal
100.0973 	DATA 	Keypress: equal
100.0982 	EXP 	Display Frame 1
100.2222 	DATA 	Keypress: equal
100.2230 	EXP 	Display Frame 0
100.3471 	DATA 	Keypress: equal
100.3479 	EXP 	Display Frame 1
100.4721 	DATA 	Keypress: equal
100.4725 	DATA 	Keypress: equal
100.4733 	EXP 	Display Frame 0
100.5971 	DATA 	Keypress: equal
100.5979 	EXP 	Display Frame 1
100.7226 	DATA 	Keypress: equal
100.7235 	EXP 	Display Frame 0
100.8473 	DATA 	Keypress: equal
100.8481 	EXP 	Display Frame 1
100.9722 	DATA 	Keypress: equal
100.9727 	DATA 	Keypress: equal
100.9735 	EXP 	Display Frame 0
101.0973 	DATA 	Keypress: equal
101.0981 	EXP 	Display Frame 1
101.2226 	DATA 	Keypress: equal
101.2235 	EXP 	Display Frame 0
101.3472 	DATA 	Keypress: equal
101.3478 	DATA 	Keypress: equal
101.3486 	EXP 	Display Frame 1
101.4723 	DATA 	Keypress: equal
101.4732 	EXP 	Display Frame 0
101.5972 	DATA 	Keypress: equal
101.5980 	EXP 	Display Frame 1
101.7223 	DATA 	Keypress: equal
101.7232 	EXP 	Display Frame 0
101.8472 	DATA 	Keypress: equal
101.8477 	DATA 	Keypress: equal
101.8485 	EXP 	Display Frame 1
101.9721 	DATA 	Keypress: equal
101.9730 	EXP 	Display Frame 0
102.0971 	DATA 	Keypress: equal
102.0981 	EXP 	Display Frame 1
102.2221 	DATA 	Keypress: equal
102.2229 	EXP 	Display Frame 0
102.3471 	DATA 	Keypress: equal
102.3475 	DATA 	Keypress: equal
102.3484 	EXP 	Display Frame 1
102.4721 	DATA 	Keypress: equal
102.4731 	EXP 	Display Frame 0
102.5970 	DATA 	Keypress: equal
102.5979 	EXP 	Display Frame 1
102.7221 	DATA 	Keypress: equal
102.7225 	DATA 	Keypress: equal
102.7233 	EXP 	Display Frame 0
102.8471 	DATA 	Keypress: equal
102.8479 	EXP 	Display Frame 1
102.9721 	DATA 	Keypress: equal
102.9730 	EXP 	Display Frame 0
103.0971 	DATA 	Keypress: equal
103.0980 	EXP 	Display Frame 1
103.2221 	DATA 	Keypress: equal
103.2225 	DATA 	Keypress: equal
103.2234 	EXP 	Display Frame 0
103.3471 	DATA 	Keypress: equal
103.3479 	EXP 	Display Frame 1
103.4721 	DATA 	Keypress: equal
103.4730 	EXP 	Display Frame 0
103.5971 	DATA 	Keypress: equal
103.5979 	EXP 	Display Frame 1
103.7221 	DATA 	Keypress: equal
103.7225 	DATA 	Keypress: equal
103.7234 	EXP 	Display Frame 0
103.8473 	DATA 	Keypress: equal
103.8481 	EXP 	Display Frame 1
103.9721 	DATA 	Keypress: equal
103.9730 	EXP 	Display Frame 0
104.0971 	DATA 	Keypress: equal
104.0975 	DATA 	Keypress: equal
104.0986 	EXP 	Display Frame 1
104.2221 	DATA 	Keypress: equal
104.2229 	EXP 	Display Frame 0
104.3471 	DATA 	Keypress: equal
104.3479 	EXP 	Display Frame 1
104.4720 	DATA 	Keypress: equal
104.4730 	EXP 	Display Frame 0
104.5976 	DATA 	Keypress: equal
104.5980 	DATA 	Keypress: equal
104.5989 	EXP 	Display Frame 1
104.7222 	DATA 	Keypress: equal
104.7232 	EXP 	Display Frame 0
104.8471 	DATA 	Keypress: equal
104.8481 	EXP 	Display Frame 1
104.9721 	DATA 	Keypress: equal
104.9727 	DATA 	Keypress: equal
104.9736 	EXP 	Display Frame 0
105.0971 	DATA 	Keypress: equal
105.0980 	EXP 	Display Frame 1
105.2221 	DATA 	Keypress: equal
105.2230 	EXP 	Display Frame 0
105.3471 	DATA 	Keypress: equal
105.3479 	EXP 	Display Frame 1
105.4722 	DATA 	Keypress: equal
105.4727 	DATA 	Keypress: equal
105.4735 	EXP 	Display Frame 0
105.5971 	DATA 	Keypress: equal
105.5979 	EXP 	Display Frame 1
105.7221 	DATA 	Keypress: equal
105.7231 	EXP 	Display Frame 0
105.8471 	DATA 	Keypress: equal
105.8478 	EXP 	Display Frame 1
105.9723 	DATA 	Keypress: equal
105.9728 	DATA 	Keypress: equal
105.9737 	EXP 	Display Frame 0
106.0972 	DATA 	Keypress: equal
106.0980 	EXP 	Display Frame 1
106.2221 	DATA 	Keypress: equal
106.2230 	EXP 	Display Frame 0
106.3471 	DATA 	Keypress: equal
106.3475 	DATA 	Keypress: equal
106.3483 	EXP 	Display Frame 1
106.4726 	DATA 	Keypress: equal
106.4734 	EXP 	Display Frame 0
106.5980 	DATA 	Keypress: equal
106.5992 	EXP 	Display Frame 1
106.7222 	DATA 	Keypress: equal
106.7234 	EXP 	Display Frame 0
106.8471 	DATA 	Keypress: equal
106.8478 	DATA 	Keypress: equal
106.8487 	EXP 	Display Frame 1
106.9721 	DATA 	Keypress: equal
106.9730 	EXP 	Display Frame 0
107.0971 	DATA 	Keypress: equal
107.0979 	EXP 	Display Frame 1
107.2224 	DATA 	Keypress: equal
107.2233 	EXP 	Display Frame 0
107.3471 	DATA 	Keypress: equal
107.3475 	DATA 	Keypress: equal
107.3483 	EXP 	Display Frame 1
107.4722 	DATA 	Keypress: equal
107.4730 	EXP 	Display Frame 0
107.5971 	DATA 	Keypress: equal
107.5979 	EXP 	Display Frame 1
107.7222 	DATA 	Keypress: equal
107.7227 	DATA 	Keypress: equal
107.7235 	EXP 	Display Frame 0
107.8471 	DATA 	Keypress: equal
107.8479 	EXP 	Display Frame 1
107.9721 	DATA 	Keypress: equal
107.9730 	EXP 	Display Frame 0
108.0975 	DATA 	Keypress: equal
108.0985 	EXP 	Display Frame 1
108.2222 	DATA 	Keypress: equal
108.2226 	DATA 	Keypress: equal
108.2235 	EXP 	Display Frame 0
108.3471 	DATA 	Keypress: equal
108.3479 	EXP 	Display Frame 1
108.4722 	DATA 	Keypress: equal
108.4731 	EXP 	Display Frame 0
108.5971 	DATA 	Keypress: equal
108.5975 	DATA 	Keypress: equal
108.5982 	EXP 	Display Frame 1
108.7221 	DATA 	Keypress: equal
108.7230 	EXP 	Display Frame 0
108.8471 	DATA 	Keypress: equal
108.8480 	EXP 	Display Frame 1
108.9721 	DATA 	Keypress: equal
108.9731 	EXP 	Display Frame 0
109.0971 	DATA 	Keypress: equal
109.0975 	DATA 	Keypress: equal
109.0985 	EXP 	Display Frame 1
109.2221 	DATA 	Keypress: equal
109.2229 	EXP 	Display Frame 0
109.3471 	DATA 	Keypress: equal
109.3479 	EXP 	Display Frame 1
109.4721 	DATA 	Keypress: equal
109.4729 	EXP 	Display Frame 0
109.5971 	DATA 	Keypress: equal
109.5975 	DATA 	Keypress: equal
109.5984 	EXP 	Display Frame 1
109.7221 	DATA 	Keypress: equal
109.7230 	EXP 	Display Frame 0
109.8471 	DATA 	Keypress: equal
109.8479 	EXP 	Display Frame 1
109.9721 	DATA 	Keypress: equal
109.9725 	DATA 	Keypress: equal
109.9736 	EXP 	Display Frame 0
109.9747 	EXP 	Display Fixation
110.0672 	DATA 	Keypress: equal
110.1649 	DATA 	Keypress: equal
110.2635 	DATA 	Keypress: equal
110.3613 	DATA 	Keypress: equal
110.4593 	DATA 	Keypress: equal
110.5573 	DATA 	Keypress: equal
110.6554 	DATA 	Keypress: equal
110.7533 	DATA 	Keypress: equal
110.8511 	DATA 	Keypress: equal
110.9500 	DATA 	Keypress: equal
111.0472 	DATA 	Keypress: equal
111.1452 	DATA 	Keypress: equal
111.2434 	DATA 	Keypress: equal
111.3414 	DATA 	Keypress: equal
111.4392 	DATA 	Keypress: equal
111.5374 	DATA 	Keypress: equal
111.6352 	DATA 	Keypress: equal
111.7326 	DATA 	Keypress: equal
111.8315 	DATA 	Keypress: equal
111.9294 	DATA 	Keypress: equal
112.0272 	DATA 	Keypress: equal
112.1252 	DATA 	Keypress: equal
112.2233 	DATA 	Keypress: equal
112.3214 	DATA 	Keypress: equal
112.4194 	DATA 	Keypress: equal
112.5173 	DATA 	Keypress: equal
112.6152 	DATA 	Keypress: equal
112.7133 	DATA 	Keypress: equal
112.8113 	DATA 	Keypress: equal
112.9102 	DATA 	Keypress: equal
113.0074 	DATA 	Keypress: equal
113.1054 	DATA 	Keypress: equal
113.2034 	DATA 	Keypress: equal
113.3014 	DATA 	Keypress: equal
113.3993 	DATA 	Keypress: equal
113.4975 	DATA 	Keypress: equal
113.5953 	DATA 	Keypress: equal
113.6932 	DATA 	Keypress: equal
113.7912 	DATA 	Keypress: equal
113.8894 	DATA 	Keypress: equal
113.9873 	DATA 	Keypress: equal
114.0852 	DATA 	Keypress: equal
114.1839 	DATA 	Keypress: equal
114.2813 	DATA 	Keypress: equal
114.3795 	DATA 	Keypress: equal
114.4773 	DATA 	Keypress: equal
114.5758 	DATA 	Keypress: equal
114.6733 	DATA 	Keypress: equal
114.7713 	DATA 	Keypress: equal
114.8693 	DATA 	Keypress: equal
114.9673 	DATA 	Keypress: equal
115.0655 	DATA 	Keypress: equal
115.1633 	DATA 	Keypress: equal
115.2613 	DATA 	Keypress: equal
115.3592 	DATA 	Keypress: equal
115.4574 	DATA 	Keypress: equal
115.5553 	DATA 	Keypress: equal
115.6532 	DATA 	Keypress: equal
115.7514 	DATA 	Keypress: equal
115.8500 	DATA 	Keypress: equal
115.9472 	DATA 	Keypress: equal
116.0454 	DATA 	Keypress: equal
116.1434 	DATA 	Keypress: equal
116.2414 	DATA 	Keypress: equal
116.3392 	DATA 	Keypress: equal
116.4373 	DATA 	Keypress: equal
116.5354 	DATA 	Keypress: equal
116.6336 	DATA 	Keypress: equal
116.7313 	DATA 	Keypress: equal
116.8293 	DATA 	Keypress: equal
116.9273 	DATA 	Keypress: equal
117.0253 	DATA 	Keypress: equal
117.1237 	DATA 	Keypress: equal
117.2213 	DATA 	Keypress: equal
117.3193 	DATA 	Keypress: equal
117.4174 	DATA 	Keypress: equal
117.5153 	DATA 	Keypress: equal
117.6133 	DATA 	Keypress: equal
117.7114 	DATA 	Keypress: equal
117.8095 	DATA 	Keypress: equal
117.9073 	DATA 	Keypress: equal
118.0052 	DATA 	Keypress: equal
118.1033 	DATA 	Keypress: equal
118.2014 	DATA 	Keypress: equal
118.2993 	DATA 	Keypress: equal
118.3972 	DATA 	Keypress: equal
118.4953 	DATA 	Keypress: equal
118.5935 	DATA 	Keypress: equal
118.6916 	DATA 	Keypress: equal
118.7893 	DATA 	Keypress: equal
118.8874 	DATA 	Keypress: equal
118.9853 	DATA 	Keypress: equal
119.0837 	DATA 	Keypress: equal
119.1816 	DATA 	Keypress: equal
119.2792 	DATA 	Keypress: equal
119.3774 	DATA 	Keypress: equal
119.4756 	DATA 	Keypress: equal
119.5734 	DATA 	Keypress: equal
119.6712 	DATA 	Keypress: equal
119.7694 	DATA 	Keypress: equal
119.8673 	DATA 	Keypress: equal
119.9653 	DATA 	Keypress: equal
120.0634 	DATA 	Keypress: equal
120.1612 	DATA 	Keypress: equal
120.2593 	DATA 	Keypress: equal
120.3572 	DATA 	Keypress: equal
120.4553 	DATA 	Keypress: equal
120.5533 	DATA 	Keypress: equal
120.6513 	DATA 	Keypress: equal
120.7508 	DATA 	Keypress: equal
120.8473 	DATA 	Keypress: equal
120.9455 	DATA 	Keypress: equal
121.0434 	DATA 	Keypress: equal
121.1413 	DATA 	Keypress: equal
121.2394 	DATA 	Keypress: equal
121.3374 	DATA 	Keypress: equal
121.4353 	DATA 	Keypress: equal
121.5333 	DATA 	Keypress: equal
121.6312 	DATA 	Keypress: equal
121.7294 	DATA 	Keypress: equal
121.8273 	DATA 	Keypress: equal
121.9256 	DATA 	Keypress: equal
122.0237 	DATA 	Keypress: equal
122.1213 	DATA 	Keypress: equal
122.2196 	DATA 	Keypress: equal
122.3174 	DATA 	Keypress: equal
122.4156 	DATA 	Keypress: equal
122.5136 	DATA 	Keypress: equal
122.6116 	DATA 	Keypress: equal
122.7095 	DATA 	Keypress: equal
122.8075 	DATA 	Keypress: equal
122.9058 	DATA 	Keypress: equal
123.0034 	DATA 	Keypress: equal
123.1014 	DATA 	Keypress: equal
123.2011 	DATA 	Keypress: equal
123.2973 	DATA 	Keypress: equal
123.3953 	DATA 	Keypress: equal
123.4933 	DATA 	Keypress: equal
123.5913 	DATA 	Keypress: equal
123.6894 	DATA 	Keypress: equal
123.7874 	DATA 	Keypress: equal
123.8857 	DATA 	Keypress: equal
123.9843 	DATA 	Keypress: equal
124.0814 	DATA 	Keypress: equal
124.1793 	DATA 	Keypress: equal
124.2773 	DATA 	Keypress: equal
124.3756 	DATA 	Keypress: equal
124.4733 	DATA 	Keypress: equal
124.5714 	DATA 	Keypress: equal
124.6692 	DATA 	Keypress: equal
124.7672 	DATA 	Keypress: equal
124.8653 	DATA 	Keypress: equal
124.9628 	DATA 	Keypress: equal
125.0616 	DATA 	Keypress: equal
125.1593 	DATA 	Keypress: equal
125.2573 	DATA 	Keypress: equal
125.3554 	DATA 	Keypress: equal
125.4534 	DATA 	Keypress: equal
125.5518 	DATA 	Keypress: equal
125.6503 	DATA 	Keypress: equal
125.7474 	DATA 	Keypress: equal
125.8454 	DATA 	Keypress: equal
125.9434 	DATA 	Keypress: equal
126.0416 	DATA 	Keypress: equal
126.1393 	DATA 	Keypress: equal
126.2374 	DATA 	Keypress: equal
126.3353 	DATA 	Keypress: equal
126.4334 	DATA 	Keypress: equal
126.5313 	DATA 	Keypress: equal
126.6295 	DATA 	Keypress: equal
126.7275 	DATA 	Keypress: equal
126.8253 	DATA 	Keypress: equal
126.9234 	DATA 	Keypress: equal
127.0213 	DATA 	Keypress: equal
127.1196 	DATA 	Keypress: equal
127.2176 	DATA 	Keypress: equal
127.3153 	DATA 	Keypress: equal
127.4133 	DATA 	Keypress: equal
127.5113 	DATA 	Keypress: equal
127.6091 	DATA 	Keypress: equal
127.7081 	DATA 	Keypress: equal
127.8057 	DATA 	Keypress: equal
127.9035 	DATA 	Keypress: equal
128.0015 	DATA 	Keypress: equal
128.0995 	DATA 	Keypress: equal
128.1975 	DATA 	Keypress: equal
128.2954 	DATA 	Keypress: equal
128.3934 	DATA 	Keypress: equal
128.4913 	DATA 	Keypress: equal
128.5894 	DATA 	Keypress: equal
128.6873 	DATA 	Keypress: equal
128.7854 	DATA 	Keypress: equal
128.8838 	DATA 	Keypress: equal
128.9814 	DATA 	Keypress: equal
129.0794 	DATA 	Keypress: equal
129.1774 	DATA 	Keypress: equal
129.2759 	DATA 	Keypress: equal
129.3731 	DATA 	Keypress: equal
129.4727 	DATA 	Keypress: equal
129.5691 	DATA 	Keypress: equal
129.6672 	DATA 	Keypress: equal
129.7652 	DATA 	Keypress: equal
129.8628 	DATA 	Keypress: equal
129.9616 	DATA 	Keypress: equal
130.0590 	DATA 	Keypress: equal
130.1580 	DATA 	Keypress: equal
130.2554 	DATA 	Keypress: equal
130.3534 	DATA 	Keypress: equal
130.4515 	DATA 	Keypress: equal
130.5503 	DATA 	Keypress: equal
130.6473 	DATA 	Keypress: equal
130.7454 	DATA 	Keypress: equal
130.8437 	DATA 	Keypress: equal
130.9415 	DATA 	Keypress: equal
131.0393 	DATA 	Keypress: equal
131.1375 	DATA 	Keypress: equal
131.2354 	DATA 	Keypress: equal
131.3332 	DATA 	Keypress: equal
131.4317 	DATA 	Keypress: equal
131.5294 	DATA 	Keypress: equal
131.6277 	DATA 	Keypress: equal
131.7255 	DATA 	Keypress: equal
131.8235 	DATA 	Keypress: equal
131.9220 	DATA 	Keypress: equal
132.0194 	DATA 	Keypress: equal
132.1176 	DATA 	Keypress: equal
132.2156 	DATA 	Keypress: equal
132.3134 	DATA 	Keypress: equal
132.4115 	DATA 	Keypress: equal
132.5096 	DATA 	Keypress: equal
132.6077 	DATA 	Keypress: equal
132.7054 	DATA 	Keypress: equal
132.8034 	DATA 	Keypress: equal
132.9014 	DATA 	Keypress: equal
132.9994 	DATA 	Keypress: equal
133.0978 	DATA 	Keypress: equal
133.1956 	DATA 	Keypress: equal
133.2934 	DATA 	Keypress: equal
133.3913 	DATA 	Keypress: equal
133.4895 	DATA 	Keypress: equal
133.5876 	DATA 	Keypress: equal
133.6855 	DATA 	Keypress: equal
133.7840 	DATA 	Keypress: equal
133.8815 	DATA 	Keypress: equal
133.9792 	DATA 	Keypress: equal
134.0776 	DATA 	Keypress: equal
134.1757 	DATA 	Keypress: equal
134.2734 	DATA 	Keypress: equal
134.3714 	DATA 	Keypress: equal
134.4694 	DATA 	Keypress: equal
134.5675 	DATA 	Keypress: equal
134.6655 	DATA 	Keypress: equal
134.7634 	DATA 	Keypress: equal
134.8614 	DATA 	Keypress: equal
134.9596 	DATA 	Keypress: equal
135.0574 	DATA 	Keypress: equal
135.1555 	DATA 	Keypress: equal
135.2536 	DATA 	Keypress: equal
135.3513 	DATA 	Keypress: equal
135.4502 	DATA 	Keypress: equal
135.5473 	DATA 	Keypress: equal
135.6454 	DATA 	Keypress: equal
135.7437 	DATA 	Keypress: equal
135.8424 	DATA 	Keypress: equal
135.9393 	DATA 	Keypress: equal
136.0373 	DATA 	Keypress: equal
136.1354 	DATA 	Keypress: equal
136.2335 	DATA 	Keypress: equal
136.3315 	DATA 	Keypress: equal
136.4295 	DATA 	Keypress: equal
136.5273 	DATA 	Keypress: equal
136.6250 	DATA 	Keypress: equal
136.7234 	DATA 	Keypress: equal
136.8213 	DATA 	Keypress: equal
136.9195 	DATA 	Keypress: equal
137.0176 	DATA 	Keypress: equal
137.1155 	DATA 	Keypress: equal
137.2135 	DATA 	Keypress: equal
137.3114 	DATA 	Keypress: equal
137.4097 	DATA 	Keypress: equal
137.5070 	DATA 	Keypress: equal
137.6054 	DATA 	Keypress: equal
137.7034 	DATA 	Keypress: equal
137.8016 	DATA 	Keypress: equal
137.8998 	DATA 	Keypress: equal
137.9974 	DATA 	Keypress: equal
138.0956 	DATA 	Keypress: equal
138.1925 	DATA 	Keypress: equal
138.2919 	DATA 	Keypress: equal
138.3898 	DATA 	Keypress: equal
138.4876 	DATA 	Keypress: equal
138.5855 	DATA 	Keypress: equal
138.6841 	DATA 	Keypress: equal
138.7813 	DATA 	Keypress: equal
138.8797 	DATA 	Keypress: equal
138.9775 	DATA 	Keypress: equal
139.0755 	DATA 	Keypress: equal
139.1733 	DATA 	Keypress: equal
139.2715 	DATA 	Keypress: equal
139.3694 	DATA 	Keypress: equal
139.4951 	DATA 	Keypress: equal
139.4961 	EXP 	Display Frame 1
139.6200 	DATA 	Keypress: equal
139.6210 	EXP 	Display Frame 0
139.7449 	DATA 	Keypress: equal
139.7458 	EXP 	Display Frame 1
139.8700 	DATA 	Keypress: equal
139.8705 	DATA 	Keypress: equal
139.8715 	EXP 	Display Frame 0
139.9951 	DATA 	Keypress: equal
139.9960 	EXP 	Display Frame 1
140.1201 	DATA 	Keypress: equal
140.1210 	EXP 	Display Frame 0
140.2450 	DATA 	Keypress: equal
140.2459 	EXP 	Display Frame 1
140.3700 	DATA 	Keypress: equal
140.3705 	DATA 	Keypress: equal
140.3714 	EXP 	Display Frame 0
140.4951 	DATA 	Keypress: equal
140.4960 	EXP 	Display Frame 1
140.6200 	DATA 	Keypress: equal
140.6209 	EXP 	Display Frame 0
140.7450 	DATA 	Keypress: equal
140.7454 	DATA 	Keypress: equal
140.7462 	EXP 	Display Frame 1
140.8700 	DATA 	Keypress: equal
140.8710 	EXP 	Display Frame 0
140.9949 	DATA 	Keypress: equal
140.9960 	EXP 	Display Frame 1
141.1199 	DATA 	Keypress: equal
141.1210 	EXP 	Display Frame 0
141.2449 	DATA 	Keypress: equal
141.2455 	DATA 	Keypress: equal
141.2463 	EXP 	Display Frame 1
141.3700 	DATA 	Keypress: equal
141.3710 	EXP 	Display Frame 0
141.4950 	DATA 	Keypress: equal
141.4959 	EXP 	Display Frame 1
141.6200 	DATA 	Keypress: equal
141.6210 	EXP 	Display Frame 0
141.7449 	DATA 	Keypress: equal
141.7454 	DATA 	Keypress: equal
141.7462 	EXP 	Display Frame 1
141.8700 	DATA 	Keypress: equal
141.8711 	EXP 	Display Frame 0
141.9951 	DATA 	Keypress: equal
141.9961 	EXP 	Display Frame 1
142.1200 	DATA 	Keypress: equal
142.1205 	DATA 	Keypress: equal
142.1214 	EXP 	Display Frame 0
142.2450 	DATA 	Keypress: equal
142.2458 	EXP 	Display Frame 1
142.3700 	DATA 	Keypress: equal
142.3710 	EXP 	Display Frame 0
142.4950 	DATA 	Keypress: equal
142.4961 	EXP 	Display Frame 1
142.6199 	DATA 	Keypress: equal
142.6205 	DATA 	Keypress: equal
142.6214 	EXP 	Display Frame 0
142.7450 	DATA 	Keypress: equal
142.7458 	EXP 	Display Frame 1
142.8700 	DATA 	Keypress: equal
142.8711 	EXP 	Display Frame 0
142.9952 	DATA 	Keypress: equal
142.9958 	DATA 	Keypress: equal
142.9966 	EXP 	Display Frame 1
143.1201 	DATA 	Keypress: equal
143.1210 	EXP 	Display Frame 0
143.2450 	DATA 	Keypress: equal
143.2459 	EXP 	Display Frame 1
143.3700 	DATA 	Keypress: equal
143.3709 	EXP 	Display Frame 0
143.4949 	DATA 	Keypress: equal
143.4954 	DATA 	Keypress: equal
143.4964 	EXP 	Display Frame 1
143.6200 	DATA 	Keypress: equal
143.6210 	EXP 	Display Frame 0
143.7454 	DATA 	Keypress: equal
143.7464 	EXP 	Display Frame 1
143.8700 	DATA 	Keypress: equal
143.8711 	EXP 	Display Frame 0
143.9950 	DATA 	Keypress: equal
143.9956 	DATA 	Keypress: equal
143.9966 	EXP 	Display Frame 1
144.1203 	DATA 	Keypress: equal
144.1212 	EXP 	Display Frame 0
144.2451 	DATA 	Keypress: equal
144.2459 	EXP 	Display Frame 1
144.3700 	DATA 	Keypress: equal
144.3706 	DATA 	Keypress: equal
144.3715 	EXP 	Display Frame 0
144.4950 	DATA 	Keypress: equal
144.4959 	EXP 	Display Frame 1
144.6209 	DATA 	Keypress: equal
144.6221 	EXP 	Display Frame 0
144.7452 	DATA 	Keypress: equal
144.7461 	EXP 	Display Frame 1
144.8701 	DATA 	Keypress: equal
144.8706 	DATA 	Keypress: equal
144.8715 	EXP 	Display Frame 0
144.9950 	DATA 	Keypress: equal
144.9958 	EXP 	Display Frame 1
145.1201 	DATA 	Keypress: equal
145.1211 	EXP 	Display Frame 0
145.2450 	DATA 	Keypress: equal
145.2459 	EXP 	Display Frame 1
145.3699 	DATA 	Keypress: equal
145.3705 	DATA 	Keypress: equal
145.3714 	EXP 	Display Frame 0
145.4951 	DATA 	Keypress: equal
145.4960 	EXP 	Display Frame 1
145.6200 	DATA 	Keypress: equal
145.6210 	EXP 	Display Frame 0
145.7450 	DATA 	Keypress: equal
145.7456 	DATA 	Keypress: equal
145.7464 	EXP 	Display Frame 1
145.8701 	DATA 	Keypress: equal
145.8711 	EXP 	Display Frame 0
145.9949 	DATA 	Keypress: equal
145.9959 	EXP 	Display Frame 1
146.1205 	DATA 	Keypress: equal
146.1216 	EXP 	Display Frame 0
146.2451 	DATA 	Keypress: equal
146.2457 	DATA 	Keypress: equal
146.2467 	EXP 	Display Frame 1
146.3701 	DATA 	Keypress: equal
146.3711 	EXP 	Display Frame 0
146.4951 	DATA 	Keypress: equal
146.4961 	EXP 	Display Frame 1
146.6200 	DATA 	Keypress: equal
146.6210 	EXP 	Display Frame 0
146.6214 	DATA 	Keypress: equal
146.7452 	DATA 	Keypress: equal
146.7461 	EXP 	Display Frame 1
146.8700 	DATA 	Keypress: equal
146.8711 	EXP 	Display Frame 0
146.9951 	DATA 	Keypress: equal
146.9962 	EXP 	Display Frame 1
147.1200 	DATA 	Keypress: equal
147.1206 	DATA 	Keypress: equal
147.1215 	EXP 	Display Frame 0
147.2451 	DATA 	Keypress: equal
147.2459 	EXP 	Display Frame 1
147.3700 	DATA 	Keypress: equal
147.3710 	EXP 	Display Frame 0
147.4950 	DATA 	Keypress: equal
147.4960 	EXP 	Display Frame 1
147.6199 	DATA 	Keypress: equal
147.6205 	DATA 	Keypress: equal
147.6214 	EXP 	Display Frame 0
147.7450 	DATA 	Keypress: equal
147.7458 	EXP 	Display Frame 1
147.8702 	DATA 	Keypress: equal
147.8712 	EXP 	Display Frame 0
147.9956 	DATA 	Keypress: equal
147.9961 	DATA 	Keypress: equal
147.9971 	EXP 	Display Frame 1
148.1206 	DATA 	Keypress: equal
148.1215 	EXP 	Display Frame 0
148.2452 	DATA 	Keypress: equal
148.2461 	EXP 	Display Frame 1
148.3702 	DATA 	Keypress: equal
148.3712 	EXP 	Display Frame 0
148.4951 	DATA 	Keypress: equal
148.4956 	DATA 	Keypress: equal
148.4964 	EXP 	Display Frame 1
148.6201 	DATA 	Keypress: equal
148.6211 	EXP 	Display Frame 0
148.7450 	DATA 	Keypress: equal
148.7458 	EXP 	Display Frame 1
148.8700 	DATA 	Keypress: equal
148.8710 	EXP 	Display Frame 0
148.9950 	DATA 	Keypress: equal
148.9956 	DATA 	Keypress: equal
148.9966 	EXP 	Display Frame 1
149.1204 	DATA 	Keypress: equal
149.1213 	EXP 	Display Frame 0
149.2451 	DATA 	Keypress: equal
149.2459 	EXP 	Display Frame 1
149.3700 	DATA 	Keypress: equal
149.3706 	DATA 	Keypress: equal
149.3715 	EXP 	Display Frame 0
149.4950 	DATA 	Keypress: equal
149.4959 	EXP 	Display Frame 1
149.6205 	DATA 	Keypress: equal
149.6214 	EXP 	Display Frame 0
149.7451 	DATA 	Keypress: equal
149.7458 	EXP 	Display Frame 1
149.8709 	DATA 	Keypress: equal
149.8715 	DATA 	Keypress: equal
149.8726 	EXP 	Display Frame 0
149.9951 	DATA 	Keypress: equal
149.9960 	EXP 	Display Frame 1
150.1200 	DATA 	Keypress: equal
150.1211 	EXP 	Display Frame 0
150.2450 	DATA 	Keypress: equal
150.2460 	EXP 	Display Frame 1
150.3703 	DATA 	Keypress: equal
150.3709 	DATA 	Keypress: equal
150.3719 	EXP 	Display Frame 0
150.4952 	DATA 	Keypress: equal
150.4961 	EXP 	Display Frame 1
150.6202 	DATA 	Keypress: equal
150.6212 	EXP 	Display Frame 0
150.7451 	DATA 	Keypress: equal
150.7457 	DATA 	Keypress: equal
150.7465 	EXP 	Display Frame 1
150.8700 	DATA 	Keypress: equal
150.8710 	EXP 	Display Frame 0
150.9951 	DATA 	Keypress: equal
150.9961 	EXP 	Display Frame 1
151.1203 	DATA 	Keypress: equal
151.1213 	EXP 	Display Frame 0
151.2451 	DATA 	Keypress: equal
151.2457 	DATA 	Keypress: equal
151.2465 	EXP 	Display Frame 1
151.3700 	DATA 	Keypress: equal
151.3710 	EXP 	Display Frame 0
151.4950 	DATA 	Keypress: equal
151.4960 	EXP 	Display Frame 1
151.6199 	DATA 	Keypress: equal
151.6205 	DATA 	Keypress: equal
151.6213 	EXP 	Display Frame 0
151.7450 	DATA 	Keypress: equal
151.7458 	EXP 	Display Frame 1
151.8701 	DATA 	Keypress: equal
151.8711 	EXP 	Display Frame 0
151.9950 	DATA 	Keypress: equal
151.9960 	EXP 	Display Frame 1
152.1199 	DATA 	Keypress: equal
152.1205 	DATA 	Keypress: equal
152.1215 	EXP 	Display Frame 0
152.2450 	DATA 	Keypress: equal
152.2458 	EXP 	Display Frame 1
152.3700 	DATA 	Keypress: equal
152.3711 	EXP 	Display Frame 0
152.4949 	DATA 	Keypress: equal
152.4959 	EXP 	Display Frame 1
152.6201 	DATA 	Keypress: equal
152.6206 	DATA 	Keypress: equal
152.6215 	EXP 	Display Frame 0
152.7450 	DATA 	Keypress: equal
152.7458 	EXP 	Display Frame 1
152.8701 	DATA 	Keypress: equal
152.8711 	EXP 	Display Frame 0
152.9949 	DATA 	Keypress: equal
152.9955 	DATA 	Keypress: equal
152.9963 	EXP 	Display Frame 1
153.1200 	DATA 	Keypress: equal
153.1210 	EXP 	Display Frame 0
153.2450 	DATA 	Keypress: equal
153.2459 	EXP 	Display Frame 1
153.3699 	DATA 	Keypress: equal
153.3709 	EXP 	Display Frame 0
153.4950 	DATA 	Keypress: equal
153.4955 	DATA 	Keypress: equal
153.4963 	EXP 	Display Frame 1
153.6200 	DATA 	Keypress: equal
153.6225 	EXP 	Display Frame 0
153.7449 	DATA 	Keypress: equal
153.7472 	EXP 	Display Frame 1
153.8699 	DATA 	Keypress: equal
153.8726 	EXP 	Display Frame 0
153.9949 	DATA 	Keypress: equal
153.9954 	DATA 	Keypress: equal
153.9972 	EXP 	Display Frame 1
154.1200 	DATA 	Keypress: equal
154.1223 	EXP 	Display Frame 0
154.2449 	DATA 	Keypress: equal
154.2471 	EXP 	Display Frame 1
154.3699 	DATA 	Keypress: equal
154.3704 	DATA 	Keypress: equal
154.3716 	EXP 	Display Frame 0
154.4953 	DATA 	Keypress: equal
154.4965 	EXP 	Display Frame 1
154.6201 	DATA 	Keypress: equal
154.6229 	EXP 	Display Frame 0
154.7450 	DATA 	Keypress: equal
154.7472 	EXP 	Display Frame 1
154.8700 	DATA 	Keypress: equal
154.8705 	DATA 	Keypress: equal
154.8723 	EXP 	Display Frame 0
154.9950 	DATA 	Keypress: equal
154.9969 	EXP 	Display Frame 1
155.1199 	DATA 	Keypress: equal
155.1223 	EXP 	Display Frame 0
155.2449 	DATA 	Keypress: equal
155.2471 	EXP 	Display Frame 1
155.2474 	DATA 	Keypress: equal
155.3700 	DATA 	Keypress: equal
155.3731 	EXP 	Display Frame 0
155.4950 	DATA 	Keypress: equal
155.4971 	EXP 	Display Frame 1
155.6200 	DATA 	Keypress: equal
155.6209 	EXP 	Display Frame 0
155.7449 	DATA 	Keypress: equal
155.7455 	DATA 	Keypress: equal
155.7463 	EXP 	Display Frame 1
155.8699 	DATA 	Keypress: equal
155.8709 	EXP 	Display Frame 0
155.9950 	DATA 	Keypress: equal
155.9970 	EXP 	Display Frame 1
156.1199 	DATA 	Keypress: equal
156.1209 	EXP 	Display Frame 0
156.2449 	DATA 	Keypress: equal
156.2455 	DATA 	Keypress: equal
156.2464 	EXP 	Display Frame 1
156.3699 	DATA 	Keypress: equal
156.3709 	EXP 	Display Frame 0
156.4950 	DATA 	Keypress: equal
156.4973 	EXP 	Display Frame 1
156.6199 	DATA 	Keypress: equal
156.6204 	DATA 	Keypress: equal
156.6219 	EXP 	Display Frame 0
156.7454 	DATA 	Keypress: equal
156.7472 	EXP 	Display Frame 1
156.8702 	DATA 	Keypress: equal
156.8732 	EXP 	Display Frame 0
156.9950 	DATA 	Keypress: equal
156.9972 	EXP 	Display Frame 1
157.1201 	DATA 	Keypress: equal
157.1206 	DATA 	Keypress: equal
157.1216 	EXP 	Display Frame 0
157.2450 	DATA 	Keypress: equal
157.2472 	EXP 	Display Frame 1
157.3705 	DATA 	Keypress: equal
157.3726 	EXP 	Display Frame 0
157.4950 	DATA 	Keypress: equal
157.4971 	EXP 	Display Frame 1
157.6200 	DATA 	Keypress: equal
157.6206 	DATA 	Keypress: equal
157.6221 	EXP 	Display Frame 0
157.7450 	DATA 	Keypress: equal
157.7470 	EXP 	Display Frame 1
157.8703 	DATA 	Keypress: equal
157.8731 	EXP 	Display Frame 0
157.9950 	DATA 	Keypress: equal
157.9956 	DATA 	Keypress: equal
157.9965 	EXP 	Display Frame 1
158.1200 	DATA 	Keypress: equal
158.1222 	EXP 	Display Frame 0
158.2450 	DATA 	Keypress: equal
158.2471 	EXP 	Display Frame 1
158.3700 	DATA 	Keypress: equal
158.3729 	EXP 	Display Frame 0
158.4949 	DATA 	Keypress: equal
158.4955 	DATA 	Keypress: equal
158.4964 	EXP 	Display Frame 1
158.6199 	DATA 	Keypress: equal
158.6224 	EXP 	Display Frame 0
158.7449 	DATA 	Keypress: equal
158.7474 	EXP 	Display Frame 1
158.8701 	DATA 	Keypress: equal
158.8726 	EXP 	Display Frame 0
158.9949 	DATA 	Keypress: equal
158.9955 	DATA 	Keypress: equal
158.9964 	EXP 	Display Frame 1
159.1199 	DATA 	Keypress: equal
159.1224 	EXP 	Display Frame 0
159.2450 	DATA 	Keypress: equal
159.2471 	EXP 	Display Frame 1
159.3700 	DATA 	Keypress: equal
159.3706 	DATA 	Keypress: equal
159.3728 	EXP 	Display Frame 0
159.4950 	DATA 	Keypress: equal
159.4970 	EXP 	Display Frame 1
159.6200 	DATA 	Keypress: equal
159.6224 	EXP 	Display Frame 0
159.7453 	DATA 	Keypress: equal
159.7468 	EXP 	Display Frame 1
159.8703 	DATA 	Keypress: equal
159.8710 	DATA 	Keypress: equal
159.8721 	EXP 	Display Frame 0
159.9952 	DATA 	Keypress: equal
159.9971 	EXP 	Display Frame 1
160.1200 	DATA 	Keypress: equal
160.1223 	EXP 	Display Frame 0
160.2450 	DATA 	Keypress: equal
160.2455 	DATA 	Keypress: equal
160.2468 	EXP 	Display Frame 1
160.3700 	DATA 	Keypress: equal
160.3730 	EXP 	Display Frame 0
160.4949 	DATA 	Keypress: equal
160.4971 	EXP 	Display Frame 1
160.6199 	DATA 	Keypress: equal
160.6223 	EXP 	Display Frame 0
160.7450 	DATA 	Keypress: equal
160.7455 	DATA 	Keypress: equal
160.7472 	EXP 	Display Frame 1
160.8701 	DATA 	Keypress: equal
160.8722 	EXP 	Display Frame 0
160.9950 	DATA 	Keypress: equal
160.9969 	EXP 	Display Frame 1
161.1244 	EXP 	Display Frame 0
161.2477 	EXP 	Display Frame 1
161.3739 	EXP 	Display Frame 0
161.4979 	EXP 	Display Frame 1
161.6202 	DATA 	Keypress: q
161.6234 	EXP 	Display Frame 0
161.6364 	EXP 	topMsg: height = 0.1
161.6364 	EXP 	topMsg: height = 0.1
161.6364 	EXP 	topMsg: text = "Thank you very much! \n\nThat's it with the tapping"
161.6364 	EXP 	bottomMsg: height = 0.1
161.6364 	EXP 	bottomMsg: height = 0.1
161.6364 	EXP 	bottomMsg: text = "Please relax for the ramaining time \n\n Press 'q' or 'escape' to end the session."
161.6364 	EXP 	Display TheEnd
161.7193 	DATA 	Keypress: equal
161.9444 	DATA 	Keypress: q
162.0374 	EXP 	win: mouseVisible = True
