1.0002 	WARNING 	We strongly recommend you activate the PTB sound engine in PsychoPy prefs as the preferred audio engine. Its timing is vastly superior. Your prefs are currently set to use ['sounddevice', 'PTB', 'pyo', 'pygame'] (in that order).
6.9860 	INFO 	---START PARAMETERS---
6.9860 	INFO 	filename: TappingWithTrTiming_Movie_d3.py-1tt-72-Mar_11_1401
6.9861 	INFO 	subject: 1tt
6.9861 	INFO 	session: 72
6.9861 	INFO 	date: Mar_11_1401
6.9861 	INFO 	blockDur_TRs: 2
6.9861 	INFO 	condition: vis
6.9861 	INFO 	fixCrossPos: [0, 0]
6.9861 	INFO 	fixCrossSize: 100
6.9861 	INFO 	fullScreen: True
6.9861 	INFO 	movieFolder: Images/
6.9861 	INFO 	movieSize: (1600, 1000)
6.9861 	INFO 	nBlocks: 68
6.9861 	INFO 	promptDir: Text/
6.9861 	INFO 	restDur_TRs: 2
6.9861 	INFO 	screenColor: (128, 128, 128)
6.9861 	INFO 	screenToShow: 0
6.9861 	INFO 	skipPrompts: False
6.9861 	INFO 	tStartup_TRs: 0
6.9861 	INFO 	textHeight: 40
6.9861 	INFO 	triggerKey: t
6.9861 	INFO 	---END PARAMETERS---
8.0911 	INFO 	Loaded monitor calibration from ['2022_03_25 08:03']
10.0813 	WARNING 	Couldn't measure a consistent frame rate!
  - Is your graphics card set to sync to vertical blank?
  - Are you running other processes on your computer?

10.0822 	EXP 	Created win = Window(allowGUI=False, allowStencil=False, autoLog=True, backendConf=UNKNOWN, bitsMode=UNKNOWN, blendMode='avg', bpc=(8, 8, 8), color=array([128, 128, 128]), colorSpace='rgb255', depthBits=8, fullscr=<method-wrapper '__getattribute__' of attributeSetter object at 0x7fd3d979d700>, gamma=None, gammaErrorPolicy='raise', lms=UNKNOWN, monitor=<psychopy.monitors.calibTools.Monitor object at 0x7fd4488369a0>, multiSample=False, name='win', numSamples=2, pos=[480.0, 270.0], screen=0, size=array([3840, 2160]), stencilBits=0, stereo=False, units='deg', useFBO=False, useRetina=True, viewOri=0.0, viewPos=None, viewScale=None, waitBlanking=True, winType='pyglet')
10.0826 	EXP 	win: mouseVisible = True
10.0898 	EXP 	Created fixCross = ShapeStim(__class__=<class 'psychopy.visual.shape.ShapeStim'>, anchor=('center', 'center'), autoDraw=False, autoLog=True, closeShape=False, color=method-wrapper(...), colorSpace='rgb', contrast=None, depth=0, fillColor=array([0, 0, 0]), fillColorSpace='rgb', fillRGB=array([0, 0, 0]), interpolate=True, lineColor=array([-1., -1., -1.]), lineColorSpace='rgb', lineRGB=array([-1., -1., -1.]), lineWidth=3.0, name='fixCross', opacity=0.5, ori=0.0, pos=array([0., 0.]), size=array([1., 1.]), units='pix', vertices=ndarray(...), win=Window(...), windingRule=None)
10.0905 	WARNING 	TextStim.alignHoriz is deprecated. Use alignText and anchorHoriz attributes instead
10.1230 	EXP 	Created topMsg = TextStim(__class__=<class 'psychopy.visual.text.TextStim'>, alignHoriz='center', alignText='center', alignVert=method-wrapper(...), anchorHoriz='center', anchorVert='center', antialias=True, autoLog=True, bold=False, color=array([-1., -1., -1.]), colorSpace='rgb', contrast=1.0, depth=0, flipHoriz=False, flipVert=False, font='', fontFiles=[], height=0.1, italic=False, languageStyle='LTR', name='topMsg', opacity=1.0, ori=0.0, pos=array([0. , 0.5]), rgb=UNKNOWN, text='aaa', units='norm', win=Window(...), wrapWidth=1.5)
10.1232 	WARNING 	TextStim.alignHoriz is deprecated. Use alignText and anchorHoriz attributes instead
10.1260 	EXP 	Created bottomMsg = TextStim(__class__=<class 'psychopy.visual.text.TextStim'>, alignHoriz='center', alignText='center', alignVert=method-wrapper(...), anchorHoriz='center', anchorVert='center', antialias=True, autoLog=True, bold=False, color=array([-1., -1., -1.]), colorSpace='rgb', contrast=1.0, depth=0, flipHoriz=False, flipVert=False, font='', fontFiles=[], height=0.1, italic=False, languageStyle='LTR', name='bottomMsg', opacity=1.0, ori=0.0, pos=array([ 0. , -0.5]), rgb=UNKNOWN, text='bbb', units='norm', win=Window(...), wrapWidth=1.5)
10.1499 	EXP 	Created Movie Frame 0 = ImageStim(__class__=<class 'psychopy.visual.image.ImageStim'>, anchor=('center', 'center'), autoLog=True, color=array([1., 1., 1.]), colorSpace='rgb', contrast=1.0, depth=0, flipHoriz=False, flipVert=False, image='Images/visual_0.png', interpolate=False, mask=None, maskParams=None, name='Movie Frame 0', opacity=1, ori=0.0, pos=array([0., 0.]), size=array([1600., 1000.]), texRes=128, units='pix', win=Window(...))
10.1633 	EXP 	Created Movie Frame 1 = ImageStim(__class__=<class 'psychopy.visual.image.ImageStim'>, anchor=('center', 'center'), autoLog=True, color=array([1., 1., 1.]), colorSpace='rgb', contrast=1.0, depth=0, flipHoriz=False, flipVert=False, image='Images/visual_1.png', interpolate=False, mask=None, maskParams=None, name='Movie Frame 1', opacity=1, ori=0.0, pos=array([0., 0.]), size=array([1600., 1000.]), texRes=128, units='pix', win=Window(...))
10.1708 	EXP 	Created unnamed TextStim = TextStim(__class__=<class 'psychopy.visual.text.TextStim'>, alignHoriz=method-wrapper(...), alignText='center', alignVert=method-wrapper(...), anchorHoriz='center', anchorVert='center', antialias=True, autoLog=True, bold=False, color=array([-1., -1., -1.]), colorSpace='rgb', contrast=1.0, depth=0, flipHoriz=False, flipVert=False, font='', fontFiles=[], height=40.0, italic=False, languageStyle='LTR', name='unnamed TextStim', opacity=1.0, ori=0.0, pos=array([  0., 580.]), rgb=UNKNOWN, text='look at the center', units='pix', win=Window(...), wrapWidth=1600)
10.1878 	WARNING 	t of last frame was 106.67ms (=1/9)
10.1878 	EXP 	topMsg: height = 0.1
10.1878 	EXP 	topMsg: height = 0.1
10.1878 	EXP 	topMsg: text = 'You will see a flickering checkerboard. When it is on the screen, try to fixate the center of the checkerboard. When the fixation cross appears, relax and stare at the cross.'
10.1878 	EXP 	bottomMsg: height = 0.1
10.1878 	EXP 	bottomMsg: height = 0.1
10.1878 	EXP 	bottomMsg: text = 'The experiment will begin shortly'
10.1878 	EXP 	Display Instructions1
10.5504 	DATA 	Keypress: space
10.5574 	WARNING 	t of last frame was 369.55ms (=1/2)
10.5574 	EXP 	topMsg: height = 0.1
10.5574 	EXP 	topMsg: height = 0.1
10.5574 	EXP 	topMsg: text = "Please don't move..."
10.5574 	EXP 	bottomMsg: height = 0.1
10.5574 	EXP 	bottomMsg: height = 0.1
10.5574 	EXP 	bottomMsg: text = ''
10.5574 	EXP 	PleaseDontMove
70.5110 	DATA 	Keypress: t
70.5170 	WARNING 	t of last frame was 59959.67ms (=1/0)
70.5170 	EXP 	Display Fixation
70.5173 	EXP 	---START EXPERIMENT---
70.5191 	EXP 	Display Fixation
71.9532 	DATA 	Keypress: t
113.8706 	DATA 	Keypress: t
113.8754 	WARNING 	t of last frame was 43356.28ms (=1/0)
113.9991 	WARNING 	Multiple dropped frames have occurred - I'll stop bothering you about them!
113.9990 	EXP 	Display Frame 1
114.1233 	EXP 	Display Frame 0
114.2483 	EXP 	Display Frame 1
114.3734 	EXP 	Display Frame 0
114.4983 	EXP 	Display Frame 1
114.6235 	EXP 	Display Frame 0
114.7483 	EXP 	Display Frame 1
114.8735 	EXP 	Display Frame 0
114.9985 	EXP 	Display Frame 1
115.1234 	EXP 	Display Frame 0
115.2486 	EXP 	Display Frame 1
115.3728 	DATA 	Keypress: t
115.3754 	EXP 	Display Frame 0
115.4982 	EXP 	Display Frame 1
115.6234 	EXP 	Display Frame 0
115.7485 	EXP 	Display Frame 1
115.8734 	EXP 	Display Frame 0
115.9984 	EXP 	Display Frame 1
116.1235 	EXP 	Display Frame 0
116.2484 	EXP 	Display Frame 1
116.3734 	EXP 	Display Frame 0
116.4985 	EXP 	Display Frame 1
116.6235 	EXP 	Display Frame 0
116.7486 	EXP 	Display Frame 1
116.8736 	EXP 	Display Frame 0
116.9985 	EXP 	Display Frame 1
117.1234 	EXP 	Display Frame 0
117.2486 	EXP 	Display Frame 1
117.3736 	EXP 	Display Frame 0
117.4984 	EXP 	Display Frame 1
117.6237 	EXP 	Display Frame 0
117.7485 	EXP 	Display Frame 1
117.8737 	EXP 	Display Frame 0
117.9986 	EXP 	Display Frame 1
118.1235 	EXP 	Display Frame 0
118.2484 	EXP 	Display Frame 1
118.3732 	EXP 	Display Frame 0
118.4983 	EXP 	Display Frame 1
118.6233 	EXP 	Display Frame 0
118.7486 	EXP 	Display Frame 1
118.8736 	EXP 	Display Frame 0
118.9984 	EXP 	Display Frame 1
119.1234 	EXP 	Display Frame 0
119.2486 	EXP 	Display Frame 1
119.3735 	EXP 	Display Frame 0
119.4974 	EXP 	Display Frame 1
119.6234 	EXP 	Display Frame 0
119.7485 	EXP 	Display Frame 1
119.8734 	EXP 	Display Frame 0
119.9987 	EXP 	Display Frame 1
120.1235 	EXP 	Display Frame 0
120.2484 	EXP 	Display Frame 1
120.3736 	EXP 	Display Frame 0
120.4985 	EXP 	Display Frame 1
120.6234 	EXP 	Display Frame 0
120.7486 	EXP 	Display Frame 1
120.8735 	EXP 	Display Frame 0
120.9984 	EXP 	Display Frame 1
121.1234 	EXP 	Display Frame 0
121.2485 	EXP 	Display Frame 1
121.3735 	EXP 	Display Frame 0
121.4984 	EXP 	Display Frame 1
121.6236 	EXP 	Display Frame 0
121.7489 	EXP 	Display Frame 1
121.8732 	EXP 	Display Frame 0
121.9990 	EXP 	Display Frame 1
122.1233 	EXP 	Display Frame 0
122.2482 	EXP 	Display Frame 1
122.3731 	EXP 	Display Frame 0
122.4985 	EXP 	Display Frame 1
122.6234 	EXP 	Display Frame 0
122.7485 	EXP 	Display Frame 1
122.8735 	EXP 	Display Frame 0
122.9984 	EXP 	Display Frame 1
123.1236 	EXP 	Display Frame 0
123.2494 	EXP 	Display Frame 1
123.3734 	EXP 	Display Frame 0
123.4982 	EXP 	Display Frame 1
123.6235 	EXP 	Display Frame 0
123.7485 	EXP 	Display Frame 1
123.8734 	EXP 	Display Frame 0
123.9985 	EXP 	Display Frame 1
124.1235 	EXP 	Display Frame 0
124.2484 	EXP 	Display Frame 1
124.3736 	EXP 	Display Frame 0
124.4985 	EXP 	Display Frame 1
124.6234 	EXP 	Display Frame 0
124.7486 	EXP 	Display Frame 1
124.8735 	EXP 	Display Frame 0
124.9982 	EXP 	Display Frame 1
125.1234 	EXP 	Display Frame 0
125.2485 	EXP 	Display Frame 1
125.3734 	EXP 	Display Frame 0
125.4984 	EXP 	Display Frame 1
125.6235 	EXP 	Display Frame 0
125.7484 	EXP 	Display Frame 1
125.8734 	EXP 	Display Frame 0
125.9985 	EXP 	Display Frame 1
126.1235 	EXP 	Display Frame 0
126.2484 	EXP 	Display Frame 1
126.3731 	EXP 	Display Frame 0
126.4984 	EXP 	Display Frame 1
126.6234 	EXP 	Display Frame 0
126.7486 	EXP 	Display Frame 1
126.8736 	EXP 	Display Frame 0
126.9984 	EXP 	Display Frame 1
127.1236 	EXP 	Display Frame 0
127.2484 	EXP 	Display Frame 1
127.3734 	EXP 	Display Frame 0
127.4983 	EXP 	Display Frame 1
127.6236 	EXP 	Display Frame 0
127.7483 	EXP 	Display Frame 1
127.8734 	EXP 	Display Frame 0
127.9982 	EXP 	Display Frame 1
128.1234 	EXP 	Display Frame 0
128.2485 	EXP 	Display Frame 1
128.3735 	EXP 	Display Frame 0
128.4983 	EXP 	Display Frame 1
128.6234 	EXP 	Display Frame 0
128.7485 	EXP 	Display Frame 1
128.8735 	EXP 	Display Frame 0
128.9982 	EXP 	Display Frame 1
129.1236 	EXP 	Display Frame 0
129.2483 	EXP 	Display Frame 1
129.3734 	EXP 	Display Frame 0
129.4985 	EXP 	Display Frame 1
129.6235 	EXP 	Display Frame 0
129.7484 	EXP 	Display Frame 1
129.8736 	EXP 	Display Frame 0
129.9984 	EXP 	Display Frame 1
130.1234 	EXP 	Display Frame 0
130.2486 	EXP 	Display Frame 1
130.3735 	EXP 	Display Frame 0
130.4982 	EXP 	Display Frame 1
130.6234 	EXP 	Display Frame 0
130.7483 	EXP 	Display Frame 1
130.8734 	EXP 	Display Frame 0
130.9981 	EXP 	Display Frame 1
131.1235 	EXP 	Display Frame 0
131.2484 	EXP 	Display Frame 1
131.3734 	EXP 	Display Frame 0
131.4984 	EXP 	Display Frame 1
131.6235 	EXP 	Display Frame 0
131.7484 	EXP 	Display Frame 1
131.8735 	EXP 	Display Frame 0
131.9985 	EXP 	Display Frame 1
132.1234 	EXP 	Display Frame 0
132.2486 	EXP 	Display Frame 1
132.3733 	EXP 	Display Frame 0
132.4976 	EXP 	Display Frame 1
132.6236 	EXP 	Display Frame 0
132.7485 	EXP 	Display Frame 1
132.8734 	EXP 	Display Frame 0
132.9982 	EXP 	Display Frame 1
133.1235 	EXP 	Display Frame 0
133.2484 	EXP 	Display Frame 1
133.3734 	EXP 	Display Frame 0
133.4976 	EXP 	Display Frame 1
133.6235 	EXP 	Display Frame 0
133.7484 	EXP 	Display Frame 1
133.8734 	EXP 	Display Frame 0
133.9983 	EXP 	Display Frame 1
134.1234 	EXP 	Display Frame 0
134.2485 	EXP 	Display Frame 1
134.3735 	EXP 	Display Frame 0
134.4986 	EXP 	Display Frame 1
134.6234 	EXP 	Display Frame 0
134.7485 	EXP 	Display Frame 1
134.8734 	EXP 	Display Frame 0
134.9985 	EXP 	Display Frame 1
135.1235 	EXP 	Display Frame 0
135.2487 	EXP 	Display Frame 1
135.3736 	EXP 	Display Frame 0
135.4985 	EXP 	Display Frame 1
135.6235 	EXP 	Display Frame 0
135.7486 	EXP 	Display Frame 1
135.8735 	EXP 	Display Frame 0
135.9982 	EXP 	Display Frame 1
136.1235 	EXP 	Display Frame 0
136.2483 	EXP 	Display Frame 1
136.3734 	EXP 	Display Frame 0
136.4984 	EXP 	Display Frame 1
136.6236 	EXP 	Display Frame 0
136.7484 	EXP 	Display Frame 1
136.8734 	EXP 	Display Frame 0
136.9985 	EXP 	Display Frame 1
137.1235 	EXP 	Display Frame 0
137.2486 	EXP 	Display Frame 1
137.3734 	EXP 	Display Frame 0
137.4985 	EXP 	Display Frame 1
137.6234 	EXP 	Display Frame 0
137.7486 	EXP 	Display Frame 1
137.8735 	EXP 	Display Frame 0
137.9977 	EXP 	Display Frame 1
138.1236 	EXP 	Display Frame 0
138.2485 	EXP 	Display Frame 1
138.3734 	EXP 	Display Frame 0
138.4988 	EXP 	Display Frame 1
138.6234 	EXP 	Display Frame 0
138.7483 	EXP 	Display Frame 1
138.8734 	EXP 	Display Frame 0
138.9985 	EXP 	Display Frame 1
139.1235 	EXP 	Display Frame 0
139.2487 	EXP 	Display Frame 1
139.3734 	EXP 	Display Frame 0
139.4983 	EXP 	Display Frame 1
139.6234 	EXP 	Display Frame 0
139.7485 	EXP 	Display Frame 1
139.8735 	EXP 	Display Frame 0
139.9985 	EXP 	Display Frame 1
140.1237 	EXP 	Display Frame 0
140.2487 	EXP 	Display Frame 1
140.3736 	EXP 	Display Frame 0
140.4986 	EXP 	Display Frame 1
140.6235 	EXP 	Display Frame 0
140.7484 	EXP 	Display Frame 1
140.8737 	EXP 	Display Frame 0
140.9985 	EXP 	Display Frame 1
141.1235 	EXP 	Display Frame 0
141.2486 	EXP 	Display Frame 1
141.3734 	EXP 	Display Frame 0
141.4980 	EXP 	Display Frame 1
141.6234 	EXP 	Display Frame 0
141.7484 	EXP 	Display Frame 1
141.8735 	EXP 	Display Frame 0
141.9997 	EXP 	Display Frame 1
142.1234 	EXP 	Display Frame 0
142.2484 	EXP 	Display Frame 1
142.3734 	EXP 	Display Frame 0
142.4986 	EXP 	Display Frame 1
142.6233 	EXP 	Display Frame 0
142.7484 	EXP 	Display Frame 1
142.8736 	EXP 	Display Frame 0
142.9985 	EXP 	Display Frame 1
143.1236 	EXP 	Display Frame 0
143.2486 	EXP 	Display Frame 1
143.3735 	EXP 	Display Frame 0
143.4985 	EXP 	Display Frame 1
143.6236 	EXP 	Display Frame 0
143.7485 	EXP 	Display Frame 1
143.8733 	EXP 	Display Frame 0
143.9984 	EXP 	Display Frame 1
144.1237 	EXP 	Display Frame 0
144.2485 	EXP 	Display Frame 1
144.3734 	EXP 	Display Frame 0
144.4984 	EXP 	Display Frame 1
144.6236 	EXP 	Display Frame 0
144.7488 	EXP 	Display Frame 1
144.8738 	EXP 	Display Frame 0
144.9983 	EXP 	Display Frame 1
145.1235 	EXP 	Display Frame 0
145.2486 	EXP 	Display Frame 1
145.3737 	EXP 	Display Frame 0
145.4983 	EXP 	Display Frame 1
145.6234 	EXP 	Display Frame 0
145.7485 	EXP 	Display Frame 1
145.8735 	EXP 	Display Frame 0
145.9983 	EXP 	Display Frame 1
146.1235 	EXP 	Display Frame 0
146.2487 	EXP 	Display Frame 1
146.3732 	EXP 	Display Frame 0
146.4985 	EXP 	Display Frame 1
146.6236 	EXP 	Display Frame 0
146.7484 	EXP 	Display Frame 1
146.8736 	EXP 	Display Frame 0
146.9974 	EXP 	Display Frame 1
147.1232 	EXP 	Display Frame 0
147.2484 	EXP 	Display Frame 1
147.3735 	EXP 	Display Frame 0
147.4977 	EXP 	Display Frame 1
147.6236 	EXP 	Display Frame 0
147.7485 	EXP 	Display Frame 1
147.8734 	EXP 	Display Frame 0
147.9986 	EXP 	Display Frame 1
148.1235 	EXP 	Display Frame 0
148.2484 	EXP 	Display Frame 1
148.3732 	EXP 	Display Frame 0
148.4985 	EXP 	Display Frame 1
148.6233 	EXP 	Display Frame 0
148.7484 	EXP 	Display Frame 1
148.8735 	EXP 	Display Frame 0
148.9985 	EXP 	Display Frame 1
149.1234 	EXP 	Display Frame 0
149.2485 	EXP 	Display Frame 1
149.3735 	EXP 	Display Frame 0
149.4984 	EXP 	Display Frame 1
149.6236 	EXP 	Display Frame 0
149.7485 	EXP 	Display Frame 1
149.8734 	EXP 	Display Frame 0
149.9983 	EXP 	Display Frame 1
150.1235 	EXP 	Display Frame 0
150.2484 	EXP 	Display Frame 1
150.3734 	EXP 	Display Frame 0
150.4985 	EXP 	Display Frame 1
150.6232 	EXP 	Display Frame 0
150.7486 	EXP 	Display Frame 1
150.8736 	EXP 	Display Frame 0
150.9984 	EXP 	Display Frame 1
151.1236 	EXP 	Display Frame 0
151.2485 	EXP 	Display Frame 1
151.3733 	EXP 	Display Frame 0
151.4984 	EXP 	Display Frame 1
151.6236 	EXP 	Display Frame 0
151.7485 	EXP 	Display Frame 1
151.8734 	EXP 	Display Frame 0
151.9976 	EXP 	Display Frame 1
152.1235 	EXP 	Display Frame 0
152.2486 	EXP 	Display Frame 1
152.3734 	EXP 	Display Frame 0
152.4974 	EXP 	Display Frame 1
152.6233 	EXP 	Display Frame 0
152.7484 	EXP 	Display Frame 1
152.8735 	EXP 	Display Frame 0
152.9984 	EXP 	Display Frame 1
153.1234 	EXP 	Display Frame 0
153.2485 	EXP 	Display Frame 1
153.3735 	EXP 	Display Frame 0
153.4984 	EXP 	Display Frame 1
153.6236 	EXP 	Display Frame 0
153.7483 	EXP 	Display Frame 1
153.8732 	EXP 	Display Frame 0
153.9984 	EXP 	Display Frame 1
154.1235 	EXP 	Display Frame 0
154.2486 	EXP 	Display Frame 1
154.3734 	EXP 	Display Frame 0
154.4985 	EXP 	Display Frame 1
154.6234 	EXP 	Display Frame 0
154.7486 	EXP 	Display Frame 1
154.8735 	EXP 	Display Frame 0
154.9984 	EXP 	Display Frame 1
155.1236 	EXP 	Display Frame 0
155.2485 	EXP 	Display Frame 1
155.3735 	EXP 	Display Frame 0
155.4983 	EXP 	Display Frame 1
155.6235 	EXP 	Display Frame 0
155.7484 	EXP 	Display Frame 1
155.8735 	EXP 	Display Frame 0
155.9976 	EXP 	Display Frame 1
156.1234 	EXP 	Display Frame 0
156.2486 	EXP 	Display Frame 1
156.3732 	EXP 	Display Frame 0
156.4983 	EXP 	Display Frame 1
156.6234 	EXP 	Display Frame 0
156.7486 	EXP 	Display Frame 1
156.8735 	EXP 	Display Frame 0
156.9984 	EXP 	Display Frame 1
157.1236 	EXP 	Display Frame 0
157.2479 	DATA 	Keypress: t
157.2504 	EXP 	Display Frame 1
157.2522 	EXP 	Display Fixation
158.6688 	DATA 	Keypress: t
200.5901 	DATA 	Keypress: t
200.7183 	EXP 	Display Frame 1
200.8426 	EXP 	Display Frame 0
200.9679 	EXP 	Display Frame 1
201.0930 	EXP 	Display Frame 0
201.2179 	EXP 	Display Frame 1
201.3429 	EXP 	Display Frame 0
201.4680 	EXP 	Display Frame 1
201.5930 	EXP 	Display Frame 0
201.7178 	EXP 	Display Frame 1
201.8430 	EXP 	Display Frame 0
201.9680 	EXP 	Display Frame 1
202.0916 	DATA 	Keypress: t
202.0943 	EXP 	Display Frame 0
202.2178 	EXP 	Display Frame 1
202.3428 	EXP 	Display Frame 0
202.4679 	EXP 	Display Frame 1
202.5930 	EXP 	Display Frame 0
202.7180 	EXP 	Display Frame 1
202.8429 	EXP 	Display Frame 0
202.9680 	EXP 	Display Frame 1
203.0930 	EXP 	Display Frame 0
203.2179 	EXP 	Display Frame 1
203.3431 	EXP 	Display Frame 0
203.4680 	EXP 	Display Frame 1
203.5929 	EXP 	Display Frame 0
203.7178 	EXP 	Display Frame 1
203.8430 	EXP 	Display Frame 0
203.9679 	EXP 	Display Frame 1
204.0930 	EXP 	Display Frame 0
204.2180 	EXP 	Display Frame 1
204.3429 	EXP 	Display Frame 0
204.4679 	EXP 	Display Frame 1
204.5931 	EXP 	Display Frame 0
204.7184 	EXP 	Display Frame 1
204.8427 	EXP 	Display Frame 0
204.9679 	EXP 	Display Frame 1
205.0930 	EXP 	Display Frame 0
205.2180 	EXP 	Display Frame 1
205.3430 	EXP 	Display Frame 0
205.4680 	EXP 	Display Frame 1
205.5929 	EXP 	Display Frame 0
205.7180 	EXP 	Display Frame 1
205.8431 	EXP 	Display Frame 0
205.9681 	EXP 	Display Frame 1
206.0931 	EXP 	Display Frame 0
206.2181 	EXP 	Display Frame 1
206.3429 	EXP 	Display Frame 0
206.4678 	EXP 	Display Frame 1
206.5930 	EXP 	Display Frame 0
206.7181 	EXP 	Display Frame 1
206.8428 	EXP 	Display Frame 0
206.9680 	EXP 	Display Frame 1
207.0929 	EXP 	Display Frame 0
207.2179 	EXP 	Display Frame 1
207.3430 	EXP 	Display Frame 0
207.4670 	EXP 	Display Frame 1
207.5929 	EXP 	Display Frame 0
207.7178 	EXP 	Display Frame 1
207.8430 	EXP 	Display Frame 0
207.9679 	EXP 	Display Frame 1
208.0932 	EXP 	Display Frame 0
208.2182 	EXP 	Display Frame 1
208.3428 	EXP 	Display Frame 0
208.4679 	EXP 	Display Frame 1
208.5930 	EXP 	Display Frame 0
208.7179 	EXP 	Display Frame 1
208.8431 	EXP 	Display Frame 0
208.9680 	EXP 	Display Frame 1
209.0931 	EXP 	Display Frame 0
209.2181 	EXP 	Display Frame 1
209.3431 	EXP 	Display Frame 0
209.4679 	EXP 	Display Frame 1
209.5929 	EXP 	Display Frame 0
209.7180 	EXP 	Display Frame 1
209.8428 	EXP 	Display Frame 0
209.9679 	EXP 	Display Frame 1
210.0931 	EXP 	Display Frame 0
210.2180 	EXP 	Display Frame 1
210.3430 	EXP 	Display Frame 0
210.4680 	EXP 	Display Frame 1
210.5930 	EXP 	Display Frame 0
210.7178 	EXP 	Display Frame 1
210.8431 	EXP 	Display Frame 0
210.9680 	EXP 	Display Frame 1
211.0931 	EXP 	Display Frame 0
211.2181 	EXP 	Display Frame 1
211.3431 	EXP 	Display Frame 0
211.4679 	EXP 	Display Frame 1
211.5931 	EXP 	Display Frame 0
211.7180 	EXP 	Display Frame 1
211.8429 	EXP 	Display Frame 0
211.9680 	EXP 	Display Frame 1
212.0930 	EXP 	Display Frame 0
212.2180 	EXP 	Display Frame 1
212.3429 	EXP 	Display Frame 0
212.4680 	EXP 	Display Frame 1
212.5930 	EXP 	Display Frame 0
212.7179 	EXP 	Display Frame 1
212.8431 	EXP 	Display Frame 0
212.9668 	EXP 	Display Frame 1
213.0927 	EXP 	Display Frame 0
213.2178 	EXP 	Display Frame 1
213.3430 	EXP 	Display Frame 0
213.4679 	EXP 	Display Frame 1
213.5931 	EXP 	Display Frame 0
213.7180 	EXP 	Display Frame 1
213.8429 	EXP 	Display Frame 0
213.9678 	EXP 	Display Frame 1
214.0930 	EXP 	Display Frame 0
214.2182 	EXP 	Display Frame 1
214.3430 	EXP 	Display Frame 0
214.4678 	EXP 	Display Frame 1
214.5929 	EXP 	Display Frame 0
214.7181 	EXP 	Display Frame 1
214.8429 	EXP 	Display Frame 0
214.9678 	EXP 	Display Frame 1
215.0926 	EXP 	Display Frame 0
215.2180 	EXP 	Display Frame 1
215.3431 	EXP 	Display Frame 0
215.4679 	EXP 	Display Frame 1
215.5931 	EXP 	Display Frame 0
215.7180 	EXP 	Display Frame 1
215.8429 	EXP 	Display Frame 0
215.9680 	EXP 	Display Frame 1
216.0930 	EXP 	Display Frame 0
216.2179 	EXP 	Display Frame 1
216.3429 	EXP 	Display Frame 0
216.4680 	EXP 	Display Frame 1
216.5930 	EXP 	Display Frame 0
216.7179 	EXP 	Display Frame 1
216.8429 	EXP 	Display Frame 0
216.9680 	EXP 	Display Frame 1
217.0929 	EXP 	Display Frame 0
217.2180 	EXP 	Display Frame 1
217.3430 	EXP 	Display Frame 0
217.4679 	EXP 	Display Frame 1
217.5931 	EXP 	Display Frame 0
217.7176 	EXP 	Display Frame 1
217.8427 	EXP 	Display Frame 0
217.9679 	EXP 	Display Frame 1
218.0930 	EXP 	Display Frame 0
218.2179 	EXP 	Display Frame 1
218.3431 	EXP 	Display Frame 0
218.4677 	EXP 	Display Frame 1
218.5927 	EXP 	Display Frame 0
218.7177 	EXP 	Display Frame 1
218.8430 	EXP 	Display Frame 0
218.9679 	EXP 	Display Frame 1
219.0927 	EXP 	Display Frame 0
219.2178 	EXP 	Display Frame 1
219.3428 	EXP 	Display Frame 0
219.4679 	EXP 	Display Frame 1
219.5931 	EXP 	Display Frame 0
219.7179 	EXP 	Display Frame 1
219.8431 	EXP 	Display Frame 0
219.9680 	EXP 	Display Frame 1
220.0930 	EXP 	Display Frame 0
220.2179 	EXP 	Display Frame 1
220.3431 	EXP 	Display Frame 0
220.4680 	EXP 	Display Frame 1
220.5929 	EXP 	Display Frame 0
220.7177 	EXP 	Display Frame 1
220.8428 	EXP 	Display Frame 0
220.9678 	EXP 	Display Frame 1
221.0931 	EXP 	Display Frame 0
221.2180 	EXP 	Display Frame 1
221.3429 	EXP 	Display Frame 0
221.4677 	EXP 	Display Frame 1
221.5930 	EXP 	Display Frame 0
221.7179 	EXP 	Display Frame 1
221.8429 	EXP 	Display Frame 0
221.9684 	EXP 	Display Frame 1
222.0926 	EXP 	Display Frame 0
222.2176 	EXP 	Display Frame 1
222.3431 	EXP 	Display Frame 0
222.4679 	EXP 	Display Frame 1
222.5931 	EXP 	Display Frame 0
222.7180 	EXP 	Display Frame 1
222.8429 	EXP 	Display Frame 0
222.9679 	EXP 	Display Frame 1
223.0929 	EXP 	Display Frame 0
223.2179 	EXP 	Display Frame 1
223.3429 	EXP 	Display Frame 0
223.4678 	EXP 	Display Frame 1
223.5930 	EXP 	Display Frame 0
223.7179 	EXP 	Display Frame 1
223.8428 	EXP 	Display Frame 0
223.9679 	EXP 	Display Frame 1
224.0928 	EXP 	Display Frame 0
224.2177 	EXP 	Display Frame 1
224.3430 	EXP 	Display Frame 0
224.4679 	EXP 	Display Frame 1
224.5929 	EXP 	Display Frame 0
224.7180 	EXP 	Display Frame 1
224.8429 	EXP 	Display Frame 0
224.9679 	EXP 	Display Frame 1
225.0931 	EXP 	Display Frame 0
225.2180 	EXP 	Display Frame 1
225.3429 	EXP 	Display Frame 0
225.4681 	EXP 	Display Frame 1
225.5930 	EXP 	Display Frame 0
225.7179 	EXP 	Display Frame 1
225.8431 	EXP 	Display Frame 0
225.9680 	EXP 	Display Frame 1
226.0931 	EXP 	Display Frame 0
226.2179 	EXP 	Display Frame 1
226.3430 	EXP 	Display Frame 0
226.4675 	EXP 	Display Frame 1
226.5931 	EXP 	Display Frame 0
226.7180 	EXP 	Display Frame 1
226.8430 	EXP 	Display Frame 0
226.9679 	EXP 	Display Frame 1
227.0932 	EXP 	Display Frame 0
227.2180 	EXP 	Display Frame 1
227.3429 	EXP 	Display Frame 0
227.4681 	EXP 	Display Frame 1
227.5930 	EXP 	Display Frame 0
227.7179 	EXP 	Display Frame 1
227.8431 	EXP 	Display Frame 0
227.9680 	EXP 	Display Frame 1
228.0930 	EXP 	Display Frame 0
228.2181 	EXP 	Display Frame 1
228.3430 	EXP 	Display Frame 0
228.4679 	EXP 	Display Frame 1
228.5932 	EXP 	Display Frame 0
228.7178 	EXP 	Display Frame 1
228.8428 	EXP 	Display Frame 0
228.9681 	EXP 	Display Frame 1
229.0930 	EXP 	Display Frame 0
229.2189 	EXP 	Display Frame 1
229.3429 	EXP 	Display Frame 0
229.4677 	EXP 	Display Frame 1
229.5928 	EXP 	Display Frame 0
229.7177 	EXP 	Display Frame 1
229.8428 	EXP 	Display Frame 0
229.9682 	EXP 	Display Frame 1
230.0931 	EXP 	Display Frame 0
230.2180 	EXP 	Display Frame 1
230.3432 	EXP 	Display Frame 0
230.4679 	EXP 	Display Frame 1
230.5924 	EXP 	Display Frame 0
230.7180 	EXP 	Display Frame 1
230.8431 	EXP 	Display Frame 0
230.9679 	EXP 	Display Frame 1
231.0926 	EXP 	Display Frame 0
231.2178 	EXP 	Display Frame 1
231.3431 	EXP 	Display Frame 0
231.4679 	EXP 	Display Frame 1
231.5931 	EXP 	Display Frame 0
231.7181 	EXP 	Display Frame 1
231.8429 	EXP 	Display Frame 0
231.9679 	EXP 	Display Frame 1
232.0930 	EXP 	Display Frame 0
232.2181 	EXP 	Display Frame 1
232.3426 	EXP 	Display Frame 0
232.4677 	EXP 	Display Frame 1
232.5931 	EXP 	Display Frame 0
232.7180 	EXP 	Display Frame 1
232.8427 	EXP 	Display Frame 0
232.9680 	EXP 	Display Frame 1
233.0930 	EXP 	Display Frame 0
233.2179 	EXP 	Display Frame 1
233.3431 	EXP 	Display Frame 0
233.4680 	EXP 	Display Frame 1
233.5929 	EXP 	Display Frame 0
233.7181 	EXP 	Display Frame 1
233.8430 	EXP 	Display Frame 0
233.9680 	EXP 	Display Frame 1
234.0929 	EXP 	Display Frame 0
234.2180 	EXP 	Display Frame 1
234.3430 	EXP 	Display Frame 0
234.4681 	EXP 	Display Frame 1
234.5927 	EXP 	Display Frame 0
234.7180 	EXP 	Display Frame 1
234.8429 	EXP 	Display Frame 0
234.9677 	EXP 	Display Frame 1
235.0928 	EXP 	Display Frame 0
235.2179 	EXP 	Display Frame 1
235.3431 	EXP 	Display Frame 0
235.4680 	EXP 	Display Frame 1
235.5931 	EXP 	Display Frame 0
235.7180 	EXP 	Display Frame 1
235.8430 	EXP 	Display Frame 0
235.9679 	EXP 	Display Frame 1
236.0932 	EXP 	Display Frame 0
236.2180 	EXP 	Display Frame 1
236.3429 	EXP 	Display Frame 0
236.4681 	EXP 	Display Frame 1
236.5932 	EXP 	Display Frame 0
236.7179 	EXP 	Display Frame 1
236.8431 	EXP 	Display Frame 0
236.9680 	EXP 	Display Frame 1
237.0930 	EXP 	Display Frame 0
237.2181 	EXP 	Display Frame 1
237.3431 	EXP 	Display Frame 0
237.4680 	EXP 	Display Frame 1
237.5929 	EXP 	Display Frame 0
237.7181 	EXP 	Display Frame 1
237.8430 	EXP 	Display Frame 0
237.9679 	EXP 	Display Frame 1
238.0931 	EXP 	Display Frame 0
238.2180 	EXP 	Display Frame 1
238.3429 	EXP 	Display Frame 0
238.4678 	EXP 	Display Frame 1
238.5928 	EXP 	Display Frame 0
238.7167 	EXP 	Display Frame 1
238.8431 	EXP 	Display Frame 0
238.9680 	EXP 	Display Frame 1
239.0930 	EXP 	Display Frame 0
239.2180 	EXP 	Display Frame 1
239.3430 	EXP 	Display Frame 0
239.4680 	EXP 	Display Frame 1
239.5931 	EXP 	Display Frame 0
239.7180 	EXP 	Display Frame 1
239.8427 	EXP 	Display Frame 0
239.9679 	EXP 	Display Frame 1
240.0931 	EXP 	Display Frame 0
240.2180 	EXP 	Display Frame 1
240.3429 	EXP 	Display Frame 0
240.4676 	EXP 	Display Frame 1
240.5928 	EXP 	Display Frame 0
240.7179 	EXP 	Display Frame 1
240.8431 	EXP 	Display Frame 0
240.9678 	EXP 	Display Frame 1
241.0929 	EXP 	Display Frame 0
241.2178 	EXP 	Display Frame 1
241.3430 	EXP 	Display Frame 0
241.4679 	EXP 	Display Frame 1
241.5929 	EXP 	Display Frame 0
241.7180 	EXP 	Display Frame 1
241.8429 	EXP 	Display Frame 0
241.9679 	EXP 	Display Frame 1
242.0931 	EXP 	Display Frame 0
242.2181 	EXP 	Display Frame 1
242.3429 	EXP 	Display Frame 0
242.4680 	EXP 	Display Frame 1
242.5926 	EXP 	Display Frame 0
242.7179 	EXP 	Display Frame 1
242.8431 	EXP 	Display Frame 0
242.9680 	EXP 	Display Frame 1
243.0931 	EXP 	Display Frame 0
243.2178 	EXP 	Display Frame 1
243.3432 	EXP 	Display Frame 0
243.4679 	EXP 	Display Frame 1
243.5929 	EXP 	Display Frame 0
243.7180 	EXP 	Display Frame 1
243.8429 	EXP 	Display Frame 0
243.9672 	DATA 	Keypress: t
243.9699 	EXP 	Display Frame 1
243.9718 	EXP 	Display Fixation
245.3882 	DATA 	Keypress: t
287.3115 	DATA 	Keypress: t
287.4392 	EXP 	Display Frame 1
287.5641 	EXP 	Display Frame 0
287.6891 	EXP 	Display Frame 1
287.8143 	EXP 	Display Frame 0
287.9393 	EXP 	Display Frame 1
288.0645 	EXP 	Display Frame 0
288.1894 	EXP 	Display Frame 1
288.3144 	EXP 	Display Frame 0
288.4395 	EXP 	Display Frame 1
288.5635 	EXP 	Display Frame 0
288.6894 	EXP 	Display Frame 1
288.8130 	DATA 	Keypress: t
288.8157 	EXP 	Display Frame 0
288.9388 	EXP 	Display Frame 1
289.0642 	EXP 	Display Frame 0
289.1894 	EXP 	Display Frame 1
289.3147 	EXP 	Display Frame 0
289.4394 	EXP 	Display Frame 1
289.5639 	EXP 	Display Frame 0
289.6881 	EXP 	Display Frame 1
289.8145 	EXP 	Display Frame 0
289.9395 	EXP 	Display Frame 1
290.0644 	EXP 	Display Frame 0
290.1893 	EXP 	Display Frame 1
290.3142 	EXP 	Display Frame 0
290.4393 	EXP 	Display Frame 1
290.5644 	EXP 	Display Frame 0
290.6890 	EXP 	Display Frame 1
290.8145 	EXP 	Display Frame 0
290.9394 	EXP 	Display Frame 1
291.0645 	EXP 	Display Frame 0
291.1894 	EXP 	Display Frame 1
291.3133 	EXP 	Display Frame 0
291.4394 	EXP 	Display Frame 1
291.5644 	EXP 	Display Frame 0
291.6897 	EXP 	Display Frame 1
291.8144 	EXP 	Display Frame 0
291.9393 	EXP 	Display Frame 1
292.0649 	EXP 	Display Frame 0
292.1890 	EXP 	Display Frame 1
292.3139 	EXP 	Display Frame 0
292.4393 	EXP 	Display Frame 1
292.5645 	EXP 	Display Frame 0
292.6893 	EXP 	Display Frame 1
292.8146 	EXP 	Display Frame 0
292.9394 	EXP 	Display Frame 1
293.0643 	EXP 	Display Frame 0
293.1894 	EXP 	Display Frame 1
293.3144 	EXP 	Display Frame 0
293.4396 	EXP 	Display Frame 1
293.5636 	EXP 	Display Frame 0
293.6895 	EXP 	Display Frame 1
293.8144 	EXP 	Display Frame 0
293.9394 	EXP 	Display Frame 1
294.0644 	EXP 	Display Frame 0
294.1895 	EXP 	Display Frame 1
294.3143 	EXP 	Display Frame 0
294.4394 	EXP 	Display Frame 1
294.5648 	EXP 	Display Frame 0
294.6881 	EXP 	Display Frame 1
294.8145 	EXP 	Display Frame 0
294.9392 	EXP 	Display Frame 1
295.0643 	EXP 	Display Frame 0
295.1895 	EXP 	Display Frame 1
295.3142 	EXP 	Display Frame 0
295.4394 	EXP 	Display Frame 1
295.5643 	EXP 	Display Frame 0
295.6892 	EXP 	Display Frame 1
295.8135 	EXP 	Display Frame 0
295.9393 	EXP 	Display Frame 1
296.0644 	EXP 	Display Frame 0
296.1894 	EXP 	Display Frame 1
296.3143 	EXP 	Display Frame 0
296.4394 	EXP 	Display Frame 1
296.5644 	EXP 	Display Frame 0
296.6893 	EXP 	Display Frame 1
296.8143 	EXP 	Display Frame 0
296.9392 	EXP 	Display Frame 1
297.0643 	EXP 	Display Frame 0
297.1895 	EXP 	Display Frame 1
297.3144 	EXP 	Display Frame 0
297.4393 	EXP 	Display Frame 1
297.5635 	EXP 	Display Frame 0
297.6894 	EXP 	Display Frame 1
297.8140 	EXP 	Display Frame 0
297.9393 	EXP 	Display Frame 1
298.0635 	EXP 	Display Frame 0
298.1893 	EXP 	Display Frame 1
298.3151 	EXP 	Display Frame 0
298.4394 	EXP 	Display Frame 1
298.5644 	EXP 	Display Frame 0
298.6893 	EXP 	Display Frame 1
298.8134 	EXP 	Display Frame 0
298.9393 	EXP 	Display Frame 1
299.0643 	EXP 	Display Frame 0
299.1880 	EXP 	Display Frame 1
299.3144 	EXP 	Display Frame 0
299.4393 	EXP 	Display Frame 1
299.5645 	EXP 	Display Frame 0
299.6894 	EXP 	Display Frame 1
299.8146 	EXP 	Display Frame 0
299.9392 	EXP 	Display Frame 1
300.0644 	EXP 	Display Frame 0
300.1893 	EXP 	Display Frame 1
300.3135 	EXP 	Display Frame 0
300.4394 	EXP 	Display Frame 1
300.5643 	EXP 	Display Frame 0
300.6895 	EXP 	Display Frame 1
300.8133 	EXP 	Display Frame 0
300.9392 	EXP 	Display Frame 1
301.0649 	EXP 	Display Frame 0
301.1891 	EXP 	Display Frame 1
301.3142 	EXP 	Display Frame 0
301.4394 	EXP 	Display Frame 1
301.5645 	EXP 	Display Frame 0
301.6894 	EXP 	Display Frame 1
301.8143 	EXP 	Display Frame 0
301.9385 	EXP 	Display Frame 1
302.0645 	EXP 	Display Frame 0
302.1893 	EXP 	Display Frame 1
302.3142 	EXP 	Display Frame 0
302.4394 	EXP 	Display Frame 1
302.5643 	EXP 	Display Frame 0
302.6893 	EXP 	Display Frame 1
302.8146 	EXP 	Display Frame 0
302.9390 	EXP 	Display Frame 1
303.0641 	EXP 	Display Frame 0
303.1897 	EXP 	Display Frame 1
303.3144 	EXP 	Display Frame 0
303.4394 	EXP 	Display Frame 1
303.5645 	EXP 	Display Frame 0
303.6883 	EXP 	Display Frame 1
303.8144 	EXP 	Display Frame 0
303.9394 	EXP 	Display Frame 1
304.0645 	EXP 	Display Frame 0
304.1886 	EXP 	Display Frame 1
304.3146 	EXP 	Display Frame 0
304.4394 	EXP 	Display Frame 1
304.5645 	EXP 	Display Frame 0
304.6895 	EXP 	Display Frame 1
304.8144 	EXP 	Display Frame 0
304.9393 	EXP 	Display Frame 1
305.0646 	EXP 	Display Frame 0
305.1894 	EXP 	Display Frame 1
305.3135 	EXP 	Display Frame 0
305.4393 	EXP 	Display Frame 1
305.5646 	EXP 	Display Frame 0
305.6894 	EXP 	Display Frame 1
305.8143 	EXP 	Display Frame 0
305.9394 	EXP 	Display Frame 1
306.0644 	EXP 	Display Frame 0
306.1893 	EXP 	Display Frame 1
306.3147 	EXP 	Display Frame 0
306.4382 	EXP 	Display Frame 1
306.5641 	EXP 	Display Frame 0
306.6890 	EXP 	Display Frame 1
306.8142 	EXP 	Display Frame 0
306.9392 	EXP 	Display Frame 1
307.0646 	EXP 	Display Frame 0
307.1894 	EXP 	Display Frame 1
307.3143 	EXP 	Display Frame 0
307.4392 	EXP 	Display Frame 1
307.5633 	EXP 	Display Frame 0
307.6896 	EXP 	Display Frame 1
307.8141 	EXP 	Display Frame 0
307.9395 	EXP 	Display Frame 1
308.0641 	EXP 	Display Frame 0
308.1884 	EXP 	Display Frame 1
308.3144 	EXP 	Display Frame 0
308.4393 	EXP 	Display Frame 1
308.5643 	EXP 	Display Frame 0
308.6885 	EXP 	Display Frame 1
308.8144 	EXP 	Display Frame 0
308.9391 	EXP 	Display Frame 1
309.0645 	EXP 	Display Frame 0
309.1899 	EXP 	Display Frame 1
309.3140 	EXP 	Display Frame 0
309.4393 	EXP 	Display Frame 1
309.5645 	EXP 	Display Frame 0
309.6902 	EXP 	Display Frame 1
309.8143 	EXP 	Display Frame 0
309.9392 	EXP 	Display Frame 1
310.0644 	EXP 	Display Frame 0
310.1896 	EXP 	Display Frame 1
310.3145 	EXP 	Display Frame 0
310.4390 	EXP 	Display Frame 1
310.5643 	EXP 	Display Frame 0
310.6893 	EXP 	Display Frame 1
310.8146 	EXP 	Display Frame 0
310.9383 	EXP 	Display Frame 1
311.0645 	EXP 	Display Frame 0
311.1894 	EXP 	Display Frame 1
311.3143 	EXP 	Display Frame 0
311.4393 	EXP 	Display Frame 1
311.5644 	EXP 	Display Frame 0
311.6893 	EXP 	Display Frame 1
311.8145 	EXP 	Display Frame 0
311.9394 	EXP 	Display Frame 1
312.0648 	EXP 	Display Frame 0
312.1891 	EXP 	Display Frame 1
312.3143 	EXP 	Display Frame 0
312.4393 	EXP 	Display Frame 1
312.5645 	EXP 	Display Frame 0
312.6895 	EXP 	Display Frame 1
312.8144 	EXP 	Display Frame 0
312.9393 	EXP 	Display Frame 1
313.0646 	EXP 	Display Frame 0
313.1886 	EXP 	Display Frame 1
313.3143 	EXP 	Display Frame 0
313.4395 	EXP 	Display Frame 1
313.5645 	EXP 	Display Frame 0
313.6893 	EXP 	Display Frame 1
313.8146 	EXP 	Display Frame 0
313.9394 	EXP 	Display Frame 1
314.0643 	EXP 	Display Frame 0
314.1895 	EXP 	Display Frame 1
314.3182 	EXP 	Display Frame 0
314.4391 	EXP 	Display Frame 1
314.5645 	EXP 	Display Frame 0
314.6894 	EXP 	Display Frame 1
314.8146 	EXP 	Display Frame 0
314.9393 	EXP 	Display Frame 1
315.0645 	EXP 	Display Frame 0
315.1894 	EXP 	Display Frame 1
315.3145 	EXP 	Display Frame 0
315.4394 	EXP 	Display Frame 1
315.5645 	EXP 	Display Frame 0
315.6897 	EXP 	Display Frame 1
315.8144 	EXP 	Display Frame 0
315.9385 	EXP 	Display Frame 1
316.0643 	EXP 	Display Frame 0
316.1894 	EXP 	Display Frame 1
316.3144 	EXP 	Display Frame 0
316.4391 	EXP 	Display Frame 1
316.5646 	EXP 	Display Frame 0
316.6895 	EXP 	Display Frame 1
316.8142 	EXP 	Display Frame 0
316.9391 	EXP 	Display Frame 1
317.0644 	EXP 	Display Frame 0
317.1895 	EXP 	Display Frame 1
317.3145 	EXP 	Display Frame 0
317.4390 	EXP 	Display Frame 1
317.5642 	EXP 	Display Frame 0
317.6891 	EXP 	Display Frame 1
317.8145 	EXP 	Display Frame 0
317.9393 	EXP 	Display Frame 1
318.0644 	EXP 	Display Frame 0
318.1883 	EXP 	Display Frame 1
318.3144 	EXP 	Display Frame 0
318.4393 	EXP 	Display Frame 1
318.5645 	EXP 	Display Frame 0
318.6894 	EXP 	Display Frame 1
318.8148 	EXP 	Display Frame 0
318.9393 	EXP 	Display Frame 1
319.0643 	EXP 	Display Frame 0
319.1895 	EXP 	Display Frame 1
319.3168 	EXP 	Display Frame 0
319.4394 	EXP 	Display Frame 1
319.5645 	EXP 	Display Frame 0
319.6893 	EXP 	Display Frame 1
319.8147 	EXP 	Display Frame 0
319.9385 	EXP 	Display Frame 1
320.0643 	EXP 	Display Frame 0
320.1892 	EXP 	Display Frame 1
320.3143 	EXP 	Display Frame 0
320.4383 	EXP 	Display Frame 1
320.5644 	EXP 	Display Frame 0
320.6894 	EXP 	Display Frame 1
320.8143 	EXP 	Display Frame 0
320.9394 	EXP 	Display Frame 1
321.0631 	EXP 	Display Frame 0
321.1894 	EXP 	Display Frame 1
321.3145 	EXP 	Display Frame 0
321.4392 	EXP 	Display Frame 1
321.5638 	EXP 	Display Frame 0
321.6895 	EXP 	Display Frame 1
321.8144 	EXP 	Display Frame 0
321.9395 	EXP 	Display Frame 1
322.0645 	EXP 	Display Frame 0
322.1894 	EXP 	Display Frame 1
322.3143 	EXP 	Display Frame 0
322.4392 	EXP 	Display Frame 1
322.5644 	EXP 	Display Frame 0
322.6883 	EXP 	Display Frame 1
322.8148 	EXP 	Display Frame 0
322.9390 	EXP 	Display Frame 1
323.0642 	EXP 	Display Frame 0
323.1891 	EXP 	Display Frame 1
323.3145 	EXP 	Display Frame 0
323.4393 	EXP 	Display Frame 1
323.5647 	EXP 	Display Frame 0
323.6895 	EXP 	Display Frame 1
323.8177 	EXP 	Display Frame 0
323.9394 	EXP 	Display Frame 1
324.0643 	EXP 	Display Frame 0
324.1896 	EXP 	Display Frame 1
324.3142 	EXP 	Display Frame 0
324.4395 	EXP 	Display Frame 1
324.5646 	EXP 	Display Frame 0
324.6893 	EXP 	Display Frame 1
324.8144 	EXP 	Display Frame 0
324.9394 	EXP 	Display Frame 1
325.0645 	EXP 	Display Frame 0
325.1896 	EXP 	Display Frame 1
325.3144 	EXP 	Display Frame 0
325.4393 	EXP 	Display Frame 1
325.5647 	EXP 	Display Frame 0
325.6895 	EXP 	Display Frame 1
325.8145 	EXP 	Display Frame 0
325.9393 	EXP 	Display Frame 1
326.0635 	EXP 	Display Frame 0
326.1894 	EXP 	Display Frame 1
326.3144 	EXP 	Display Frame 0
326.4394 	EXP 	Display Frame 1
326.5644 	EXP 	Display Frame 0
326.6894 	EXP 	Display Frame 1
326.8143 	EXP 	Display Frame 0
326.9396 	EXP 	Display Frame 1
327.0642 	EXP 	Display Frame 0
327.1878 	EXP 	Display Frame 1
327.3144 	EXP 	Display Frame 0
327.4393 	EXP 	Display Frame 1
327.5644 	EXP 	Display Frame 0
327.6893 	EXP 	Display Frame 1
327.8142 	EXP 	Display Frame 0
327.9393 	EXP 	Display Frame 1
328.0644 	EXP 	Display Frame 0
328.1894 	EXP 	Display Frame 1
328.3135 	EXP 	Display Frame 0
328.4393 	EXP 	Display Frame 1
328.5642 	EXP 	Display Frame 0
328.6894 	EXP 	Display Frame 1
328.8135 	EXP 	Display Frame 0
328.9396 	EXP 	Display Frame 1
329.0645 	EXP 	Display Frame 0
329.1896 	EXP 	Display Frame 1
329.3144 	EXP 	Display Frame 0
329.4393 	EXP 	Display Frame 1
329.5643 	EXP 	Display Frame 0
329.6894 	EXP 	Display Frame 1
329.8143 	EXP 	Display Frame 0
329.9385 	EXP 	Display Frame 1
330.0646 	EXP 	Display Frame 0
330.1894 	EXP 	Display Frame 1
330.3144 	EXP 	Display Frame 0
330.4394 	EXP 	Display Frame 1
330.5645 	EXP 	Display Frame 0
330.6887 	DATA 	Keypress: t
330.6909 	EXP 	Display Frame 1
330.6927 	EXP 	Display Fixation
332.1097 	DATA 	Keypress: t
374.0300 	DATA 	Keypress: t
374.1570 	EXP 	Display Frame 1
374.2826 	EXP 	Display Frame 0
374.4076 	EXP 	Display Frame 1
374.5329 	EXP 	Display Frame 0
374.6578 	EXP 	Display Frame 1
374.7820 	EXP 	Display Frame 0
374.9079 	EXP 	Display Frame 1
375.0326 	EXP 	Display Frame 0
375.1577 	EXP 	Display Frame 1
375.2829 	EXP 	Display Frame 0
375.4078 	EXP 	Display Frame 1
375.5321 	DATA 	Keypress: t
375.5353 	EXP 	Display Frame 0
375.6577 	EXP 	Display Frame 1
375.7827 	EXP 	Display Frame 0
375.9078 	EXP 	Display Frame 1
376.0327 	EXP 	Display Frame 0
376.1579 	EXP 	Display Frame 1
376.2829 	EXP 	Display Frame 0
376.4077 	EXP 	Display Frame 1
376.5330 	EXP 	Display Frame 0
376.6575 	EXP 	Display Frame 1
376.7825 	EXP 	Display Frame 0
376.9079 	EXP 	Display Frame 1
377.0328 	EXP 	Display Frame 0
377.1585 	EXP 	Display Frame 1
377.2825 	EXP 	Display Frame 0
377.4076 	EXP 	Display Frame 1
377.5321 	EXP 	Display Frame 0
377.6579 	EXP 	Display Frame 1
377.7829 	EXP 	Display Frame 0
377.9078 	EXP 	Display Frame 1
378.0328 	EXP 	Display Frame 0
378.1575 	EXP 	Display Frame 1
378.2827 	EXP 	Display Frame 0
378.4079 	EXP 	Display Frame 1
378.5329 	EXP 	Display Frame 0
378.6578 	EXP 	Display Frame 1
378.7828 	EXP 	Display Frame 0
378.9077 	EXP 	Display Frame 1
379.0326 	EXP 	Display Frame 0
379.1575 	EXP 	Display Frame 1
379.2830 	EXP 	Display Frame 0
379.4077 	EXP 	Display Frame 1
379.5326 	EXP 	Display Frame 0
379.6579 	EXP 	Display Frame 1
379.7853 	EXP 	Display Frame 0
379.9077 	EXP 	Display Frame 1
380.0328 	EXP 	Display Frame 0
380.1576 	EXP 	Display Frame 1
380.2827 	EXP 	Display Frame 0
380.4080 	EXP 	Display Frame 1
380.5330 	EXP 	Display Frame 0
380.6578 	EXP 	Display Frame 1
380.7832 	EXP 	Display Frame 0
380.9069 	EXP 	Display Frame 1
381.0328 	EXP 	Display Frame 0
381.1577 	EXP 	Display Frame 1
381.2829 	EXP 	Display Frame 0
381.4078 	EXP 	Display Frame 1
381.5321 	EXP 	Display Frame 0
381.6577 	EXP 	Display Frame 1
381.7827 	EXP 	Display Frame 0
381.9077 	EXP 	Display Frame 1
382.0316 	EXP 	Display Frame 0
382.1577 	EXP 	Display Frame 1
382.2828 	EXP 	Display Frame 0
382.4082 	EXP 	Display Frame 1
382.5325 	EXP 	Display Frame 0
382.6566 	EXP 	Display Frame 1
382.7830 	EXP 	Display Frame 0
382.9084 	EXP 	Display Frame 1
383.0326 	EXP 	Display Frame 0
383.1568 	EXP 	Display Frame 1
383.2831 	EXP 	Display Frame 0
383.4078 	EXP 	Display Frame 1
383.5330 	EXP 	Display Frame 0
383.6576 	EXP 	Display Frame 1
383.7827 	EXP 	Display Frame 0
383.9077 	EXP 	Display Frame 1
384.0327 	EXP 	Display Frame 0
384.1578 	EXP 	Display Frame 1
384.2818 	EXP 	Display Frame 0
384.4079 	EXP 	Display Frame 1
384.5328 	EXP 	Display Frame 0
384.6577 	EXP 	Display Frame 1
384.7830 	EXP 	Display Frame 0
384.9078 	EXP 	Display Frame 1
385.0328 	EXP 	Display Frame 0
385.1579 	EXP 	Display Frame 1
385.2830 	EXP 	Display Frame 0
385.4078 	EXP 	Display Frame 1
385.5329 	EXP 	Display Frame 0
385.6580 	EXP 	Display Frame 1
385.7828 	EXP 	Display Frame 0
385.9079 	EXP 	Display Frame 1
386.0319 	EXP 	Display Frame 0
386.1578 	EXP 	Display Frame 1
386.2831 	EXP 	Display Frame 0
386.4079 	EXP 	Display Frame 1
386.5318 	EXP 	Display Frame 0
386.6577 	EXP 	Display Frame 1
386.7830 	EXP 	Display Frame 0
386.9080 	EXP 	Display Frame 1
387.0330 	EXP 	Display Frame 0
387.1580 	EXP 	Display Frame 1
387.2824 	EXP 	Display Frame 0
387.4078 	EXP 	Display Frame 1
387.5328 	EXP 	Display Frame 0
387.6569 	EXP 	Display Frame 1
387.7827 	EXP 	Display Frame 0
387.9079 	EXP 	Display Frame 1
388.0328 	EXP 	Display Frame 0
388.1578 	EXP 	Display Frame 1
388.2830 	EXP 	Display Frame 0
388.4078 	EXP 	Display Frame 1
388.5328 	EXP 	Display Frame 0
388.6579 	EXP 	Display Frame 1
388.7827 	EXP 	Display Frame 0
388.9079 	EXP 	Display Frame 1
389.0328 	EXP 	Display Frame 0
389.1577 	EXP 	Display Frame 1
389.2826 	EXP 	Display Frame 0
389.4089 	EXP 	Display Frame 1
389.5329 	EXP 	Display Frame 0
389.6577 	EXP 	Display Frame 1
389.7827 	EXP 	Display Frame 0
389.9079 	EXP 	Display Frame 1
390.0328 	EXP 	Display Frame 0
390.1577 	EXP 	Display Frame 1
390.2829 	EXP 	Display Frame 0
390.4069 	EXP 	Display Frame 1
390.5328 	EXP 	Display Frame 0
390.6579 	EXP 	Display Frame 1
390.7829 	EXP 	Display Frame 0
390.9080 	EXP 	Display Frame 1
391.0325 	EXP 	Display Frame 0
391.1579 	EXP 	Display Frame 1
391.2828 	EXP 	Display Frame 0
391.4079 	EXP 	Display Frame 1
391.5330 	EXP 	Display Frame 0
391.6578 	EXP 	Display Frame 1
391.7829 	EXP 	Display Frame 0
391.9079 	EXP 	Display Frame 1
392.0328 	EXP 	Display Frame 0
392.1568 	EXP 	Display Frame 1
392.2829 	EXP 	Display Frame 0
392.4078 	EXP 	Display Frame 1
392.5328 	EXP 	Display Frame 0
392.6579 	EXP 	Display Frame 1
392.7829 	EXP 	Display Frame 0
392.9079 	EXP 	Display Frame 1
393.0327 	EXP 	Display Frame 0
393.1577 	EXP 	Display Frame 1
393.2828 	EXP 	Display Frame 0
393.4077 	EXP 	Display Frame 1
393.5330 	EXP 	Display Frame 0
393.6578 	EXP 	Display Frame 1
393.7851 	EXP 	Display Frame 0
393.9076 	EXP 	Display Frame 1
394.0326 	EXP 	Display Frame 0
394.1577 	EXP 	Display Frame 1
394.2829 	EXP 	Display Frame 0
394.4078 	EXP 	Display Frame 1
394.5328 	EXP 	Display Frame 0
394.6577 	EXP 	Display Frame 1
394.7828 	EXP 	Display Frame 0
394.9070 	EXP 	Display Frame 1
395.0329 	EXP 	Display Frame 0
395.1579 	EXP 	Display Frame 1
395.2828 	EXP 	Display Frame 0
395.4080 	EXP 	Display Frame 1
395.5329 	EXP 	Display Frame 0
395.6578 	EXP 	Display Frame 1
395.7829 	EXP 	Display Frame 0
395.9079 	EXP 	Display Frame 1
396.0328 	EXP 	Display Frame 0
396.1581 	EXP 	Display Frame 1
396.2829 	EXP 	Display Frame 0
396.4078 	EXP 	Display Frame 1
396.5326 	EXP 	Display Frame 0
396.6580 	EXP 	Display Frame 1
396.7829 	EXP 	Display Frame 0
396.9077 	EXP 	Display Frame 1
397.0328 	EXP 	Display Frame 0
397.1578 	EXP 	Display Frame 1
397.2830 	EXP 	Display Frame 0
397.4079 	EXP 	Display Frame 1
397.5328 	EXP 	Display Frame 0
397.6578 	EXP 	Display Frame 1
397.7829 	EXP 	Display Frame 0
397.9078 	EXP 	Display Frame 1
398.0324 	EXP 	Display Frame 0
398.1579 	EXP 	Display Frame 1
398.2829 	EXP 	Display Frame 0
398.4078 	EXP 	Display Frame 1
398.5329 	EXP 	Display Frame 0
398.6579 	EXP 	Display Frame 1
398.7828 	EXP 	Display Frame 0
398.9082 	EXP 	Display Frame 1
399.0325 	EXP 	Display Frame 0
399.1579 	EXP 	Display Frame 1
399.2826 	EXP 	Display Frame 0
399.4077 	EXP 	Display Frame 1
399.5328 	EXP 	Display Frame 0
399.6580 	EXP 	Display Frame 1
399.7831 	EXP 	Display Frame 0
399.9079 	EXP 	Display Frame 1
400.0333 	EXP 	Display Frame 0
400.1577 	EXP 	Display Frame 1
400.2827 	EXP 	Display Frame 0
400.4077 	EXP 	Display Frame 1
400.5328 	EXP 	Display Frame 0
400.6579 	EXP 	Display Frame 1
400.7830 	EXP 	Display Frame 0
400.9079 	EXP 	Display Frame 1
401.0328 	EXP 	Display Frame 0
401.1570 	EXP 	Display Frame 1
401.2828 	EXP 	Display Frame 0
401.4077 	EXP 	Display Frame 1
401.5326 	EXP 	Display Frame 0
401.6577 	EXP 	Display Frame 1
401.7829 	EXP 	Display Frame 0
401.9076 	EXP 	Display Frame 1
402.0326 	EXP 	Display Frame 0
402.1577 	EXP 	Display Frame 1
402.2830 	EXP 	Display Frame 0
402.4079 	EXP 	Display Frame 1
402.5327 	EXP 	Display Frame 0
402.6579 	EXP 	Display Frame 1
402.7831 	EXP 	Display Frame 0
402.9077 	EXP 	Display Frame 1
403.0327 	EXP 	Display Frame 0
403.1578 	EXP 	Display Frame 1
403.2829 	EXP 	Display Frame 0
403.4078 	EXP 	Display Frame 1
403.5318 	EXP 	Display Frame 0
403.6579 	EXP 	Display Frame 1
403.7829 	EXP 	Display Frame 0
403.9076 	EXP 	Display Frame 1
404.0329 	EXP 	Display Frame 0
404.1579 	EXP 	Display Frame 1
404.2829 	EXP 	Display Frame 0
404.4077 	EXP 	Display Frame 1
404.5318 	EXP 	Display Frame 0
404.6578 	EXP 	Display Frame 1
404.7829 	EXP 	Display Frame 0
404.9079 	EXP 	Display Frame 1
405.0328 	EXP 	Display Frame 0
405.1577 	EXP 	Display Frame 1
405.2829 	EXP 	Display Frame 0
405.4074 	EXP 	Display Frame 1
405.5328 	EXP 	Display Frame 0
405.6578 	EXP 	Display Frame 1
405.7829 	EXP 	Display Frame 0
405.9078 	EXP 	Display Frame 1
406.0330 	EXP 	Display Frame 0
406.1578 	EXP 	Display Frame 1
406.2828 	EXP 	Display Frame 0
406.4077 	EXP 	Display Frame 1
406.5329 	EXP 	Display Frame 0
406.6578 	EXP 	Display Frame 1
406.7830 	EXP 	Display Frame 0
406.9079 	EXP 	Display Frame 1
407.0328 	EXP 	Display Frame 0
407.1577 	EXP 	Display Frame 1
407.2829 	EXP 	Display Frame 0
407.4078 	EXP 	Display Frame 1
407.5328 	EXP 	Display Frame 0
407.6579 	EXP 	Display Frame 1
407.7829 	EXP 	Display Frame 0
407.9080 	EXP 	Display Frame 1
408.0328 	EXP 	Display Frame 0
408.1579 	EXP 	Display Frame 1
408.2828 	EXP 	Display Frame 0
408.4079 	EXP 	Display Frame 1
408.5320 	EXP 	Display Frame 0
408.6578 	EXP 	Display Frame 1
408.7828 	EXP 	Display Frame 0
408.9079 	EXP 	Display Frame 1
409.0326 	EXP 	Display Frame 0
409.1576 	EXP 	Display Frame 1
409.2830 	EXP 	Display Frame 0
409.4076 	EXP 	Display Frame 1
409.5326 	EXP 	Display Frame 0
409.6579 	EXP 	Display Frame 1
409.7826 	EXP 	Display Frame 0
409.9078 	EXP 	Display Frame 1
410.0333 	EXP 	Display Frame 0
410.1579 	EXP 	Display Frame 1
410.2833 	EXP 	Display Frame 0
410.4082 	EXP 	Display Frame 1
410.5324 	EXP 	Display Frame 0
410.6576 	EXP 	Display Frame 1
410.7826 	EXP 	Display Frame 0
410.9077 	EXP 	Display Frame 1
411.0329 	EXP 	Display Frame 0
411.1566 	EXP 	Display Frame 1
411.2826 	EXP 	Display Frame 0
411.4074 	EXP 	Display Frame 1
411.5326 	EXP 	Display Frame 0
411.6579 	EXP 	Display Frame 1
411.7824 	EXP 	Display Frame 0
411.9074 	EXP 	Display Frame 1
412.0330 	EXP 	Display Frame 0
412.1576 	EXP 	Display Frame 1
412.2818 	EXP 	Display Frame 0
412.4079 	EXP 	Display Frame 1
412.5331 	EXP 	Display Frame 0
412.6575 	EXP 	Display Frame 1
412.7825 	EXP 	Display Frame 0
412.9074 	EXP 	Display Frame 1
413.0324 	EXP 	Display Frame 0
413.1577 	EXP 	Display Frame 1
413.2824 	EXP 	Display Frame 0
413.4079 	EXP 	Display Frame 1
413.5327 	EXP 	Display Frame 0
413.6580 	EXP 	Display Frame 1
413.7833 	EXP 	Display Frame 0
413.9077 	EXP 	Display Frame 1
414.0327 	EXP 	Display Frame 0
414.1575 	EXP 	Display Frame 1
414.2828 	EXP 	Display Frame 0
414.4075 	EXP 	Display Frame 1
414.5317 	EXP 	Display Frame 0
414.6574 	EXP 	Display Frame 1
414.7827 	EXP 	Display Frame 0
414.9074 	EXP 	Display Frame 1
415.0322 	EXP 	Display Frame 0
415.1575 	EXP 	Display Frame 1
415.2828 	EXP 	Display Frame 0
415.4073 	EXP 	Display Frame 1
415.5325 	EXP 	Display Frame 0
415.6577 	EXP 	Display Frame 1
415.7828 	EXP 	Display Frame 0
415.9075 	EXP 	Display Frame 1
416.0326 	EXP 	Display Frame 0
416.1576 	EXP 	Display Frame 1
416.2832 	EXP 	Display Frame 0
416.4077 	EXP 	Display Frame 1
416.5329 	EXP 	Display Frame 0
416.6573 	EXP 	Display Frame 1
416.7818 	EXP 	Display Frame 0
416.9078 	EXP 	Display Frame 1
417.0330 	EXP 	Display Frame 0
417.1577 	EXP 	Display Frame 1
417.2831 	EXP 	Display Frame 0
417.4066 	DATA 	Keypress: t
417.4092 	EXP 	Display Frame 1
417.4112 	EXP 	Display Fixation
418.8277 	DATA 	Keypress: t
460.7500 	DATA 	Keypress: t
460.8777 	EXP 	Display Frame 1
461.0026 	EXP 	Display Frame 0
461.1277 	EXP 	Display Frame 1
461.2527 	EXP 	Display Frame 0
461.3779 	EXP 	Display Frame 1
461.5028 	EXP 	Display Frame 0
461.6277 	EXP 	Display Frame 1
461.7529 	EXP 	Display Frame 0
461.8778 	EXP 	Display Frame 1
462.0027 	EXP 	Display Frame 0
462.1284 	EXP 	Display Frame 1
462.2514 	DATA 	Keypress: t
462.2541 	EXP 	Display Frame 0
462.3775 	EXP 	Display Frame 1
462.5028 	EXP 	Display Frame 0
462.6274 	EXP 	Display Frame 1
462.7525 	EXP 	Display Frame 0
462.8775 	EXP 	Display Frame 1
463.0028 	EXP 	Display Frame 0
463.1279 	EXP 	Display Frame 1
463.2525 	EXP 	Display Frame 0
463.3777 	EXP 	Display Frame 1
463.5027 	EXP 	Display Frame 0
463.6277 	EXP 	Display Frame 1
463.7528 	EXP 	Display Frame 0
463.8777 	EXP 	Display Frame 1
464.0027 	EXP 	Display Frame 0
464.1276 	EXP 	Display Frame 1
464.2528 	EXP 	Display Frame 0
464.3777 	EXP 	Display Frame 1
464.5026 	EXP 	Display Frame 0
464.6278 	EXP 	Display Frame 1
464.7527 	EXP 	Display Frame 0
464.8776 	EXP 	Display Frame 1
465.0028 	EXP 	Display Frame 0
465.1277 	EXP 	Display Frame 1
465.2527 	EXP 	Display Frame 0
465.3779 	EXP 	Display Frame 1
465.5027 	EXP 	Display Frame 0
465.6277 	EXP 	Display Frame 1
465.7528 	EXP 	Display Frame 0
465.8779 	EXP 	Display Frame 1
466.0030 	EXP 	Display Frame 0
466.1277 	EXP 	Display Frame 1
466.2526 	EXP 	Display Frame 0
466.3777 	EXP 	Display Frame 1
466.5028 	EXP 	Display Frame 0
466.6278 	EXP 	Display Frame 1
466.7527 	EXP 	Display Frame 0
466.8777 	EXP 	Display Frame 1
467.0028 	EXP 	Display Frame 0
467.1277 	EXP 	Display Frame 1
467.2526 	EXP 	Display Frame 0
467.3778 	EXP 	Display Frame 1
467.5027 	EXP 	Display Frame 0
467.6279 	EXP 	Display Frame 1
467.7528 	EXP 	Display Frame 0
467.8777 	EXP 	Display Frame 1
468.0027 	EXP 	Display Frame 0
468.1278 	EXP 	Display Frame 1
468.2527 	EXP 	Display Frame 0
468.3777 	EXP 	Display Frame 1
468.5029 	EXP 	Display Frame 0
468.6278 	EXP 	Display Frame 1
468.7527 	EXP 	Display Frame 0
468.8779 	EXP 	Display Frame 1
469.0028 	EXP 	Display Frame 0
469.1275 	EXP 	Display Frame 1
469.2539 	EXP 	Display Frame 0
469.3776 	EXP 	Display Frame 1
469.5025 	EXP 	Display Frame 0
469.6276 	EXP 	Display Frame 1
469.7528 	EXP 	Display Frame 0
469.8782 	EXP 	Display Frame 1
470.0030 	EXP 	Display Frame 0
470.1299 	EXP 	Display Frame 1
470.2528 	EXP 	Display Frame 0
470.3774 	EXP 	Display Frame 1
470.5028 	EXP 	Display Frame 0
470.6278 	EXP 	Display Frame 1
470.7527 	EXP 	Display Frame 0
470.8776 	EXP 	Display Frame 1
471.0024 	EXP 	Display Frame 0
471.1277 	EXP 	Display Frame 1
471.2531 	EXP 	Display Frame 0
471.3776 	EXP 	Display Frame 1
471.5035 	EXP 	Display Frame 0
471.6277 	EXP 	Display Frame 1
471.7526 	EXP 	Display Frame 0
471.8777 	EXP 	Display Frame 1
472.0029 	EXP 	Display Frame 0
472.1278 	EXP 	Display Frame 1
472.2528 	EXP 	Display Frame 0
472.3777 	EXP 	Display Frame 1
472.5028 	EXP 	Display Frame 0
472.6278 	EXP 	Display Frame 1
472.7527 	EXP 	Display Frame 0
472.8778 	EXP 	Display Frame 1
473.0028 	EXP 	Display Frame 0
473.1279 	EXP 	Display Frame 1
473.2528 	EXP 	Display Frame 0
473.3778 	EXP 	Display Frame 1
473.5028 	EXP 	Display Frame 0
473.6279 	EXP 	Display Frame 1
473.7524 	EXP 	Display Frame 0
473.8775 	EXP 	Display Frame 1
474.0027 	EXP 	Display Frame 0
474.1278 	EXP 	Display Frame 1
474.2527 	EXP 	Display Frame 0
474.3776 	EXP 	Display Frame 1
474.5028 	EXP 	Display Frame 0
474.6277 	EXP 	Display Frame 1
474.7528 	EXP 	Display Frame 0
474.8778 	EXP 	Display Frame 1
475.0023 	EXP 	Display Frame 0
475.1279 	EXP 	Display Frame 1
475.2527 	EXP 	Display Frame 0
475.3778 	EXP 	Display Frame 1
475.5025 	EXP 	Display Frame 0
475.6277 	EXP 	Display Frame 1
475.7529 	EXP 	Display Frame 0
475.8777 	EXP 	Display Frame 1
476.0028 	EXP 	Display Frame 0
476.1278 	EXP 	Display Frame 1
476.2532 	EXP 	Display Frame 0
476.3776 	EXP 	Display Frame 1
476.5026 	EXP 	Display Frame 0
476.6277 	EXP 	Display Frame 1
476.7529 	EXP 	Display Frame 0
476.8784 	EXP 	Display Frame 1
477.0036 	EXP 	Display Frame 0
477.1277 	EXP 	Display Frame 1
477.2529 	EXP 	Display Frame 0
477.3775 	EXP 	Display Frame 1
477.5025 	EXP 	Display Frame 0
477.6278 	EXP 	Display Frame 1
477.7528 	EXP 	Display Frame 0
477.8779 	EXP 	Display Frame 1
478.0028 	EXP 	Display Frame 0
478.1278 	EXP 	Display Frame 1
478.2528 	EXP 	Display Frame 0
478.3779 	EXP 	Display Frame 1
478.5028 	EXP 	Display Frame 0
478.6277 	EXP 	Display Frame 1
478.7529 	EXP 	Display Frame 0
478.8778 	EXP 	Display Frame 1
479.0028 	EXP 	Display Frame 0
479.1278 	EXP 	Display Frame 1
479.2526 	EXP 	Display Frame 0
479.3777 	EXP 	Display Frame 1
479.5026 	EXP 	Display Frame 0
479.6278 	EXP 	Display Frame 1
479.7527 	EXP 	Display Frame 0
479.8776 	EXP 	Display Frame 1
480.0028 	EXP 	Display Frame 0
480.1277 	EXP 	Display Frame 1
480.2527 	EXP 	Display Frame 0
480.3780 	EXP 	Display Frame 1
480.5028 	EXP 	Display Frame 0
480.6279 	EXP 	Display Frame 1
480.7529 	EXP 	Display Frame 0
480.8781 	EXP 	Display Frame 1
481.0025 	EXP 	Display Frame 0
481.1278 	EXP 	Display Frame 1
481.2528 	EXP 	Display Frame 0
481.3777 	EXP 	Display Frame 1
481.5029 	EXP 	Display Frame 0
481.6278 	EXP 	Display Frame 1
481.7527 	EXP 	Display Frame 0
481.8777 	EXP 	Display Frame 1
482.0028 	EXP 	Display Frame 0
482.1280 	EXP 	Display Frame 1
482.2525 	EXP 	Display Frame 0
482.3778 	EXP 	Display Frame 1
482.5033 	EXP 	Display Frame 0
482.6274 	EXP 	Display Frame 1
482.7527 	EXP 	Display Frame 0
482.8776 	EXP 	Display Frame 1
483.0026 	EXP 	Display Frame 0
483.1279 	EXP 	Display Frame 1
483.2526 	EXP 	Display Frame 0
483.3777 	EXP 	Display Frame 1
483.5028 	EXP 	Display Frame 0
483.6278 	EXP 	Display Frame 1
483.7527 	EXP 	Display Frame 0
483.8778 	EXP 	Display Frame 1
484.0028 	EXP 	Display Frame 0
484.1277 	EXP 	Display Frame 1
484.2529 	EXP 	Display Frame 0
484.3778 	EXP 	Display Frame 1
484.5026 	EXP 	Display Frame 0
484.6277 	EXP 	Display Frame 1
484.7528 	EXP 	Display Frame 0
484.8777 	EXP 	Display Frame 1
485.0027 	EXP 	Display Frame 0
485.1278 	EXP 	Display Frame 1
485.2528 	EXP 	Display Frame 0
485.3776 	EXP 	Display Frame 1
485.5028 	EXP 	Display Frame 0
485.6278 	EXP 	Display Frame 1
485.7527 	EXP 	Display Frame 0
485.8778 	EXP 	Display Frame 1
486.0027 	EXP 	Display Frame 0
486.1277 	EXP 	Display Frame 1
486.2529 	EXP 	Display Frame 0
486.3778 	EXP 	Display Frame 1
486.5027 	EXP 	Display Frame 0
486.6279 	EXP 	Display Frame 1
486.7528 	EXP 	Display Frame 0
486.8777 	EXP 	Display Frame 1
487.0026 	EXP 	Display Frame 0
487.1278 	EXP 	Display Frame 1
487.2528 	EXP 	Display Frame 0
487.3776 	EXP 	Display Frame 1
487.5028 	EXP 	Display Frame 0
487.6277 	EXP 	Display Frame 1
487.7529 	EXP 	Display Frame 0
487.8777 	EXP 	Display Frame 1
488.0035 	EXP 	Display Frame 0
488.1275 	EXP 	Display Frame 1
488.2527 	EXP 	Display Frame 0
488.3775 	EXP 	Display Frame 1
488.5027 	EXP 	Display Frame 0
488.6279 	EXP 	Display Frame 1
488.7528 	EXP 	Display Frame 0
488.8777 	EXP 	Display Frame 1
489.0028 	EXP 	Display Frame 0
489.1276 	EXP 	Display Frame 1
489.2526 	EXP 	Display Frame 0
489.3779 	EXP 	Display Frame 1
489.5026 	EXP 	Display Frame 0
489.6278 	EXP 	Display Frame 1
489.7529 	EXP 	Display Frame 0
489.8778 	EXP 	Display Frame 1
490.0028 	EXP 	Display Frame 0
490.1268 	EXP 	Display Frame 1
490.2523 	EXP 	Display Frame 0
490.3775 	EXP 	Display Frame 1
490.5026 	EXP 	Display Frame 0
490.6279 	EXP 	Display Frame 1
490.7530 	EXP 	Display Frame 0
490.8775 	EXP 	Display Frame 1
491.0027 	EXP 	Display Frame 0
491.1277 	EXP 	Display Frame 1
491.2526 	EXP 	Display Frame 0
491.3779 	EXP 	Display Frame 1
491.5028 	EXP 	Display Frame 0
491.6277 	EXP 	Display Frame 1
491.7531 	EXP 	Display Frame 0
491.8778 	EXP 	Display Frame 1
492.0024 	EXP 	Display Frame 0
492.1282 	EXP 	Display Frame 1
492.2524 	EXP 	Display Frame 0
492.3776 	EXP 	Display Frame 1
492.5027 	EXP 	Display Frame 0
492.6278 	EXP 	Display Frame 1
492.7528 	EXP 	Display Frame 0
492.8779 	EXP 	Display Frame 1
493.0024 	EXP 	Display Frame 0
493.1276 	EXP 	Display Frame 1
493.2527 	EXP 	Display Frame 0
493.3782 	EXP 	Display Frame 1
493.5030 	EXP 	Display Frame 0
493.6282 	EXP 	Display Frame 1
493.7526 	EXP 	Display Frame 0
493.8776 	EXP 	Display Frame 1
494.0027 	EXP 	Display Frame 0
494.1279 	EXP 	Display Frame 1
494.2529 	EXP 	Display Frame 0
494.3777 	EXP 	Display Frame 1
494.5027 	EXP 	Display Frame 0
494.6278 	EXP 	Display Frame 1
494.7528 	EXP 	Display Frame 0
494.8781 	EXP 	Display Frame 1
495.0030 	EXP 	Display Frame 0
495.1275 	EXP 	Display Frame 1
495.2527 	EXP 	Display Frame 0
495.3776 	EXP 	Display Frame 1
495.5027 	EXP 	Display Frame 0
495.6277 	EXP 	Display Frame 1
495.7528 	EXP 	Display Frame 0
495.8778 	EXP 	Display Frame 1
496.0027 	EXP 	Display Frame 0
496.1278 	EXP 	Display Frame 1
496.2528 	EXP 	Display Frame 0
496.3779 	EXP 	Display Frame 1
496.5029 	EXP 	Display Frame 0
496.6278 	EXP 	Display Frame 1
496.7527 	EXP 	Display Frame 0
496.8776 	EXP 	Display Frame 1
497.0026 	EXP 	Display Frame 0
497.1277 	EXP 	Display Frame 1
497.2529 	EXP 	Display Frame 0
497.3776 	EXP 	Display Frame 1
497.5028 	EXP 	Display Frame 0
497.6279 	EXP 	Display Frame 1
497.7528 	EXP 	Display Frame 0
497.8778 	EXP 	Display Frame 1
498.0027 	EXP 	Display Frame 0
498.1278 	EXP 	Display Frame 1
498.2528 	EXP 	Display Frame 0
498.3777 	EXP 	Display Frame 1
498.5029 	EXP 	Display Frame 0
498.6278 	EXP 	Display Frame 1
498.7527 	EXP 	Display Frame 0
498.8785 	EXP 	Display Frame 1
499.0037 	EXP 	Display Frame 0
499.1275 	EXP 	Display Frame 1
499.2525 	EXP 	Display Frame 0
499.3777 	EXP 	Display Frame 1
499.5027 	EXP 	Display Frame 0
499.6278 	EXP 	Display Frame 1
499.7530 	EXP 	Display Frame 0
499.8820 	EXP 	Display Frame 1
500.0031 	EXP 	Display Frame 0
500.1276 	EXP 	Display Frame 1
500.2526 	EXP 	Display Frame 0
500.3777 	EXP 	Display Frame 1
500.5028 	EXP 	Display Frame 0
500.6278 	EXP 	Display Frame 1
500.7527 	EXP 	Display Frame 0
500.8775 	EXP 	Display Frame 1
501.0028 	EXP 	Display Frame 0
501.1277 	EXP 	Display Frame 1
501.2525 	EXP 	Display Frame 0
501.3776 	EXP 	Display Frame 1
501.5025 	EXP 	Display Frame 0
501.6277 	EXP 	Display Frame 1
501.7528 	EXP 	Display Frame 0
501.8777 	EXP 	Display Frame 1
502.0027 	EXP 	Display Frame 0
502.1278 	EXP 	Display Frame 1
502.2529 	EXP 	Display Frame 0
502.3776 	EXP 	Display Frame 1
502.5028 	EXP 	Display Frame 0
502.6278 	EXP 	Display Frame 1
502.7527 	EXP 	Display Frame 0
502.8778 	EXP 	Display Frame 1
503.0028 	EXP 	Display Frame 0
503.1279 	EXP 	Display Frame 1
503.2527 	EXP 	Display Frame 0
503.3780 	EXP 	Display Frame 1
503.5025 	EXP 	Display Frame 0
503.6277 	EXP 	Display Frame 1
503.7528 	EXP 	Display Frame 0
503.8777 	EXP 	Display Frame 1
504.0026 	EXP 	Display Frame 0
504.1272 	DATA 	Keypress: t
504.1297 	EXP 	Display Frame 1
504.1314 	EXP 	Display Fixation
505.5480 	DATA 	Keypress: t
547.4695 	DATA 	Keypress: t
547.5971 	EXP 	Display Frame 1
547.7222 	EXP 	Display Frame 0
547.8472 	EXP 	Display Frame 1
547.9723 	EXP 	Display Frame 0
548.0974 	EXP 	Display Frame 1
548.2224 	EXP 	Display Frame 0
548.3473 	EXP 	Display Frame 1
548.4721 	EXP 	Display Frame 0
548.5972 	EXP 	Display Frame 1
548.7222 	EXP 	Display Frame 0
548.8472 	EXP 	Display Frame 1
548.9716 	DATA 	Keypress: t
548.9745 	EXP 	Display Frame 0
549.0971 	EXP 	Display Frame 1
549.2223 	EXP 	Display Frame 0
549.3477 	EXP 	Display Frame 1
549.4721 	EXP 	Display Frame 0
549.5971 	EXP 	Display Frame 1
549.7224 	EXP 	Display Frame 0
549.8474 	EXP 	Display Frame 1
549.9723 	EXP 	Display Frame 0
550.0974 	EXP 	Display Frame 1
550.2224 	EXP 	Display Frame 0
550.3473 	EXP 	Display Frame 1
550.4722 	EXP 	Display Frame 0
550.5974 	EXP 	Display Frame 1
550.7224 	EXP 	Display Frame 0
550.8475 	EXP 	Display Frame 1
550.9724 	EXP 	Display Frame 0
551.0973 	EXP 	Display Frame 1
551.2225 	EXP 	Display Frame 0
551.3472 	EXP 	Display Frame 1
551.4721 	EXP 	Display Frame 0
551.5972 	EXP 	Display Frame 1
551.7224 	EXP 	Display Frame 0
551.8475 	EXP 	Display Frame 1
551.9723 	EXP 	Display Frame 0
552.0977 	EXP 	Display Frame 1
552.2220 	EXP 	Display Frame 0
552.3471 	EXP 	Display Frame 1
552.4724 	EXP 	Display Frame 0
552.5974 	EXP 	Display Frame 1
552.7223 	EXP 	Display Frame 0
552.8474 	EXP 	Display Frame 1
552.9723 	EXP 	Display Frame 0
553.0974 	EXP 	Display Frame 1
553.2224 	EXP 	Display Frame 0
553.3475 	EXP 	Display Frame 1
553.4723 	EXP 	Display Frame 0
553.5973 	EXP 	Display Frame 1
553.7224 	EXP 	Display Frame 0
553.8470 	EXP 	Display Frame 1
553.9714 	EXP 	Display Frame 0
554.0972 	EXP 	Display Frame 1
554.2221 	EXP 	Display Frame 0
554.3475 	EXP 	Display Frame 1
554.4722 	EXP 	Display Frame 0
554.5972 	EXP 	Display Frame 1
554.7223 	EXP 	Display Frame 0
554.8472 	EXP 	Display Frame 1
554.9724 	EXP 	Display Frame 0
555.0973 	EXP 	Display Frame 1
555.2225 	EXP 	Display Frame 0
555.3473 	EXP 	Display Frame 1
555.4723 	EXP 	Display Frame 0
555.5972 	EXP 	Display Frame 1
555.7224 	EXP 	Display Frame 0
555.8473 	EXP 	Display Frame 1
555.9723 	EXP 	Display Frame 0
556.0974 	EXP 	Display Frame 1
556.2224 	EXP 	Display Frame 0
556.3473 	EXP 	Display Frame 1
556.4724 	EXP 	Display Frame 0
556.5974 	EXP 	Display Frame 1
556.7223 	EXP 	Display Frame 0
556.8472 	EXP 	Display Frame 1
556.9722 	EXP 	Display Frame 0
557.0972 	EXP 	Display Frame 1
557.2224 	EXP 	Display Frame 0
557.3473 	EXP 	Display Frame 1
557.4724 	EXP 	Display Frame 0
557.5972 	EXP 	Display Frame 1
557.7224 	EXP 	Display Frame 0
557.8472 	EXP 	Display Frame 1
557.9722 	EXP 	Display Frame 0
558.0974 	EXP 	Display Frame 1
558.2223 	EXP 	Display Frame 0
558.3472 	EXP 	Display Frame 1
558.4724 	EXP 	Display Frame 0
558.5973 	EXP 	Display Frame 1
558.7223 	EXP 	Display Frame 0
558.8472 	EXP 	Display Frame 1
558.9723 	EXP 	Display Frame 0
559.0973 	EXP 	Display Frame 1
559.2224 	EXP 	Display Frame 0
559.3472 	EXP 	Display Frame 1
559.4721 	EXP 	Display Frame 0
559.5970 	EXP 	Display Frame 1
559.7222 	EXP 	Display Frame 0
559.8478 	EXP 	Display Frame 1
559.9729 	EXP 	Display Frame 0
560.0993 	EXP 	Display Frame 1
560.2240 	EXP 	Display Frame 0
560.3470 	EXP 	Display Frame 1
560.4723 	EXP 	Display Frame 0
560.5973 	EXP 	Display Frame 1
560.7222 	EXP 	Display Frame 0
560.8474 	EXP 	Display Frame 1
560.9723 	EXP 	Display Frame 0
561.0973 	EXP 	Display Frame 1
561.2224 	EXP 	Display Frame 0
561.3473 	EXP 	Display Frame 1
561.4723 	EXP 	Display Frame 0
561.5974 	EXP 	Display Frame 1
561.7223 	EXP 	Display Frame 0
561.8472 	EXP 	Display Frame 1
561.9722 	EXP 	Display Frame 0
562.0973 	EXP 	Display Frame 1
562.2219 	EXP 	Display Frame 0
562.3470 	EXP 	Display Frame 1
562.4722 	EXP 	Display Frame 0
562.5972 	EXP 	Display Frame 1
562.7225 	EXP 	Display Frame 0
562.8473 	EXP 	Display Frame 1
562.9723 	EXP 	Display Frame 0
563.0975 	EXP 	Display Frame 1
563.2226 	EXP 	Display Frame 0
563.3469 	EXP 	Display Frame 1
563.4722 	EXP 	Display Frame 0
563.5976 	EXP 	Display Frame 1
563.7223 	EXP 	Display Frame 0
563.8472 	EXP 	Display Frame 1
563.9722 	EXP 	Display Frame 0
564.0973 	EXP 	Display Frame 1
564.2222 	EXP 	Display Frame 0
564.3474 	EXP 	Display Frame 1
564.4723 	EXP 	Display Frame 0
564.5973 	EXP 	Display Frame 1
564.7222 	EXP 	Display Frame 0
564.8474 	EXP 	Display Frame 1
564.9724 	EXP 	Display Frame 0
565.0970 	EXP 	Display Frame 1
565.2222 	EXP 	Display Frame 0
565.3473 	EXP 	Display Frame 1
565.4722 	EXP 	Display Frame 0
565.5974 	EXP 	Display Frame 1
565.7223 	EXP 	Display Frame 0
565.8473 	EXP 	Display Frame 1
565.9724 	EXP 	Display Frame 0
566.0973 	EXP 	Display Frame 1
566.2223 	EXP 	Display Frame 0
566.3474 	EXP 	Display Frame 1
566.4723 	EXP 	Display Frame 0
566.5973 	EXP 	Display Frame 1
566.7224 	EXP 	Display Frame 0
566.8471 	EXP 	Display Frame 1
566.9723 	EXP 	Display Frame 0
567.0974 	EXP 	Display Frame 1
567.2224 	EXP 	Display Frame 0
567.3475 	EXP 	Display Frame 1
567.4720 	EXP 	Display Frame 0
567.5972 	EXP 	Display Frame 1
567.7223 	EXP 	Display Frame 0
567.8474 	EXP 	Display Frame 1
567.9724 	EXP 	Display Frame 0
568.0973 	EXP 	Display Frame 1
568.2222 	EXP 	Display Frame 0
568.3474 	EXP 	Display Frame 1
568.4723 	EXP 	Display Frame 0
568.5972 	EXP 	Display Frame 1
568.7224 	EXP 	Display Frame 0
568.8472 	EXP 	Display Frame 1
568.9723 	EXP 	Display Frame 0
569.0974 	EXP 	Display Frame 1
569.2223 	EXP 	Display Frame 0
569.3471 	EXP 	Display Frame 1
569.4722 	EXP 	Display Frame 0
569.5973 	EXP 	Display Frame 1
569.7224 	EXP 	Display Frame 0
569.8472 	EXP 	Display Frame 1
569.9724 	EXP 	Display Frame 0
570.0973 	EXP 	Display Frame 1
570.2225 	EXP 	Display Frame 0
570.3475 	EXP 	Display Frame 1
570.4713 	EXP 	Display Frame 0
570.5970 	EXP 	Display Frame 1
570.7222 	EXP 	Display Frame 0
570.8473 	EXP 	Display Frame 1
570.9723 	EXP 	Display Frame 0
571.0974 	EXP 	Display Frame 1
571.2223 	EXP 	Display Frame 0
571.3471 	EXP 	Display Frame 1
571.4722 	EXP 	Display Frame 0
571.5973 	EXP 	Display Frame 1
571.7223 	EXP 	Display Frame 0
571.8472 	EXP 	Display Frame 1
571.9722 	EXP 	Display Frame 0
572.0978 	EXP 	Display Frame 1
572.2218 	EXP 	Display Frame 0
572.3472 	EXP 	Display Frame 1
572.4723 	EXP 	Display Frame 0
572.5975 	EXP 	Display Frame 1
572.7222 	EXP 	Display Frame 0
572.8476 	EXP 	Display Frame 1
572.9720 	EXP 	Display Frame 0
573.0973 	EXP 	Display Frame 1
573.2223 	EXP 	Display Frame 0
573.3472 	EXP 	Display Frame 1
573.4724 	EXP 	Display Frame 0
573.5973 	EXP 	Display Frame 1
573.7222 	EXP 	Display Frame 0
573.8475 	EXP 	Display Frame 1
573.9723 	EXP 	Display Frame 0
574.0973 	EXP 	Display Frame 1
574.2222 	EXP 	Display Frame 0
574.3473 	EXP 	Display Frame 1
574.4723 	EXP 	Display Frame 0
574.5974 	EXP 	Display Frame 1
574.7224 	EXP 	Display Frame 0
574.8473 	EXP 	Display Frame 1
574.9722 	EXP 	Display Frame 0
575.0974 	EXP 	Display Frame 1
575.2223 	EXP 	Display Frame 0
575.3479 	EXP 	Display Frame 1
575.4722 	EXP 	Display Frame 0
575.5972 	EXP 	Display Frame 1
575.7223 	EXP 	Display Frame 0
575.8474 	EXP 	Display Frame 1
575.9731 	EXP 	Display Frame 0
576.0970 	EXP 	Display Frame 1
576.2222 	EXP 	Display Frame 0
576.3473 	EXP 	Display Frame 1
576.4724 	EXP 	Display Frame 0
576.5974 	EXP 	Display Frame 1
576.7225 	EXP 	Display Frame 0
576.8471 	EXP 	Display Frame 1
576.9723 	EXP 	Display Frame 0
577.0973 	EXP 	Display Frame 1
577.2224 	EXP 	Display Frame 0
577.3472 	EXP 	Display Frame 1
577.4724 	EXP 	Display Frame 0
577.5973 	EXP 	Display Frame 1
577.7224 	EXP 	Display Frame 0
577.8474 	EXP 	Display Frame 1
577.9724 	EXP 	Display Frame 0
578.0972 	EXP 	Display Frame 1
578.2224 	EXP 	Display Frame 0
578.3473 	EXP 	Display Frame 1
578.4722 	EXP 	Display Frame 0
578.5974 	EXP 	Display Frame 1
578.7223 	EXP 	Display Frame 0
578.8472 	EXP 	Display Frame 1
578.9722 	EXP 	Display Frame 0
579.0973 	EXP 	Display Frame 1
579.2225 	EXP 	Display Frame 0
579.3474 	EXP 	Display Frame 1
579.4720 	EXP 	Display Frame 0
579.5971 	EXP 	Display Frame 1
579.7222 	EXP 	Display Frame 0
579.8475 	EXP 	Display Frame 1
579.9723 	EXP 	Display Frame 0
580.0972 	EXP 	Display Frame 1
580.2224 	EXP 	Display Frame 0
580.3473 	EXP 	Display Frame 1
580.4722 	EXP 	Display Frame 0
580.5974 	EXP 	Display Frame 1
580.7223 	EXP 	Display Frame 0
580.8472 	EXP 	Display Frame 1
580.9724 	EXP 	Display Frame 0
581.0973 	EXP 	Display Frame 1
581.2222 	EXP 	Display Frame 0
581.3474 	EXP 	Display Frame 1
581.4726 	EXP 	Display Frame 0
581.5971 	EXP 	Display Frame 1
581.7220 	EXP 	Display Frame 0
581.8474 	EXP 	Display Frame 1
581.9723 	EXP 	Display Frame 0
582.0972 	EXP 	Display Frame 1
582.2224 	EXP 	Display Frame 0
582.3473 	EXP 	Display Frame 1
582.4723 	EXP 	Display Frame 0
582.5973 	EXP 	Display Frame 1
582.7223 	EXP 	Display Frame 0
582.8474 	EXP 	Display Frame 1
582.9724 	EXP 	Display Frame 0
583.0973 	EXP 	Display Frame 1
583.2219 	EXP 	Display Frame 0
583.3474 	EXP 	Display Frame 1
583.4723 	EXP 	Display Frame 0
583.5973 	EXP 	Display Frame 1
583.7224 	EXP 	Display Frame 0
583.8473 	EXP 	Display Frame 1
583.9721 	EXP 	Display Frame 0
584.0974 	EXP 	Display Frame 1
584.2224 	EXP 	Display Frame 0
584.3469 	EXP 	Display Frame 1
584.4720 	EXP 	Display Frame 0
584.5972 	EXP 	Display Frame 1
584.7223 	EXP 	Display Frame 0
584.8472 	EXP 	Display Frame 1
584.9724 	EXP 	Display Frame 0
585.0973 	EXP 	Display Frame 1
585.2222 	EXP 	Display Frame 0
585.3474 	EXP 	Display Frame 1
585.4722 	EXP 	Display Frame 0
585.5972 	EXP 	Display Frame 1
585.7224 	EXP 	Display Frame 0
585.8473 	EXP 	Display Frame 1
585.9722 	EXP 	Display Frame 0
586.0976 	EXP 	Display Frame 1
586.2218 	EXP 	Display Frame 0
586.3471 	EXP 	Display Frame 1
586.4722 	EXP 	Display Frame 0
586.5974 	EXP 	Display Frame 1
586.7223 	EXP 	Display Frame 0
586.8470 	EXP 	Display Frame 1
586.9723 	EXP 	Display Frame 0
587.0971 	EXP 	Display Frame 1
587.2220 	EXP 	Display Frame 0
587.3474 	EXP 	Display Frame 1
587.4724 	EXP 	Display Frame 0
587.5972 	EXP 	Display Frame 1
587.7224 	EXP 	Display Frame 0
587.8473 	EXP 	Display Frame 1
587.9723 	EXP 	Display Frame 0
588.0974 	EXP 	Display Frame 1
588.2224 	EXP 	Display Frame 0
588.3471 	EXP 	Display Frame 1
588.4724 	EXP 	Display Frame 0
588.5974 	EXP 	Display Frame 1
588.7223 	EXP 	Display Frame 0
588.8474 	EXP 	Display Frame 1
588.9725 	EXP 	Display Frame 0
589.0971 	EXP 	Display Frame 1
589.2228 	EXP 	Display Frame 0
589.3471 	EXP 	Display Frame 1
589.4721 	EXP 	Display Frame 0
589.5972 	EXP 	Display Frame 1
589.7224 	EXP 	Display Frame 0
589.8488 	EXP 	Display Frame 1
589.9727 	EXP 	Display Frame 0
590.0976 	EXP 	Display Frame 1
590.2230 	EXP 	Display Frame 0
590.3473 	EXP 	Display Frame 1
590.4724 	EXP 	Display Frame 0
590.5973 	EXP 	Display Frame 1
590.7223 	EXP 	Display Frame 0
590.8466 	DATA 	Keypress: t
590.8494 	EXP 	Display Frame 1
590.8513 	EXP 	Display Fixation
592.2683 	DATA 	Keypress: t
634.1899 	DATA 	Keypress: t
634.3176 	EXP 	Display Frame 1
634.4425 	EXP 	Display Frame 0
634.5676 	EXP 	Display Frame 1
634.6928 	EXP 	Display Frame 0
634.8177 	EXP 	Display Frame 1
634.9427 	EXP 	Display Frame 0
635.0676 	EXP 	Display Frame 1
635.1928 	EXP 	Display Frame 0
635.3178 	EXP 	Display Frame 1
635.4424 	EXP 	Display Frame 0
635.5675 	EXP 	Display Frame 1
635.6921 	DATA 	Keypress: t
635.6949 	EXP 	Display Frame 0
635.8174 	EXP 	Display Frame 1
635.9426 	EXP 	Display Frame 0
636.0677 	EXP 	Display Frame 1
636.1926 	EXP 	Display Frame 0
636.3175 	EXP 	Display Frame 1
636.4437 	EXP 	Display Frame 0
636.5674 	EXP 	Display Frame 1
636.6924 	EXP 	Display Frame 0
636.8177 	EXP 	Display Frame 1
636.9426 	EXP 	Display Frame 0
637.0676 	EXP 	Display Frame 1
637.1927 	EXP 	Display Frame 0
637.3177 	EXP 	Display Frame 1
637.4426 	EXP 	Display Frame 0
637.5668 	EXP 	Display Frame 1
637.6927 	EXP 	Display Frame 0
637.8179 	EXP 	Display Frame 1
637.9428 	EXP 	Display Frame 0
638.0675 	EXP 	Display Frame 1
638.1926 	EXP 	Display Frame 0
638.3178 	EXP 	Display Frame 1
638.4427 	EXP 	Display Frame 0
638.5677 	EXP 	Display Frame 1
638.6928 	EXP 	Display Frame 0
638.8177 	EXP 	Display Frame 1
638.9427 	EXP 	Display Frame 0
639.0677 	EXP 	Display Frame 1
639.1927 	EXP 	Display Frame 0
639.3175 	EXP 	Display Frame 1
639.4426 	EXP 	Display Frame 0
639.5677 	EXP 	Display Frame 1
639.6927 	EXP 	Display Frame 0
639.8178 	EXP 	Display Frame 1
639.9427 	EXP 	Display Frame 0
640.0677 	EXP 	Display Frame 1
640.1926 	EXP 	Display Frame 0
640.3177 	EXP 	Display Frame 1
640.4427 	EXP 	Display Frame 0
640.5676 	EXP 	Display Frame 1
640.6928 	EXP 	Display Frame 0
640.8177 	EXP 	Display Frame 1
640.9426 	EXP 	Display Frame 0
641.0678 	EXP 	Display Frame 1
641.1927 	EXP 	Display Frame 0
641.3177 	EXP 	Display Frame 1
641.4428 	EXP 	Display Frame 0
641.5683 	EXP 	Display Frame 1
641.6925 	EXP 	Display Frame 0
641.8179 	EXP 	Display Frame 1
641.9429 	EXP 	Display Frame 0
642.0674 	EXP 	Display Frame 1
642.1935 	EXP 	Display Frame 0
642.3175 	EXP 	Display Frame 1
642.4425 	EXP 	Display Frame 0
642.5676 	EXP 	Display Frame 1
642.6928 	EXP 	Display Frame 0
642.8177 	EXP 	Display Frame 1
642.9426 	EXP 	Display Frame 0
643.0677 	EXP 	Display Frame 1
643.1927 	EXP 	Display Frame 0
643.3172 	EXP 	Display Frame 1
643.4428 	EXP 	Display Frame 0
643.5677 	EXP 	Display Frame 1
643.6926 	EXP 	Display Frame 0
643.8176 	EXP 	Display Frame 1
643.9427 	EXP 	Display Frame 0
644.0676 	EXP 	Display Frame 1
644.1926 	EXP 	Display Frame 0
644.3178 	EXP 	Display Frame 1
644.4426 	EXP 	Display Frame 0
644.5675 	EXP 	Display Frame 1
644.6928 	EXP 	Display Frame 0
644.8177 	EXP 	Display Frame 1
644.9426 	EXP 	Display Frame 0
645.0677 	EXP 	Display Frame 1
645.1923 	EXP 	Display Frame 0
645.3174 	EXP 	Display Frame 1
645.4426 	EXP 	Display Frame 0
645.5676 	EXP 	Display Frame 1
645.6926 	EXP 	Display Frame 0
645.8178 	EXP 	Display Frame 1
645.9427 	EXP 	Display Frame 0
646.0676 	EXP 	Display Frame 1
646.1928 	EXP 	Display Frame 0
646.3177 	EXP 	Display Frame 1
646.4426 	EXP 	Display Frame 0
646.5668 	EXP 	Display Frame 1
646.6930 	EXP 	Display Frame 0
646.8174 	EXP 	Display Frame 1
646.9424 	EXP 	Display Frame 0
647.0675 	EXP 	Display Frame 1
647.1928 	EXP 	Display Frame 0
647.3174 	EXP 	Display Frame 1
647.4426 	EXP 	Display Frame 0
647.5674 	EXP 	Display Frame 1
647.6926 	EXP 	Display Frame 0
647.8176 	EXP 	Display Frame 1
647.9426 	EXP 	Display Frame 0
648.0675 	EXP 	Display Frame 1
648.1927 	EXP 	Display Frame 0
648.3176 	EXP 	Display Frame 1
648.4425 	EXP 	Display Frame 0
648.5675 	EXP 	Display Frame 1
648.6928 	EXP 	Display Frame 0
648.8176 	EXP 	Display Frame 1
648.9426 	EXP 	Display Frame 0
649.0677 	EXP 	Display Frame 1
649.1922 	EXP 	Display Frame 0
649.3176 	EXP 	Display Frame 1
649.4425 	EXP 	Display Frame 0
649.5676 	EXP 	Display Frame 1
649.6926 	EXP 	Display Frame 0
649.8193 	EXP 	Display Frame 1
649.9429 	EXP 	Display Frame 0
650.0684 	EXP 	Display Frame 1
650.1939 	EXP 	Display Frame 0
650.3173 	EXP 	Display Frame 1
650.4426 	EXP 	Display Frame 0
650.5677 	EXP 	Display Frame 1
650.6927 	EXP 	Display Frame 0
650.8176 	EXP 	Display Frame 1
650.9428 	EXP 	Display Frame 0
651.0677 	EXP 	Display Frame 1
651.1927 	EXP 	Display Frame 0
651.3171 	EXP 	Display Frame 1
651.4427 	EXP 	Display Frame 0
651.5677 	EXP 	Display Frame 1
651.6929 	EXP 	Display Frame 0
651.8178 	EXP 	Display Frame 1
651.9428 	EXP 	Display Frame 0
652.0673 	EXP 	Display Frame 1
652.1925 	EXP 	Display Frame 0
652.3176 	EXP 	Display Frame 1
652.4426 	EXP 	Display Frame 0
652.5677 	EXP 	Display Frame 1
652.6927 	EXP 	Display Frame 0
652.8176 	EXP 	Display Frame 1
652.9429 	EXP 	Display Frame 0
653.0675 	EXP 	Display Frame 1
653.1924 	EXP 	Display Frame 0
653.3178 	EXP 	Display Frame 1
653.4427 	EXP 	Display Frame 0
653.5676 	EXP 	Display Frame 1
653.6928 	EXP 	Display Frame 0
653.8175 	EXP 	Display Frame 1
653.9427 	EXP 	Display Frame 0
654.0675 	EXP 	Display Frame 1
654.1927 	EXP 	Display Frame 0
654.3173 	EXP 	Display Frame 1
654.4428 	EXP 	Display Frame 0
654.5678 	EXP 	Display Frame 1
654.6927 	EXP 	Display Frame 0
654.8176 	EXP 	Display Frame 1
654.9427 	EXP 	Display Frame 0
655.0676 	EXP 	Display Frame 1
655.1926 	EXP 	Display Frame 0
655.3178 	EXP 	Display Frame 1
655.4429 	EXP 	Display Frame 0
655.5673 	EXP 	Display Frame 1
655.6928 	EXP 	Display Frame 0
655.8177 	EXP 	Display Frame 1
655.9426 	EXP 	Display Frame 0
656.0668 	EXP 	Display Frame 1
656.1928 	EXP 	Display Frame 0
656.3177 	EXP 	Display Frame 1
656.4425 	EXP 	Display Frame 0
656.5668 	EXP 	Display Frame 1
656.6927 	EXP 	Display Frame 0
656.8178 	EXP 	Display Frame 1
656.9427 	EXP 	Display Frame 0
657.0676 	EXP 	Display Frame 1
657.1926 	EXP 	Display Frame 0
657.3177 	EXP 	Display Frame 1
657.4427 	EXP 	Display Frame 0
657.5676 	EXP 	Display Frame 1
657.6928 	EXP 	Display Frame 0
657.8177 	EXP 	Display Frame 1
657.9426 	EXP 	Display Frame 0
658.0678 	EXP 	Display Frame 1
658.1927 	EXP 	Display Frame 0
658.3176 	EXP 	Display Frame 1
658.4433 	EXP 	Display Frame 0
658.5675 	EXP 	Display Frame 1
658.6925 	EXP 	Display Frame 0
658.8178 	EXP 	Display Frame 1
658.9427 	EXP 	Display Frame 0
659.0676 	EXP 	Display Frame 1
659.1928 	EXP 	Display Frame 0
659.3181 	EXP 	Display Frame 1
659.4427 	EXP 	Display Frame 0
659.5674 	EXP 	Display Frame 1
659.6927 	EXP 	Display Frame 0
659.8177 	EXP 	Display Frame 1
659.9426 	EXP 	Display Frame 0
660.0678 	EXP 	Display Frame 1
660.1927 	EXP 	Display Frame 0
660.3176 	EXP 	Display Frame 1
660.4428 	EXP 	Display Frame 0
660.5670 	EXP 	Display Frame 1
660.6926 	EXP 	Display Frame 0
660.8178 	EXP 	Display Frame 1
660.9427 	EXP 	Display Frame 0
661.0669 	EXP 	Display Frame 1
661.1928 	EXP 	Display Frame 0
661.3177 	EXP 	Display Frame 1
661.4426 	EXP 	Display Frame 0
661.5669 	EXP 	Display Frame 1
661.6927 	EXP 	Display Frame 0
661.8177 	EXP 	Display Frame 1
661.9426 	EXP 	Display Frame 0
662.0677 	EXP 	Display Frame 1
662.1935 	EXP 	Display Frame 0
662.3175 	EXP 	Display Frame 1
662.4426 	EXP 	Display Frame 0
662.5676 	EXP 	Display Frame 1
662.6926 	EXP 	Display Frame 0
662.8178 	EXP 	Display Frame 1
662.9427 	EXP 	Display Frame 0
663.0676 	EXP 	Display Frame 1
663.1928 	EXP 	Display Frame 0
663.3177 	EXP 	Display Frame 1
663.4429 	EXP 	Display Frame 0
663.5673 	EXP 	Display Frame 1
663.6925 	EXP 	Display Frame 0
663.8174 	EXP 	Display Frame 1
663.9429 	EXP 	Display Frame 0
664.0675 	EXP 	Display Frame 1
664.1926 	EXP 	Display Frame 0
664.3178 	EXP 	Display Frame 1
664.4427 	EXP 	Display Frame 0
664.5674 	EXP 	Display Frame 1
664.6928 	EXP 	Display Frame 0
664.8177 	EXP 	Display Frame 1
664.9427 	EXP 	Display Frame 0
665.0675 	EXP 	Display Frame 1
665.1927 	EXP 	Display Frame 0
665.3177 	EXP 	Display Frame 1
665.4425 	EXP 	Display Frame 0
665.5668 	EXP 	Display Frame 1
665.6927 	EXP 	Display Frame 0
665.8176 	EXP 	Display Frame 1
665.9428 	EXP 	Display Frame 0
666.0668 	EXP 	Display Frame 1
666.1927 	EXP 	Display Frame 0
666.3178 	EXP 	Display Frame 1
666.4427 	EXP 	Display Frame 0
666.5677 	EXP 	Display Frame 1
666.6926 	EXP 	Display Frame 0
666.8177 	EXP 	Display Frame 1
666.9425 	EXP 	Display Frame 0
667.0676 	EXP 	Display Frame 1
667.1927 	EXP 	Display Frame 0
667.3177 	EXP 	Display Frame 1
667.4428 	EXP 	Display Frame 0
667.5678 	EXP 	Display Frame 1
667.6927 	EXP 	Display Frame 0
667.8179 	EXP 	Display Frame 1
667.9426 	EXP 	Display Frame 0
668.0676 	EXP 	Display Frame 1
668.1929 	EXP 	Display Frame 0
668.3175 	EXP 	Display Frame 1
668.4425 	EXP 	Display Frame 0
668.5677 	EXP 	Display Frame 1
668.6926 	EXP 	Display Frame 0
668.8177 	EXP 	Display Frame 1
668.9427 	EXP 	Display Frame 0
669.0675 	EXP 	Display Frame 1
669.1927 	EXP 	Display Frame 0
669.3177 	EXP 	Display Frame 1
669.4437 	EXP 	Display Frame 0
669.5675 	EXP 	Display Frame 1
669.6925 	EXP 	Display Frame 0
669.8176 	EXP 	Display Frame 1
669.9428 	EXP 	Display Frame 0
670.0670 	EXP 	Display Frame 1
670.1926 	EXP 	Display Frame 0
670.3177 	EXP 	Display Frame 1
670.4427 	EXP 	Display Frame 0
670.5669 	EXP 	Display Frame 1
670.6928 	EXP 	Display Frame 0
670.8177 	EXP 	Display Frame 1
670.9426 	EXP 	Display Frame 0
671.0675 	EXP 	Display Frame 1
671.1928 	EXP 	Display Frame 0
671.3176 	EXP 	Display Frame 1
671.4428 	EXP 	Display Frame 0
671.5676 	EXP 	Display Frame 1
671.6927 	EXP 	Display Frame 0
671.8176 	EXP 	Display Frame 1
671.9428 	EXP 	Display Frame 0
672.0677 	EXP 	Display Frame 1
672.1926 	EXP 	Display Frame 0
672.3177 	EXP 	Display Frame 1
672.4427 	EXP 	Display Frame 0
672.5675 	EXP 	Display Frame 1
672.6928 	EXP 	Display Frame 0
672.8176 	EXP 	Display Frame 1
672.9424 	EXP 	Display Frame 0
673.0677 	EXP 	Display Frame 1
673.1927 	EXP 	Display Frame 0
673.3176 	EXP 	Display Frame 1
673.4425 	EXP 	Display Frame 0
673.5677 	EXP 	Display Frame 1
673.6927 	EXP 	Display Frame 0
673.8176 	EXP 	Display Frame 1
673.9427 	EXP 	Display Frame 0
674.0676 	EXP 	Display Frame 1
674.1926 	EXP 	Display Frame 0
674.3178 	EXP 	Display Frame 1
674.4426 	EXP 	Display Frame 0
674.5669 	EXP 	Display Frame 1
674.6928 	EXP 	Display Frame 0
674.8176 	EXP 	Display Frame 1
674.9426 	EXP 	Display Frame 0
675.0675 	EXP 	Display Frame 1
675.1925 	EXP 	Display Frame 0
675.3176 	EXP 	Display Frame 1
675.4428 	EXP 	Display Frame 0
675.5677 	EXP 	Display Frame 1
675.6925 	EXP 	Display Frame 0
675.8176 	EXP 	Display Frame 1
675.9427 	EXP 	Display Frame 0
676.0676 	EXP 	Display Frame 1
676.1926 	EXP 	Display Frame 0
676.3177 	EXP 	Display Frame 1
676.4427 	EXP 	Display Frame 0
676.5676 	EXP 	Display Frame 1
676.6930 	EXP 	Display Frame 0
676.8173 	EXP 	Display Frame 1
676.9428 	EXP 	Display Frame 0
677.0677 	EXP 	Display Frame 1
677.1927 	EXP 	Display Frame 0
677.3174 	EXP 	Display Frame 1
677.4428 	EXP 	Display Frame 0
677.5670 	DATA 	Keypress: t
677.5693 	EXP 	Display Frame 1
677.5710 	EXP 	Display Fixation
678.9874 	DATA 	Keypress: t
720.9092 	DATA 	Keypress: t
721.0370 	EXP 	Display Frame 1
721.1617 	EXP 	Display Frame 0
721.2860 	EXP 	Display Frame 1
721.4117 	EXP 	Display Frame 0
721.5369 	EXP 	Display Frame 1
721.6620 	EXP 	Display Frame 0
721.7870 	EXP 	Display Frame 1
721.9121 	EXP 	Display Frame 0
722.0370 	EXP 	Display Frame 1
722.1625 	EXP 	Display Frame 0
722.2857 	EXP 	Display Frame 1
722.4112 	DATA 	Keypress: t
722.4141 	EXP 	Display Frame 0
722.5368 	EXP 	Display Frame 1
722.6618 	EXP 	Display Frame 0
722.7870 	EXP 	Display Frame 1
722.9120 	EXP 	Display Frame 0
723.0369 	EXP 	Display Frame 1
723.1621 	EXP 	Display Frame 0
723.2860 	EXP 	Display Frame 1
723.4120 	EXP 	Display Frame 0
723.5371 	EXP 	Display Frame 1
723.6618 	EXP 	Display Frame 0
723.7869 	EXP 	Display Frame 1
723.9121 	EXP 	Display Frame 0
724.0370 	EXP 	Display Frame 1
724.1620 	EXP 	Display Frame 0
724.2856 	EXP 	Display Frame 1
724.4117 	EXP 	Display Frame 0
724.5370 	EXP 	Display Frame 1
724.6619 	EXP 	Display Frame 0
724.7870 	EXP 	Display Frame 1
724.9120 	EXP 	Display Frame 0
725.0369 	EXP 	Display Frame 1
725.1622 	EXP 	Display Frame 0
725.2856 	EXP 	Display Frame 1
725.4119 	EXP 	Display Frame 0
725.5371 	EXP 	Display Frame 1
725.6620 	EXP 	Display Frame 0
725.7871 	EXP 	Display Frame 1
725.9121 	EXP 	Display Frame 0
726.0371 	EXP 	Display Frame 1
726.1620 	EXP 	Display Frame 0
726.2862 	EXP 	Display Frame 1
726.4121 	EXP 	Display Frame 0
726.5369 	EXP 	Display Frame 1
726.6621 	EXP 	Display Frame 0
726.7870 	EXP 	Display Frame 1
726.9120 	EXP 	Display Frame 0
727.0369 	EXP 	Display Frame 1
727.1621 	EXP 	Display Frame 0
727.2868 	EXP 	Display Frame 1
727.4120 	EXP 	Display Frame 0
727.5370 	EXP 	Display Frame 1
727.6618 	EXP 	Display Frame 0
727.7871 	EXP 	Display Frame 1
727.9121 	EXP 	Display Frame 0
728.0370 	EXP 	Display Frame 1
728.1620 	EXP 	Display Frame 0
728.2871 	EXP 	Display Frame 1
728.4120 	EXP 	Display Frame 0
728.5369 	EXP 	Display Frame 1
728.6621 	EXP 	Display Frame 0
728.7870 	EXP 	Display Frame 1
728.9120 	EXP 	Display Frame 0
729.0371 	EXP 	Display Frame 1
729.1621 	EXP 	Display Frame 0
729.2870 	EXP 	Display Frame 1
729.4117 	EXP 	Display Frame 0
729.5369 	EXP 	Display Frame 1
729.6618 	EXP 	Display Frame 0
729.7869 	EXP 	Display Frame 1
729.9122 	EXP 	Display Frame 0
730.0371 	EXP 	Display Frame 1
730.1620 	EXP 	Display Frame 0
730.2869 	EXP 	Display Frame 1
730.4118 	EXP 	Display Frame 0
730.5368 	EXP 	Display Frame 1
730.6621 	EXP 	Display Frame 0
730.7870 	EXP 	Display Frame 1
730.9118 	EXP 	Display Frame 0
731.0371 	EXP 	Display Frame 1
731.1620 	EXP 	Display Frame 0
731.2869 	EXP 	Display Frame 1
731.4121 	EXP 	Display Frame 0
731.5370 	EXP 	Display Frame 1
731.6618 	EXP 	Display Frame 0
731.7869 	EXP 	Display Frame 1
731.9121 	EXP 	Display Frame 0
732.0369 	EXP 	Display Frame 1
732.1621 	EXP 	Display Frame 0
732.2871 	EXP 	Display Frame 1
732.4120 	EXP 	Display Frame 0
732.5369 	EXP 	Display Frame 1
732.6622 	EXP 	Display Frame 0
732.7870 	EXP 	Display Frame 1
732.9120 	EXP 	Display Frame 0
733.0371 	EXP 	Display Frame 1
733.1620 	EXP 	Display Frame 0
733.2868 	EXP 	Display Frame 1
733.4120 	EXP 	Display Frame 0
733.5371 	EXP 	Display Frame 1
733.6621 	EXP 	Display Frame 0
733.7869 	EXP 	Display Frame 1
733.9119 	EXP 	Display Frame 0
734.0369 	EXP 	Display Frame 1
734.1621 	EXP 	Display Frame 0
734.2871 	EXP 	Display Frame 1
734.4120 	EXP 	Display Frame 0
734.5369 	EXP 	Display Frame 1
734.6621 	EXP 	Display Frame 0
734.7870 	EXP 	Display Frame 1
734.9120 	EXP 	Display Frame 0
735.0372 	EXP 	Display Frame 1
735.1630 	EXP 	Display Frame 0
735.2875 	EXP 	Display Frame 1
735.4110 	EXP 	Display Frame 0
735.5368 	EXP 	Display Frame 1
735.6618 	EXP 	Display Frame 0
735.7871 	EXP 	Display Frame 1
735.9120 	EXP 	Display Frame 0
736.0368 	EXP 	Display Frame 1
736.1621 	EXP 	Display Frame 0
736.2870 	EXP 	Display Frame 1
736.4120 	EXP 	Display Frame 0
736.5367 	EXP 	Display Frame 1
736.6618 	EXP 	Display Frame 0
736.7868 	EXP 	Display Frame 1
736.9123 	EXP 	Display Frame 0
737.0370 	EXP 	Display Frame 1
737.1622 	EXP 	Display Frame 0
737.2867 	EXP 	Display Frame 1
737.4121 	EXP 	Display Frame 0
737.5370 	EXP 	Display Frame 1
737.6620 	EXP 	Display Frame 0
737.7870 	EXP 	Display Frame 1
737.9124 	EXP 	Display Frame 0
738.0367 	EXP 	Display Frame 1
738.1622 	EXP 	Display Frame 0
738.2870 	EXP 	Display Frame 1
738.4121 	EXP 	Display Frame 0
738.5371 	EXP 	Display Frame 1
738.6621 	EXP 	Display Frame 0
738.7869 	EXP 	Display Frame 1
738.9121 	EXP 	Display Frame 0
739.0370 	EXP 	Display Frame 1
739.1616 	EXP 	Display Frame 0
739.2873 	EXP 	Display Frame 1
739.4121 	EXP 	Display Frame 0
739.5372 	EXP 	Display Frame 1
739.6619 	EXP 	Display Frame 0
739.7869 	EXP 	Display Frame 1
739.9122 	EXP 	Display Frame 0
740.0380 	EXP 	Display Frame 1
740.1632 	EXP 	Display Frame 0
740.2866 	EXP 	Display Frame 1
740.4118 	EXP 	Display Frame 0
740.5372 	EXP 	Display Frame 1
740.6620 	EXP 	Display Frame 0
740.7869 	EXP 	Display Frame 1
740.9117 	EXP 	Display Frame 0
741.0368 	EXP 	Display Frame 1
741.1618 	EXP 	Display Frame 0
741.2871 	EXP 	Display Frame 1
741.4121 	EXP 	Display Frame 0
741.5369 	EXP 	Display Frame 1
741.6621 	EXP 	Display Frame 0
741.7870 	EXP 	Display Frame 1
741.9120 	EXP 	Display Frame 0
742.0368 	EXP 	Display Frame 1
742.1621 	EXP 	Display Frame 0
742.2867 	EXP 	Display Frame 1
742.4117 	EXP 	Display Frame 0
742.5369 	EXP 	Display Frame 1
742.6620 	EXP 	Display Frame 0
742.7869 	EXP 	Display Frame 1
742.9121 	EXP 	Display Frame 0
743.0368 	EXP 	Display Frame 1
743.1621 	EXP 	Display Frame 0
743.2871 	EXP 	Display Frame 1
743.4121 	EXP 	Display Frame 0
743.5370 	EXP 	Display Frame 1
743.6620 	EXP 	Display Frame 0
743.7870 	EXP 	Display Frame 1
743.9120 	EXP 	Display Frame 0
744.0371 	EXP 	Display Frame 1
744.1621 	EXP 	Display Frame 0
744.2870 	EXP 	Display Frame 1
744.4119 	EXP 	Display Frame 0
744.5371 	EXP 	Display Frame 1
744.6621 	EXP 	Display Frame 0
744.7869 	EXP 	Display Frame 1
744.9121 	EXP 	Display Frame 0
745.0370 	EXP 	Display Frame 1
745.1622 	EXP 	Display Frame 0
745.2871 	EXP 	Display Frame 1
745.4120 	EXP 	Display Frame 0
745.5369 	EXP 	Display Frame 1
745.6623 	EXP 	Display Frame 0
745.7873 	EXP 	Display Frame 1
745.9116 	EXP 	Display Frame 0
746.0369 	EXP 	Display Frame 1
746.1620 	EXP 	Display Frame 0
746.2869 	EXP 	Display Frame 1
746.4118 	EXP 	Display Frame 0
746.5369 	EXP 	Display Frame 1
746.6618 	EXP 	Display Frame 0
746.7871 	EXP 	Display Frame 1
746.9121 	EXP 	Display Frame 0
747.0370 	EXP 	Display Frame 1
747.1620 	EXP 	Display Frame 0
747.2871 	EXP 	Display Frame 1
747.4120 	EXP 	Display Frame 0
747.5371 	EXP 	Display Frame 1
747.6621 	EXP 	Display Frame 0
747.7870 	EXP 	Display Frame 1
747.9119 	EXP 	Display Frame 0
748.0370 	EXP 	Display Frame 1
748.1620 	EXP 	Display Frame 0
748.2869 	EXP 	Display Frame 1
748.4121 	EXP 	Display Frame 0
748.5370 	EXP 	Display Frame 1
748.6620 	EXP 	Display Frame 0
748.7871 	EXP 	Display Frame 1
748.9121 	EXP 	Display Frame 0
749.0370 	EXP 	Display Frame 1
749.1622 	EXP 	Display Frame 0
749.2871 	EXP 	Display Frame 1
749.4120 	EXP 	Display Frame 0
749.5371 	EXP 	Display Frame 1
749.6621 	EXP 	Display Frame 0
749.7870 	EXP 	Display Frame 1
749.9121 	EXP 	Display Frame 0
750.0371 	EXP 	Display Frame 1
750.1622 	EXP 	Display Frame 0
750.2867 	EXP 	Display Frame 1
750.4121 	EXP 	Display Frame 0
750.5370 	EXP 	Display Frame 1
750.6621 	EXP 	Display Frame 0
750.7870 	EXP 	Display Frame 1
750.9118 	EXP 	Display Frame 0
751.0366 	EXP 	Display Frame 1
751.1622 	EXP 	Display Frame 0
751.2870 	EXP 	Display Frame 1
751.4120 	EXP 	Display Frame 0
751.5365 	EXP 	Display Frame 1
751.6622 	EXP 	Display Frame 0
751.7870 	EXP 	Display Frame 1
751.9128 	EXP 	Display Frame 0
752.0368 	EXP 	Display Frame 1
752.1624 	EXP 	Display Frame 0
752.2867 	EXP 	Display Frame 1
752.4119 	EXP 	Display Frame 0
752.5370 	EXP 	Display Frame 1
752.6620 	EXP 	Display Frame 0
752.7872 	EXP 	Display Frame 1
752.9120 	EXP 	Display Frame 0
753.0369 	EXP 	Display Frame 1
753.1621 	EXP 	Display Frame 0
753.2870 	EXP 	Display Frame 1
753.4121 	EXP 	Display Frame 0
753.5371 	EXP 	Display Frame 1
753.6618 	EXP 	Display Frame 0
753.7869 	EXP 	Display Frame 1
753.9121 	EXP 	Display Frame 0
754.0366 	EXP 	Display Frame 1
754.1620 	EXP 	Display Frame 0
754.2873 	EXP 	Display Frame 1
754.4121 	EXP 	Display Frame 0
754.5370 	EXP 	Display Frame 1
754.6619 	EXP 	Display Frame 0
754.7871 	EXP 	Display Frame 1
754.9120 	EXP 	Display Frame 0
755.0369 	EXP 	Display Frame 1
755.1621 	EXP 	Display Frame 0
755.2870 	EXP 	Display Frame 1
755.4121 	EXP 	Display Frame 0
755.5367 	EXP 	Display Frame 1
755.6619 	EXP 	Display Frame 0
755.7867 	EXP 	Display Frame 1
755.9119 	EXP 	Display Frame 0
756.0370 	EXP 	Display Frame 1
756.1620 	EXP 	Display Frame 0
756.2871 	EXP 	Display Frame 1
756.4121 	EXP 	Display Frame 0
756.5369 	EXP 	Display Frame 1
756.6619 	EXP 	Display Frame 0
756.7870 	EXP 	Display Frame 1
756.9115 	EXP 	Display Frame 0
757.0367 	EXP 	Display Frame 1
757.1619 	EXP 	Display Frame 0
757.2870 	EXP 	Display Frame 1
757.4118 	EXP 	Display Frame 0
757.5369 	EXP 	Display Frame 1
757.6618 	EXP 	Display Frame 0
757.7870 	EXP 	Display Frame 1
757.9123 	EXP 	Display Frame 0
758.0370 	EXP 	Display Frame 1
758.1620 	EXP 	Display Frame 0
758.2871 	EXP 	Display Frame 1
758.4122 	EXP 	Display Frame 0
758.5369 	EXP 	Display Frame 1
758.6621 	EXP 	Display Frame 0
758.7870 	EXP 	Display Frame 1
758.9120 	EXP 	Display Frame 0
759.0368 	EXP 	Display Frame 1
759.1621 	EXP 	Display Frame 0
759.2869 	EXP 	Display Frame 1
759.4117 	EXP 	Display Frame 0
759.5365 	EXP 	Display Frame 1
759.6620 	EXP 	Display Frame 0
759.7867 	EXP 	Display Frame 1
759.9121 	EXP 	Display Frame 0
760.0370 	EXP 	Display Frame 1
760.1619 	EXP 	Display Frame 0
760.2871 	EXP 	Display Frame 1
760.4120 	EXP 	Display Frame 0
760.5369 	EXP 	Display Frame 1
760.6621 	EXP 	Display Frame 0
760.7870 	EXP 	Display Frame 1
760.9117 	EXP 	Display Frame 0
761.0371 	EXP 	Display Frame 1
761.1621 	EXP 	Display Frame 0
761.2869 	EXP 	Display Frame 1
761.4121 	EXP 	Display Frame 0
761.5370 	EXP 	Display Frame 1
761.6620 	EXP 	Display Frame 0
761.7873 	EXP 	Display Frame 1
761.9122 	EXP 	Display Frame 0
762.0370 	EXP 	Display Frame 1
762.1622 	EXP 	Display Frame 0
762.2871 	EXP 	Display Frame 1
762.4120 	EXP 	Display Frame 0
762.5369 	EXP 	Display Frame 1
762.6621 	EXP 	Display Frame 0
762.7870 	EXP 	Display Frame 1
762.9111 	EXP 	Display Frame 0
763.0369 	EXP 	Display Frame 1
763.1619 	EXP 	Display Frame 0
763.2869 	EXP 	Display Frame 1
763.4121 	EXP 	Display Frame 0
763.5366 	EXP 	Display Frame 1
763.6620 	EXP 	Display Frame 0
763.7871 	EXP 	Display Frame 1
763.9121 	EXP 	Display Frame 0
764.0369 	EXP 	Display Frame 1
764.1621 	EXP 	Display Frame 0
764.2871 	EXP 	Display Frame 1
764.4120 	EXP 	Display Frame 0
764.5369 	EXP 	Display Frame 1
764.6622 	EXP 	Display Frame 0
764.7870 	EXP 	Display Frame 1
764.9120 	EXP 	Display Frame 0
765.0371 	EXP 	Display Frame 1
765.1620 	EXP 	Display Frame 0
765.2869 	EXP 	Display Frame 1
765.4121 	EXP 	Display Frame 0
765.5370 	EXP 	Display Frame 1
765.6620 	EXP 	Display Frame 0
765.7871 	EXP 	Display Frame 1
765.9122 	EXP 	Display Frame 0
766.0370 	EXP 	Display Frame 1
766.1621 	EXP 	Display Frame 0
766.2870 	EXP 	Display Frame 1
766.4120 	EXP 	Display Frame 0
766.5369 	EXP 	Display Frame 1
766.6621 	EXP 	Display Frame 0
766.7870 	EXP 	Display Frame 1
766.9105 	DATA 	Keypress: t
766.9126 	EXP 	Display Frame 0
766.9152 	EXP 	Display Fixation
767.1556 	DATA 	Keypress: t
1167.7933 	DATA 	Keypress: tab
1167.8241 	DATA 	Keypress: q
1167.8350 	EXP 	topMsg: height = 0.1
1167.8350 	EXP 	topMsg: height = 0.1
1167.8350 	EXP 	topMsg: text = "Thank you very much! \n\nThat's it with the tapping"
1167.8350 	EXP 	bottomMsg: height = 0.1
1167.8350 	EXP 	bottomMsg: height = 0.1
1167.8350 	EXP 	bottomMsg: text = "Please relax for the ramaining time \n\n Press 'q' or 'escape' to end the session."
1167.8350 	EXP 	Display TheEnd
1168.4279 	DATA 	Keypress: t
1169.0483 	DATA 	Keypress: q
1169.1338 	EXP 	win: mouseVisible = True
