1.0250 	WARNING 	We strongly recommend you activate the PTB sound engine in PsychoPy prefs as the preferred audio engine. Its timing is vastly superior. Your prefs are currently set to use ['sounddevice', 'PTB', 'pyo', 'pygame'] (in that order).
6.1181 	INFO 	---START PARAMETERS---
6.1182 	INFO 	filename: TappingWithTrTiming_Movie_d3.py-1tt-178-Apr_15_1027
6.1182 	INFO 	subject: 1tt
6.1182 	INFO 	session: 178
6.1182 	INFO 	date: Apr_15_1027
6.1183 	INFO 	blockDur_TRs: 12
6.1183 	INFO 	condition: vis
6.1183 	INFO 	fixCrossPos: [0, 0]
6.1183 	INFO 	fixCrossSize: 100
6.1183 	INFO 	fullScreen: True
6.1183 	INFO 	movieFolder: Images/
6.1183 	INFO 	movieSize: (1600, 1600)
6.1183 	INFO 	nBlocks: 68
6.1183 	INFO 	promptDir: Text/
6.1183 	INFO 	restDur_TRs: 12
6.1183 	INFO 	screenColor: (128, 128, 128)
6.1183 	INFO 	screenToShow: 0
6.1183 	INFO 	skipPrompts: False
6.1183 	INFO 	tStartup_TRs: 0
6.1183 	INFO 	textHeight: 40
6.1183 	INFO 	triggerKey: t
6.1183 	INFO 	---END PARAMETERS---
7.0348 	INFO 	Loaded monitor calibration from ['2022_03_25 08:03']
8.1449 	WARNING 	Couldn't measure a consistent frame rate!
  - Is your graphics card set to sync to vertical blank?
  - Are you running other processes on your computer?

8.1461 	EXP 	Created win = Window(allowGUI=False, allowStencil=False, autoLog=True, backendConf=UNKNOWN, bitsMode=UNKNOWN, blendMode='avg', bpc=(8, 8, 8), color=array([128, 128, 128]), colorSpace='rgb255', depthBits=8, fullscr=<method-wrapper '__getattribute__' of attributeSetter object at 0x7f9ba8d5ea90>, gamma=None, gammaErrorPolicy='raise', lms=UNKNOWN, monitor=<psychopy.monitors.calibTools.Monitor object at 0x7f9c385c6220>, multiSample=False, name='win', numSamples=2, pos=[0.0, 0.0], screen=0, size=array([1920, 1080]), stencilBits=0, stereo=False, units='deg', useFBO=False, useRetina=False, viewOri=0.0, viewPos=None, viewScale=None, waitBlanking=True, winType='pyglet')
8.1467 	EXP 	win: mouseVisible = True
8.1551 	EXP 	Created fixCross = ShapeStim(__class__=<class 'psychopy.visual.shape.ShapeStim'>, anchor=('center', 'center'), autoDraw=False, autoLog=True, closeShape=False, color=method-wrapper(...), colorSpace='rgb', contrast=None, depth=0, fillColor=array([0, 0, 0]), fillColorSpace='rgb', fillRGB=array([0, 0, 0]), interpolate=True, lineColor=array([-1., -1., -1.]), lineColorSpace='rgb', lineRGB=array([-1., -1., -1.]), lineWidth=3.0, name='fixCross', opacity=0.5, ori=0.0, pos=array([0., 0.]), size=array([1., 1.]), units='pix', vertices=ndarray(...), win=Window(...), windingRule=None)
8.1557 	WARNING 	TextStim.alignHoriz is deprecated. Use alignText and anchorHoriz attributes instead
8.1845 	EXP 	Created topMsg = TextStim(__class__=<class 'psychopy.visual.text.TextStim'>, alignHoriz='center', alignText='center', alignVert=method-wrapper(...), anchorHoriz='center', anchorVert='center', antialias=True, autoLog=True, bold=False, color=array([-1., -1., -1.]), colorSpace='rgb', contrast=1.0, depth=0, flipHoriz=False, flipVert=False, font='', fontFiles=[], height=0.1, italic=False, languageStyle='LTR', name='topMsg', opacity=1.0, ori=0.0, pos=array([0. , 0.5]), rgb=UNKNOWN, text='aaa', units='norm', win=Window(...), wrapWidth=1.5)
8.1846 	WARNING 	TextStim.alignHoriz is deprecated. Use alignText and anchorHoriz attributes instead
8.1871 	EXP 	Created bottomMsg = TextStim(__class__=<class 'psychopy.visual.text.TextStim'>, alignHoriz='center', alignText='center', alignVert=method-wrapper(...), anchorHoriz='center', anchorVert='center', antialias=True, autoLog=True, bold=False, color=array([-1., -1., -1.]), colorSpace='rgb', contrast=1.0, depth=0, flipHoriz=False, flipVert=False, font='', fontFiles=[], height=0.1, italic=False, languageStyle='LTR', name='bottomMsg', opacity=1.0, ori=0.0, pos=array([ 0. , -0.5]), rgb=UNKNOWN, text='bbb', units='norm', win=Window(...), wrapWidth=1.5)
8.2084 	EXP 	Created Movie Frame 0 = ImageStim(__class__=<class 'psychopy.visual.image.ImageStim'>, anchor=('center', 'center'), autoLog=True, color=array([1., 1., 1.]), colorSpace='rgb', contrast=1.0, depth=0, flipHoriz=False, flipVert=False, image='Images/visual_0.png', interpolate=False, mask=None, maskParams=None, name='Movie Frame 0', opacity=1, ori=0.0, pos=array([0., 0.]), size=array([1600., 1600.]), texRes=128, units='pix', win=Window(...))
8.2192 	EXP 	Created Movie Frame 1 = ImageStim(__class__=<class 'psychopy.visual.image.ImageStim'>, anchor=('center', 'center'), autoLog=True, color=array([1., 1., 1.]), colorSpace='rgb', contrast=1.0, depth=0, flipHoriz=False, flipVert=False, image='Images/visual_1.png', interpolate=False, mask=None, maskParams=None, name='Movie Frame 1', opacity=1, ori=0.0, pos=array([0., 0.]), size=array([1600., 1600.]), texRes=128, units='pix', win=Window(...))
8.2257 	EXP 	Created unnamed TextStim = TextStim(__class__=<class 'psychopy.visual.text.TextStim'>, alignHoriz=method-wrapper(...), alignText='center', alignVert=method-wrapper(...), anchorHoriz='center', anchorVert='center', antialias=True, autoLog=True, bold=False, color=array([-1., -1., -1.]), colorSpace='rgb', contrast=1.0, depth=0, flipHoriz=False, flipVert=False, font='', fontFiles=[], height=40.0, italic=False, languageStyle='LTR', name='unnamed TextStim', opacity=1.0, ori=0.0, pos=array([  0., 880.]), rgb=UNKNOWN, text='look at the center', units='pix', win=Window(...), wrapWidth=1600)
8.2411 	WARNING 	t of last frame was 96.52ms (=1/10)
8.2411 	EXP 	topMsg: height = 0.1
8.2411 	EXP 	topMsg: height = 0.1
8.2411 	EXP 	topMsg: text = 'You will see a flickering checkerboard. When it is on the screen, try to fixate the center of the checkerboard. When the fixation cross appears, relax and stare at the cross.'
8.2411 	EXP 	bottomMsg: height = 0.1
8.2411 	EXP 	bottomMsg: height = 0.1
8.2411 	EXP 	bottomMsg: text = 'The experiment will begin shortly'
8.2411 	EXP 	Display Instructions1
8.9597 	DATA 	Keypress: space
8.9645 	WARNING 	t of last frame was 723.45ms (=1/1)
8.9645 	EXP 	topMsg: height = 0.1
8.9645 	EXP 	topMsg: height = 0.1
8.9645 	EXP 	topMsg: text = "Please don't move..."
8.9645 	EXP 	bottomMsg: height = 0.1
8.9645 	EXP 	bottomMsg: height = 0.1
8.9645 	EXP 	bottomMsg: text = ''
8.9645 	EXP 	PleaseDontMove
58.0326 	DATA 	Keypress: t
58.0450 	WARNING 	t of last frame was 49080.42ms (=1/0)
58.0450 	EXP 	Display Fixation
58.0453 	EXP 	---START EXPERIMENT---
58.0572 	EXP 	Display Fixation
60.6916 	DATA 	Keypress: t
63.3452 	DATA 	Keypress: t
66.0017 	DATA 	Keypress: t
68.6590 	DATA 	Keypress: t
71.3162 	DATA 	Keypress: t
73.9730 	DATA 	Keypress: t
76.6290 	DATA 	Keypress: t
79.2861 	DATA 	Keypress: t
81.9427 	DATA 	Keypress: t
84.6003 	DATA 	Keypress: t
87.2572 	DATA 	Keypress: t
89.9139 	DATA 	Keypress: t
89.9253 	WARNING 	t of last frame was 31868.10ms (=1/0)
90.0414 	WARNING 	Multiple dropped frames have occurred - I'll stop bothering you about them!
90.0413 	EXP 	Display Frame 1
90.1656 	EXP 	Display Frame 0
90.2909 	EXP 	Display Frame 1
90.4154 	EXP 	Display Frame 0
90.5410 	EXP 	Display Frame 1
90.6655 	EXP 	Display Frame 0
90.7908 	EXP 	Display Frame 1
90.9155 	EXP 	Display Frame 0
91.0409 	EXP 	Display Frame 1
91.1658 	EXP 	Display Frame 0
91.2909 	EXP 	Display Frame 1
91.4156 	EXP 	Display Frame 0
91.5410 	EXP 	Display Frame 1
91.6654 	EXP 	Display Frame 0
91.7909 	EXP 	Display Frame 1
91.9156 	EXP 	Display Frame 0
92.0408 	EXP 	Display Frame 1
92.1657 	EXP 	Display Frame 0
92.2910 	EXP 	Display Frame 1
92.4156 	EXP 	Display Frame 0
92.5408 	EXP 	Display Frame 1
92.6654 	DATA 	Keypress: t
92.6672 	EXP 	Display Frame 0
92.7909 	EXP 	Display Frame 1
92.9156 	EXP 	Display Frame 0
93.0408 	EXP 	Display Frame 1
93.1657 	EXP 	Display Frame 0
93.2909 	EXP 	Display Frame 1
93.4155 	EXP 	Display Frame 0
93.5406 	EXP 	Display Frame 1
93.6652 	EXP 	Display Frame 0
93.7907 	EXP 	Display Frame 1
93.9155 	EXP 	Display Frame 0
94.0408 	EXP 	Display Frame 1
94.1657 	EXP 	Display Frame 0
94.2910 	EXP 	Display Frame 1
94.4155 	EXP 	Display Frame 0
94.5407 	EXP 	Display Frame 1
94.6655 	EXP 	Display Frame 0
94.7909 	EXP 	Display Frame 1
94.9156 	EXP 	Display Frame 0
95.0408 	EXP 	Display Frame 1
95.1657 	EXP 	Display Frame 0
95.2904 	DATA 	Keypress: t
95.2921 	EXP 	Display Frame 1
95.4154 	EXP 	Display Frame 0
95.5408 	EXP 	Display Frame 1
95.6655 	EXP 	Display Frame 0
95.7909 	EXP 	Display Frame 1
95.9155 	EXP 	Display Frame 0
96.0407 	EXP 	Display Frame 1
96.1657 	EXP 	Display Frame 0
96.2908 	EXP 	Display Frame 1
96.4156 	EXP 	Display Frame 0
96.5409 	EXP 	Display Frame 1
96.6666 	EXP 	Display Frame 0
96.7912 	EXP 	Display Frame 1
96.9155 	EXP 	Display Frame 0
97.0408 	EXP 	Display Frame 1
97.1657 	EXP 	Display Frame 0
97.2909 	EXP 	Display Frame 1
97.4155 	EXP 	Display Frame 0
97.5410 	EXP 	Display Frame 1
97.6656 	EXP 	Display Frame 0
97.7910 	EXP 	Display Frame 1
97.9156 	DATA 	Keypress: t
97.9176 	EXP 	Display Frame 0
98.0409 	EXP 	Display Frame 1
98.1657 	EXP 	Display Frame 0
98.2909 	EXP 	Display Frame 1
98.4155 	EXP 	Display Frame 0
98.5410 	EXP 	Display Frame 1
98.6655 	EXP 	Display Frame 0
98.7909 	EXP 	Display Frame 1
98.9156 	EXP 	Display Frame 0
99.0408 	EXP 	Display Frame 1
99.1656 	EXP 	Display Frame 0
99.2910 	EXP 	Display Frame 1
99.4155 	EXP 	Display Frame 0
99.5408 	EXP 	Display Frame 1
99.6655 	EXP 	Display Frame 0
99.7910 	EXP 	Display Frame 1
99.9156 	EXP 	Display Frame 0
100.0409 	EXP 	Display Frame 1
100.1657 	EXP 	Display Frame 0
100.2909 	EXP 	Display Frame 1
100.4155 	EXP 	Display Frame 0
100.5411 	EXP 	Display Frame 1
100.6654 	DATA 	Keypress: t
100.6672 	EXP 	Display Frame 0
100.7909 	EXP 	Display Frame 1
100.9155 	EXP 	Display Frame 0
101.0409 	EXP 	Display Frame 1
101.1657 	EXP 	Display Frame 0
101.2909 	EXP 	Display Frame 1
101.4156 	EXP 	Display Frame 0
101.5409 	EXP 	Display Frame 1
101.6654 	EXP 	Display Frame 0
101.7909 	EXP 	Display Frame 1
101.9156 	EXP 	Display Frame 0
102.0408 	EXP 	Display Frame 1
102.1657 	EXP 	Display Frame 0
102.2909 	EXP 	Display Frame 1
102.4156 	EXP 	Display Frame 0
102.5410 	EXP 	Display Frame 1
102.6655 	EXP 	Display Frame 0
102.7909 	EXP 	Display Frame 1
102.9156 	EXP 	Display Frame 0
103.0409 	EXP 	Display Frame 1
103.1657 	EXP 	Display Frame 0
103.2901 	DATA 	Keypress: t
103.2916 	EXP 	Display Frame 1
103.4155 	EXP 	Display Frame 0
103.5413 	EXP 	Display Frame 1
103.6655 	EXP 	Display Frame 0
103.7908 	EXP 	Display Frame 1
103.9156 	EXP 	Display Frame 0
104.0410 	EXP 	Display Frame 1
104.1657 	EXP 	Display Frame 0
104.2909 	EXP 	Display Frame 1
104.4156 	EXP 	Display Frame 0
104.5410 	EXP 	Display Frame 1
104.6657 	EXP 	Display Frame 0
104.7910 	EXP 	Display Frame 1
104.9155 	EXP 	Display Frame 0
105.0409 	EXP 	Display Frame 1
105.1657 	EXP 	Display Frame 0
105.2909 	EXP 	Display Frame 1
105.4156 	EXP 	Display Frame 0
105.5408 	EXP 	Display Frame 1
105.6655 	EXP 	Display Frame 0
105.7910 	EXP 	Display Frame 1
105.9155 	DATA 	Keypress: t
105.9174 	EXP 	Display Frame 0
106.0408 	EXP 	Display Frame 1
106.1656 	EXP 	Display Frame 0
106.2909 	EXP 	Display Frame 1
106.4155 	EXP 	Display Frame 0
106.5409 	EXP 	Display Frame 1
106.6654 	EXP 	Display Frame 0
106.7909 	EXP 	Display Frame 1
106.9155 	EXP 	Display Frame 0
107.0409 	EXP 	Display Frame 1
107.1657 	EXP 	Display Frame 0
107.2910 	EXP 	Display Frame 1
107.4155 	EXP 	Display Frame 0
107.5409 	EXP 	Display Frame 1
107.6656 	EXP 	Display Frame 0
107.7908 	EXP 	Display Frame 1
107.9156 	EXP 	Display Frame 0
108.0410 	EXP 	Display Frame 1
108.1657 	EXP 	Display Frame 0
108.2909 	EXP 	Display Frame 1
108.4155 	EXP 	Display Frame 0
108.5400 	DATA 	Keypress: t
108.5418 	EXP 	Display Frame 1
108.6654 	EXP 	Display Frame 0
108.7909 	EXP 	Display Frame 1
108.9155 	EXP 	Display Frame 0
109.0408 	EXP 	Display Frame 1
109.1657 	EXP 	Display Frame 0
109.2908 	EXP 	Display Frame 1
109.4156 	EXP 	Display Frame 0
109.5411 	EXP 	Display Frame 1
109.6652 	EXP 	Display Frame 0
109.7909 	EXP 	Display Frame 1
109.9154 	EXP 	Display Frame 0
110.0409 	EXP 	Display Frame 1
110.1656 	EXP 	Display Frame 0
110.2907 	EXP 	Display Frame 1
110.4160 	EXP 	Display Frame 0
110.5416 	EXP 	Display Frame 1
110.6655 	EXP 	Display Frame 0
110.7911 	EXP 	Display Frame 1
110.9155 	EXP 	Display Frame 0
111.0409 	EXP 	Display Frame 1
111.1657 	EXP 	Display Frame 0
111.2905 	DATA 	Keypress: t
111.2923 	EXP 	Display Frame 1
111.4155 	EXP 	Display Frame 0
111.5407 	EXP 	Display Frame 1
111.6655 	EXP 	Display Frame 0
111.7910 	EXP 	Display Frame 1
111.9155 	EXP 	Display Frame 0
112.0408 	EXP 	Display Frame 1
112.1656 	EXP 	Display Frame 0
112.2909 	EXP 	Display Frame 1
112.4155 	EXP 	Display Frame 0
112.5409 	EXP 	Display Frame 1
112.6655 	EXP 	Display Frame 0
112.7909 	EXP 	Display Frame 1
112.9156 	EXP 	Display Frame 0
113.0409 	EXP 	Display Frame 1
113.1657 	EXP 	Display Frame 0
113.2908 	EXP 	Display Frame 1
113.4155 	EXP 	Display Frame 0
113.5408 	EXP 	Display Frame 1
113.6654 	EXP 	Display Frame 0
113.7908 	EXP 	Display Frame 1
113.9151 	DATA 	Keypress: t
113.9169 	EXP 	Display Frame 0
114.0409 	EXP 	Display Frame 1
114.1656 	EXP 	Display Frame 0
114.2909 	EXP 	Display Frame 1
114.4156 	EXP 	Display Frame 0
114.5409 	EXP 	Display Frame 1
114.6654 	EXP 	Display Frame 0
114.7909 	EXP 	Display Frame 1
114.9155 	EXP 	Display Frame 0
115.0408 	EXP 	Display Frame 1
115.1657 	EXP 	Display Frame 0
115.2910 	EXP 	Display Frame 1
115.4156 	EXP 	Display Frame 0
115.5409 	EXP 	Display Frame 1
115.6655 	EXP 	Display Frame 0
115.7909 	EXP 	Display Frame 1
115.9155 	EXP 	Display Frame 0
116.0409 	EXP 	Display Frame 1
116.1657 	EXP 	Display Frame 0
116.2909 	EXP 	Display Frame 1
116.4156 	EXP 	Display Frame 0
116.5404 	DATA 	Keypress: t
116.5423 	EXP 	Display Frame 1
116.6654 	EXP 	Display Frame 0
116.7908 	EXP 	Display Frame 1
116.9156 	EXP 	Display Frame 0
117.0409 	EXP 	Display Frame 1
117.1657 	EXP 	Display Frame 0
117.2908 	EXP 	Display Frame 1
117.4162 	EXP 	Display Frame 0
117.5411 	EXP 	Display Frame 1
117.6655 	EXP 	Display Frame 0
117.7909 	EXP 	Display Frame 1
117.9156 	EXP 	Display Frame 0
118.0410 	EXP 	Display Frame 1
118.1657 	EXP 	Display Frame 0
118.2909 	EXP 	Display Frame 1
118.4155 	EXP 	Display Frame 0
118.5409 	EXP 	Display Frame 1
118.6657 	EXP 	Display Frame 0
118.7909 	EXP 	Display Frame 1
118.9156 	EXP 	Display Frame 0
119.0406 	EXP 	Display Frame 1
119.1657 	DATA 	Keypress: t
119.1677 	EXP 	Display Frame 0
119.2907 	EXP 	Display Frame 1
119.4156 	EXP 	Display Frame 0
119.5409 	EXP 	Display Frame 1
119.6655 	EXP 	Display Frame 0
119.7909 	EXP 	Display Frame 1
119.9156 	EXP 	Display Frame 0
120.0409 	EXP 	Display Frame 1
120.1658 	EXP 	Display Frame 0
120.2909 	EXP 	Display Frame 1
120.4155 	EXP 	Display Frame 0
120.5409 	EXP 	Display Frame 1
120.6654 	EXP 	Display Frame 0
120.7908 	EXP 	Display Frame 1
120.9155 	EXP 	Display Frame 0
121.0411 	EXP 	Display Frame 1
121.1657 	EXP 	Display Frame 0
121.2909 	EXP 	Display Frame 1
121.4155 	EXP 	Display Frame 0
121.5408 	EXP 	Display Frame 1
121.6655 	EXP 	Display Frame 0
121.7910 	EXP 	Display Frame 1
121.9155 	DATA 	Keypress: t
121.9173 	EXP 	Display Frame 0
121.9244 	EXP 	Display Fixation
124.4521 	DATA 	Keypress: t
127.1092 	DATA 	Keypress: t
129.7658 	DATA 	Keypress: t
132.4223 	DATA 	Keypress: t
135.0789 	DATA 	Keypress: t
137.7361 	DATA 	Keypress: t
140.3933 	DATA 	Keypress: t
143.0502 	DATA 	Keypress: t
145.7059 	DATA 	Keypress: t
148.3634 	DATA 	Keypress: t
151.0201 	DATA 	Keypress: t
153.6776 	DATA 	Keypress: t
153.8053 	EXP 	Display Frame 1
153.9297 	EXP 	Display Frame 0
154.0542 	EXP 	Display Frame 1
154.1792 	EXP 	Display Frame 0
154.3044 	EXP 	Display Frame 1
154.4294 	EXP 	Display Frame 0
154.5543 	EXP 	Display Frame 1
154.6793 	EXP 	Display Frame 0
154.8045 	EXP 	Display Frame 1
154.9295 	EXP 	Display Frame 0
155.0543 	EXP 	Display Frame 1
155.1794 	EXP 	Display Frame 0
155.3042 	EXP 	Display Frame 1
155.4293 	EXP 	Display Frame 0
155.5544 	EXP 	Display Frame 1
155.6793 	EXP 	Display Frame 0
155.8044 	EXP 	Display Frame 1
155.9293 	EXP 	Display Frame 0
156.0543 	EXP 	Display Frame 1
156.1791 	EXP 	Display Frame 0
156.3044 	EXP 	Display Frame 1
156.4292 	DATA 	Keypress: t
156.4309 	EXP 	Display Frame 0
156.5543 	EXP 	Display Frame 1
156.6792 	EXP 	Display Frame 0
156.8042 	EXP 	Display Frame 1
156.9292 	EXP 	Display Frame 0
157.0544 	EXP 	Display Frame 1
157.1793 	EXP 	Display Frame 0
157.3042 	EXP 	Display Frame 1
157.4293 	EXP 	Display Frame 0
157.5543 	EXP 	Display Frame 1
157.6793 	EXP 	Display Frame 0
157.8041 	EXP 	Display Frame 1
157.9294 	EXP 	Display Frame 0
158.0543 	EXP 	Display Frame 1
158.1793 	EXP 	Display Frame 0
158.3051 	EXP 	Display Frame 1
158.4293 	EXP 	Display Frame 0
158.5543 	EXP 	Display Frame 1
158.6792 	EXP 	Display Frame 0
158.8041 	EXP 	Display Frame 1
158.9293 	EXP 	Display Frame 0
159.0544 	DATA 	Keypress: t
159.0564 	EXP 	Display Frame 1
159.1791 	EXP 	Display Frame 0
159.3043 	EXP 	Display Frame 1
159.4292 	EXP 	Display Frame 0
159.5544 	EXP 	Display Frame 1
159.6793 	EXP 	Display Frame 0
159.8044 	EXP 	Display Frame 1
159.9292 	EXP 	Display Frame 0
160.0544 	EXP 	Display Frame 1
160.1793 	EXP 	Display Frame 0
160.3043 	EXP 	Display Frame 1
160.4292 	EXP 	Display Frame 0
160.5543 	EXP 	Display Frame 1
160.6794 	EXP 	Display Frame 0
160.8043 	EXP 	Display Frame 1
160.9293 	EXP 	Display Frame 0
161.0543 	EXP 	Display Frame 1
161.1793 	EXP 	Display Frame 0
161.3042 	EXP 	Display Frame 1
161.4292 	EXP 	Display Frame 0
161.5543 	EXP 	Display Frame 1
161.6793 	DATA 	Keypress: t
161.6812 	EXP 	Display Frame 0
161.8041 	EXP 	Display Frame 1
161.9292 	EXP 	Display Frame 0
162.0544 	EXP 	Display Frame 1
162.1794 	EXP 	Display Frame 0
162.3042 	EXP 	Display Frame 1
162.4293 	EXP 	Display Frame 0
162.5544 	EXP 	Display Frame 1
162.6794 	EXP 	Display Frame 0
162.8044 	EXP 	Display Frame 1
162.9292 	EXP 	Display Frame 0
163.0541 	EXP 	Display Frame 1
163.1792 	EXP 	Display Frame 0
163.3043 	EXP 	Display Frame 1
163.4293 	EXP 	Display Frame 0
163.5543 	EXP 	Display Frame 1
163.6793 	EXP 	Display Frame 0
163.8042 	EXP 	Display Frame 1
163.9292 	EXP 	Display Frame 0
164.0543 	EXP 	Display Frame 1
164.1795 	EXP 	Display Frame 0
164.3044 	EXP 	Display Frame 1
164.3054 	DATA 	Keypress: t
164.4294 	EXP 	Display Frame 0
164.5543 	EXP 	Display Frame 1
164.6793 	EXP 	Display Frame 0
164.8042 	EXP 	Display Frame 1
164.9292 	EXP 	Display Frame 0
165.0544 	EXP 	Display Frame 1
165.1794 	EXP 	Display Frame 0
165.3052 	EXP 	Display Frame 1
165.4293 	EXP 	Display Frame 0
165.5542 	EXP 	Display Frame 1
165.6793 	EXP 	Display Frame 0
165.8044 	EXP 	Display Frame 1
165.9293 	EXP 	Display Frame 0
166.0543 	EXP 	Display Frame 1
166.1794 	EXP 	Display Frame 0
166.3044 	EXP 	Display Frame 1
166.4293 	EXP 	Display Frame 0
166.5544 	EXP 	Display Frame 1
166.6793 	EXP 	Display Frame 0
166.8044 	EXP 	Display Frame 1
166.9292 	EXP 	Display Frame 0
167.0544 	DATA 	Keypress: t
167.0564 	EXP 	Display Frame 1
167.1794 	EXP 	Display Frame 0
167.3043 	EXP 	Display Frame 1
167.4292 	EXP 	Display Frame 0
167.5544 	EXP 	Display Frame 1
167.6794 	EXP 	Display Frame 0
167.8043 	EXP 	Display Frame 1
167.9292 	EXP 	Display Frame 0
168.0543 	EXP 	Display Frame 1
168.1794 	EXP 	Display Frame 0
168.3042 	EXP 	Display Frame 1
168.4292 	EXP 	Display Frame 0
168.5543 	EXP 	Display Frame 1
168.6793 	EXP 	Display Frame 0
168.8042 	EXP 	Display Frame 1
168.9292 	EXP 	Display Frame 0
169.0543 	EXP 	Display Frame 1
169.1793 	EXP 	Display Frame 0
169.3043 	EXP 	Display Frame 1
169.4293 	EXP 	Display Frame 0
169.5543 	EXP 	Display Frame 1
169.6793 	DATA 	Keypress: t
169.6811 	EXP 	Display Frame 0
169.8041 	EXP 	Display Frame 1
169.9292 	EXP 	Display Frame 0
170.0543 	EXP 	Display Frame 1
170.1794 	EXP 	Display Frame 0
170.3042 	EXP 	Display Frame 1
170.4293 	EXP 	Display Frame 0
170.5544 	EXP 	Display Frame 1
170.6794 	EXP 	Display Frame 0
170.8042 	EXP 	Display Frame 1
170.9292 	EXP 	Display Frame 0
171.0543 	EXP 	Display Frame 1
171.1793 	EXP 	Display Frame 0
171.3042 	EXP 	Display Frame 1
171.4293 	EXP 	Display Frame 0
171.5543 	EXP 	Display Frame 1
171.6793 	EXP 	Display Frame 0
171.8042 	EXP 	Display Frame 1
171.9293 	EXP 	Display Frame 0
172.0543 	EXP 	Display Frame 1
172.1796 	EXP 	Display Frame 0
172.3039 	DATA 	Keypress: t
172.3056 	EXP 	Display Frame 1
172.4291 	EXP 	Display Frame 0
172.5544 	EXP 	Display Frame 1
172.6796 	EXP 	Display Frame 0
172.8045 	EXP 	Display Frame 1
172.9293 	EXP 	Display Frame 0
173.0542 	EXP 	Display Frame 1
173.1794 	EXP 	Display Frame 0
173.3043 	EXP 	Display Frame 1
173.4292 	EXP 	Display Frame 0
173.5542 	EXP 	Display Frame 1
173.6792 	EXP 	Display Frame 0
173.8042 	EXP 	Display Frame 1
173.9293 	EXP 	Display Frame 0
174.0544 	EXP 	Display Frame 1
174.1793 	EXP 	Display Frame 0
174.3043 	EXP 	Display Frame 1
174.4293 	EXP 	Display Frame 0
174.5544 	EXP 	Display Frame 1
174.6794 	EXP 	Display Frame 0
174.8043 	EXP 	Display Frame 1
174.9292 	EXP 	Display Frame 0
175.0544 	DATA 	Keypress: t
175.0566 	EXP 	Display Frame 1
175.1793 	EXP 	Display Frame 0
175.3043 	EXP 	Display Frame 1
175.4292 	EXP 	Display Frame 0
175.5543 	EXP 	Display Frame 1
175.6793 	EXP 	Display Frame 0
175.8043 	EXP 	Display Frame 1
175.9293 	EXP 	Display Frame 0
176.0543 	EXP 	Display Frame 1
176.1793 	EXP 	Display Frame 0
176.3042 	EXP 	Display Frame 1
176.4293 	EXP 	Display Frame 0
176.5543 	EXP 	Display Frame 1
176.6793 	EXP 	Display Frame 0
176.8043 	EXP 	Display Frame 1
176.9293 	EXP 	Display Frame 0
177.0543 	EXP 	Display Frame 1
177.1793 	EXP 	Display Frame 0
177.3042 	EXP 	Display Frame 1
177.4293 	EXP 	Display Frame 0
177.5544 	EXP 	Display Frame 1
177.6787 	DATA 	Keypress: t
177.6805 	EXP 	Display Frame 0
177.8041 	EXP 	Display Frame 1
177.9292 	EXP 	Display Frame 0
178.0544 	EXP 	Display Frame 1
178.1793 	EXP 	Display Frame 0
178.3042 	EXP 	Display Frame 1
178.4292 	EXP 	Display Frame 0
178.5544 	EXP 	Display Frame 1
178.6793 	EXP 	Display Frame 0
178.8042 	EXP 	Display Frame 1
178.9292 	EXP 	Display Frame 0
179.0541 	EXP 	Display Frame 1
179.1793 	EXP 	Display Frame 0
179.3042 	EXP 	Display Frame 1
179.4292 	EXP 	Display Frame 0
179.5543 	EXP 	Display Frame 1
179.6793 	EXP 	Display Frame 0
179.8043 	EXP 	Display Frame 1
179.9292 	EXP 	Display Frame 0
180.0543 	EXP 	Display Frame 1
180.1795 	EXP 	Display Frame 0
180.3039 	DATA 	Keypress: t
180.3056 	EXP 	Display Frame 1
180.4291 	EXP 	Display Frame 0
180.5544 	EXP 	Display Frame 1
180.6793 	EXP 	Display Frame 0
180.8042 	EXP 	Display Frame 1
180.9293 	EXP 	Display Frame 0
181.0544 	EXP 	Display Frame 1
181.1794 	EXP 	Display Frame 0
181.3042 	EXP 	Display Frame 1
181.4292 	EXP 	Display Frame 0
181.5543 	EXP 	Display Frame 1
181.6793 	EXP 	Display Frame 0
181.8042 	EXP 	Display Frame 1
181.9293 	EXP 	Display Frame 0
182.0543 	EXP 	Display Frame 1
182.1794 	EXP 	Display Frame 0
182.3042 	EXP 	Display Frame 1
182.4293 	EXP 	Display Frame 0
182.5543 	EXP 	Display Frame 1
182.6794 	EXP 	Display Frame 0
182.8043 	EXP 	Display Frame 1
182.9287 	DATA 	Keypress: t
182.9303 	EXP 	Display Frame 0
183.0542 	EXP 	Display Frame 1
183.1793 	EXP 	Display Frame 0
183.3041 	EXP 	Display Frame 1
183.4293 	EXP 	Display Frame 0
183.5543 	EXP 	Display Frame 1
183.6794 	EXP 	Display Frame 0
183.8042 	EXP 	Display Frame 1
183.9292 	EXP 	Display Frame 0
184.0543 	EXP 	Display Frame 1
184.1792 	EXP 	Display Frame 0
184.3042 	EXP 	Display Frame 1
184.4293 	EXP 	Display Frame 0
184.5542 	EXP 	Display Frame 1
184.6792 	EXP 	Display Frame 0
184.8042 	EXP 	Display Frame 1
184.9292 	EXP 	Display Frame 0
185.0543 	EXP 	Display Frame 1
185.1794 	EXP 	Display Frame 0
185.3042 	EXP 	Display Frame 1
185.4293 	EXP 	Display Frame 0
185.5543 	EXP 	Display Frame 1
185.6793 	DATA 	Keypress: t
185.6812 	EXP 	Display Frame 0
185.6913 	EXP 	Display Fixation
188.2157 	DATA 	Keypress: t
190.8724 	DATA 	Keypress: t
193.5294 	DATA 	Keypress: t
196.1866 	DATA 	Keypress: t
198.8432 	DATA 	Keypress: t
201.4997 	DATA 	Keypress: t
204.1559 	DATA 	Keypress: t
206.8136 	DATA 	Keypress: t
209.4707 	DATA 	Keypress: t
212.1274 	DATA 	Keypress: t
214.7837 	DATA 	Keypress: t
217.4410 	DATA 	Keypress: t
217.5684 	EXP 	Display Frame 1
217.6928 	EXP 	Display Frame 0
217.8175 	EXP 	Display Frame 1
217.9427 	EXP 	Display Frame 0
218.0676 	EXP 	Display Frame 1
218.1927 	EXP 	Display Frame 0
218.3177 	EXP 	Display Frame 1
218.4427 	EXP 	Display Frame 0
218.5678 	EXP 	Display Frame 1
218.6927 	EXP 	Display Frame 0
218.8176 	EXP 	Display Frame 1
218.9427 	EXP 	Display Frame 0
219.0677 	EXP 	Display Frame 1
219.1925 	EXP 	Display Frame 0
219.3176 	EXP 	Display Frame 1
219.4427 	EXP 	Display Frame 0
219.5678 	EXP 	Display Frame 1
219.6926 	EXP 	Display Frame 0
219.8176 	EXP 	Display Frame 1
219.9427 	EXP 	Display Frame 0
220.0675 	EXP 	Display Frame 1
220.1925 	DATA 	Keypress: t
220.1942 	EXP 	Display Frame 0
220.3175 	EXP 	Display Frame 1
220.4427 	EXP 	Display Frame 0
220.5679 	EXP 	Display Frame 1
220.6933 	EXP 	Display Frame 0
220.8178 	EXP 	Display Frame 1
220.9427 	EXP 	Display Frame 0
221.0676 	EXP 	Display Frame 1
221.1926 	EXP 	Display Frame 0
221.3177 	EXP 	Display Frame 1
221.4426 	EXP 	Display Frame 0
221.5678 	EXP 	Display Frame 1
221.6925 	EXP 	Display Frame 0
221.8176 	EXP 	Display Frame 1
221.9426 	EXP 	Display Frame 0
222.0676 	EXP 	Display Frame 1
222.1925 	EXP 	Display Frame 0
222.3176 	EXP 	Display Frame 1
222.4427 	EXP 	Display Frame 0
222.5679 	EXP 	Display Frame 1
222.6929 	EXP 	Display Frame 0
222.8176 	DATA 	Keypress: t
222.8194 	EXP 	Display Frame 1
222.9425 	EXP 	Display Frame 0
223.0675 	EXP 	Display Frame 1
223.1925 	EXP 	Display Frame 0
223.3177 	EXP 	Display Frame 1
223.4427 	EXP 	Display Frame 0
223.5678 	EXP 	Display Frame 1
223.6925 	EXP 	Display Frame 0
223.8176 	EXP 	Display Frame 1
223.9427 	EXP 	Display Frame 0
224.0675 	EXP 	Display Frame 1
224.1926 	EXP 	Display Frame 0
224.3176 	EXP 	Display Frame 1
224.4427 	EXP 	Display Frame 0
224.5678 	EXP 	Display Frame 1
224.6925 	EXP 	Display Frame 0
224.8176 	EXP 	Display Frame 1
224.9427 	EXP 	Display Frame 0
225.0676 	EXP 	Display Frame 1
225.1926 	EXP 	Display Frame 0
225.3177 	EXP 	Display Frame 1
225.4421 	DATA 	Keypress: t
225.4439 	EXP 	Display Frame 0
225.5678 	EXP 	Display Frame 1
225.6929 	EXP 	Display Frame 0
225.8177 	EXP 	Display Frame 1
225.9427 	EXP 	Display Frame 0
226.0676 	EXP 	Display Frame 1
226.1925 	EXP 	Display Frame 0
226.3177 	EXP 	Display Frame 1
226.4426 	EXP 	Display Frame 0
226.5677 	EXP 	Display Frame 1
226.6928 	EXP 	Display Frame 0
226.8177 	EXP 	Display Frame 1
226.9427 	EXP 	Display Frame 0
227.0674 	EXP 	Display Frame 1
227.1925 	EXP 	Display Frame 0
227.3176 	EXP 	Display Frame 1
227.4427 	EXP 	Display Frame 0
227.5683 	EXP 	Display Frame 1
227.6930 	EXP 	Display Frame 0
227.8176 	EXP 	Display Frame 1
227.9426 	EXP 	Display Frame 0
228.0675 	EXP 	Display Frame 1
228.1927 	DATA 	Keypress: t
228.1945 	EXP 	Display Frame 0
228.3176 	EXP 	Display Frame 1
228.4427 	EXP 	Display Frame 0
228.5678 	EXP 	Display Frame 1
228.6926 	EXP 	Display Frame 0
228.8177 	EXP 	Display Frame 1
228.9427 	EXP 	Display Frame 0
229.0675 	EXP 	Display Frame 1
229.1925 	EXP 	Display Frame 0
229.3177 	EXP 	Display Frame 1
229.4426 	EXP 	Display Frame 0
229.5678 	EXP 	Display Frame 1
229.6927 	EXP 	Display Frame 0
229.8177 	EXP 	Display Frame 1
229.9427 	EXP 	Display Frame 0
230.0676 	EXP 	Display Frame 1
230.1926 	EXP 	Display Frame 0
230.3177 	EXP 	Display Frame 1
230.4427 	EXP 	Display Frame 0
230.5678 	EXP 	Display Frame 1
230.6926 	EXP 	Display Frame 0
230.8171 	DATA 	Keypress: t
230.8188 	EXP 	Display Frame 1
230.9426 	EXP 	Display Frame 0
231.0675 	EXP 	Display Frame 1
231.1925 	EXP 	Display Frame 0
231.3177 	EXP 	Display Frame 1
231.4427 	EXP 	Display Frame 0
231.5678 	EXP 	Display Frame 1
231.6926 	EXP 	Display Frame 0
231.8177 	EXP 	Display Frame 1
231.9427 	EXP 	Display Frame 0
232.0676 	EXP 	Display Frame 1
232.1926 	EXP 	Display Frame 0
232.3177 	EXP 	Display Frame 1
232.4426 	EXP 	Display Frame 0
232.5678 	EXP 	Display Frame 1
232.6926 	EXP 	Display Frame 0
232.8177 	EXP 	Display Frame 1
232.9426 	EXP 	Display Frame 0
233.0676 	EXP 	Display Frame 1
233.1926 	EXP 	Display Frame 0
233.3177 	EXP 	Display Frame 1
233.4425 	DATA 	Keypress: t
233.4444 	EXP 	Display Frame 0
233.5678 	EXP 	Display Frame 1
233.6928 	EXP 	Display Frame 0
233.8176 	EXP 	Display Frame 1
233.9426 	EXP 	Display Frame 0
234.0677 	EXP 	Display Frame 1
234.1926 	EXP 	Display Frame 0
234.3176 	EXP 	Display Frame 1
234.4430 	EXP 	Display Frame 0
234.5678 	EXP 	Display Frame 1
234.6925 	EXP 	Display Frame 0
234.8176 	EXP 	Display Frame 1
234.9427 	EXP 	Display Frame 0
235.0675 	EXP 	Display Frame 1
235.1925 	EXP 	Display Frame 0
235.3176 	EXP 	Display Frame 1
235.4426 	EXP 	Display Frame 0
235.5678 	EXP 	Display Frame 1
235.6926 	EXP 	Display Frame 0
235.8177 	EXP 	Display Frame 1
235.9427 	EXP 	Display Frame 0
236.0676 	DATA 	Keypress: t
236.0694 	EXP 	Display Frame 1
236.1924 	EXP 	Display Frame 0
236.3177 	EXP 	Display Frame 1
236.4427 	EXP 	Display Frame 0
236.5678 	EXP 	Display Frame 1
236.6925 	EXP 	Display Frame 0
236.8176 	EXP 	Display Frame 1
236.9427 	EXP 	Display Frame 0
237.0675 	EXP 	Display Frame 1
237.1925 	EXP 	Display Frame 0
237.3177 	EXP 	Display Frame 1
237.4427 	EXP 	Display Frame 0
237.5678 	EXP 	Display Frame 1
237.6926 	EXP 	Display Frame 0
237.8176 	EXP 	Display Frame 1
237.9426 	EXP 	Display Frame 0
238.0675 	EXP 	Display Frame 1
238.1927 	EXP 	Display Frame 0
238.3177 	EXP 	Display Frame 1
238.4426 	EXP 	Display Frame 0
238.5679 	EXP 	Display Frame 1
238.6928 	EXP 	Display Frame 0
238.8176 	DATA 	Keypress: t
238.8195 	EXP 	Display Frame 1
238.9427 	EXP 	Display Frame 0
239.0678 	EXP 	Display Frame 1
239.1925 	EXP 	Display Frame 0
239.3177 	EXP 	Display Frame 1
239.4427 	EXP 	Display Frame 0
239.5678 	EXP 	Display Frame 1
239.6926 	EXP 	Display Frame 0
239.8176 	EXP 	Display Frame 1
239.9426 	EXP 	Display Frame 0
240.0676 	EXP 	Display Frame 1
240.1927 	EXP 	Display Frame 0
240.3177 	EXP 	Display Frame 1
240.4427 	EXP 	Display Frame 0
240.5678 	EXP 	Display Frame 1
240.6925 	EXP 	Display Frame 0
240.8176 	EXP 	Display Frame 1
240.9427 	EXP 	Display Frame 0
241.0676 	EXP 	Display Frame 1
241.1927 	EXP 	Display Frame 0
241.3176 	EXP 	Display Frame 1
241.4423 	DATA 	Keypress: t
241.4441 	EXP 	Display Frame 0
241.5677 	EXP 	Display Frame 1
241.6928 	EXP 	Display Frame 0
241.8176 	EXP 	Display Frame 1
241.9426 	EXP 	Display Frame 0
242.0676 	EXP 	Display Frame 1
242.1925 	EXP 	Display Frame 0
242.3177 	EXP 	Display Frame 1
242.4427 	EXP 	Display Frame 0
242.5678 	EXP 	Display Frame 1
242.6927 	EXP 	Display Frame 0
242.8177 	EXP 	Display Frame 1
242.9427 	EXP 	Display Frame 0
243.0676 	EXP 	Display Frame 1
243.1928 	EXP 	Display Frame 0
243.3176 	EXP 	Display Frame 1
243.4427 	EXP 	Display Frame 0
243.5678 	EXP 	Display Frame 1
243.6928 	EXP 	Display Frame 0
243.8176 	EXP 	Display Frame 1
243.9428 	EXP 	Display Frame 0
244.0676 	DATA 	Keypress: t
244.0694 	EXP 	Display Frame 1
244.1924 	EXP 	Display Frame 0
244.3177 	EXP 	Display Frame 1
244.4427 	EXP 	Display Frame 0
244.5678 	EXP 	Display Frame 1
244.6930 	EXP 	Display Frame 0
244.8176 	EXP 	Display Frame 1
244.9426 	EXP 	Display Frame 0
245.0676 	EXP 	Display Frame 1
245.1926 	EXP 	Display Frame 0
245.3177 	EXP 	Display Frame 1
245.4427 	EXP 	Display Frame 0
245.5678 	EXP 	Display Frame 1
245.6929 	EXP 	Display Frame 0
245.8177 	EXP 	Display Frame 1
245.9427 	EXP 	Display Frame 0
246.0676 	EXP 	Display Frame 1
246.1927 	EXP 	Display Frame 0
246.3176 	EXP 	Display Frame 1
246.4427 	EXP 	Display Frame 0
246.5676 	EXP 	Display Frame 1
246.6923 	DATA 	Keypress: t
246.6944 	EXP 	Display Frame 0
246.8176 	EXP 	Display Frame 1
246.9426 	EXP 	Display Frame 0
247.0679 	EXP 	Display Frame 1
247.1924 	EXP 	Display Frame 0
247.3176 	EXP 	Display Frame 1
247.4427 	EXP 	Display Frame 0
247.5678 	EXP 	Display Frame 1
247.6928 	EXP 	Display Frame 0
247.8177 	EXP 	Display Frame 1
247.9427 	EXP 	Display Frame 0
248.0676 	EXP 	Display Frame 1
248.1926 	EXP 	Display Frame 0
248.3180 	EXP 	Display Frame 1
248.4428 	EXP 	Display Frame 0
248.5678 	EXP 	Display Frame 1
248.6930 	EXP 	Display Frame 0
248.8177 	EXP 	Display Frame 1
248.9426 	EXP 	Display Frame 0
249.0675 	EXP 	Display Frame 1
249.1926 	EXP 	Display Frame 0
249.3176 	EXP 	Display Frame 1
249.4428 	DATA 	Keypress: t
249.4447 	EXP 	Display Frame 0
249.4580 	EXP 	Display Fixation
251.9797 	DATA 	Keypress: t
254.6365 	DATA 	Keypress: t
257.2928 	DATA 	Keypress: t
259.9497 	DATA 	Keypress: t
262.6065 	DATA 	Keypress: t
265.2637 	DATA 	Keypress: t
267.9203 	DATA 	Keypress: t
270.5767 	DATA 	Keypress: t
273.2334 	DATA 	Keypress: t
275.8905 	DATA 	Keypress: t
278.5480 	DATA 	Keypress: t
281.2046 	DATA 	Keypress: t
281.3320 	EXP 	Display Frame 1
281.4563 	EXP 	Display Frame 0
281.5813 	EXP 	Display Frame 1
281.7063 	EXP 	Display Frame 0
281.8313 	EXP 	Display Frame 1
281.9565 	EXP 	Display Frame 0
282.0814 	EXP 	Display Frame 1
282.2065 	EXP 	Display Frame 0
282.3313 	EXP 	Display Frame 1
282.4565 	EXP 	Display Frame 0
282.5814 	EXP 	Display Frame 1
282.7066 	EXP 	Display Frame 0
282.8312 	EXP 	Display Frame 1
282.9569 	EXP 	Display Frame 0
283.0813 	EXP 	Display Frame 1
283.2067 	EXP 	Display Frame 0
283.3312 	EXP 	Display Frame 1
283.4564 	EXP 	Display Frame 0
283.5812 	EXP 	Display Frame 1
283.7064 	EXP 	Display Frame 0
283.8313 	EXP 	Display Frame 1
283.9563 	DATA 	Keypress: t
283.9586 	EXP 	Display Frame 0
284.0812 	EXP 	Display Frame 1
284.2064 	EXP 	Display Frame 0
284.3309 	EXP 	Display Frame 1
284.4566 	EXP 	Display Frame 0
284.5814 	EXP 	Display Frame 1
284.7065 	EXP 	Display Frame 0
284.8312 	EXP 	Display Frame 1
284.9566 	EXP 	Display Frame 0
285.0814 	EXP 	Display Frame 1
285.2066 	EXP 	Display Frame 0
285.3312 	EXP 	Display Frame 1
285.4565 	EXP 	Display Frame 0
285.5814 	EXP 	Display Frame 1
285.7062 	EXP 	Display Frame 0
285.8312 	EXP 	Display Frame 1
285.9564 	EXP 	Display Frame 0
286.0813 	EXP 	Display Frame 1
286.2065 	EXP 	Display Frame 0
286.3312 	EXP 	Display Frame 1
286.4566 	EXP 	Display Frame 0
286.5812 	DATA 	Keypress: t
286.5831 	EXP 	Display Frame 1
286.7062 	EXP 	Display Frame 0
286.8312 	EXP 	Display Frame 1
286.9565 	EXP 	Display Frame 0
287.0814 	EXP 	Display Frame 1
287.2065 	EXP 	Display Frame 0
287.3312 	EXP 	Display Frame 1
287.4565 	EXP 	Display Frame 0
287.5814 	EXP 	Display Frame 1
287.7065 	EXP 	Display Frame 0
287.8311 	EXP 	Display Frame 1
287.9565 	EXP 	Display Frame 0
288.0814 	EXP 	Display Frame 1
288.2064 	EXP 	Display Frame 0
288.3312 	EXP 	Display Frame 1
288.4565 	EXP 	Display Frame 0
288.5814 	EXP 	Display Frame 1
288.7065 	EXP 	Display Frame 0
288.8314 	EXP 	Display Frame 1
288.9564 	EXP 	Display Frame 0
289.0813 	EXP 	Display Frame 1
289.2057 	DATA 	Keypress: t
289.2074 	EXP 	Display Frame 0
289.3319 	EXP 	Display Frame 1
289.4564 	EXP 	Display Frame 0
289.5813 	EXP 	Display Frame 1
289.7063 	EXP 	Display Frame 0
289.8312 	EXP 	Display Frame 1
289.9566 	EXP 	Display Frame 0
290.0813 	EXP 	Display Frame 1
290.2065 	EXP 	Display Frame 0
290.3312 	EXP 	Display Frame 1
290.4566 	EXP 	Display Frame 0
290.5814 	EXP 	Display Frame 1
290.7065 	EXP 	Display Frame 0
290.8312 	EXP 	Display Frame 1
290.9565 	EXP 	Display Frame 0
291.0810 	EXP 	Display Frame 1
291.2065 	EXP 	Display Frame 0
291.3311 	EXP 	Display Frame 1
291.4565 	EXP 	Display Frame 0
291.5813 	EXP 	Display Frame 1
291.7063 	EXP 	Display Frame 0
291.8310 	EXP 	Display Frame 1
291.9562 	DATA 	Keypress: t
291.9586 	EXP 	Display Frame 0
292.0812 	EXP 	Display Frame 1
292.2063 	EXP 	Display Frame 0
292.3310 	EXP 	Display Frame 1
292.4564 	EXP 	Display Frame 0
292.5814 	EXP 	Display Frame 1
292.7065 	EXP 	Display Frame 0
292.8312 	EXP 	Display Frame 1
292.9565 	EXP 	Display Frame 0
293.0813 	EXP 	Display Frame 1
293.2065 	EXP 	Display Frame 0
293.3312 	EXP 	Display Frame 1
293.4565 	EXP 	Display Frame 0
293.5814 	EXP 	Display Frame 1
293.7065 	EXP 	Display Frame 0
293.8311 	EXP 	Display Frame 1
293.9565 	EXP 	Display Frame 0
294.0814 	EXP 	Display Frame 1
294.2065 	EXP 	Display Frame 0
294.3312 	EXP 	Display Frame 1
294.4565 	EXP 	Display Frame 0
294.5812 	DATA 	Keypress: t
294.5832 	EXP 	Display Frame 1
294.7060 	EXP 	Display Frame 0
294.8311 	EXP 	Display Frame 1
294.9565 	EXP 	Display Frame 0
295.0814 	EXP 	Display Frame 1
295.2065 	EXP 	Display Frame 0
295.3312 	EXP 	Display Frame 1
295.4565 	EXP 	Display Frame 0
295.5813 	EXP 	Display Frame 1
295.7065 	EXP 	Display Frame 0
295.8312 	EXP 	Display Frame 1
295.9565 	EXP 	Display Frame 0
296.0813 	EXP 	Display Frame 1
296.2071 	EXP 	Display Frame 0
296.3313 	EXP 	Display Frame 1
296.4565 	EXP 	Display Frame 0
296.5812 	EXP 	Display Frame 1
296.7063 	EXP 	Display Frame 0
296.8312 	EXP 	Display Frame 1
296.9565 	EXP 	Display Frame 0
297.0814 	EXP 	Display Frame 1
297.2063 	DATA 	Keypress: t
297.2082 	EXP 	Display Frame 0
297.3311 	EXP 	Display Frame 1
297.4565 	EXP 	Display Frame 0
297.5814 	EXP 	Display Frame 1
297.7065 	EXP 	Display Frame 0
297.8312 	EXP 	Display Frame 1
297.9565 	EXP 	Display Frame 0
298.0814 	EXP 	Display Frame 1
298.2065 	EXP 	Display Frame 0
298.3312 	EXP 	Display Frame 1
298.4565 	EXP 	Display Frame 0
298.5814 	EXP 	Display Frame 1
298.7065 	EXP 	Display Frame 0
298.8312 	EXP 	Display Frame 1
298.9565 	EXP 	Display Frame 0
299.0813 	EXP 	Display Frame 1
299.2065 	EXP 	Display Frame 0
299.3312 	EXP 	Display Frame 1
299.4565 	EXP 	Display Frame 0
299.5814 	EXP 	Display Frame 1
299.7065 	EXP 	Display Frame 0
299.8307 	DATA 	Keypress: t
299.8323 	EXP 	Display Frame 1
299.9564 	EXP 	Display Frame 0
300.0813 	EXP 	Display Frame 1
300.2065 	EXP 	Display Frame 0
300.3314 	EXP 	Display Frame 1
300.4565 	EXP 	Display Frame 0
300.5814 	EXP 	Display Frame 1
300.7065 	EXP 	Display Frame 0
300.8312 	EXP 	Display Frame 1
300.9565 	EXP 	Display Frame 0
301.0812 	EXP 	Display Frame 1
301.2064 	EXP 	Display Frame 0
301.3311 	EXP 	Display Frame 1
301.4565 	EXP 	Display Frame 0
301.5814 	EXP 	Display Frame 1
301.7059 	EXP 	Display Frame 0
301.8313 	EXP 	Display Frame 1
301.9562 	EXP 	Display Frame 0
302.0813 	EXP 	Display Frame 1
302.2065 	EXP 	Display Frame 0
302.3312 	EXP 	Display Frame 1
302.4564 	EXP 	Display Frame 0
302.5811 	DATA 	Keypress: t
302.5831 	EXP 	Display Frame 1
302.7062 	EXP 	Display Frame 0
302.8312 	EXP 	Display Frame 1
302.9564 	EXP 	Display Frame 0
303.0813 	EXP 	Display Frame 1
303.2067 	EXP 	Display Frame 0
303.3314 	EXP 	Display Frame 1
303.4565 	EXP 	Display Frame 0
303.5814 	EXP 	Display Frame 1
303.7065 	EXP 	Display Frame 0
303.8311 	EXP 	Display Frame 1
303.9566 	EXP 	Display Frame 0
304.0814 	EXP 	Display Frame 1
304.2064 	EXP 	Display Frame 0
304.3314 	EXP 	Display Frame 1
304.4564 	EXP 	Display Frame 0
304.5813 	EXP 	Display Frame 1
304.7065 	EXP 	Display Frame 0
304.8314 	EXP 	Display Frame 1
304.9565 	EXP 	Display Frame 0
305.0814 	EXP 	Display Frame 1
305.2062 	DATA 	Keypress: t
305.2082 	EXP 	Display Frame 0
305.3311 	EXP 	Display Frame 1
305.4562 	EXP 	Display Frame 0
305.5813 	EXP 	Display Frame 1
305.7065 	EXP 	Display Frame 0
305.8312 	EXP 	Display Frame 1
305.9565 	EXP 	Display Frame 0
306.0814 	EXP 	Display Frame 1
306.2064 	EXP 	Display Frame 0
306.3311 	EXP 	Display Frame 1
306.4564 	EXP 	Display Frame 0
306.5813 	EXP 	Display Frame 1
306.7061 	EXP 	Display Frame 0
306.8312 	EXP 	Display Frame 1
306.9565 	EXP 	Display Frame 0
307.0810 	EXP 	Display Frame 1
307.2065 	EXP 	Display Frame 0
307.3312 	EXP 	Display Frame 1
307.4565 	EXP 	Display Frame 0
307.5813 	EXP 	Display Frame 1
307.7065 	EXP 	Display Frame 0
307.8312 	DATA 	Keypress: t
307.8330 	EXP 	Display Frame 1
307.9561 	EXP 	Display Frame 0
308.0814 	EXP 	Display Frame 1
308.2065 	EXP 	Display Frame 0
308.3312 	EXP 	Display Frame 1
308.4565 	EXP 	Display Frame 0
308.5813 	EXP 	Display Frame 1
308.7065 	EXP 	Display Frame 0
308.8313 	EXP 	Display Frame 1
308.9564 	EXP 	Display Frame 0
309.0814 	EXP 	Display Frame 1
309.2065 	EXP 	Display Frame 0
309.3311 	EXP 	Display Frame 1
309.4565 	EXP 	Display Frame 0
309.5814 	EXP 	Display Frame 1
309.7065 	EXP 	Display Frame 0
309.8312 	EXP 	Display Frame 1
309.9565 	EXP 	Display Frame 0
310.0816 	EXP 	Display Frame 1
310.2065 	EXP 	Display Frame 0
310.3313 	EXP 	Display Frame 1
310.4563 	DATA 	Keypress: t
310.4586 	EXP 	Display Frame 0
310.5811 	EXP 	Display Frame 1
310.7061 	EXP 	Display Frame 0
310.8312 	EXP 	Display Frame 1
310.9562 	EXP 	Display Frame 0
311.0812 	EXP 	Display Frame 1
311.2065 	EXP 	Display Frame 0
311.3312 	EXP 	Display Frame 1
311.4562 	EXP 	Display Frame 0
311.5814 	EXP 	Display Frame 1
311.7065 	EXP 	Display Frame 0
311.8312 	EXP 	Display Frame 1
311.9562 	EXP 	Display Frame 0
312.0814 	EXP 	Display Frame 1
312.2064 	EXP 	Display Frame 0
312.3312 	EXP 	Display Frame 1
312.4566 	EXP 	Display Frame 0
312.5812 	EXP 	Display Frame 1
312.7065 	EXP 	Display Frame 0
312.8311 	EXP 	Display Frame 1
312.9565 	EXP 	Display Frame 0
313.0813 	EXP 	Display Frame 1
313.2062 	DATA 	Keypress: t
313.2080 	EXP 	Display Frame 0
313.2251 	EXP 	Display Fixation
315.7427 	DATA 	Keypress: t
318.4001 	DATA 	Keypress: t
321.0565 	DATA 	Keypress: t
323.7137 	DATA 	Keypress: t
326.3697 	DATA 	Keypress: t
329.0269 	DATA 	Keypress: t
331.6841 	DATA 	Keypress: t
334.3408 	DATA 	Keypress: t
336.9976 	DATA 	Keypress: t
339.6540 	DATA 	Keypress: t
342.3106 	DATA 	Keypress: t
344.9677 	DATA 	Keypress: t
345.0950 	EXP 	Display Frame 1
345.2192 	EXP 	Display Frame 0
345.3442 	EXP 	Display Frame 1
345.4691 	EXP 	Display Frame 0
345.5942 	EXP 	Display Frame 1
345.7193 	EXP 	Display Frame 0
345.8442 	EXP 	Display Frame 1
345.9692 	EXP 	Display Frame 0
346.0942 	EXP 	Display Frame 1
346.2193 	EXP 	Display Frame 0
346.3442 	EXP 	Display Frame 1
346.4692 	EXP 	Display Frame 0
346.5944 	EXP 	Display Frame 1
346.7193 	EXP 	Display Frame 0
346.8442 	EXP 	Display Frame 1
346.9692 	EXP 	Display Frame 0
347.0942 	EXP 	Display Frame 1
347.2194 	EXP 	Display Frame 0
347.3443 	EXP 	Display Frame 1
347.4692 	EXP 	Display Frame 0
347.5945 	EXP 	Display Frame 1
347.7191 	DATA 	Keypress: t
347.7209 	EXP 	Display Frame 0
347.8442 	EXP 	Display Frame 1
347.9691 	EXP 	Display Frame 0
348.0942 	EXP 	Display Frame 1
348.2193 	EXP 	Display Frame 0
348.3443 	EXP 	Display Frame 1
348.4692 	EXP 	Display Frame 0
348.5943 	EXP 	Display Frame 1
348.7192 	EXP 	Display Frame 0
348.8443 	EXP 	Display Frame 1
348.9692 	EXP 	Display Frame 0
349.0942 	EXP 	Display Frame 1
349.2193 	EXP 	Display Frame 0
349.3443 	EXP 	Display Frame 1
349.4692 	EXP 	Display Frame 0
349.5942 	EXP 	Display Frame 1
349.7192 	EXP 	Display Frame 0
349.8442 	EXP 	Display Frame 1
349.9693 	EXP 	Display Frame 0
350.0942 	EXP 	Display Frame 1
350.2193 	EXP 	Display Frame 0
350.3442 	DATA 	Keypress: t
350.3461 	EXP 	Display Frame 1
350.4691 	EXP 	Display Frame 0
350.5942 	EXP 	Display Frame 1
350.7193 	EXP 	Display Frame 0
350.8443 	EXP 	Display Frame 1
350.9692 	EXP 	Display Frame 0
351.0942 	EXP 	Display Frame 1
351.2193 	EXP 	Display Frame 0
351.3442 	EXP 	Display Frame 1
351.4692 	EXP 	Display Frame 0
351.5951 	EXP 	Display Frame 1
351.7194 	EXP 	Display Frame 0
351.8443 	EXP 	Display Frame 1
351.9693 	EXP 	Display Frame 0
352.0941 	EXP 	Display Frame 1
352.2193 	EXP 	Display Frame 0
352.3443 	EXP 	Display Frame 1
352.4692 	EXP 	Display Frame 0
352.5942 	EXP 	Display Frame 1
352.7193 	EXP 	Display Frame 0
352.8443 	EXP 	Display Frame 1
352.9693 	DATA 	Keypress: t
352.9711 	EXP 	Display Frame 0
353.0941 	EXP 	Display Frame 1
353.2192 	EXP 	Display Frame 0
353.3443 	EXP 	Display Frame 1
353.4692 	EXP 	Display Frame 0
353.5942 	EXP 	Display Frame 1
353.7193 	EXP 	Display Frame 0
353.8443 	EXP 	Display Frame 1
353.9705 	EXP 	Display Frame 0
354.0944 	EXP 	Display Frame 1
354.2193 	EXP 	Display Frame 0
354.3443 	EXP 	Display Frame 1
354.4692 	EXP 	Display Frame 0
354.5942 	EXP 	Display Frame 1
354.7193 	EXP 	Display Frame 0
354.8443 	EXP 	Display Frame 1
354.9691 	EXP 	Display Frame 0
355.0943 	EXP 	Display Frame 1
355.2192 	EXP 	Display Frame 0
355.3443 	EXP 	Display Frame 1
355.4693 	EXP 	Display Frame 0
355.5942 	EXP 	Display Frame 1
355.7193 	DATA 	Keypress: t
355.7212 	EXP 	Display Frame 0
355.8442 	EXP 	Display Frame 1
355.9692 	EXP 	Display Frame 0
356.0942 	EXP 	Display Frame 1
356.2193 	EXP 	Display Frame 0
356.3443 	EXP 	Display Frame 1
356.4692 	EXP 	Display Frame 0
356.5942 	EXP 	Display Frame 1
356.7193 	EXP 	Display Frame 0
356.8443 	EXP 	Display Frame 1
356.9692 	EXP 	Display Frame 0
357.0944 	EXP 	Display Frame 1
357.2193 	EXP 	Display Frame 0
357.3443 	EXP 	Display Frame 1
357.4692 	EXP 	Display Frame 0
357.5942 	EXP 	Display Frame 1
357.7193 	EXP 	Display Frame 0
357.8443 	EXP 	Display Frame 1
357.9692 	EXP 	Display Frame 0
358.0942 	EXP 	Display Frame 1
358.2193 	EXP 	Display Frame 0
358.3436 	DATA 	Keypress: t
358.3454 	EXP 	Display Frame 1
358.4691 	EXP 	Display Frame 0
358.5945 	EXP 	Display Frame 1
358.7193 	EXP 	Display Frame 0
358.8443 	EXP 	Display Frame 1
358.9692 	EXP 	Display Frame 0
359.0942 	EXP 	Display Frame 1
359.2193 	EXP 	Display Frame 0
359.3443 	EXP 	Display Frame 1
359.4692 	EXP 	Display Frame 0
359.5943 	EXP 	Display Frame 1
359.7193 	EXP 	Display Frame 0
359.8443 	EXP 	Display Frame 1
359.9692 	EXP 	Display Frame 0
360.0942 	EXP 	Display Frame 1
360.2194 	EXP 	Display Frame 0
360.3442 	EXP 	Display Frame 1
360.4693 	EXP 	Display Frame 0
360.5942 	EXP 	Display Frame 1
360.7193 	EXP 	Display Frame 0
360.8444 	EXP 	Display Frame 1
360.9692 	DATA 	Keypress: t
360.9710 	EXP 	Display Frame 0
361.0940 	EXP 	Display Frame 1
361.2193 	EXP 	Display Frame 0
361.3443 	EXP 	Display Frame 1
361.4692 	EXP 	Display Frame 0
361.5941 	EXP 	Display Frame 1
361.7193 	EXP 	Display Frame 0
361.8443 	EXP 	Display Frame 1
361.9692 	EXP 	Display Frame 0
362.0942 	EXP 	Display Frame 1
362.2192 	EXP 	Display Frame 0
362.3443 	EXP 	Display Frame 1
362.4692 	EXP 	Display Frame 0
362.5942 	EXP 	Display Frame 1
362.7193 	EXP 	Display Frame 0
362.8443 	EXP 	Display Frame 1
362.9692 	EXP 	Display Frame 0
363.0944 	EXP 	Display Frame 1
363.2193 	EXP 	Display Frame 0
363.3443 	EXP 	Display Frame 1
363.4692 	EXP 	Display Frame 0
363.5937 	DATA 	Keypress: t
363.5953 	EXP 	Display Frame 1
363.7192 	EXP 	Display Frame 0
363.8442 	EXP 	Display Frame 1
363.9692 	EXP 	Display Frame 0
364.0942 	EXP 	Display Frame 1
364.2193 	EXP 	Display Frame 0
364.3443 	EXP 	Display Frame 1
364.4692 	EXP 	Display Frame 0
364.5942 	EXP 	Display Frame 1
364.7193 	EXP 	Display Frame 0
364.8443 	EXP 	Display Frame 1
364.9691 	EXP 	Display Frame 0
365.0942 	EXP 	Display Frame 1
365.2193 	EXP 	Display Frame 0
365.3443 	EXP 	Display Frame 1
365.4695 	EXP 	Display Frame 0
365.5941 	EXP 	Display Frame 1
365.7192 	EXP 	Display Frame 0
365.8443 	EXP 	Display Frame 1
365.9693 	EXP 	Display Frame 0
366.0943 	EXP 	Display Frame 1
366.2194 	EXP 	Display Frame 0
366.3442 	DATA 	Keypress: t
366.3461 	EXP 	Display Frame 1
366.4691 	EXP 	Display Frame 0
366.5941 	EXP 	Display Frame 1
366.7195 	EXP 	Display Frame 0
366.8442 	EXP 	Display Frame 1
366.9691 	EXP 	Display Frame 0
367.0942 	EXP 	Display Frame 1
367.2193 	EXP 	Display Frame 0
367.3444 	EXP 	Display Frame 1
367.4692 	EXP 	Display Frame 0
367.5942 	EXP 	Display Frame 1
367.7194 	EXP 	Display Frame 0
367.8443 	EXP 	Display Frame 1
367.9693 	EXP 	Display Frame 0
368.0942 	EXP 	Display Frame 1
368.2193 	EXP 	Display Frame 0
368.3443 	EXP 	Display Frame 1
368.4692 	EXP 	Display Frame 0
368.5941 	EXP 	Display Frame 1
368.7193 	EXP 	Display Frame 0
368.8443 	EXP 	Display Frame 1
368.9692 	DATA 	Keypress: t
368.9710 	EXP 	Display Frame 0
369.0941 	EXP 	Display Frame 1
369.2193 	EXP 	Display Frame 0
369.3443 	EXP 	Display Frame 1
369.4692 	EXP 	Display Frame 0
369.5941 	EXP 	Display Frame 1
369.7193 	EXP 	Display Frame 0
369.8443 	EXP 	Display Frame 1
369.9692 	EXP 	Display Frame 0
370.0942 	EXP 	Display Frame 1
370.2192 	EXP 	Display Frame 0
370.3443 	EXP 	Display Frame 1
370.4692 	EXP 	Display Frame 0
370.5942 	EXP 	Display Frame 1
370.7193 	EXP 	Display Frame 0
370.8443 	EXP 	Display Frame 1
370.9689 	EXP 	Display Frame 0
371.0941 	EXP 	Display Frame 1
371.2192 	EXP 	Display Frame 0
371.3443 	EXP 	Display Frame 1
371.4693 	EXP 	Display Frame 0
371.5943 	DATA 	Keypress: t
371.5959 	EXP 	Display Frame 1
371.7192 	EXP 	Display Frame 0
371.8443 	EXP 	Display Frame 1
371.9692 	EXP 	Display Frame 0
372.0942 	EXP 	Display Frame 1
372.2193 	EXP 	Display Frame 0
372.3443 	EXP 	Display Frame 1
372.4695 	EXP 	Display Frame 0
372.5944 	EXP 	Display Frame 1
372.7193 	EXP 	Display Frame 0
372.8443 	EXP 	Display Frame 1
372.9692 	EXP 	Display Frame 0
373.0940 	EXP 	Display Frame 1
373.2205 	EXP 	Display Frame 0
373.3443 	EXP 	Display Frame 1
373.4692 	EXP 	Display Frame 0
373.5942 	EXP 	Display Frame 1
373.7193 	EXP 	Display Frame 0
373.8443 	EXP 	Display Frame 1
373.9694 	EXP 	Display Frame 0
374.0942 	EXP 	Display Frame 1
374.2192 	DATA 	Keypress: t
374.2210 	EXP 	Display Frame 0
374.3442 	EXP 	Display Frame 1
374.4690 	EXP 	Display Frame 0
374.5942 	EXP 	Display Frame 1
374.7193 	EXP 	Display Frame 0
374.8443 	EXP 	Display Frame 1
374.9691 	EXP 	Display Frame 0
375.0942 	EXP 	Display Frame 1
375.2193 	EXP 	Display Frame 0
375.3442 	EXP 	Display Frame 1
375.4692 	EXP 	Display Frame 0
375.5942 	EXP 	Display Frame 1
375.7193 	EXP 	Display Frame 0
375.8443 	EXP 	Display Frame 1
375.9692 	EXP 	Display Frame 0
376.0942 	EXP 	Display Frame 1
376.2193 	EXP 	Display Frame 0
376.3442 	EXP 	Display Frame 1
376.4694 	EXP 	Display Frame 0
376.5943 	EXP 	Display Frame 1
376.7194 	EXP 	Display Frame 0
376.8443 	EXP 	Display Frame 1
376.9693 	DATA 	Keypress: t
376.9710 	EXP 	Display Frame 0
376.9751 	EXP 	Display Fixation
379.5070 	DATA 	Keypress: t
382.1631 	DATA 	Keypress: t
384.8197 	DATA 	Keypress: t
387.4773 	DATA 	Keypress: t
390.1333 	DATA 	Keypress: t
392.7910 	DATA 	Keypress: t
395.4474 	DATA 	Keypress: t
398.1040 	DATA 	Keypress: t
400.7610 	DATA 	Keypress: t
403.4182 	DATA 	Keypress: t
406.0748 	DATA 	Keypress: t
408.7312 	DATA 	Keypress: t
408.8586 	EXP 	Display Frame 1
408.9827 	EXP 	Display Frame 0
409.1078 	EXP 	Display Frame 1
409.2327 	EXP 	Display Frame 0
409.3580 	EXP 	Display Frame 1
409.4829 	EXP 	Display Frame 0
409.6079 	EXP 	Display Frame 1
409.7328 	EXP 	Display Frame 0
409.8580 	EXP 	Display Frame 1
409.9829 	EXP 	Display Frame 0
410.1078 	EXP 	Display Frame 1
410.2328 	EXP 	Display Frame 0
410.3578 	EXP 	Display Frame 1
410.4829 	EXP 	Display Frame 0
410.6078 	EXP 	Display Frame 1
410.7328 	EXP 	Display Frame 0
410.8581 	EXP 	Display Frame 1
410.9828 	EXP 	Display Frame 0
411.1079 	EXP 	Display Frame 1
411.2328 	EXP 	Display Frame 0
411.3580 	EXP 	Display Frame 1
411.4826 	DATA 	Keypress: t
411.4845 	EXP 	Display Frame 0
411.6078 	EXP 	Display Frame 1
411.7328 	EXP 	Display Frame 0
411.8580 	EXP 	Display Frame 1
411.9829 	EXP 	Display Frame 0
412.1079 	EXP 	Display Frame 1
412.2328 	EXP 	Display Frame 0
412.3581 	EXP 	Display Frame 1
412.4828 	EXP 	Display Frame 0
412.6079 	EXP 	Display Frame 1
412.7328 	EXP 	Display Frame 0
412.8579 	EXP 	Display Frame 1
412.9828 	EXP 	Display Frame 0
413.1078 	EXP 	Display Frame 1
413.2328 	EXP 	Display Frame 0
413.3580 	EXP 	Display Frame 1
413.4828 	EXP 	Display Frame 0
413.6078 	EXP 	Display Frame 1
413.7328 	EXP 	Display Frame 0
413.8582 	EXP 	Display Frame 1
413.9834 	EXP 	Display Frame 0
414.1074 	DATA 	Keypress: t
414.1091 	EXP 	Display Frame 1
414.2328 	EXP 	Display Frame 0
414.3581 	EXP 	Display Frame 1
414.4828 	EXP 	Display Frame 0
414.6078 	EXP 	Display Frame 1
414.7327 	EXP 	Display Frame 0
414.8581 	EXP 	Display Frame 1
414.9828 	EXP 	Display Frame 0
415.1079 	EXP 	Display Frame 1
415.2330 	EXP 	Display Frame 0
415.3580 	EXP 	Display Frame 1
415.4829 	EXP 	Display Frame 0
415.6079 	EXP 	Display Frame 1
415.7328 	EXP 	Display Frame 0
415.8580 	EXP 	Display Frame 1
415.9828 	EXP 	Display Frame 0
416.1078 	EXP 	Display Frame 1
416.2329 	EXP 	Display Frame 0
416.3580 	EXP 	Display Frame 1
416.4829 	EXP 	Display Frame 0
416.6078 	EXP 	Display Frame 1
416.7322 	DATA 	Keypress: t
416.7338 	EXP 	Display Frame 0
416.8580 	EXP 	Display Frame 1
416.9828 	EXP 	Display Frame 0
417.1079 	EXP 	Display Frame 1
417.2328 	EXP 	Display Frame 0
417.3580 	EXP 	Display Frame 1
417.4829 	EXP 	Display Frame 0
417.6079 	EXP 	Display Frame 1
417.7328 	EXP 	Display Frame 0
417.8580 	EXP 	Display Frame 1
417.9828 	EXP 	Display Frame 0
418.1079 	EXP 	Display Frame 1
418.2328 	EXP 	Display Frame 0
418.3581 	EXP 	Display Frame 1
418.4828 	EXP 	Display Frame 0
418.6078 	EXP 	Display Frame 1
418.7328 	EXP 	Display Frame 0
418.8581 	EXP 	Display Frame 1
418.9829 	EXP 	Display Frame 0
419.1079 	EXP 	Display Frame 1
419.2328 	EXP 	Display Frame 0
419.3581 	EXP 	Display Frame 1
419.4828 	DATA 	Keypress: t
419.4847 	EXP 	Display Frame 0
419.6078 	EXP 	Display Frame 1
419.7327 	EXP 	Display Frame 0
419.8581 	EXP 	Display Frame 1
419.9829 	EXP 	Display Frame 0
420.1079 	EXP 	Display Frame 1
420.2329 	EXP 	Display Frame 0
420.3581 	EXP 	Display Frame 1
420.4828 	EXP 	Display Frame 0
420.6078 	EXP 	Display Frame 1
420.7328 	EXP 	Display Frame 0
420.8584 	EXP 	Display Frame 1
420.9829 	EXP 	Display Frame 0
421.1079 	EXP 	Display Frame 1
421.2328 	EXP 	Display Frame 0
421.3580 	EXP 	Display Frame 1
421.4829 	EXP 	Display Frame 0
421.6079 	EXP 	Display Frame 1
421.7328 	EXP 	Display Frame 0
421.8580 	EXP 	Display Frame 1
421.9829 	EXP 	Display Frame 0
422.1078 	DATA 	Keypress: t
422.1097 	EXP 	Display Frame 1
422.2327 	EXP 	Display Frame 0
422.3579 	EXP 	Display Frame 1
422.4828 	EXP 	Display Frame 0
422.6078 	EXP 	Display Frame 1
422.7328 	EXP 	Display Frame 0
422.8579 	EXP 	Display Frame 1
422.9828 	EXP 	Display Frame 0
423.1078 	EXP 	Display Frame 1
423.2330 	EXP 	Display Frame 0
423.3580 	EXP 	Display Frame 1
423.4828 	EXP 	Display Frame 0
423.6078 	EXP 	Display Frame 1
423.7329 	EXP 	Display Frame 0
423.8580 	EXP 	Display Frame 1
423.9828 	EXP 	Display Frame 0
424.1079 	EXP 	Display Frame 1
424.2328 	EXP 	Display Frame 0
424.3581 	EXP 	Display Frame 1
424.4829 	EXP 	Display Frame 0
424.6080 	EXP 	Display Frame 1
424.7328 	DATA 	Keypress: t
424.7345 	EXP 	Display Frame 0
424.8578 	EXP 	Display Frame 1
424.9828 	EXP 	Display Frame 0
425.1081 	EXP 	Display Frame 1
425.2328 	EXP 	Display Frame 0
425.3579 	EXP 	Display Frame 1
425.4827 	EXP 	Display Frame 0
425.6079 	EXP 	Display Frame 1
425.7327 	EXP 	Display Frame 0
425.8581 	EXP 	Display Frame 1
425.9829 	EXP 	Display Frame 0
426.1078 	EXP 	Display Frame 1
426.2328 	EXP 	Display Frame 0
426.3581 	EXP 	Display Frame 1
426.4829 	EXP 	Display Frame 0
426.6078 	EXP 	Display Frame 1
426.7328 	EXP 	Display Frame 0
426.8577 	EXP 	Display Frame 1
426.9828 	EXP 	Display Frame 0
427.1079 	EXP 	Display Frame 1
427.2328 	EXP 	Display Frame 0
427.3578 	DATA 	Keypress: t
427.3592 	EXP 	Display Frame 1
427.4828 	EXP 	Display Frame 0
427.6079 	EXP 	Display Frame 1
427.7331 	EXP 	Display Frame 0
427.8583 	EXP 	Display Frame 1
427.9829 	EXP 	Display Frame 0
428.1079 	EXP 	Display Frame 1
428.2328 	EXP 	Display Frame 0
428.3579 	EXP 	Display Frame 1
428.4829 	EXP 	Display Frame 0
428.6079 	EXP 	Display Frame 1
428.7327 	EXP 	Display Frame 0
428.8581 	EXP 	Display Frame 1
428.9829 	EXP 	Display Frame 0
429.1078 	EXP 	Display Frame 1
429.2327 	EXP 	Display Frame 0
429.3581 	EXP 	Display Frame 1
429.4829 	EXP 	Display Frame 0
429.6079 	EXP 	Display Frame 1
429.7328 	EXP 	Display Frame 0
429.8582 	EXP 	Display Frame 1
429.9828 	EXP 	Display Frame 0
430.1078 	DATA 	Keypress: t
430.1097 	EXP 	Display Frame 1
430.2327 	EXP 	Display Frame 0
430.3582 	EXP 	Display Frame 1
430.4829 	EXP 	Display Frame 0
430.6079 	EXP 	Display Frame 1
430.7328 	EXP 	Display Frame 0
430.8581 	EXP 	Display Frame 1
430.9828 	EXP 	Display Frame 0
431.1078 	EXP 	Display Frame 1
431.2329 	EXP 	Display Frame 0
431.3580 	EXP 	Display Frame 1
431.4829 	EXP 	Display Frame 0
431.6079 	EXP 	Display Frame 1
431.7327 	EXP 	Display Frame 0
431.8579 	EXP 	Display Frame 1
431.9829 	EXP 	Display Frame 0
432.1079 	EXP 	Display Frame 1
432.2327 	EXP 	Display Frame 0
432.3580 	EXP 	Display Frame 1
432.4829 	EXP 	Display Frame 0
432.6078 	EXP 	Display Frame 1
432.7323 	DATA 	Keypress: t
432.7339 	EXP 	Display Frame 0
432.8578 	EXP 	Display Frame 1
432.9828 	EXP 	Display Frame 0
433.1079 	EXP 	Display Frame 1
433.2328 	EXP 	Display Frame 0
433.3581 	EXP 	Display Frame 1
433.4829 	EXP 	Display Frame 0
433.6078 	EXP 	Display Frame 1
433.7328 	EXP 	Display Frame 0
433.8579 	EXP 	Display Frame 1
433.9828 	EXP 	Display Frame 0
434.1078 	EXP 	Display Frame 1
434.2328 	EXP 	Display Frame 0
434.3581 	EXP 	Display Frame 1
434.4827 	EXP 	Display Frame 0
434.6078 	EXP 	Display Frame 1
434.7330 	EXP 	Display Frame 0
434.8581 	EXP 	Display Frame 1
434.9829 	EXP 	Display Frame 0
435.1079 	EXP 	Display Frame 1
435.2330 	EXP 	Display Frame 0
435.3580 	DATA 	Keypress: t
435.3598 	EXP 	Display Frame 1
435.4828 	EXP 	Display Frame 0
435.6079 	EXP 	Display Frame 1
435.7328 	EXP 	Display Frame 0
435.8580 	EXP 	Display Frame 1
435.9828 	EXP 	Display Frame 0
436.1079 	EXP 	Display Frame 1
436.2327 	EXP 	Display Frame 0
436.3581 	EXP 	Display Frame 1
436.4828 	EXP 	Display Frame 0
436.6079 	EXP 	Display Frame 1
436.7328 	EXP 	Display Frame 0
436.8580 	EXP 	Display Frame 1
436.9829 	EXP 	Display Frame 0
437.1078 	EXP 	Display Frame 1
437.2331 	EXP 	Display Frame 0
437.3582 	EXP 	Display Frame 1
437.4828 	EXP 	Display Frame 0
437.6079 	EXP 	Display Frame 1
437.7328 	EXP 	Display Frame 0
437.8581 	EXP 	Display Frame 1
437.9825 	DATA 	Keypress: t
437.9842 	EXP 	Display Frame 0
438.1077 	EXP 	Display Frame 1
438.2328 	EXP 	Display Frame 0
438.3578 	EXP 	Display Frame 1
438.4828 	EXP 	Display Frame 0
438.6078 	EXP 	Display Frame 1
438.7327 	EXP 	Display Frame 0
438.8580 	EXP 	Display Frame 1
438.9828 	EXP 	Display Frame 0
439.1078 	EXP 	Display Frame 1
439.2329 	EXP 	Display Frame 0
439.3578 	EXP 	Display Frame 1
439.4828 	EXP 	Display Frame 0
439.6078 	EXP 	Display Frame 1
439.7328 	EXP 	Display Frame 0
439.8578 	EXP 	Display Frame 1
439.9828 	EXP 	Display Frame 0
440.1078 	EXP 	Display Frame 1
440.2328 	EXP 	Display Frame 0
440.3578 	EXP 	Display Frame 1
440.4830 	EXP 	Display Frame 0
440.6078 	EXP 	Display Frame 1
440.7328 	DATA 	Keypress: t
440.7345 	EXP 	Display Frame 0
440.7418 	EXP 	Display Fixation
443.2703 	DATA 	Keypress: t
445.9273 	DATA 	Keypress: t
448.5842 	DATA 	Keypress: t
451.2402 	DATA 	Keypress: t
453.8969 	DATA 	Keypress: t
456.5545 	DATA 	Keypress: t
459.2114 	DATA 	Keypress: t
461.8684 	DATA 	Keypress: t
464.5240 	DATA 	Keypress: t
467.1812 	DATA 	Keypress: t
469.8386 	DATA 	Keypress: t
472.4953 	DATA 	Keypress: t
472.6226 	EXP 	Display Frame 1
472.7468 	EXP 	Display Frame 0
472.8717 	EXP 	Display Frame 1
472.9967 	EXP 	Display Frame 0
473.1219 	EXP 	Display Frame 1
473.2470 	EXP 	Display Frame 0
473.3719 	EXP 	Display Frame 1
473.4968 	EXP 	Display Frame 0
473.6220 	EXP 	Display Frame 1
473.7469 	EXP 	Display Frame 0
473.8718 	EXP 	Display Frame 1
473.9968 	EXP 	Display Frame 0
474.1219 	EXP 	Display Frame 1
474.2469 	EXP 	Display Frame 0
474.3718 	EXP 	Display Frame 1
474.4978 	EXP 	Display Frame 0
474.6220 	EXP 	Display Frame 1
474.7470 	EXP 	Display Frame 0
474.8720 	EXP 	Display Frame 1
474.9968 	EXP 	Display Frame 0
475.1219 	EXP 	Display Frame 1
475.2466 	DATA 	Keypress: t
475.2485 	EXP 	Display Frame 0
475.3717 	EXP 	Display Frame 1
475.4969 	EXP 	Display Frame 0
475.6220 	EXP 	Display Frame 1
475.7469 	EXP 	Display Frame 0
475.8718 	EXP 	Display Frame 1
475.9970 	EXP 	Display Frame 0
476.1219 	EXP 	Display Frame 1
476.2469 	EXP 	Display Frame 0
476.3718 	EXP 	Display Frame 1
476.4968 	EXP 	Display Frame 0
476.6219 	EXP 	Display Frame 1
476.7469 	EXP 	Display Frame 0
476.8721 	EXP 	Display Frame 1
476.9968 	EXP 	Display Frame 0
477.1219 	EXP 	Display Frame 1
477.2469 	EXP 	Display Frame 0
477.3718 	EXP 	Display Frame 1
477.4968 	EXP 	Display Frame 0
477.6219 	EXP 	Display Frame 1
477.7470 	EXP 	Display Frame 0
477.8718 	DATA 	Keypress: t
477.8734 	EXP 	Display Frame 1
477.9968 	EXP 	Display Frame 0
478.1219 	EXP 	Display Frame 1
478.2469 	EXP 	Display Frame 0
478.3718 	EXP 	Display Frame 1
478.4968 	EXP 	Display Frame 0
478.6219 	EXP 	Display Frame 1
478.7469 	EXP 	Display Frame 0
478.8718 	EXP 	Display Frame 1
478.9969 	EXP 	Display Frame 0
479.1219 	EXP 	Display Frame 1
479.2469 	EXP 	Display Frame 0
479.3718 	EXP 	Display Frame 1
479.4968 	EXP 	Display Frame 0
479.6219 	EXP 	Display Frame 1
479.7470 	EXP 	Display Frame 0
479.8718 	EXP 	Display Frame 1
479.9968 	EXP 	Display Frame 0
480.1219 	EXP 	Display Frame 1
480.2470 	EXP 	Display Frame 0
480.3718 	EXP 	Display Frame 1
480.4963 	DATA 	Keypress: t
480.4979 	EXP 	Display Frame 0
480.6218 	EXP 	Display Frame 1
480.7469 	EXP 	Display Frame 0
480.8718 	EXP 	Display Frame 1
480.9969 	EXP 	Display Frame 0
481.1219 	EXP 	Display Frame 1
481.2474 	EXP 	Display Frame 0
481.3717 	EXP 	Display Frame 1
481.4969 	EXP 	Display Frame 0
481.6219 	EXP 	Display Frame 1
481.7469 	EXP 	Display Frame 0
481.8718 	EXP 	Display Frame 1
481.9969 	EXP 	Display Frame 0
482.1219 	EXP 	Display Frame 1
482.2469 	EXP 	Display Frame 0
482.3718 	EXP 	Display Frame 1
482.4968 	EXP 	Display Frame 0
482.6219 	EXP 	Display Frame 1
482.7469 	EXP 	Display Frame 0
482.8718 	EXP 	Display Frame 1
482.9969 	EXP 	Display Frame 0
483.1220 	EXP 	Display Frame 1
483.1231 	DATA 	Keypress: t
483.2470 	EXP 	Display Frame 0
483.3717 	EXP 	Display Frame 1
483.4968 	EXP 	Display Frame 0
483.6219 	EXP 	Display Frame 1
483.7469 	EXP 	Display Frame 0
483.8718 	EXP 	Display Frame 1
483.9968 	EXP 	Display Frame 0
484.1219 	EXP 	Display Frame 1
484.2469 	EXP 	Display Frame 0
484.3718 	EXP 	Display Frame 1
484.4968 	EXP 	Display Frame 0
484.6219 	EXP 	Display Frame 1
484.7469 	EXP 	Display Frame 0
484.8718 	EXP 	Display Frame 1
484.9968 	EXP 	Display Frame 0
485.1219 	EXP 	Display Frame 1
485.2469 	EXP 	Display Frame 0
485.3721 	EXP 	Display Frame 1
485.4968 	EXP 	Display Frame 0
485.6219 	EXP 	Display Frame 1
485.7469 	EXP 	Display Frame 0
485.8713 	DATA 	Keypress: t
485.8732 	EXP 	Display Frame 1
485.9967 	EXP 	Display Frame 0
486.1219 	EXP 	Display Frame 1
486.2470 	EXP 	Display Frame 0
486.3718 	EXP 	Display Frame 1
486.4969 	EXP 	Display Frame 0
486.6219 	EXP 	Display Frame 1
486.7469 	EXP 	Display Frame 0
486.8719 	EXP 	Display Frame 1
486.9968 	EXP 	Display Frame 0
487.1219 	EXP 	Display Frame 1
487.2469 	EXP 	Display Frame 0
487.3718 	EXP 	Display Frame 1
487.4968 	EXP 	Display Frame 0
487.6219 	EXP 	Display Frame 1
487.7469 	EXP 	Display Frame 0
487.8718 	EXP 	Display Frame 1
487.9968 	EXP 	Display Frame 0
488.1220 	EXP 	Display Frame 1
488.2470 	EXP 	Display Frame 0
488.3718 	EXP 	Display Frame 1
488.4970 	DATA 	Keypress: t
488.4987 	EXP 	Display Frame 0
488.6218 	EXP 	Display Frame 1
488.7468 	EXP 	Display Frame 0
488.8719 	EXP 	Display Frame 1
488.9968 	EXP 	Display Frame 0
489.1220 	EXP 	Display Frame 1
489.2469 	EXP 	Display Frame 0
489.3718 	EXP 	Display Frame 1
489.4968 	EXP 	Display Frame 0
489.6219 	EXP 	Display Frame 1
489.7469 	EXP 	Display Frame 0
489.8719 	EXP 	Display Frame 1
489.9968 	EXP 	Display Frame 0
490.1219 	EXP 	Display Frame 1
490.2469 	EXP 	Display Frame 0
490.3721 	EXP 	Display Frame 1
490.4968 	EXP 	Display Frame 0
490.6219 	EXP 	Display Frame 1
490.7469 	EXP 	Display Frame 0
490.8718 	EXP 	Display Frame 1
490.9968 	EXP 	Display Frame 0
491.1216 	DATA 	Keypress: t
491.1234 	EXP 	Display Frame 1
491.2470 	EXP 	Display Frame 0
491.3719 	EXP 	Display Frame 1
491.4969 	EXP 	Display Frame 0
491.6218 	EXP 	Display Frame 1
491.7470 	EXP 	Display Frame 0
491.8718 	EXP 	Display Frame 1
491.9967 	EXP 	Display Frame 0
492.1219 	EXP 	Display Frame 1
492.2470 	EXP 	Display Frame 0
492.3718 	EXP 	Display Frame 1
492.4970 	EXP 	Display Frame 0
492.6219 	EXP 	Display Frame 1
492.7469 	EXP 	Display Frame 0
492.8718 	EXP 	Display Frame 1
492.9968 	EXP 	Display Frame 0
493.1219 	EXP 	Display Frame 1
493.2469 	EXP 	Display Frame 0
493.3718 	EXP 	Display Frame 1
493.4968 	EXP 	Display Frame 0
493.6219 	EXP 	Display Frame 1
493.7469 	EXP 	Display Frame 0
493.8716 	DATA 	Keypress: t
493.8732 	EXP 	Display Frame 1
493.9967 	EXP 	Display Frame 0
494.1219 	EXP 	Display Frame 1
494.2469 	EXP 	Display Frame 0
494.3718 	EXP 	Display Frame 1
494.4968 	EXP 	Display Frame 0
494.6219 	EXP 	Display Frame 1
494.7469 	EXP 	Display Frame 0
494.8718 	EXP 	Display Frame 1
494.9968 	EXP 	Display Frame 0
495.1219 	EXP 	Display Frame 1
495.2469 	EXP 	Display Frame 0
495.3721 	EXP 	Display Frame 1
495.4969 	EXP 	Display Frame 0
495.6219 	EXP 	Display Frame 1
495.7469 	EXP 	Display Frame 0
495.8717 	EXP 	Display Frame 1
495.9969 	EXP 	Display Frame 0
496.1219 	EXP 	Display Frame 1
496.2469 	EXP 	Display Frame 0
496.3718 	EXP 	Display Frame 1
496.4969 	DATA 	Keypress: t
496.4987 	EXP 	Display Frame 0
496.6218 	EXP 	Display Frame 1
496.7468 	EXP 	Display Frame 0
496.8718 	EXP 	Display Frame 1
496.9968 	EXP 	Display Frame 0
497.1219 	EXP 	Display Frame 1
497.2469 	EXP 	Display Frame 0
497.3718 	EXP 	Display Frame 1
497.4968 	EXP 	Display Frame 0
497.6219 	EXP 	Display Frame 1
497.7469 	EXP 	Display Frame 0
497.8718 	EXP 	Display Frame 1
497.9969 	EXP 	Display Frame 0
498.1219 	EXP 	Display Frame 1
498.2469 	EXP 	Display Frame 0
498.3718 	EXP 	Display Frame 1
498.4968 	EXP 	Display Frame 0
498.6219 	EXP 	Display Frame 1
498.7469 	EXP 	Display Frame 0
498.8718 	EXP 	Display Frame 1
498.9969 	EXP 	Display Frame 0
499.1217 	DATA 	Keypress: t
499.1235 	EXP 	Display Frame 1
499.2469 	EXP 	Display Frame 0
499.3718 	EXP 	Display Frame 1
499.4967 	EXP 	Display Frame 0
499.6219 	EXP 	Display Frame 1
499.7470 	EXP 	Display Frame 0
499.8718 	EXP 	Display Frame 1
499.9968 	EXP 	Display Frame 0
500.1220 	EXP 	Display Frame 1
500.2469 	EXP 	Display Frame 0
500.3718 	EXP 	Display Frame 1
500.4968 	EXP 	Display Frame 0
500.6219 	EXP 	Display Frame 1
500.7469 	EXP 	Display Frame 0
500.8718 	EXP 	Display Frame 1
500.9968 	EXP 	Display Frame 0
501.1219 	EXP 	Display Frame 1
501.2469 	EXP 	Display Frame 0
501.3718 	EXP 	Display Frame 1
501.4968 	EXP 	Display Frame 0
501.6219 	EXP 	Display Frame 1
501.7463 	DATA 	Keypress: t
501.7481 	EXP 	Display Frame 0
501.8717 	EXP 	Display Frame 1
501.9967 	EXP 	Display Frame 0
502.1219 	EXP 	Display Frame 1
502.2471 	EXP 	Display Frame 0
502.3718 	EXP 	Display Frame 1
502.4968 	EXP 	Display Frame 0
502.6219 	EXP 	Display Frame 1
502.7469 	EXP 	Display Frame 0
502.8719 	EXP 	Display Frame 1
502.9968 	EXP 	Display Frame 0
503.1219 	EXP 	Display Frame 1
503.2469 	EXP 	Display Frame 0
503.3718 	EXP 	Display Frame 1
503.4968 	EXP 	Display Frame 0
503.6219 	EXP 	Display Frame 1
503.7469 	EXP 	Display Frame 0
503.8718 	EXP 	Display Frame 1
503.9969 	EXP 	Display Frame 0
504.1219 	EXP 	Display Frame 1
504.2470 	EXP 	Display Frame 0
504.3718 	EXP 	Display Frame 1
504.4969 	DATA 	Keypress: t
504.4988 	EXP 	Display Frame 0
504.5089 	EXP 	Display Fixation
507.0332 	DATA 	Keypress: t
509.6907 	DATA 	Keypress: t
512.3475 	DATA 	Keypress: t
515.0042 	DATA 	Keypress: t
517.6618 	DATA 	Keypress: t
520.3170 	DATA 	Keypress: t
522.9745 	DATA 	Keypress: t
525.6315 	DATA 	Keypress: t
528.2885 	DATA 	Keypress: t
530.9458 	DATA 	Keypress: t
533.6015 	DATA 	Keypress: t
536.2585 	DATA 	Keypress: t
536.3858 	EXP 	Display Frame 1
536.5100 	EXP 	Display Frame 0
536.6350 	EXP 	Display Frame 1
536.7598 	EXP 	Display Frame 0
536.8850 	EXP 	Display Frame 1
537.0101 	EXP 	Display Frame 0
537.1353 	EXP 	Display Frame 1
537.2602 	EXP 	Display Frame 0
537.3851 	EXP 	Display Frame 1
537.5101 	EXP 	Display Frame 0
537.6350 	EXP 	Display Frame 1
537.7599 	EXP 	Display Frame 0
537.8851 	EXP 	Display Frame 1
538.0101 	EXP 	Display Frame 0
538.1350 	EXP 	Display Frame 1
538.2599 	EXP 	Display Frame 0
538.3851 	EXP 	Display Frame 1
538.5101 	EXP 	Display Frame 0
538.6351 	EXP 	Display Frame 1
538.7598 	EXP 	Display Frame 0
538.8850 	EXP 	Display Frame 1
539.0099 	DATA 	Keypress: t
539.0117 	EXP 	Display Frame 0
539.1349 	EXP 	Display Frame 1
539.2602 	EXP 	Display Frame 0
539.3851 	EXP 	Display Frame 1
539.5101 	EXP 	Display Frame 0
539.6350 	EXP 	Display Frame 1
539.7599 	EXP 	Display Frame 0
539.8850 	EXP 	Display Frame 1
540.0101 	EXP 	Display Frame 0
540.1350 	EXP 	Display Frame 1
540.2600 	EXP 	Display Frame 0
540.3850 	EXP 	Display Frame 1
540.5101 	EXP 	Display Frame 0
540.6350 	EXP 	Display Frame 1
540.7602 	EXP 	Display Frame 0
540.8851 	EXP 	Display Frame 1
541.0101 	EXP 	Display Frame 0
541.1350 	EXP 	Display Frame 1
541.2602 	EXP 	Display Frame 0
541.3851 	EXP 	Display Frame 1
541.5101 	EXP 	Display Frame 0
541.6347 	DATA 	Keypress: t
541.6363 	EXP 	Display Frame 1
541.7600 	EXP 	Display Frame 0
541.8851 	EXP 	Display Frame 1
542.0100 	EXP 	Display Frame 0
542.1350 	EXP 	Display Frame 1
542.2601 	EXP 	Display Frame 0
542.3852 	EXP 	Display Frame 1
542.5101 	EXP 	Display Frame 0
542.6350 	EXP 	Display Frame 1
542.7599 	EXP 	Display Frame 0
542.8851 	EXP 	Display Frame 1
543.0102 	EXP 	Display Frame 0
543.1360 	EXP 	Display Frame 1
543.2600 	EXP 	Display Frame 0
543.3851 	EXP 	Display Frame 1
543.5100 	EXP 	Display Frame 0
543.6350 	EXP 	Display Frame 1
543.7600 	EXP 	Display Frame 0
543.8850 	EXP 	Display Frame 1
544.0101 	EXP 	Display Frame 0
544.1352 	EXP 	Display Frame 1
544.2601 	DATA 	Keypress: t
544.2621 	EXP 	Display Frame 0
544.3850 	EXP 	Display Frame 1
544.5101 	EXP 	Display Frame 0
544.6350 	EXP 	Display Frame 1
544.7602 	EXP 	Display Frame 0
544.8851 	EXP 	Display Frame 1
545.0101 	EXP 	Display Frame 0
545.1352 	EXP 	Display Frame 1
545.2598 	EXP 	Display Frame 0
545.3851 	EXP 	Display Frame 1
545.5101 	EXP 	Display Frame 0
545.6350 	EXP 	Display Frame 1
545.7600 	EXP 	Display Frame 0
545.8851 	EXP 	Display Frame 1
546.0101 	EXP 	Display Frame 0
546.1350 	EXP 	Display Frame 1
546.2602 	EXP 	Display Frame 0
546.3851 	EXP 	Display Frame 1
546.5101 	EXP 	Display Frame 0
546.6350 	EXP 	Display Frame 1
546.7599 	EXP 	Display Frame 0
546.8850 	EXP 	Display Frame 1
546.8860 	DATA 	Keypress: t
547.0101 	EXP 	Display Frame 0
547.1350 	EXP 	Display Frame 1
547.2601 	EXP 	Display Frame 0
547.3851 	EXP 	Display Frame 1
547.5102 	EXP 	Display Frame 0
547.6353 	EXP 	Display Frame 1
547.7598 	EXP 	Display Frame 0
547.8851 	EXP 	Display Frame 1
548.0101 	EXP 	Display Frame 0
548.1351 	EXP 	Display Frame 1
548.2599 	EXP 	Display Frame 0
548.3851 	EXP 	Display Frame 1
548.5101 	EXP 	Display Frame 0
548.6350 	EXP 	Display Frame 1
548.7602 	EXP 	Display Frame 0
548.8851 	EXP 	Display Frame 1
549.0101 	EXP 	Display Frame 0
549.1350 	EXP 	Display Frame 1
549.2602 	EXP 	Display Frame 0
549.3851 	EXP 	Display Frame 1
549.5101 	EXP 	Display Frame 0
549.6349 	DATA 	Keypress: t
549.6367 	EXP 	Display Frame 1
549.7601 	EXP 	Display Frame 0
549.8850 	EXP 	Display Frame 1
550.0101 	EXP 	Display Frame 0
550.1352 	EXP 	Display Frame 1
550.2599 	EXP 	Display Frame 0
550.3851 	EXP 	Display Frame 1
550.5100 	EXP 	Display Frame 0
550.6352 	EXP 	Display Frame 1
550.7602 	EXP 	Display Frame 0
550.8851 	EXP 	Display Frame 1
551.0101 	EXP 	Display Frame 0
551.1351 	EXP 	Display Frame 1
551.2599 	EXP 	Display Frame 0
551.3851 	EXP 	Display Frame 1
551.5101 	EXP 	Display Frame 0
551.6350 	EXP 	Display Frame 1
551.7602 	EXP 	Display Frame 0
551.8851 	EXP 	Display Frame 1
552.0102 	EXP 	Display Frame 0
552.1350 	EXP 	Display Frame 1
552.2599 	DATA 	Keypress: t
552.2618 	EXP 	Display Frame 0
552.3851 	EXP 	Display Frame 1
552.5100 	EXP 	Display Frame 0
552.6350 	EXP 	Display Frame 1
552.7601 	EXP 	Display Frame 0
552.8851 	EXP 	Display Frame 1
553.0101 	EXP 	Display Frame 0
553.1351 	EXP 	Display Frame 1
553.2603 	EXP 	Display Frame 0
553.3850 	EXP 	Display Frame 1
553.5101 	EXP 	Display Frame 0
553.6350 	EXP 	Display Frame 1
553.7602 	EXP 	Display Frame 0
553.8851 	EXP 	Display Frame 1
554.0101 	EXP 	Display Frame 0
554.1350 	EXP 	Display Frame 1
554.2602 	EXP 	Display Frame 0
554.3851 	EXP 	Display Frame 1
554.5101 	EXP 	Display Frame 0
554.6350 	EXP 	Display Frame 1
554.7601 	EXP 	Display Frame 0
554.8851 	DATA 	Keypress: t
554.8870 	EXP 	Display Frame 1
555.0100 	EXP 	Display Frame 0
555.1350 	EXP 	Display Frame 1
555.2598 	EXP 	Display Frame 0
555.3851 	EXP 	Display Frame 1
555.5101 	EXP 	Display Frame 0
555.6350 	EXP 	Display Frame 1
555.7602 	EXP 	Display Frame 0
555.8851 	EXP 	Display Frame 1
556.0100 	EXP 	Display Frame 0
556.1350 	EXP 	Display Frame 1
556.2600 	EXP 	Display Frame 0
556.3851 	EXP 	Display Frame 1
556.5101 	EXP 	Display Frame 0
556.6350 	EXP 	Display Frame 1
556.7601 	EXP 	Display Frame 0
556.8851 	EXP 	Display Frame 1
557.0104 	EXP 	Display Frame 0
557.1351 	EXP 	Display Frame 1
557.2599 	EXP 	Display Frame 0
557.3851 	EXP 	Display Frame 1
557.5101 	EXP 	Display Frame 0
557.6347 	DATA 	Keypress: t
557.6364 	EXP 	Display Frame 1
557.7602 	EXP 	Display Frame 0
557.8850 	EXP 	Display Frame 1
558.0100 	EXP 	Display Frame 0
558.1351 	EXP 	Display Frame 1
558.2601 	EXP 	Display Frame 0
558.3851 	EXP 	Display Frame 1
558.5101 	EXP 	Display Frame 0
558.6350 	EXP 	Display Frame 1
558.7598 	EXP 	Display Frame 0
558.8850 	EXP 	Display Frame 1
559.0101 	EXP 	Display Frame 0
559.1350 	EXP 	Display Frame 1
559.2598 	EXP 	Display Frame 0
559.3851 	EXP 	Display Frame 1
559.5101 	EXP 	Display Frame 0
559.6350 	EXP 	Display Frame 1
559.7599 	EXP 	Display Frame 0
559.8851 	EXP 	Display Frame 1
560.0101 	EXP 	Display Frame 0
560.1350 	EXP 	Display Frame 1
560.2600 	DATA 	Keypress: t
560.2619 	EXP 	Display Frame 0
560.3848 	EXP 	Display Frame 1
560.5100 	EXP 	Display Frame 0
560.6351 	EXP 	Display Frame 1
560.7599 	EXP 	Display Frame 0
560.8850 	EXP 	Display Frame 1
561.0101 	EXP 	Display Frame 0
561.1350 	EXP 	Display Frame 1
561.2600 	EXP 	Display Frame 0
561.3851 	EXP 	Display Frame 1
561.5101 	EXP 	Display Frame 0
561.6350 	EXP 	Display Frame 1
561.7599 	EXP 	Display Frame 0
561.8851 	EXP 	Display Frame 1
562.0101 	EXP 	Display Frame 0
562.1350 	EXP 	Display Frame 1
562.2600 	EXP 	Display Frame 0
562.3850 	EXP 	Display Frame 1
562.5101 	EXP 	Display Frame 0
562.6350 	EXP 	Display Frame 1
562.7599 	EXP 	Display Frame 0
562.8848 	DATA 	Keypress: t
562.8866 	EXP 	Display Frame 1
563.0098 	EXP 	Display Frame 0
563.1350 	EXP 	Display Frame 1
563.2603 	EXP 	Display Frame 0
563.3851 	EXP 	Display Frame 1
563.5101 	EXP 	Display Frame 0
563.6350 	EXP 	Display Frame 1
563.7599 	EXP 	Display Frame 0
563.8851 	EXP 	Display Frame 1
564.0105 	EXP 	Display Frame 0
564.1350 	EXP 	Display Frame 1
564.2600 	EXP 	Display Frame 0
564.3851 	EXP 	Display Frame 1
564.5101 	EXP 	Display Frame 0
564.6350 	EXP 	Display Frame 1
564.7598 	EXP 	Display Frame 0
564.8851 	EXP 	Display Frame 1
565.0101 	EXP 	Display Frame 0
565.1350 	EXP 	Display Frame 1
565.2599 	EXP 	Display Frame 0
565.3851 	EXP 	Display Frame 1
565.5097 	DATA 	Keypress: t
565.5115 	EXP 	Display Frame 0
565.6349 	EXP 	Display Frame 1
565.7598 	EXP 	Display Frame 0
565.8850 	EXP 	Display Frame 1
566.0101 	EXP 	Display Frame 0
566.1349 	EXP 	Display Frame 1
566.2600 	EXP 	Display Frame 0
566.3850 	EXP 	Display Frame 1
566.5101 	EXP 	Display Frame 0
566.6350 	EXP 	Display Frame 1
566.7598 	EXP 	Display Frame 0
566.8850 	EXP 	Display Frame 1
567.0101 	EXP 	Display Frame 0
567.1350 	EXP 	Display Frame 1
567.2599 	EXP 	Display Frame 0
567.3851 	EXP 	Display Frame 1
567.5101 	EXP 	Display Frame 0
567.6350 	EXP 	Display Frame 1
567.7598 	EXP 	Display Frame 0
567.8850 	EXP 	Display Frame 1
568.0101 	EXP 	Display Frame 0
568.1350 	EXP 	Display Frame 1
568.2594 	DATA 	Keypress: t
568.2609 	EXP 	Display Frame 0
568.2761 	EXP 	Display Fixation
570.7977 	DATA 	Keypress: t
573.4540 	DATA 	Keypress: t
576.1106 	DATA 	Keypress: t
578.7676 	DATA 	Keypress: t
581.4249 	DATA 	Keypress: t
584.0816 	DATA 	Keypress: t
586.7390 	DATA 	Keypress: t
589.3944 	DATA 	Keypress: t
592.0518 	DATA 	Keypress: t
594.7087 	DATA 	Keypress: t
597.3657 	DATA 	Keypress: t
600.0229 	DATA 	Keypress: t
600.1503 	EXP 	Display Frame 1
600.2746 	EXP 	Display Frame 0
600.3995 	EXP 	Display Frame 1
600.5248 	EXP 	Display Frame 0
600.6495 	EXP 	Display Frame 1
600.7748 	EXP 	Display Frame 0
600.8995 	EXP 	Display Frame 1
601.0249 	EXP 	Display Frame 0
601.1496 	EXP 	Display Frame 1
601.2748 	EXP 	Display Frame 0
601.3995 	EXP 	Display Frame 1
601.5248 	EXP 	Display Frame 0
601.6496 	EXP 	Display Frame 1
601.7748 	EXP 	Display Frame 0
601.8995 	EXP 	Display Frame 1
602.0248 	EXP 	Display Frame 0
602.1496 	EXP 	Display Frame 1
602.2747 	EXP 	Display Frame 0
602.3996 	EXP 	Display Frame 1
602.5250 	EXP 	Display Frame 0
602.6496 	EXP 	Display Frame 1
602.7746 	DATA 	Keypress: t
602.7764 	EXP 	Display Frame 0
602.8994 	EXP 	Display Frame 1
603.0249 	EXP 	Display Frame 0
603.1496 	EXP 	Display Frame 1
603.2748 	EXP 	Display Frame 0
603.3995 	EXP 	Display Frame 1
603.5248 	EXP 	Display Frame 0
603.6496 	EXP 	Display Frame 1
603.7748 	EXP 	Display Frame 0
603.8995 	EXP 	Display Frame 1
604.0248 	EXP 	Display Frame 0
604.1496 	EXP 	Display Frame 1
604.2748 	EXP 	Display Frame 0
604.3995 	EXP 	Display Frame 1
604.5248 	EXP 	Display Frame 0
604.6496 	EXP 	Display Frame 1
604.7748 	EXP 	Display Frame 0
604.8995 	EXP 	Display Frame 1
605.0248 	EXP 	Display Frame 0
605.1496 	EXP 	Display Frame 1
605.2747 	EXP 	Display Frame 0
605.3989 	DATA 	Keypress: t
605.4006 	EXP 	Display Frame 1
605.5250 	EXP 	Display Frame 0
605.6495 	EXP 	Display Frame 1
605.7747 	EXP 	Display Frame 0
605.8994 	EXP 	Display Frame 1
606.0247 	EXP 	Display Frame 0
606.1497 	EXP 	Display Frame 1
606.2748 	EXP 	Display Frame 0
606.3995 	EXP 	Display Frame 1
606.5248 	EXP 	Display Frame 0
606.6496 	EXP 	Display Frame 1
606.7748 	EXP 	Display Frame 0
606.8995 	EXP 	Display Frame 1
607.0247 	EXP 	Display Frame 0
607.1495 	EXP 	Display Frame 1
607.2747 	EXP 	Display Frame 0
607.3995 	EXP 	Display Frame 1
607.5248 	EXP 	Display Frame 0
607.6496 	EXP 	Display Frame 1
607.7747 	EXP 	Display Frame 0
607.8995 	EXP 	Display Frame 1
608.0247 	DATA 	Keypress: t
608.0266 	EXP 	Display Frame 0
608.1495 	EXP 	Display Frame 1
608.2746 	EXP 	Display Frame 0
608.3995 	EXP 	Display Frame 1
608.5248 	EXP 	Display Frame 0
608.6496 	EXP 	Display Frame 1
608.7748 	EXP 	Display Frame 0
608.8995 	EXP 	Display Frame 1
609.0249 	EXP 	Display Frame 0
609.1495 	EXP 	Display Frame 1
609.2747 	EXP 	Display Frame 0
609.3995 	EXP 	Display Frame 1
609.5248 	EXP 	Display Frame 0
609.6496 	EXP 	Display Frame 1
609.7747 	EXP 	Display Frame 0
609.8995 	EXP 	Display Frame 1
610.0247 	EXP 	Display Frame 0
610.1496 	EXP 	Display Frame 1
610.2747 	EXP 	Display Frame 0
610.3995 	EXP 	Display Frame 1
610.5248 	EXP 	Display Frame 0
610.6496 	EXP 	Display Frame 1
610.7740 	DATA 	Keypress: t
610.7759 	EXP 	Display Frame 0
610.8994 	EXP 	Display Frame 1
611.0245 	EXP 	Display Frame 0
611.1496 	EXP 	Display Frame 1
611.2747 	EXP 	Display Frame 0
611.3995 	EXP 	Display Frame 1
611.5248 	EXP 	Display Frame 0
611.6496 	EXP 	Display Frame 1
611.7747 	EXP 	Display Frame 0
611.8995 	EXP 	Display Frame 1
612.0248 	EXP 	Display Frame 0
612.1496 	EXP 	Display Frame 1
612.2747 	EXP 	Display Frame 0
612.3998 	EXP 	Display Frame 1
612.5248 	EXP 	Display Frame 0
612.6496 	EXP 	Display Frame 1
612.7748 	EXP 	Display Frame 0
612.8995 	EXP 	Display Frame 1
613.0248 	EXP 	Display Frame 0
613.1497 	EXP 	Display Frame 1
613.2748 	EXP 	Display Frame 0
613.3993 	DATA 	Keypress: t
613.4010 	EXP 	Display Frame 1
613.5247 	EXP 	Display Frame 0
613.6496 	EXP 	Display Frame 1
613.7747 	EXP 	Display Frame 0
613.8995 	EXP 	Display Frame 1
614.0248 	EXP 	Display Frame 0
614.1497 	EXP 	Display Frame 1
614.2748 	EXP 	Display Frame 0
614.3995 	EXP 	Display Frame 1
614.5248 	EXP 	Display Frame 0
614.6496 	EXP 	Display Frame 1
614.7747 	EXP 	Display Frame 0
614.8995 	EXP 	Display Frame 1
615.0248 	EXP 	Display Frame 0
615.1496 	EXP 	Display Frame 1
615.2747 	EXP 	Display Frame 0
615.3994 	EXP 	Display Frame 1
615.5248 	EXP 	Display Frame 0
615.6496 	EXP 	Display Frame 1
615.7747 	EXP 	Display Frame 0
615.8995 	EXP 	Display Frame 1
616.0239 	DATA 	Keypress: t
616.0261 	EXP 	Display Frame 0
616.1495 	EXP 	Display Frame 1
616.2748 	EXP 	Display Frame 0
616.3995 	EXP 	Display Frame 1
616.5248 	EXP 	Display Frame 0
616.6495 	EXP 	Display Frame 1
616.7748 	EXP 	Display Frame 0
616.8995 	EXP 	Display Frame 1
617.0248 	EXP 	Display Frame 0
617.1496 	EXP 	Display Frame 1
617.2747 	EXP 	Display Frame 0
617.3995 	EXP 	Display Frame 1
617.5248 	EXP 	Display Frame 0
617.6496 	EXP 	Display Frame 1
617.7747 	EXP 	Display Frame 0
617.8995 	EXP 	Display Frame 1
618.0248 	EXP 	Display Frame 0
618.1497 	EXP 	Display Frame 1
618.2747 	EXP 	Display Frame 0
618.3995 	EXP 	Display Frame 1
618.5248 	EXP 	Display Frame 0
618.6496 	DATA 	Keypress: t
618.6515 	EXP 	Display Frame 1
618.7748 	EXP 	Display Frame 0
618.8995 	EXP 	Display Frame 1
619.0248 	EXP 	Display Frame 0
619.1507 	EXP 	Display Frame 1
619.2747 	EXP 	Display Frame 0
619.3998 	EXP 	Display Frame 1
619.5248 	EXP 	Display Frame 0
619.6496 	EXP 	Display Frame 1
619.7748 	EXP 	Display Frame 0
619.8995 	EXP 	Display Frame 1
620.0247 	EXP 	Display Frame 0
620.1496 	EXP 	Display Frame 1
620.2750 	EXP 	Display Frame 0
620.3995 	EXP 	Display Frame 1
620.5248 	EXP 	Display Frame 0
620.6496 	EXP 	Display Frame 1
620.7747 	EXP 	Display Frame 0
620.8995 	EXP 	Display Frame 1
621.0248 	EXP 	Display Frame 0
621.1498 	EXP 	Display Frame 1
621.2747 	EXP 	Display Frame 0
621.3995 	DATA 	Keypress: t
621.4013 	EXP 	Display Frame 1
621.5246 	EXP 	Display Frame 0
621.6497 	EXP 	Display Frame 1
621.7748 	EXP 	Display Frame 0
621.8996 	EXP 	Display Frame 1
622.0248 	EXP 	Display Frame 0
622.1498 	EXP 	Display Frame 1
622.2748 	EXP 	Display Frame 0
622.3995 	EXP 	Display Frame 1
622.5249 	EXP 	Display Frame 0
622.6497 	EXP 	Display Frame 1
622.7748 	EXP 	Display Frame 0
622.8995 	EXP 	Display Frame 1
623.0248 	EXP 	Display Frame 0
623.1497 	EXP 	Display Frame 1
623.2748 	EXP 	Display Frame 0
623.3995 	EXP 	Display Frame 1
623.5248 	EXP 	Display Frame 0
623.6497 	EXP 	Display Frame 1
623.7748 	EXP 	Display Frame 0
623.8995 	EXP 	Display Frame 1
624.0246 	DATA 	Keypress: t
624.0263 	EXP 	Display Frame 0
624.1493 	EXP 	Display Frame 1
624.2745 	EXP 	Display Frame 0
624.3995 	EXP 	Display Frame 1
624.5249 	EXP 	Display Frame 0
624.6497 	EXP 	Display Frame 1
624.7748 	EXP 	Display Frame 0
624.8994 	EXP 	Display Frame 1
625.0248 	EXP 	Display Frame 0
625.1496 	EXP 	Display Frame 1
625.2748 	EXP 	Display Frame 0
625.3995 	EXP 	Display Frame 1
625.5248 	EXP 	Display Frame 0
625.6497 	EXP 	Display Frame 1
625.7749 	EXP 	Display Frame 0
625.8995 	EXP 	Display Frame 1
626.0248 	EXP 	Display Frame 0
626.1497 	EXP 	Display Frame 1
626.2750 	EXP 	Display Frame 0
626.3995 	EXP 	Display Frame 1
626.5248 	EXP 	Display Frame 0
626.6491 	DATA 	Keypress: t
626.6509 	EXP 	Display Frame 1
626.7746 	EXP 	Display Frame 0
626.8995 	EXP 	Display Frame 1
627.0246 	EXP 	Display Frame 0
627.1496 	EXP 	Display Frame 1
627.2747 	EXP 	Display Frame 0
627.3996 	EXP 	Display Frame 1
627.5248 	EXP 	Display Frame 0
627.6497 	EXP 	Display Frame 1
627.7748 	EXP 	Display Frame 0
627.8995 	EXP 	Display Frame 1
628.0248 	EXP 	Display Frame 0
628.1496 	EXP 	Display Frame 1
628.2748 	EXP 	Display Frame 0
628.3995 	EXP 	Display Frame 1
628.5248 	EXP 	Display Frame 0
628.6497 	EXP 	Display Frame 1
628.7748 	EXP 	Display Frame 0
628.8995 	EXP 	Display Frame 1
629.0248 	EXP 	Display Frame 0
629.1497 	EXP 	Display Frame 1
629.2747 	DATA 	Keypress: t
629.2764 	EXP 	Display Frame 0
629.3994 	EXP 	Display Frame 1
629.5248 	EXP 	Display Frame 0
629.6497 	EXP 	Display Frame 1
629.7748 	EXP 	Display Frame 0
629.8995 	EXP 	Display Frame 1
630.0247 	EXP 	Display Frame 0
630.1493 	EXP 	Display Frame 1
630.2750 	EXP 	Display Frame 0
630.3995 	EXP 	Display Frame 1
630.5247 	EXP 	Display Frame 0
630.6497 	EXP 	Display Frame 1
630.7748 	EXP 	Display Frame 0
630.8998 	EXP 	Display Frame 1
631.0248 	EXP 	Display Frame 0
631.1497 	EXP 	Display Frame 1
631.2749 	EXP 	Display Frame 0
631.3995 	EXP 	Display Frame 1
631.5248 	EXP 	Display Frame 0
631.6497 	EXP 	Display Frame 1
631.7749 	EXP 	Display Frame 0
631.8995 	EXP 	Display Frame 1
632.0244 	DATA 	Keypress: t
632.0266 	EXP 	Display Frame 0
632.0424 	EXP 	Display Fixation
634.5612 	DATA 	Keypress: t
637.2176 	DATA 	Keypress: t
639.8748 	DATA 	Keypress: t
642.5311 	DATA 	Keypress: t
645.1881 	DATA 	Keypress: t
647.8448 	DATA 	Keypress: t
650.5020 	DATA 	Keypress: t
653.1590 	DATA 	Keypress: t
655.8159 	DATA 	Keypress: t
658.4716 	DATA 	Keypress: t
661.1291 	DATA 	Keypress: t
663.7857 	DATA 	Keypress: t
663.9130 	EXP 	Display Frame 1
664.0373 	EXP 	Display Frame 0
664.1623 	EXP 	Display Frame 1
664.2872 	EXP 	Display Frame 0
664.4121 	EXP 	Display Frame 1
664.5372 	EXP 	Display Frame 0
664.6621 	EXP 	Display Frame 1
664.7872 	EXP 	Display Frame 0
664.9122 	EXP 	Display Frame 1
665.0374 	EXP 	Display Frame 0
665.1624 	EXP 	Display Frame 1
665.2872 	EXP 	Display Frame 0
665.4122 	EXP 	Display Frame 1
665.5371 	EXP 	Display Frame 0
665.6621 	EXP 	Display Frame 1
665.7872 	EXP 	Display Frame 0
665.9122 	EXP 	Display Frame 1
666.0374 	EXP 	Display Frame 0
666.1624 	EXP 	Display Frame 1
666.2872 	EXP 	Display Frame 0
666.4122 	EXP 	Display Frame 1
666.5372 	DATA 	Keypress: t
666.5391 	EXP 	Display Frame 0
666.6621 	EXP 	Display Frame 1
666.7871 	EXP 	Display Frame 0
666.9122 	EXP 	Display Frame 1
667.0372 	EXP 	Display Frame 0
667.1625 	EXP 	Display Frame 1
667.2873 	EXP 	Display Frame 0
667.4122 	EXP 	Display Frame 1
667.5371 	EXP 	Display Frame 0
667.6623 	EXP 	Display Frame 1
667.7877 	EXP 	Display Frame 0
667.9122 	EXP 	Display Frame 1
668.0373 	EXP 	Display Frame 0
668.1624 	EXP 	Display Frame 1
668.2872 	EXP 	Display Frame 0
668.4122 	EXP 	Display Frame 1
668.5374 	EXP 	Display Frame 0
668.6621 	EXP 	Display Frame 1
668.7872 	EXP 	Display Frame 0
668.9122 	EXP 	Display Frame 1
669.0374 	EXP 	Display Frame 0
669.1621 	DATA 	Keypress: t
669.1642 	EXP 	Display Frame 1
669.2871 	EXP 	Display Frame 0
669.4123 	EXP 	Display Frame 1
669.5371 	EXP 	Display Frame 0
669.6622 	EXP 	Display Frame 1
669.7873 	EXP 	Display Frame 0
669.9122 	EXP 	Display Frame 1
670.0373 	EXP 	Display Frame 0
670.1624 	EXP 	Display Frame 1
670.2872 	EXP 	Display Frame 0
670.4122 	EXP 	Display Frame 1
670.5371 	EXP 	Display Frame 0
670.6622 	EXP 	Display Frame 1
670.7872 	EXP 	Display Frame 0
670.9122 	EXP 	Display Frame 1
671.0373 	EXP 	Display Frame 0
671.1624 	EXP 	Display Frame 1
671.2872 	EXP 	Display Frame 0
671.4122 	EXP 	Display Frame 1
671.5371 	EXP 	Display Frame 0
671.6621 	EXP 	Display Frame 1
671.7872 	DATA 	Keypress: t
671.7891 	EXP 	Display Frame 0
671.9121 	EXP 	Display Frame 1
672.0373 	EXP 	Display Frame 0
672.1624 	EXP 	Display Frame 1
672.2872 	EXP 	Display Frame 0
672.4122 	EXP 	Display Frame 1
672.5371 	EXP 	Display Frame 0
672.6621 	EXP 	Display Frame 1
672.7872 	EXP 	Display Frame 0
672.9122 	EXP 	Display Frame 1
673.0374 	EXP 	Display Frame 0
673.1624 	EXP 	Display Frame 1
673.2872 	EXP 	Display Frame 0
673.4122 	EXP 	Display Frame 1
673.5371 	EXP 	Display Frame 0
673.6622 	EXP 	Display Frame 1
673.7872 	EXP 	Display Frame 0
673.9122 	EXP 	Display Frame 1
674.0373 	EXP 	Display Frame 0
674.1624 	EXP 	Display Frame 1
674.2873 	EXP 	Display Frame 0
674.4122 	EXP 	Display Frame 1
674.5366 	DATA 	Keypress: t
674.5382 	EXP 	Display Frame 0
674.6620 	EXP 	Display Frame 1
674.7872 	EXP 	Display Frame 0
674.9121 	EXP 	Display Frame 1
675.0372 	EXP 	Display Frame 0
675.1625 	EXP 	Display Frame 1
675.2871 	EXP 	Display Frame 0
675.4122 	EXP 	Display Frame 1
675.5371 	EXP 	Display Frame 0
675.6624 	EXP 	Display Frame 1
675.7872 	EXP 	Display Frame 0
675.9122 	EXP 	Display Frame 1
676.0374 	EXP 	Display Frame 0
676.1624 	EXP 	Display Frame 1
676.2872 	EXP 	Display Frame 0
676.4122 	EXP 	Display Frame 1
676.5371 	EXP 	Display Frame 0
676.6621 	EXP 	Display Frame 1
676.7872 	EXP 	Display Frame 0
676.9122 	EXP 	Display Frame 1
677.0374 	EXP 	Display Frame 0
677.1622 	DATA 	Keypress: t
677.1642 	EXP 	Display Frame 1
677.2872 	EXP 	Display Frame 0
677.4121 	EXP 	Display Frame 1
677.5371 	EXP 	Display Frame 0
677.6622 	EXP 	Display Frame 1
677.7872 	EXP 	Display Frame 0
677.9123 	EXP 	Display Frame 1
678.0374 	EXP 	Display Frame 0
678.1623 	EXP 	Display Frame 1
678.2872 	EXP 	Display Frame 0
678.4122 	EXP 	Display Frame 1
678.5371 	EXP 	Display Frame 0
678.6623 	EXP 	Display Frame 1
678.7872 	EXP 	Display Frame 0
678.9122 	EXP 	Display Frame 1
679.0374 	EXP 	Display Frame 0
679.1624 	EXP 	Display Frame 1
679.2871 	EXP 	Display Frame 0
679.4122 	EXP 	Display Frame 1
679.5370 	EXP 	Display Frame 0
679.6620 	EXP 	Display Frame 1
679.7871 	DATA 	Keypress: t
679.7890 	EXP 	Display Frame 0
679.9121 	EXP 	Display Frame 1
680.0374 	EXP 	Display Frame 0
680.1624 	EXP 	Display Frame 1
680.2872 	EXP 	Display Frame 0
680.4120 	EXP 	Display Frame 1
680.5373 	EXP 	Display Frame 0
680.6621 	EXP 	Display Frame 1
680.7872 	EXP 	Display Frame 0
680.9122 	EXP 	Display Frame 1
681.0374 	EXP 	Display Frame 0
681.1624 	EXP 	Display Frame 1
681.2872 	EXP 	Display Frame 0
681.4122 	EXP 	Display Frame 1
681.5372 	EXP 	Display Frame 0
681.6628 	EXP 	Display Frame 1
681.7872 	EXP 	Display Frame 0
681.9122 	EXP 	Display Frame 1
682.0373 	EXP 	Display Frame 0
682.1624 	EXP 	Display Frame 1
682.2872 	EXP 	Display Frame 0
682.4123 	DATA 	Keypress: t
682.4143 	EXP 	Display Frame 1
682.5371 	EXP 	Display Frame 0
682.6621 	EXP 	Display Frame 1
682.7872 	EXP 	Display Frame 0
682.9122 	EXP 	Display Frame 1
683.0374 	EXP 	Display Frame 0
683.1624 	EXP 	Display Frame 1
683.2872 	EXP 	Display Frame 0
683.4122 	EXP 	Display Frame 1
683.5371 	EXP 	Display Frame 0
683.6621 	EXP 	Display Frame 1
683.7872 	EXP 	Display Frame 0
683.9122 	EXP 	Display Frame 1
684.0374 	EXP 	Display Frame 0
684.1623 	EXP 	Display Frame 1
684.2872 	EXP 	Display Frame 0
684.4122 	EXP 	Display Frame 1
684.5371 	EXP 	Display Frame 0
684.6622 	EXP 	Display Frame 1
684.7871 	EXP 	Display Frame 0
684.9122 	EXP 	Display Frame 1
685.0371 	EXP 	Display Frame 0
685.1620 	DATA 	Keypress: t
685.1641 	EXP 	Display Frame 1
685.2871 	EXP 	Display Frame 0
685.4122 	EXP 	Display Frame 1
685.5371 	EXP 	Display Frame 0
685.6621 	EXP 	Display Frame 1
685.7874 	EXP 	Display Frame 0
685.9121 	EXP 	Display Frame 1
686.0373 	EXP 	Display Frame 0
686.1624 	EXP 	Display Frame 1
686.2873 	EXP 	Display Frame 0
686.4122 	EXP 	Display Frame 1
686.5371 	EXP 	Display Frame 0
686.6621 	EXP 	Display Frame 1
686.7872 	EXP 	Display Frame 0
686.9122 	EXP 	Display Frame 1
687.0374 	EXP 	Display Frame 0
687.1624 	EXP 	Display Frame 1
687.2872 	EXP 	Display Frame 0
687.4122 	EXP 	Display Frame 1
687.5371 	EXP 	Display Frame 0
687.6621 	EXP 	Display Frame 1
687.7872 	DATA 	Keypress: t
687.7891 	EXP 	Display Frame 0
687.9121 	EXP 	Display Frame 1
688.0374 	EXP 	Display Frame 0
688.1624 	EXP 	Display Frame 1
688.2872 	EXP 	Display Frame 0
688.4122 	EXP 	Display Frame 1
688.5372 	EXP 	Display Frame 0
688.6623 	EXP 	Display Frame 1
688.7872 	EXP 	Display Frame 0
688.9122 	EXP 	Display Frame 1
689.0374 	EXP 	Display Frame 0
689.1624 	EXP 	Display Frame 1
689.2872 	EXP 	Display Frame 0
689.4122 	EXP 	Display Frame 1
689.5372 	EXP 	Display Frame 0
689.6621 	EXP 	Display Frame 1
689.7872 	EXP 	Display Frame 0
689.9122 	EXP 	Display Frame 1
690.0373 	EXP 	Display Frame 0
690.1620 	EXP 	Display Frame 1
690.2872 	EXP 	Display Frame 0
690.4119 	DATA 	Keypress: t
690.4134 	EXP 	Display Frame 1
690.5371 	EXP 	Display Frame 0
690.6621 	EXP 	Display Frame 1
690.7872 	EXP 	Display Frame 0
690.9122 	EXP 	Display Frame 1
691.0372 	EXP 	Display Frame 0
691.1624 	EXP 	Display Frame 1
691.2871 	EXP 	Display Frame 0
691.4122 	EXP 	Display Frame 1
691.5372 	EXP 	Display Frame 0
691.6621 	EXP 	Display Frame 1
691.7872 	EXP 	Display Frame 0
691.9122 	EXP 	Display Frame 1
692.0373 	EXP 	Display Frame 0
692.1624 	EXP 	Display Frame 1
692.2872 	EXP 	Display Frame 0
692.4122 	EXP 	Display Frame 1
692.5371 	EXP 	Display Frame 0
692.6623 	EXP 	Display Frame 1
692.7872 	EXP 	Display Frame 0
692.9123 	EXP 	Display Frame 1
693.0371 	DATA 	Keypress: t
693.0392 	EXP 	Display Frame 0
693.1620 	EXP 	Display Frame 1
693.2872 	EXP 	Display Frame 0
693.4122 	EXP 	Display Frame 1
693.5371 	EXP 	Display Frame 0
693.6621 	EXP 	Display Frame 1
693.7872 	EXP 	Display Frame 0
693.9122 	EXP 	Display Frame 1
694.0373 	EXP 	Display Frame 0
694.1623 	EXP 	Display Frame 1
694.2872 	EXP 	Display Frame 0
694.4122 	EXP 	Display Frame 1
694.5371 	EXP 	Display Frame 0
694.6621 	EXP 	Display Frame 1
694.7872 	EXP 	Display Frame 0
694.9122 	EXP 	Display Frame 1
695.0374 	EXP 	Display Frame 0
695.1624 	EXP 	Display Frame 1
695.2872 	EXP 	Display Frame 0
695.4122 	EXP 	Display Frame 1
695.5381 	EXP 	Display Frame 0
695.6622 	EXP 	Display Frame 1
695.7871 	DATA 	Keypress: t
695.7889 	EXP 	Display Frame 0
695.7925 	EXP 	Display Fixation
698.3241 	DATA 	Keypress: t
703.5783 	DATA 	Keypress: q
703.5960 	EXP 	topMsg: height = 0.1
703.5960 	EXP 	topMsg: height = 0.1
703.5960 	EXP 	topMsg: text = "Thank you very much! \n\nThat's it with the tapping"
703.5960 	EXP 	bottomMsg: height = 0.1
703.5960 	EXP 	bottomMsg: height = 0.1
703.5960 	EXP 	bottomMsg: text = "Please relax for the ramaining time \n\n Press 'q' or 'escape' to end the session."
703.5960 	EXP 	Display TheEnd
703.9927 	DATA 	Keypress: t
704.2903 	DATA 	Keypress: q
704.3678 	EXP 	win: mouseVisible = True
