17.8625 	INFO 	---START PARAMETERS---
17.8625 	INFO 	filename: TappingWithTrTiming_Movie_d3.py-tt1-114-Jul_06_1206
17.8625 	INFO 	subject: tt1
17.8625 	INFO 	session: 114
17.8626 	INFO 	date: Jul_06_1206
17.8626 	INFO 	blockDur_TRs: 16
17.8626 	INFO 	condition: ImagineRight
17.8626 	INFO 	fixCrossPos: [0, 0]
17.8626 	INFO 	fixCrossSize: 100
17.8626 	INFO 	fullScreen: True
17.8626 	INFO 	movieFolder: Images/
17.8626 	INFO 	movieSize: (1600, 1000)
17.8626 	INFO 	nBlocks: 68
17.8626 	INFO 	promptDir: Text/
17.8626 	INFO 	restDur_TRs: 16
17.8626 	INFO 	screenColor: (128, 128, 128)
17.8626 	INFO 	screenToShow: 0
17.8626 	INFO 	skipPrompts: False
17.8626 	INFO 	tStartup_TRs: 0
17.8626 	INFO 	textHeight: 40
17.8626 	INFO 	triggerKey: t
17.8626 	INFO 	---END PARAMETERS---
17.9180 	WARNING 	Movie2 stim could not be imported and won't be available
18.2920 	INFO 	Loaded monitor calibration from ['2019_02_04 16:32']
18.7237 	EXP 	Created win = Window(allowGUI=False, allowStencil=False, autoLog=True, bitsMode=UNKNOWN, blendMode='avg', color=array([ 128.,  128.,  128.]), colorSpace='rgb255', fullscr=UNKNOWN, gamma=None, lms=UNKNOWN, monitor=<psychopy.monitors.calibTools.Monitor instance at 0x12b07e40>, name='win', pos=[0, 0], screen=0, size=array([1920, 1200]), stereo=False, units='deg', useFBO=False, viewOri=0.0, viewPos=None, viewScale=None, waitBlanking=True, winType='pyglet')
18.7250 	EXP 	Created fixCross = ShapeStim(autoDraw=False, autoLog=True, closeShape=False, contrast=1.0, depth=0, fillColor=None, fillColorSpace='rgb', fillRGB=None, interpolate=True, lineColor='#000000', lineColorSpace='hex', lineRGB=array([0, 0, 0]), lineWidth=3.0, name='fixCross', opacity=1.0, ori=array(0.0), pos=array([ 0.,  0.]), size=array([ 1.,  1.]), units='pix', vertices=ndarray(...), win=Window(...))
18.7706 	EXP 	Created topMsg = TextStim(alignHoriz='center', alignVert='center', antialias=True, autoLog=True, bold=False, color='#000000', colorSpace='hex', contrast=1.0, depth=0, flipHoriz=False, flipVert=False, font='', fontFiles=[], height=0.1, italic=False, name='topMsg', opacity=1.0, ori=0.0, pos=array([ 0. ,  0.5]), rgb=array([0, 0, 0]), text=u'aaa', units='norm', win=Window(...), wrapWidth=1.5)
18.7744 	EXP 	Created bottomMsg = TextStim(alignHoriz='center', alignVert='center', antialias=True, autoLog=True, bold=False, color='#000000', colorSpace='hex', contrast=1.0, depth=0, flipHoriz=False, flipVert=False, font='', fontFiles=[], height=0.1, italic=False, name='bottomMsg', opacity=1.0, ori=0.0, pos=array([ 0. , -0.5]), rgb=array([0, 0, 0]), text=u'bbb', units='norm', win=Window(...), wrapWidth=1.5)
18.8027 	EXP 	Created Movie Frame 0 = ImageStim(autoLog=True, color=array([ 1.,  1.,  1.]), colorSpace='rgb', contrast=1.0, depth=0, flipHoriz=False, flipVert=False, image='Images/right_imagine_0.png', interpolate=False, mask=None, maskParams=None, name='Movie Frame 0', opacity=1.0, ori=0.0, pos=array([ 0.,  0.]), size=array([ 1600.,  1000.]), texRes=128, units='pix', win=Window(...))
18.8179 	EXP 	Created unnamed TextStim = TextStim(alignHoriz='center', alignVert='center', antialias=True, autoLog=True, bold=False, color='#000000', colorSpace='hex', contrast=1.0, depth=0, flipHoriz=False, flipVert=False, font='', fontFiles=[], height=40, italic=False, name='unnamed TextStim', opacity=1.0, ori=0.0, pos=array([   0.,  580.]), rgb=array([0, 0, 0]), text=u'Imagine Tapping (Right Hand).', units='pix', win=Window(...), wrapWidth=1600)
18.8734 	EXP 	topMsg: text = "You will see an image of a hand. When it is on the screen, IMAGINE tapping your fingers, but don't actually move your hand. When the fixation cross appears, relax and stare at the cross."
18.8734 	EXP 	bottomMsg: text = 'The experiment will begin shortly.'
18.8734 	EXP 	Display Instructions1
19.7094 	DATA 	Keypress: t
19.7241 	EXP 	topMsg: text = "Please don't move..."
19.7241 	EXP 	bottomMsg: text = ''
19.7241 	EXP 	PleaseDontMove
107.8704 	DATA 	Keypress: t
107.8917 	EXP 	Display Fixation
107.8922 	EXP 	---START EXPERIMENT---
107.9073 	EXP 	Display Fixation
110.1211 	DATA 	Keypress: t
111.7181 	DATA 	Keypress: t
113.9701 	DATA 	Keypress: t
115.5671 	DATA 	Keypress: t
117.8191 	DATA 	Keypress: t
119.4162 	DATA 	Keypress: t
121.6682 	DATA 	Keypress: t
123.2652 	DATA 	Keypress: t
125.5173 	DATA 	Keypress: t
127.1143 	DATA 	Keypress: t
129.3662 	DATA 	Keypress: t
130.9631 	DATA 	Keypress: t
133.2153 	DATA 	Keypress: t
134.8123 	DATA 	Keypress: t
137.0633 	DATA 	Keypress: t
138.6612 	DATA 	Keypress: t
139.6722 	EXP 	Display Frame 0
140.6729 	EXP 	Display Frame 0
141.6625 	DATA 	Keypress: t
141.6742 	EXP 	Display Frame 0
142.6623 	DATA 	Keypress: t
142.6736 	EXP 	Display Frame 0
143.6729 	EXP 	Display Frame 0
144.6735 	EXP 	Display Frame 0
145.6624 	DATA 	Keypress: t
145.6732 	EXP 	Display Frame 0
146.6624 	DATA 	Keypress: t
146.6728 	EXP 	Display Frame 0
147.6744 	EXP 	Display Frame 0
148.6624 	DATA 	Keypress: t
148.6731 	EXP 	Display Frame 0
149.6734 	EXP 	Display Frame 0
150.6625 	DATA 	Keypress: t
150.6735 	EXP 	Display Frame 0
151.6733 	EXP 	Display Frame 0
152.6624 	DATA 	Keypress: t
152.6742 	EXP 	Display Frame 0
153.6668 	EXP 	Display Frame 0
154.6624 	DATA 	Keypress: t
154.6670 	EXP 	Display Frame 0
155.6681 	EXP 	Display Frame 0
156.6624 	DATA 	Keypress: t
156.6697 	EXP 	Display Frame 0
157.6710 	EXP 	Display Frame 0
158.6623 	DATA 	Keypress: t
158.6712 	EXP 	Display Frame 0
159.6721 	EXP 	Display Frame 0
160.6624 	DATA 	Keypress: t
160.6726 	EXP 	Display Frame 0
161.6724 	EXP 	Display Frame 0
162.6624 	DATA 	Keypress: t
162.6734 	EXP 	Display Frame 0
163.6722 	EXP 	Display Frame 0
164.6624 	DATA 	Keypress: t
164.6729 	EXP 	Display Frame 0
165.6623 	DATA 	Keypress: t
165.6727 	EXP 	Display Frame 0
166.6717 	EXP 	Display Frame 0
167.6731 	EXP 	Display Frame 0
168.6624 	DATA 	Keypress: t
168.6732 	EXP 	Display Frame 0
169.6623 	DATA 	Keypress: t
169.6729 	EXP 	Display Frame 0
169.6793 	EXP 	Display Fixation
171.7044 	DATA 	Keypress: t
173.3014 	DATA 	Keypress: t
175.5524 	DATA 	Keypress: t
177.1504 	DATA 	Keypress: t
179.4014 	DATA 	Keypress: t
180.9994 	DATA 	Keypress: t
183.2504 	DATA 	Keypress: t
184.8474 	DATA 	Keypress: t
187.0995 	DATA 	Keypress: t
188.6964 	DATA 	Keypress: t
190.9485 	DATA 	Keypress: t
192.5455 	DATA 	Keypress: t
194.7975 	DATA 	Keypress: t
196.3945 	DATA 	Keypress: t
198.6465 	DATA 	Keypress: t
200.2436 	DATA 	Keypress: t
201.2546 	EXP 	Display Frame 0
202.2552 	EXP 	Display Frame 0
203.2448 	DATA 	Keypress: t
203.2546 	EXP 	Display Frame 0
204.2447 	DATA 	Keypress: t
204.2551 	EXP 	Display Frame 0
205.2550 	EXP 	Display Frame 0
206.2553 	EXP 	Display Frame 0
207.2448 	DATA 	Keypress: t
207.2547 	EXP 	Display Frame 0
208.2448 	DATA 	Keypress: t
208.2549 	EXP 	Display Frame 0
209.2551 	EXP 	Display Frame 0
210.2448 	DATA 	Keypress: t
210.2543 	EXP 	Display Frame 0
211.2552 	EXP 	Display Frame 0
212.2447 	DATA 	Keypress: t
212.2550 	EXP 	Display Frame 0
213.2482 	EXP 	Display Frame 0
214.2447 	DATA 	Keypress: t
214.2545 	EXP 	Display Frame 0
215.2505 	EXP 	Display Frame 0
216.2448 	DATA 	Keypress: t
216.2508 	EXP 	Display Frame 0
217.2517 	EXP 	Display Frame 0
218.2447 	DATA 	Keypress: t
218.2528 	EXP 	Display Frame 0
219.2543 	EXP 	Display Frame 0
220.2447 	DATA 	Keypress: t
220.2540 	EXP 	Display Frame 0
221.2548 	EXP 	Display Frame 0
222.2448 	DATA 	Keypress: t
222.2541 	EXP 	Display Frame 0
223.2547 	EXP 	Display Frame 0
224.2447 	DATA 	Keypress: t
224.2538 	EXP 	Display Frame 0
225.2543 	EXP 	Display Frame 0
226.2447 	DATA 	Keypress: t
226.2542 	EXP 	Display Frame 0
227.2447 	DATA 	Keypress: t
227.2541 	EXP 	Display Frame 0
228.2537 	EXP 	Display Frame 0
229.2537 	EXP 	Display Frame 0
230.2448 	DATA 	Keypress: t
230.2544 	EXP 	Display Frame 0
231.2448 	DATA 	Keypress: t
231.2541 	EXP 	Display Frame 0
231.2640 	EXP 	Display Fixation
233.2868 	DATA 	Keypress: t
234.8837 	DATA 	Keypress: t
237.1356 	DATA 	Keypress: t
238.7327 	DATA 	Keypress: t
240.9850 	DATA 	Keypress: t
242.5817 	DATA 	Keypress: t
244.8337 	DATA 	Keypress: t
246.4306 	DATA 	Keypress: t
248.6826 	DATA 	Keypress: t
250.2797 	DATA 	Keypress: t
252.5307 	DATA 	Keypress: t
254.1287 	DATA 	Keypress: t
256.3798 	DATA 	Keypress: t
257.9777 	DATA 	Keypress: t
260.2287 	DATA 	Keypress: t
261.8258 	DATA 	Keypress: t
262.8365 	EXP 	Display Frame 0
263.8364 	EXP 	Display Frame 0
264.8270 	DATA 	Keypress: t
264.8363 	EXP 	Display Frame 0
265.8269 	DATA 	Keypress: t
265.8361 	EXP 	Display Frame 0
266.8362 	EXP 	Display Frame 0
267.8369 	EXP 	Display Frame 0
268.8269 	DATA 	Keypress: t
268.8359 	EXP 	Display Frame 0
269.8270 	DATA 	Keypress: t
269.8359 	EXP 	Display Frame 0
270.8359 	EXP 	Display Frame 0
271.8270 	DATA 	Keypress: t
271.8369 	EXP 	Display Frame 0
272.8309 	EXP 	Display Frame 0
273.8270 	DATA 	Keypress: t
273.8365 	EXP 	Display Frame 0
274.8326 	EXP 	Display Frame 0
275.8270 	DATA 	Keypress: t
275.8330 	EXP 	Display Frame 0
276.8332 	EXP 	Display Frame 0
277.8270 	DATA 	Keypress: t
277.8346 	EXP 	Display Frame 0
278.8361 	EXP 	Display Frame 0
279.8269 	DATA 	Keypress: t
279.8359 	EXP 	Display Frame 0
280.8360 	EXP 	Display Frame 0
281.8271 	DATA 	Keypress: t
281.8361 	EXP 	Display Frame 0
282.8370 	EXP 	Display Frame 0
283.8270 	DATA 	Keypress: t
283.8360 	EXP 	Display Frame 0
284.8363 	EXP 	Display Frame 0
285.8270 	DATA 	Keypress: t
285.8359 	EXP 	Display Frame 0
286.8364 	EXP 	Display Frame 0
287.8270 	DATA 	Keypress: t
287.8366 	EXP 	Display Frame 0
288.8270 	DATA 	Keypress: t
288.8360 	EXP 	Display Frame 0
289.8363 	EXP 	Display Frame 0
290.8353 	EXP 	Display Frame 0
291.8269 	DATA 	Keypress: t
291.8361 	EXP 	Display Frame 0
292.8271 	DATA 	Keypress: t
292.8359 	EXP 	Display Frame 0
292.8472 	EXP 	Display Fixation
294.8690 	DATA 	Keypress: t
296.4668 	DATA 	Keypress: t
298.7179 	DATA 	Keypress: t
300.3149 	DATA 	Keypress: t
302.5669 	DATA 	Keypress: t
304.1639 	DATA 	Keypress: t
306.4159 	DATA 	Keypress: t
308.0129 	DATA 	Keypress: t
310.2650 	DATA 	Keypress: t
311.8619 	DATA 	Keypress: t
314.1140 	DATA 	Keypress: t
315.7110 	DATA 	Keypress: t
317.9631 	DATA 	Keypress: t
319.5601 	DATA 	Keypress: t
321.8120 	DATA 	Keypress: t
323.4091 	DATA 	Keypress: t
324.4179 	EXP 	Display Frame 0
325.4183 	EXP 	Display Frame 0
326.4102 	DATA 	Keypress: t
326.4178 	EXP 	Display Frame 0
327.4102 	DATA 	Keypress: t
327.4178 	EXP 	Display Frame 0
328.4181 	EXP 	Display Frame 0
329.4179 	EXP 	Display Frame 0
330.4102 	DATA 	Keypress: t
330.4171 	EXP 	Display Frame 0
331.4101 	DATA 	Keypress: t
331.4182 	EXP 	Display Frame 0
332.4186 	EXP 	Display Frame 0
333.4102 	DATA 	Keypress: t
333.4171 	EXP 	Display Frame 0
334.4147 	EXP 	Display Frame 0
335.4102 	DATA 	Keypress: t
335.4150 	EXP 	Display Frame 0
336.4159 	EXP 	Display Frame 0
337.4102 	DATA 	Keypress: t
337.4167 	EXP 	Display Frame 0
338.4170 	EXP 	Display Frame 0
339.4102 	DATA 	Keypress: t
339.4173 	EXP 	Display Frame 0
340.4169 	EXP 	Display Frame 0
341.4102 	DATA 	Keypress: t
341.4174 	EXP 	Display Frame 0
342.4174 	EXP 	Display Frame 0
343.4103 	DATA 	Keypress: t
343.4175 	EXP 	Display Frame 0
344.4173 	EXP 	Display Frame 0
345.4102 	DATA 	Keypress: t
345.4170 	EXP 	Display Frame 0
346.4168 	EXP 	Display Frame 0
347.4102 	DATA 	Keypress: t
347.4179 	EXP 	Display Frame 0
348.4167 	EXP 	Display Frame 0
349.4102 	DATA 	Keypress: t
349.4175 	EXP 	Display Frame 0
350.4103 	DATA 	Keypress: t
350.4173 	EXP 	Display Frame 0
351.4166 	EXP 	Display Frame 0
352.4170 	EXP 	Display Frame 0
353.4103 	DATA 	Keypress: t
353.4173 	EXP 	Display Frame 0
354.4102 	DATA 	Keypress: t
354.4174 	EXP 	Display Frame 0
354.4311 	EXP 	Display Fixation
356.4522 	DATA 	Keypress: t
358.0491 	DATA 	Keypress: t
360.3012 	DATA 	Keypress: t
361.8982 	DATA 	Keypress: t
364.1501 	DATA 	Keypress: t
365.7472 	DATA 	Keypress: t
367.9981 	DATA 	Keypress: t
369.5963 	DATA 	Keypress: t
371.8472 	DATA 	Keypress: t
373.4452 	DATA 	Keypress: t
375.6962 	DATA 	Keypress: t
377.2932 	DATA 	Keypress: t
379.5452 	DATA 	Keypress: t
381.1423 	DATA 	Keypress: t
383.3943 	DATA 	Keypress: t
384.9913 	DATA 	Keypress: t
386.0000 	EXP 	Display Frame 0
386.9990 	EXP 	Display Frame 0
387.9924 	DATA 	Keypress: t
388.0002 	EXP 	Display Frame 0
388.9925 	DATA 	Keypress: t
388.9996 	EXP 	Display Frame 0
389.9992 	EXP 	Display Frame 0
390.9991 	EXP 	Display Frame 0
391.9923 	DATA 	Keypress: t
391.9993 	EXP 	Display Frame 0
392.9924 	DATA 	Keypress: t
392.9999 	EXP 	Display Frame 0
393.9956 	EXP 	Display Frame 0
394.9925 	DATA 	Keypress: t
394.9993 	EXP 	Display Frame 0
395.9981 	EXP 	Display Frame 0
396.9924 	DATA 	Keypress: t
396.9984 	EXP 	Display Frame 0
397.9998 	EXP 	Display Frame 0
398.9924 	DATA 	Keypress: t
398.9992 	EXP 	Display Frame 0
399.9992 	EXP 	Display Frame 0
400.9924 	DATA 	Keypress: t
400.9993 	EXP 	Display Frame 0
401.9993 	EXP 	Display Frame 0
402.9924 	DATA 	Keypress: t
402.9989 	EXP 	Display Frame 0
403.9993 	EXP 	Display Frame 0
404.9924 	DATA 	Keypress: t
404.9984 	EXP 	Display Frame 0
405.9991 	EXP 	Display Frame 0
406.9925 	DATA 	Keypress: t
406.9982 	EXP 	Display Frame 0
407.9998 	EXP 	Display Frame 0
408.9925 	DATA 	Keypress: t
408.9984 	EXP 	Display Frame 0
409.9991 	EXP 	Display Frame 0
410.9923 	DATA 	Keypress: t
410.9994 	EXP 	Display Frame 0
411.9925 	DATA 	Keypress: t
411.9982 	EXP 	Display Frame 0
412.9994 	EXP 	Display Frame 0
413.9957 	EXP 	Display Frame 0
414.9924 	DATA 	Keypress: t
414.9980 	EXP 	Display Frame 0
415.9925 	DATA 	Keypress: t
415.9971 	EXP 	Display Frame 0
416.0149 	EXP 	Display Fixation
418.0344 	DATA 	Keypress: t
419.6315 	DATA 	Keypress: t
421.8834 	DATA 	Keypress: t
423.4805 	DATA 	Keypress: t
425.7324 	DATA 	Keypress: t
427.3294 	DATA 	Keypress: t
429.5815 	DATA 	Keypress: t
431.1785 	DATA 	Keypress: t
433.4304 	DATA 	Keypress: t
435.0274 	DATA 	Keypress: t
437.2795 	DATA 	Keypress: t
438.8765 	DATA 	Keypress: t
441.1283 	DATA 	Keypress: t
442.7256 	DATA 	Keypress: t
444.9766 	DATA 	Keypress: t
446.5746 	DATA 	Keypress: t
447.5818 	EXP 	Display Frame 0
448.5813 	EXP 	Display Frame 0
449.5757 	DATA 	Keypress: t
449.5815 	EXP 	Display Frame 0
450.5757 	DATA 	Keypress: t
450.5816 	EXP 	Display Frame 0
451.5804 	EXP 	Display Frame 0
452.5811 	EXP 	Display Frame 0
453.5758 	DATA 	Keypress: t
453.5806 	EXP 	Display Frame 0
454.5757 	DATA 	Keypress: t
454.5803 	EXP 	Display Frame 0
455.5802 	EXP 	Display Frame 0
456.5757 	DATA 	Keypress: t
456.5803 	EXP 	Display Frame 0
457.5808 	EXP 	Display Frame 0
458.5758 	DATA 	Keypress: t
458.5806 	EXP 	Display Frame 0
459.5803 	EXP 	Display Frame 0
460.5758 	DATA 	Keypress: t
460.5805 	EXP 	Display Frame 0
461.5803 	EXP 	Display Frame 0
462.5758 	DATA 	Keypress: t
462.5811 	EXP 	Display Frame 0
463.5804 	EXP 	Display Frame 0
464.5757 	DATA 	Keypress: t
464.5805 	EXP 	Display Frame 0
465.5801 	EXP 	Display Frame 0
466.5757 	DATA 	Keypress: t
466.5806 	EXP 	Display Frame 0
467.5808 	EXP 	Display Frame 0
468.5758 	DATA 	Keypress: t
468.5912 	EXP 	Display Frame 0
469.5805 	EXP 	Display Frame 0
470.5759 	DATA 	Keypress: t
470.5928 	EXP 	Display Frame 0
471.5803 	EXP 	Display Frame 0
472.5757 	DATA 	Keypress: t
472.5952 	EXP 	Display Frame 0
473.5757 	DATA 	Keypress: t
473.5800 	EXP 	Display Frame 0
474.5802 	EXP 	Display Frame 0
475.5791 	EXP 	Display Frame 0
476.5757 	DATA 	Keypress: t
476.5970 	EXP 	Display Frame 0
477.5757 	DATA 	Keypress: t
477.5821 	EXP 	Display Frame 0
477.5984 	EXP 	Display Fixation
479.6177 	DATA 	Keypress: t
481.2147 	DATA 	Keypress: t
483.4657 	DATA 	Keypress: t
485.0638 	DATA 	Keypress: t
487.3147 	DATA 	Keypress: t
488.9127 	DATA 	Keypress: t
491.1637 	DATA 	Keypress: t
492.7617 	DATA 	Keypress: t
495.0127 	DATA 	Keypress: t
496.6097 	DATA 	Keypress: t
498.8618 	DATA 	Keypress: t
500.4589 	DATA 	Keypress: t
502.7108 	DATA 	Keypress: t
504.3076 	DATA 	Keypress: t
506.5598 	DATA 	Keypress: t
508.1568 	DATA 	Keypress: t
509.1621 	EXP 	Display Frame 0
510.1625 	EXP 	Display Frame 0
511.1579 	DATA 	Keypress: t
511.1753 	EXP 	Display Frame 0
512.1579 	DATA 	Keypress: t
512.1631 	EXP 	Display Frame 0
513.1624 	EXP 	Display Frame 0
514.1625 	EXP 	Display Frame 0
515.1579 	DATA 	Keypress: t
515.1785 	EXP 	Display Frame 0
516.1579 	DATA 	Keypress: t
516.1626 	EXP 	Display Frame 0
517.1631 	EXP 	Display Frame 0
518.1579 	DATA 	Keypress: t
518.1638 	EXP 	Display Frame 0
519.1624 	EXP 	Display Frame 0
520.1580 	DATA 	Keypress: t
520.1662 	EXP 	Display Frame 0
521.1626 	EXP 	Display Frame 0
522.1580 	DATA 	Keypress: t
522.1678 	EXP 	Display Frame 0
523.1623 	EXP 	Display Frame 0
524.1580 	DATA 	Keypress: t
524.1700 	EXP 	Display Frame 0
525.1625 	EXP 	Display Frame 0
526.1580 	DATA 	Keypress: t
526.1713 	EXP 	Display Frame 0
527.1631 	EXP 	Display Frame 0
528.1580 	DATA 	Keypress: t
528.1724 	EXP 	Display Frame 0
529.1625 	EXP 	Display Frame 0
530.1580 	DATA 	Keypress: t
530.1755 	EXP 	Display Frame 0
531.1625 	EXP 	Display Frame 0
532.1580 	DATA 	Keypress: t
532.1772 	EXP 	Display Frame 0
533.1625 	EXP 	Display Frame 0
534.1580 	DATA 	Keypress: t
534.1782 	EXP 	Display Frame 0
535.1580 	DATA 	Keypress: t
535.1791 	EXP 	Display Frame 0
536.1626 	EXP 	Display Frame 0
537.1630 	EXP 	Display Frame 0
538.1580 	DATA 	Keypress: t
538.1641 	EXP 	Display Frame 0
539.1580 	DATA 	Keypress: t
539.1651 	EXP 	Display Frame 0
539.1819 	EXP 	Display Fixation
541.1999 	DATA 	Keypress: t
542.7969 	DATA 	Keypress: t
545.0489 	DATA 	Keypress: t
546.6460 	DATA 	Keypress: t
548.8979 	DATA 	Keypress: t
550.4950 	DATA 	Keypress: t
552.7471 	DATA 	Keypress: t
554.3440 	DATA 	Keypress: t
556.5960 	DATA 	Keypress: t
558.1930 	DATA 	Keypress: t
560.4450 	DATA 	Keypress: t
562.0421 	DATA 	Keypress: t
564.2931 	DATA 	Keypress: t
565.8911 	DATA 	Keypress: t
568.1421 	DATA 	Keypress: t
569.7401 	DATA 	Keypress: t
570.7572 	EXP 	Display Frame 0
571.7582 	EXP 	Display Frame 0
572.7412 	DATA 	Keypress: t
572.7605 	EXP 	Display Frame 0
573.7411 	DATA 	Keypress: t
573.7605 	EXP 	Display Frame 0
574.7613 	EXP 	Display Frame 0
575.7447 	EXP 	Display Frame 0
576.7414 	DATA 	Keypress: t
576.7609 	EXP 	Display Frame 0
577.7413 	DATA 	Keypress: t
577.7466 	EXP 	Display Frame 0
578.7466 	EXP 	Display Frame 0
579.7413 	DATA 	Keypress: t
579.7482 	EXP 	Display Frame 0
580.7495 	EXP 	Display Frame 0
581.7413 	DATA 	Keypress: t
581.7496 	EXP 	Display Frame 0
582.7517 	EXP 	Display Frame 0
583.7412 	DATA 	Keypress: t
583.7518 	EXP 	Display Frame 0
584.7532 	EXP 	Display Frame 0
585.7412 	DATA 	Keypress: t
585.7527 	EXP 	Display Frame 0
586.7546 	EXP 	Display Frame 0
587.7413 	DATA 	Keypress: t
587.7553 	EXP 	Display Frame 0
588.7562 	EXP 	Display Frame 0
589.7413 	DATA 	Keypress: t
589.7572 	EXP 	Display Frame 0
590.7577 	EXP 	Display Frame 0
591.7412 	DATA 	Keypress: t
591.7578 	EXP 	Display Frame 0
592.7601 	EXP 	Display Frame 0
593.7412 	DATA 	Keypress: t
593.7594 	EXP 	Display Frame 0
594.7602 	EXP 	Display Frame 0
595.7413 	DATA 	Keypress: t
595.7605 	EXP 	Display Frame 0
596.7412 	DATA 	Keypress: t
596.7611 	EXP 	Display Frame 0
597.7461 	EXP 	Display Frame 0
598.7470 	EXP 	Display Frame 0
599.7412 	DATA 	Keypress: t
599.7482 	EXP 	Display Frame 0
600.7412 	DATA 	Keypress: t
600.7479 	EXP 	Display Frame 0
600.7659 	EXP 	Display Fixation
602.7821 	DATA 	Keypress: t
604.3802 	DATA 	Keypress: t
606.6312 	DATA 	Keypress: t
608.2292 	DATA 	Keypress: t
610.4802 	DATA 	Keypress: t
612.0772 	DATA 	Keypress: t
614.3292 	DATA 	Keypress: t
615.9262 	DATA 	Keypress: t
618.1783 	DATA 	Keypress: t
619.7752 	DATA 	Keypress: t
622.0272 	DATA 	Keypress: t
623.6243 	DATA 	Keypress: t
625.8763 	DATA 	Keypress: t
627.4732 	DATA 	Keypress: t
629.7253 	DATA 	Keypress: t
631.3222 	DATA 	Keypress: t
632.3426 	EXP 	Display Frame 0
633.3425 	EXP 	Display Frame 0
634.3234 	DATA 	Keypress: t
634.3433 	EXP 	Display Frame 0
635.3233 	DATA 	Keypress: t
635.3425 	EXP 	Display Frame 0
636.3280 	EXP 	Display Frame 0
637.3284 	EXP 	Display Frame 0
638.3234 	DATA 	Keypress: t
638.3292 	EXP 	Display Frame 0
639.3234 	DATA 	Keypress: t
639.3306 	EXP 	Display Frame 0
640.3313 	EXP 	Display Frame 0
641.3234 	DATA 	Keypress: t
641.3317 	EXP 	Display Frame 0
642.3327 	EXP 	Display Frame 0
643.3234 	DATA 	Keypress: t
643.3341 	EXP 	Display Frame 0
644.3348 	EXP 	Display Frame 0
645.3234 	DATA 	Keypress: t
645.3358 	EXP 	Display Frame 0
646.3367 	EXP 	Display Frame 0
647.3235 	DATA 	Keypress: t
647.3376 	EXP 	Display Frame 0
648.3374 	EXP 	Display Frame 0
649.3235 	DATA 	Keypress: t
649.3394 	EXP 	Display Frame 0
650.3398 	EXP 	Display Frame 0
651.3234 	DATA 	Keypress: t
651.3398 	EXP 	Display Frame 0
652.3418 	EXP 	Display Frame 0
653.3235 	DATA 	Keypress: t
653.3422 	EXP 	Display Frame 0
654.3427 	EXP 	Display Frame 0
655.3235 	DATA 	Keypress: t
655.3420 	EXP 	Display Frame 0
656.3267 	EXP 	Display Frame 0
657.3235 	DATA 	Keypress: t
657.3435 	EXP 	Display Frame 0
658.3234 	DATA 	Keypress: t
658.3294 	EXP 	Display Frame 0
659.3303 	EXP 	Display Frame 0
660.3301 	EXP 	Display Frame 0
661.3234 	DATA 	Keypress: t
661.3316 	EXP 	Display Frame 0
662.3234 	DATA 	Keypress: t
662.3329 	EXP 	Display Frame 0
662.3496 	EXP 	Display Fixation
664.3655 	DATA 	Keypress: t
665.9624 	DATA 	Keypress: t
668.2145 	DATA 	Keypress: t
669.8116 	DATA 	Keypress: t
672.0635 	DATA 	Keypress: t
673.6604 	DATA 	Keypress: t
675.9125 	DATA 	Keypress: t
677.5094 	DATA 	Keypress: t
679.7607 	DATA 	Keypress: t
681.3585 	DATA 	Keypress: t
683.6094 	DATA 	Keypress: t
685.2076 	DATA 	Keypress: t
687.4586 	DATA 	Keypress: t
689.0565 	DATA 	Keypress: t
691.3076 	DATA 	Keypress: t
692.9045 	DATA 	Keypress: t
693.9250 	EXP 	Display Frame 0
694.9243 	EXP 	Display Frame 0
695.9056 	DATA 	Keypress: t
695.9246 	EXP 	Display Frame 0
696.9056 	DATA 	Keypress: t
696.9104 	EXP 	Display Frame 0
697.9120 	EXP 	Display Frame 0
698.9125 	EXP 	Display Frame 0
699.9057 	DATA 	Keypress: t
699.9127 	EXP 	Display Frame 0
700.9056 	DATA 	Keypress: t
700.9135 	EXP 	Display Frame 0
701.9145 	EXP 	Display Frame 0
702.9056 	DATA 	Keypress: t
702.9169 	EXP 	Display Frame 0
703.9162 	EXP 	Display Frame 0
704.9056 	DATA 	Keypress: t
704.9169 	EXP 	Display Frame 0
705.9186 	EXP 	Display Frame 0
706.9056 	DATA 	Keypress: t
706.9188 	EXP 	Display Frame 0
707.9202 	EXP 	Display Frame 0
708.9057 	DATA 	Keypress: t
708.9203 	EXP 	Display Frame 0
709.9212 	EXP 	Display Frame 0
710.9056 	DATA 	Keypress: t
710.9223 	EXP 	Display Frame 0
711.9227 	EXP 	Display Frame 0
712.9056 	DATA 	Keypress: t
712.9235 	EXP 	Display Frame 0
713.9237 	EXP 	Display Frame 0
714.9056 	DATA 	Keypress: t
714.9233 	EXP 	Display Frame 0
715.9090 	EXP 	Display Frame 0
716.9057 	DATA 	Keypress: t
716.9244 	EXP 	Display Frame 0
717.9118 	EXP 	Display Frame 0
718.9056 	DATA 	Keypress: t
718.9117 	EXP 	Display Frame 0
719.9056 	DATA 	Keypress: t
719.9124 	EXP 	Display Frame 0
720.9125 	EXP 	Display Frame 0
721.9153 	EXP 	Display Frame 0
722.9056 	DATA 	Keypress: t
722.9154 	EXP 	Display Frame 0
723.9056 	DATA 	Keypress: t
723.9165 	EXP 	Display Frame 0
723.9325 	EXP 	Display Fixation
725.9477 	DATA 	Keypress: t
727.5447 	DATA 	Keypress: t
729.7967 	DATA 	Keypress: t
731.3938 	DATA 	Keypress: t
733.6457 	DATA 	Keypress: t
735.2428 	DATA 	Keypress: t
737.4948 	DATA 	Keypress: t
739.0917 	DATA 	Keypress: t
741.3437 	DATA 	Keypress: t
742.9408 	DATA 	Keypress: t
745.1928 	DATA 	Keypress: t
746.7898 	DATA 	Keypress: t
749.0417 	DATA 	Keypress: t
750.6388 	DATA 	Keypress: t
752.8908 	DATA 	Keypress: t
754.4879 	DATA 	Keypress: t
755.4923 	EXP 	Display Frame 0
756.4923 	EXP 	Display Frame 0
757.4891 	DATA 	Keypress: t
757.5069 	EXP 	Display Frame 0
758.4891 	DATA 	Keypress: t
758.4938 	EXP 	Display Frame 0
759.4956 	EXP 	Display Frame 0
760.4959 	EXP 	Display Frame 0
761.4890 	DATA 	Keypress: t
761.4961 	EXP 	Display Frame 0
762.4890 	DATA 	Keypress: t
762.4978 	EXP 	Display Frame 0
763.4981 	EXP 	Display Frame 0
764.4890 	DATA 	Keypress: t
764.4997 	EXP 	Display Frame 0
765.5008 	EXP 	Display Frame 0
766.4890 	DATA 	Keypress: t
766.5015 	EXP 	Display Frame 0
767.5027 	EXP 	Display Frame 0
768.4890 	DATA 	Keypress: t
768.5022 	EXP 	Display Frame 0
769.5041 	EXP 	Display Frame 0
770.4890 	DATA 	Keypress: t
770.5042 	EXP 	Display Frame 0
771.5056 	EXP 	Display Frame 0
772.4890 	DATA 	Keypress: t
772.5061 	EXP 	Display Frame 0
773.5060 	EXP 	Display Frame 0
774.4890 	DATA 	Keypress: t
774.5053 	EXP 	Display Frame 0
775.5060 	EXP 	Display Frame 0
776.4890 	DATA 	Keypress: t
776.5054 	EXP 	Display Frame 0
777.4941 	EXP 	Display Frame 0
778.4891 	DATA 	Keypress: t
778.5053 	EXP 	Display Frame 0
779.4947 	EXP 	Display Frame 0
780.4890 	DATA 	Keypress: t
780.4961 	EXP 	Display Frame 0
781.4891 	DATA 	Keypress: t
781.4962 	EXP 	Display Frame 0
782.4971 	EXP 	Display Frame 0
783.4979 	EXP 	Display Frame 0
784.4891 	DATA 	Keypress: t
784.4988 	EXP 	Display Frame 0
785.4891 	DATA 	Keypress: t
785.4998 	EXP 	Display Frame 0
785.5167 	EXP 	Display Fixation
787.5309 	DATA 	Keypress: t
789.1280 	DATA 	Keypress: t
791.3800 	DATA 	Keypress: t
792.9769 	DATA 	Keypress: t
795.2289 	DATA 	Keypress: t
796.8260 	DATA 	Keypress: t
799.0770 	DATA 	Keypress: t
800.6751 	DATA 	Keypress: t
802.9260 	DATA 	Keypress: t
804.5241 	DATA 	Keypress: t
806.7751 	DATA 	Keypress: t
808.3720 	DATA 	Keypress: t
810.6241 	DATA 	Keypress: t
812.2211 	DATA 	Keypress: t
814.4729 	DATA 	Keypress: t
816.0700 	DATA 	Keypress: t
817.0759 	EXP 	Display Frame 0
818.0763 	EXP 	Display Frame 0
819.0711 	DATA 	Keypress: t
819.0771 	EXP 	Display Frame 0
820.0710 	DATA 	Keypress: t
820.0780 	EXP 	Display Frame 0
821.0791 	EXP 	Display Frame 0
822.0800 	EXP 	Display Frame 0
823.0711 	DATA 	Keypress: t
823.0807 	EXP 	Display Frame 0
824.0711 	DATA 	Keypress: t
824.0817 	EXP 	Display Frame 0
825.0831 	EXP 	Display Frame 0
826.0710 	DATA 	Keypress: t
826.0823 	EXP 	Display Frame 0
827.0850 	EXP 	Display Frame 0
828.0711 	DATA 	Keypress: t
828.0854 	EXP 	Display Frame 0
829.0864 	EXP 	Display Frame 0
830.0710 	DATA 	Keypress: t
830.0871 	EXP 	Display Frame 0
831.0876 	EXP 	Display Frame 0
832.0711 	DATA 	Keypress: t
832.0886 	EXP 	Display Frame 0
833.0878 	EXP 	Display Frame 0
834.0711 	DATA 	Keypress: t
834.0873 	EXP 	Display Frame 0
835.0875 	EXP 	Display Frame 0
836.0710 	DATA 	Keypress: t
836.0877 	EXP 	Display Frame 0
837.0749 	EXP 	Display Frame 0
838.0711 	DATA 	Keypress: t
838.0759 	EXP 	Display Frame 0
839.0768 	EXP 	Display Frame 0
840.0710 	DATA 	Keypress: t
840.0778 	EXP 	Display Frame 0
841.0777 	EXP 	Display Frame 0
842.0711 	DATA 	Keypress: t
842.0798 	EXP 	Display Frame 0
843.0710 	DATA 	Keypress: t
843.0797 	EXP 	Display Frame 0
844.0817 	EXP 	Display Frame 0
845.0819 	EXP 	Display Frame 0
846.0710 	DATA 	Keypress: t
846.0824 	EXP 	Display Frame 0
847.0711 	DATA 	Keypress: t
847.0844 	EXP 	Display Frame 0
847.1006 	EXP 	Display Fixation
849.1132 	DATA 	Keypress: t
850.7102 	DATA 	Keypress: t
852.9622 	DATA 	Keypress: t
854.5593 	DATA 	Keypress: t
856.8112 	DATA 	Keypress: t
858.4082 	DATA 	Keypress: t
860.6603 	DATA 	Keypress: t
862.2573 	DATA 	Keypress: t
864.5093 	DATA 	Keypress: t
866.1061 	DATA 	Keypress: t
868.3582 	DATA 	Keypress: t
869.9553 	DATA 	Keypress: t
872.2073 	DATA 	Keypress: t
873.8044 	DATA 	Keypress: t
876.0552 	DATA 	Keypress: t
877.6533 	DATA 	Keypress: t
878.6587 	EXP 	Display Frame 0
879.6600 	EXP 	Display Frame 0
880.6544 	DATA 	Keypress: t
880.6604 	EXP 	Display Frame 0
881.6544 	DATA 	Keypress: t
881.6612 	EXP 	Display Frame 0
882.6623 	EXP 	Display Frame 0
883.6639 	EXP 	Display Frame 0
884.6545 	DATA 	Keypress: t
884.6642 	EXP 	Display Frame 0
885.6544 	DATA 	Keypress: t
885.6657 	EXP 	Display Frame 0
886.6656 	EXP 	Display Frame 0
887.6545 	DATA 	Keypress: t
887.6675 	EXP 	Display Frame 0
888.6681 	EXP 	Display Frame 0
889.6544 	DATA 	Keypress: t
889.6694 	EXP 	Display Frame 0
890.6696 	EXP 	Display Frame 0
891.6545 	DATA 	Keypress: t
891.6688 	EXP 	Display Frame 0
892.6700 	EXP 	Display Frame 0
893.6545 	DATA 	Keypress: t
893.6695 	EXP 	Display Frame 0
894.6694 	EXP 	Display Frame 0
895.6545 	DATA 	Keypress: t
895.6694 	EXP 	Display Frame 0
896.6695 	EXP 	Display Frame 0
897.6545 	DATA 	Keypress: t
897.6701 	EXP 	Display Frame 0
898.6590 	EXP 	Display Frame 0
899.6545 	DATA 	Keypress: t
899.6593 	EXP 	Display Frame 0
900.6597 	EXP 	Display Frame 0
901.6545 	DATA 	Keypress: t
901.6616 	EXP 	Display Frame 0
902.6632 	EXP 	Display Frame 0
903.6544 	DATA 	Keypress: t
903.6636 	EXP 	Display Frame 0
904.6545 	DATA 	Keypress: t
904.6637 	EXP 	Display Frame 0
905.6643 	EXP 	Display Frame 0
906.6661 	EXP 	Display Frame 0
907.6546 	DATA 	Keypress: t
907.6668 	EXP 	Display Frame 0
908.6544 	DATA 	Keypress: t
908.6668 	EXP 	Display Frame 0
908.6843 	EXP 	Display Fixation
910.6964 	DATA 	Keypress: t
912.2935 	DATA 	Keypress: t
914.5444 	DATA 	Keypress: t
916.1424 	DATA 	Keypress: t
918.3936 	DATA 	Keypress: t
919.9915 	DATA 	Keypress: t
922.2424 	DATA 	Keypress: t
923.8396 	DATA 	Keypress: t
926.0916 	DATA 	Keypress: t
927.6886 	DATA 	Keypress: t
929.9405 	DATA 	Keypress: t
931.5374 	DATA 	Keypress: t
933.7895 	DATA 	Keypress: t
935.3866 	DATA 	Keypress: t
937.6386 	DATA 	Keypress: t
939.2356 	DATA 	Keypress: t
940.2433 	EXP 	Display Frame 0
941.2438 	EXP 	Display Frame 0
942.2367 	DATA 	Keypress: t
942.2444 	EXP 	Display Frame 0
943.2367 	DATA 	Keypress: t
943.2446 	EXP 	Display Frame 0
944.2459 	EXP 	Display Frame 0
945.2474 	EXP 	Display Frame 0
946.2368 	DATA 	Keypress: t
946.2482 	EXP 	Display Frame 0
947.2367 	DATA 	Keypress: t
947.2499 	EXP 	Display Frame 0
948.2500 	EXP 	Display Frame 0
949.2367 	DATA 	Keypress: t
949.2500 	EXP 	Display Frame 0
950.2517 	EXP 	Display Frame 0
951.2367 	DATA 	Keypress: t
951.2512 	EXP 	Display Frame 0
952.2519 	EXP 	Display Frame 0
953.2367 	DATA 	Keypress: t
953.2511 	EXP 	Display Frame 0
954.2512 	EXP 	Display Frame 0
955.2367 	DATA 	Keypress: t
955.2503 	EXP 	Display Frame 0
956.2511 	EXP 	Display Frame 0
957.2367 	DATA 	Keypress: t
957.2516 	EXP 	Display Frame 0
958.2413 	EXP 	Display Frame 0
959.2367 	DATA 	Keypress: t
959.2414 	EXP 	Display Frame 0
960.2423 	EXP 	Display Frame 0
961.2368 	DATA 	Keypress: t
961.2426 	EXP 	Display Frame 0
962.2447 	EXP 	Display Frame 0
963.2368 	DATA 	Keypress: t
963.2450 	EXP 	Display Frame 0
964.2462 	EXP 	Display Frame 0
965.2368 	DATA 	Keypress: t
965.2472 	EXP 	Display Frame 0
966.2368 	DATA 	Keypress: t
966.2478 	EXP 	Display Frame 0
967.2495 	EXP 	Display Frame 0
968.2488 	EXP 	Display Frame 0
969.2367 	DATA 	Keypress: t
969.2498 	EXP 	Display Frame 0
970.2368 	DATA 	Keypress: t
970.2505 	EXP 	Display Frame 0
970.2666 	EXP 	Display Fixation
972.2786 	DATA 	Keypress: t
973.8756 	DATA 	Keypress: t
976.1277 	DATA 	Keypress: t
977.7247 	DATA 	Keypress: t
979.9767 	DATA 	Keypress: t
981.5737 	DATA 	Keypress: t
983.8257 	DATA 	Keypress: t
985.4227 	DATA 	Keypress: t
987.6747 	DATA 	Keypress: t
989.2718 	DATA 	Keypress: t
991.5228 	DATA 	Keypress: t
993.1208 	DATA 	Keypress: t
995.3718 	DATA 	Keypress: t
996.9698 	DATA 	Keypress: t
999.2208 	DATA 	Keypress: t
1000.8188 	DATA 	Keypress: t
1001.8266 	EXP 	Display Frame 0
1002.8282 	EXP 	Display Frame 0
1003.8198 	DATA 	Keypress: t
1003.8278 	EXP 	Display Frame 0
1004.8198 	DATA 	Keypress: t
1004.8290 	EXP 	Display Frame 0
1005.8295 	EXP 	Display Frame 0
1006.8312 	EXP 	Display Frame 0
1007.8198 	DATA 	Keypress: t
1007.8323 	EXP 	Display Frame 0
1008.8199 	DATA 	Keypress: t
1008.8320 	EXP 	Display Frame 0
1009.8328 	EXP 	Display Frame 0
1010.8199 	DATA 	Keypress: t
1010.8322 	EXP 	Display Frame 0
1011.8329 	EXP 	Display Frame 0
1012.8199 	DATA 	Keypress: t
1012.8340 	EXP 	Display Frame 0
1013.8329 	EXP 	Display Frame 0
1014.8199 	DATA 	Keypress: t
1014.8328 	EXP 	Display Frame 0
1015.8329 	EXP 	Display Frame 0
1016.8199 	DATA 	Keypress: t
1016.8320 	EXP 	Display Frame 0
1017.8325 	EXP 	Display Frame 0
1018.8200 	DATA 	Keypress: t
1018.8319 	EXP 	Display Frame 0
1019.8242 	EXP 	Display Frame 0
1020.8199 	DATA 	Keypress: t
1020.8245 	EXP 	Display Frame 0
1021.8254 	EXP 	Display Frame 0
1022.8198 	DATA 	Keypress: t
1022.8273 	EXP 	Display Frame 0
1023.8279 	EXP 	Display Frame 0
1024.8199 	DATA 	Keypress: t
1024.8279 	EXP 	Display Frame 0
1025.8293 	EXP 	Display Frame 0
1026.8199 	DATA 	Keypress: t
1026.8305 	EXP 	Display Frame 0
1027.8199 	DATA 	Keypress: t
1027.8314 	EXP 	Display Frame 0
1028.8322 	EXP 	Display Frame 0
1029.8325 	EXP 	Display Frame 0
1030.8199 	DATA 	Keypress: t
1030.8316 	EXP 	Display Frame 0
1031.8198 	DATA 	Keypress: t
1031.8334 	EXP 	Display Frame 0
1031.8506 	EXP 	Display Fixation
1033.8611 	DATA 	Keypress: t
1035.4589 	DATA 	Keypress: t
1037.7100 	DATA 	Keypress: t
1039.3080 	DATA 	Keypress: t
1041.5589 	DATA 	Keypress: t
1043.1560 	DATA 	Keypress: t
1045.4081 	DATA 	Keypress: t
1047.0049 	DATA 	Keypress: t
1049.2570 	DATA 	Keypress: t
1050.8541 	DATA 	Keypress: t
1053.1060 	DATA 	Keypress: t
1054.7029 	DATA 	Keypress: t
1056.9551 	DATA 	Keypress: t
1058.5521 	DATA 	Keypress: t
1060.8040 	DATA 	Keypress: t
1062.4011 	DATA 	Keypress: t
1063.4110 	EXP 	Display Frame 0
1064.4113 	EXP 	Display Frame 0
1065.4024 	DATA 	Keypress: t
1065.4118 	EXP 	Display Frame 0
1066.4022 	DATA 	Keypress: t
1066.4130 	EXP 	Display Frame 0
1067.4140 	EXP 	Display Frame 0
1068.4145 	EXP 	Display Frame 0
1069.4023 	DATA 	Keypress: t
1069.4137 	EXP 	Display Frame 0
1070.4023 	DATA 	Keypress: t
1070.4138 	EXP 	Display Frame 0
1071.4140 	EXP 	Display Frame 0
1072.4022 	DATA 	Keypress: t
1072.4153 	EXP 	Display Frame 0
1073.4145 	EXP 	Display Frame 0
1074.4023 	DATA 	Keypress: t
1074.4136 	EXP 	Display Frame 0
1075.4140 	EXP 	Display Frame 0
1076.4023 	DATA 	Keypress: t
1076.4144 	EXP 	Display Frame 0
1077.4151 	EXP 	Display Frame 0
1078.4022 	DATA 	Keypress: t
1078.4141 	EXP 	Display Frame 0
1079.4068 	EXP 	Display Frame 0
1080.4023 	DATA 	Keypress: t
1080.4070 	EXP 	Display Frame 0
1081.4081 	EXP 	Display Frame 0
1082.4023 	DATA 	Keypress: t
1082.4099 	EXP 	Display Frame 0
1083.4100 	EXP 	Display Frame 0
1084.4023 	DATA 	Keypress: t
1084.4099 	EXP 	Display Frame 0
1085.4112 	EXP 	Display Frame 0
1086.4022 	DATA 	Keypress: t
1086.4126 	EXP 	Display Frame 0
1087.4138 	EXP 	Display Frame 0
1088.4023 	DATA 	Keypress: t
1088.4143 	EXP 	Display Frame 0
1089.4022 	DATA 	Keypress: t
1089.4141 	EXP 	Display Frame 0
1090.4139 	EXP 	Display Frame 0
1091.4133 	EXP 	Display Frame 0
1092.4023 	DATA 	Keypress: t
1092.4147 	EXP 	Display Frame 0
1093.4023 	DATA 	Keypress: t
1093.4138 	EXP 	Display Frame 0
1093.4298 	EXP 	Display Fixation
1095.4442 	DATA 	Keypress: t
1097.0412 	DATA 	Keypress: t
1099.2933 	DATA 	Keypress: t
1100.8903 	DATA 	Keypress: t
1103.1422 	DATA 	Keypress: t
1104.7392 	DATA 	Keypress: t
1106.9913 	DATA 	Keypress: t
1108.5883 	DATA 	Keypress: t
1110.8393 	DATA 	Keypress: t
1112.4374 	DATA 	Keypress: t
1114.6883 	DATA 	Keypress: t
1116.2863 	DATA 	Keypress: t
1118.5373 	DATA 	Keypress: t
1120.1343 	DATA 	Keypress: t
1122.3863 	DATA 	Keypress: t
1123.9833 	DATA 	Keypress: t
1124.9944 	EXP 	Display Frame 0
1125.9950 	EXP 	Display Frame 0
1126.9844 	DATA 	Keypress: t
1126.9960 	EXP 	Display Frame 0
1127.9844 	DATA 	Keypress: t
1127.9969 	EXP 	Display Frame 0
1128.9960 	EXP 	Display Frame 0
1129.9957 	EXP 	Display Frame 0
1130.9843 	DATA 	Keypress: t
1130.9963 	EXP 	Display Frame 0
1131.9843 	DATA 	Keypress: t
1131.9951 	EXP 	Display Frame 0
1132.9960 	EXP 	Display Frame 0
1133.9844 	DATA 	Keypress: t
1133.9959 	EXP 	Display Frame 0
1134.9947 	EXP 	Display Frame 0
1135.9843 	DATA 	Keypress: t
1135.9962 	EXP 	Display Frame 0
1136.9951 	EXP 	Display Frame 0
1137.9843 	DATA 	Keypress: t
1137.9963 	EXP 	Display Frame 0
1138.9888 	EXP 	Display Frame 0
1139.9844 	DATA 	Keypress: t
1139.9892 	EXP 	Display Frame 0
1140.9900 	EXP 	Display Frame 0
1141.9844 	DATA 	Keypress: t
1141.9915 	EXP 	Display Frame 0
1142.9927 	EXP 	Display Frame 0
1143.9844 	DATA 	Keypress: t
1143.9926 	EXP 	Display Frame 0
1144.9942 	EXP 	Display Frame 0
1145.9843 	DATA 	Keypress: t
1145.9950 	EXP 	Display Frame 0
1146.9958 	EXP 	Display Frame 0
1147.9843 	DATA 	Keypress: t
1147.9964 	EXP 	Display Frame 0
1148.9957 	EXP 	Display Frame 0
1149.9843 	DATA 	Keypress: t
1149.9948 	EXP 	Display Frame 0
1150.9843 	DATA 	Keypress: t
1150.9950 	EXP 	Display Frame 0
1151.9963 	EXP 	Display Frame 0
1152.9957 	EXP 	Display Frame 0
1153.9844 	DATA 	Keypress: t
1153.9944 	EXP 	Display Frame 0
1154.9843 	DATA 	Keypress: t
1154.9952 	EXP 	Display Frame 0
1155.0020 	EXP 	Display Fixation
1157.0265 	DATA 	Keypress: t
1158.6235 	DATA 	Keypress: t
1160.8755 	DATA 	Keypress: t
1162.4725 	DATA 	Keypress: t
1164.7246 	DATA 	Keypress: t
1166.3215 	DATA 	Keypress: t
1168.5735 	DATA 	Keypress: t
1170.1706 	DATA 	Keypress: t
1172.4225 	DATA 	Keypress: t
1174.0196 	DATA 	Keypress: t
1176.2715 	DATA 	Keypress: t
1177.8685 	DATA 	Keypress: t
1180.1205 	DATA 	Keypress: t
1181.7175 	DATA 	Keypress: t
1183.9696 	DATA 	Keypress: t
1185.5666 	DATA 	Keypress: t
1186.5777 	EXP 	Display Frame 0
1187.5783 	EXP 	Display Frame 0
1188.5677 	DATA 	Keypress: t
1188.5769 	EXP 	Display Frame 0
1189.5677 	DATA 	Keypress: t
1189.5770 	EXP 	Display Frame 0
1190.5772 	EXP 	Display Frame 0
1191.5772 	EXP 	Display Frame 0
1192.5676 	DATA 	Keypress: t
1192.5784 	EXP 	Display Frame 0
1193.5677 	DATA 	Keypress: t
1193.5766 	EXP 	Display Frame 0
1194.5775 	EXP 	Display Frame 0
1195.5677 	DATA 	Keypress: t
1195.5766 	EXP 	Display Frame 0
1196.5777 	EXP 	Display Frame 0
1197.5677 	DATA 	Keypress: t
1197.5778 	EXP 	Display Frame 0
1198.5771 	EXP 	Display Frame 0
1199.5677 	DATA 	Keypress: t
1199.5772 	EXP 	Display Frame 0
1200.5723 	EXP 	Display Frame 0
1201.5677 	DATA 	Keypress: t
1201.5725 	EXP 	Display Frame 0
1202.5736 	EXP 	Display Frame 0
1203.5678 	DATA 	Keypress: t
1203.5749 	EXP 	Display Frame 0
1204.5757 	EXP 	Display Frame 0
1205.5676 	DATA 	Keypress: t
1205.5762 	EXP 	Display Frame 0
1206.5766 	EXP 	Display Frame 0
1207.5677 	DATA 	Keypress: t
1207.5775 	EXP 	Display Frame 0
1208.5765 	EXP 	Display Frame 0
1209.5677 	DATA 	Keypress: t
1209.5772 	EXP 	Display Frame 0
1210.5770 	EXP 	Display Frame 0
1211.5677 	DATA 	Keypress: t
1211.5770 	EXP 	Display Frame 0
1212.5676 	DATA 	Keypress: t
1212.5775 	EXP 	Display Frame 0
1213.5772 	EXP 	Display Frame 0
1214.5772 	EXP 	Display Frame 0
1215.5677 	DATA 	Keypress: t
1215.5769 	EXP 	Display Frame 0
1216.5677 	DATA 	Keypress: t
1216.5759 	EXP 	Display Frame 0
1216.5861 	EXP 	Display Fixation
1218.6095 	DATA 	Keypress: t
1220.2066 	DATA 	Keypress: t
1222.4588 	DATA 	Keypress: t
1224.0557 	DATA 	Keypress: t
1226.3078 	DATA 	Keypress: t
1227.9047 	DATA 	Keypress: t
1230.1557 	DATA 	Keypress: t
1231.7539 	DATA 	Keypress: t
1234.0048 	DATA 	Keypress: t
1235.6027 	DATA 	Keypress: t
1237.8538 	DATA 	Keypress: t
1239.4508 	DATA 	Keypress: t
1241.7027 	DATA 	Keypress: t
1243.2999 	DATA 	Keypress: t
1245.5519 	DATA 	Keypress: t
1247.1488 	DATA 	Keypress: t
1248.1588 	EXP 	Display Frame 0
1249.1594 	EXP 	Display Frame 0
1250.1499 	DATA 	Keypress: t
1250.1597 	EXP 	Display Frame 0
1251.1499 	DATA 	Keypress: t
1251.1591 	EXP 	Display Frame 0
1252.1604 	EXP 	Display Frame 0
1253.1595 	EXP 	Display Frame 0
1254.1499 	DATA 	Keypress: t
1254.1590 	EXP 	Display Frame 0
1255.1499 	DATA 	Keypress: t
1255.1590 	EXP 	Display Frame 0
1256.1595 	EXP 	Display Frame 0
1257.1499 	DATA 	Keypress: t
1257.1597 	EXP 	Display Frame 0
1258.1592 	EXP 	Display Frame 0
1259.1499 	DATA 	Keypress: t
1259.1581 	EXP 	Display Frame 0
1260.1546 	EXP 	Display Frame 0
1261.1499 	DATA 	Keypress: t
1261.1557 	EXP 	Display Frame 0
1262.1562 	EXP 	Display Frame 0
1263.1500 	DATA 	Keypress: t
1263.1572 	EXP 	Display Frame 0
1264.1577 	EXP 	Display Frame 0
1265.1500 	DATA 	Keypress: t
1265.1577 	EXP 	Display Frame 0
1266.1590 	EXP 	Display Frame 0
1267.1500 	DATA 	Keypress: t
1267.1582 	EXP 	Display Frame 0
1268.1591 	EXP 	Display Frame 0
1269.1586 	EXP 	Display Frame 0
1270.1587 	EXP 	Display Frame 0
1271.1583 	EXP 	Display Frame 0
1272.1577 	EXP 	Display Frame 0
1273.1589 	EXP 	Display Frame 0
1274.1589 	EXP 	Display Frame 0
1275.1580 	EXP 	Display Frame 0
1276.1584 	EXP 	Display Frame 0
1277.1582 	EXP 	Display Frame 0
1278.1581 	EXP 	Display Frame 0
1279.1576 	EXP 	Display Frame 0
1280.1532 	EXP 	Display Frame 0
1281.1544 	EXP 	Display Frame 0
1282.1561 	EXP 	Display Frame 0
1283.1566 	EXP 	Display Frame 0
1284.1566 	EXP 	Display Frame 0
1285.1588 	EXP 	Display Frame 0
1286.1576 	EXP 	Display Frame 0
1287.1590 	EXP 	Display Frame 0
1288.1577 	EXP 	Display Frame 0
1289.1583 	EXP 	Display Frame 0
1290.1581 	EXP 	Display Frame 0
1291.1584 	EXP 	Display Frame 0
1292.1583 	EXP 	Display Frame 0
1293.1575 	EXP 	Display Frame 0
1294.1580 	EXP 	Display Frame 0
1295.1580 	EXP 	Display Frame 0
1296.1580 	EXP 	Display Frame 0
1297.1584 	EXP 	Display Frame 0
1298.1580 	EXP 	Display Frame 0
1299.1578 	EXP 	Display Frame 0
1300.1532 	EXP 	Display Frame 0
1301.1546 	EXP 	Display Frame 0
1302.1561 	EXP 	Display Frame 0
1303.1553 	EXP 	Display Frame 0
1304.1562 	EXP 	Display Frame 0
1305.1576 	EXP 	Display Frame 0
1306.1574 	EXP 	Display Frame 0
1307.1582 	EXP 	Display Frame 0
1308.1575 	EXP 	Display Frame 0
1309.1568 	EXP 	Display Frame 0
1310.1580 	EXP 	Display Frame 0
1311.1576 	EXP 	Display Frame 0
1312.1571 	EXP 	Display Frame 0
1313.1565 	EXP 	Display Frame 0
1314.1567 	EXP 	Display Frame 0
1315.1565 	EXP 	Display Frame 0
1316.1565 	EXP 	Display Frame 0
1317.1571 	EXP 	Display Frame 0
1318.1565 	EXP 	Display Frame 0
1319.1564 	EXP 	Display Frame 0
1320.1563 	EXP 	Display Frame 0
1321.1544 	EXP 	Display Frame 0
1322.1549 	EXP 	Display Frame 0
1323.1555 	EXP 	Display Frame 0
1324.1567 	EXP 	Display Frame 0
1325.1566 	EXP 	Display Frame 0
1326.1567 	EXP 	Display Frame 0
1327.1572 	EXP 	Display Frame 0
1328.1569 	EXP 	Display Frame 0
1329.1567 	EXP 	Display Frame 0
1330.1567 	EXP 	Display Frame 0
1331.1567 	EXP 	Display Frame 0
1332.1570 	EXP 	Display Frame 0
1333.1566 	EXP 	Display Frame 0
1334.1567 	EXP 	Display Frame 0
1335.1566 	EXP 	Display Frame 0
1336.1567 	EXP 	Display Frame 0
1337.1573 	EXP 	Display Frame 0
1338.1569 	EXP 	Display Frame 0
1339.1567 	EXP 	Display Frame 0
1340.1566 	EXP 	Display Frame 0
1341.1530 	EXP 	Display Frame 0
1342.1550 	EXP 	Display Frame 0
1343.1555 	EXP 	Display Frame 0
1344.1556 	EXP 	Display Frame 0
1345.1563 	EXP 	Display Frame 0
1346.1563 	EXP 	Display Frame 0
1347.1562 	EXP 	Display Frame 0
1348.1555 	EXP 	Display Frame 0
1349.1554 	EXP 	Display Frame 0
1350.1555 	EXP 	Display Frame 0
1351.1567 	EXP 	Display Frame 0
1352.1560 	EXP 	Display Frame 0
1353.1554 	EXP 	Display Frame 0
1354.1555 	EXP 	Display Frame 0
1355.1555 	EXP 	Display Frame 0
1356.1553 	EXP 	Display Frame 0
1357.1560 	EXP 	Display Frame 0
1358.1555 	EXP 	Display Frame 0
1359.1552 	EXP 	Display Frame 0
1360.1552 	EXP 	Display Frame 0
1361.1531 	EXP 	Display Frame 0
1362.1551 	EXP 	Display Frame 0
1363.1556 	EXP 	Display Frame 0
1364.1556 	EXP 	Display Frame 0
1365.1555 	EXP 	Display Frame 0
1366.1556 	EXP 	Display Frame 0
1367.1561 	EXP 	Display Frame 0
1368.1557 	EXP 	Display Frame 0
1369.1557 	EXP 	Display Frame 0
1370.1559 	EXP 	Display Frame 0
1371.1556 	EXP 	Display Frame 0
1372.1561 	EXP 	Display Frame 0
1373.1556 	EXP 	Display Frame 0
1374.1558 	EXP 	Display Frame 0
1375.1556 	EXP 	Display Frame 0
1376.1556 	EXP 	Display Frame 0
1377.1558 	EXP 	Display Frame 0
1378.1555 	EXP 	Display Frame 0
1379.1556 	EXP 	Display Frame 0
1380.1554 	EXP 	Display Frame 0
1381.1556 	EXP 	Display Frame 0
1382.1537 	EXP 	Display Frame 0
1383.1544 	EXP 	Display Frame 0
1384.1557 	EXP 	Display Frame 0
1385.1556 	EXP 	Display Frame 0
1386.1556 	EXP 	Display Frame 0
1387.1560 	EXP 	Display Frame 0
1388.1555 	EXP 	Display Frame 0
1389.1544 	EXP 	Display Frame 0
1390.1543 	EXP 	Display Frame 0
1391.1544 	EXP 	Display Frame 0
1392.1558 	EXP 	Display Frame 0
1393.1544 	EXP 	Display Frame 0
1394.1542 	EXP 	Display Frame 0
1395.1545 	EXP 	Display Frame 0
1396.1544 	EXP 	Display Frame 0
1397.1550 	EXP 	Display Frame 0
1398.1545 	EXP 	Display Frame 0
1399.1545 	EXP 	Display Frame 0
1400.1543 	EXP 	Display Frame 0
1401.1543 	EXP 	Display Frame 0
1402.1538 	EXP 	Display Frame 0
1403.1544 	EXP 	Display Frame 0
1404.1545 	EXP 	Display Frame 0
1405.1544 	EXP 	Display Frame 0
1406.1544 	EXP 	Display Frame 0
1407.1549 	EXP 	Display Frame 0
1408.1545 	EXP 	Display Frame 0
1409.1544 	EXP 	Display Frame 0
1410.1544 	EXP 	Display Frame 0
1411.1544 	EXP 	Display Frame 0
1412.1549 	EXP 	Display Frame 0
1413.1545 	EXP 	Display Frame 0
1414.1544 	EXP 	Display Frame 0
1415.1543 	EXP 	Display Frame 0
1416.1542 	EXP 	Display Frame 0
1417.1549 	EXP 	Display Frame 0
1418.1544 	EXP 	Display Frame 0
1419.1545 	EXP 	Display Frame 0
1420.1544 	EXP 	Display Frame 0
1421.1544 	EXP 	Display Frame 0
1422.1550 	EXP 	Display Frame 0
1423.1545 	EXP 	Display Frame 0
1424.1543 	EXP 	Display Frame 0
1425.1544 	EXP 	Display Frame 0
1426.1544 	EXP 	Display Frame 0
1427.1550 	EXP 	Display Frame 0
1428.1533 	EXP 	Display Frame 0
1429.1545 	EXP 	Display Frame 0
1430.1534 	EXP 	Display Frame 0
1431.1545 	EXP 	Display Frame 0
1432.1536 	EXP 	Display Frame 0
1433.1532 	EXP 	Display Frame 0
1434.1532 	EXP 	Display Frame 0
1435.1532 	EXP 	Display Frame 0
1436.1531 	EXP 	Display Frame 0
1437.1536 	EXP 	Display Frame 0
1438.1533 	EXP 	Display Frame 0
1439.1532 	EXP 	Display Frame 0
1440.1532 	EXP 	Display Frame 0
1441.1532 	EXP 	Display Frame 0
1442.1537 	EXP 	Display Frame 0
1443.1532 	EXP 	Display Frame 0
1444.1532 	EXP 	Display Frame 0
1445.1531 	EXP 	Display Frame 0
1446.1532 	EXP 	Display Frame 0
1447.1537 	EXP 	Display Frame 0
1448.1533 	EXP 	Display Frame 0
1449.1533 	EXP 	Display Frame 0
1450.1532 	EXP 	Display Frame 0
1451.1533 	EXP 	Display Frame 0
1452.1621 	EXP 	Display Frame 0
1453.1619 	EXP 	Display Frame 0
1454.1532 	EXP 	Display Frame 0
1455.1643 	EXP 	Display Frame 0
1456.1532 	EXP 	Display Frame 0
1457.1666 	EXP 	Display Frame 0
1458.1660 	EXP 	Display Frame 0
1459.1668 	EXP 	Display Frame 0
1460.1685 	EXP 	Display Frame 0
1461.1692 	EXP 	Display Frame 0
1462.1709 	EXP 	Display Frame 0
1463.1533 	EXP 	Display Frame 0
1464.1544 	EXP 	Display Frame 0
1465.1555 	EXP 	Display Frame 0
1466.1553 	EXP 	Display Frame 0
1467.1574 	EXP 	Display Frame 0
1468.1579 	EXP 	Display Frame 0
1469.1591 	EXP 	Display Frame 0
1470.1591 	EXP 	Display Frame 0
1471.1613 	EXP 	Display Frame 0
1472.1615 	EXP 	Display Frame 0
1473.1623 	EXP 	Display Frame 0
1474.1632 	EXP 	Display Frame 0
1475.1640 	EXP 	Display Frame 0
1476.1652 	EXP 	Display Frame 0
1477.1665 	EXP 	Display Frame 0
1478.1656 	EXP 	Display Frame 0
1479.1673 	EXP 	Display Frame 0
1480.1681 	EXP 	Display Frame 0
1481.1690 	EXP 	Display Frame 0
1482.1697 	EXP 	Display Frame 0
1483.1690 	EXP 	Display Frame 0
1484.1545 	EXP 	Display Frame 0
1485.1542 	EXP 	Display Frame 0
1486.1557 	EXP 	Display Frame 0
1487.1572 	EXP 	Display Frame 0
1488.1567 	EXP 	Display Frame 0
1489.1583 	EXP 	Display Frame 0
1490.1586 	EXP 	Display Frame 0
1491.1606 	EXP 	Display Frame 0
1492.1619 	EXP 	Display Frame 0
1493.1621 	EXP 	Display Frame 0
1494.1620 	EXP 	Display Frame 0
1495.1629 	EXP 	Display Frame 0
1496.1633 	EXP 	Display Frame 0
1497.1659 	EXP 	Display Frame 0
1498.1661 	EXP 	Display Frame 0
1499.1669 	EXP 	Display Frame 0
1500.1669 	EXP 	Display Frame 0
1501.1679 	EXP 	Display Frame 0
1502.1699 	EXP 	Display Frame 0
1503.1693 	EXP 	Display Frame 0
1504.1533 	EXP 	Display Frame 0
1505.1546 	EXP 	Display Frame 0
1506.1557 	EXP 	Display Frame 0
1507.1560 	EXP 	Display Frame 0
1508.1563 	EXP 	Display Frame 0
1509.1572 	EXP 	Display Frame 0
1510.1593 	EXP 	Display Frame 0
1511.1601 	EXP 	Display Frame 0
1512.1606 	EXP 	Display Frame 0
1513.1609 	EXP 	Display Frame 0
1514.1617 	EXP 	Display Frame 0
1515.1631 	EXP 	Display Frame 0
1516.1638 	EXP 	Display Frame 0
1517.1657 	EXP 	Display Frame 0
1518.1649 	EXP 	Display Frame 0
1519.1658 	EXP 	Display Frame 0
1520.1679 	EXP 	Display Frame 0
1521.1684 	EXP 	Display Frame 0
1522.1697 	EXP 	Display Frame 0
1523.1679 	EXP 	Display Frame 0
1524.1534 	EXP 	Display Frame 0
1525.1545 	EXP 	Display Frame 0
1526.1556 	EXP 	Display Frame 0
1527.1561 	EXP 	Display Frame 0
1528.1568 	EXP 	Display Frame 0
1529.1580 	EXP 	Display Frame 0
1530.1589 	EXP 	Display Frame 0
1531.1591 	EXP 	Display Frame 0
1532.1607 	EXP 	Display Frame 0
1533.1618 	EXP 	Display Frame 0
1534.1622 	EXP 	Display Frame 0
1535.1630 	EXP 	Display Frame 0
1536.1628 	EXP 	Display Frame 0
1537.1647 	EXP 	Display Frame 0
1538.1656 	EXP 	Display Frame 0
1539.1663 	EXP 	Display Frame 0
1540.1670 	EXP 	Display Frame 0
1541.1681 	EXP 	Display Frame 0
1542.1687 	EXP 	Display Frame 0
1543.1681 	EXP 	Display Frame 0
1544.1677 	EXP 	Display Frame 0
1545.1533 	EXP 	Display Frame 0
1546.1545 	EXP 	Display Frame 0
1547.1563 	EXP 	Display Frame 0
1548.1565 	EXP 	Display Frame 0
1549.1567 	EXP 	Display Frame 0
1550.1582 	EXP 	Display Frame 0
1551.1587 	EXP 	Display Frame 0
1552.1604 	EXP 	Display Frame 0
1553.1608 	EXP 	Display Frame 0
1554.1607 	EXP 	Display Frame 0
1555.1626 	EXP 	Display Frame 0
1556.1640 	EXP 	Display Frame 0
1557.1648 	EXP 	Display Frame 0
1558.1652 	EXP 	Display Frame 0
1559.1660 	EXP 	Display Frame 0
1560.1667 	EXP 	Display Frame 0
1561.1682 	EXP 	Display Frame 0
1562.1688 	EXP 	Display Frame 0
1563.1668 	EXP 	Display Frame 0
1564.1668 	EXP 	Display Frame 0
1565.1534 	EXP 	Display Frame 0
1566.1544 	EXP 	Display Frame 0
1567.1552 	EXP 	Display Frame 0
1568.1554 	EXP 	Display Frame 0
1569.1565 	EXP 	Display Frame 0
1570.1581 	EXP 	Display Frame 0
1571.1589 	EXP 	Display Frame 0
1572.1590 	EXP 	Display Frame 0
1573.1595 	EXP 	Display Frame 0
1574.1608 	EXP 	Display Frame 0
1575.1616 	EXP 	Display Frame 0
1576.1635 	EXP 	Display Frame 0
1577.1649 	EXP 	Display Frame 0
1578.1641 	EXP 	Display Frame 0
1579.1649 	EXP 	Display Frame 0
1580.1657 	EXP 	Display Frame 0
1581.1674 	EXP 	Display Frame 0
1582.1677 	EXP 	Display Frame 0
1583.1672 	EXP 	Display Frame 0
1584.1671 	EXP 	Display Frame 0
1585.1671 	EXP 	Display Frame 0
1586.1547 	EXP 	Display Frame 0
1587.1552 	EXP 	Display Frame 0
1588.1560 	EXP 	Display Frame 0
1589.1559 	EXP 	Display Frame 0
1590.1580 	EXP 	Display Frame 0
1591.1580 	EXP 	Display Frame 0
1592.1599 	EXP 	Display Frame 0
1593.1606 	EXP 	Display Frame 0
1594.1614 	EXP 	Display Frame 0
1595.1619 	EXP 	Display Frame 0
1596.1632 	EXP 	Display Frame 0
1597.1638 	EXP 	Display Frame 0
1598.1637 	EXP 	Display Frame 0
1599.1653 	EXP 	Display Frame 0
1600.1663 	EXP 	Display Frame 0
1601.1659 	EXP 	Display Frame 0
1602.1665 	EXP 	Display Frame 0
1603.1666 	EXP 	Display Frame 0
1604.1655 	EXP 	Display Frame 0
1605.1666 	EXP 	Display Frame 0
1606.1532 	EXP 	Display Frame 0
1607.1552 	EXP 	Display Frame 0
1608.1561 	EXP 	Display Frame 0
1609.1567 	EXP 	Display Frame 0
1610.1569 	EXP 	Display Frame 0
1611.1592 	EXP 	Display Frame 0
1612.1601 	EXP 	Display Frame 0
1613.1600 	EXP 	Display Frame 0
1614.1605 	EXP 	Display Frame 0
1615.1648 	EXP 	Display Frame 0
1616.1671 	EXP 	Display Frame 0
1617.1667 	EXP 	Display Frame 0
1618.1714 	EXP 	Display Frame 0
1619.1671 	EXP 	Display Frame 0
1620.1697 	EXP 	Display Frame 0
1621.1710 	EXP 	Display Frame 0
1622.1660 	EXP 	Display Frame 0
1623.1499 	DATA 	Keypress: escape
1623.1661 	EXP 	Display Frame 0
1623.2014 	EXP 	topMsg: text = "Thank you very much! \n\nThat's it with the tapping"
1623.2014 	EXP 	bottomMsg: text = "Please relax for the ramaining time \n\n Press 'q' or 'escape' to end the session."
1623.2014 	EXP 	Display TheEnd
1756.3326 	DATA 	Keypress: escape
