12.3058 	INFO 	---START PARAMETERS---
12.3058 	INFO 	filename: TappingWithTrTiming_Movie_d3.py-tt1-97-Dec_12_1729
12.3058 	INFO 	subject: tt1
12.3058 	INFO 	session: 97
12.3058 	INFO 	date: Dec_12_1729
12.3058 	INFO 	blockDur_TRs: 210
12.3058 	INFO 	condition: vis
12.3058 	INFO 	fixCrossPos: [0, 0]
12.3058 	INFO 	fixCrossSize: 100
12.3058 	INFO 	fullScreen: True
12.3058 	INFO 	movieFolder: Images/
12.3058 	INFO 	movieSize: (1600, 1000)
12.3058 	INFO 	nBlocks: 68
12.3058 	INFO 	promptDir: Text/
12.3059 	INFO 	restDur_TRs: 210
12.3059 	INFO 	screenColor: (128, 128, 128)
12.3059 	INFO 	screenToShow: 0
12.3059 	INFO 	skipPrompts: False
12.3059 	INFO 	tStartup_TRs: 0
12.3059 	INFO 	textHeight: 40
12.3059 	INFO 	triggerKey: t
12.3059 	INFO 	---END PARAMETERS---
12.3571 	WARNING 	Movie2 stim could not be imported and won't be available
12.7181 	INFO 	Loaded monitor calibration from ['2019_02_04 16:32']
13.1614 	EXP 	Created win = Window(allowGUI=False, allowStencil=False, autoLog=True, bitsMode=UNKNOWN, blendMode='avg', color=array([ 128.,  128.,  128.]), colorSpace='rgb255', fullscr=UNKNOWN, gamma=None, lms=UNKNOWN, monitor=<psychopy.monitors.calibTools.Monitor instance at 0x10c898a0>, name='win', pos=[0, 0], screen=0, size=array([1024,  640]), stereo=False, units='deg', useFBO=False, viewOri=0.0, viewPos=None, viewScale=None, waitBlanking=True, winType='pyglet')
13.1629 	EXP 	Created fixCross = ShapeStim(autoDraw=False, autoLog=True, closeShape=False, contrast=1.0, depth=0, fillColor=None, fillColorSpace='rgb', fillRGB=None, interpolate=True, lineColor='#000000', lineColorSpace='hex', lineRGB=array([0, 0, 0]), lineWidth=3.0, name='fixCross', opacity=1.0, ori=array(0.0), pos=array([ 0.,  0.]), size=array([ 1.,  1.]), units='pix', vertices=ndarray(...), win=Window(...))
13.2072 	EXP 	Created topMsg = TextStim(alignHoriz='center', alignVert='center', antialias=True, autoLog=True, bold=False, color='#000000', colorSpace='hex', contrast=1.0, depth=0, flipHoriz=False, flipVert=False, font='', fontFiles=[], height=0.1, italic=False, name='topMsg', opacity=1.0, ori=0.0, pos=array([ 0. ,  0.5]), rgb=array([0, 0, 0]), text=u'aaa', units='norm', win=Window(...), wrapWidth=1.5)
13.2109 	EXP 	Created bottomMsg = TextStim(alignHoriz='center', alignVert='center', antialias=True, autoLog=True, bold=False, color='#000000', colorSpace='hex', contrast=1.0, depth=0, flipHoriz=False, flipVert=False, font='', fontFiles=[], height=0.1, italic=False, name='bottomMsg', opacity=1.0, ori=0.0, pos=array([ 0. , -0.5]), rgb=array([0, 0, 0]), text=u'bbb', units='norm', win=Window(...), wrapWidth=1.5)
13.2221 	EXP 	Created Movie Frame 0 = ImageStim(autoLog=True, color=array([ 1.,  1.,  1.]), colorSpace='rgb', contrast=1.0, depth=0, flipHoriz=False, flipVert=False, image='Images/visual_0.png', interpolate=False, mask=None, maskParams=None, name='Movie Frame 0', opacity=1.0, ori=0.0, pos=array([ 0.,  0.]), size=array([ 1600.,  1000.]), texRes=128, units='pix', win=Window(...))
13.2300 	EXP 	Created Movie Frame 1 = ImageStim(autoLog=True, color=array([ 1.,  1.,  1.]), colorSpace='rgb', contrast=1.0, depth=0, flipHoriz=False, flipVert=False, image='Images/visual_1.png', interpolate=False, mask=None, maskParams=None, name='Movie Frame 1', opacity=1.0, ori=0.0, pos=array([ 0.,  0.]), size=array([ 1600.,  1000.]), texRes=128, units='pix', win=Window(...))
13.2417 	EXP 	Created unnamed TextStim = TextStim(alignHoriz='center', alignVert='center', antialias=True, autoLog=True, bold=False, color='#000000', colorSpace='hex', contrast=1.0, depth=0, flipHoriz=False, flipVert=False, font='', fontFiles=[], height=40, italic=False, name='unnamed TextStim', opacity=1.0, ori=0.0, pos=array([   0.,  580.]), rgb=array([0, 0, 0]), text=u'look at the center', units='pix', win=Window(...), wrapWidth=1600)
13.2922 	EXP 	topMsg: text = 'You will see a flickering checkerboard. When it is on the screen, try to fixate the center of the checkerboard. When the fixation cross appears, relax and stare at the cross.'
13.2922 	EXP 	bottomMsg: text = 'The experiment will begin shortly'
13.2922 	EXP 	Display Instructions1
42.3740 	DATA 	Keypress: t
42.3905 	EXP 	topMsg: text = "Please don't move..."
42.3905 	EXP 	bottomMsg: text = ''
42.3905 	EXP 	PleaseDontMove
42.4364 	DATA 	Keypress: t
42.4500 	EXP 	Display Fixation
42.4500 	EXP 	---START EXPERIMENT---
42.4666 	EXP 	Display Fixation
42.5075 	DATA 	Keypress: t
42.5794 	DATA 	Keypress: t
42.6505 	DATA 	Keypress: t
42.7214 	DATA 	Keypress: t
42.7935 	DATA 	Keypress: t
42.8645 	DATA 	Keypress: t
42.9365 	DATA 	Keypress: t
43.0074 	DATA 	Keypress: t
43.0785 	DATA 	Keypress: t
43.1504 	DATA 	Keypress: t
43.2215 	DATA 	Keypress: t
43.2935 	DATA 	Keypress: t
43.3643 	DATA 	Keypress: t
43.4365 	DATA 	Keypress: t
43.5075 	DATA 	Keypress: t
43.5795 	DATA 	Keypress: t
43.6503 	DATA 	Keypress: t
43.7215 	DATA 	Keypress: t
43.7935 	DATA 	Keypress: t
43.8644 	DATA 	Keypress: t
43.9365 	DATA 	Keypress: t
44.0075 	DATA 	Keypress: t
44.0785 	DATA 	Keypress: t
44.1505 	DATA 	Keypress: t
44.2214 	DATA 	Keypress: t
44.2935 	DATA 	Keypress: t
44.3643 	DATA 	Keypress: t
44.4364 	DATA 	Keypress: t
44.5076 	DATA 	Keypress: t
44.5795 	DATA 	Keypress: t
44.6503 	DATA 	Keypress: t
44.7214 	DATA 	Keypress: t
44.7936 	DATA 	Keypress: t
44.8644 	DATA 	Keypress: t
44.9364 	DATA 	Keypress: t
45.0074 	DATA 	Keypress: t
45.0786 	DATA 	Keypress: t
45.1504 	DATA 	Keypress: t
45.2215 	DATA 	Keypress: t
45.2936 	DATA 	Keypress: t
45.3644 	DATA 	Keypress: t
45.4365 	DATA 	Keypress: t
45.5075 	DATA 	Keypress: t
45.5793 	DATA 	Keypress: t
45.6504 	DATA 	Keypress: t
45.7214 	DATA 	Keypress: t
45.7935 	DATA 	Keypress: t
45.8644 	DATA 	Keypress: t
45.9365 	DATA 	Keypress: t
46.0075 	DATA 	Keypress: t
46.0784 	DATA 	Keypress: t
46.1504 	DATA 	Keypress: t
46.2215 	DATA 	Keypress: t
46.2925 	DATA 	Keypress: t
46.3644 	DATA 	Keypress: t
46.4365 	DATA 	Keypress: t
46.5075 	DATA 	Keypress: t
46.5795 	DATA 	Keypress: t
46.6503 	DATA 	Keypress: t
46.7214 	DATA 	Keypress: t
46.7935 	DATA 	Keypress: t
46.8644 	DATA 	Keypress: t
46.9354 	DATA 	Keypress: t
47.0075 	DATA 	Keypress: t
47.0784 	DATA 	Keypress: t
47.1505 	DATA 	Keypress: t
47.2214 	DATA 	Keypress: t
47.2934 	DATA 	Keypress: t
47.3643 	DATA 	Keypress: t
47.4364 	DATA 	Keypress: t
47.5075 	DATA 	Keypress: t
47.5785 	DATA 	Keypress: t
47.6503 	DATA 	Keypress: t
47.7215 	DATA 	Keypress: t
47.7935 	DATA 	Keypress: t
47.8644 	DATA 	Keypress: t
47.9355 	DATA 	Keypress: t
48.0074 	DATA 	Keypress: t
48.0785 	DATA 	Keypress: t
48.1505 	DATA 	Keypress: t
48.2214 	DATA 	Keypress: t
48.2926 	DATA 	Keypress: t
48.3643 	DATA 	Keypress: t
48.4367 	DATA 	Keypress: t
48.5075 	DATA 	Keypress: t
48.5785 	DATA 	Keypress: t
48.6503 	DATA 	Keypress: t
48.7214 	DATA 	Keypress: t
48.7934 	DATA 	Keypress: t
48.8643 	DATA 	Keypress: t
48.9355 	DATA 	Keypress: t
49.0075 	DATA 	Keypress: t
49.0784 	DATA 	Keypress: t
49.1505 	DATA 	Keypress: t
49.2213 	DATA 	Keypress: t
49.2924 	DATA 	Keypress: t
49.3644 	DATA 	Keypress: t
49.4364 	DATA 	Keypress: t
49.5075 	DATA 	Keypress: t
49.5784 	DATA 	Keypress: t
49.6503 	DATA 	Keypress: t
49.7215 	DATA 	Keypress: t
49.7935 	DATA 	Keypress: t
49.8643 	DATA 	Keypress: t
49.9354 	DATA 	Keypress: t
50.0074 	DATA 	Keypress: t
50.0783 	DATA 	Keypress: t
50.1504 	DATA 	Keypress: t
50.2214 	DATA 	Keypress: t
50.2925 	DATA 	Keypress: t
50.3643 	DATA 	Keypress: t
50.4364 	DATA 	Keypress: t
50.5074 	DATA 	Keypress: t
50.5784 	DATA 	Keypress: t
50.6503 	DATA 	Keypress: t
50.7215 	DATA 	Keypress: t
50.7935 	DATA 	Keypress: t
50.8643 	DATA 	Keypress: t
50.9354 	DATA 	Keypress: t
51.0074 	DATA 	Keypress: t
51.0784 	DATA 	Keypress: t
51.1504 	DATA 	Keypress: t
51.2214 	DATA 	Keypress: t
51.2924 	DATA 	Keypress: t
51.3643 	DATA 	Keypress: t
51.4364 	DATA 	Keypress: t
51.5074 	DATA 	Keypress: t
51.5784 	DATA 	Keypress: t
51.6503 	DATA 	Keypress: t
51.7213 	DATA 	Keypress: t
51.7934 	DATA 	Keypress: t
51.8644 	DATA 	Keypress: t
51.9352 	DATA 	Keypress: t
52.0074 	DATA 	Keypress: t
52.0784 	DATA 	Keypress: t
52.1504 	DATA 	Keypress: t
52.2214 	DATA 	Keypress: t
52.2926 	DATA 	Keypress: t
52.3642 	DATA 	Keypress: t
52.4363 	DATA 	Keypress: t
52.5074 	DATA 	Keypress: t
52.5784 	DATA 	Keypress: t
52.6502 	DATA 	Keypress: t
52.7214 	DATA 	Keypress: t
52.7934 	DATA 	Keypress: t
52.8643 	DATA 	Keypress: t
52.9354 	DATA 	Keypress: t
53.0074 	DATA 	Keypress: t
53.0784 	DATA 	Keypress: t
53.1504 	DATA 	Keypress: t
53.2214 	DATA 	Keypress: t
53.2924 	DATA 	Keypress: t
53.3643 	DATA 	Keypress: t
53.4364 	DATA 	Keypress: t
53.5074 	DATA 	Keypress: t
53.5784 	DATA 	Keypress: t
53.6504 	DATA 	Keypress: t
53.7215 	DATA 	Keypress: t
53.7935 	DATA 	Keypress: t
53.8644 	DATA 	Keypress: t
53.9354 	DATA 	Keypress: t
54.0074 	DATA 	Keypress: t
54.0784 	DATA 	Keypress: t
54.1503 	DATA 	Keypress: t
54.2213 	DATA 	Keypress: t
54.2924 	DATA 	Keypress: t
54.3644 	DATA 	Keypress: t
54.4364 	DATA 	Keypress: t
54.5075 	DATA 	Keypress: t
54.5782 	DATA 	Keypress: t
54.6504 	DATA 	Keypress: t
54.7215 	DATA 	Keypress: t
54.7934 	DATA 	Keypress: t
54.8643 	DATA 	Keypress: t
54.9355 	DATA 	Keypress: t
55.0074 	DATA 	Keypress: t
55.0785 	DATA 	Keypress: t
55.1503 	DATA 	Keypress: t
55.2214 	DATA 	Keypress: t
55.2923 	DATA 	Keypress: t
55.3644 	DATA 	Keypress: t
55.4363 	DATA 	Keypress: t
55.5073 	DATA 	Keypress: t
55.5785 	DATA 	Keypress: t
55.6502 	DATA 	Keypress: t
55.7214 	DATA 	Keypress: t
55.7934 	DATA 	Keypress: t
55.8642 	DATA 	Keypress: t
55.9354 	DATA 	Keypress: t
56.0074 	DATA 	Keypress: t
56.0783 	DATA 	Keypress: t
56.1505 	DATA 	Keypress: t
56.2214 	DATA 	Keypress: t
56.2924 	DATA 	Keypress: t
56.3644 	DATA 	Keypress: t
56.4365 	DATA 	Keypress: t
56.5074 	DATA 	Keypress: t
56.5784 	DATA 	Keypress: t
56.6504 	DATA 	Keypress: t
56.7214 	DATA 	Keypress: t
56.7934 	DATA 	Keypress: t
56.8643 	DATA 	Keypress: t
56.9354 	DATA 	Keypress: t
57.0074 	DATA 	Keypress: t
57.0783 	DATA 	Keypress: t
57.1504 	DATA 	Keypress: t
57.2214 	DATA 	Keypress: t
57.2924 	DATA 	Keypress: t
57.3642 	DATA 	Keypress: t
57.4362 	DATA 	Keypress: t
57.5627 	DATA 	Keypress: t
57.5735 	EXP 	Display Frame 1
57.6872 	DATA 	Keypress: t
57.6882 	DATA 	Keypress: t
57.6955 	EXP 	Display Frame 0
57.8122 	DATA 	Keypress: t
57.8134 	DATA 	Keypress: t
57.8236 	EXP 	Display Frame 1
57.9372 	DATA 	Keypress: t
57.9381 	DATA 	Keypress: t
57.9456 	EXP 	Display Frame 0
58.0627 	DATA 	Keypress: t
58.0733 	EXP 	Display Frame 1
58.1872 	DATA 	Keypress: t
58.1882 	DATA 	Keypress: t
58.1961 	EXP 	Display Frame 0
58.3122 	DATA 	Keypress: t
58.3132 	DATA 	Keypress: t
58.3239 	EXP 	Display Frame 1
58.4372 	DATA 	Keypress: t
58.4381 	DATA 	Keypress: t
58.4456 	EXP 	Display Frame 0
58.5627 	DATA 	Keypress: t
58.5726 	EXP 	Display Frame 1
58.6872 	DATA 	Keypress: t
58.6882 	DATA 	Keypress: t
58.6958 	EXP 	Display Frame 0
58.8123 	DATA 	Keypress: t
58.8132 	DATA 	Keypress: t
58.8237 	EXP 	Display Frame 1
58.9371 	DATA 	Keypress: t
58.9381 	DATA 	Keypress: t
58.9463 	EXP 	Display Frame 0
59.0626 	DATA 	Keypress: t
59.0734 	EXP 	Display Frame 1
59.1871 	DATA 	Keypress: t
59.1881 	DATA 	Keypress: t
59.1972 	EXP 	Display Frame 0
59.3122 	DATA 	Keypress: t
59.3131 	DATA 	Keypress: t
59.3230 	EXP 	Display Frame 1
59.4372 	DATA 	Keypress: t
59.4384 	DATA 	Keypress: t
59.4468 	EXP 	Display Frame 0
59.5627 	DATA 	Keypress: t
59.5728 	EXP 	Display Frame 1
59.6872 	DATA 	Keypress: t
59.6881 	DATA 	Keypress: t
59.6966 	EXP 	Display Frame 0
59.8122 	DATA 	Keypress: t
59.8132 	DATA 	Keypress: t
59.8238 	EXP 	Display Frame 1
59.9371 	DATA 	Keypress: t
59.9381 	DATA 	Keypress: t
59.9473 	EXP 	Display Frame 0
60.0627 	DATA 	Keypress: t
60.0728 	EXP 	Display Frame 1
60.1871 	DATA 	Keypress: t
60.1881 	DATA 	Keypress: t
60.1976 	EXP 	Display Frame 0
60.3124 	DATA 	Keypress: t
60.3134 	DATA 	Keypress: t
60.3241 	EXP 	Display Frame 1
60.4372 	DATA 	Keypress: t
60.4381 	DATA 	Keypress: t
60.4484 	EXP 	Display Frame 0
60.5627 	DATA 	Keypress: t
60.5735 	EXP 	Display Frame 1
60.6871 	DATA 	Keypress: t
60.6882 	DATA 	Keypress: t
60.6982 	EXP 	Display Frame 0
60.8123 	DATA 	Keypress: t
60.8133 	DATA 	Keypress: t
60.8236 	EXP 	Display Frame 1
60.9372 	DATA 	Keypress: t
60.9381 	DATA 	Keypress: t
60.9478 	EXP 	Display Frame 0
61.0627 	DATA 	Keypress: t
61.0728 	EXP 	Display Frame 1
61.1872 	DATA 	Keypress: t
61.1882 	DATA 	Keypress: t
61.1986 	EXP 	Display Frame 0
61.3122 	DATA 	Keypress: t
61.3132 	DATA 	Keypress: t
61.3237 	EXP 	Display Frame 1
61.4372 	DATA 	Keypress: t
61.4381 	DATA 	Keypress: t
61.4491 	EXP 	Display Frame 0
61.5626 	DATA 	Keypress: t
61.5736 	EXP 	Display Frame 1
61.6872 	DATA 	Keypress: t
61.6882 	DATA 	Keypress: t
61.6991 	EXP 	Display Frame 0
61.8123 	DATA 	Keypress: t
61.8132 	DATA 	Keypress: t
61.8239 	EXP 	Display Frame 1
61.9372 	DATA 	Keypress: t
61.9381 	DATA 	Keypress: t
61.9485 	EXP 	Display Frame 0
62.0627 	DATA 	Keypress: t
62.0726 	EXP 	Display Frame 1
62.1871 	DATA 	Keypress: t
62.1881 	DATA 	Keypress: t
62.1987 	EXP 	Display Frame 0
62.3124 	DATA 	Keypress: t
62.3133 	DATA 	Keypress: t
62.3227 	EXP 	Display Frame 1
62.4371 	DATA 	Keypress: t
62.4381 	DATA 	Keypress: t
62.4492 	EXP 	Display Frame 0
62.5626 	DATA 	Keypress: t
62.5659 	EXP 	Display Frame 1
62.6873 	DATA 	Keypress: t
62.6882 	DATA 	Keypress: t
62.7001 	EXP 	Display Frame 0
62.8122 	DATA 	Keypress: t
62.8132 	DATA 	Keypress: t
62.8239 	EXP 	Display Frame 1
62.9372 	DATA 	Keypress: t
62.9381 	DATA 	Keypress: t
62.9500 	EXP 	Display Frame 0
63.0626 	DATA 	Keypress: t
63.0658 	EXP 	Display Frame 1
63.1872 	DATA 	Keypress: t
63.1882 	DATA 	Keypress: t
63.2004 	EXP 	Display Frame 0
63.3122 	DATA 	Keypress: t
63.3132 	DATA 	Keypress: t
63.3162 	EXP 	Display Frame 1
63.4372 	DATA 	Keypress: t
63.4381 	DATA 	Keypress: t
63.4506 	EXP 	Display Frame 0
63.5626 	DATA 	Keypress: t
63.5669 	EXP 	Display Frame 1
63.6873 	DATA 	Keypress: t
63.6883 	DATA 	Keypress: t
63.6998 	EXP 	Display Frame 0
63.8123 	DATA 	Keypress: t
63.8133 	DATA 	Keypress: t
63.8163 	EXP 	Display Frame 1
63.9371 	DATA 	Keypress: t
63.9381 	DATA 	Keypress: t
63.9502 	EXP 	Display Frame 0
64.0627 	DATA 	Keypress: t
64.0671 	EXP 	Display Frame 1
64.1872 	DATA 	Keypress: t
64.1882 	DATA 	Keypress: t
64.2007 	EXP 	Display Frame 0
64.3123 	DATA 	Keypress: t
64.3133 	DATA 	Keypress: t
64.3176 	EXP 	Display Frame 1
64.4372 	DATA 	Keypress: t
64.4382 	DATA 	Keypress: t
64.4509 	EXP 	Display Frame 0
64.5626 	DATA 	Keypress: t
64.5670 	EXP 	Display Frame 1
64.6873 	DATA 	Keypress: t
64.6883 	DATA 	Keypress: t
64.7019 	EXP 	Display Frame 0
64.8123 	DATA 	Keypress: t
64.8132 	DATA 	Keypress: t
64.8175 	EXP 	Display Frame 1
64.9372 	DATA 	Keypress: t
64.9381 	DATA 	Keypress: t
64.9515 	EXP 	Display Frame 0
65.0627 	DATA 	Keypress: t
65.0683 	EXP 	Display Frame 1
65.1872 	DATA 	Keypress: t
65.1882 	DATA 	Keypress: t
65.2022 	EXP 	Display Frame 0
65.3124 	DATA 	Keypress: t
65.3133 	DATA 	Keypress: t
65.3176 	EXP 	Display Frame 1
65.4372 	DATA 	Keypress: t
65.4381 	DATA 	Keypress: t
65.4528 	EXP 	Display Frame 0
65.5627 	DATA 	Keypress: t
65.5683 	EXP 	Display Frame 1
65.6871 	DATA 	Keypress: t
65.6881 	DATA 	Keypress: t
65.7027 	EXP 	Display Frame 0
65.8123 	DATA 	Keypress: t
65.8132 	DATA 	Keypress: t
65.8188 	EXP 	Display Frame 1
65.9371 	DATA 	Keypress: t
65.9381 	DATA 	Keypress: t
65.9527 	EXP 	Display Frame 0
66.0627 	DATA 	Keypress: t
66.0683 	EXP 	Display Frame 1
66.1872 	DATA 	Keypress: t
66.1883 	DATA 	Keypress: t
66.2026 	EXP 	Display Frame 0
66.3122 	DATA 	Keypress: t
66.3132 	DATA 	Keypress: t
66.3186 	EXP 	Display Frame 1
66.4372 	DATA 	Keypress: t
66.4381 	DATA 	Keypress: t
66.4525 	EXP 	Display Frame 0
66.5627 	DATA 	Keypress: t
66.5694 	EXP 	Display Frame 1
66.6873 	DATA 	Keypress: t
66.6882 	DATA 	Keypress: t
66.7033 	EXP 	Display Frame 0
66.8122 	DATA 	Keypress: t
66.8132 	DATA 	Keypress: t
66.8199 	EXP 	Display Frame 1
66.9371 	DATA 	Keypress: t
66.9381 	DATA 	Keypress: t
66.9538 	EXP 	Display Frame 0
67.0626 	DATA 	Keypress: t
67.0693 	EXP 	Display Frame 1
67.1872 	DATA 	Keypress: t
67.1882 	DATA 	Keypress: t
67.2031 	EXP 	Display Frame 0
67.3124 	DATA 	Keypress: t
67.3133 	DATA 	Keypress: t
67.3201 	EXP 	Display Frame 1
67.4373 	DATA 	Keypress: t
67.4383 	DATA 	Keypress: t
67.4534 	EXP 	Display Frame 0
67.5627 	DATA 	Keypress: t
67.5706 	EXP 	Display Frame 1
67.6872 	DATA 	Keypress: t
67.6882 	DATA 	Keypress: t
67.7043 	EXP 	Display Frame 0
67.8124 	DATA 	Keypress: t
67.8133 	DATA 	Keypress: t
67.8199 	EXP 	Display Frame 1
67.9372 	DATA 	Keypress: t
67.9381 	DATA 	Keypress: t
67.9535 	EXP 	Display Frame 0
68.0626 	DATA 	Keypress: t
68.0706 	EXP 	Display Frame 1
68.1871 	DATA 	Keypress: t
68.1881 	DATA 	Keypress: t
68.2038 	EXP 	Display Frame 0
68.3123 	DATA 	Keypress: t
68.3133 	DATA 	Keypress: t
68.3211 	EXP 	Display Frame 1
68.4372 	DATA 	Keypress: t
68.4381 	DATA 	Keypress: t
68.4543 	EXP 	Display Frame 0
68.5627 	DATA 	Keypress: t
68.5710 	EXP 	Display Frame 1
68.6872 	DATA 	Keypress: t
68.6882 	DATA 	Keypress: t
68.7046 	EXP 	Display Frame 0
68.8122 	DATA 	Keypress: t
68.8132 	DATA 	Keypress: t
68.8207 	EXP 	Display Frame 1
68.9372 	DATA 	Keypress: t
68.9381 	DATA 	Keypress: t
68.9543 	EXP 	Display Frame 0
69.0627 	DATA 	Keypress: t
69.0722 	EXP 	Display Frame 1
69.1872 	DATA 	Keypress: t
69.1882 	DATA 	Keypress: t
69.2048 	EXP 	Display Frame 0
69.3124 	DATA 	Keypress: t
69.3134 	DATA 	Keypress: t
69.3217 	EXP 	Display Frame 1
69.4372 	DATA 	Keypress: t
69.4381 	DATA 	Keypress: t
69.4547 	EXP 	Display Frame 0
69.5626 	DATA 	Keypress: t
69.5721 	EXP 	Display Frame 1
69.6872 	DATA 	Keypress: t
69.6881 	DATA 	Keypress: t
69.7057 	EXP 	Display Frame 0
69.8122 	DATA 	Keypress: t
69.8132 	DATA 	Keypress: t
69.8225 	EXP 	Display Frame 1
69.9372 	DATA 	Keypress: t
69.9381 	DATA 	Keypress: t
69.9553 	EXP 	Display Frame 0
70.0621 	DATA 	Keypress: t
70.0721 	EXP 	Display Frame 1
70.1872 	DATA 	Keypress: t
70.1882 	DATA 	Keypress: t
70.2056 	EXP 	Display Frame 0
70.3124 	DATA 	Keypress: t
70.3133 	DATA 	Keypress: t
70.3223 	EXP 	Display Frame 1
70.4372 	DATA 	Keypress: t
70.4382 	DATA 	Keypress: t
70.4560 	EXP 	Display Frame 0
70.5622 	DATA 	Keypress: t
70.5729 	EXP 	Display Frame 1
70.6872 	DATA 	Keypress: t
70.6884 	DATA 	Keypress: t
70.7058 	EXP 	Display Frame 0
70.8122 	DATA 	Keypress: t
70.8132 	DATA 	Keypress: t
70.8225 	EXP 	Display Frame 1
70.9372 	DATA 	Keypress: t
70.9382 	DATA 	Keypress: t
70.9560 	EXP 	Display Frame 0
71.0621 	DATA 	Keypress: t
71.0729 	EXP 	Display Frame 1
71.1872 	DATA 	Keypress: t
71.1886 	DATA 	Keypress: t
71.2064 	EXP 	Display Frame 0
71.3124 	DATA 	Keypress: t
71.3133 	DATA 	Keypress: t
71.3232 	EXP 	Display Frame 1
71.4372 	DATA 	Keypress: t
71.4381 	DATA 	Keypress: t
71.4560 	EXP 	Display Frame 0
71.5621 	DATA 	Keypress: t
71.5727 	EXP 	Display Frame 1
71.6871 	DATA 	Keypress: t
71.6881 	DATA 	Keypress: t
71.7066 	EXP 	Display Frame 0
71.8122 	DATA 	Keypress: t
71.8132 	DATA 	Keypress: t
71.8231 	EXP 	Display Frame 1
71.9372 	DATA 	Keypress: t
71.9381 	DATA 	Keypress: t
71.9558 	EXP 	Display Frame 0
72.0622 	DATA 	Keypress: t
72.0725 	EXP 	Display Frame 1
72.1871 	DATA 	Keypress: t
72.1881 	DATA 	Keypress: t
72.2064 	EXP 	Display Frame 0
72.3122 	DATA 	Keypress: t
72.3131 	DATA 	Keypress: t
72.3225 	EXP 	Display Frame 1
72.4372 	DATA 	Keypress: t
72.4381 	DATA 	Keypress: t
72.4559 	EXP 	Display Frame 0
72.4736 	EXP 	Display Fixation
72.5072 	DATA 	Keypress: t
72.5783 	DATA 	Keypress: t
72.6491 	DATA 	Keypress: t
72.7212 	DATA 	Keypress: t
72.7922 	DATA 	Keypress: t
72.8641 	DATA 	Keypress: t
72.9352 	DATA 	Keypress: t
73.0062 	DATA 	Keypress: t
73.0782 	DATA 	Keypress: t
73.1492 	DATA 	Keypress: t
73.2212 	DATA 	Keypress: t
73.2922 	DATA 	Keypress: t
73.3643 	DATA 	Keypress: t
73.4352 	DATA 	Keypress: t
73.5073 	DATA 	Keypress: t
73.5782 	DATA 	Keypress: t
73.6492 	DATA 	Keypress: t
73.7211 	DATA 	Keypress: t
73.7922 	DATA 	Keypress: t
73.8641 	DATA 	Keypress: t
73.9352 	DATA 	Keypress: t
74.0063 	DATA 	Keypress: t
74.0783 	DATA 	Keypress: t
74.1493 	DATA 	Keypress: t
74.2212 	DATA 	Keypress: t
74.2922 	DATA 	Keypress: t
74.3642 	DATA 	Keypress: t
74.4353 	DATA 	Keypress: t
74.5072 	DATA 	Keypress: t
74.5783 	DATA 	Keypress: t
74.6493 	DATA 	Keypress: t
74.7213 	DATA 	Keypress: t
74.7922 	DATA 	Keypress: t
74.8641 	DATA 	Keypress: t
74.9352 	DATA 	Keypress: t
75.0063 	DATA 	Keypress: t
75.0783 	DATA 	Keypress: t
75.1491 	DATA 	Keypress: t
75.2213 	DATA 	Keypress: t
75.2922 	DATA 	Keypress: t
75.3642 	DATA 	Keypress: t
75.4352 	DATA 	Keypress: t
75.5074 	DATA 	Keypress: t
75.5784 	DATA 	Keypress: t
75.6491 	DATA 	Keypress: t
75.7213 	DATA 	Keypress: t
75.7922 	DATA 	Keypress: t
75.8640 	DATA 	Keypress: t
75.9353 	DATA 	Keypress: t
76.0062 	DATA 	Keypress: t
76.0783 	DATA 	Keypress: t
76.1492 	DATA 	Keypress: t
76.2212 	DATA 	Keypress: t
76.2922 	DATA 	Keypress: t
76.3642 	DATA 	Keypress: t
76.4352 	DATA 	Keypress: t
76.5072 	DATA 	Keypress: t
76.5782 	DATA 	Keypress: t
76.6492 	DATA 	Keypress: t
76.7212 	DATA 	Keypress: t
76.7922 	DATA 	Keypress: t
76.8642 	DATA 	Keypress: t
76.9352 	DATA 	Keypress: t
77.0063 	DATA 	Keypress: t
77.0782 	DATA 	Keypress: t
77.1491 	DATA 	Keypress: t
77.2212 	DATA 	Keypress: t
77.2922 	DATA 	Keypress: t
77.3643 	DATA 	Keypress: t
77.4351 	DATA 	Keypress: t
77.5072 	DATA 	Keypress: t
77.5783 	DATA 	Keypress: t
77.6492 	DATA 	Keypress: t
77.7213 	DATA 	Keypress: t
77.7922 	DATA 	Keypress: t
77.8643 	DATA 	Keypress: t
77.9352 	DATA 	Keypress: t
78.0063 	DATA 	Keypress: t
78.0782 	DATA 	Keypress: t
78.1491 	DATA 	Keypress: t
78.2212 	DATA 	Keypress: t
78.2922 	DATA 	Keypress: t
78.3642 	DATA 	Keypress: t
78.4352 	DATA 	Keypress: t
78.5072 	DATA 	Keypress: t
78.5782 	DATA 	Keypress: t
78.6492 	DATA 	Keypress: t
78.7212 	DATA 	Keypress: t
78.7923 	DATA 	Keypress: t
78.8641 	DATA 	Keypress: t
78.9353 	DATA 	Keypress: t
79.0062 	DATA 	Keypress: t
79.0782 	DATA 	Keypress: t
79.1492 	DATA 	Keypress: t
79.2212 	DATA 	Keypress: t
79.2922 	DATA 	Keypress: t
79.3641 	DATA 	Keypress: t
79.4352 	DATA 	Keypress: t
79.5072 	DATA 	Keypress: t
79.5783 	DATA 	Keypress: t
79.6490 	DATA 	Keypress: t
79.7211 	DATA 	Keypress: t
79.7922 	DATA 	Keypress: t
79.8641 	DATA 	Keypress: t
79.9352 	DATA 	Keypress: t
80.0062 	DATA 	Keypress: t
80.0782 	DATA 	Keypress: t
80.1491 	DATA 	Keypress: t
80.2213 	DATA 	Keypress: t
80.2922 	DATA 	Keypress: t
80.3640 	DATA 	Keypress: t
80.4353 	DATA 	Keypress: t
80.5072 	DATA 	Keypress: t
80.5782 	DATA 	Keypress: t
80.6492 	DATA 	Keypress: t
80.7212 	DATA 	Keypress: t
80.7922 	DATA 	Keypress: t
80.8631 	DATA 	Keypress: t
80.9353 	DATA 	Keypress: t
81.0060 	DATA 	Keypress: t
81.0781 	DATA 	Keypress: t
81.1492 	DATA 	Keypress: t
81.2202 	DATA 	Keypress: t
81.2922 	DATA 	Keypress: t
81.3640 	DATA 	Keypress: t
81.4352 	DATA 	Keypress: t
81.5063 	DATA 	Keypress: t
81.5782 	DATA 	Keypress: t
81.6492 	DATA 	Keypress: t
81.7211 	DATA 	Keypress: t
81.7922 	DATA 	Keypress: t
81.8631 	DATA 	Keypress: t
81.9352 	DATA 	Keypress: t
82.0061 	DATA 	Keypress: t
82.0783 	DATA 	Keypress: t
82.1491 	DATA 	Keypress: t
82.2202 	DATA 	Keypress: t
82.2922 	DATA 	Keypress: t
82.3640 	DATA 	Keypress: t
82.4351 	DATA 	Keypress: t
82.5062 	DATA 	Keypress: t
82.5782 	DATA 	Keypress: t
82.6491 	DATA 	Keypress: t
82.7212 	DATA 	Keypress: t
82.7922 	DATA 	Keypress: t
82.8630 	DATA 	Keypress: t
82.9351 	DATA 	Keypress: t
83.0061 	DATA 	Keypress: t
83.0782 	DATA 	Keypress: t
83.1492 	DATA 	Keypress: t
83.2202 	DATA 	Keypress: t
83.2922 	DATA 	Keypress: t
83.3642 	DATA 	Keypress: t
83.4351 	DATA 	Keypress: t
83.5061 	DATA 	Keypress: t
83.5782 	DATA 	Keypress: t
83.6493 	DATA 	Keypress: t
83.7211 	DATA 	Keypress: t
83.7924 	DATA 	Keypress: t
83.8631 	DATA 	Keypress: t
83.9351 	DATA 	Keypress: t
84.0062 	DATA 	Keypress: t
84.0782 	DATA 	Keypress: t
84.1492 	DATA 	Keypress: t
84.2202 	DATA 	Keypress: t
84.2922 	DATA 	Keypress: t
84.3642 	DATA 	Keypress: t
84.4350 	DATA 	Keypress: t
84.5061 	DATA 	Keypress: t
84.5782 	DATA 	Keypress: t
84.6492 	DATA 	Keypress: t
84.7212 	DATA 	Keypress: t
84.7921 	DATA 	Keypress: t
84.8630 	DATA 	Keypress: t
84.9352 	DATA 	Keypress: t
85.0062 	DATA 	Keypress: t
85.0783 	DATA 	Keypress: t
85.1491 	DATA 	Keypress: t
85.2202 	DATA 	Keypress: t
85.2922 	DATA 	Keypress: t
85.3640 	DATA 	Keypress: t
85.4352 	DATA 	Keypress: t
85.5061 	DATA 	Keypress: t
85.5782 	DATA 	Keypress: t
85.6491 	DATA 	Keypress: t
85.7211 	DATA 	Keypress: t
85.7921 	DATA 	Keypress: t
85.8631 	DATA 	Keypress: t
85.9351 	DATA 	Keypress: t
86.0062 	DATA 	Keypress: t
86.0781 	DATA 	Keypress: t
86.1491 	DATA 	Keypress: t
86.2201 	DATA 	Keypress: t
86.2921 	DATA 	Keypress: t
86.3640 	DATA 	Keypress: t
86.4351 	DATA 	Keypress: t
86.5062 	DATA 	Keypress: t
86.5781 	DATA 	Keypress: t
86.6491 	DATA 	Keypress: t
86.7211 	DATA 	Keypress: t
86.7922 	DATA 	Keypress: t
86.8630 	DATA 	Keypress: t
86.9351 	DATA 	Keypress: t
87.0061 	DATA 	Keypress: t
87.0782 	DATA 	Keypress: t
87.1492 	DATA 	Keypress: t
87.2201 	DATA 	Keypress: t
87.2922 	DATA 	Keypress: t
87.3641 	DATA 	Keypress: t
87.4351 	DATA 	Keypress: t
87.5615 	DATA 	Keypress: t
87.5692 	EXP 	Display Frame 1
87.6861 	DATA 	Keypress: t
87.6871 	DATA 	Keypress: t
87.7038 	EXP 	Display Frame 0
87.8110 	DATA 	Keypress: t
87.8121 	DATA 	Keypress: t
87.8200 	EXP 	Display Frame 1
87.9360 	DATA 	Keypress: t
87.9369 	DATA 	Keypress: t
87.9534 	EXP 	Display Frame 0
88.0615 	DATA 	Keypress: t
88.0704 	EXP 	Display Frame 1
88.1860 	DATA 	Keypress: t
88.1870 	DATA 	Keypress: t
88.2039 	EXP 	Display Frame 0
88.3110 	DATA 	Keypress: t
88.3123 	DATA 	Keypress: t
88.3196 	EXP 	Display Frame 1
88.4360 	DATA 	Keypress: t
88.4370 	DATA 	Keypress: t
88.4536 	EXP 	Display Frame 0
88.5615 	DATA 	Keypress: t
88.5704 	EXP 	Display Frame 1
88.6860 	DATA 	Keypress: t
88.6870 	DATA 	Keypress: t
88.7046 	EXP 	Display Frame 0
88.8110 	DATA 	Keypress: t
88.8121 	DATA 	Keypress: t
88.8205 	EXP 	Display Frame 1
88.9360 	DATA 	Keypress: t
88.9370 	DATA 	Keypress: t
88.9543 	EXP 	Display Frame 0
89.0615 	DATA 	Keypress: t
89.0705 	EXP 	Display Frame 1
89.1861 	DATA 	Keypress: t
89.1870 	DATA 	Keypress: t
89.2041 	EXP 	Display Frame 0
89.3110 	DATA 	Keypress: t
89.3120 	DATA 	Keypress: t
89.3208 	EXP 	Display Frame 1
89.4361 	DATA 	Keypress: t
89.4373 	DATA 	Keypress: t
89.4548 	EXP 	Display Frame 0
89.5610 	DATA 	Keypress: t
89.5711 	EXP 	Display Frame 1
89.6861 	DATA 	Keypress: t
89.6870 	DATA 	Keypress: t
89.7046 	EXP 	Display Frame 0
89.8110 	DATA 	Keypress: t
89.8121 	DATA 	Keypress: t
89.8211 	EXP 	Display Frame 1
89.9360 	DATA 	Keypress: t
89.9369 	DATA 	Keypress: t
89.9547 	EXP 	Display Frame 0
90.0610 	DATA 	Keypress: t
90.0720 	EXP 	Display Frame 1
90.1860 	DATA 	Keypress: t
90.1870 	DATA 	Keypress: t
90.2050 	EXP 	Display Frame 0
90.3111 	DATA 	Keypress: t
90.3126 	DATA 	Keypress: t
90.3222 	EXP 	Display Frame 1
90.4360 	DATA 	Keypress: t
90.4370 	DATA 	Keypress: t
90.4554 	EXP 	Display Frame 0
90.5610 	DATA 	Keypress: t
90.5715 	EXP 	Display Frame 1
90.6860 	DATA 	Keypress: t
90.6870 	DATA 	Keypress: t
90.7061 	EXP 	Display Frame 0
90.8110 	DATA 	Keypress: t
90.8121 	DATA 	Keypress: t
90.8224 	EXP 	Display Frame 1
90.9360 	DATA 	Keypress: t
90.9370 	DATA 	Keypress: t
90.9551 	EXP 	Display Frame 0
91.0610 	DATA 	Keypress: t
91.0719 	EXP 	Display Frame 1
91.1861 	DATA 	Keypress: t
91.1871 	DATA 	Keypress: t
91.2050 	EXP 	Display Frame 0
91.3110 	DATA 	Keypress: t
91.3122 	DATA 	Keypress: t
91.3219 	EXP 	Display Frame 1
91.4360 	DATA 	Keypress: t
91.4369 	DATA 	Keypress: t
91.4552 	EXP 	Display Frame 0
91.5610 	DATA 	Keypress: t
91.5717 	EXP 	Display Frame 1
91.6860 	DATA 	Keypress: t
91.6870 	DATA 	Keypress: t
91.7050 	EXP 	Display Frame 0
91.8110 	DATA 	Keypress: t
91.8121 	DATA 	Keypress: t
91.8222 	EXP 	Display Frame 1
91.9360 	DATA 	Keypress: t
91.9370 	DATA 	Keypress: t
91.9551 	EXP 	Display Frame 0
92.0610 	DATA 	Keypress: t
92.0724 	EXP 	Display Frame 1
92.1860 	DATA 	Keypress: t
92.1870 	DATA 	Keypress: t
92.2051 	EXP 	Display Frame 0
92.3110 	DATA 	Keypress: t
92.3121 	DATA 	Keypress: t
92.3220 	EXP 	Display Frame 1
92.4360 	DATA 	Keypress: t
92.4369 	DATA 	Keypress: t
92.4396 	EXP 	Display Frame 0
92.5615 	DATA 	Keypress: t
92.5712 	EXP 	Display Frame 1
92.6860 	DATA 	Keypress: t
92.6870 	DATA 	Keypress: t
92.6900 	EXP 	Display Frame 0
92.8110 	DATA 	Keypress: t
92.8121 	DATA 	Keypress: t
92.8220 	EXP 	Display Frame 1
92.9360 	DATA 	Keypress: t
92.9369 	DATA 	Keypress: t
92.9398 	EXP 	Display Frame 0
93.0615 	DATA 	Keypress: t
93.0716 	EXP 	Display Frame 1
93.1860 	DATA 	Keypress: t
93.1870 	DATA 	Keypress: t
93.1899 	EXP 	Display Frame 0
93.3110 	DATA 	Keypress: t
93.3122 	DATA 	Keypress: t
93.3217 	EXP 	Display Frame 1
93.4360 	DATA 	Keypress: t
93.4370 	DATA 	Keypress: t
93.4410 	EXP 	Display Frame 0
93.5616 	DATA 	Keypress: t
93.5716 	EXP 	Display Frame 1
93.6861 	DATA 	Keypress: t
93.6871 	DATA 	Keypress: t
93.6914 	EXP 	Display Frame 0
93.8110 	DATA 	Keypress: t
93.8123 	DATA 	Keypress: t
93.8221 	EXP 	Display Frame 1
93.9361 	DATA 	Keypress: t
93.9370 	DATA 	Keypress: t
93.9410 	EXP 	Display Frame 0
94.0615 	DATA 	Keypress: t
94.0712 	EXP 	Display Frame 1
94.1860 	DATA 	Keypress: t
94.1870 	DATA 	Keypress: t
94.1913 	EXP 	Display Frame 0
94.3110 	DATA 	Keypress: t
94.3124 	DATA 	Keypress: t
94.3211 	EXP 	Display Frame 1
94.4360 	DATA 	Keypress: t
94.4370 	DATA 	Keypress: t
94.4422 	EXP 	Display Frame 0
94.5615 	DATA 	Keypress: t
94.5720 	EXP 	Display Frame 1
94.6861 	DATA 	Keypress: t
94.6871 	DATA 	Keypress: t
94.6913 	EXP 	Display Frame 0
94.8110 	DATA 	Keypress: t
94.8121 	DATA 	Keypress: t
94.8215 	EXP 	Display Frame 1
94.9360 	DATA 	Keypress: t
94.9369 	DATA 	Keypress: t
94.9422 	EXP 	Display Frame 0
95.0615 	DATA 	Keypress: t
95.0712 	EXP 	Display Frame 1
95.1860 	DATA 	Keypress: t
95.1870 	DATA 	Keypress: t
95.1925 	EXP 	Display Frame 0
95.3110 	DATA 	Keypress: t
95.3122 	DATA 	Keypress: t
95.3215 	EXP 	Display Frame 1
95.4360 	DATA 	Keypress: t
95.4370 	DATA 	Keypress: t
95.4422 	EXP 	Display Frame 0
95.5615 	DATA 	Keypress: t
95.5712 	EXP 	Display Frame 1
95.6860 	DATA 	Keypress: t
95.6870 	DATA 	Keypress: t
95.6924 	EXP 	Display Frame 0
95.8110 	DATA 	Keypress: t
95.8122 	DATA 	Keypress: t
95.8219 	EXP 	Display Frame 1
95.9360 	DATA 	Keypress: t
95.9370 	DATA 	Keypress: t
95.9431 	EXP 	Display Frame 0
96.0615 	DATA 	Keypress: t
96.0716 	EXP 	Display Frame 1
96.1862 	DATA 	Keypress: t
96.1872 	DATA 	Keypress: t
96.1927 	EXP 	Display Frame 0
96.3110 	DATA 	Keypress: t
96.3122 	DATA 	Keypress: t
96.3211 	EXP 	Display Frame 1
96.4360 	DATA 	Keypress: t
96.4370 	DATA 	Keypress: t
96.4435 	EXP 	Display Frame 0
96.5615 	DATA 	Keypress: t
96.5725 	EXP 	Display Frame 1
96.6860 	DATA 	Keypress: t
96.6870 	DATA 	Keypress: t
96.6936 	EXP 	Display Frame 0
96.8110 	DATA 	Keypress: t
96.8121 	DATA 	Keypress: t
96.8219 	EXP 	Display Frame 1
96.9360 	DATA 	Keypress: t
96.9370 	DATA 	Keypress: t
96.9433 	EXP 	Display Frame 0
97.0615 	DATA 	Keypress: t
97.0714 	EXP 	Display Frame 1
97.1860 	DATA 	Keypress: t
97.1870 	DATA 	Keypress: t
97.1934 	EXP 	Display Frame 0
97.3110 	DATA 	Keypress: t
97.3123 	DATA 	Keypress: t
97.3219 	EXP 	Display Frame 1
97.4360 	DATA 	Keypress: t
97.4369 	DATA 	Keypress: t
97.4443 	EXP 	Display Frame 0
97.5615 	DATA 	Keypress: t
97.5726 	EXP 	Display Frame 1
97.6861 	DATA 	Keypress: t
97.6870 	DATA 	Keypress: t
97.6945 	EXP 	Display Frame 0
97.8110 	DATA 	Keypress: t
97.8121 	DATA 	Keypress: t
97.8220 	EXP 	Display Frame 1
97.9360 	DATA 	Keypress: t
97.9369 	DATA 	Keypress: t
97.9441 	EXP 	Display Frame 0
98.0615 	DATA 	Keypress: t
98.0723 	EXP 	Display Frame 1
98.1860 	DATA 	Keypress: t
98.1870 	DATA 	Keypress: t
98.1949 	EXP 	Display Frame 0
98.3110 	DATA 	Keypress: t
98.3123 	DATA 	Keypress: t
98.3213 	EXP 	Display Frame 1
98.4360 	DATA 	Keypress: t
98.4370 	DATA 	Keypress: t
98.4448 	EXP 	Display Frame 0
98.5615 	DATA 	Keypress: t
98.5716 	EXP 	Display Frame 1
98.6861 	DATA 	Keypress: t
98.6870 	DATA 	Keypress: t
98.6959 	EXP 	Display Frame 0
98.8110 	DATA 	Keypress: t
98.8121 	DATA 	Keypress: t
98.8222 	EXP 	Display Frame 1
98.9360 	DATA 	Keypress: t
98.9369 	DATA 	Keypress: t
98.9455 	EXP 	Display Frame 0
99.0615 	DATA 	Keypress: t
99.0709 	EXP 	Display Frame 1
99.1860 	DATA 	Keypress: t
99.1870 	DATA 	Keypress: t
99.1960 	EXP 	Display Frame 0
99.3110 	DATA 	Keypress: t
99.3127 	DATA 	Keypress: t
99.3226 	EXP 	Display Frame 1
99.4360 	DATA 	Keypress: t
99.4370 	DATA 	Keypress: t
99.4460 	EXP 	Display Frame 0
99.5615 	DATA 	Keypress: t
99.5710 	EXP 	Display Frame 1
99.6860 	DATA 	Keypress: t
99.6870 	DATA 	Keypress: t
99.6956 	EXP 	Display Frame 0
99.8110 	DATA 	Keypress: t
99.8122 	DATA 	Keypress: t
99.8220 	EXP 	Display Frame 1
99.9360 	DATA 	Keypress: t
99.9369 	DATA 	Keypress: t
99.9472 	EXP 	Display Frame 0
100.0615 	DATA 	Keypress: t
100.0720 	EXP 	Display Frame 1
100.1860 	DATA 	Keypress: t
100.1870 	DATA 	Keypress: t
100.1964 	EXP 	Display Frame 0
100.3111 	DATA 	Keypress: t
100.3124 	DATA 	Keypress: t
100.3216 	EXP 	Display Frame 1
100.4360 	DATA 	Keypress: t
100.4369 	DATA 	Keypress: t
100.4472 	EXP 	Display Frame 0
100.5615 	DATA 	Keypress: t
100.5720 	EXP 	Display Frame 1
100.6860 	DATA 	Keypress: t
100.6869 	DATA 	Keypress: t
100.6976 	EXP 	Display Frame 0
100.8110 	DATA 	Keypress: t
100.8122 	DATA 	Keypress: t
100.8222 	EXP 	Display Frame 1
100.9360 	DATA 	Keypress: t
100.9370 	DATA 	Keypress: t
100.9474 	EXP 	Display Frame 0
101.0615 	DATA 	Keypress: t
101.0717 	EXP 	Display Frame 1
101.1861 	DATA 	Keypress: t
101.1871 	DATA 	Keypress: t
101.1968 	EXP 	Display Frame 0
101.3110 	DATA 	Keypress: t
101.3123 	DATA 	Keypress: t
101.3212 	EXP 	Display Frame 1
101.4360 	DATA 	Keypress: t
101.4370 	DATA 	Keypress: t
101.4479 	EXP 	Display Frame 0
101.5615 	DATA 	Keypress: t
101.5716 	EXP 	Display Frame 1
101.6861 	DATA 	Keypress: t
101.6871 	DATA 	Keypress: t
101.6981 	EXP 	Display Frame 0
101.8110 	DATA 	Keypress: t
101.8121 	DATA 	Keypress: t
101.8210 	EXP 	Display Frame 1
101.9360 	DATA 	Keypress: t
101.9369 	DATA 	Keypress: t
101.9476 	EXP 	Display Frame 0
102.0615 	DATA 	Keypress: t
102.0722 	EXP 	Display Frame 1
102.1860 	DATA 	Keypress: t
102.1870 	DATA 	Keypress: t
102.1982 	EXP 	Display Frame 0
102.3110 	DATA 	Keypress: t
102.3123 	DATA 	Keypress: t
102.3209 	EXP 	Display Frame 1
102.4360 	DATA 	Keypress: t
102.4370 	DATA 	Keypress: t
102.4488 	EXP 	Display Frame 0
102.4644 	EXP 	Display Fixation
102.5059 	DATA 	Keypress: t
102.5781 	DATA 	Keypress: t
102.6491 	DATA 	Keypress: t
102.7201 	DATA 	Keypress: t
102.7920 	DATA 	Keypress: t
102.8630 	DATA 	Keypress: t
102.9350 	DATA 	Keypress: t
103.0061 	DATA 	Keypress: t
103.0770 	DATA 	Keypress: t
103.1490 	DATA 	Keypress: t
103.2201 	DATA 	Keypress: t
103.2910 	DATA 	Keypress: t
103.3630 	DATA 	Keypress: t
103.4350 	DATA 	Keypress: t
103.5060 	DATA 	Keypress: t
103.5769 	DATA 	Keypress: t
103.6489 	DATA 	Keypress: t
103.7201 	DATA 	Keypress: t
103.7921 	DATA 	Keypress: t
103.8629 	DATA 	Keypress: t
103.9340 	DATA 	Keypress: t
104.0059 	DATA 	Keypress: t
104.0770 	DATA 	Keypress: t
104.1490 	DATA 	Keypress: t
104.2200 	DATA 	Keypress: t
104.2910 	DATA 	Keypress: t
104.3630 	DATA 	Keypress: t
104.4350 	DATA 	Keypress: t
104.5061 	DATA 	Keypress: t
104.5771 	DATA 	Keypress: t
104.6490 	DATA 	Keypress: t
104.7200 	DATA 	Keypress: t
104.7921 	DATA 	Keypress: t
104.8629 	DATA 	Keypress: t
104.9341 	DATA 	Keypress: t
105.0061 	DATA 	Keypress: t
105.0772 	DATA 	Keypress: t
105.1488 	DATA 	Keypress: t
105.2201 	DATA 	Keypress: t
105.2910 	DATA 	Keypress: t
105.3631 	DATA 	Keypress: t
105.4350 	DATA 	Keypress: t
105.5059 	DATA 	Keypress: t
105.5771 	DATA 	Keypress: t
105.6489 	DATA 	Keypress: t
105.7200 	DATA 	Keypress: t
105.7920 	DATA 	Keypress: t
105.8630 	DATA 	Keypress: t
105.9339 	DATA 	Keypress: t
106.0060 	DATA 	Keypress: t
106.0770 	DATA 	Keypress: t
106.1490 	DATA 	Keypress: t
106.2200 	DATA 	Keypress: t
106.2910 	DATA 	Keypress: t
106.3629 	DATA 	Keypress: t
106.4350 	DATA 	Keypress: t
106.5060 	DATA 	Keypress: t
106.5770 	DATA 	Keypress: t
106.6490 	DATA 	Keypress: t
106.7200 	DATA 	Keypress: t
106.7920 	DATA 	Keypress: t
106.8630 	DATA 	Keypress: t
106.9339 	DATA 	Keypress: t
107.0060 	DATA 	Keypress: t
107.0769 	DATA 	Keypress: t
107.1490 	DATA 	Keypress: t
107.2200 	DATA 	Keypress: t
107.2909 	DATA 	Keypress: t
107.3629 	DATA 	Keypress: t
107.4350 	DATA 	Keypress: t
107.5061 	DATA 	Keypress: t
107.5769 	DATA 	Keypress: t
107.6490 	DATA 	Keypress: t
107.7200 	DATA 	Keypress: t
107.7919 	DATA 	Keypress: t
107.8629 	DATA 	Keypress: t
107.9339 	DATA 	Keypress: t
108.0060 	DATA 	Keypress: t
108.0770 	DATA 	Keypress: t
108.1490 	DATA 	Keypress: t
108.2200 	DATA 	Keypress: t
108.2909 	DATA 	Keypress: t
108.3630 	DATA 	Keypress: t
108.4350 	DATA 	Keypress: t
108.5060 	DATA 	Keypress: t
108.5770 	DATA 	Keypress: t
108.6489 	DATA 	Keypress: t
108.7200 	DATA 	Keypress: t
108.7919 	DATA 	Keypress: t
108.8629 	DATA 	Keypress: t
108.9340 	DATA 	Keypress: t
109.0060 	DATA 	Keypress: t
109.0770 	DATA 	Keypress: t
109.1491 	DATA 	Keypress: t
109.2200 	DATA 	Keypress: t
109.2910 	DATA 	Keypress: t
109.3630 	DATA 	Keypress: t
109.4350 	DATA 	Keypress: t
109.5060 	DATA 	Keypress: t
109.5769 	DATA 	Keypress: t
109.6489 	DATA 	Keypress: t
109.7199 	DATA 	Keypress: t
109.7921 	DATA 	Keypress: t
109.8628 	DATA 	Keypress: t
109.9340 	DATA 	Keypress: t
110.0060 	DATA 	Keypress: t
110.0770 	DATA 	Keypress: t
110.1489 	DATA 	Keypress: t
110.2200 	DATA 	Keypress: t
110.2909 	DATA 	Keypress: t
110.3629 	DATA 	Keypress: t
110.4349 	DATA 	Keypress: t
110.5059 	DATA 	Keypress: t
110.5770 	DATA 	Keypress: t
110.6489 	DATA 	Keypress: t
110.7201 	DATA 	Keypress: t
110.7920 	DATA 	Keypress: t
110.8629 	DATA 	Keypress: t
110.9341 	DATA 	Keypress: t
111.0061 	DATA 	Keypress: t
111.0770 	DATA 	Keypress: t
111.1490 	DATA 	Keypress: t
111.2200 	DATA 	Keypress: t
111.2910 	DATA 	Keypress: t
111.3630 	DATA 	Keypress: t
111.4350 	DATA 	Keypress: t
111.5059 	DATA 	Keypress: t
111.5769 	DATA 	Keypress: t
111.6489 	DATA 	Keypress: t
111.7200 	DATA 	Keypress: t
111.7920 	DATA 	Keypress: t
111.8630 	DATA 	Keypress: t
111.9340 	DATA 	Keypress: t
112.0058 	DATA 	Keypress: t
112.0770 	DATA 	Keypress: t
112.1488 	DATA 	Keypress: t
112.2199 	DATA 	Keypress: t
112.2909 	DATA 	Keypress: t
112.3630 	DATA 	Keypress: t
112.4349 	DATA 	Keypress: t
112.5059 	DATA 	Keypress: t
112.5772 	DATA 	Keypress: t
112.6490 	DATA 	Keypress: t
112.7200 	DATA 	Keypress: t
112.7920 	DATA 	Keypress: t
112.8630 	DATA 	Keypress: t
112.9338 	DATA 	Keypress: t
113.0059 	DATA 	Keypress: t
113.0769 	DATA 	Keypress: t
113.1489 	DATA 	Keypress: t
113.2199 	DATA 	Keypress: t
113.2909 	DATA 	Keypress: t
113.3630 	DATA 	Keypress: t
113.4348 	DATA 	Keypress: t
113.5060 	DATA 	Keypress: t
113.5770 	DATA 	Keypress: t
113.6488 	DATA 	Keypress: t
113.7199 	DATA 	Keypress: t
113.7919 	DATA 	Keypress: t
113.8628 	DATA 	Keypress: t
113.9338 	DATA 	Keypress: t
114.0059 	DATA 	Keypress: t
114.0770 	DATA 	Keypress: t
114.1479 	DATA 	Keypress: t
114.2199 	DATA 	Keypress: t
114.2909 	DATA 	Keypress: t
114.3629 	DATA 	Keypress: t
114.4339 	DATA 	Keypress: t
114.5059 	DATA 	Keypress: t
114.5769 	DATA 	Keypress: t
114.6489 	DATA 	Keypress: t
114.7199 	DATA 	Keypress: t
114.7910 	DATA 	Keypress: t
114.8630 	DATA 	Keypress: t
114.9338 	DATA 	Keypress: t
115.0059 	DATA 	Keypress: t
115.0771 	DATA 	Keypress: t
115.1477 	DATA 	Keypress: t
115.2199 	DATA 	Keypress: t
115.2911 	DATA 	Keypress: t
115.3628 	DATA 	Keypress: t
115.4338 	DATA 	Keypress: t
115.5060 	DATA 	Keypress: t
115.5770 	DATA 	Keypress: t
115.6489 	DATA 	Keypress: t
115.7199 	DATA 	Keypress: t
115.7909 	DATA 	Keypress: t
115.8629 	DATA 	Keypress: t
115.9338 	DATA 	Keypress: t
116.0060 	DATA 	Keypress: t
116.0769 	DATA 	Keypress: t
116.1478 	DATA 	Keypress: t
116.2200 	DATA 	Keypress: t
116.2910 	DATA 	Keypress: t
116.3630 	DATA 	Keypress: t
116.4339 	DATA 	Keypress: t
116.5059 	DATA 	Keypress: t
116.5769 	DATA 	Keypress: t
116.6488 	DATA 	Keypress: t
116.7199 	DATA 	Keypress: t
116.7911 	DATA 	Keypress: t
116.8629 	DATA 	Keypress: t
116.9339 	DATA 	Keypress: t
117.0059 	DATA 	Keypress: t
117.0769 	DATA 	Keypress: t
117.1479 	DATA 	Keypress: t
117.2199 	DATA 	Keypress: t
117.2909 	DATA 	Keypress: t
117.3629 	DATA 	Keypress: t
117.4338 	DATA 	Keypress: t
117.5602 	DATA 	Keypress: t
117.5711 	EXP 	Display Frame 1
117.6849 	DATA 	Keypress: t
117.6858 	DATA 	Keypress: t
117.6936 	EXP 	Display Frame 0
117.8097 	DATA 	Keypress: t
117.8108 	DATA 	Keypress: t
117.8212 	EXP 	Display Frame 1
117.9347 	DATA 	Keypress: t
117.9357 	DATA 	Keypress: t
117.9444 	EXP 	Display Frame 0
118.0603 	DATA 	Keypress: t
118.0714 	EXP 	Display Frame 1
118.1848 	DATA 	Keypress: t
118.1857 	DATA 	Keypress: t
118.1947 	EXP 	Display Frame 0
118.3097 	DATA 	Keypress: t
118.3109 	DATA 	Keypress: t
118.3214 	EXP 	Display Frame 1
118.4347 	DATA 	Keypress: t
118.4357 	DATA 	Keypress: t
118.4443 	EXP 	Display Frame 0
118.5602 	DATA 	Keypress: t
118.5714 	EXP 	Display Frame 1
118.6848 	DATA 	Keypress: t
118.6857 	DATA 	Keypress: t
118.6945 	EXP 	Display Frame 0
118.8097 	DATA 	Keypress: t
118.8109 	DATA 	Keypress: t
118.8203 	EXP 	Display Frame 1
118.9347 	DATA 	Keypress: t
118.9357 	DATA 	Keypress: t
118.9446 	EXP 	Display Frame 0
119.0602 	DATA 	Keypress: t
119.0711 	EXP 	Display Frame 1
119.1847 	DATA 	Keypress: t
119.1857 	DATA 	Keypress: t
119.1953 	EXP 	Display Frame 0
119.3097 	DATA 	Keypress: t
119.3109 	DATA 	Keypress: t
119.3213 	EXP 	Display Frame 1
119.4348 	DATA 	Keypress: t
119.4360 	DATA 	Keypress: t
119.4446 	EXP 	Display Frame 0
119.5602 	DATA 	Keypress: t
119.5703 	EXP 	Display Frame 1
119.6849 	DATA 	Keypress: t
119.6858 	DATA 	Keypress: t
119.6965 	EXP 	Display Frame 0
119.8097 	DATA 	Keypress: t
119.8108 	DATA 	Keypress: t
119.8203 	EXP 	Display Frame 1
119.9347 	DATA 	Keypress: t
119.9357 	DATA 	Keypress: t
119.9458 	EXP 	Display Frame 0
120.0603 	DATA 	Keypress: t
120.0708 	EXP 	Display Frame 1
120.1847 	DATA 	Keypress: t
120.1857 	DATA 	Keypress: t
120.1958 	EXP 	Display Frame 0
120.3097 	DATA 	Keypress: t
120.3109 	DATA 	Keypress: t
120.3216 	EXP 	Display Frame 1
120.4347 	DATA 	Keypress: t
120.4357 	DATA 	Keypress: t
120.4463 	EXP 	Display Frame 0
120.5602 	DATA 	Keypress: t
120.5706 	EXP 	Display Frame 1
120.6848 	DATA 	Keypress: t
120.6857 	DATA 	Keypress: t
120.6961 	EXP 	Display Frame 0
120.8097 	DATA 	Keypress: t
120.8108 	DATA 	Keypress: t
120.8211 	EXP 	Display Frame 1
120.9347 	DATA 	Keypress: t
120.9357 	DATA 	Keypress: t
120.9461 	EXP 	Display Frame 0
121.0602 	DATA 	Keypress: t
121.0707 	EXP 	Display Frame 1
121.1847 	DATA 	Keypress: t
121.1857 	DATA 	Keypress: t
121.1960 	EXP 	Display Frame 0
121.3098 	DATA 	Keypress: t
121.3110 	DATA 	Keypress: t
121.3210 	EXP 	Display Frame 1
121.4348 	DATA 	Keypress: t
121.4357 	DATA 	Keypress: t
121.4473 	EXP 	Display Frame 0
121.5603 	DATA 	Keypress: t
121.5635 	EXP 	Display Frame 1
121.6848 	DATA 	Keypress: t
121.6857 	DATA 	Keypress: t
121.6973 	EXP 	Display Frame 0
121.8098 	DATA 	Keypress: t
121.8109 	DATA 	Keypress: t
121.8210 	EXP 	Display Frame 1
121.9347 	DATA 	Keypress: t
121.9357 	DATA 	Keypress: t
121.9471 	EXP 	Display Frame 0
122.0602 	DATA 	Keypress: t
122.0634 	EXP 	Display Frame 1
122.1848 	DATA 	Keypress: t
122.1857 	DATA 	Keypress: t
122.1981 	EXP 	Display Frame 0
122.3097 	DATA 	Keypress: t
122.3110 	DATA 	Keypress: t
122.3208 	EXP 	Display Frame 1
122.4347 	DATA 	Keypress: t
122.4357 	DATA 	Keypress: t
122.4479 	EXP 	Display Frame 0
122.5602 	DATA 	Keypress: t
122.5647 	EXP 	Display Frame 1
122.6848 	DATA 	Keypress: t
122.6858 	DATA 	Keypress: t
122.6979 	EXP 	Display Frame 0
122.8097 	DATA 	Keypress: t
122.8108 	DATA 	Keypress: t
122.8138 	EXP 	Display Frame 1
122.9347 	DATA 	Keypress: t
122.9357 	DATA 	Keypress: t
122.9475 	EXP 	Display Frame 0
123.0602 	DATA 	Keypress: t
123.0646 	EXP 	Display Frame 1
123.1848 	DATA 	Keypress: t
123.1857 	DATA 	Keypress: t
123.1989 	EXP 	Display Frame 0
123.3098 	DATA 	Keypress: t
123.3110 	DATA 	Keypress: t
123.3155 	EXP 	Display Frame 1
123.4347 	DATA 	Keypress: t
123.4357 	DATA 	Keypress: t
123.4482 	EXP 	Display Frame 0
123.5602 	DATA 	Keypress: t
123.5646 	EXP 	Display Frame 1
123.6847 	DATA 	Keypress: t
123.6857 	DATA 	Keypress: t
123.6986 	EXP 	Display Frame 0
123.8098 	DATA 	Keypress: t
123.8110 	DATA 	Keypress: t
123.8154 	EXP 	Display Frame 1
123.9347 	DATA 	Keypress: t
123.9357 	DATA 	Keypress: t
123.9496 	EXP 	Display Frame 0
124.0602 	DATA 	Keypress: t
124.0659 	EXP 	Display Frame 1
124.1848 	DATA 	Keypress: t
124.1857 	DATA 	Keypress: t
124.1996 	EXP 	Display Frame 0
124.3098 	DATA 	Keypress: t
124.3110 	DATA 	Keypress: t
124.3152 	EXP 	Display Frame 1
124.4347 	DATA 	Keypress: t
124.4357 	DATA 	Keypress: t
124.4493 	EXP 	Display Frame 0
124.5602 	DATA 	Keypress: t
124.5658 	EXP 	Display Frame 1
124.6847 	DATA 	Keypress: t
124.6857 	DATA 	Keypress: t
124.6994 	EXP 	Display Frame 0
124.8098 	DATA 	Keypress: t
124.8110 	DATA 	Keypress: t
124.8166 	EXP 	Display Frame 1
124.9347 	DATA 	Keypress: t
124.9357 	DATA 	Keypress: t
124.9501 	EXP 	Display Frame 0
125.0602 	DATA 	Keypress: t
125.0670 	EXP 	Display Frame 1
125.1848 	DATA 	Keypress: t
125.1858 	DATA 	Keypress: t
125.1998 	EXP 	Display Frame 0
125.3098 	DATA 	Keypress: t
125.3110 	DATA 	Keypress: t
125.3165 	EXP 	Display Frame 1
125.4347 	DATA 	Keypress: t
125.4357 	DATA 	Keypress: t
125.4507 	EXP 	Display Frame 0
125.5603 	DATA 	Keypress: t
125.5670 	EXP 	Display Frame 1
125.6847 	DATA 	Keypress: t
125.6857 	DATA 	Keypress: t
125.7003 	EXP 	Display Frame 0
125.8098 	DATA 	Keypress: t
125.8110 	DATA 	Keypress: t
125.8164 	EXP 	Display Frame 1
125.9347 	DATA 	Keypress: t
125.9357 	DATA 	Keypress: t
125.9507 	EXP 	Display Frame 0
126.0602 	DATA 	Keypress: t
126.0666 	EXP 	Display Frame 1
126.1848 	DATA 	Keypress: t
126.1857 	DATA 	Keypress: t
126.2013 	EXP 	Display Frame 0
126.3098 	DATA 	Keypress: t
126.3111 	DATA 	Keypress: t
126.3177 	EXP 	Display Frame 1
126.4347 	DATA 	Keypress: t
126.4358 	DATA 	Keypress: t
126.4506 	EXP 	Display Frame 0
126.5603 	DATA 	Keypress: t
126.5678 	EXP 	Display Frame 1
126.6848 	DATA 	Keypress: t
126.6858 	DATA 	Keypress: t
126.7007 	EXP 	Display Frame 0
126.8097 	DATA 	Keypress: t
126.8108 	DATA 	Keypress: t
126.8175 	EXP 	Display Frame 1
126.9348 	DATA 	Keypress: t
126.9357 	DATA 	Keypress: t
126.9518 	EXP 	Display Frame 0
127.0603 	DATA 	Keypress: t
127.0681 	EXP 	Display Frame 1
127.1848 	DATA 	Keypress: t
127.1857 	DATA 	Keypress: t
127.2014 	EXP 	Display Frame 0
127.3098 	DATA 	Keypress: t
127.3559 	DATA 	Keypress: t
127.3688 	EXP 	Display Frame 1
127.3694 	DATA 	Keypress: t
127.4352 	DATA 	Keypress: t
127.4522 	EXP 	Display Frame 0
127.5603 	DATA 	Keypress: t
127.5680 	EXP 	Display Frame 1
127.6848 	DATA 	Keypress: t
127.6857 	DATA 	Keypress: t
127.7019 	EXP 	Display Frame 0
127.8097 	DATA 	Keypress: t
127.8109 	DATA 	Keypress: t
127.8188 	EXP 	Display Frame 1
127.9347 	DATA 	Keypress: t
127.9357 	DATA 	Keypress: t
127.9526 	EXP 	Display Frame 0
128.0603 	DATA 	Keypress: t
128.0685 	EXP 	Display Frame 1
128.1848 	DATA 	Keypress: t
128.1858 	DATA 	Keypress: t
128.2024 	EXP 	Display Frame 0
128.3098 	DATA 	Keypress: t
128.3112 	DATA 	Keypress: t
128.3193 	EXP 	Display Frame 1
128.4347 	DATA 	Keypress: t
128.4357 	DATA 	Keypress: t
128.4524 	EXP 	Display Frame 0
128.5602 	DATA 	Keypress: t
128.5692 	EXP 	Display Frame 1
128.6848 	DATA 	Keypress: t
128.6858 	DATA 	Keypress: t
128.7022 	EXP 	Display Frame 0
128.8099 	DATA 	Keypress: t
128.8112 	DATA 	Keypress: t
128.8193 	EXP 	Display Frame 1
128.9348 	DATA 	Keypress: t
128.9357 	DATA 	Keypress: t
128.9530 	EXP 	Display Frame 0
129.0603 	DATA 	Keypress: t
129.0691 	EXP 	Display Frame 1
129.1848 	DATA 	Keypress: t
129.1858 	DATA 	Keypress: t
129.2033 	EXP 	Display Frame 0
129.3097 	DATA 	Keypress: t
129.3110 	DATA 	Keypress: t
129.3203 	EXP 	Display Frame 1
129.4348 	DATA 	Keypress: t
129.4358 	DATA 	Keypress: t
129.4540 	EXP 	Display Frame 0
129.5597 	DATA 	Keypress: t
129.5703 	EXP 	Display Frame 1
129.6848 	DATA 	Keypress: t
129.6857 	DATA 	Keypress: t
129.7037 	EXP 	Display Frame 0
129.8097 	DATA 	Keypress: t
129.8110 	DATA 	Keypress: t
129.8204 	EXP 	Display Frame 1
129.9347 	DATA 	Keypress: t
129.9357 	DATA 	Keypress: t
129.9541 	EXP 	Display Frame 0
130.0597 	DATA 	Keypress: t
130.0705 	EXP 	Display Frame 1
130.1847 	DATA 	Keypress: t
130.1857 	DATA 	Keypress: t
130.2041 	EXP 	Display Frame 0
130.3098 	DATA 	Keypress: t
130.3110 	DATA 	Keypress: t
130.3204 	EXP 	Display Frame 1
130.4347 	DATA 	Keypress: t
130.4357 	DATA 	Keypress: t
130.4533 	EXP 	Display Frame 0
130.5602 	DATA 	Keypress: t
130.5704 	EXP 	Display Frame 1
130.6847 	DATA 	Keypress: t
130.6857 	DATA 	Keypress: t
130.7035 	EXP 	Display Frame 0
130.8097 	DATA 	Keypress: t
130.8109 	DATA 	Keypress: t
130.8203 	EXP 	Display Frame 1
130.9348 	DATA 	Keypress: t
130.9357 	DATA 	Keypress: t
130.9540 	EXP 	Display Frame 0
131.0597 	DATA 	Keypress: t
131.0704 	EXP 	Display Frame 1
131.1848 	DATA 	Keypress: t
131.1858 	DATA 	Keypress: t
131.2032 	EXP 	Display Frame 0
131.3098 	DATA 	Keypress: t
131.3110 	DATA 	Keypress: t
131.3199 	EXP 	Display Frame 1
131.4347 	DATA 	Keypress: t
131.4357 	DATA 	Keypress: t
131.4534 	EXP 	Display Frame 0
131.5602 	DATA 	Keypress: t
131.5697 	EXP 	Display Frame 1
131.6847 	DATA 	Keypress: t
131.6857 	DATA 	Keypress: t
131.7044 	EXP 	Display Frame 0
131.8097 	DATA 	Keypress: t
131.8109 	DATA 	Keypress: t
131.8200 	EXP 	Display Frame 1
131.9347 	DATA 	Keypress: t
131.9357 	DATA 	Keypress: t
131.9385 	EXP 	Display Frame 0
132.0602 	DATA 	Keypress: t
132.0706 	EXP 	Display Frame 1
132.1848 	DATA 	Keypress: t
132.1858 	DATA 	Keypress: t
132.2040 	EXP 	Display Frame 0
132.3098 	DATA 	Keypress: t
132.3111 	DATA 	Keypress: t
132.3203 	EXP 	Display Frame 1
132.4347 	DATA 	Keypress: t
132.4357 	DATA 	Keypress: t
132.4384 	EXP 	Display Frame 0
132.4554 	EXP 	Display Fixation
132.5058 	DATA 	Keypress: t
132.5770 	DATA 	Keypress: t
132.6477 	DATA 	Keypress: t
132.7198 	DATA 	Keypress: t
132.7909 	DATA 	Keypress: t
132.8629 	DATA 	Keypress: t
132.9337 	DATA 	Keypress: t
133.0048 	DATA 	Keypress: t
133.0768 	DATA 	Keypress: t
133.1478 	DATA 	Keypress: t
133.2199 	DATA 	Keypress: t
133.2908 	DATA 	Keypress: t
133.3627 	DATA 	Keypress: t
133.4337 	DATA 	Keypress: t
133.5058 	DATA 	Keypress: t
133.5768 	DATA 	Keypress: t
133.6479 	DATA 	Keypress: t
133.7197 	DATA 	Keypress: t
133.7909 	DATA 	Keypress: t
133.8627 	DATA 	Keypress: t
133.9338 	DATA 	Keypress: t
134.0047 	DATA 	Keypress: t
134.0768 	DATA 	Keypress: t
134.1477 	DATA 	Keypress: t
134.2198 	DATA 	Keypress: t
134.2908 	DATA 	Keypress: t
193.8687 	DATA 	Keypress: escape
193.9013 	EXP 	topMsg: text = "Thank you very much! \n\nThat's it with the tapping"
193.9013 	EXP 	bottomMsg: text = "Please relax for the ramaining time \n\n Press 'q' or 'escape' to end the session."
193.9013 	EXP 	Display TheEnd
199.1168 	DATA 	Keypress: q
