0.9599 	WARNING 	We strongly recommend you activate the PTB sound engine in PsychoPy prefs as the preferred audio engine. Its timing is vastly superior. Your prefs are currently set to use ['sounddevice', 'PTB', 'pyo', 'pygame'] (in that order).
9.4802 	INFO 	---START PARAMETERS---
9.4802 	INFO 	filename: TappingWithTrTiming_Movie_d3.py-1tt-176-Apr_15_0959
9.4802 	INFO 	subject: 1tt
9.4802 	INFO 	session: 176
9.4802 	INFO 	date: Apr_15_0959
9.4802 	INFO 	blockDur_TRs: 12
9.4802 	INFO 	condition: vis
9.4802 	INFO 	fixCrossPos: [0, 0]
9.4803 	INFO 	fixCrossSize: 100
9.4803 	INFO 	fullScreen: True
9.4803 	INFO 	movieFolder: Images/
9.4803 	INFO 	movieSize: (1600, 1600)
9.4803 	INFO 	nBlocks: 68
9.4803 	INFO 	promptDir: Text/
9.4803 	INFO 	restDur_TRs: 12
9.4803 	INFO 	screenColor: (128, 128, 128)
9.4803 	INFO 	screenToShow: 0
9.4803 	INFO 	skipPrompts: False
9.4803 	INFO 	tStartup_TRs: 0
9.4803 	INFO 	textHeight: 40
9.4803 	INFO 	triggerKey: t
9.4803 	INFO 	---END PARAMETERS---
10.4097 	INFO 	Loaded monitor calibration from ['2022_03_25 08:03']
11.5386 	WARNING 	Couldn't measure a consistent frame rate!
  - Is your graphics card set to sync to vertical blank?
  - Are you running other processes on your computer?

11.5410 	EXP 	Created win = Window(allowGUI=False, allowStencil=False, autoLog=True, backendConf=UNKNOWN, bitsMode=UNKNOWN, blendMode='avg', bpc=(8, 8, 8), color=array([128, 128, 128]), colorSpace='rgb255', depthBits=8, fullscr=<method-wrapper '__getattribute__' of attributeSetter object at 0x7fecf85a1280>, gamma=None, gammaErrorPolicy='raise', lms=UNKNOWN, monitor=<psychopy.monitors.calibTools.Monitor object at 0x7fedc8b87220>, multiSample=False, name='win', numSamples=2, pos=[0.0, 0.0], screen=0, size=array([1920, 1080]), stencilBits=0, stereo=False, units='deg', useFBO=False, useRetina=False, viewOri=0.0, viewPos=None, viewScale=None, waitBlanking=True, winType='pyglet')
11.5417 	EXP 	win: mouseVisible = True
11.5509 	EXP 	Created fixCross = ShapeStim(__class__=<class 'psychopy.visual.shape.ShapeStim'>, anchor=('center', 'center'), autoDraw=False, autoLog=True, closeShape=False, color=method-wrapper(...), colorSpace='rgb', contrast=None, depth=0, fillColor=array([0, 0, 0]), fillColorSpace='rgb', fillRGB=array([0, 0, 0]), interpolate=True, lineColor=array([-1., -1., -1.]), lineColorSpace='rgb', lineRGB=array([-1., -1., -1.]), lineWidth=3.0, name='fixCross', opacity=0.5, ori=0.0, pos=array([0., 0.]), size=array([1., 1.]), units='pix', vertices=ndarray(...), win=Window(...), windingRule=None)
11.5515 	WARNING 	TextStim.alignHoriz is deprecated. Use alignText and anchorHoriz attributes instead
11.5856 	EXP 	Created topMsg = TextStim(__class__=<class 'psychopy.visual.text.TextStim'>, alignHoriz='center', alignText='center', alignVert=method-wrapper(...), anchorHoriz='center', anchorVert='center', antialias=True, autoLog=True, bold=False, color=array([-1., -1., -1.]), colorSpace='rgb', contrast=1.0, depth=0, flipHoriz=False, flipVert=False, font='', fontFiles=[], height=0.1, italic=False, languageStyle='LTR', name='topMsg', opacity=1.0, ori=0.0, pos=array([0. , 0.5]), rgb=UNKNOWN, text='aaa', units='norm', win=Window(...), wrapWidth=1.5)
11.5857 	WARNING 	TextStim.alignHoriz is deprecated. Use alignText and anchorHoriz attributes instead
11.5880 	EXP 	Created bottomMsg = TextStim(__class__=<class 'psychopy.visual.text.TextStim'>, alignHoriz='center', alignText='center', alignVert=method-wrapper(...), anchorHoriz='center', anchorVert='center', antialias=True, autoLog=True, bold=False, color=array([-1., -1., -1.]), colorSpace='rgb', contrast=1.0, depth=0, flipHoriz=False, flipVert=False, font='', fontFiles=[], height=0.1, italic=False, languageStyle='LTR', name='bottomMsg', opacity=1.0, ori=0.0, pos=array([ 0. , -0.5]), rgb=UNKNOWN, text='bbb', units='norm', win=Window(...), wrapWidth=1.5)
11.6139 	EXP 	Created Movie Frame 0 = ImageStim(__class__=<class 'psychopy.visual.image.ImageStim'>, anchor=('center', 'center'), autoLog=True, color=array([1., 1., 1.]), colorSpace='rgb', contrast=1.0, depth=0, flipHoriz=False, flipVert=False, image='Images/visual_0.png', interpolate=False, mask=None, maskParams=None, name='Movie Frame 0', opacity=1, ori=0.0, pos=array([0., 0.]), size=array([1600., 1600.]), texRes=128, units='pix', win=Window(...))
11.6265 	EXP 	Created Movie Frame 1 = ImageStim(__class__=<class 'psychopy.visual.image.ImageStim'>, anchor=('center', 'center'), autoLog=True, color=array([1., 1., 1.]), colorSpace='rgb', contrast=1.0, depth=0, flipHoriz=False, flipVert=False, image='Images/visual_1.png', interpolate=False, mask=None, maskParams=None, name='Movie Frame 1', opacity=1, ori=0.0, pos=array([0., 0.]), size=array([1600., 1600.]), texRes=128, units='pix', win=Window(...))
11.6336 	EXP 	Created unnamed TextStim = TextStim(__class__=<class 'psychopy.visual.text.TextStim'>, alignHoriz=method-wrapper(...), alignText='center', alignVert=method-wrapper(...), anchorHoriz='center', anchorVert='center', antialias=True, autoLog=True, bold=False, color=array([-1., -1., -1.]), colorSpace='rgb', contrast=1.0, depth=0, flipHoriz=False, flipVert=False, font='', fontFiles=[], height=40.0, italic=False, languageStyle='LTR', name='unnamed TextStim', opacity=1.0, ori=0.0, pos=array([  0., 880.]), rgb=UNKNOWN, text='look at the center', units='pix', win=Window(...), wrapWidth=1600)
11.6493 	WARNING 	t of last frame was 111.04ms (=1/9)
11.6493 	EXP 	topMsg: height = 0.1
11.6493 	EXP 	topMsg: height = 0.1
11.6493 	EXP 	topMsg: text = 'You will see a flickering checkerboard. When it is on the screen, try to fixate the center of the checkerboard. When the fixation cross appears, relax and stare at the cross.'
11.6493 	EXP 	bottomMsg: height = 0.1
11.6493 	EXP 	bottomMsg: height = 0.1
11.6493 	EXP 	bottomMsg: text = 'The experiment will begin shortly'
11.6493 	EXP 	Display Instructions1
12.5298 	DATA 	Keypress: t
12.5343 	WARNING 	t of last frame was 884.99ms (=1/1)
12.5343 	EXP 	topMsg: height = 0.1
12.5343 	EXP 	topMsg: height = 0.1
12.5343 	EXP 	topMsg: text = "Please don't move..."
12.5343 	EXP 	bottomMsg: height = 0.1
12.5343 	EXP 	bottomMsg: height = 0.1
12.5343 	EXP 	bottomMsg: text = ''
12.5343 	EXP 	PleaseDontMove
12.6845 	DATA 	Keypress: t
12.6891 	WARNING 	t of last frame was 154.78ms (=1/6)
12.6891 	EXP 	Display Fixation
12.6891 	EXP 	---START EXPERIMENT---
12.7049 	EXP 	Display Fixation
12.8176 	DATA 	Keypress: t
12.9625 	DATA 	Keypress: t
13.1014 	DATA 	Keypress: t
13.2271 	DATA 	Keypress: t
13.3614 	DATA 	Keypress: t
13.4815 	DATA 	Keypress: t
13.6114 	DATA 	Keypress: t
13.7525 	DATA 	Keypress: t
13.8864 	DATA 	Keypress: t
13.9966 	DATA 	Keypress: t
14.1327 	DATA 	Keypress: t
14.3735 	DATA 	Keypress: t
14.3834 	WARNING 	t of last frame was 1678.50ms (=1/0)
14.5009 	WARNING 	Multiple dropped frames have occurred - I'll stop bothering you about them!
14.5009 	EXP 	Display Frame 1
14.6246 	DATA 	Keypress: t
14.6263 	EXP 	Display Frame 0
14.7494 	DATA 	Keypress: t
14.7508 	EXP 	Display Frame 1
14.8746 	DATA 	Keypress: t
14.8760 	EXP 	Display Frame 0
15.0000 	EXP 	Display Frame 1
15.1250 	EXP 	Display Frame 0
15.2499 	EXP 	Display Frame 1
15.3750 	EXP 	Display Frame 0
15.4992 	DATA 	Keypress: q
15.5008 	EXP 	Display Frame 1
15.5093 	EXP 	topMsg: height = 0.1
15.5093 	EXP 	topMsg: height = 0.1
15.5093 	EXP 	topMsg: text = "Thank you very much! \n\nThat's it with the tapping"
15.5093 	EXP 	bottomMsg: height = 0.1
15.5093 	EXP 	bottomMsg: height = 0.1
15.5093 	EXP 	bottomMsg: text = "Please relax for the ramaining time \n\n Press 'q' or 'escape' to end the session."
15.5093 	EXP 	Display TheEnd
17.7735 	DATA 	Keypress: t
92.0098 	DATA 	Keypress: q
92.0869 	EXP 	win: mouseVisible = True
