1.0213 	WARNING 	We strongly recommend you activate the PTB sound engine in PsychoPy prefs as the preferred audio engine. Its timing is vastly superior. Your prefs are currently set to use ['sounddevice', 'PTB', 'pyo', 'pygame'] (in that order).
6.5077 	INFO 	---START PARAMETERS---
6.5077 	INFO 	filename: TappingWithTrTiming_Movie_d3.py-1tt-55-Mar_01_1425
6.5078 	INFO 	subject: 1tt
6.5078 	INFO 	session: 55
6.5078 	INFO 	date: Mar_01_1425
6.5078 	INFO 	blockDur_TRs: 10
6.5078 	INFO 	condition: vis
6.5079 	INFO 	fixCrossPos: [0, 0]
6.5079 	INFO 	fixCrossSize: 100
6.5079 	INFO 	fullScreen: True
6.5079 	INFO 	movieFolder: Images/
6.5079 	INFO 	movieSize: (1600, 1000)
6.5079 	INFO 	nBlocks: 68
6.5079 	INFO 	promptDir: Text/
6.5079 	INFO 	restDur_TRs: 10
6.5079 	INFO 	screenColor: (128, 128, 128)
6.5079 	INFO 	screenToShow: 0
6.5079 	INFO 	skipPrompts: False
6.5079 	INFO 	tStartup_TRs: 0
6.5079 	INFO 	textHeight: 40
6.5079 	INFO 	triggerKey: t
6.5080 	INFO 	---END PARAMETERS---
7.5203 	INFO 	Loaded monitor calibration from ['2022_03_25 08:03']
8.0144 	EXP 	Created win = Window(allowGUI=False, allowStencil=False, autoLog=True, backendConf=UNKNOWN, bitsMode=UNKNOWN, blendMode='avg', bpc=(8, 8, 8), color=array([128, 128, 128]), colorSpace='rgb255', depthBits=8, fullscr=<method-wrapper '__getattribute__' of attributeSetter object at 0x7f8baabdda90>, gamma=None, gammaErrorPolicy='raise', lms=UNKNOWN, monitor=<psychopy.monitors.calibTools.Monitor object at 0x7f8bfa21e9a0>, multiSample=False, name='win', numSamples=2, pos=[0.0, 0.0], screen=0, size=array([1280, 1024]), stencilBits=0, stereo=False, units='deg', useFBO=False, useRetina=False, viewOri=0.0, viewPos=None, viewScale=None, waitBlanking=True, winType='pyglet')
8.0147 	EXP 	win: mouseVisible = True
8.0201 	EXP 	Created fixCross = ShapeStim(__class__=<class 'psychopy.visual.shape.ShapeStim'>, anchor=('center', 'center'), autoDraw=False, autoLog=True, closeShape=False, color=method-wrapper(...), colorSpace='rgb', contrast=None, depth=0, fillColor=array([0, 0, 0]), fillColorSpace='rgb', fillRGB=array([0, 0, 0]), interpolate=True, lineColor=array([-1., -1., -1.]), lineColorSpace='rgb', lineRGB=array([-1., -1., -1.]), lineWidth=3.0, name='fixCross', opacity=0.5, ori=0.0, pos=array([0., 0.]), size=array([1., 1.]), units='pix', vertices=ndarray(...), win=Window(...), windingRule=None)
8.0206 	WARNING 	TextStim.alignHoriz is deprecated. Use alignText and anchorHoriz attributes instead
8.0495 	EXP 	Created topMsg = TextStim(__class__=<class 'psychopy.visual.text.TextStim'>, alignHoriz='center', alignText='center', alignVert=method-wrapper(...), anchorHoriz='center', anchorVert='center', antialias=True, autoLog=True, bold=False, color=array([-1., -1., -1.]), colorSpace='rgb', contrast=1.0, depth=0, flipHoriz=False, flipVert=False, font='', fontFiles=[], height=0.1, italic=False, languageStyle='LTR', name='topMsg', opacity=1.0, ori=0.0, pos=array([0. , 0.5]), rgb=UNKNOWN, text='aaa', units='norm', win=Window(...), wrapWidth=1.5)
8.0496 	WARNING 	TextStim.alignHoriz is deprecated. Use alignText and anchorHoriz attributes instead
8.0523 	EXP 	Created bottomMsg = TextStim(__class__=<class 'psychopy.visual.text.TextStim'>, alignHoriz='center', alignText='center', alignVert=method-wrapper(...), anchorHoriz='center', anchorVert='center', antialias=True, autoLog=True, bold=False, color=array([-1., -1., -1.]), colorSpace='rgb', contrast=1.0, depth=0, flipHoriz=False, flipVert=False, font='', fontFiles=[], height=0.1, italic=False, languageStyle='LTR', name='bottomMsg', opacity=1.0, ori=0.0, pos=array([ 0. , -0.5]), rgb=UNKNOWN, text='bbb', units='norm', win=Window(...), wrapWidth=1.5)
8.0730 	EXP 	Created Movie Frame 0 = ImageStim(__class__=<class 'psychopy.visual.image.ImageStim'>, anchor=('center', 'center'), autoLog=True, color=array([1., 1., 1.]), colorSpace='rgb', contrast=1.0, depth=0, flipHoriz=False, flipVert=False, image='Images/visual_0.png', interpolate=False, mask=None, maskParams=None, name='Movie Frame 0', opacity=1, ori=0.0, pos=array([0., 0.]), size=array([1600., 1000.]), texRes=128, units='pix', win=Window(...))
8.0856 	EXP 	Created Movie Frame 1 = ImageStim(__class__=<class 'psychopy.visual.image.ImageStim'>, anchor=('center', 'center'), autoLog=True, color=array([1., 1., 1.]), colorSpace='rgb', contrast=1.0, depth=0, flipHoriz=False, flipVert=False, image='Images/visual_1.png', interpolate=False, mask=None, maskParams=None, name='Movie Frame 1', opacity=1, ori=0.0, pos=array([0., 0.]), size=array([1600., 1000.]), texRes=128, units='pix', win=Window(...))
8.0922 	EXP 	Created unnamed TextStim = TextStim(__class__=<class 'psychopy.visual.text.TextStim'>, alignHoriz=method-wrapper(...), alignText='center', alignVert=method-wrapper(...), anchorHoriz='center', anchorVert='center', antialias=True, autoLog=True, bold=False, color=array([-1., -1., -1.]), colorSpace='rgb', contrast=1.0, depth=0, flipHoriz=False, flipVert=False, font='', fontFiles=[], height=40.0, italic=False, languageStyle='LTR', name='unnamed TextStim', opacity=1.0, ori=0.0, pos=array([  0., 580.]), rgb=UNKNOWN, text='look at the center', units='pix', win=Window(...), wrapWidth=1600)
8.1089 	EXP 	topMsg: height = 0.1
8.1089 	EXP 	topMsg: height = 0.1
8.1089 	EXP 	topMsg: text = 'You will see a flickering checkerboard. When it is on the screen, try to fixate the center of the checkerboard. When the fixation cross appears, relax and stare at the cross.'
8.1089 	EXP 	bottomMsg: height = 0.1
8.1089 	EXP 	bottomMsg: height = 0.1
8.1089 	EXP 	bottomMsg: text = 'The experiment will begin shortly'
8.1089 	EXP 	Display Instructions1
8.7881 	DATA 	Keypress: space
8.7937 	EXP 	topMsg: height = 0.1
8.7937 	EXP 	topMsg: height = 0.1
8.7937 	EXP 	topMsg: text = "Please don't move..."
8.7937 	EXP 	bottomMsg: height = 0.1
8.7937 	EXP 	bottomMsg: height = 0.1
8.7937 	EXP 	bottomMsg: text = ''
8.7937 	EXP 	PleaseDontMove
194.0264 	DATA 	Keypress: q
194.7353 	DATA 	Keypress: t
194.7380 	EXP 	Display Fixation
194.7382 	EXP 	---START EXPERIMENT---
194.7406 	EXP 	Display Fixation
194.7584 	EXP 	topMsg: height = 0.1
194.7584 	EXP 	topMsg: height = 0.1
194.7584 	EXP 	topMsg: text = "Thank you very much! \n\nThat's it with the tapping"
194.7584 	EXP 	bottomMsg: height = 0.1
194.7584 	EXP 	bottomMsg: height = 0.1
194.7584 	EXP 	bottomMsg: text = "Please relax for the ramaining time \n\n Press 'q' or 'escape' to end the session."
194.7584 	EXP 	Display TheEnd
195.7668 	DATA 	Keypress: q
195.8337 	EXP 	win: mouseVisible = True
