1.0235 	WARNING 	We strongly recommend you activate the PTB sound engine in PsychoPy prefs as the preferred audio engine. Its timing is vastly superior. Your prefs are currently set to use ['sounddevice', 'PTB', 'pyo', 'pygame'] (in that order).
7.6429 	INFO 	---START PARAMETERS---
7.6429 	INFO 	filename: TappingWithTrTiming_Movie_d3.py-1tt-43-Oct_31_1427
7.6429 	INFO 	subject: 1tt
7.6429 	INFO 	session: 43
7.6429 	INFO 	date: Oct_31_1427
7.6429 	INFO 	blockDur_TRs: 8
7.6429 	INFO 	condition: vis
7.6429 	INFO 	fixCrossPos: [0, 0]
7.6429 	INFO 	fixCrossSize: 100
7.6429 	INFO 	fullScreen: True
7.6429 	INFO 	movieFolder: Images/
7.6429 	INFO 	movieSize: (1600, 1000)
7.6429 	INFO 	nBlocks: 68
7.6429 	INFO 	promptDir: Text/
7.6429 	INFO 	restDur_TRs: 8
7.6430 	INFO 	screenColor: (128, 128, 128)
7.6430 	INFO 	screenToShow: 0
7.6430 	INFO 	skipPrompts: False
7.6430 	INFO 	tStartup_TRs: 0
7.6430 	INFO 	textHeight: 40
7.6430 	INFO 	triggerKey: t
7.6430 	INFO 	---END PARAMETERS---
8.7541 	INFO 	Loaded monitor calibration from ['2022_03_25 08:03']
9.2868 	EXP 	Created win = Window(allowGUI=False, allowStencil=False, autoLog=True, backendConf=UNKNOWN, bitsMode=UNKNOWN, blendMode='avg', bpc=(8, 8, 8), color=array([128, 128, 128]), colorSpace='rgb255', depthBits=8, fullscr=<method-wrapper '__getattribute__' of attributeSetter object at 0x7fb9687ee640>, gamma=None, gammaErrorPolicy='raise', lms=UNKNOWN, monitor=<psychopy.monitors.calibTools.Monitor object at 0x7fb9f9336940>, multiSample=False, name='win', numSamples=2, pos=[0.0, 0.0], screen=0, size=array([1920, 1080]), stencilBits=0, stereo=False, units='deg', useFBO=False, useRetina=False, viewOri=0.0, viewPos=None, viewScale=None, waitBlanking=True, winType='pyglet')
9.2870 	EXP 	win: mouseVisible = True
9.2898 	EXP 	Created fixCross = ShapeStim(__class__=<class 'psychopy.visual.shape.ShapeStim'>, anchor=('center', 'center'), autoDraw=False, autoLog=True, closeShape=False, color=method-wrapper(...), colorSpace='rgb', contrast=None, depth=0, fillColor=array([0, 0, 0]), fillColorSpace='rgb', fillRGB=array([0, 0, 0]), interpolate=True, lineColor=array([-1., -1., -1.]), lineColorSpace='rgb', lineRGB=array([-1., -1., -1.]), lineWidth=3.0, name='fixCross', opacity=0.5, ori=0.0, pos=array([0., 0.]), size=array([1., 1.]), units='pix', vertices=ndarray(...), win=Window(...), windingRule=None)
9.2901 	WARNING 	TextStim.alignHoriz is deprecated. Use alignText and anchorHoriz attributes instead
9.3101 	EXP 	Created topMsg = TextStim(__class__=<class 'psychopy.visual.text.TextStim'>, alignHoriz='center', alignText='center', alignVert=method-wrapper(...), anchorHoriz='center', anchorVert='center', antialias=True, autoLog=True, bold=False, color=array([-1., -1., -1.]), colorSpace='rgb', contrast=1.0, depth=0, flipHoriz=False, flipVert=False, font='', fontFiles=[], height=0.1, italic=False, languageStyle='LTR', name='topMsg', opacity=1.0, ori=0.0, pos=array([0. , 0.5]), rgb=UNKNOWN, text='aaa', units='norm', win=Window(...), wrapWidth=1.5)
9.3102 	WARNING 	TextStim.alignHoriz is deprecated. Use alignText and anchorHoriz attributes instead
9.3125 	EXP 	Created bottomMsg = TextStim(__class__=<class 'psychopy.visual.text.TextStim'>, alignHoriz='center', alignText='center', alignVert=method-wrapper(...), anchorHoriz='center', anchorVert='center', antialias=True, autoLog=True, bold=False, color=array([-1., -1., -1.]), colorSpace='rgb', contrast=1.0, depth=0, flipHoriz=False, flipVert=False, font='', fontFiles=[], height=0.1, italic=False, languageStyle='LTR', name='bottomMsg', opacity=1.0, ori=0.0, pos=array([ 0. , -0.5]), rgb=UNKNOWN, text='bbb', units='norm', win=Window(...), wrapWidth=1.5)
9.3340 	EXP 	Created Movie Frame 0 = ImageStim(__class__=<class 'psychopy.visual.image.ImageStim'>, anchor=('center', 'center'), autoLog=True, color=array([1., 1., 1.]), colorSpace='rgb', contrast=1.0, depth=0, flipHoriz=False, flipVert=False, image='Images/visual_0.png', interpolate=False, mask=None, maskParams=None, name='Movie Frame 0', opacity=1, ori=0.0, pos=array([0., 0.]), size=array([1600., 1000.]), texRes=128, units='pix', win=Window(...))
9.3470 	EXP 	Created Movie Frame 1 = ImageStim(__class__=<class 'psychopy.visual.image.ImageStim'>, anchor=('center', 'center'), autoLog=True, color=array([1., 1., 1.]), colorSpace='rgb', contrast=1.0, depth=0, flipHoriz=False, flipVert=False, image='Images/visual_1.png', interpolate=False, mask=None, maskParams=None, name='Movie Frame 1', opacity=1, ori=0.0, pos=array([0., 0.]), size=array([1600., 1000.]), texRes=128, units='pix', win=Window(...))
9.3539 	EXP 	Created unnamed TextStim = TextStim(__class__=<class 'psychopy.visual.text.TextStim'>, alignHoriz=method-wrapper(...), alignText='center', alignVert=method-wrapper(...), anchorHoriz='center', anchorVert='center', antialias=True, autoLog=True, bold=False, color=array([-1., -1., -1.]), colorSpace='rgb', contrast=1.0, depth=0, flipHoriz=False, flipVert=False, font='', fontFiles=[], height=40.0, italic=False, languageStyle='LTR', name='unnamed TextStim', opacity=1.0, ori=0.0, pos=array([  0., 580.]), rgb=UNKNOWN, text='look at the center', units='pix', win=Window(...), wrapWidth=1600)
9.3710 	EXP 	topMsg: height = 0.1
9.3710 	EXP 	topMsg: height = 0.1
9.3710 	EXP 	topMsg: text = 'You will see a flickering checkerboard. When it is on the screen, try to fixate the center of the checkerboard. When the fixation cross appears, relax and stare at the cross.'
9.3710 	EXP 	bottomMsg: height = 0.1
9.3710 	EXP 	bottomMsg: height = 0.1
9.3710 	EXP 	bottomMsg: text = 'The experiment will begin shortly'
9.3710 	EXP 	Display Instructions1
10.8422 	DATA 	Keypress: t
10.8500 	EXP 	topMsg: height = 0.1
10.8500 	EXP 	topMsg: height = 0.1
10.8500 	EXP 	topMsg: text = "Please don't move..."
10.8500 	EXP 	bottomMsg: height = 0.1
10.8500 	EXP 	bottomMsg: height = 0.1
10.8500 	EXP 	bottomMsg: text = ''
10.8500 	EXP 	PleaseDontMove
157.7633 	DATA 	Keypress: 5
158.2735 	DATA 	Keypress: 5
158.7736 	DATA 	Keypress: 5
159.2806 	DATA 	Keypress: 5
165.9450 	DATA 	Keypress: 5
166.4518 	DATA 	Keypress: 5
166.9580 	DATA 	Keypress: 5
167.4647 	DATA 	Keypress: 5
174.1293 	DATA 	Keypress: 5
174.6346 	DATA 	Keypress: 5
175.1414 	DATA 	Keypress: 5
175.6475 	DATA 	Keypress: 5
182.3135 	DATA 	Keypress: t
182.3270 	EXP 	Display Fixation
182.3273 	EXP 	---START EXPERIMENT---
182.3381 	EXP 	Display Fixation
182.8190 	DATA 	Keypress: t
183.3256 	DATA 	Keypress: t
183.8316 	DATA 	Keypress: t
184.7462 	DATA 	Keypress: space
185.4908 	DATA 	Keypress: function
186.3197 	DATA 	Keypress: q
186.3303 	EXP 	topMsg: height = 0.1
186.3303 	EXP 	topMsg: height = 0.1
186.3303 	EXP 	topMsg: text = "Thank you very much! \n\nThat's it with the tapping"
186.3303 	EXP 	bottomMsg: height = 0.1
186.3303 	EXP 	bottomMsg: height = 0.1
186.3303 	EXP 	bottomMsg: text = "Please relax for the ramaining time \n\n Press 'q' or 'escape' to end the session."
186.3303 	EXP 	Display TheEnd
187.3166 	DATA 	Keypress: t
191.1907 	DATA 	Keypress: q
191.2643 	EXP 	win: mouseVisible = True
