0.9275 	WARNING 	We strongly recommend you activate the PTB sound engine in PsychoPy prefs as the preferred audio engine. Its timing is vastly superior. Your prefs are currently set to use ['sounddevice', 'PTB', 'pyo', 'pygame'] (in that order).
6.3727 	INFO 	---START PARAMETERS---
6.3728 	INFO 	filename: TappingWithTrTiming_Movie_d3.py-1tt-180-Apr_15_1051
6.3728 	INFO 	subject: 1tt
6.3728 	INFO 	session: 180
6.3728 	INFO 	date: Apr_15_1051
6.3728 	INFO 	blockDur_TRs: 12
6.3728 	INFO 	condition: vis
6.3728 	INFO 	fixCrossPos: [0, 0]
6.3728 	INFO 	fixCrossSize: 100
6.3728 	INFO 	fullScreen: True
6.3728 	INFO 	movieFolder: Images/
6.3728 	INFO 	movieSize: (1600, 1600)
6.3728 	INFO 	nBlocks: 68
6.3728 	INFO 	promptDir: Text/
6.3728 	INFO 	restDur_TRs: 12
6.3728 	INFO 	screenColor: (128, 128, 128)
6.3728 	INFO 	screenToShow: 0
6.3728 	INFO 	skipPrompts: False
6.3728 	INFO 	tStartup_TRs: 0
6.3728 	INFO 	textHeight: 40
6.3729 	INFO 	triggerKey: t
6.3729 	INFO 	---END PARAMETERS---
7.2500 	INFO 	Loaded monitor calibration from ['2022_03_25 08:03']
7.8470 	DATA 	Keypress: space
8.4036 	WARNING 	Couldn't measure a consistent frame rate!
  - Is your graphics card set to sync to vertical blank?
  - Are you running other processes on your computer?

8.4045 	EXP 	Created win = Window(allowGUI=False, allowStencil=False, autoLog=True, backendConf=UNKNOWN, bitsMode=UNKNOWN, blendMode='avg', bpc=(8, 8, 8), color=array([128, 128, 128]), colorSpace='rgb255', depthBits=8, fullscr=<method-wrapper '__getattribute__' of attributeSetter object at 0x7f8357af90a0>, gamma=None, gammaErrorPolicy='raise', lms=UNKNOWN, monitor=<psychopy.monitors.calibTools.Monitor object at 0x7f83e0ed6220>, multiSample=False, name='win', numSamples=2, pos=[0.0, 0.0], screen=0, size=array([1920, 1080]), stencilBits=0, stereo=False, units='deg', useFBO=False, useRetina=False, viewOri=0.0, viewPos=None, viewScale=None, waitBlanking=True, winType='pyglet')
8.4051 	EXP 	win: mouseVisible = True
8.4132 	EXP 	Created fixCross = ShapeStim(__class__=<class 'psychopy.visual.shape.ShapeStim'>, anchor=('center', 'center'), autoDraw=False, autoLog=True, closeShape=False, color=method-wrapper(...), colorSpace='rgb', contrast=None, depth=0, fillColor=array([0, 0, 0]), fillColorSpace='rgb', fillRGB=array([0, 0, 0]), interpolate=True, lineColor=array([-1., -1., -1.]), lineColorSpace='rgb', lineRGB=array([-1., -1., -1.]), lineWidth=3.0, name='fixCross', opacity=0.5, ori=0.0, pos=array([0., 0.]), size=array([1., 1.]), units='pix', vertices=ndarray(...), win=Window(...), windingRule=None)
8.4140 	WARNING 	TextStim.alignHoriz is deprecated. Use alignText and anchorHoriz attributes instead
8.4430 	EXP 	Created topMsg = TextStim(__class__=<class 'psychopy.visual.text.TextStim'>, alignHoriz='center', alignText='center', alignVert=method-wrapper(...), anchorHoriz='center', anchorVert='center', antialias=True, autoLog=True, bold=False, color=array([-1., -1., -1.]), colorSpace='rgb', contrast=1.0, depth=0, flipHoriz=False, flipVert=False, font='', fontFiles=[], height=0.1, italic=False, languageStyle='LTR', name='topMsg', opacity=1.0, ori=0.0, pos=array([0. , 0.5]), rgb=UNKNOWN, text='aaa', units='norm', win=Window(...), wrapWidth=1.5)
8.4431 	WARNING 	TextStim.alignHoriz is deprecated. Use alignText and anchorHoriz attributes instead
8.4455 	EXP 	Created bottomMsg = TextStim(__class__=<class 'psychopy.visual.text.TextStim'>, alignHoriz='center', alignText='center', alignVert=method-wrapper(...), anchorHoriz='center', anchorVert='center', antialias=True, autoLog=True, bold=False, color=array([-1., -1., -1.]), colorSpace='rgb', contrast=1.0, depth=0, flipHoriz=False, flipVert=False, font='', fontFiles=[], height=0.1, italic=False, languageStyle='LTR', name='bottomMsg', opacity=1.0, ori=0.0, pos=array([ 0. , -0.5]), rgb=UNKNOWN, text='bbb', units='norm', win=Window(...), wrapWidth=1.5)
8.4653 	EXP 	Created Movie Frame 0 = ImageStim(__class__=<class 'psychopy.visual.image.ImageStim'>, anchor=('center', 'center'), autoLog=True, color=array([1., 1., 1.]), colorSpace='rgb', contrast=1.0, depth=0, flipHoriz=False, flipVert=False, image='Images/visual_0.png', interpolate=False, mask=None, maskParams=None, name='Movie Frame 0', opacity=1, ori=0.0, pos=array([0., 0.]), size=array([1600., 1600.]), texRes=128, units='pix', win=Window(...))
8.4765 	EXP 	Created Movie Frame 1 = ImageStim(__class__=<class 'psychopy.visual.image.ImageStim'>, anchor=('center', 'center'), autoLog=True, color=array([1., 1., 1.]), colorSpace='rgb', contrast=1.0, depth=0, flipHoriz=False, flipVert=False, image='Images/visual_1.png', interpolate=False, mask=None, maskParams=None, name='Movie Frame 1', opacity=1, ori=0.0, pos=array([0., 0.]), size=array([1600., 1600.]), texRes=128, units='pix', win=Window(...))
8.4833 	EXP 	Created unnamed TextStim = TextStim(__class__=<class 'psychopy.visual.text.TextStim'>, alignHoriz=method-wrapper(...), alignText='center', alignVert=method-wrapper(...), anchorHoriz='center', anchorVert='center', antialias=True, autoLog=True, bold=False, color=array([-1., -1., -1.]), colorSpace='rgb', contrast=1.0, depth=0, flipHoriz=False, flipVert=False, font='', fontFiles=[], height=40.0, italic=False, languageStyle='LTR', name='unnamed TextStim', opacity=1.0, ori=0.0, pos=array([  0., 880.]), rgb=UNKNOWN, text='look at the center', units='pix', win=Window(...), wrapWidth=1600)
8.4986 	WARNING 	t of last frame was 95.19ms (=1/10)
8.4986 	EXP 	topMsg: height = 0.1
8.4986 	EXP 	topMsg: height = 0.1
8.4986 	EXP 	topMsg: text = 'You will see a flickering checkerboard. When it is on the screen, try to fixate the center of the checkerboard. When the fixation cross appears, relax and stare at the cross.'
8.4986 	EXP 	bottomMsg: height = 0.1
8.4986 	EXP 	bottomMsg: height = 0.1
8.4986 	EXP 	bottomMsg: text = 'The experiment will begin shortly'
8.4986 	EXP 	Display Instructions1
8.8487 	DATA 	Keypress: space
8.8534 	WARNING 	t of last frame was 354.83ms (=1/2)
8.8534 	EXP 	topMsg: height = 0.1
8.8534 	EXP 	topMsg: height = 0.1
8.8534 	EXP 	topMsg: text = "Please don't move..."
8.8534 	EXP 	bottomMsg: height = 0.1
8.8534 	EXP 	bottomMsg: height = 0.1
8.8534 	EXP 	bottomMsg: text = ''
8.8534 	EXP 	PleaseDontMove
73.5867 	DATA 	Keypress: t
73.5988 	WARNING 	t of last frame was 64745.40ms (=1/0)
73.5988 	EXP 	Display Fixation
73.5991 	EXP 	---START EXPERIMENT---
73.6195 	WARNING 	t of last frame was 20.69ms (=1/48)
73.6195 	EXP 	Display Fixation
76.1364 	DATA 	Keypress: t
78.6800 	DATA 	Keypress: t
81.2278 	DATA 	Keypress: t
83.7743 	DATA 	Keypress: t
86.3214 	DATA 	Keypress: t
88.8687 	DATA 	Keypress: t
91.4154 	DATA 	Keypress: t
93.9621 	DATA 	Keypress: t
96.5097 	DATA 	Keypress: t
99.0561 	DATA 	Keypress: t
101.6033 	DATA 	Keypress: t
104.1501 	DATA 	Keypress: t
104.1620 	WARNING 	Multiple dropped frames have occurred - I'll stop bothering you about them!
104.2775 	EXP 	Display Frame 1
104.4015 	EXP 	Display Frame 0
104.5266 	EXP 	Display Frame 1
104.6518 	EXP 	Display Frame 0
104.7767 	EXP 	Display Frame 1
104.9017 	EXP 	Display Frame 0
105.0266 	EXP 	Display Frame 1
105.1516 	EXP 	Display Frame 0
105.2767 	EXP 	Display Frame 1
105.4017 	EXP 	Display Frame 0
105.5266 	EXP 	Display Frame 1
105.6515 	EXP 	Display Frame 0
105.7766 	EXP 	Display Frame 1
105.9016 	EXP 	Display Frame 0
106.0266 	EXP 	Display Frame 1
106.1516 	EXP 	Display Frame 0
106.2768 	EXP 	Display Frame 1
106.4017 	EXP 	Display Frame 0
106.5266 	EXP 	Display Frame 1
106.6516 	EXP 	Display Frame 0
106.7767 	DATA 	Keypress: t
106.7785 	EXP 	Display Frame 1
106.9015 	EXP 	Display Frame 0
107.0265 	EXP 	Display Frame 1
107.1516 	EXP 	Display Frame 0
107.2767 	EXP 	Display Frame 1
107.4017 	EXP 	Display Frame 0
107.5266 	EXP 	Display Frame 1
107.6517 	EXP 	Display Frame 0
107.7766 	EXP 	Display Frame 1
107.9018 	EXP 	Display Frame 0
108.0266 	EXP 	Display Frame 1
108.1516 	EXP 	Display Frame 0
108.2767 	EXP 	Display Frame 1
108.4017 	EXP 	Display Frame 0
108.5276 	EXP 	Display Frame 1
108.6517 	EXP 	Display Frame 0
108.7766 	EXP 	Display Frame 1
108.9016 	EXP 	Display Frame 0
109.0267 	EXP 	Display Frame 1
109.1516 	EXP 	Display Frame 0
109.2766 	DATA 	Keypress: t
109.2784 	EXP 	Display Frame 1
109.4016 	EXP 	Display Frame 0
109.5266 	EXP 	Display Frame 1
109.6517 	EXP 	Display Frame 0
109.7767 	EXP 	Display Frame 1
109.9017 	EXP 	Display Frame 0
110.0267 	EXP 	Display Frame 1
110.1516 	EXP 	Display Frame 0
110.2767 	EXP 	Display Frame 1
110.4017 	EXP 	Display Frame 0
110.5266 	EXP 	Display Frame 1
110.6517 	EXP 	Display Frame 0
110.7767 	EXP 	Display Frame 1
110.9017 	EXP 	Display Frame 0
111.0266 	EXP 	Display Frame 1
111.1517 	EXP 	Display Frame 0
111.2767 	EXP 	Display Frame 1
111.4017 	EXP 	Display Frame 0
111.5265 	EXP 	Display Frame 1
111.6517 	EXP 	Display Frame 0
111.7767 	EXP 	Display Frame 1
111.9018 	DATA 	Keypress: t
111.9036 	EXP 	Display Frame 0
112.0265 	EXP 	Display Frame 1
112.1515 	EXP 	Display Frame 0
112.2769 	EXP 	Display Frame 1
112.4016 	EXP 	Display Frame 0
112.5265 	EXP 	Display Frame 1
112.6517 	EXP 	Display Frame 0
112.7767 	EXP 	Display Frame 1
112.9017 	EXP 	Display Frame 0
113.0266 	EXP 	Display Frame 1
113.1516 	EXP 	Display Frame 0
113.2767 	EXP 	Display Frame 1
113.4018 	EXP 	Display Frame 0
113.5266 	EXP 	Display Frame 1
113.6517 	EXP 	Display Frame 0
113.7766 	EXP 	Display Frame 1
113.9016 	EXP 	Display Frame 0
114.0265 	EXP 	Display Frame 1
114.1519 	EXP 	Display Frame 0
114.2766 	EXP 	Display Frame 1
114.4015 	DATA 	Keypress: t
114.4034 	EXP 	Display Frame 0
114.5265 	EXP 	Display Frame 1
114.6515 	EXP 	Display Frame 0
114.7767 	EXP 	Display Frame 1
114.9017 	EXP 	Display Frame 0
115.0266 	EXP 	Display Frame 1
115.1517 	EXP 	Display Frame 0
115.2767 	EXP 	Display Frame 1
115.4021 	EXP 	Display Frame 0
115.5267 	EXP 	Display Frame 1
115.6518 	EXP 	Display Frame 0
115.7767 	EXP 	Display Frame 1
115.9017 	EXP 	Display Frame 0
116.0266 	EXP 	Display Frame 1
116.1516 	EXP 	Display Frame 0
116.2767 	EXP 	Display Frame 1
116.4018 	EXP 	Display Frame 0
116.5266 	EXP 	Display Frame 1
116.6517 	EXP 	Display Frame 0
116.7767 	EXP 	Display Frame 1
116.9018 	DATA 	Keypress: t
116.9035 	EXP 	Display Frame 0
117.0269 	EXP 	Display Frame 1
117.1515 	EXP 	Display Frame 0
117.2767 	EXP 	Display Frame 1
117.4016 	EXP 	Display Frame 0
117.5266 	EXP 	Display Frame 1
117.6517 	EXP 	Display Frame 0
117.7767 	EXP 	Display Frame 1
117.9017 	EXP 	Display Frame 0
118.0266 	EXP 	Display Frame 1
118.1516 	EXP 	Display Frame 0
118.2766 	EXP 	Display Frame 1
118.4016 	EXP 	Display Frame 0
118.5267 	EXP 	Display Frame 1
118.6517 	EXP 	Display Frame 0
118.7767 	EXP 	Display Frame 1
118.9017 	EXP 	Display Frame 0
119.0266 	EXP 	Display Frame 1
119.1516 	EXP 	Display Frame 0
119.2767 	EXP 	Display Frame 1
119.4017 	EXP 	Display Frame 0
119.5267 	DATA 	Keypress: t
119.5283 	EXP 	Display Frame 1
119.6515 	EXP 	Display Frame 0
119.7766 	EXP 	Display Frame 1
119.9017 	EXP 	Display Frame 0
120.0267 	EXP 	Display Frame 1
120.1516 	EXP 	Display Frame 0
120.2768 	EXP 	Display Frame 1
120.4017 	EXP 	Display Frame 0
120.5266 	EXP 	Display Frame 1
120.6516 	EXP 	Display Frame 0
120.7767 	EXP 	Display Frame 1
120.9017 	EXP 	Display Frame 0
121.0266 	EXP 	Display Frame 1
121.1516 	EXP 	Display Frame 0
121.2768 	EXP 	Display Frame 1
121.4017 	EXP 	Display Frame 0
121.5266 	EXP 	Display Frame 1
121.6515 	EXP 	Display Frame 0
121.7767 	EXP 	Display Frame 1
121.9017 	EXP 	Display Frame 0
122.0266 	DATA 	Keypress: t
122.0283 	EXP 	Display Frame 1
122.1515 	EXP 	Display Frame 0
122.2766 	EXP 	Display Frame 1
122.4025 	EXP 	Display Frame 0
122.5266 	EXP 	Display Frame 1
122.6515 	EXP 	Display Frame 0
122.7768 	EXP 	Display Frame 1
122.9017 	EXP 	Display Frame 0
123.0266 	EXP 	Display Frame 1
123.1517 	EXP 	Display Frame 0
123.2767 	EXP 	Display Frame 1
123.4017 	EXP 	Display Frame 0
123.5266 	EXP 	Display Frame 1
123.6516 	EXP 	Display Frame 0
123.7767 	EXP 	Display Frame 1
123.9016 	EXP 	Display Frame 0
124.0267 	EXP 	Display Frame 1
124.1515 	EXP 	Display Frame 0
124.2767 	EXP 	Display Frame 1
124.4017 	EXP 	Display Frame 0
124.5266 	EXP 	Display Frame 1
124.6517 	DATA 	Keypress: t
124.6537 	EXP 	Display Frame 0
124.7766 	EXP 	Display Frame 1
124.9017 	EXP 	Display Frame 0
125.0266 	EXP 	Display Frame 1
125.1516 	EXP 	Display Frame 0
125.2767 	EXP 	Display Frame 1
125.4018 	EXP 	Display Frame 0
125.5266 	EXP 	Display Frame 1
125.6517 	EXP 	Display Frame 0
125.7767 	EXP 	Display Frame 1
125.9017 	EXP 	Display Frame 0
126.0266 	EXP 	Display Frame 1
126.1516 	EXP 	Display Frame 0
126.2767 	EXP 	Display Frame 1
126.4017 	EXP 	Display Frame 0
126.5266 	EXP 	Display Frame 1
126.6516 	EXP 	Display Frame 0
126.7767 	EXP 	Display Frame 1
126.9017 	EXP 	Display Frame 0
127.0265 	EXP 	Display Frame 1
127.1514 	DATA 	Keypress: t
127.1530 	EXP 	Display Frame 0
127.2766 	EXP 	Display Frame 1
127.4016 	EXP 	Display Frame 0
127.5266 	EXP 	Display Frame 1
127.6516 	EXP 	Display Frame 0
127.7767 	EXP 	Display Frame 1
127.9017 	EXP 	Display Frame 0
128.0268 	EXP 	Display Frame 1
128.1515 	EXP 	Display Frame 0
128.2767 	EXP 	Display Frame 1
128.4017 	EXP 	Display Frame 0
128.5266 	EXP 	Display Frame 1
128.6517 	EXP 	Display Frame 0
128.7766 	EXP 	Display Frame 1
128.9016 	EXP 	Display Frame 0
129.0266 	EXP 	Display Frame 1
129.1516 	EXP 	Display Frame 0
129.2770 	EXP 	Display Frame 1
129.4017 	EXP 	Display Frame 0
129.5267 	EXP 	Display Frame 1
129.6511 	DATA 	Keypress: t
129.6528 	EXP 	Display Frame 0
129.7766 	EXP 	Display Frame 1
129.9017 	EXP 	Display Frame 0
130.0266 	EXP 	Display Frame 1
130.1515 	EXP 	Display Frame 0
130.2767 	EXP 	Display Frame 1
130.4017 	EXP 	Display Frame 0
130.5266 	EXP 	Display Frame 1
130.6518 	EXP 	Display Frame 0
130.7767 	EXP 	Display Frame 1
130.9017 	EXP 	Display Frame 0
131.0266 	EXP 	Display Frame 1
131.1516 	EXP 	Display Frame 0
131.2767 	EXP 	Display Frame 1
131.4018 	EXP 	Display Frame 0
131.5267 	EXP 	Display Frame 1
131.6517 	EXP 	Display Frame 0
131.7766 	EXP 	Display Frame 1
131.9017 	EXP 	Display Frame 0
132.0266 	EXP 	Display Frame 1
132.1518 	EXP 	Display Frame 0
132.2766 	DATA 	Keypress: t
132.2783 	EXP 	Display Frame 1
132.4018 	EXP 	Display Frame 0
132.5265 	EXP 	Display Frame 1
132.6515 	EXP 	Display Frame 0
132.7767 	EXP 	Display Frame 1
132.9017 	EXP 	Display Frame 0
133.0266 	EXP 	Display Frame 1
133.1516 	EXP 	Display Frame 0
133.2767 	EXP 	Display Frame 1
133.4017 	EXP 	Display Frame 0
133.5266 	EXP 	Display Frame 1
133.6517 	EXP 	Display Frame 0
133.7767 	EXP 	Display Frame 1
133.9017 	EXP 	Display Frame 0
134.0266 	EXP 	Display Frame 1
134.1515 	EXP 	Display Frame 0
134.2767 	EXP 	Display Frame 1
134.4017 	EXP 	Display Frame 0
134.5266 	EXP 	Display Frame 1
134.6515 	EXP 	Display Frame 0
134.7766 	DATA 	Keypress: t
134.7785 	EXP 	Display Frame 1
134.7836 	EXP 	Display Fixation
137.2615 	DATA 	Keypress: t
139.8087 	DATA 	Keypress: t
142.3554 	DATA 	Keypress: t
144.9026 	DATA 	Keypress: t
147.4493 	DATA 	Keypress: t
149.9968 	DATA 	Keypress: t
152.5433 	DATA 	Keypress: t
155.0906 	DATA 	Keypress: t
157.6377 	DATA 	Keypress: t
160.1845 	DATA 	Keypress: t
162.7317 	DATA 	Keypress: t
165.2790 	DATA 	Keypress: t
165.4064 	EXP 	Display Frame 1
165.5307 	EXP 	Display Frame 0
165.6561 	EXP 	Display Frame 1
165.7806 	EXP 	Display Frame 0
165.9058 	EXP 	Display Frame 1
166.0307 	EXP 	Display Frame 0
166.1558 	EXP 	Display Frame 1
166.2807 	EXP 	Display Frame 0
166.4058 	EXP 	Display Frame 1
166.5306 	EXP 	Display Frame 0
166.6557 	EXP 	Display Frame 1
166.7807 	EXP 	Display Frame 0
166.9058 	EXP 	Display Frame 1
167.0307 	EXP 	Display Frame 0
167.1556 	EXP 	Display Frame 1
167.2807 	EXP 	Display Frame 0
167.4058 	EXP 	Display Frame 1
167.5308 	EXP 	Display Frame 0
167.6556 	EXP 	Display Frame 1
167.7814 	EXP 	Display Frame 0
167.9055 	DATA 	Keypress: t
167.9072 	EXP 	Display Frame 1
168.0306 	EXP 	Display Frame 0
168.1556 	EXP 	Display Frame 1
168.2808 	EXP 	Display Frame 0
168.4058 	EXP 	Display Frame 1
168.5308 	EXP 	Display Frame 0
168.6557 	EXP 	Display Frame 1
168.7807 	EXP 	Display Frame 0
168.9058 	EXP 	Display Frame 1
169.0306 	EXP 	Display Frame 0
169.1556 	EXP 	Display Frame 1
169.2807 	EXP 	Display Frame 0
169.4057 	EXP 	Display Frame 1
169.5307 	EXP 	Display Frame 0
169.6556 	EXP 	Display Frame 1
169.7807 	EXP 	Display Frame 0
169.9058 	EXP 	Display Frame 1
170.0306 	EXP 	Display Frame 0
170.1556 	EXP 	Display Frame 1
170.2808 	EXP 	Display Frame 0
170.4057 	DATA 	Keypress: t
170.4076 	EXP 	Display Frame 1
170.5305 	EXP 	Display Frame 0
170.6557 	EXP 	Display Frame 1
170.7812 	EXP 	Display Frame 0
170.9060 	EXP 	Display Frame 1
171.0307 	EXP 	Display Frame 0
171.1558 	EXP 	Display Frame 1
171.2807 	EXP 	Display Frame 0
171.4058 	EXP 	Display Frame 1
171.5306 	EXP 	Display Frame 0
171.6557 	EXP 	Display Frame 1
171.7807 	EXP 	Display Frame 0
171.9058 	EXP 	Display Frame 1
172.0306 	EXP 	Display Frame 0
172.1556 	EXP 	Display Frame 1
172.2807 	EXP 	Display Frame 0
172.4058 	EXP 	Display Frame 1
172.5307 	EXP 	Display Frame 0
172.6557 	EXP 	Display Frame 1
172.7807 	EXP 	Display Frame 0
172.9058 	EXP 	Display Frame 1
173.0304 	DATA 	Keypress: t
173.0322 	EXP 	Display Frame 0
173.1555 	EXP 	Display Frame 1
173.2807 	EXP 	Display Frame 0
173.4058 	EXP 	Display Frame 1
173.5307 	EXP 	Display Frame 0
173.6557 	EXP 	Display Frame 1
173.7808 	EXP 	Display Frame 0
173.9058 	EXP 	Display Frame 1
174.0306 	EXP 	Display Frame 0
174.1556 	EXP 	Display Frame 1
174.2807 	EXP 	Display Frame 0
174.4058 	EXP 	Display Frame 1
174.5306 	EXP 	Display Frame 0
174.6556 	EXP 	Display Frame 1
174.7807 	EXP 	Display Frame 0
174.9058 	EXP 	Display Frame 1
175.0307 	EXP 	Display Frame 0
175.1555 	EXP 	Display Frame 1
175.2807 	EXP 	Display Frame 0
175.4058 	EXP 	Display Frame 1
175.5308 	DATA 	Keypress: t
175.5328 	EXP 	Display Frame 0
175.6555 	EXP 	Display Frame 1
175.7807 	EXP 	Display Frame 0
175.9058 	EXP 	Display Frame 1
176.0306 	EXP 	Display Frame 0
176.1557 	EXP 	Display Frame 1
176.2808 	EXP 	Display Frame 0
176.4057 	EXP 	Display Frame 1
176.5306 	EXP 	Display Frame 0
176.6557 	EXP 	Display Frame 1
176.7808 	EXP 	Display Frame 0
176.9058 	EXP 	Display Frame 1
177.0306 	EXP 	Display Frame 0
177.1557 	EXP 	Display Frame 1
177.2807 	EXP 	Display Frame 0
177.4058 	EXP 	Display Frame 1
177.5306 	EXP 	Display Frame 0
177.6556 	EXP 	Display Frame 1
177.7810 	EXP 	Display Frame 0
177.9057 	EXP 	Display Frame 1
178.0303 	DATA 	Keypress: t
178.0321 	EXP 	Display Frame 0
178.1559 	EXP 	Display Frame 1
178.2807 	EXP 	Display Frame 0
178.4057 	EXP 	Display Frame 1
178.5308 	EXP 	Display Frame 0
178.6557 	EXP 	Display Frame 1
178.7808 	EXP 	Display Frame 0
178.9058 	EXP 	Display Frame 1
179.0307 	EXP 	Display Frame 0
179.1557 	EXP 	Display Frame 1
179.2807 	EXP 	Display Frame 0
179.4058 	EXP 	Display Frame 1
179.5308 	EXP 	Display Frame 0
179.6556 	EXP 	Display Frame 1
179.7808 	EXP 	Display Frame 0
179.9058 	EXP 	Display Frame 1
180.0307 	EXP 	Display Frame 0
180.1557 	EXP 	Display Frame 1
180.2807 	EXP 	Display Frame 0
180.4058 	EXP 	Display Frame 1
180.5306 	EXP 	Display Frame 0
180.6555 	DATA 	Keypress: t
180.6571 	EXP 	Display Frame 1
180.7806 	EXP 	Display Frame 0
180.9057 	EXP 	Display Frame 1
181.0306 	EXP 	Display Frame 0
181.1558 	EXP 	Display Frame 1
181.2807 	EXP 	Display Frame 0
181.4058 	EXP 	Display Frame 1
181.5306 	EXP 	Display Frame 0
181.6556 	EXP 	Display Frame 1
181.7808 	EXP 	Display Frame 0
181.9058 	EXP 	Display Frame 1
182.0306 	EXP 	Display Frame 0
182.1556 	EXP 	Display Frame 1
182.2807 	EXP 	Display Frame 0
182.4058 	EXP 	Display Frame 1
182.5307 	EXP 	Display Frame 0
182.6556 	EXP 	Display Frame 1
182.7807 	EXP 	Display Frame 0
182.9057 	EXP 	Display Frame 1
183.0307 	EXP 	Display Frame 0
183.1553 	DATA 	Keypress: t
183.1568 	EXP 	Display Frame 1
183.2806 	EXP 	Display Frame 0
183.4058 	EXP 	Display Frame 1
183.5307 	EXP 	Display Frame 0
183.6556 	EXP 	Display Frame 1
183.7807 	EXP 	Display Frame 0
183.9058 	EXP 	Display Frame 1
184.0306 	EXP 	Display Frame 0
184.1557 	EXP 	Display Frame 1
184.2807 	EXP 	Display Frame 0
184.4058 	EXP 	Display Frame 1
184.5307 	EXP 	Display Frame 0
184.6567 	EXP 	Display Frame 1
184.7807 	EXP 	Display Frame 0
184.9058 	EXP 	Display Frame 1
185.0306 	EXP 	Display Frame 0
185.1557 	EXP 	Display Frame 1
185.2807 	EXP 	Display Frame 0
185.4058 	EXP 	Display Frame 1
185.5307 	EXP 	Display Frame 0
185.6555 	DATA 	Keypress: t
185.6569 	EXP 	Display Frame 1
185.7810 	EXP 	Display Frame 0
185.9056 	EXP 	Display Frame 1
186.0307 	EXP 	Display Frame 0
186.1557 	EXP 	Display Frame 1
186.2807 	EXP 	Display Frame 0
186.4058 	EXP 	Display Frame 1
186.5307 	EXP 	Display Frame 0
186.6557 	EXP 	Display Frame 1
186.7808 	EXP 	Display Frame 0
186.9057 	EXP 	Display Frame 1
187.0307 	EXP 	Display Frame 0
187.1557 	EXP 	Display Frame 1
187.2807 	EXP 	Display Frame 0
187.4057 	EXP 	Display Frame 1
187.5307 	EXP 	Display Frame 0
187.6556 	EXP 	Display Frame 1
187.7808 	EXP 	Display Frame 0
187.9058 	EXP 	Display Frame 1
188.0306 	EXP 	Display Frame 0
188.1556 	EXP 	Display Frame 1
188.2802 	DATA 	Keypress: t
188.2822 	EXP 	Display Frame 0
188.4058 	EXP 	Display Frame 1
188.5307 	EXP 	Display Frame 0
188.6557 	EXP 	Display Frame 1
188.7807 	EXP 	Display Frame 0
188.9058 	EXP 	Display Frame 1
189.0306 	EXP 	Display Frame 0
189.1557 	EXP 	Display Frame 1
189.2807 	EXP 	Display Frame 0
189.4057 	EXP 	Display Frame 1
189.5306 	EXP 	Display Frame 0
189.6558 	EXP 	Display Frame 1
189.7807 	EXP 	Display Frame 0
189.9056 	EXP 	Display Frame 1
190.0306 	EXP 	Display Frame 0
190.1557 	EXP 	Display Frame 1
190.2808 	EXP 	Display Frame 0
190.4058 	EXP 	Display Frame 1
190.5307 	EXP 	Display Frame 0
190.6558 	EXP 	Display Frame 1
190.7807 	DATA 	Keypress: t
190.7828 	EXP 	Display Frame 0
190.9058 	EXP 	Display Frame 1
191.0310 	EXP 	Display Frame 0
191.1558 	EXP 	Display Frame 1
191.2807 	EXP 	Display Frame 0
191.4058 	EXP 	Display Frame 1
191.5307 	EXP 	Display Frame 0
191.6557 	EXP 	Display Frame 1
191.7807 	EXP 	Display Frame 0
191.9058 	EXP 	Display Frame 1
192.0306 	EXP 	Display Frame 0
192.1557 	EXP 	Display Frame 1
192.2808 	EXP 	Display Frame 0
192.4058 	EXP 	Display Frame 1
192.5306 	EXP 	Display Frame 0
192.6556 	EXP 	Display Frame 1
192.7808 	EXP 	Display Frame 0
192.9058 	EXP 	Display Frame 1
193.0307 	EXP 	Display Frame 0
193.1557 	EXP 	Display Frame 1
193.2807 	EXP 	Display Frame 0
193.4057 	DATA 	Keypress: t
193.4077 	EXP 	Display Frame 1
193.5305 	EXP 	Display Frame 0
193.6557 	EXP 	Display Frame 1
193.7807 	EXP 	Display Frame 0
193.9058 	EXP 	Display Frame 1
194.0307 	EXP 	Display Frame 0
194.1557 	EXP 	Display Frame 1
194.2807 	EXP 	Display Frame 0
194.4057 	EXP 	Display Frame 1
194.5307 	EXP 	Display Frame 0
194.6556 	EXP 	Display Frame 1
194.7807 	EXP 	Display Frame 0
194.9059 	EXP 	Display Frame 1
195.0306 	EXP 	Display Frame 0
195.1556 	EXP 	Display Frame 1
195.2807 	EXP 	Display Frame 0
195.4057 	EXP 	Display Frame 1
195.5306 	EXP 	Display Frame 0
195.6557 	EXP 	Display Frame 1
195.7807 	EXP 	Display Frame 0
195.9052 	DATA 	Keypress: t
195.9069 	EXP 	Display Frame 1
195.9173 	EXP 	Display Fixation
198.3907 	DATA 	Keypress: t
200.9375 	DATA 	Keypress: t
203.4849 	DATA 	Keypress: t
206.0320 	DATA 	Keypress: t
208.5788 	DATA 	Keypress: t
211.1254 	DATA 	Keypress: t
213.6730 	DATA 	Keypress: t
216.2197 	DATA 	Keypress: t
218.7669 	DATA 	Keypress: t
221.3135 	DATA 	Keypress: t
223.8608 	DATA 	Keypress: t
226.4081 	DATA 	Keypress: t
226.5356 	EXP 	Display Frame 1
226.6600 	EXP 	Display Frame 0
226.7848 	EXP 	Display Frame 1
226.9099 	EXP 	Display Frame 0
227.0348 	EXP 	Display Frame 1
227.1598 	EXP 	Display Frame 0
227.2847 	EXP 	Display Frame 1
227.4098 	EXP 	Display Frame 0
227.5349 	EXP 	Display Frame 1
227.6600 	EXP 	Display Frame 0
227.7845 	EXP 	Display Frame 1
227.9098 	EXP 	Display Frame 0
228.0348 	EXP 	Display Frame 1
228.1597 	EXP 	Display Frame 0
228.2845 	EXP 	Display Frame 1
228.4097 	EXP 	Display Frame 0
228.5347 	EXP 	Display Frame 1
228.6600 	EXP 	Display Frame 0
228.7846 	EXP 	Display Frame 1
228.9098 	EXP 	Display Frame 0
229.0347 	DATA 	Keypress: t
229.0366 	EXP 	Display Frame 1
229.1596 	EXP 	Display Frame 0
229.2846 	EXP 	Display Frame 1
229.4098 	EXP 	Display Frame 0
229.5349 	EXP 	Display Frame 1
229.6600 	EXP 	Display Frame 0
229.7847 	EXP 	Display Frame 1
229.9098 	EXP 	Display Frame 0
230.0348 	EXP 	Display Frame 1
230.1598 	EXP 	Display Frame 0
230.2845 	EXP 	Display Frame 1
230.4098 	EXP 	Display Frame 0
230.5348 	EXP 	Display Frame 1
230.6600 	EXP 	Display Frame 0
230.7849 	EXP 	Display Frame 1
230.9098 	EXP 	Display Frame 0
231.0348 	EXP 	Display Frame 1
231.1598 	EXP 	Display Frame 0
231.2847 	EXP 	Display Frame 1
231.4098 	EXP 	Display Frame 0
231.5343 	DATA 	Keypress: t
231.5360 	EXP 	Display Frame 1
231.6600 	EXP 	Display Frame 0
231.7845 	EXP 	Display Frame 1
231.9101 	EXP 	Display Frame 0
232.0348 	EXP 	Display Frame 1
232.1597 	EXP 	Display Frame 0
232.2847 	EXP 	Display Frame 1
232.4098 	EXP 	Display Frame 0
232.5353 	EXP 	Display Frame 1
232.6600 	EXP 	Display Frame 0
232.7846 	EXP 	Display Frame 1
232.9098 	EXP 	Display Frame 0
233.0349 	EXP 	Display Frame 1
233.1598 	EXP 	Display Frame 0
233.2846 	EXP 	Display Frame 1
233.4098 	EXP 	Display Frame 0
233.5348 	EXP 	Display Frame 1
233.6597 	EXP 	Display Frame 0
233.7846 	EXP 	Display Frame 1
233.9097 	EXP 	Display Frame 0
234.0348 	EXP 	Display Frame 1
234.1600 	DATA 	Keypress: t
234.1619 	EXP 	Display Frame 0
234.2846 	EXP 	Display Frame 1
234.4097 	EXP 	Display Frame 0
234.5348 	EXP 	Display Frame 1
234.6600 	EXP 	Display Frame 0
234.7846 	EXP 	Display Frame 1
234.9098 	EXP 	Display Frame 0
235.0348 	EXP 	Display Frame 1
235.1597 	EXP 	Display Frame 0
235.2846 	EXP 	Display Frame 1
235.4098 	EXP 	Display Frame 0
235.5349 	EXP 	Display Frame 1
235.6599 	EXP 	Display Frame 0
235.7847 	EXP 	Display Frame 1
235.9098 	EXP 	Display Frame 0
236.0348 	EXP 	Display Frame 1
236.1597 	EXP 	Display Frame 0
236.2846 	EXP 	Display Frame 1
236.4098 	EXP 	Display Frame 0
236.5348 	EXP 	Display Frame 1
236.6593 	DATA 	Keypress: t
236.6612 	EXP 	Display Frame 0
236.7844 	EXP 	Display Frame 1
236.9098 	EXP 	Display Frame 0
237.0348 	EXP 	Display Frame 1
237.1598 	EXP 	Display Frame 0
237.2846 	EXP 	Display Frame 1
237.4098 	EXP 	Display Frame 0
237.5348 	EXP 	Display Frame 1
237.6600 	EXP 	Display Frame 0
237.7846 	EXP 	Display Frame 1
237.9098 	EXP 	Display Frame 0
238.0348 	EXP 	Display Frame 1
238.1597 	EXP 	Display Frame 0
238.2846 	EXP 	Display Frame 1
238.4097 	EXP 	Display Frame 0
238.5349 	EXP 	Display Frame 1
238.6600 	EXP 	Display Frame 0
238.7846 	EXP 	Display Frame 1
238.9098 	EXP 	Display Frame 0
239.0349 	EXP 	Display Frame 1
239.1595 	DATA 	Keypress: t
239.1609 	EXP 	Display Frame 0
239.2851 	EXP 	Display Frame 1
239.4102 	EXP 	Display Frame 0
239.5348 	EXP 	Display Frame 1
239.6600 	EXP 	Display Frame 0
239.7845 	EXP 	Display Frame 1
239.9099 	EXP 	Display Frame 0
240.0349 	EXP 	Display Frame 1
240.1597 	EXP 	Display Frame 0
240.2848 	EXP 	Display Frame 1
240.4099 	EXP 	Display Frame 0
240.5348 	EXP 	Display Frame 1
240.6600 	EXP 	Display Frame 0
240.7847 	EXP 	Display Frame 1
240.9099 	EXP 	Display Frame 0
241.0348 	EXP 	Display Frame 1
241.1598 	EXP 	Display Frame 0
241.2847 	EXP 	Display Frame 1
241.4098 	EXP 	Display Frame 0
241.5348 	EXP 	Display Frame 1
241.6600 	EXP 	Display Frame 0
241.7847 	DATA 	Keypress: t
241.7865 	EXP 	Display Frame 1
241.9097 	EXP 	Display Frame 0
242.0347 	EXP 	Display Frame 1
242.1597 	EXP 	Display Frame 0
242.2849 	EXP 	Display Frame 1
242.4098 	EXP 	Display Frame 0
242.5348 	EXP 	Display Frame 1
242.6600 	EXP 	Display Frame 0
242.7847 	EXP 	Display Frame 1
242.9098 	EXP 	Display Frame 0
243.0348 	EXP 	Display Frame 1
243.1597 	EXP 	Display Frame 0
243.2847 	EXP 	Display Frame 1
243.4098 	EXP 	Display Frame 0
243.5348 	EXP 	Display Frame 1
243.6600 	EXP 	Display Frame 0
243.7847 	EXP 	Display Frame 1
243.9098 	EXP 	Display Frame 0
244.0348 	EXP 	Display Frame 1
244.1598 	EXP 	Display Frame 0
244.2843 	DATA 	Keypress: t
244.2858 	EXP 	Display Frame 1
244.4096 	EXP 	Display Frame 0
244.5347 	EXP 	Display Frame 1
244.6599 	EXP 	Display Frame 0
244.7846 	EXP 	Display Frame 1
244.9098 	EXP 	Display Frame 0
245.0349 	EXP 	Display Frame 1
245.1597 	EXP 	Display Frame 0
245.2846 	EXP 	Display Frame 1
245.4098 	EXP 	Display Frame 0
245.5348 	EXP 	Display Frame 1
245.6600 	EXP 	Display Frame 0
245.7847 	EXP 	Display Frame 1
245.9097 	EXP 	Display Frame 0
246.0348 	EXP 	Display Frame 1
246.1602 	EXP 	Display Frame 0
246.2845 	EXP 	Display Frame 1
246.4102 	EXP 	Display Frame 0
246.5351 	EXP 	Display Frame 1
246.6599 	EXP 	Display Frame 0
246.7850 	EXP 	Display Frame 1
246.7863 	DATA 	Keypress: t
246.9101 	EXP 	Display Frame 0
247.0347 	EXP 	Display Frame 1
247.1597 	EXP 	Display Frame 0
247.2846 	EXP 	Display Frame 1
247.4098 	EXP 	Display Frame 0
247.5348 	EXP 	Display Frame 1
247.6600 	EXP 	Display Frame 0
247.7846 	EXP 	Display Frame 1
247.9098 	EXP 	Display Frame 0
248.0348 	EXP 	Display Frame 1
248.1597 	EXP 	Display Frame 0
248.2848 	EXP 	Display Frame 1
248.4098 	EXP 	Display Frame 0
248.5348 	EXP 	Display Frame 1
248.6601 	EXP 	Display Frame 0
248.7847 	EXP 	Display Frame 1
248.9099 	EXP 	Display Frame 0
249.0348 	EXP 	Display Frame 1
249.1597 	EXP 	Display Frame 0
249.2847 	EXP 	Display Frame 1
249.4096 	DATA 	Keypress: t
249.4112 	EXP 	Display Frame 0
249.5348 	EXP 	Display Frame 1
249.6599 	EXP 	Display Frame 0
249.7847 	EXP 	Display Frame 1
249.9097 	EXP 	Display Frame 0
250.0348 	EXP 	Display Frame 1
250.1597 	EXP 	Display Frame 0
250.2847 	EXP 	Display Frame 1
250.4099 	EXP 	Display Frame 0
250.5348 	EXP 	Display Frame 1
250.6597 	EXP 	Display Frame 0
250.7847 	EXP 	Display Frame 1
250.9098 	EXP 	Display Frame 0
251.0348 	EXP 	Display Frame 1
251.1597 	EXP 	Display Frame 0
251.2847 	EXP 	Display Frame 1
251.4098 	EXP 	Display Frame 0
251.5350 	EXP 	Display Frame 1
251.6598 	EXP 	Display Frame 0
251.7848 	EXP 	Display Frame 1
251.9094 	DATA 	Keypress: t
251.9111 	EXP 	Display Frame 0
252.0348 	EXP 	Display Frame 1
252.1599 	EXP 	Display Frame 0
252.2845 	EXP 	Display Frame 1
252.4097 	EXP 	Display Frame 0
252.5348 	EXP 	Display Frame 1
252.6599 	EXP 	Display Frame 0
252.7847 	EXP 	Display Frame 1
252.9098 	EXP 	Display Frame 0
253.0348 	EXP 	Display Frame 1
253.1596 	EXP 	Display Frame 0
253.2846 	EXP 	Display Frame 1
253.4097 	EXP 	Display Frame 0
253.5348 	EXP 	Display Frame 1
253.6600 	EXP 	Display Frame 0
253.7846 	EXP 	Display Frame 1
253.9099 	EXP 	Display Frame 0
254.0348 	EXP 	Display Frame 1
254.1597 	EXP 	Display Frame 0
254.2846 	EXP 	Display Frame 1
254.4098 	EXP 	Display Frame 0
254.5348 	DATA 	Keypress: t
254.5365 	EXP 	Display Frame 1
254.6600 	EXP 	Display Frame 0
254.7852 	EXP 	Display Frame 1
254.9098 	EXP 	Display Frame 0
255.0348 	EXP 	Display Frame 1
255.1597 	EXP 	Display Frame 0
255.2848 	EXP 	Display Frame 1
255.4098 	EXP 	Display Frame 0
255.5349 	EXP 	Display Frame 1
255.6600 	EXP 	Display Frame 0
255.7847 	EXP 	Display Frame 1
255.9097 	EXP 	Display Frame 0
256.0349 	EXP 	Display Frame 1
256.1597 	EXP 	Display Frame 0
256.2847 	EXP 	Display Frame 1
256.4098 	EXP 	Display Frame 0
256.5348 	EXP 	Display Frame 1
256.6600 	EXP 	Display Frame 0
256.7847 	EXP 	Display Frame 1
256.9098 	EXP 	Display Frame 0
257.0348 	DATA 	Keypress: t
257.0367 	EXP 	Display Frame 1
257.0506 	EXP 	Display Fixation
259.5193 	DATA 	Keypress: t
262.0659 	DATA 	Keypress: t
264.6130 	DATA 	Keypress: t
267.1601 	DATA 	Keypress: t
269.7067 	DATA 	Keypress: t
272.2538 	DATA 	Keypress: t
274.8007 	DATA 	Keypress: t
277.3481 	DATA 	Keypress: t
279.8953 	DATA 	Keypress: t
282.4420 	DATA 	Keypress: t
284.9891 	DATA 	Keypress: t
287.5363 	DATA 	Keypress: t
287.6638 	EXP 	Display Frame 1
287.7882 	EXP 	Display Frame 0
287.9129 	EXP 	Display Frame 1
288.0381 	EXP 	Display Frame 0
288.1629 	EXP 	Display Frame 1
288.2881 	EXP 	Display Frame 0
288.4130 	EXP 	Display Frame 1
288.5380 	EXP 	Display Frame 0
288.6633 	EXP 	Display Frame 1
288.7882 	EXP 	Display Frame 0
288.9130 	EXP 	Display Frame 1
289.0380 	EXP 	Display Frame 0
289.1632 	EXP 	Display Frame 1
289.2878 	EXP 	Display Frame 0
289.4130 	EXP 	Display Frame 1
289.5380 	EXP 	Display Frame 0
289.6631 	EXP 	Display Frame 1
289.7884 	EXP 	Display Frame 0
289.9129 	EXP 	Display Frame 1
290.0380 	EXP 	Display Frame 0
290.1630 	DATA 	Keypress: t
290.1648 	EXP 	Display Frame 1
290.2878 	EXP 	Display Frame 0
290.4130 	EXP 	Display Frame 1
290.5380 	EXP 	Display Frame 0
290.6629 	EXP 	Display Frame 1
290.7879 	EXP 	Display Frame 0
290.9130 	EXP 	Display Frame 1
291.0380 	EXP 	Display Frame 0
291.1630 	EXP 	Display Frame 1
291.2880 	EXP 	Display Frame 0
291.4131 	EXP 	Display Frame 1
291.5380 	EXP 	Display Frame 0
291.6629 	EXP 	Display Frame 1
291.7879 	EXP 	Display Frame 0
291.9137 	EXP 	Display Frame 1
292.0379 	EXP 	Display Frame 0
292.1628 	EXP 	Display Frame 1
292.2878 	EXP 	Display Frame 0
292.4132 	EXP 	Display Frame 1
292.5379 	EXP 	Display Frame 0
292.6628 	DATA 	Keypress: t
292.6645 	EXP 	Display Frame 1
292.7878 	EXP 	Display Frame 0
292.9131 	EXP 	Display Frame 1
293.0380 	EXP 	Display Frame 0
293.1630 	EXP 	Display Frame 1
293.2880 	EXP 	Display Frame 0
293.4131 	EXP 	Display Frame 1
293.5380 	EXP 	Display Frame 0
293.6630 	EXP 	Display Frame 1
293.7879 	EXP 	Display Frame 0
293.9130 	EXP 	Display Frame 1
294.0380 	EXP 	Display Frame 0
294.1629 	EXP 	Display Frame 1
294.2879 	EXP 	Display Frame 0
294.4130 	EXP 	Display Frame 1
294.5380 	EXP 	Display Frame 0
294.6629 	EXP 	Display Frame 1
294.7880 	EXP 	Display Frame 0
294.9130 	EXP 	Display Frame 1
295.0380 	EXP 	Display Frame 0
295.1630 	EXP 	Display Frame 1
295.2874 	DATA 	Keypress: t
295.2890 	EXP 	Display Frame 0
295.4129 	EXP 	Display Frame 1
295.5380 	EXP 	Display Frame 0
295.6632 	EXP 	Display Frame 1
295.7882 	EXP 	Display Frame 0
295.9130 	EXP 	Display Frame 1
296.0380 	EXP 	Display Frame 0
296.1629 	EXP 	Display Frame 1
296.2879 	EXP 	Display Frame 0
296.4130 	EXP 	Display Frame 1
296.5380 	EXP 	Display Frame 0
296.6632 	EXP 	Display Frame 1
296.7882 	EXP 	Display Frame 0
296.9130 	EXP 	Display Frame 1
297.0380 	EXP 	Display Frame 0
297.1629 	EXP 	Display Frame 1
297.2879 	EXP 	Display Frame 0
297.4130 	EXP 	Display Frame 1
297.5380 	EXP 	Display Frame 0
297.6629 	EXP 	Display Frame 1
297.7877 	DATA 	Keypress: t
297.7896 	EXP 	Display Frame 0
297.9129 	EXP 	Display Frame 1
298.0380 	EXP 	Display Frame 0
298.1629 	EXP 	Display Frame 1
298.2880 	EXP 	Display Frame 0
298.4129 	EXP 	Display Frame 1
298.5381 	EXP 	Display Frame 0
298.6633 	EXP 	Display Frame 1
298.7881 	EXP 	Display Frame 0
298.9139 	EXP 	Display Frame 1
299.0379 	EXP 	Display Frame 0
299.1629 	EXP 	Display Frame 1
299.2879 	EXP 	Display Frame 0
299.4130 	EXP 	Display Frame 1
299.5380 	EXP 	Display Frame 0
299.6632 	EXP 	Display Frame 1
299.7881 	EXP 	Display Frame 0
299.9130 	EXP 	Display Frame 1
300.0381 	EXP 	Display Frame 0
300.1632 	EXP 	Display Frame 1
300.2881 	DATA 	Keypress: t
300.2897 	EXP 	Display Frame 0
300.4132 	EXP 	Display Frame 1
300.5379 	EXP 	Display Frame 0
300.6632 	EXP 	Display Frame 1
300.7881 	EXP 	Display Frame 0
300.9130 	EXP 	Display Frame 1
301.0381 	EXP 	Display Frame 0
301.1631 	EXP 	Display Frame 1
301.2878 	EXP 	Display Frame 0
301.4130 	EXP 	Display Frame 1
301.5380 	EXP 	Display Frame 0
301.6632 	EXP 	Display Frame 1
301.7882 	EXP 	Display Frame 0
301.9130 	EXP 	Display Frame 1
302.0380 	EXP 	Display Frame 0
302.1629 	EXP 	Display Frame 1
302.2879 	EXP 	Display Frame 0
302.4130 	EXP 	Display Frame 1
302.5380 	EXP 	Display Frame 0
302.6632 	EXP 	Display Frame 1
302.7881 	EXP 	Display Frame 0
302.9128 	DATA 	Keypress: t
302.9145 	EXP 	Display Frame 1
303.0378 	EXP 	Display Frame 0
303.1630 	EXP 	Display Frame 1
303.2878 	EXP 	Display Frame 0
303.4129 	EXP 	Display Frame 1
303.5380 	EXP 	Display Frame 0
303.6632 	EXP 	Display Frame 1
303.7881 	EXP 	Display Frame 0
303.9130 	EXP 	Display Frame 1
304.0380 	EXP 	Display Frame 0
304.1630 	EXP 	Display Frame 1
304.2879 	EXP 	Display Frame 0
304.4130 	EXP 	Display Frame 1
304.5380 	EXP 	Display Frame 0
304.6632 	EXP 	Display Frame 1
304.7882 	EXP 	Display Frame 0
304.9130 	EXP 	Display Frame 1
305.0380 	EXP 	Display Frame 0
305.1629 	EXP 	Display Frame 1
305.2879 	EXP 	Display Frame 0
305.4130 	DATA 	Keypress: t
305.4149 	EXP 	Display Frame 1
305.5379 	EXP 	Display Frame 0
305.6630 	EXP 	Display Frame 1
305.7881 	EXP 	Display Frame 0
305.9130 	EXP 	Display Frame 1
306.0380 	EXP 	Display Frame 0
306.1631 	EXP 	Display Frame 1
306.2880 	EXP 	Display Frame 0
306.4130 	EXP 	Display Frame 1
306.5380 	EXP 	Display Frame 0
306.6630 	EXP 	Display Frame 1
306.7879 	EXP 	Display Frame 0
306.9130 	EXP 	Display Frame 1
307.0380 	EXP 	Display Frame 0
307.1629 	EXP 	Display Frame 1
307.2880 	EXP 	Display Frame 0
307.4130 	EXP 	Display Frame 1
307.5381 	EXP 	Display Frame 0
307.6631 	EXP 	Display Frame 1
307.7880 	EXP 	Display Frame 0
307.9130 	EXP 	Display Frame 1
307.9142 	DATA 	Keypress: t
308.0382 	EXP 	Display Frame 0
308.1628 	EXP 	Display Frame 1
308.2879 	EXP 	Display Frame 0
308.4132 	EXP 	Display Frame 1
308.5379 	EXP 	Display Frame 0
308.6628 	EXP 	Display Frame 1
308.7880 	EXP 	Display Frame 0
308.9130 	EXP 	Display Frame 1
309.0380 	EXP 	Display Frame 0
309.1630 	EXP 	Display Frame 1
309.2879 	EXP 	Display Frame 0
309.4130 	EXP 	Display Frame 1
309.5380 	EXP 	Display Frame 0
309.6630 	EXP 	Display Frame 1
309.7879 	EXP 	Display Frame 0
309.9130 	EXP 	Display Frame 1
310.0380 	EXP 	Display Frame 0
310.1630 	EXP 	Display Frame 1
310.2879 	EXP 	Display Frame 0
310.4130 	EXP 	Display Frame 1
310.5380 	DATA 	Keypress: t
310.5400 	EXP 	Display Frame 0
310.6631 	EXP 	Display Frame 1
310.7882 	EXP 	Display Frame 0
310.9130 	EXP 	Display Frame 1
311.0380 	EXP 	Display Frame 0
311.1629 	EXP 	Display Frame 1
311.2879 	EXP 	Display Frame 0
311.4130 	EXP 	Display Frame 1
311.5380 	EXP 	Display Frame 0
311.6632 	EXP 	Display Frame 1
311.7882 	EXP 	Display Frame 0
311.9130 	EXP 	Display Frame 1
312.0380 	EXP 	Display Frame 0
312.1629 	EXP 	Display Frame 1
312.2880 	EXP 	Display Frame 0
312.4130 	EXP 	Display Frame 1
312.5380 	EXP 	Display Frame 0
312.6634 	EXP 	Display Frame 1
312.7881 	EXP 	Display Frame 0
312.9130 	EXP 	Display Frame 1
313.0378 	DATA 	Keypress: t
313.0397 	EXP 	Display Frame 0
313.1628 	EXP 	Display Frame 1
313.2879 	EXP 	Display Frame 0
313.4130 	EXP 	Display Frame 1
313.5381 	EXP 	Display Frame 0
313.6629 	EXP 	Display Frame 1
313.7882 	EXP 	Display Frame 0
313.9130 	EXP 	Display Frame 1
314.0381 	EXP 	Display Frame 0
314.1629 	EXP 	Display Frame 1
314.2879 	EXP 	Display Frame 0
314.4131 	EXP 	Display Frame 1
314.5380 	EXP 	Display Frame 0
314.6632 	EXP 	Display Frame 1
314.7882 	EXP 	Display Frame 0
314.9130 	EXP 	Display Frame 1
315.0381 	EXP 	Display Frame 0
315.1629 	EXP 	Display Frame 1
315.2879 	EXP 	Display Frame 0
315.4130 	EXP 	Display Frame 1
315.5380 	EXP 	Display Frame 0
315.6630 	DATA 	Keypress: t
315.6651 	EXP 	Display Frame 1
315.7878 	EXP 	Display Frame 0
315.9130 	EXP 	Display Frame 1
316.0380 	EXP 	Display Frame 0
316.1629 	EXP 	Display Frame 1
316.2879 	EXP 	Display Frame 0
316.4130 	EXP 	Display Frame 1
316.5380 	EXP 	Display Frame 0
316.6632 	EXP 	Display Frame 1
316.7882 	EXP 	Display Frame 0
316.9131 	EXP 	Display Frame 1
317.0380 	EXP 	Display Frame 0
317.1630 	EXP 	Display Frame 1
317.2879 	EXP 	Display Frame 0
317.4130 	EXP 	Display Frame 1
317.5380 	EXP 	Display Frame 0
317.6632 	EXP 	Display Frame 1
317.7882 	EXP 	Display Frame 0
317.9130 	EXP 	Display Frame 1
318.0380 	EXP 	Display Frame 0
318.1625 	DATA 	Keypress: t
318.1641 	EXP 	Display Frame 1
318.1677 	EXP 	Display Fixation
320.6474 	DATA 	Keypress: t
323.1939 	DATA 	Keypress: t
325.7412 	DATA 	Keypress: t
328.2884 	DATA 	Keypress: t
330.8352 	DATA 	Keypress: t
333.3819 	DATA 	Keypress: t
335.9293 	DATA 	Keypress: t
338.4763 	DATA 	Keypress: t
341.0230 	DATA 	Keypress: t
343.5699 	DATA 	Keypress: t
346.1174 	DATA 	Keypress: t
348.6645 	DATA 	Keypress: t
348.7921 	EXP 	Display Frame 1
348.9162 	EXP 	Display Frame 0
349.0413 	EXP 	Display Frame 1
349.1664 	EXP 	Display Frame 0
349.2912 	EXP 	Display Frame 1
349.4165 	EXP 	Display Frame 0
349.5414 	EXP 	Display Frame 1
349.6665 	EXP 	Display Frame 0
349.7912 	EXP 	Display Frame 1
349.9165 	EXP 	Display Frame 0
350.0413 	EXP 	Display Frame 1
350.1665 	EXP 	Display Frame 0
350.2912 	EXP 	Display Frame 1
350.4165 	EXP 	Display Frame 0
350.5414 	EXP 	Display Frame 1
350.6665 	EXP 	Display Frame 0
350.7912 	EXP 	Display Frame 1
350.9166 	EXP 	Display Frame 0
351.0412 	EXP 	Display Frame 1
351.1665 	EXP 	Display Frame 0
351.2911 	DATA 	Keypress: t
351.2927 	EXP 	Display Frame 1
351.4162 	EXP 	Display Frame 0
351.5414 	EXP 	Display Frame 1
351.6665 	EXP 	Display Frame 0
351.7912 	EXP 	Display Frame 1
351.9165 	EXP 	Display Frame 0
352.0414 	EXP 	Display Frame 1
352.1665 	EXP 	Display Frame 0
352.2912 	EXP 	Display Frame 1
352.4165 	EXP 	Display Frame 0
352.5414 	EXP 	Display Frame 1
352.6665 	EXP 	Display Frame 0
352.7912 	EXP 	Display Frame 1
352.9165 	EXP 	Display Frame 0
353.0414 	EXP 	Display Frame 1
353.1665 	EXP 	Display Frame 0
353.2912 	EXP 	Display Frame 1
353.4165 	EXP 	Display Frame 0
353.5414 	EXP 	Display Frame 1
353.6666 	EXP 	Display Frame 0
353.7907 	DATA 	Keypress: t
353.7924 	EXP 	Display Frame 1
353.9165 	EXP 	Display Frame 0
354.0414 	EXP 	Display Frame 1
354.1665 	EXP 	Display Frame 0
354.2919 	EXP 	Display Frame 1
354.4165 	EXP 	Display Frame 0
354.5415 	EXP 	Display Frame 1
354.6666 	EXP 	Display Frame 0
354.7912 	EXP 	Display Frame 1
354.9165 	EXP 	Display Frame 0
355.0414 	EXP 	Display Frame 1
355.1665 	EXP 	Display Frame 0
355.2912 	EXP 	Display Frame 1
355.4164 	EXP 	Display Frame 0
355.5414 	EXP 	Display Frame 1
355.6665 	EXP 	Display Frame 0
355.7912 	EXP 	Display Frame 1
355.9165 	EXP 	Display Frame 0
356.0414 	EXP 	Display Frame 1
356.1665 	EXP 	Display Frame 0
356.2912 	EXP 	Display Frame 1
356.4163 	DATA 	Keypress: t
356.4183 	EXP 	Display Frame 0
356.5412 	EXP 	Display Frame 1
356.6663 	EXP 	Display Frame 0
356.7912 	EXP 	Display Frame 1
356.9165 	EXP 	Display Frame 0
357.0414 	EXP 	Display Frame 1
357.1665 	EXP 	Display Frame 0
357.2912 	EXP 	Display Frame 1
357.4165 	EXP 	Display Frame 0
357.5414 	EXP 	Display Frame 1
357.6665 	EXP 	Display Frame 0
357.7912 	EXP 	Display Frame 1
357.9164 	EXP 	Display Frame 0
358.0414 	EXP 	Display Frame 1
358.1664 	EXP 	Display Frame 0
358.2913 	EXP 	Display Frame 1
358.4163 	EXP 	Display Frame 0
358.5414 	EXP 	Display Frame 1
358.6665 	EXP 	Display Frame 0
358.7912 	EXP 	Display Frame 1
358.9163 	DATA 	Keypress: t
358.9184 	EXP 	Display Frame 0
359.0411 	EXP 	Display Frame 1
359.1662 	EXP 	Display Frame 0
359.2914 	EXP 	Display Frame 1
359.4165 	EXP 	Display Frame 0
359.5414 	EXP 	Display Frame 1
359.6665 	EXP 	Display Frame 0
359.7913 	EXP 	Display Frame 1
359.9166 	EXP 	Display Frame 0
360.0414 	EXP 	Display Frame 1
360.1665 	EXP 	Display Frame 0
360.2912 	EXP 	Display Frame 1
360.4165 	EXP 	Display Frame 0
360.5414 	EXP 	Display Frame 1
360.6665 	EXP 	Display Frame 0
360.7912 	EXP 	Display Frame 1
360.9165 	EXP 	Display Frame 0
361.0414 	EXP 	Display Frame 1
361.1671 	EXP 	Display Frame 0
361.2913 	EXP 	Display Frame 1
361.4164 	DATA 	Keypress: t
361.4182 	EXP 	Display Frame 0
361.5415 	EXP 	Display Frame 1
361.6662 	EXP 	Display Frame 0
361.7912 	EXP 	Display Frame 1
361.9163 	EXP 	Display Frame 0
362.0414 	EXP 	Display Frame 1
362.1665 	EXP 	Display Frame 0
362.2912 	EXP 	Display Frame 1
362.4165 	EXP 	Display Frame 0
362.5414 	EXP 	Display Frame 1
362.6665 	EXP 	Display Frame 0
362.7912 	EXP 	Display Frame 1
362.9165 	EXP 	Display Frame 0
363.0414 	EXP 	Display Frame 1
363.1665 	EXP 	Display Frame 0
363.2913 	EXP 	Display Frame 1
363.4166 	EXP 	Display Frame 0
363.5414 	EXP 	Display Frame 1
363.6665 	EXP 	Display Frame 0
363.7912 	EXP 	Display Frame 1
363.9165 	EXP 	Display Frame 0
364.0412 	DATA 	Keypress: t
364.0431 	EXP 	Display Frame 1
364.1665 	EXP 	Display Frame 0
364.2911 	EXP 	Display Frame 1
364.4165 	EXP 	Display Frame 0
364.5414 	EXP 	Display Frame 1
364.6665 	EXP 	Display Frame 0
364.7913 	EXP 	Display Frame 1
364.9165 	EXP 	Display Frame 0
365.0414 	EXP 	Display Frame 1
365.1665 	EXP 	Display Frame 0
365.2912 	EXP 	Display Frame 1
365.4165 	EXP 	Display Frame 0
365.5414 	EXP 	Display Frame 1
365.6665 	EXP 	Display Frame 0
365.7913 	EXP 	Display Frame 1
365.9165 	EXP 	Display Frame 0
366.0414 	EXP 	Display Frame 1
366.1666 	EXP 	Display Frame 0
366.2912 	EXP 	Display Frame 1
366.4165 	EXP 	Display Frame 0
366.5408 	DATA 	Keypress: t
366.5427 	EXP 	Display Frame 1
366.6664 	EXP 	Display Frame 0
366.7912 	EXP 	Display Frame 1
366.9165 	EXP 	Display Frame 0
367.0411 	EXP 	Display Frame 1
367.1665 	EXP 	Display Frame 0
367.2912 	EXP 	Display Frame 1
367.4165 	EXP 	Display Frame 0
367.5414 	EXP 	Display Frame 1
367.6665 	EXP 	Display Frame 0
367.7912 	EXP 	Display Frame 1
367.9164 	EXP 	Display Frame 0
368.0414 	EXP 	Display Frame 1
368.1667 	EXP 	Display Frame 0
368.2912 	EXP 	Display Frame 1
368.4165 	EXP 	Display Frame 0
368.5414 	EXP 	Display Frame 1
368.6665 	EXP 	Display Frame 0
368.7912 	EXP 	Display Frame 1
368.9165 	EXP 	Display Frame 0
369.0414 	EXP 	Display Frame 1
369.0422 	DATA 	Keypress: t
369.1667 	EXP 	Display Frame 0
369.2911 	EXP 	Display Frame 1
369.4165 	EXP 	Display Frame 0
369.5414 	EXP 	Display Frame 1
369.6665 	EXP 	Display Frame 0
369.7913 	EXP 	Display Frame 1
369.9165 	EXP 	Display Frame 0
370.0414 	EXP 	Display Frame 1
370.1665 	EXP 	Display Frame 0
370.2913 	EXP 	Display Frame 1
370.4164 	EXP 	Display Frame 0
370.5414 	EXP 	Display Frame 1
370.6665 	EXP 	Display Frame 0
370.7912 	EXP 	Display Frame 1
370.9165 	EXP 	Display Frame 0
371.0414 	EXP 	Display Frame 1
371.1665 	EXP 	Display Frame 0
371.2912 	EXP 	Display Frame 1
371.4165 	EXP 	Display Frame 0
371.5414 	EXP 	Display Frame 1
371.6657 	DATA 	Keypress: t
371.6674 	EXP 	Display Frame 0
371.7911 	EXP 	Display Frame 1
371.9165 	EXP 	Display Frame 0
372.0413 	EXP 	Display Frame 1
372.1665 	EXP 	Display Frame 0
372.2911 	EXP 	Display Frame 1
372.4162 	EXP 	Display Frame 0
372.5413 	EXP 	Display Frame 1
372.6665 	EXP 	Display Frame 0
372.7912 	EXP 	Display Frame 1
372.9164 	EXP 	Display Frame 0
373.0414 	EXP 	Display Frame 1
373.1665 	EXP 	Display Frame 0
373.2912 	EXP 	Display Frame 1
373.4165 	EXP 	Display Frame 0
373.5414 	EXP 	Display Frame 1
373.6665 	EXP 	Display Frame 0
373.7912 	EXP 	Display Frame 1
373.9165 	EXP 	Display Frame 0
374.0414 	EXP 	Display Frame 1
374.1663 	DATA 	Keypress: t
374.1679 	EXP 	Display Frame 0
374.2911 	EXP 	Display Frame 1
374.4165 	EXP 	Display Frame 0
374.5414 	EXP 	Display Frame 1
374.6665 	EXP 	Display Frame 0
374.7912 	EXP 	Display Frame 1
374.9165 	EXP 	Display Frame 0
375.0415 	EXP 	Display Frame 1
375.1664 	EXP 	Display Frame 0
375.2912 	EXP 	Display Frame 1
375.4165 	EXP 	Display Frame 0
375.5414 	EXP 	Display Frame 1
375.6666 	EXP 	Display Frame 0
375.7912 	EXP 	Display Frame 1
375.9166 	EXP 	Display Frame 0
376.0413 	EXP 	Display Frame 1
376.1665 	EXP 	Display Frame 0
376.2912 	EXP 	Display Frame 1
376.4166 	EXP 	Display Frame 0
376.5413 	EXP 	Display Frame 1
376.6665 	EXP 	Display Frame 0
376.7912 	DATA 	Keypress: t
376.7930 	EXP 	Display Frame 1
376.9165 	EXP 	Display Frame 0
377.0414 	EXP 	Display Frame 1
377.1665 	EXP 	Display Frame 0
377.2912 	EXP 	Display Frame 1
377.4165 	EXP 	Display Frame 0
377.5414 	EXP 	Display Frame 1
377.6664 	EXP 	Display Frame 0
377.7913 	EXP 	Display Frame 1
377.9163 	EXP 	Display Frame 0
378.0414 	EXP 	Display Frame 1
378.1665 	EXP 	Display Frame 0
378.2912 	EXP 	Display Frame 1
378.4166 	EXP 	Display Frame 0
378.5414 	EXP 	Display Frame 1
378.6663 	EXP 	Display Frame 0
378.7912 	EXP 	Display Frame 1
378.9165 	EXP 	Display Frame 0
379.0414 	EXP 	Display Frame 1
379.1663 	EXP 	Display Frame 0
379.2912 	DATA 	Keypress: t
379.2930 	EXP 	Display Frame 1
379.3007 	EXP 	Display Fixation
381.7755 	DATA 	Keypress: t
384.3223 	DATA 	Keypress: t
386.8691 	DATA 	Keypress: t
389.4166 	DATA 	Keypress: t
391.9631 	DATA 	Keypress: t
394.5103 	DATA 	Keypress: t
397.0576 	DATA 	Keypress: t
399.6044 	DATA 	Keypress: t
402.1515 	DATA 	Keypress: t
404.6985 	DATA 	Keypress: t
407.2451 	DATA 	Keypress: t
409.7927 	DATA 	Keypress: t
409.9201 	EXP 	Display Frame 1
410.0443 	EXP 	Display Frame 0
410.1693 	EXP 	Display Frame 1
410.2942 	EXP 	Display Frame 0
410.4194 	EXP 	Display Frame 1
410.5444 	EXP 	Display Frame 0
410.6695 	EXP 	Display Frame 1
410.7943 	EXP 	Display Frame 0
410.9195 	EXP 	Display Frame 1
411.0444 	EXP 	Display Frame 0
411.1694 	EXP 	Display Frame 1
411.2943 	EXP 	Display Frame 0
411.4193 	EXP 	Display Frame 1
411.5444 	EXP 	Display Frame 0
411.6694 	EXP 	Display Frame 1
411.7943 	EXP 	Display Frame 0
411.9193 	EXP 	Display Frame 1
412.0444 	EXP 	Display Frame 0
412.1694 	EXP 	Display Frame 1
412.2943 	EXP 	Display Frame 0
412.4191 	DATA 	Keypress: t
412.4208 	EXP 	Display Frame 1
412.5443 	EXP 	Display Frame 0
412.6693 	EXP 	Display Frame 1
412.7943 	EXP 	Display Frame 0
412.9193 	EXP 	Display Frame 1
413.0444 	EXP 	Display Frame 0
413.1695 	EXP 	Display Frame 1
413.2943 	EXP 	Display Frame 0
413.4193 	EXP 	Display Frame 1
413.5444 	EXP 	Display Frame 0
413.6694 	EXP 	Display Frame 1
413.7943 	EXP 	Display Frame 0
413.9194 	EXP 	Display Frame 1
414.0444 	EXP 	Display Frame 0
414.1694 	EXP 	Display Frame 1
414.2943 	EXP 	Display Frame 0
414.4194 	EXP 	Display Frame 1
414.5443 	EXP 	Display Frame 0
414.6694 	EXP 	Display Frame 1
414.7943 	EXP 	Display Frame 0
414.9188 	DATA 	Keypress: t
414.9205 	EXP 	Display Frame 1
415.0442 	EXP 	Display Frame 0
415.1693 	EXP 	Display Frame 1
415.2943 	EXP 	Display Frame 0
415.4194 	EXP 	Display Frame 1
415.5443 	EXP 	Display Frame 0
415.6695 	EXP 	Display Frame 1
415.7943 	EXP 	Display Frame 0
415.9193 	EXP 	Display Frame 1
416.0447 	EXP 	Display Frame 0
416.1695 	EXP 	Display Frame 1
416.2943 	EXP 	Display Frame 0
416.4194 	EXP 	Display Frame 1
416.5444 	EXP 	Display Frame 0
416.6694 	EXP 	Display Frame 1
416.7943 	EXP 	Display Frame 0
416.9195 	EXP 	Display Frame 1
417.0444 	EXP 	Display Frame 0
417.1694 	EXP 	Display Frame 1
417.2944 	EXP 	Display Frame 0
417.4193 	EXP 	Display Frame 1
417.5440 	DATA 	Keypress: t
417.5457 	EXP 	Display Frame 0
417.6693 	EXP 	Display Frame 1
417.7943 	EXP 	Display Frame 0
417.9195 	EXP 	Display Frame 1
418.0444 	EXP 	Display Frame 0
418.1695 	EXP 	Display Frame 1
418.2944 	EXP 	Display Frame 0
418.4192 	EXP 	Display Frame 1
418.5444 	EXP 	Display Frame 0
418.6695 	EXP 	Display Frame 1
418.7942 	EXP 	Display Frame 0
418.9192 	EXP 	Display Frame 1
419.0445 	EXP 	Display Frame 0
419.1695 	EXP 	Display Frame 1
419.2943 	EXP 	Display Frame 0
419.4194 	EXP 	Display Frame 1
419.5444 	EXP 	Display Frame 0
419.6694 	EXP 	Display Frame 1
419.7944 	EXP 	Display Frame 0
419.9193 	EXP 	Display Frame 1
420.0443 	DATA 	Keypress: t
420.0462 	EXP 	Display Frame 0
420.1693 	EXP 	Display Frame 1
420.2943 	EXP 	Display Frame 0
420.4195 	EXP 	Display Frame 1
420.5444 	EXP 	Display Frame 0
420.6694 	EXP 	Display Frame 1
420.7944 	EXP 	Display Frame 0
420.9193 	EXP 	Display Frame 1
421.0445 	EXP 	Display Frame 0
421.1694 	EXP 	Display Frame 1
421.2943 	EXP 	Display Frame 0
421.4195 	EXP 	Display Frame 1
421.5444 	EXP 	Display Frame 0
421.6694 	EXP 	Display Frame 1
421.7943 	EXP 	Display Frame 0
421.9193 	EXP 	Display Frame 1
422.0444 	EXP 	Display Frame 0
422.1694 	EXP 	Display Frame 1
422.2942 	EXP 	Display Frame 0
422.4193 	EXP 	Display Frame 1
422.5442 	DATA 	Keypress: t
422.5459 	EXP 	Display Frame 0
422.6695 	EXP 	Display Frame 1
422.7943 	EXP 	Display Frame 0
422.9201 	EXP 	Display Frame 1
423.0445 	EXP 	Display Frame 0
423.1694 	EXP 	Display Frame 1
423.2943 	EXP 	Display Frame 0
423.4193 	EXP 	Display Frame 1
423.5444 	EXP 	Display Frame 0
423.6694 	EXP 	Display Frame 1
423.7945 	EXP 	Display Frame 0
423.9194 	EXP 	Display Frame 1
424.0444 	EXP 	Display Frame 0
424.1694 	EXP 	Display Frame 1
424.2943 	EXP 	Display Frame 0
424.4193 	EXP 	Display Frame 1
424.5444 	EXP 	Display Frame 0
424.6695 	EXP 	Display Frame 1
424.7943 	EXP 	Display Frame 0
424.9195 	EXP 	Display Frame 1
425.0444 	EXP 	Display Frame 0
425.1696 	DATA 	Keypress: t
425.1716 	EXP 	Display Frame 1
425.2942 	EXP 	Display Frame 0
425.4194 	EXP 	Display Frame 1
425.5444 	EXP 	Display Frame 0
425.6693 	EXP 	Display Frame 1
425.7942 	EXP 	Display Frame 0
425.9193 	EXP 	Display Frame 1
426.0443 	EXP 	Display Frame 0
426.1695 	EXP 	Display Frame 1
426.2943 	EXP 	Display Frame 0
426.4193 	EXP 	Display Frame 1
426.5444 	EXP 	Display Frame 0
426.6695 	EXP 	Display Frame 1
426.7943 	EXP 	Display Frame 0
426.9193 	EXP 	Display Frame 1
427.0444 	EXP 	Display Frame 0
427.1694 	EXP 	Display Frame 1
427.2943 	EXP 	Display Frame 0
427.4195 	EXP 	Display Frame 1
427.5444 	EXP 	Display Frame 0
427.6694 	DATA 	Keypress: t
427.6711 	EXP 	Display Frame 1
427.7942 	EXP 	Display Frame 0
427.9192 	EXP 	Display Frame 1
428.0444 	EXP 	Display Frame 0
428.1694 	EXP 	Display Frame 1
428.2943 	EXP 	Display Frame 0
428.4193 	EXP 	Display Frame 1
428.5444 	EXP 	Display Frame 0
428.6694 	EXP 	Display Frame 1
428.7943 	EXP 	Display Frame 0
428.9195 	EXP 	Display Frame 1
429.0444 	EXP 	Display Frame 0
429.1694 	EXP 	Display Frame 1
429.2943 	EXP 	Display Frame 0
429.4193 	EXP 	Display Frame 1
429.5444 	EXP 	Display Frame 0
429.6694 	EXP 	Display Frame 1
429.7943 	EXP 	Display Frame 0
429.9196 	EXP 	Display Frame 1
430.0444 	EXP 	Display Frame 0
430.1694 	EXP 	Display Frame 1
430.1704 	DATA 	Keypress: t
430.2944 	EXP 	Display Frame 0
430.4192 	EXP 	Display Frame 1
430.5444 	EXP 	Display Frame 0
430.6694 	EXP 	Display Frame 1
430.7943 	EXP 	Display Frame 0
430.9193 	EXP 	Display Frame 1
431.0445 	EXP 	Display Frame 0
431.1694 	EXP 	Display Frame 1
431.2941 	EXP 	Display Frame 0
431.4194 	EXP 	Display Frame 1
431.5444 	EXP 	Display Frame 0
431.6694 	EXP 	Display Frame 1
431.7943 	EXP 	Display Frame 0
431.9193 	EXP 	Display Frame 1
432.0444 	EXP 	Display Frame 0
432.1694 	EXP 	Display Frame 1
432.2943 	EXP 	Display Frame 0
432.4193 	EXP 	Display Frame 1
432.5444 	EXP 	Display Frame 0
432.6694 	EXP 	Display Frame 1
432.7945 	DATA 	Keypress: t
432.7962 	EXP 	Display Frame 0
432.9192 	EXP 	Display Frame 1
433.0444 	EXP 	Display Frame 0
433.1694 	EXP 	Display Frame 1
433.2943 	EXP 	Display Frame 0
433.4193 	EXP 	Display Frame 1
433.5444 	EXP 	Display Frame 0
433.6695 	EXP 	Display Frame 1
433.7943 	EXP 	Display Frame 0
433.9194 	EXP 	Display Frame 1
434.0444 	EXP 	Display Frame 0
434.1694 	EXP 	Display Frame 1
434.2943 	EXP 	Display Frame 0
434.4193 	EXP 	Display Frame 1
434.5444 	EXP 	Display Frame 0
434.6694 	EXP 	Display Frame 1
434.7943 	EXP 	Display Frame 0
434.9193 	EXP 	Display Frame 1
435.0445 	EXP 	Display Frame 0
435.1694 	EXP 	Display Frame 1
435.2938 	DATA 	Keypress: t
435.2955 	EXP 	Display Frame 0
435.4192 	EXP 	Display Frame 1
435.5444 	EXP 	Display Frame 0
435.6694 	EXP 	Display Frame 1
435.7943 	EXP 	Display Frame 0
435.9193 	EXP 	Display Frame 1
436.0445 	EXP 	Display Frame 0
436.1694 	EXP 	Display Frame 1
436.2942 	EXP 	Display Frame 0
436.4194 	EXP 	Display Frame 1
436.5444 	EXP 	Display Frame 0
436.6694 	EXP 	Display Frame 1
436.7945 	EXP 	Display Frame 0
436.9195 	EXP 	Display Frame 1
437.0444 	EXP 	Display Frame 0
437.1694 	EXP 	Display Frame 1
437.2943 	EXP 	Display Frame 0
437.4193 	EXP 	Display Frame 1
437.5444 	EXP 	Display Frame 0
437.6694 	EXP 	Display Frame 1
437.7943 	EXP 	Display Frame 0
437.9190 	DATA 	Keypress: t
437.9207 	EXP 	Display Frame 1
438.0443 	EXP 	Display Frame 0
438.1693 	EXP 	Display Frame 1
438.2943 	EXP 	Display Frame 0
438.4193 	EXP 	Display Frame 1
438.5444 	EXP 	Display Frame 0
438.6694 	EXP 	Display Frame 1
438.7943 	EXP 	Display Frame 0
438.9194 	EXP 	Display Frame 1
439.0445 	EXP 	Display Frame 0
439.1694 	EXP 	Display Frame 1
439.2943 	EXP 	Display Frame 0
439.4193 	EXP 	Display Frame 1
439.5444 	EXP 	Display Frame 0
439.6694 	EXP 	Display Frame 1
439.7943 	EXP 	Display Frame 0
439.9193 	EXP 	Display Frame 1
440.0444 	EXP 	Display Frame 0
440.1694 	EXP 	Display Frame 1
440.2943 	EXP 	Display Frame 0
440.4187 	DATA 	Keypress: t
440.4204 	EXP 	Display Frame 1
440.4349 	EXP 	Display Fixation
442.9038 	DATA 	Keypress: t
445.4508 	DATA 	Keypress: t
447.9978 	DATA 	Keypress: t
450.5443 	DATA 	Keypress: t
453.0918 	DATA 	Keypress: t
455.6383 	DATA 	Keypress: t
458.1859 	DATA 	Keypress: t
460.7323 	DATA 	Keypress: t
463.2795 	DATA 	Keypress: t
465.8268 	DATA 	Keypress: t
468.3736 	DATA 	Keypress: t
470.9203 	DATA 	Keypress: t
471.0473 	EXP 	Display Frame 1
471.1717 	EXP 	Display Frame 0
471.2968 	EXP 	Display Frame 1
471.4224 	EXP 	Display Frame 0
471.5468 	EXP 	Display Frame 1
471.6719 	EXP 	Display Frame 0
471.7967 	EXP 	Display Frame 1
471.9218 	EXP 	Display Frame 0
472.0468 	EXP 	Display Frame 1
472.1719 	EXP 	Display Frame 0
472.2968 	EXP 	Display Frame 1
472.4218 	EXP 	Display Frame 0
472.5468 	EXP 	Display Frame 1
472.6719 	EXP 	Display Frame 0
472.7969 	EXP 	Display Frame 1
472.9217 	EXP 	Display Frame 0
473.0466 	EXP 	Display Frame 1
473.1719 	EXP 	Display Frame 0
473.2968 	EXP 	Display Frame 1
473.4217 	EXP 	Display Frame 0
473.5469 	DATA 	Keypress: t
473.5487 	EXP 	Display Frame 1
473.6718 	EXP 	Display Frame 0
473.7967 	EXP 	Display Frame 1
473.9217 	EXP 	Display Frame 0
474.0469 	EXP 	Display Frame 1
474.1719 	EXP 	Display Frame 0
474.2968 	EXP 	Display Frame 1
474.4217 	EXP 	Display Frame 0
474.5468 	EXP 	Display Frame 1
474.6719 	EXP 	Display Frame 0
474.7967 	EXP 	Display Frame 1
474.9217 	EXP 	Display Frame 0
475.0469 	EXP 	Display Frame 1
475.1718 	EXP 	Display Frame 0
475.2968 	EXP 	Display Frame 1
475.4218 	EXP 	Display Frame 0
475.5469 	EXP 	Display Frame 1
475.6719 	EXP 	Display Frame 0
475.7968 	EXP 	Display Frame 1
475.9217 	EXP 	Display Frame 0
476.0467 	DATA 	Keypress: t
476.0486 	EXP 	Display Frame 1
476.1718 	EXP 	Display Frame 0
476.2966 	EXP 	Display Frame 1
476.4218 	EXP 	Display Frame 0
476.5468 	EXP 	Display Frame 1
476.6718 	EXP 	Display Frame 0
476.7968 	EXP 	Display Frame 1
476.9217 	EXP 	Display Frame 0
477.0469 	EXP 	Display Frame 1
477.1719 	EXP 	Display Frame 0
477.2968 	EXP 	Display Frame 1
477.4217 	EXP 	Display Frame 0
477.5468 	EXP 	Display Frame 1
477.6719 	EXP 	Display Frame 0
477.7968 	EXP 	Display Frame 1
477.9218 	EXP 	Display Frame 0
478.0469 	EXP 	Display Frame 1
478.1719 	EXP 	Display Frame 0
478.2974 	EXP 	Display Frame 1
478.4218 	EXP 	Display Frame 0
478.5468 	EXP 	Display Frame 1
478.6720 	DATA 	Keypress: t
478.6739 	EXP 	Display Frame 0
478.7966 	EXP 	Display Frame 1
478.9216 	EXP 	Display Frame 0
479.0469 	EXP 	Display Frame 1
479.1720 	EXP 	Display Frame 0
479.2967 	EXP 	Display Frame 1
479.4219 	EXP 	Display Frame 0
479.5468 	EXP 	Display Frame 1
479.6719 	EXP 	Display Frame 0
479.7969 	EXP 	Display Frame 1
479.9218 	EXP 	Display Frame 0
480.0469 	EXP 	Display Frame 1
480.1719 	EXP 	Display Frame 0
480.2968 	EXP 	Display Frame 1
480.4217 	EXP 	Display Frame 0
480.5468 	EXP 	Display Frame 1
480.6719 	EXP 	Display Frame 0
480.7968 	EXP 	Display Frame 1
480.9217 	EXP 	Display Frame 0
481.0468 	EXP 	Display Frame 1
481.1719 	DATA 	Keypress: t
481.1738 	EXP 	Display Frame 0
481.2967 	EXP 	Display Frame 1
481.4217 	EXP 	Display Frame 0
481.5469 	EXP 	Display Frame 1
481.6719 	EXP 	Display Frame 0
481.7967 	EXP 	Display Frame 1
481.9217 	EXP 	Display Frame 0
482.0469 	EXP 	Display Frame 1
482.1719 	EXP 	Display Frame 0
482.2967 	EXP 	Display Frame 1
482.4218 	EXP 	Display Frame 0
482.5469 	EXP 	Display Frame 1
482.6719 	EXP 	Display Frame 0
482.7968 	EXP 	Display Frame 1
482.9217 	EXP 	Display Frame 0
483.0469 	EXP 	Display Frame 1
483.1719 	EXP 	Display Frame 0
483.2967 	EXP 	Display Frame 1
483.4218 	EXP 	Display Frame 0
483.5469 	EXP 	Display Frame 1
483.6713 	DATA 	Keypress: t
483.6728 	EXP 	Display Frame 0
483.7969 	EXP 	Display Frame 1
483.9217 	EXP 	Display Frame 0
484.0468 	EXP 	Display Frame 1
484.1718 	EXP 	Display Frame 0
484.2967 	EXP 	Display Frame 1
484.4220 	EXP 	Display Frame 0
484.5468 	EXP 	Display Frame 1
484.6719 	EXP 	Display Frame 0
484.7967 	EXP 	Display Frame 1
484.9218 	EXP 	Display Frame 0
485.0469 	EXP 	Display Frame 1
485.1719 	EXP 	Display Frame 0
485.2970 	EXP 	Display Frame 1
485.4219 	EXP 	Display Frame 0
485.5468 	EXP 	Display Frame 1
485.6719 	EXP 	Display Frame 0
485.7968 	EXP 	Display Frame 1
485.9219 	EXP 	Display Frame 0
486.0469 	EXP 	Display Frame 1
486.1719 	EXP 	Display Frame 0
486.2970 	DATA 	Keypress: t
486.2988 	EXP 	Display Frame 1
486.4217 	EXP 	Display Frame 0
486.5469 	EXP 	Display Frame 1
486.6718 	EXP 	Display Frame 0
486.7968 	EXP 	Display Frame 1
486.9217 	EXP 	Display Frame 0
487.0469 	EXP 	Display Frame 1
487.1719 	EXP 	Display Frame 0
487.2967 	EXP 	Display Frame 1
487.4218 	EXP 	Display Frame 0
487.5469 	EXP 	Display Frame 1
487.6719 	EXP 	Display Frame 0
487.7968 	EXP 	Display Frame 1
487.9218 	EXP 	Display Frame 0
488.0469 	EXP 	Display Frame 1
488.1719 	EXP 	Display Frame 0
488.2968 	EXP 	Display Frame 1
488.4217 	EXP 	Display Frame 0
488.5468 	EXP 	Display Frame 1
488.6719 	EXP 	Display Frame 0
488.7963 	DATA 	Keypress: t
488.7979 	EXP 	Display Frame 1
488.9217 	EXP 	Display Frame 0
489.0468 	EXP 	Display Frame 1
489.1718 	EXP 	Display Frame 0
489.2967 	EXP 	Display Frame 1
489.4218 	EXP 	Display Frame 0
489.5469 	EXP 	Display Frame 1
489.6719 	EXP 	Display Frame 0
489.7970 	EXP 	Display Frame 1
489.9218 	EXP 	Display Frame 0
490.0469 	EXP 	Display Frame 1
490.1719 	EXP 	Display Frame 0
490.2968 	EXP 	Display Frame 1
490.4217 	EXP 	Display Frame 0
490.5469 	EXP 	Display Frame 1
490.6719 	EXP 	Display Frame 0
490.7967 	EXP 	Display Frame 1
490.9217 	EXP 	Display Frame 0
491.0469 	EXP 	Display Frame 1
491.1719 	EXP 	Display Frame 0
491.2967 	EXP 	Display Frame 1
491.4217 	DATA 	Keypress: t
491.4235 	EXP 	Display Frame 0
491.5467 	EXP 	Display Frame 1
491.6718 	EXP 	Display Frame 0
491.7968 	EXP 	Display Frame 1
491.9217 	EXP 	Display Frame 0
492.0469 	EXP 	Display Frame 1
492.1721 	EXP 	Display Frame 0
492.2967 	EXP 	Display Frame 1
492.4218 	EXP 	Display Frame 0
492.5468 	EXP 	Display Frame 1
492.6719 	EXP 	Display Frame 0
492.7968 	EXP 	Display Frame 1
492.9220 	EXP 	Display Frame 0
493.0468 	EXP 	Display Frame 1
493.1719 	EXP 	Display Frame 0
493.2968 	EXP 	Display Frame 1
493.4217 	EXP 	Display Frame 0
493.5468 	EXP 	Display Frame 1
493.6718 	EXP 	Display Frame 0
493.7969 	EXP 	Display Frame 1
493.9217 	DATA 	Keypress: t
493.9235 	EXP 	Display Frame 0
494.0468 	EXP 	Display Frame 1
494.1719 	EXP 	Display Frame 0
494.2968 	EXP 	Display Frame 1
494.4217 	EXP 	Display Frame 0
494.5468 	EXP 	Display Frame 1
494.6719 	EXP 	Display Frame 0
494.7968 	EXP 	Display Frame 1
494.9218 	EXP 	Display Frame 0
495.0468 	EXP 	Display Frame 1
495.1719 	EXP 	Display Frame 0
495.2968 	EXP 	Display Frame 1
495.4217 	EXP 	Display Frame 0
495.5468 	EXP 	Display Frame 1
495.6719 	EXP 	Display Frame 0
495.7968 	EXP 	Display Frame 1
495.9217 	EXP 	Display Frame 0
496.0469 	EXP 	Display Frame 1
496.1718 	EXP 	Display Frame 0
496.2968 	EXP 	Display Frame 1
496.4218 	DATA 	Keypress: t
496.4236 	EXP 	Display Frame 0
496.5468 	EXP 	Display Frame 1
496.6717 	EXP 	Display Frame 0
496.7968 	EXP 	Display Frame 1
496.9218 	EXP 	Display Frame 0
497.0469 	EXP 	Display Frame 1
497.1719 	EXP 	Display Frame 0
497.2968 	EXP 	Display Frame 1
497.4217 	EXP 	Display Frame 0
497.5469 	EXP 	Display Frame 1
497.6719 	EXP 	Display Frame 0
497.7968 	EXP 	Display Frame 1
497.9217 	EXP 	Display Frame 0
498.0469 	EXP 	Display Frame 1
498.1718 	EXP 	Display Frame 0
498.2968 	EXP 	Display Frame 1
498.4217 	EXP 	Display Frame 0
498.5468 	EXP 	Display Frame 1
498.6719 	EXP 	Display Frame 0
498.7967 	EXP 	Display Frame 1
498.9218 	EXP 	Display Frame 0
499.0465 	DATA 	Keypress: t
499.0484 	EXP 	Display Frame 1
499.1718 	EXP 	Display Frame 0
499.2969 	EXP 	Display Frame 1
499.4217 	EXP 	Display Frame 0
499.5469 	EXP 	Display Frame 1
499.6719 	EXP 	Display Frame 0
499.7968 	EXP 	Display Frame 1
499.9218 	EXP 	Display Frame 0
500.0469 	EXP 	Display Frame 1
500.1719 	EXP 	Display Frame 0
500.2967 	EXP 	Display Frame 1
500.4218 	EXP 	Display Frame 0
500.5468 	EXP 	Display Frame 1
500.6719 	EXP 	Display Frame 0
500.7967 	EXP 	Display Frame 1
500.9217 	EXP 	Display Frame 0
501.0469 	EXP 	Display Frame 1
501.1718 	EXP 	Display Frame 0
501.2968 	EXP 	Display Frame 1
501.4218 	EXP 	Display Frame 0
501.5468 	DATA 	Keypress: t
501.5487 	EXP 	Display Frame 1
501.5511 	EXP 	Display Fixation
504.0315 	DATA 	Keypress: t
506.5786 	DATA 	Keypress: t
509.1264 	DATA 	Keypress: t
511.6737 	DATA 	Keypress: t
514.2201 	DATA 	Keypress: t
516.7683 	DATA 	Keypress: t
519.3145 	DATA 	Keypress: t
521.8621 	DATA 	Keypress: t
524.4086 	DATA 	Keypress: t
526.9561 	DATA 	Keypress: t
529.5026 	DATA 	Keypress: t
532.0495 	DATA 	Keypress: t
532.1769 	EXP 	Display Frame 1
532.3021 	EXP 	Display Frame 0
532.4258 	EXP 	Display Frame 1
532.5515 	EXP 	Display Frame 0
532.6760 	EXP 	Display Frame 1
532.8012 	EXP 	Display Frame 0
532.9262 	EXP 	Display Frame 1
533.0512 	EXP 	Display Frame 0
533.1761 	EXP 	Display Frame 1
533.3011 	EXP 	Display Frame 0
533.4260 	EXP 	Display Frame 1
533.5514 	EXP 	Display Frame 0
533.6760 	EXP 	Display Frame 1
533.8011 	EXP 	Display Frame 0
533.9260 	EXP 	Display Frame 1
534.0513 	EXP 	Display Frame 0
534.1761 	EXP 	Display Frame 1
534.3011 	EXP 	Display Frame 0
534.4260 	EXP 	Display Frame 1
534.5513 	EXP 	Display Frame 0
534.6756 	DATA 	Keypress: t
534.6773 	EXP 	Display Frame 1
534.8012 	EXP 	Display Frame 0
534.9260 	EXP 	Display Frame 1
535.0513 	EXP 	Display Frame 0
535.1762 	EXP 	Display Frame 1
535.3011 	EXP 	Display Frame 0
535.4261 	EXP 	Display Frame 1
535.5513 	EXP 	Display Frame 0
535.6761 	EXP 	Display Frame 1
535.8011 	EXP 	Display Frame 0
535.9260 	EXP 	Display Frame 1
536.0513 	EXP 	Display Frame 0
536.1761 	EXP 	Display Frame 1
536.3011 	EXP 	Display Frame 0
536.4260 	EXP 	Display Frame 1
536.5513 	EXP 	Display Frame 0
536.6761 	EXP 	Display Frame 1
536.8011 	EXP 	Display Frame 0
536.9260 	EXP 	Display Frame 1
537.0515 	EXP 	Display Frame 0
537.1754 	DATA 	Keypress: t
537.1772 	EXP 	Display Frame 1
537.3008 	EXP 	Display Frame 0
537.4260 	EXP 	Display Frame 1
537.5514 	EXP 	Display Frame 0
537.6761 	EXP 	Display Frame 1
537.8011 	EXP 	Display Frame 0
537.9262 	EXP 	Display Frame 1
538.0511 	EXP 	Display Frame 0
538.1761 	EXP 	Display Frame 1
538.3011 	EXP 	Display Frame 0
538.4261 	EXP 	Display Frame 1
538.5513 	EXP 	Display Frame 0
538.6762 	EXP 	Display Frame 1
538.8011 	EXP 	Display Frame 0
538.9260 	EXP 	Display Frame 1
539.0513 	EXP 	Display Frame 0
539.1762 	EXP 	Display Frame 1
539.3011 	EXP 	Display Frame 0
539.4262 	EXP 	Display Frame 1
539.5513 	EXP 	Display Frame 0
539.6761 	EXP 	Display Frame 1
539.8011 	DATA 	Keypress: t
539.8028 	EXP 	Display Frame 0
539.9259 	EXP 	Display Frame 1
540.0513 	EXP 	Display Frame 0
540.1761 	EXP 	Display Frame 1
540.3011 	EXP 	Display Frame 0
540.4261 	EXP 	Display Frame 1
540.5513 	EXP 	Display Frame 0
540.6771 	EXP 	Display Frame 1
540.8010 	EXP 	Display Frame 0
540.9259 	EXP 	Display Frame 1
541.0514 	EXP 	Display Frame 0
541.1762 	EXP 	Display Frame 1
541.3011 	EXP 	Display Frame 0
541.4262 	EXP 	Display Frame 1
541.5512 	EXP 	Display Frame 0
541.6760 	EXP 	Display Frame 1
541.8011 	EXP 	Display Frame 0
541.9259 	EXP 	Display Frame 1
542.0513 	EXP 	Display Frame 0
542.1762 	EXP 	Display Frame 1
542.3012 	DATA 	Keypress: t
542.3031 	EXP 	Display Frame 0
542.4259 	EXP 	Display Frame 1
542.5514 	EXP 	Display Frame 0
542.6761 	EXP 	Display Frame 1
542.8011 	EXP 	Display Frame 0
542.9260 	EXP 	Display Frame 1
543.0514 	EXP 	Display Frame 0
543.1761 	EXP 	Display Frame 1
543.3010 	EXP 	Display Frame 0
543.4260 	EXP 	Display Frame 1
543.5511 	EXP 	Display Frame 0
543.6762 	EXP 	Display Frame 1
543.8011 	EXP 	Display Frame 0
543.9260 	EXP 	Display Frame 1
544.0513 	EXP 	Display Frame 0
544.1761 	EXP 	Display Frame 1
544.3011 	EXP 	Display Frame 0
544.4260 	EXP 	Display Frame 1
544.5512 	EXP 	Display Frame 0
544.6761 	EXP 	Display Frame 1
544.8010 	DATA 	Keypress: t
544.8028 	EXP 	Display Frame 0
544.9262 	EXP 	Display Frame 1
545.0514 	EXP 	Display Frame 0
545.1761 	EXP 	Display Frame 1
545.3011 	EXP 	Display Frame 0
545.4260 	EXP 	Display Frame 1
545.5513 	EXP 	Display Frame 0
545.6761 	EXP 	Display Frame 1
545.8011 	EXP 	Display Frame 0
545.9260 	EXP 	Display Frame 1
546.0513 	EXP 	Display Frame 0
546.1759 	EXP 	Display Frame 1
546.3010 	EXP 	Display Frame 0
546.4260 	EXP 	Display Frame 1
546.5514 	EXP 	Display Frame 0
546.6761 	EXP 	Display Frame 1
546.8011 	EXP 	Display Frame 0
546.9259 	EXP 	Display Frame 1
547.0513 	EXP 	Display Frame 0
547.1761 	EXP 	Display Frame 1
547.3011 	EXP 	Display Frame 0
547.4261 	DATA 	Keypress: t
547.4279 	EXP 	Display Frame 1
547.5520 	EXP 	Display Frame 0
547.6760 	EXP 	Display Frame 1
547.8011 	EXP 	Display Frame 0
547.9260 	EXP 	Display Frame 1
548.0514 	EXP 	Display Frame 0
548.1762 	EXP 	Display Frame 1
548.3010 	EXP 	Display Frame 0
548.4259 	EXP 	Display Frame 1
548.5514 	EXP 	Display Frame 0
548.6761 	EXP 	Display Frame 1
548.8012 	EXP 	Display Frame 0
548.9260 	EXP 	Display Frame 1
549.0513 	EXP 	Display Frame 0
549.1761 	EXP 	Display Frame 1
549.3010 	EXP 	Display Frame 0
549.4260 	EXP 	Display Frame 1
549.5513 	EXP 	Display Frame 0
549.6761 	EXP 	Display Frame 1
549.8011 	EXP 	Display Frame 0
549.9261 	DATA 	Keypress: t
549.9279 	EXP 	Display Frame 1
550.0511 	EXP 	Display Frame 0
550.1760 	EXP 	Display Frame 1
550.3011 	EXP 	Display Frame 0
550.4261 	EXP 	Display Frame 1
550.5513 	EXP 	Display Frame 0
550.6761 	EXP 	Display Frame 1
550.8011 	EXP 	Display Frame 0
550.9260 	EXP 	Display Frame 1
551.0513 	EXP 	Display Frame 0
551.1761 	EXP 	Display Frame 1
551.3011 	EXP 	Display Frame 0
551.4260 	EXP 	Display Frame 1
551.5513 	EXP 	Display Frame 0
551.6761 	EXP 	Display Frame 1
551.8011 	EXP 	Display Frame 0
551.9259 	EXP 	Display Frame 1
552.0512 	EXP 	Display Frame 0
552.1761 	EXP 	Display Frame 1
552.3011 	EXP 	Display Frame 0
552.4260 	EXP 	Display Frame 1
552.5506 	DATA 	Keypress: t
552.5523 	EXP 	Display Frame 0
552.6760 	EXP 	Display Frame 1
552.8011 	EXP 	Display Frame 0
552.9260 	EXP 	Display Frame 1
553.0513 	EXP 	Display Frame 0
553.1761 	EXP 	Display Frame 1
553.3011 	EXP 	Display Frame 0
553.4260 	EXP 	Display Frame 1
553.5513 	EXP 	Display Frame 0
553.6760 	EXP 	Display Frame 1
553.8011 	EXP 	Display Frame 0
553.9260 	EXP 	Display Frame 1
554.0512 	EXP 	Display Frame 0
554.1761 	EXP 	Display Frame 1
554.3011 	EXP 	Display Frame 0
554.4260 	EXP 	Display Frame 1
554.5520 	EXP 	Display Frame 0
554.6762 	EXP 	Display Frame 1
554.8011 	EXP 	Display Frame 0
554.9261 	EXP 	Display Frame 1
555.0512 	DATA 	Keypress: t
555.0529 	EXP 	Display Frame 0
555.1760 	EXP 	Display Frame 1
555.3010 	EXP 	Display Frame 0
555.4261 	EXP 	Display Frame 1
555.5513 	EXP 	Display Frame 0
555.6761 	EXP 	Display Frame 1
555.8012 	EXP 	Display Frame 0
555.9261 	EXP 	Display Frame 1
556.0512 	EXP 	Display Frame 0
556.1761 	EXP 	Display Frame 1
556.3011 	EXP 	Display Frame 0
556.4260 	EXP 	Display Frame 1
556.5513 	EXP 	Display Frame 0
556.6761 	EXP 	Display Frame 1
556.8011 	EXP 	Display Frame 0
556.9260 	EXP 	Display Frame 1
557.0512 	EXP 	Display Frame 0
557.1761 	EXP 	Display Frame 1
557.3011 	EXP 	Display Frame 0
557.4260 	EXP 	Display Frame 1
557.5504 	DATA 	Keypress: t
557.5525 	EXP 	Display Frame 0
557.6759 	EXP 	Display Frame 1
557.8011 	EXP 	Display Frame 0
557.9260 	EXP 	Display Frame 1
558.0513 	EXP 	Display Frame 0
558.1761 	EXP 	Display Frame 1
558.3011 	EXP 	Display Frame 0
558.4260 	EXP 	Display Frame 1
558.5513 	EXP 	Display Frame 0
558.6761 	EXP 	Display Frame 1
558.8011 	EXP 	Display Frame 0
558.9260 	EXP 	Display Frame 1
559.0513 	EXP 	Display Frame 0
559.1760 	EXP 	Display Frame 1
559.3010 	EXP 	Display Frame 0
559.4260 	EXP 	Display Frame 1
559.5515 	EXP 	Display Frame 0
559.6761 	EXP 	Display Frame 1
559.8011 	EXP 	Display Frame 0
559.9260 	EXP 	Display Frame 1
560.0513 	EXP 	Display Frame 0
560.1760 	DATA 	Keypress: t
560.1779 	EXP 	Display Frame 1
560.3010 	EXP 	Display Frame 0
560.4261 	EXP 	Display Frame 1
560.5511 	EXP 	Display Frame 0
560.6758 	EXP 	Display Frame 1
560.8011 	EXP 	Display Frame 0
560.9262 	EXP 	Display Frame 1
561.0513 	EXP 	Display Frame 0
561.1762 	EXP 	Display Frame 1
561.3011 	EXP 	Display Frame 0
561.4263 	EXP 	Display Frame 1
561.5513 	EXP 	Display Frame 0
561.6761 	EXP 	Display Frame 1
561.8011 	EXP 	Display Frame 0
561.9260 	EXP 	Display Frame 1
562.0513 	EXP 	Display Frame 0
562.1761 	EXP 	Display Frame 1
562.3011 	EXP 	Display Frame 0
562.4260 	EXP 	Display Frame 1
562.5513 	EXP 	Display Frame 0
562.6763 	DATA 	Keypress: t
562.6782 	EXP 	Display Frame 1
562.6857 	EXP 	Display Fixation
565.1611 	DATA 	Keypress: t
567.7077 	DATA 	Keypress: t
570.2553 	DATA 	Keypress: t
572.8018 	DATA 	Keypress: t
575.3489 	DATA 	Keypress: t
577.8962 	DATA 	Keypress: t
580.4430 	DATA 	Keypress: t
582.9902 	DATA 	Keypress: t
585.5368 	DATA 	Keypress: t
588.0842 	DATA 	Keypress: t
590.6310 	DATA 	Keypress: t
593.1782 	DATA 	Keypress: t
593.3056 	EXP 	Display Frame 1
593.4299 	EXP 	Display Frame 0
593.5550 	EXP 	Display Frame 1
593.6798 	EXP 	Display Frame 0
593.8049 	EXP 	Display Frame 1
593.9298 	EXP 	Display Frame 0
594.0549 	EXP 	Display Frame 1
594.1799 	EXP 	Display Frame 0
594.3049 	EXP 	Display Frame 1
594.4300 	EXP 	Display Frame 0
594.5551 	EXP 	Display Frame 1
594.6799 	EXP 	Display Frame 0
594.8049 	EXP 	Display Frame 1
594.9298 	EXP 	Display Frame 0
595.0548 	EXP 	Display Frame 1
595.1799 	EXP 	Display Frame 0
595.3049 	EXP 	Display Frame 1
595.4300 	EXP 	Display Frame 0
595.5549 	EXP 	Display Frame 1
595.6800 	EXP 	Display Frame 0
595.8050 	DATA 	Keypress: t
595.8066 	EXP 	Display Frame 1
595.9297 	EXP 	Display Frame 0
596.0552 	EXP 	Display Frame 1
596.1799 	EXP 	Display Frame 0
596.3048 	EXP 	Display Frame 1
596.4300 	EXP 	Display Frame 0
596.5551 	EXP 	Display Frame 1
596.6799 	EXP 	Display Frame 0
596.8049 	EXP 	Display Frame 1
596.9298 	EXP 	Display Frame 0
597.0548 	EXP 	Display Frame 1
597.1799 	EXP 	Display Frame 0
597.3049 	EXP 	Display Frame 1
597.4300 	EXP 	Display Frame 0
597.5550 	EXP 	Display Frame 1
597.6799 	EXP 	Display Frame 0
597.8048 	EXP 	Display Frame 1
597.9298 	EXP 	Display Frame 0
598.0548 	EXP 	Display Frame 1
598.1799 	EXP 	Display Frame 0
598.3046 	DATA 	Keypress: t
598.3061 	EXP 	Display Frame 1
598.4299 	EXP 	Display Frame 0
598.5550 	EXP 	Display Frame 1
598.6799 	EXP 	Display Frame 0
598.8049 	EXP 	Display Frame 1
598.9299 	EXP 	Display Frame 0
599.0548 	EXP 	Display Frame 1
599.1800 	EXP 	Display Frame 0
599.3049 	EXP 	Display Frame 1
599.4300 	EXP 	Display Frame 0
599.5551 	EXP 	Display Frame 1
599.6798 	EXP 	Display Frame 0
599.8049 	EXP 	Display Frame 1
599.9297 	EXP 	Display Frame 0
600.0548 	EXP 	Display Frame 1
600.1799 	EXP 	Display Frame 0
600.3048 	EXP 	Display Frame 1
600.4300 	EXP 	Display Frame 0
600.5550 	EXP 	Display Frame 1
600.6799 	EXP 	Display Frame 0
600.8049 	EXP 	Display Frame 1
600.9292 	DATA 	Keypress: t
600.9308 	EXP 	Display Frame 0
601.0547 	EXP 	Display Frame 1
601.1799 	EXP 	Display Frame 0
601.3049 	EXP 	Display Frame 1
601.4301 	EXP 	Display Frame 0
601.5551 	EXP 	Display Frame 1
601.6796 	EXP 	Display Frame 0
601.8048 	EXP 	Display Frame 1
601.9298 	EXP 	Display Frame 0
602.0548 	EXP 	Display Frame 1
602.1799 	EXP 	Display Frame 0
602.3049 	EXP 	Display Frame 1
602.4300 	EXP 	Display Frame 0
602.5549 	EXP 	Display Frame 1
602.6799 	EXP 	Display Frame 0
602.8049 	EXP 	Display Frame 1
602.9307 	EXP 	Display Frame 0
603.0549 	EXP 	Display Frame 1
603.1800 	EXP 	Display Frame 0
603.3048 	EXP 	Display Frame 1
603.4297 	DATA 	Keypress: t
603.4317 	EXP 	Display Frame 0
603.5547 	EXP 	Display Frame 1
603.6800 	EXP 	Display Frame 0
603.8049 	EXP 	Display Frame 1
603.9298 	EXP 	Display Frame 0
604.0549 	EXP 	Display Frame 1
604.1799 	EXP 	Display Frame 0
604.3049 	EXP 	Display Frame 1
604.4301 	EXP 	Display Frame 0
604.5552 	EXP 	Display Frame 1
604.6798 	EXP 	Display Frame 0
604.8049 	EXP 	Display Frame 1
604.9298 	EXP 	Display Frame 0
605.0549 	EXP 	Display Frame 1
605.1799 	EXP 	Display Frame 0
605.3049 	EXP 	Display Frame 1
605.4300 	EXP 	Display Frame 0
605.5551 	EXP 	Display Frame 1
605.6799 	EXP 	Display Frame 0
605.8049 	EXP 	Display Frame 1
605.9294 	DATA 	Keypress: t
605.9309 	EXP 	Display Frame 0
606.0549 	EXP 	Display Frame 1
606.1798 	EXP 	Display Frame 0
606.3048 	EXP 	Display Frame 1
606.4301 	EXP 	Display Frame 0
606.5551 	EXP 	Display Frame 1
606.6798 	EXP 	Display Frame 0
606.8049 	EXP 	Display Frame 1
606.9298 	EXP 	Display Frame 0
607.0548 	EXP 	Display Frame 1
607.1798 	EXP 	Display Frame 0
607.3048 	EXP 	Display Frame 1
607.4300 	EXP 	Display Frame 0
607.5550 	EXP 	Display Frame 1
607.6799 	EXP 	Display Frame 0
607.8049 	EXP 	Display Frame 1
607.9299 	EXP 	Display Frame 0
608.0548 	EXP 	Display Frame 1
608.1800 	EXP 	Display Frame 0
608.3049 	EXP 	Display Frame 1
608.4300 	EXP 	Display Frame 0
608.5549 	DATA 	Keypress: t
608.5569 	EXP 	Display Frame 1
608.6798 	EXP 	Display Frame 0
608.8048 	EXP 	Display Frame 1
608.9298 	EXP 	Display Frame 0
609.0548 	EXP 	Display Frame 1
609.1799 	EXP 	Display Frame 0
609.3049 	EXP 	Display Frame 1
609.4300 	EXP 	Display Frame 0
609.5551 	EXP 	Display Frame 1
609.6799 	EXP 	Display Frame 0
609.8049 	EXP 	Display Frame 1
609.9301 	EXP 	Display Frame 0
610.0549 	EXP 	Display Frame 1
610.1799 	EXP 	Display Frame 0
610.3049 	EXP 	Display Frame 1
610.4300 	EXP 	Display Frame 0
610.5551 	EXP 	Display Frame 1
610.6799 	EXP 	Display Frame 0
610.8048 	EXP 	Display Frame 1
610.9298 	EXP 	Display Frame 0
611.0548 	DATA 	Keypress: t
611.0565 	EXP 	Display Frame 1
611.1797 	EXP 	Display Frame 0
611.3049 	EXP 	Display Frame 1
611.4300 	EXP 	Display Frame 0
611.5550 	EXP 	Display Frame 1
611.6799 	EXP 	Display Frame 0
611.8048 	EXP 	Display Frame 1
611.9299 	EXP 	Display Frame 0
612.0549 	EXP 	Display Frame 1
612.1799 	EXP 	Display Frame 0
612.3049 	EXP 	Display Frame 1
612.4300 	EXP 	Display Frame 0
612.5550 	EXP 	Display Frame 1
612.6799 	EXP 	Display Frame 0
612.8049 	EXP 	Display Frame 1
612.9297 	EXP 	Display Frame 0
613.0548 	EXP 	Display Frame 1
613.1799 	EXP 	Display Frame 0
613.3049 	EXP 	Display Frame 1
613.4300 	EXP 	Display Frame 0
613.5550 	EXP 	Display Frame 1
613.5561 	DATA 	Keypress: t
613.6801 	EXP 	Display Frame 0
613.8048 	EXP 	Display Frame 1
613.9298 	EXP 	Display Frame 0
614.0548 	EXP 	Display Frame 1
614.1799 	EXP 	Display Frame 0
614.3049 	EXP 	Display Frame 1
614.4300 	EXP 	Display Frame 0
614.5550 	EXP 	Display Frame 1
614.6799 	EXP 	Display Frame 0
614.8049 	EXP 	Display Frame 1
614.9298 	EXP 	Display Frame 0
615.0548 	EXP 	Display Frame 1
615.1799 	EXP 	Display Frame 0
615.3049 	EXP 	Display Frame 1
615.4300 	EXP 	Display Frame 0
615.5551 	EXP 	Display Frame 1
615.6799 	EXP 	Display Frame 0
615.8049 	EXP 	Display Frame 1
615.9298 	EXP 	Display Frame 0
616.0548 	EXP 	Display Frame 1
616.1792 	DATA 	Keypress: t
616.1810 	EXP 	Display Frame 0
616.3047 	EXP 	Display Frame 1
616.4300 	EXP 	Display Frame 0
616.5550 	EXP 	Display Frame 1
616.6799 	EXP 	Display Frame 0
616.8052 	EXP 	Display Frame 1
616.9298 	EXP 	Display Frame 0
617.0550 	EXP 	Display Frame 1
617.1799 	EXP 	Display Frame 0
617.3049 	EXP 	Display Frame 1
617.4300 	EXP 	Display Frame 0
617.5550 	EXP 	Display Frame 1
617.6799 	EXP 	Display Frame 0
617.8049 	EXP 	Display Frame 1
617.9298 	EXP 	Display Frame 0
618.0549 	EXP 	Display Frame 1
618.1799 	EXP 	Display Frame 0
618.3049 	EXP 	Display Frame 1
618.4301 	EXP 	Display Frame 0
618.5551 	EXP 	Display Frame 1
618.6799 	DATA 	Keypress: t
618.6818 	EXP 	Display Frame 0
618.8048 	EXP 	Display Frame 1
618.9298 	EXP 	Display Frame 0
619.0548 	EXP 	Display Frame 1
619.1799 	EXP 	Display Frame 0
619.3049 	EXP 	Display Frame 1
619.4301 	EXP 	Display Frame 0
619.5550 	EXP 	Display Frame 1
619.6799 	EXP 	Display Frame 0
619.8049 	EXP 	Display Frame 1
619.9298 	EXP 	Display Frame 0
620.0548 	EXP 	Display Frame 1
620.1799 	EXP 	Display Frame 0
620.3049 	EXP 	Display Frame 1
620.4300 	EXP 	Display Frame 0
620.5550 	EXP 	Display Frame 1
620.6799 	EXP 	Display Frame 0
620.8049 	EXP 	Display Frame 1
620.9298 	EXP 	Display Frame 0
621.0548 	EXP 	Display Frame 1
621.1799 	EXP 	Display Frame 0
621.3043 	DATA 	Keypress: t
621.3061 	EXP 	Display Frame 1
621.4299 	EXP 	Display Frame 0
621.5550 	EXP 	Display Frame 1
621.6799 	EXP 	Display Frame 0
621.8049 	EXP 	Display Frame 1
621.9298 	EXP 	Display Frame 0
622.0548 	EXP 	Display Frame 1
622.1799 	EXP 	Display Frame 0
622.3049 	EXP 	Display Frame 1
622.4300 	EXP 	Display Frame 0
622.5550 	EXP 	Display Frame 1
622.6799 	EXP 	Display Frame 0
622.8049 	EXP 	Display Frame 1
622.9298 	EXP 	Display Frame 0
623.0548 	EXP 	Display Frame 1
623.1799 	EXP 	Display Frame 0
623.3049 	EXP 	Display Frame 1
623.4301 	EXP 	Display Frame 0
623.5550 	EXP 	Display Frame 1
623.6801 	EXP 	Display Frame 0
623.8043 	DATA 	Keypress: t
623.8060 	EXP 	Display Frame 1
623.8193 	EXP 	Display Fixation
626.2890 	DATA 	Keypress: t
628.8364 	DATA 	Keypress: t
631.3834 	DATA 	Keypress: t
633.9302 	DATA 	Keypress: t
636.4769 	DATA 	Keypress: t
639.0245 	DATA 	Keypress: t
641.5710 	DATA 	Keypress: t
644.1179 	DATA 	Keypress: t
646.6654 	DATA 	Keypress: t
649.2120 	DATA 	Keypress: t
651.7595 	DATA 	Keypress: t
654.3060 	DATA 	Keypress: t
654.4333 	EXP 	Display Frame 1
654.5577 	EXP 	Display Frame 0
654.6824 	EXP 	Display Frame 1
654.8075 	EXP 	Display Frame 0
654.9325 	EXP 	Display Frame 1
655.0575 	EXP 	Display Frame 0
655.1825 	EXP 	Display Frame 1
655.3075 	EXP 	Display Frame 0
655.4325 	EXP 	Display Frame 1
655.5574 	EXP 	Display Frame 0
655.6825 	EXP 	Display Frame 1
655.8075 	EXP 	Display Frame 0
655.9324 	EXP 	Display Frame 1
656.0575 	EXP 	Display Frame 0
656.1826 	EXP 	Display Frame 1
656.3076 	EXP 	Display Frame 0
656.4325 	EXP 	Display Frame 1
656.5575 	EXP 	Display Frame 0
656.6826 	EXP 	Display Frame 1
656.8076 	EXP 	Display Frame 0
656.9325 	DATA 	Keypress: t
656.9344 	EXP 	Display Frame 1
657.0574 	EXP 	Display Frame 0
657.1826 	EXP 	Display Frame 1
657.3075 	EXP 	Display Frame 0
657.4324 	EXP 	Display Frame 1
657.5576 	EXP 	Display Frame 0
657.6826 	EXP 	Display Frame 1
657.8076 	EXP 	Display Frame 0
657.9324 	EXP 	Display Frame 1
658.0575 	EXP 	Display Frame 0
658.1830 	EXP 	Display Frame 1
658.3084 	EXP 	Display Frame 0
658.4325 	EXP 	Display Frame 1
658.5575 	EXP 	Display Frame 0
658.6825 	EXP 	Display Frame 1
658.8076 	EXP 	Display Frame 0
658.9325 	EXP 	Display Frame 1
659.0575 	EXP 	Display Frame 0
659.1826 	EXP 	Display Frame 1
659.3077 	EXP 	Display Frame 0
659.4326 	DATA 	Keypress: t
659.4345 	EXP 	Display Frame 1
659.5573 	EXP 	Display Frame 0
659.6825 	EXP 	Display Frame 1
659.8076 	EXP 	Display Frame 0
659.9325 	EXP 	Display Frame 1
660.0577 	EXP 	Display Frame 0
660.1826 	EXP 	Display Frame 1
660.3073 	EXP 	Display Frame 0
660.4327 	EXP 	Display Frame 1
660.5575 	EXP 	Display Frame 0
660.6826 	EXP 	Display Frame 1
660.8076 	EXP 	Display Frame 0
660.9325 	EXP 	Display Frame 1
661.0575 	EXP 	Display Frame 0
661.1826 	EXP 	Display Frame 1
661.3076 	EXP 	Display Frame 0
661.4325 	EXP 	Display Frame 1
661.5575 	EXP 	Display Frame 0
661.6826 	EXP 	Display Frame 1
661.8076 	EXP 	Display Frame 0
661.9325 	EXP 	Display Frame 1
662.0576 	DATA 	Keypress: t
662.0592 	EXP 	Display Frame 0
662.1824 	EXP 	Display Frame 1
662.3075 	EXP 	Display Frame 0
662.4325 	EXP 	Display Frame 1
662.5575 	EXP 	Display Frame 0
662.6826 	EXP 	Display Frame 1
662.8076 	EXP 	Display Frame 0
662.9325 	EXP 	Display Frame 1
663.0575 	EXP 	Display Frame 0
663.1826 	EXP 	Display Frame 1
663.3076 	EXP 	Display Frame 0
663.4325 	EXP 	Display Frame 1
663.5575 	EXP 	Display Frame 0
663.6826 	EXP 	Display Frame 1
663.8073 	EXP 	Display Frame 0
663.9326 	EXP 	Display Frame 1
664.0574 	EXP 	Display Frame 0
664.1825 	EXP 	Display Frame 1
664.3076 	EXP 	Display Frame 0
664.4325 	EXP 	Display Frame 1
664.5576 	DATA 	Keypress: t
664.5594 	EXP 	Display Frame 0
664.6825 	EXP 	Display Frame 1
664.8075 	EXP 	Display Frame 0
664.9324 	EXP 	Display Frame 1
665.0575 	EXP 	Display Frame 0
665.1828 	EXP 	Display Frame 1
665.3079 	EXP 	Display Frame 0
665.4327 	EXP 	Display Frame 1
665.5576 	EXP 	Display Frame 0
665.6826 	EXP 	Display Frame 1
665.8076 	EXP 	Display Frame 0
665.9325 	EXP 	Display Frame 1
666.0577 	EXP 	Display Frame 0
666.1826 	EXP 	Display Frame 1
666.3076 	EXP 	Display Frame 0
666.4324 	EXP 	Display Frame 1
666.5575 	EXP 	Display Frame 0
666.6825 	EXP 	Display Frame 1
666.8076 	EXP 	Display Frame 0
666.9325 	EXP 	Display Frame 1
667.0576 	DATA 	Keypress: t
667.0592 	EXP 	Display Frame 0
667.1827 	EXP 	Display Frame 1
667.3074 	EXP 	Display Frame 0
667.4325 	EXP 	Display Frame 1
667.5575 	EXP 	Display Frame 0
667.6826 	EXP 	Display Frame 1
667.8076 	EXP 	Display Frame 0
667.9325 	EXP 	Display Frame 1
668.0575 	EXP 	Display Frame 0
668.1826 	EXP 	Display Frame 1
668.3076 	EXP 	Display Frame 0
668.4325 	EXP 	Display Frame 1
668.5575 	EXP 	Display Frame 0
668.6826 	EXP 	Display Frame 1
668.8076 	EXP 	Display Frame 0
668.9325 	EXP 	Display Frame 1
669.0575 	EXP 	Display Frame 0
669.1826 	EXP 	Display Frame 1
669.3076 	EXP 	Display Frame 0
669.4325 	EXP 	Display Frame 1
669.5575 	EXP 	Display Frame 0
669.6820 	DATA 	Keypress: t
669.6839 	EXP 	Display Frame 1
669.8077 	EXP 	Display Frame 0
669.9326 	EXP 	Display Frame 1
670.0575 	EXP 	Display Frame 0
670.1826 	EXP 	Display Frame 1
670.3076 	EXP 	Display Frame 0
670.4324 	EXP 	Display Frame 1
670.5575 	EXP 	Display Frame 0
670.6826 	EXP 	Display Frame 1
670.8075 	EXP 	Display Frame 0
670.9325 	EXP 	Display Frame 1
671.0575 	EXP 	Display Frame 0
671.1825 	EXP 	Display Frame 1
671.3075 	EXP 	Display Frame 0
671.4325 	EXP 	Display Frame 1
671.5575 	EXP 	Display Frame 0
671.6826 	EXP 	Display Frame 1
671.8076 	EXP 	Display Frame 0
671.9325 	EXP 	Display Frame 1
672.0575 	EXP 	Display Frame 0
672.1823 	DATA 	Keypress: t
672.1843 	EXP 	Display Frame 1
672.3075 	EXP 	Display Frame 0
672.4325 	EXP 	Display Frame 1
672.5575 	EXP 	Display Frame 0
672.6826 	EXP 	Display Frame 1
672.8076 	EXP 	Display Frame 0
672.9325 	EXP 	Display Frame 1
673.0575 	EXP 	Display Frame 0
673.1826 	EXP 	Display Frame 1
673.3076 	EXP 	Display Frame 0
673.4325 	EXP 	Display Frame 1
673.5575 	EXP 	Display Frame 0
673.6827 	EXP 	Display Frame 1
673.8076 	EXP 	Display Frame 0
673.9325 	EXP 	Display Frame 1
674.0575 	EXP 	Display Frame 0
674.1826 	EXP 	Display Frame 1
674.3074 	EXP 	Display Frame 0
674.4325 	EXP 	Display Frame 1
674.5574 	EXP 	Display Frame 0
674.6826 	EXP 	Display Frame 1
674.8075 	DATA 	Keypress: t
674.8094 	EXP 	Display Frame 0
674.9324 	EXP 	Display Frame 1
675.0575 	EXP 	Display Frame 0
675.1826 	EXP 	Display Frame 1
675.3075 	EXP 	Display Frame 0
675.4325 	EXP 	Display Frame 1
675.5575 	EXP 	Display Frame 0
675.6826 	EXP 	Display Frame 1
675.8076 	EXP 	Display Frame 0
675.9325 	EXP 	Display Frame 1
676.0575 	EXP 	Display Frame 0
676.1826 	EXP 	Display Frame 1
676.3073 	EXP 	Display Frame 0
676.4326 	EXP 	Display Frame 1
676.5574 	EXP 	Display Frame 0
676.6826 	EXP 	Display Frame 1
676.8076 	EXP 	Display Frame 0
676.9326 	EXP 	Display Frame 1
677.0575 	EXP 	Display Frame 0
677.1826 	EXP 	Display Frame 1
677.3075 	DATA 	Keypress: t
677.3093 	EXP 	Display Frame 0
677.4324 	EXP 	Display Frame 1
677.5574 	EXP 	Display Frame 0
677.6826 	EXP 	Display Frame 1
677.8076 	EXP 	Display Frame 0
677.9325 	EXP 	Display Frame 1
678.0575 	EXP 	Display Frame 0
678.1826 	EXP 	Display Frame 1
678.3076 	EXP 	Display Frame 0
678.4325 	EXP 	Display Frame 1
678.5586 	EXP 	Display Frame 0
678.6825 	EXP 	Display Frame 1
678.8074 	EXP 	Display Frame 0
678.9324 	EXP 	Display Frame 1
679.0575 	EXP 	Display Frame 0
679.1826 	EXP 	Display Frame 1
679.3076 	EXP 	Display Frame 0
679.4325 	EXP 	Display Frame 1
679.5575 	EXP 	Display Frame 0
679.6825 	EXP 	Display Frame 1
679.8077 	DATA 	Keypress: t
679.8097 	EXP 	Display Frame 0
679.9324 	EXP 	Display Frame 1
680.0574 	EXP 	Display Frame 0
680.1826 	EXP 	Display Frame 1
680.3075 	EXP 	Display Frame 0
680.4325 	EXP 	Display Frame 1
680.5576 	EXP 	Display Frame 0
680.6825 	EXP 	Display Frame 1
680.8076 	EXP 	Display Frame 0
680.9325 	EXP 	Display Frame 1
681.0575 	EXP 	Display Frame 0
681.1826 	EXP 	Display Frame 1
681.3076 	EXP 	Display Frame 0
681.4325 	EXP 	Display Frame 1
681.5575 	EXP 	Display Frame 0
681.6823 	EXP 	Display Frame 1
681.8076 	EXP 	Display Frame 0
681.9324 	EXP 	Display Frame 1
682.0575 	EXP 	Display Frame 0
682.1826 	EXP 	Display Frame 1
682.3076 	EXP 	Display Frame 0
682.4323 	DATA 	Keypress: t
682.4341 	EXP 	Display Frame 1
682.5574 	EXP 	Display Frame 0
682.6825 	EXP 	Display Frame 1
682.8076 	EXP 	Display Frame 0
682.9325 	EXP 	Display Frame 1
683.0574 	EXP 	Display Frame 0
683.1825 	EXP 	Display Frame 1
683.3075 	EXP 	Display Frame 0
683.4324 	EXP 	Display Frame 1
683.5576 	EXP 	Display Frame 0
683.6826 	EXP 	Display Frame 1
683.8076 	EXP 	Display Frame 0
683.9324 	EXP 	Display Frame 1
684.0575 	EXP 	Display Frame 0
684.1826 	EXP 	Display Frame 1
684.3076 	EXP 	Display Frame 0
684.4324 	EXP 	Display Frame 1
684.5575 	EXP 	Display Frame 0
684.6826 	EXP 	Display Frame 1
684.8076 	EXP 	Display Frame 0
684.9325 	DATA 	Keypress: t
684.9344 	EXP 	Display Frame 1
684.9389 	EXP 	Display Fixation
687.4177 	DATA 	Keypress: t
691.8320 	DATA 	Keypress: q
691.8495 	EXP 	topMsg: height = 0.1
691.8495 	EXP 	topMsg: height = 0.1
691.8495 	EXP 	topMsg: text = "Thank you very much! \n\nThat's it with the tapping"
691.8495 	EXP 	bottomMsg: height = 0.1
691.8495 	EXP 	bottomMsg: height = 0.1
691.8495 	EXP 	bottomMsg: text = "Please relax for the ramaining time \n\n Press 'q' or 'escape' to end the session."
691.8495 	EXP 	Display TheEnd
692.5633 	DATA 	Keypress: q
692.6413 	EXP 	win: mouseVisible = True
