0.9800 	WARNING 	We strongly recommend you activate the PTB sound engine in PsychoPy prefs as the preferred audio engine. Its timing is vastly superior. Your prefs are currently set to use ['sounddevice', 'PTB', 'pyo', 'pygame'] (in that order).
7.5614 	INFO 	---START PARAMETERS---
7.5614 	INFO 	filename: TappingWithTrTiming_Movie_d3.py-1tt-59-Mar_08_0855
7.5615 	INFO 	subject: 1tt
7.5615 	INFO 	session: 59
7.5615 	INFO 	date: Mar_08_0855
7.5615 	INFO 	blockDur_TRs: 10
7.5615 	INFO 	condition: vis
7.5615 	INFO 	fixCrossPos: [0, 0]
7.5616 	INFO 	fixCrossSize: 100
7.5616 	INFO 	fullScreen: True
7.5616 	INFO 	movieFolder: Images/
7.5616 	INFO 	movieSize: (1600, 1000)
7.5616 	INFO 	nBlocks: 68
7.5616 	INFO 	promptDir: Text/
7.5616 	INFO 	restDur_TRs: 10
7.5616 	INFO 	screenColor: (128, 128, 128)
7.5616 	INFO 	screenToShow: 0
7.5616 	INFO 	skipPrompts: False
7.5616 	INFO 	tStartup_TRs: 0
7.5616 	INFO 	textHeight: 40
7.5616 	INFO 	triggerKey: t
7.5616 	INFO 	---END PARAMETERS---
8.6305 	INFO 	Loaded monitor calibration from ['2022_03_25 08:03']
10.6187 	WARNING 	Couldn't measure a consistent frame rate!
  - Is your graphics card set to sync to vertical blank?
  - Are you running other processes on your computer?

10.6194 	EXP 	Created win = Window(allowGUI=False, allowStencil=False, autoLog=True, backendConf=UNKNOWN, bitsMode=UNKNOWN, blendMode='avg', bpc=(8, 8, 8), color=array([128, 128, 128]), colorSpace='rgb255', depthBits=8, fullscr=<method-wrapper '__getattribute__' of attributeSetter object at 0x7f8641d06670>, gamma=None, gammaErrorPolicy='raise', lms=UNKNOWN, monitor=<psychopy.monitors.calibTools.Monitor object at 0x7f86e1eed9a0>, multiSample=False, name='win', numSamples=2, pos=[480.0, 270.0], screen=0, size=array([3840, 2160]), stencilBits=0, stereo=False, units='deg', useFBO=False, useRetina=True, viewOri=0.0, viewPos=None, viewScale=None, waitBlanking=True, winType='pyglet')
10.6198 	EXP 	win: mouseVisible = True
10.6272 	EXP 	Created fixCross = ShapeStim(__class__=<class 'psychopy.visual.shape.ShapeStim'>, anchor=('center', 'center'), autoDraw=False, autoLog=True, closeShape=False, color=method-wrapper(...), colorSpace='rgb', contrast=None, depth=0, fillColor=array([0, 0, 0]), fillColorSpace='rgb', fillRGB=array([0, 0, 0]), interpolate=True, lineColor=array([-1., -1., -1.]), lineColorSpace='rgb', lineRGB=array([-1., -1., -1.]), lineWidth=3.0, name='fixCross', opacity=0.5, ori=0.0, pos=array([0., 0.]), size=array([1., 1.]), units='pix', vertices=ndarray(...), win=Window(...), windingRule=None)
10.6279 	WARNING 	TextStim.alignHoriz is deprecated. Use alignText and anchorHoriz attributes instead
10.6603 	EXP 	Created topMsg = TextStim(__class__=<class 'psychopy.visual.text.TextStim'>, alignHoriz='center', alignText='center', alignVert=method-wrapper(...), anchorHoriz='center', anchorVert='center', antialias=True, autoLog=True, bold=False, color=array([-1., -1., -1.]), colorSpace='rgb', contrast=1.0, depth=0, flipHoriz=False, flipVert=False, font='', fontFiles=[], height=0.1, italic=False, languageStyle='LTR', name='topMsg', opacity=1.0, ori=0.0, pos=array([0. , 0.5]), rgb=UNKNOWN, text='aaa', units='norm', win=Window(...), wrapWidth=1.5)
10.6604 	WARNING 	TextStim.alignHoriz is deprecated. Use alignText and anchorHoriz attributes instead
10.6632 	EXP 	Created bottomMsg = TextStim(__class__=<class 'psychopy.visual.text.TextStim'>, alignHoriz='center', alignText='center', alignVert=method-wrapper(...), anchorHoriz='center', anchorVert='center', antialias=True, autoLog=True, bold=False, color=array([-1., -1., -1.]), colorSpace='rgb', contrast=1.0, depth=0, flipHoriz=False, flipVert=False, font='', fontFiles=[], height=0.1, italic=False, languageStyle='LTR', name='bottomMsg', opacity=1.0, ori=0.0, pos=array([ 0. , -0.5]), rgb=UNKNOWN, text='bbb', units='norm', win=Window(...), wrapWidth=1.5)
10.6929 	EXP 	Created Movie Frame 0 = ImageStim(__class__=<class 'psychopy.visual.image.ImageStim'>, anchor=('center', 'center'), autoLog=True, color=array([1., 1., 1.]), colorSpace='rgb', contrast=1.0, depth=0, flipHoriz=False, flipVert=False, image='Images/visual_0.png', interpolate=False, mask=None, maskParams=None, name='Movie Frame 0', opacity=1, ori=0.0, pos=array([0., 0.]), size=array([1600., 1000.]), texRes=128, units='pix', win=Window(...))
10.7062 	EXP 	Created Movie Frame 1 = ImageStim(__class__=<class 'psychopy.visual.image.ImageStim'>, anchor=('center', 'center'), autoLog=True, color=array([1., 1., 1.]), colorSpace='rgb', contrast=1.0, depth=0, flipHoriz=False, flipVert=False, image='Images/visual_1.png', interpolate=False, mask=None, maskParams=None, name='Movie Frame 1', opacity=1, ori=0.0, pos=array([0., 0.]), size=array([1600., 1000.]), texRes=128, units='pix', win=Window(...))
10.7135 	EXP 	Created unnamed TextStim = TextStim(__class__=<class 'psychopy.visual.text.TextStim'>, alignHoriz=method-wrapper(...), alignText='center', alignVert=method-wrapper(...), anchorHoriz='center', anchorVert='center', antialias=True, autoLog=True, bold=False, color=array([-1., -1., -1.]), colorSpace='rgb', contrast=1.0, depth=0, flipHoriz=False, flipVert=False, font='', fontFiles=[], height=40.0, italic=False, languageStyle='LTR', name='unnamed TextStim', opacity=1.0, ori=0.0, pos=array([  0., 580.]), rgb=UNKNOWN, text='look at the center', units='pix', win=Window(...), wrapWidth=1600)
10.7319 	WARNING 	t of last frame was 113.36ms (=1/8)
10.7319 	EXP 	topMsg: height = 0.1
10.7319 	EXP 	topMsg: height = 0.1
10.7319 	EXP 	topMsg: text = 'You will see a flickering checkerboard. When it is on the screen, try to fixate the center of the checkerboard. When the fixation cross appears, relax and stare at the cross.'
10.7319 	EXP 	bottomMsg: height = 0.1
10.7319 	EXP 	bottomMsg: height = 0.1
10.7319 	EXP 	bottomMsg: text = 'The experiment will begin shortly'
10.7319 	EXP 	Display Instructions1
47.5560 	DATA 	Keypress: t
47.5657 	WARNING 	t of last frame was 36833.86ms (=1/0)
47.5657 	EXP 	topMsg: height = 0.1
47.5657 	EXP 	topMsg: height = 0.1
47.5657 	EXP 	topMsg: text = "Please don't move..."
47.5657 	EXP 	bottomMsg: height = 0.1
47.5657 	EXP 	bottomMsg: height = 0.1
47.5657 	EXP 	bottomMsg: text = ''
47.5657 	EXP 	PleaseDontMove
47.6958 	DATA 	Keypress: t
47.6993 	WARNING 	t of last frame was 133.60ms (=1/7)
47.6993 	EXP 	Display Fixation
47.6994 	EXP 	---START EXPERIMENT---
47.7009 	EXP 	Display Fixation
47.8169 	DATA 	Keypress: t
47.9327 	DATA 	Keypress: t
48.0460 	DATA 	Keypress: t
48.1667 	DATA 	Keypress: t
48.2879 	DATA 	Keypress: t
48.4046 	DATA 	Keypress: t
48.4953 	DATA 	Keypress: t
48.6452 	DATA 	Keypress: t
48.7827 	DATA 	Keypress: t
48.9288 	DATA 	Keypress: t
48.9315 	WARNING 	t of last frame was 1230.57ms (=1/0)
49.0549 	DATA 	Keypress: t
49.0577 	WARNING 	Multiple dropped frames have occurred - I'll stop bothering you about them!
49.0576 	EXP 	Display Frame 1
49.1798 	DATA 	Keypress: t
49.1824 	EXP 	Display Frame 0
49.3047 	DATA 	Keypress: t
49.3071 	EXP 	Display Frame 1
49.4317 	EXP 	Display Frame 0
49.5565 	EXP 	Display Frame 1
49.6818 	EXP 	Display Frame 0
49.8067 	EXP 	Display Frame 1
49.9317 	EXP 	Display Frame 0
50.0566 	EXP 	Display Frame 1
50.1802 	DATA 	Keypress: tab
50.1834 	EXP 	Display Frame 0
50.3064 	EXP 	Display Frame 1
50.4314 	EXP 	Display Frame 0
50.5566 	EXP 	Display Frame 1
50.6799 	DATA 	Keypress: q
50.6830 	EXP 	Display Frame 0
50.6931 	EXP 	topMsg: height = 0.1
50.6931 	EXP 	topMsg: height = 0.1
50.6931 	EXP 	topMsg: text = "Thank you very much! \n\nThat's it with the tapping"
50.6931 	EXP 	bottomMsg: height = 0.1
50.6931 	EXP 	bottomMsg: height = 0.1
50.6931 	EXP 	bottomMsg: text = "Please relax for the ramaining time \n\n Press 'q' or 'escape' to end the session."
50.6931 	EXP 	Display TheEnd
51.9674 	DATA 	Keypress: escape
52.0431 	EXP 	win: mouseVisible = True
