5.7942 	INFO 	---START PARAMETERS---
5.7942 	INFO 	filename: TappingWithTrTiming_Movie_d3.py-1-25-Jul_29_1444
5.7942 	INFO 	subject: 1
5.7942 	INFO 	session: 25
5.7942 	INFO 	date: Jul_29_1444
5.7942 	INFO 	blockDur_TRs: 12
5.7942 	INFO 	condition: TapLeft
5.7942 	INFO 	fixCrossPos: [0, 0]
5.7942 	INFO 	fixCrossSize: 100
5.7942 	INFO 	fullScreen: True
5.7942 	INFO 	movieFolder: Images/
5.7942 	INFO 	movieSize: (800, 500)
5.7942 	INFO 	nBlocks: 48
5.7942 	INFO 	promptDir: Text/
5.7942 	INFO 	restDur_TRs: 12
5.7942 	INFO 	screenColor: (128, 128, 128)
5.7942 	INFO 	screenToShow: 0
5.7942 	INFO 	skipPrompts: False
5.7942 	INFO 	tStartup_TRs: 0
5.7942 	INFO 	textHeight: 40
5.7942 	INFO 	triggerKey: t
5.7942 	INFO 	---END PARAMETERS---
5.8385 	WARNING 	Movie2 stim could not be imported and won't be available
6.2114 	INFO 	Loaded monitor calibration from ['2019_02_04 16:32']
6.6563 	EXP 	Created win = Window(allowGUI=False, allowStencil=False, autoLog=True, bitsMode=UNKNOWN, blendMode='avg', color=array([ 128.,  128.,  128.]), colorSpace='rgb255', fullscr=UNKNOWN, gamma=None, lms=UNKNOWN, monitor=<psychopy.monitors.calibTools.Monitor instance at 0x12bb1e68>, name='win', pos=[0, 0], screen=0, size=array([1280,  720]), stereo=False, units='deg', useFBO=False, viewOri=0.0, viewPos=None, viewScale=None, waitBlanking=True, winType='pyglet')
6.6581 	EXP 	Created fixCross = ShapeStim(autoDraw=False, autoLog=True, closeShape=False, contrast=1.0, depth=0, fillColor=None, fillColorSpace='rgb', fillRGB=None, interpolate=True, lineColor='#000000', lineColorSpace='hex', lineRGB=array([0, 0, 0]), lineWidth=3.0, name='fixCross', opacity=1.0, ori=array(0.0), pos=array([ 0.,  0.]), size=array([ 1.,  1.]), units='pix', vertices=ndarray(...), win=Window(...))
6.6965 	EXP 	Created topMsg = TextStim(alignHoriz='center', alignVert='center', antialias=True, autoLog=True, bold=False, color='#000000', colorSpace='hex', contrast=1.0, depth=0, flipHoriz=False, flipVert=False, font='', fontFiles=[], height=0.1, italic=False, name='topMsg', opacity=1.0, ori=0.0, pos=array([ 0. ,  0.5]), rgb=array([0, 0, 0]), text=u'aaa', units='norm', win=Window(...), wrapWidth=1.5)
6.6994 	EXP 	Created bottomMsg = TextStim(alignHoriz='center', alignVert='center', antialias=True, autoLog=True, bold=False, color='#000000', colorSpace='hex', contrast=1.0, depth=0, flipHoriz=False, flipVert=False, font='', fontFiles=[], height=0.1, italic=False, name='bottomMsg', opacity=1.0, ori=0.0, pos=array([ 0. , -0.5]), rgb=array([0, 0, 0]), text=u'bbb', units='norm', win=Window(...), wrapWidth=1.5)
6.7233 	EXP 	Created Movie Frame 0 = ImageStim(autoLog=True, color=array([ 1.,  1.,  1.]), colorSpace='rgb', contrast=1.0, depth=0, flipHoriz=False, flipVert=False, image='Images/left_0.png', interpolate=False, mask=None, maskParams=None, name='Movie Frame 0', opacity=1.0, ori=0.0, pos=array([ 0.,  0.]), size=array([ 800.,  500.]), texRes=128, units='pix', win=Window(...))
6.7453 	EXP 	Created Movie Frame 1 = ImageStim(autoLog=True, color=array([ 1.,  1.,  1.]), colorSpace='rgb', contrast=1.0, depth=0, flipHoriz=False, flipVert=False, image='Images/left_1.png', interpolate=False, mask=None, maskParams=None, name='Movie Frame 1', opacity=1.0, ori=0.0, pos=array([ 0.,  0.]), size=array([ 800.,  500.]), texRes=128, units='pix', win=Window(...))
6.7668 	EXP 	Created Movie Frame 2 = ImageStim(autoLog=True, color=array([ 1.,  1.,  1.]), colorSpace='rgb', contrast=1.0, depth=0, flipHoriz=False, flipVert=False, image='Images/left_2.png', interpolate=False, mask=None, maskParams=None, name='Movie Frame 2', opacity=1.0, ori=0.0, pos=array([ 0.,  0.]), size=array([ 800.,  500.]), texRes=128, units='pix', win=Window(...))
6.7884 	EXP 	Created Movie Frame 3 = ImageStim(autoLog=True, color=array([ 1.,  1.,  1.]), colorSpace='rgb', contrast=1.0, depth=0, flipHoriz=False, flipVert=False, image='Images/left_3.png', interpolate=False, mask=None, maskParams=None, name='Movie Frame 3', opacity=1.0, ori=0.0, pos=array([ 0.,  0.]), size=array([ 800.,  500.]), texRes=128, units='pix', win=Window(...))
6.8114 	EXP 	Created Movie Frame 4 = ImageStim(autoLog=True, color=array([ 1.,  1.,  1.]), colorSpace='rgb', contrast=1.0, depth=0, flipHoriz=False, flipVert=False, image='Images/left_4.png', interpolate=False, mask=None, maskParams=None, name='Movie Frame 4', opacity=1.0, ori=0.0, pos=array([ 0.,  0.]), size=array([ 800.,  500.]), texRes=128, units='pix', win=Window(...))
6.8334 	EXP 	Created Movie Frame 5 = ImageStim(autoLog=True, color=array([ 1.,  1.,  1.]), colorSpace='rgb', contrast=1.0, depth=0, flipHoriz=False, flipVert=False, image='Images/left_5.png', interpolate=False, mask=None, maskParams=None, name='Movie Frame 5', opacity=1.0, ori=0.0, pos=array([ 0.,  0.]), size=array([ 800.,  500.]), texRes=128, units='pix', win=Window(...))
6.8552 	EXP 	Created Movie Frame 6 = ImageStim(autoLog=True, color=array([ 1.,  1.,  1.]), colorSpace='rgb', contrast=1.0, depth=0, flipHoriz=False, flipVert=False, image='Images/left_6.png', interpolate=False, mask=None, maskParams=None, name='Movie Frame 6', opacity=1.0, ori=0.0, pos=array([ 0.,  0.]), size=array([ 800.,  500.]), texRes=128, units='pix', win=Window(...))
6.8770 	EXP 	Created Movie Frame 7 = ImageStim(autoLog=True, color=array([ 1.,  1.,  1.]), colorSpace='rgb', contrast=1.0, depth=0, flipHoriz=False, flipVert=False, image='Images/left_7.png', interpolate=False, mask=None, maskParams=None, name='Movie Frame 7', opacity=1.0, ori=0.0, pos=array([ 0.,  0.]), size=array([ 800.,  500.]), texRes=128, units='pix', win=Window(...))
6.8989 	EXP 	Created Movie Frame 8 = ImageStim(autoLog=True, color=array([ 1.,  1.,  1.]), colorSpace='rgb', contrast=1.0, depth=0, flipHoriz=False, flipVert=False, image='Images/left_8.png', interpolate=False, mask=None, maskParams=None, name='Movie Frame 8', opacity=1.0, ori=0.0, pos=array([ 0.,  0.]), size=array([ 800.,  500.]), texRes=128, units='pix', win=Window(...))
6.9214 	EXP 	Created Movie Frame 9 = ImageStim(autoLog=True, color=array([ 1.,  1.,  1.]), colorSpace='rgb', contrast=1.0, depth=0, flipHoriz=False, flipVert=False, image='Images/left_9.png', interpolate=False, mask=None, maskParams=None, name='Movie Frame 9', opacity=1.0, ori=0.0, pos=array([ 0.,  0.]), size=array([ 800.,  500.]), texRes=128, units='pix', win=Window(...))
6.9333 	EXP 	Created unnamed TextStim = TextStim(alignHoriz='center', alignVert='center', antialias=True, autoLog=True, bold=False, color='#000000', colorSpace='hex', contrast=1.0, depth=0, flipHoriz=False, flipVert=False, font='', fontFiles=[], height=40, italic=False, name='unnamed TextStim', opacity=1.0, ori=0.0, pos=array([   0.,  330.]), rgb=array([0, 0, 0]), text=u'Tap along with the video.', units='pix', win=Window(...), wrapWidth=800)
6.9886 	EXP 	topMsg: text = 'You will see a movie of a finger tapping. When it is on the screen, try to use the hand indicated to tap your fingers at the same times as the movie does. When the fixation cross appears, relax and stare at the cross.'
6.9886 	EXP 	bottomMsg: text = 'The experiment will begin shortly'
6.9886 	EXP 	Display Instructions1
7.4751 	DATA 	Keypress: t
7.4873 	EXP 	topMsg: text = "Please don't move..."
7.4873 	EXP 	bottomMsg: text = ''
7.4873 	EXP 	PleaseDontMove
7.6216 	DATA 	Keypress: t
7.6377 	EXP 	Display Fixation
7.6377 	EXP 	---START EXPERIMENT---
7.6547 	EXP 	Display Fixation
7.7746 	DATA 	Keypress: t
7.9203 	DATA 	Keypress: t
8.0493 	DATA 	Keypress: t
8.1783 	DATA 	Keypress: t
8.3103 	DATA 	Keypress: t
8.4525 	DATA 	Keypress: t
8.5876 	DATA 	Keypress: t
8.7273 	DATA 	Keypress: t
8.8623 	DATA 	Keypress: t
8.9906 	DATA 	Keypress: t
9.1162 	DATA 	Keypress: t
9.2444 	DATA 	Keypress: t
9.2883 	EXP 	Display Frame 1
9.3212 	EXP 	Display Frame 2
9.3545 	EXP 	Display Frame 3
9.3878 	EXP 	Display Frame 4
9.4215 	EXP 	Display Frame 5
9.4538 	EXP 	Display Frame 6
9.4882 	EXP 	Display Frame 7
9.5218 	EXP 	Display Frame 8
9.5549 	EXP 	Display Frame 9
9.5883 	EXP 	Display Frame 0
9.6218 	EXP 	Display Frame 1
9.6546 	EXP 	Display Frame 2
9.6884 	EXP 	Display Frame 3
9.7218 	EXP 	Display Frame 4
9.7541 	EXP 	Display Frame 5
9.7880 	EXP 	Display Frame 6
9.8219 	EXP 	Display Frame 7
9.8546 	EXP 	Display Frame 8
9.8885 	EXP 	Display Frame 9
9.9218 	EXP 	Display Frame 0
9.9550 	EXP 	Display Frame 1
9.9880 	EXP 	Display Frame 2
10.0210 	EXP 	Display Frame 3
10.0551 	EXP 	Display Frame 4
10.0885 	EXP 	Display Frame 5
10.1218 	EXP 	Display Frame 6
10.1548 	EXP 	Display Frame 7
10.1885 	EXP 	Display Frame 8
10.2218 	EXP 	Display Frame 9
10.2538 	EXP 	Display Frame 0
10.2881 	EXP 	Display Frame 1
10.3217 	EXP 	Display Frame 2
10.3538 	EXP 	Display Frame 3
10.3883 	EXP 	Display Frame 4
10.4207 	EXP 	Display Frame 5
10.4550 	EXP 	Display Frame 6
10.4884 	EXP 	Display Frame 7
10.5234 	EXP 	Display Frame 8
10.5538 	EXP 	Display Frame 9
10.5880 	EXP 	Display Frame 0
10.6216 	EXP 	Display Frame 1
10.6545 	EXP 	Display Frame 2
10.6880 	EXP 	Display Frame 3
10.7209 	EXP 	Display Frame 4
10.7544 	EXP 	Display Frame 5
10.7877 	EXP 	Display Frame 6
10.8214 	EXP 	Display Frame 7
10.8544 	EXP 	Display Frame 8
10.8872 	EXP 	Display Frame 9
10.9211 	EXP 	Display Frame 0
10.9549 	EXP 	Display Frame 1
10.9876 	EXP 	Display Frame 2
11.0211 	EXP 	Display Frame 3
11.0544 	EXP 	Display Frame 4
11.0886 	EXP 	Display Frame 5
11.1215 	EXP 	Display Frame 6
11.1546 	EXP 	Display Frame 7
11.1883 	EXP 	Display Frame 8
11.2217 	EXP 	Display Frame 9
11.2547 	EXP 	Display Frame 0
11.2881 	EXP 	Display Frame 1
11.3214 	EXP 	Display Frame 2
11.3549 	EXP 	Display Frame 3
11.3878 	EXP 	Display Frame 4
11.4211 	EXP 	Display Frame 5
11.4545 	EXP 	Display Frame 6
11.4877 	EXP 	Display Frame 7
11.5216 	EXP 	Display Frame 8
11.5537 	EXP 	Display Frame 9
11.5879 	EXP 	Display Frame 0
11.6213 	EXP 	Display Frame 1
11.6543 	EXP 	Display Frame 2
11.6881 	EXP 	Display Frame 3
11.7215 	EXP 	Display Frame 4
11.7549 	EXP 	Display Frame 5
11.7881 	EXP 	Display Frame 6
11.8214 	EXP 	Display Frame 7
11.8544 	EXP 	Display Frame 8
11.8882 	EXP 	Display Frame 9
11.9218 	EXP 	Display Frame 0
11.9545 	EXP 	Display Frame 1
11.9882 	EXP 	Display Frame 2
12.0211 	EXP 	Display Frame 3
12.0546 	EXP 	Display Frame 4
12.0877 	EXP 	Display Frame 5
12.1216 	EXP 	Display Frame 6
12.1547 	EXP 	Display Frame 7
12.1881 	EXP 	Display Frame 8
12.2216 	EXP 	Display Frame 9
12.2545 	EXP 	Display Frame 0
12.2877 	EXP 	Display Frame 1
12.3215 	EXP 	Display Frame 2
12.3544 	EXP 	Display Frame 3
12.3879 	EXP 	Display Frame 4
12.4215 	EXP 	Display Frame 5
12.4544 	EXP 	Display Frame 6
12.4876 	EXP 	Display Frame 7
12.5216 	EXP 	Display Frame 8
12.5544 	EXP 	Display Frame 9
12.5879 	EXP 	Display Frame 0
12.6210 	EXP 	Display Frame 1
12.6543 	EXP 	Display Frame 2
12.6868 	EXP 	Display Frame 3
12.7204 	EXP 	Display Frame 4
12.7540 	EXP 	Display Frame 5
12.7878 	EXP 	Display Frame 6
12.8202 	EXP 	Display Frame 7
12.8534 	EXP 	Display Frame 8
12.8878 	EXP 	Display Frame 9
12.9210 	EXP 	Display Frame 0
12.9534 	EXP 	Display Frame 1
12.9873 	EXP 	Display Frame 2
13.0215 	EXP 	Display Frame 3
13.0547 	EXP 	Display Frame 4
13.0882 	EXP 	Display Frame 5
13.1214 	EXP 	Display Frame 6
13.1546 	EXP 	Display Frame 7
13.1882 	EXP 	Display Frame 8
13.2216 	EXP 	Display Frame 9
13.2545 	EXP 	Display Frame 0
13.2880 	EXP 	Display Frame 1
13.3217 	EXP 	Display Frame 2
13.3546 	EXP 	Display Frame 3
13.3873 	EXP 	Display Frame 4
13.4215 	EXP 	Display Frame 5
13.4543 	EXP 	Display Frame 6
13.4881 	EXP 	Display Frame 7
13.5213 	EXP 	Display Frame 8
13.5548 	EXP 	Display Frame 9
13.5879 	EXP 	Display Frame 0
13.6216 	EXP 	Display Frame 1
13.6542 	EXP 	Display Frame 2
13.6880 	EXP 	Display Frame 3
13.7214 	EXP 	Display Frame 4
13.7543 	EXP 	Display Frame 5
13.7877 	EXP 	Display Frame 6
13.8215 	EXP 	Display Frame 7
13.8543 	EXP 	Display Frame 8
13.8880 	EXP 	Display Frame 9
13.9216 	EXP 	Display Frame 0
13.9543 	EXP 	Display Frame 1
13.9880 	EXP 	Display Frame 2
14.0214 	EXP 	Display Frame 3
14.0547 	EXP 	Display Frame 4
14.0872 	EXP 	Display Frame 5
14.1210 	EXP 	Display Frame 6
14.1542 	EXP 	Display Frame 7
14.1879 	EXP 	Display Frame 8
14.2210 	EXP 	Display Frame 9
14.2543 	EXP 	Display Frame 0
14.2875 	EXP 	Display Frame 1
14.3210 	EXP 	Display Frame 2
14.3543 	EXP 	Display Frame 3
14.3877 	EXP 	Display Frame 4
14.4210 	EXP 	Display Frame 5
14.4543 	EXP 	Display Frame 6
14.4883 	EXP 	Display Frame 7
14.5215 	EXP 	Display Frame 8
14.5542 	EXP 	Display Frame 9
14.5878 	EXP 	Display Frame 0
14.6215 	EXP 	Display Frame 1
14.6546 	EXP 	Display Frame 2
14.6880 	EXP 	Display Frame 3
14.7216 	EXP 	Display Frame 4
14.7541 	EXP 	Display Frame 5
14.7871 	EXP 	Display Frame 6
14.8203 	EXP 	Display Frame 7
14.8540 	EXP 	Display Frame 8
14.8872 	EXP 	Display Frame 9
14.9214 	EXP 	Display Frame 0
14.9544 	EXP 	Display Frame 1
14.9883 	EXP 	Display Frame 2
15.0205 	EXP 	Display Frame 3
15.0547 	EXP 	Display Frame 4
15.0870 	EXP 	Display Frame 5
15.1205 	EXP 	Display Frame 6
15.1541 	EXP 	Display Frame 7
15.1875 	EXP 	Display Frame 8
15.2209 	EXP 	Display Frame 9
15.2543 	EXP 	Display Frame 0
15.2876 	EXP 	Display Frame 1
15.3208 	EXP 	Display Frame 2
15.3543 	EXP 	Display Frame 3
15.3880 	EXP 	Display Frame 4
15.4214 	EXP 	Display Frame 5
15.4546 	EXP 	Display Frame 6
15.4877 	EXP 	Display Frame 7
15.5216 	EXP 	Display Frame 8
15.5545 	EXP 	Display Frame 9
15.5873 	EXP 	Display Frame 0
15.6208 	EXP 	Display Frame 1
15.6537 	EXP 	Display Frame 2
15.6884 	EXP 	Display Frame 3
15.7217 	EXP 	Display Frame 4
15.7541 	EXP 	Display Frame 5
15.7876 	EXP 	Display Frame 6
15.8205 	EXP 	Display Frame 7
15.8539 	EXP 	Display Frame 8
15.8869 	EXP 	Display Frame 9
15.9211 	EXP 	Display Frame 0
15.9543 	EXP 	Display Frame 1
15.9906 	EXP 	Display Frame 2
16.0211 	EXP 	Display Frame 3
16.0546 	EXP 	Display Frame 4
16.0874 	EXP 	Display Frame 5
16.1203 	EXP 	Display Frame 6
16.1540 	EXP 	Display Frame 7
16.1913 	EXP 	Display Frame 8
16.2209 	EXP 	Display Frame 9
16.2540 	EXP 	Display Frame 0
16.2883 	EXP 	Display Frame 1
16.3211 	EXP 	Display Frame 2
16.3544 	EXP 	Display Frame 3
16.3875 	EXP 	Display Frame 4
16.4219 	EXP 	Display Frame 5
16.4544 	EXP 	Display Frame 6
16.4881 	EXP 	Display Frame 7
16.5215 	EXP 	Display Frame 8
16.5540 	EXP 	Display Frame 9
16.5879 	EXP 	Display Frame 0
16.6220 	EXP 	Display Frame 1
16.6544 	EXP 	Display Frame 2
16.6880 	EXP 	Display Frame 3
16.7213 	EXP 	Display Frame 4
16.7544 	EXP 	Display Frame 5
16.7879 	EXP 	Display Frame 6
16.8207 	EXP 	Display Frame 7
16.8549 	EXP 	Display Frame 8
16.8873 	EXP 	Display Frame 9
16.9221 	EXP 	Display Frame 0
16.9551 	EXP 	Display Frame 1
16.9886 	EXP 	Display Frame 2
17.0215 	EXP 	Display Frame 3
17.0675 	EXP 	Display Frame 4
17.0915 	EXP 	Display Frame 5
17.1250 	EXP 	Display Frame 6
17.1535 	EXP 	Display Frame 7
17.1878 	EXP 	Display Frame 8
17.2204 	EXP 	Display Frame 9
17.2542 	EXP 	Display Frame 0
17.2867 	EXP 	Display Frame 1
17.3213 	EXP 	Display Frame 2
17.3540 	EXP 	Display Frame 3
17.3876 	EXP 	Display Frame 4
17.4215 	EXP 	Display Frame 5
17.4541 	EXP 	Display Frame 6
17.4878 	EXP 	Display Frame 7
17.5208 	EXP 	Display Frame 8
17.5543 	EXP 	Display Frame 9
17.5880 	EXP 	Display Frame 0
17.6205 	EXP 	Display Frame 1
17.6540 	EXP 	Display Frame 2
17.6868 	EXP 	Display Frame 3
17.7209 	EXP 	Display Frame 4
17.7542 	EXP 	Display Frame 5
17.7871 	EXP 	Display Frame 6
17.8213 	EXP 	Display Frame 7
17.8540 	EXP 	Display Frame 8
17.8876 	EXP 	Display Frame 9
17.9211 	EXP 	Display Frame 0
17.9545 	EXP 	Display Frame 1
17.9876 	EXP 	Display Frame 2
18.0213 	EXP 	Display Frame 3
18.0543 	EXP 	Display Frame 4
18.0880 	EXP 	Display Frame 5
18.1205 	EXP 	Display Frame 6
18.1539 	EXP 	Display Frame 7
18.1875 	EXP 	Display Frame 8
18.2209 	EXP 	Display Frame 9
18.2539 	EXP 	Display Frame 0
18.2868 	EXP 	Display Frame 1
18.3203 	EXP 	Display Frame 2
18.3544 	EXP 	Display Frame 3
18.3874 	EXP 	Display Frame 4
18.4199 	EXP 	Display Frame 5
18.4544 	EXP 	Display Frame 6
18.4874 	EXP 	Display Frame 7
18.5202 	EXP 	Display Frame 8
18.5544 	EXP 	Display Frame 9
18.5868 	EXP 	Display Frame 0
18.6211 	EXP 	Display Frame 1
18.6541 	EXP 	Display Frame 2
18.6875 	EXP 	Display Frame 3
18.7213 	EXP 	Display Frame 4
18.7541 	EXP 	Display Frame 5
18.7869 	EXP 	Display Frame 6
18.8207 	EXP 	Display Frame 7
18.8544 	EXP 	Display Frame 8
18.8868 	EXP 	Display Frame 9
18.9213 	EXP 	Display Frame 0
18.9539 	EXP 	Display Frame 1
18.9871 	EXP 	Display Frame 2
19.0212 	EXP 	Display Frame 3
19.0539 	EXP 	Display Frame 4
19.0876 	EXP 	Display Frame 5
19.1213 	EXP 	Display Frame 6
19.1542 	EXP 	Display Frame 7
19.1879 	EXP 	Display Frame 8
19.2213 	EXP 	Display Frame 9
19.2546 	EXP 	Display Frame 0
19.2872 	EXP 	Display Frame 1
19.3212 	EXP 	Display Frame 2
19.3545 	EXP 	Display Frame 3
19.3872 	EXP 	Display Frame 4
19.4209 	EXP 	Display Frame 5
19.4542 	EXP 	Display Frame 6
19.4875 	EXP 	Display Frame 7
19.5211 	EXP 	Display Frame 8
19.5533 	EXP 	Display Frame 9
19.5879 	EXP 	Display Frame 0
19.6213 	EXP 	Display Frame 1
19.6540 	EXP 	Display Frame 2
19.6874 	EXP 	Display Frame 3
19.7213 	EXP 	Display Frame 4
19.7540 	EXP 	Display Frame 5
19.7878 	EXP 	Display Frame 6
19.8207 	EXP 	Display Frame 7
19.8541 	EXP 	Display Frame 8
19.8875 	EXP 	Display Frame 9
19.9213 	EXP 	Display Frame 0
19.9538 	EXP 	Display Frame 1
19.9877 	EXP 	Display Frame 2
20.0207 	EXP 	Display Frame 3
20.0545 	EXP 	Display Frame 4
20.0873 	EXP 	Display Frame 5
20.1213 	EXP 	Display Frame 6
20.1541 	EXP 	Display Frame 7
20.1877 	EXP 	Display Frame 8
20.2208 	EXP 	Display Frame 9
20.2540 	EXP 	Display Frame 0
20.2875 	EXP 	Display Frame 1
20.3203 	EXP 	Display Frame 2
20.3544 	EXP 	Display Frame 3
20.3878 	EXP 	Display Frame 4
20.4212 	EXP 	Display Frame 5
20.4542 	EXP 	Display Frame 6
20.4873 	EXP 	Display Frame 7
20.5208 	EXP 	Display Frame 8
20.5544 	EXP 	Display Frame 9
20.5875 	EXP 	Display Frame 0
20.6206 	EXP 	Display Frame 1
20.6543 	EXP 	Display Frame 2
20.6874 	EXP 	Display Frame 3
20.7212 	EXP 	Display Frame 4
20.7540 	EXP 	Display Frame 5
20.7875 	EXP 	Display Frame 6
20.8201 	EXP 	Display Frame 7
20.8535 	EXP 	Display Frame 8
20.8870 	EXP 	Display Frame 9
20.9207 	EXP 	Display Frame 0
20.9540 	EXP 	Display Frame 1
20.9874 	EXP 	Display Frame 2
21.0206 	EXP 	Display Frame 3
21.0541 	EXP 	Display Frame 4
21.0875 	EXP 	Display Frame 5
21.1211 	EXP 	Display Frame 6
21.1540 	EXP 	Display Frame 7
21.1879 	EXP 	Display Frame 8
21.2212 	EXP 	Display Frame 9
21.2539 	EXP 	Display Frame 0
21.2874 	EXP 	Display Frame 1
21.3212 	EXP 	Display Frame 2
21.3541 	EXP 	Display Frame 3
21.3874 	EXP 	Display Frame 4
21.4211 	EXP 	Display Frame 5
21.4539 	EXP 	Display Frame 6
21.4877 	EXP 	Display Frame 7
21.5211 	EXP 	Display Frame 8
21.5539 	EXP 	Display Frame 9
21.5873 	EXP 	Display Frame 0
21.6208 	EXP 	Display Frame 1
21.6540 	EXP 	Display Frame 2
21.6878 	EXP 	Display Frame 3
21.7207 	EXP 	Display Frame 4
21.7540 	EXP 	Display Frame 5
21.7872 	EXP 	Display Frame 6
21.8206 	EXP 	Display Frame 7
21.8533 	EXP 	Display Frame 8
21.8872 	EXP 	Display Frame 9
21.9207 	EXP 	Display Frame 0
21.9540 	EXP 	Display Frame 1
21.9877 	EXP 	Display Frame 2
22.0207 	EXP 	Display Frame 3
22.0544 	EXP 	Display Frame 4
22.0872 	EXP 	Display Frame 5
22.1207 	EXP 	Display Frame 6
22.1538 	EXP 	Display Frame 7
22.1874 	EXP 	Display Frame 8
22.2206 	EXP 	Display Frame 9
22.2543 	EXP 	Display Frame 0
22.2875 	EXP 	Display Frame 1
22.3209 	EXP 	Display Frame 2
22.3541 	EXP 	Display Frame 3
22.3877 	EXP 	Display Frame 4
22.4207 	EXP 	Display Frame 5
22.4535 	EXP 	Display Frame 6
22.4874 	EXP 	Display Frame 7
22.5211 	EXP 	Display Frame 8
22.5539 	EXP 	Display Frame 9
22.5874 	EXP 	Display Frame 0
22.6210 	EXP 	Display Frame 1
22.6543 	EXP 	Display Frame 2
22.6878 	EXP 	Display Frame 3
22.7207 	EXP 	Display Frame 4
22.7543 	EXP 	Display Frame 5
22.7874 	EXP 	Display Frame 6
22.8208 	EXP 	Display Frame 7
22.8540 	EXP 	Display Frame 8
22.8878 	EXP 	Display Frame 9
22.9209 	EXP 	Display Frame 0
22.9538 	EXP 	Display Frame 1
22.9877 	EXP 	Display Frame 2
23.0212 	EXP 	Display Frame 3
23.0544 	EXP 	Display Frame 4
23.0872 	EXP 	Display Frame 5
23.1204 	EXP 	Display Frame 6
23.1539 	EXP 	Display Frame 7
23.1874 	EXP 	Display Frame 8
23.2201 	EXP 	Display Frame 9
23.2543 	EXP 	Display Frame 0
23.2873 	EXP 	Display Frame 1
23.3207 	EXP 	Display Frame 2
23.3539 	EXP 	Display Frame 3
23.3871 	EXP 	Display Frame 4
23.4207 	EXP 	Display Frame 5
23.4538 	EXP 	Display Frame 6
23.4873 	EXP 	Display Frame 7
23.5211 	EXP 	Display Frame 8
23.5544 	EXP 	Display Frame 9
23.5874 	EXP 	Display Frame 0
23.6211 	EXP 	Display Frame 1
23.6539 	EXP 	Display Frame 2
23.6878 	EXP 	Display Frame 3
23.7207 	EXP 	Display Frame 4
23.7539 	EXP 	Display Frame 5
23.7872 	EXP 	Display Frame 6
23.8206 	EXP 	Display Frame 7
23.8540 	EXP 	Display Frame 8
23.8872 	EXP 	Display Frame 9
23.9211 	EXP 	Display Frame 0
23.9539 	EXP 	Display Frame 1
23.9877 	EXP 	Display Frame 2
24.0204 	EXP 	Display Frame 3
24.0538 	EXP 	Display Frame 4
24.0871 	EXP 	Display Frame 5
24.1212 	EXP 	Display Frame 6
24.1538 	EXP 	Display Frame 7
24.1877 	EXP 	Display Frame 8
24.2209 	EXP 	Display Frame 9
24.2540 	EXP 	Display Frame 0
24.2872 	EXP 	Display Frame 1
24.3202 	EXP 	Display Frame 2
24.3538 	EXP 	Display Frame 3
24.3875 	EXP 	Display Frame 4
24.4209 	EXP 	Display Frame 5
24.4534 	EXP 	Display Frame 6
24.4877 	EXP 	Display Frame 7
24.5211 	EXP 	Display Frame 8
24.5539 	EXP 	Display Frame 9
24.5876 	EXP 	Display Frame 0
24.6206 	EXP 	Display Frame 1
24.6536 	EXP 	Display Frame 2
24.6873 	EXP 	Display Frame 3
24.7206 	EXP 	Display Frame 4
24.7538 	EXP 	Display Frame 5
24.7873 	EXP 	Display Frame 6
24.8204 	EXP 	Display Frame 7
24.8539 	EXP 	Display Frame 8
24.8866 	EXP 	Display Frame 9
24.9210 	EXP 	Display Frame 0
24.9538 	EXP 	Display Frame 1
24.9867 	EXP 	Display Frame 2
25.0202 	EXP 	Display Frame 3
25.0538 	EXP 	Display Frame 4
25.0873 	EXP 	Display Frame 5
25.1200 	EXP 	Display Frame 6
25.1534 	EXP 	Display Frame 7
25.1871 	EXP 	Display Frame 8
25.2205 	EXP 	Display Frame 9
25.2534 	EXP 	Display Frame 0
25.2867 	EXP 	Display Frame 1
25.3200 	EXP 	Display Frame 2
25.3536 	EXP 	Display Frame 3
25.3869 	EXP 	Display Frame 4
25.4206 	EXP 	Display Frame 5
25.4537 	EXP 	Display Frame 6
25.4867 	EXP 	Display Frame 7
25.5205 	EXP 	Display Frame 8
25.5542 	EXP 	Display Frame 9
25.5871 	EXP 	Display Frame 0
25.6206 	EXP 	Display Frame 1
25.6542 	EXP 	Display Frame 2
25.6872 	EXP 	Display Frame 3
25.7202 	EXP 	Display Frame 4
25.7538 	EXP 	Display Frame 5
25.7870 	EXP 	Display Frame 6
25.8205 	EXP 	Display Frame 7
25.8544 	EXP 	Display Frame 8
25.8872 	EXP 	Display Frame 9
25.9205 	EXP 	Display Frame 0
25.9453 	DATA 	Keypress: escape
25.9541 	EXP 	Display Frame 1
25.9865 	EXP 	topMsg: text = "Thank you very much! \n\nThat's it with the tapping"
25.9865 	EXP 	bottomMsg: text = "Please relax for the ramaining time \n\n Press 'q' or 'escape' to end the session."
25.9865 	EXP 	Display TheEnd
27.1635 	DATA 	Keypress: q
