1.0720 	WARNING 	We strongly recommend you activate the PTB sound engine in PsychoPy prefs as the preferred audio engine. Its timing is vastly superior. Your prefs are currently set to use ['sounddevice', 'PTB', 'pyo', 'pygame'] (in that order).
6.3871 	INFO 	---START PARAMETERS---
6.3872 	INFO 	filename: TappingWithTrTiming_Movie_d3.py-1tt============ =-309-Oct_24_1702
6.3872 	INFO 	subject: 1tt============ =
6.3872 	INFO 	session: 309
6.3872 	INFO 	date: Oct_24_1702
6.3872 	INFO 	block2Dur_TRs: 6
6.3872 	INFO 	blockDur_TRs: 6
6.3872 	INFO 	condition: vis
6.3872 	INFO 	fixCrossPos: [0, 0]
6.3872 	INFO 	fixCrossSize: 100
6.3872 	INFO 	fullScreen: True
6.3872 	INFO 	movieFolder: images/
6.3872 	INFO 	movieFolder2: images/
6.3872 	INFO 	movieSize: (1600, 1000)
6.3873 	INFO 	nBlocks: 68
6.3873 	INFO 	promptDir: Text/
6.3873 	INFO 	restDur_TRs: 6
6.3873 	INFO 	screenColor: (119, 119, 119)
6.3873 	INFO 	screenToShow: 1
6.3873 	INFO 	skipPrompts: False
6.3873 	INFO 	tStartup_TRs: 0
6.3873 	INFO 	textHeight: 40
6.3873 	INFO 	triggerKey: equal
6.3873 	INFO 	---END PARAMETERS---
7.1804 	INFO 	Loaded monitor calibration from ['2022_03_25 08:03']
8.2785 	WARNING 	Couldn't measure a consistent frame rate!
  - Is your graphics card set to sync to vertical blank?
  - Are you running other processes on your computer?

8.2791 	EXP 	Created win = Window(allowGUI=False, allowStencil=False, autoLog=True, backendConf=UNKNOWN, bitsMode=UNKNOWN, blendMode='avg', bpc=(8, 8, 8), color=array([119, 119, 119]), colorSpace='rgb255', depthBits=8, fullscr=<method-wrapper '__getattribute__' of attributeSetter object at 0x7fdcbda17850>, gamma=None, gammaErrorPolicy='raise', lms=UNKNOWN, monitor=<psychopy.monitors.calibTools.Monitor object at 0x7fdcf8d0ad30>, multiSample=False, name='win', numSamples=2, pos=[0.0, 0.0], screen=1, size=array([1920, 1080]), stencilBits=0, stereo=False, units='deg', useFBO=False, useRetina=False, viewOri=0.0, viewPos=None, viewScale=None, waitBlanking=True, winType='pyglet')
8.2793 	EXP 	win: mouseVisible = True
8.2844 	EXP 	Created fixCross = ShapeStim(__class__=<class 'psychopy.visual.shape.ShapeStim'>, anchor=('center', 'center'), autoDraw=False, autoLog=True, closeShape=False, color=method-wrapper(...), colorSpace='rgb', contrast=None, depth=0, fillColor=array([0, 0, 0]), fillColorSpace='rgb', fillRGB=array([0, 0, 0]), interpolate=True, lineColor=array([-1., -1., -1.]), lineColorSpace='rgb', lineRGB=array([-1., -1., -1.]), lineWidth=3.0, name='fixCross', opacity=0.5, ori=0.0, pos=array([0., 0.]), size=array([1., 1.]), units='pix', vertices=ndarray(...), win=Window(...), windingRule=None)
8.2847 	WARNING 	TextStim.alignHoriz is deprecated. Use alignText and anchorHoriz attributes instead
8.3101 	EXP 	Created topMsg = TextStim(__class__=<class 'psychopy.visual.text.TextStim'>, alignHoriz='center', alignText='center', alignVert=method-wrapper(...), anchorHoriz='center', anchorVert='center', antialias=True, autoLog=True, bold=False, color=array([-1., -1., -1.]), colorSpace='rgb', contrast=1.0, depth=0, flipHoriz=False, flipVert=False, font='', fontFiles=[], height=0.1, italic=False, languageStyle='LTR', name='topMsg', opacity=1.0, ori=0.0, pos=array([0. , 0.5]), rgb=UNKNOWN, text='aaa', units='norm', win=Window(...), wrapWidth=1.5)
8.3102 	WARNING 	TextStim.alignHoriz is deprecated. Use alignText and anchorHoriz attributes instead
8.3123 	EXP 	Created bottomMsg = TextStim(__class__=<class 'psychopy.visual.text.TextStim'>, alignHoriz='center', alignText='center', alignVert=method-wrapper(...), anchorHoriz='center', anchorVert='center', antialias=True, autoLog=True, bold=False, color=array([-1., -1., -1.]), colorSpace='rgb', contrast=1.0, depth=0, flipHoriz=False, flipVert=False, font='', fontFiles=[], height=0.1, italic=False, languageStyle='LTR', name='bottomMsg', opacity=1.0, ori=0.0, pos=array([ 0. , -0.5]), rgb=UNKNOWN, text='bbb', units='norm', win=Window(...), wrapWidth=1.5)
8.3340 	EXP 	Created Movie Frame 0 = ImageStim(__class__=<class 'psychopy.visual.image.ImageStim'>, anchor=('center', 'center'), autoLog=True, color=array([1., 1., 1.]), colorSpace='rgb', contrast=1.0, depth=0, flipHoriz=False, flipVert=False, image='images/visual_0.png', interpolate=False, mask=None, maskParams=None, name='Movie Frame 0', opacity=1, ori=0.0, pos=array([0., 0.]), size=array([1600., 1000.]), texRes=128, units='pix', win=Window(...))
8.3442 	EXP 	Created Movie Frame 1 = ImageStim(__class__=<class 'psychopy.visual.image.ImageStim'>, anchor=('center', 'center'), autoLog=True, color=array([1., 1., 1.]), colorSpace='rgb', contrast=1.0, depth=0, flipHoriz=False, flipVert=False, image='images/visual_1.png', interpolate=False, mask=None, maskParams=None, name='Movie Frame 1', opacity=1, ori=0.0, pos=array([0., 0.]), size=array([1600., 1000.]), texRes=128, units='pix', win=Window(...))
8.3536 	EXP 	Created Movie Frame 0 = ImageStim(__class__=<class 'psychopy.visual.image.ImageStim'>, anchor=('center', 'center'), autoLog=True, color=array([1., 1., 1.]), colorSpace='rgb', contrast=1.0, depth=0, flipHoriz=False, flipVert=False, image='images/visual_0.png', interpolate=False, mask=None, maskParams=None, name='Movie Frame 0', opacity=1, ori=0.0, pos=array([0., 0.]), size=array([1600., 1000.]), texRes=128, units='pix', win=Window(...))
8.3628 	EXP 	Created Movie Frame 1 = ImageStim(__class__=<class 'psychopy.visual.image.ImageStim'>, anchor=('center', 'center'), autoLog=True, color=array([1., 1., 1.]), colorSpace='rgb', contrast=1.0, depth=0, flipHoriz=False, flipVert=False, image='images/visual_1.png', interpolate=False, mask=None, maskParams=None, name='Movie Frame 1', opacity=1, ori=0.0, pos=array([0., 0.]), size=array([1600., 1000.]), texRes=128, units='pix', win=Window(...))
8.3675 	EXP 	Created unnamed TextStim = TextStim(__class__=<class 'psychopy.visual.text.TextStim'>, alignHoriz=method-wrapper(...), alignText='center', alignVert=method-wrapper(...), anchorHoriz='center', anchorVert='center', antialias=True, autoLog=True, bold=False, color=array([-1., -1., -1.]), colorSpace='rgb', contrast=1.0, depth=0, flipHoriz=False, flipVert=False, font='', fontFiles=[], height=40.0, italic=False, languageStyle='LTR', name='unnamed TextStim', opacity=1.0, ori=0.0, pos=array([  0., 580.]), rgb=UNKNOWN, text='look at the center', units='pix', win=Window(...), wrapWidth=1600)
8.3790 	WARNING 	t of last frame was 100.63ms (=1/9)
8.3790 	EXP 	topMsg: height = 0.1
8.3790 	EXP 	topMsg: height = 0.1
8.3790 	EXP 	topMsg: text = 'You will see a flickering checkerboard. When it is on the screen, try to fixate the center of the checkerboard. When the fixation cross appears, relax and stare at the cross.'
8.3790 	EXP 	bottomMsg: height = 0.1
8.3790 	EXP 	bottomMsg: height = 0.1
8.3790 	EXP 	bottomMsg: text = 'The experiment will begin shortly'
8.3790 	EXP 	Display Instructions1
360.8699 	DATA 	Keypress: equal
360.8777 	WARNING 	t of last frame was 352498.70ms (=1/0)
360.8777 	EXP 	topMsg: height = 0.1
360.8777 	EXP 	topMsg: height = 0.1
360.8777 	EXP 	topMsg: text = "Please don't move..."
360.8777 	EXP 	bottomMsg: height = 0.1
360.8777 	EXP 	bottomMsg: height = 0.1
360.8777 	EXP 	bottomMsg: text = ''
360.8777 	EXP 	PleaseDontMove
1614.9265 	DATA 	Keypress: equal
1614.9316 	WARNING 	t of last frame was 1254053.82ms (=1/0)
1614.9316 	EXP 	Display Fixation
1614.9318 	EXP 	---START EXPERIMENT---
1614.9328 	EXP 	Display Fixation
1826.8252 	DATA 	Keypress: escape
1826.8359 	WARNING 	t of last frame was 211903.12ms (=1/0)
1826.8359 	EXP 	topMsg: height = 0.1
1826.8359 	EXP 	topMsg: height = 0.1
1826.8359 	EXP 	topMsg: text = "Thank you very much! \n\nThat's it with the tapping"
1826.8359 	EXP 	bottomMsg: height = 0.1
1826.8359 	EXP 	bottomMsg: height = 0.1
1826.8359 	EXP 	bottomMsg: text = "Please relax for the ramaining time \n\n Press 'q' or 'escape' to end the session."
1826.8359 	EXP 	Display TheEnd
1827.4779 	DATA 	Keypress: escape
1827.5560 	EXP 	win: mouseVisible = True
