3.7553 	INFO 	---START PARAMETERS---
3.7553 	INFO 	filename: TappingWithTrTiming_Movie_d3.py-1-27-Nov_28_2155
3.7553 	INFO 	subject: 1
3.7553 	INFO 	session: 27
3.7553 	INFO 	date: Nov_28_2155
3.7553 	INFO 	blockDur_TRs: 15
3.7553 	INFO 	condition: TapRight
3.7553 	INFO 	fixCrossPos: [0, 0]
3.7553 	INFO 	fixCrossSize: 100
3.7553 	INFO 	fullScreen: True
3.7554 	INFO 	movieFolder: Images/
3.7554 	INFO 	movieSize: (800, 500)
3.7554 	INFO 	nBlocks: 48
3.7554 	INFO 	promptDir: Text/
3.7554 	INFO 	restDur_TRs: 15
3.7554 	INFO 	screenColor: (128, 128, 128)
3.7554 	INFO 	screenToShow: 0
3.7554 	INFO 	skipPrompts: False
3.7554 	INFO 	tStartup_TRs: 0
3.7554 	INFO 	textHeight: 40
3.7554 	INFO 	triggerKey: t
3.7554 	INFO 	---END PARAMETERS---
3.8598 	WARNING 	Movie2 stim could not be imported and won't be available
5.4682 	INFO 	Loaded monitor calibration from ['2015_12_02 12:18']
6.0641 	EXP 	Created win = Window(allowGUI=False, allowStencil=False, autoLog=True, bitsMode=UNKNOWN, blendMode='avg', color=array([ 128.,  128.,  128.]), colorSpace='rgb255', fullscr=UNKNOWN, gamma=None, lms=UNKNOWN, monitor=<psychopy.monitors.calibTools.Monitor instance at 0x1039dcd8>, name='win', pos=[0, 0], screen=0, size=array([1440,  900]), stereo=False, units='deg', useFBO=False, viewOri=0.0, viewPos=None, viewScale=None, waitBlanking=True, winType='pyglet')
6.0656 	EXP 	Created fixCross = ShapeStim(autoDraw=False, autoLog=True, closeShape=False, contrast=1.0, depth=0, fillColor=None, fillColorSpace='rgb', fillRGB=None, interpolate=True, lineColor='#000000', lineColorSpace='hex', lineRGB=array([0, 0, 0]), lineWidth=3.0, name='fixCross', opacity=1.0, ori=array(0.0), pos=array([ 0.,  0.]), size=array([ 1.,  1.]), units='pix', vertices=ndarray(...), win=Window(...))
6.1232 	EXP 	Created topMsg = TextStim(alignHoriz='center', alignVert='center', antialias=True, autoLog=True, bold=False, color='#000000', colorSpace='hex', contrast=1.0, depth=0, flipHoriz=False, flipVert=False, font='', fontFiles=[], height=0.1, italic=False, name='topMsg', opacity=1.0, ori=0.0, pos=array([ 0. ,  0.5]), rgb=array([0, 0, 0]), text=u'aaa', units='norm', win=Window(...), wrapWidth=1.5)
6.1268 	EXP 	Created bottomMsg = TextStim(alignHoriz='center', alignVert='center', antialias=True, autoLog=True, bold=False, color='#000000', colorSpace='hex', contrast=1.0, depth=0, flipHoriz=False, flipVert=False, font='', fontFiles=[], height=0.1, italic=False, name='bottomMsg', opacity=1.0, ori=0.0, pos=array([ 0. , -0.5]), rgb=array([0, 0, 0]), text=u'bbb', units='norm', win=Window(...), wrapWidth=1.5)
6.1585 	EXP 	Created Movie Frame 0 = ImageStim(autoLog=True, color=array([ 1.,  1.,  1.]), colorSpace='rgb', contrast=1.0, depth=0, flipHoriz=False, flipVert=False, image='Images/right_0.png', interpolate=False, mask=None, maskParams=None, name='Movie Frame 0', opacity=1.0, ori=0.0, pos=array([ 0.,  0.]), size=array([ 800.,  500.]), texRes=128, units='pix', win=Window(...))
6.1815 	EXP 	Created Movie Frame 1 = ImageStim(autoLog=True, color=array([ 1.,  1.,  1.]), colorSpace='rgb', contrast=1.0, depth=0, flipHoriz=False, flipVert=False, image='Images/right_1.png', interpolate=False, mask=None, maskParams=None, name='Movie Frame 1', opacity=1.0, ori=0.0, pos=array([ 0.,  0.]), size=array([ 800.,  500.]), texRes=128, units='pix', win=Window(...))
6.2025 	EXP 	Created Movie Frame 2 = ImageStim(autoLog=True, color=array([ 1.,  1.,  1.]), colorSpace='rgb', contrast=1.0, depth=0, flipHoriz=False, flipVert=False, image='Images/right_2.png', interpolate=False, mask=None, maskParams=None, name='Movie Frame 2', opacity=1.0, ori=0.0, pos=array([ 0.,  0.]), size=array([ 800.,  500.]), texRes=128, units='pix', win=Window(...))
6.2262 	EXP 	Created Movie Frame 3 = ImageStim(autoLog=True, color=array([ 1.,  1.,  1.]), colorSpace='rgb', contrast=1.0, depth=0, flipHoriz=False, flipVert=False, image='Images/right_3.png', interpolate=False, mask=None, maskParams=None, name='Movie Frame 3', opacity=1.0, ori=0.0, pos=array([ 0.,  0.]), size=array([ 800.,  500.]), texRes=128, units='pix', win=Window(...))
6.2481 	EXP 	Created Movie Frame 4 = ImageStim(autoLog=True, color=array([ 1.,  1.,  1.]), colorSpace='rgb', contrast=1.0, depth=0, flipHoriz=False, flipVert=False, image='Images/right_4.png', interpolate=False, mask=None, maskParams=None, name='Movie Frame 4', opacity=1.0, ori=0.0, pos=array([ 0.,  0.]), size=array([ 800.,  500.]), texRes=128, units='pix', win=Window(...))
6.2682 	EXP 	Created Movie Frame 5 = ImageStim(autoLog=True, color=array([ 1.,  1.,  1.]), colorSpace='rgb', contrast=1.0, depth=0, flipHoriz=False, flipVert=False, image='Images/right_5.png', interpolate=False, mask=None, maskParams=None, name='Movie Frame 5', opacity=1.0, ori=0.0, pos=array([ 0.,  0.]), size=array([ 800.,  500.]), texRes=128, units='pix', win=Window(...))
6.2882 	EXP 	Created Movie Frame 6 = ImageStim(autoLog=True, color=array([ 1.,  1.,  1.]), colorSpace='rgb', contrast=1.0, depth=0, flipHoriz=False, flipVert=False, image='Images/right_6.png', interpolate=False, mask=None, maskParams=None, name='Movie Frame 6', opacity=1.0, ori=0.0, pos=array([ 0.,  0.]), size=array([ 800.,  500.]), texRes=128, units='pix', win=Window(...))
6.3073 	EXP 	Created Movie Frame 7 = ImageStim(autoLog=True, color=array([ 1.,  1.,  1.]), colorSpace='rgb', contrast=1.0, depth=0, flipHoriz=False, flipVert=False, image='Images/right_7.png', interpolate=False, mask=None, maskParams=None, name='Movie Frame 7', opacity=1.0, ori=0.0, pos=array([ 0.,  0.]), size=array([ 800.,  500.]), texRes=128, units='pix', win=Window(...))
6.3291 	EXP 	Created Movie Frame 8 = ImageStim(autoLog=True, color=array([ 1.,  1.,  1.]), colorSpace='rgb', contrast=1.0, depth=0, flipHoriz=False, flipVert=False, image='Images/right_8.png', interpolate=False, mask=None, maskParams=None, name='Movie Frame 8', opacity=1.0, ori=0.0, pos=array([ 0.,  0.]), size=array([ 800.,  500.]), texRes=128, units='pix', win=Window(...))
6.3499 	EXP 	Created Movie Frame 9 = ImageStim(autoLog=True, color=array([ 1.,  1.,  1.]), colorSpace='rgb', contrast=1.0, depth=0, flipHoriz=False, flipVert=False, image='Images/right_9.png', interpolate=False, mask=None, maskParams=None, name='Movie Frame 9', opacity=1.0, ori=0.0, pos=array([ 0.,  0.]), size=array([ 800.,  500.]), texRes=128, units='pix', win=Window(...))
6.3631 	EXP 	Created unnamed TextStim = TextStim(alignHoriz='center', alignVert='center', antialias=True, autoLog=True, bold=False, color='#000000', colorSpace='hex', contrast=1.0, depth=0, flipHoriz=False, flipVert=False, font='', fontFiles=[], height=40, italic=False, name='unnamed TextStim', opacity=1.0, ori=0.0, pos=array([   0.,  330.]), rgb=array([0, 0, 0]), text=u'Tap along with the video.', units='pix', win=Window(...), wrapWidth=800)
6.4248 	EXP 	topMsg: text = 'You will see a movie of a finger tapping. When it is on the screen, try to use the hand indicated to tap your fingers at the same times as the movie does. When the fixation cross appears, relax and stare at the cross.'
6.4248 	EXP 	bottomMsg: text = 'The experiment will begin shortly'
6.4248 	EXP 	Display Instructions1
7.4705 	DATA 	Keypress: t
7.4922 	EXP 	topMsg: text = "Please don't move..."
7.4922 	EXP 	bottomMsg: text = ''
7.4922 	EXP 	PleaseDontMove
7.9425 	DATA 	Keypress: t
7.9584 	EXP 	Display Fixation
7.9584 	EXP 	---START EXPERIMENT---
7.9757 	EXP 	Display Fixation
8.3425 	DATA 	Keypress: t
8.5105 	DATA 	Keypress: t
8.6545 	DATA 	Keypress: t
8.7983 	DATA 	Keypress: t
8.9503 	DATA 	Keypress: t
9.0944 	DATA 	Keypress: t
9.2464 	DATA 	Keypress: t
9.4143 	DATA 	Keypress: t
9.5422 	DATA 	Keypress: t
9.6863 	DATA 	Keypress: t
9.8384 	DATA 	Keypress: t
9.9823 	DATA 	Keypress: t
10.1343 	DATA 	Keypress: t
10.2864 	DATA 	Keypress: t
10.4465 	DATA 	Keypress: t
10.5580 	EXP 	Display Frame 1
10.6475 	DATA 	Keypress: t
10.6588 	EXP 	Display Frame 2
10.7480 	DATA 	Keypress: t
10.7590 	EXP 	Display Frame 3
10.8585 	EXP 	Display Frame 4
10.9475 	DATA 	Keypress: t
10.9590 	EXP 	Display Frame 5
11.0480 	DATA 	Keypress: t
11.0592 	EXP 	Display Frame 6
11.1586 	EXP 	Display Frame 7
11.2590 	EXP 	Display Frame 8
11.3590 	EXP 	Display Frame 9
11.4589 	EXP 	Display Frame 0
11.5591 	EXP 	Display Frame 1
11.6593 	EXP 	Display Frame 2
11.7594 	EXP 	Display Frame 3
11.8593 	EXP 	Display Frame 4
11.9579 	EXP 	Display Frame 5
12.0589 	EXP 	Display Frame 6
12.1589 	EXP 	Display Frame 7
12.2591 	EXP 	Display Frame 8
12.3475 	DATA 	Keypress: escape
12.3591 	EXP 	Display Frame 9
12.4094 	EXP 	topMsg: text = "Thank you very much! \n\nThat's it with the tapping"
12.4094 	EXP 	bottomMsg: text = "Please relax for the ramaining time \n\n Press 'q' or 'escape' to end the session."
12.4094 	EXP 	Display TheEnd
13.1663 	DATA 	Keypress: t
14.4863 	DATA 	Keypress: t
14.8302 	DATA 	Keypress: q
