0.9825 	WARNING 	We strongly recommend you activate the PTB sound engine in PsychoPy prefs as the preferred audio engine. Its timing is vastly superior. Your prefs are currently set to use ['sounddevice', 'PTB', 'pyo', 'pygame'] (in that order).
7.3064 	INFO 	---START PARAMETERS---
7.3065 	INFO 	filename: TappingWithTrTiming_Movie_d3.py-1tt-62-Mar_08_0941
7.3065 	INFO 	subject: 1tt
7.3066 	INFO 	session: 62
7.3066 	INFO 	date: Mar_08_0941
7.3066 	INFO 	blockDur_TRs: 2
7.3066 	INFO 	condition: vis
7.3066 	INFO 	fixCrossPos: [0, 0]
7.3066 	INFO 	fixCrossSize: 100
7.3066 	INFO 	fullScreen: True
7.3066 	INFO 	movieFolder: Images/
7.3066 	INFO 	movieSize: (1600, 1000)
7.3066 	INFO 	nBlocks: 68
7.3066 	INFO 	promptDir: Text/
7.3066 	INFO 	restDur_TRs: 2
7.3066 	INFO 	screenColor: (128, 128, 128)
7.3066 	INFO 	screenToShow: 0
7.3066 	INFO 	skipPrompts: False
7.3066 	INFO 	tStartup_TRs: 0
7.3066 	INFO 	textHeight: 40
7.3066 	INFO 	triggerKey: t
7.3066 	INFO 	---END PARAMETERS---
8.3716 	INFO 	Loaded monitor calibration from ['2022_03_25 08:03']
10.3565 	WARNING 	Couldn't measure a consistent frame rate!
  - Is your graphics card set to sync to vertical blank?
  - Are you running other processes on your computer?

10.3574 	EXP 	Created win = Window(allowGUI=False, allowStencil=False, autoLog=True, backendConf=UNKNOWN, bitsMode=UNKNOWN, blendMode='avg', bpc=(8, 8, 8), color=array([128, 128, 128]), colorSpace='rgb255', depthBits=8, fullscr=<method-wrapper '__getattribute__' of attributeSetter object at 0x7fa54aec0940>, gamma=None, gammaErrorPolicy='raise', lms=UNKNOWN, monitor=<psychopy.monitors.calibTools.Monitor object at 0x7fa588caf9a0>, multiSample=False, name='win', numSamples=2, pos=[480.0, 270.0], screen=0, size=array([3840, 2160]), stencilBits=0, stereo=False, units='deg', useFBO=False, useRetina=True, viewOri=0.0, viewPos=None, viewScale=None, waitBlanking=True, winType='pyglet')
10.3579 	EXP 	win: mouseVisible = True
10.3669 	EXP 	Created fixCross = ShapeStim(__class__=<class 'psychopy.visual.shape.ShapeStim'>, anchor=('center', 'center'), autoDraw=False, autoLog=True, closeShape=False, color=method-wrapper(...), colorSpace='rgb', contrast=None, depth=0, fillColor=array([0, 0, 0]), fillColorSpace='rgb', fillRGB=array([0, 0, 0]), interpolate=True, lineColor=array([-1., -1., -1.]), lineColorSpace='rgb', lineRGB=array([-1., -1., -1.]), lineWidth=3.0, name='fixCross', opacity=0.5, ori=0.0, pos=array([0., 0.]), size=array([1., 1.]), units='pix', vertices=ndarray(...), win=Window(...), windingRule=None)
10.3676 	WARNING 	TextStim.alignHoriz is deprecated. Use alignText and anchorHoriz attributes instead
10.4027 	EXP 	Created topMsg = TextStim(__class__=<class 'psychopy.visual.text.TextStim'>, alignHoriz='center', alignText='center', alignVert=method-wrapper(...), anchorHoriz='center', anchorVert='center', antialias=True, autoLog=True, bold=False, color=array([-1., -1., -1.]), colorSpace='rgb', contrast=1.0, depth=0, flipHoriz=False, flipVert=False, font='', fontFiles=[], height=0.1, italic=False, languageStyle='LTR', name='topMsg', opacity=1.0, ori=0.0, pos=array([0. , 0.5]), rgb=UNKNOWN, text='aaa', units='norm', win=Window(...), wrapWidth=1.5)
10.4028 	WARNING 	TextStim.alignHoriz is deprecated. Use alignText and anchorHoriz attributes instead
10.4056 	EXP 	Created bottomMsg = TextStim(__class__=<class 'psychopy.visual.text.TextStim'>, alignHoriz='center', alignText='center', alignVert=method-wrapper(...), anchorHoriz='center', anchorVert='center', antialias=True, autoLog=True, bold=False, color=array([-1., -1., -1.]), colorSpace='rgb', contrast=1.0, depth=0, flipHoriz=False, flipVert=False, font='', fontFiles=[], height=0.1, italic=False, languageStyle='LTR', name='bottomMsg', opacity=1.0, ori=0.0, pos=array([ 0. , -0.5]), rgb=UNKNOWN, text='bbb', units='norm', win=Window(...), wrapWidth=1.5)
10.4280 	EXP 	Created Movie Frame 0 = ImageStim(__class__=<class 'psychopy.visual.image.ImageStim'>, anchor=('center', 'center'), autoLog=True, color=array([1., 1., 1.]), colorSpace='rgb', contrast=1.0, depth=0, flipHoriz=False, flipVert=False, image='Images/visual_0.png', interpolate=False, mask=None, maskParams=None, name='Movie Frame 0', opacity=1, ori=0.0, pos=array([0., 0.]), size=array([1600., 1000.]), texRes=128, units='pix', win=Window(...))
10.4414 	EXP 	Created Movie Frame 1 = ImageStim(__class__=<class 'psychopy.visual.image.ImageStim'>, anchor=('center', 'center'), autoLog=True, color=array([1., 1., 1.]), colorSpace='rgb', contrast=1.0, depth=0, flipHoriz=False, flipVert=False, image='Images/visual_1.png', interpolate=False, mask=None, maskParams=None, name='Movie Frame 1', opacity=1, ori=0.0, pos=array([0., 0.]), size=array([1600., 1000.]), texRes=128, units='pix', win=Window(...))
10.4489 	EXP 	Created unnamed TextStim = TextStim(__class__=<class 'psychopy.visual.text.TextStim'>, alignHoriz=method-wrapper(...), alignText='center', alignVert=method-wrapper(...), anchorHoriz='center', anchorVert='center', antialias=True, autoLog=True, bold=False, color=array([-1., -1., -1.]), colorSpace='rgb', contrast=1.0, depth=0, flipHoriz=False, flipVert=False, font='', fontFiles=[], height=40.0, italic=False, languageStyle='LTR', name='unnamed TextStim', opacity=1.0, ori=0.0, pos=array([  0., 580.]), rgb=UNKNOWN, text='look at the center', units='pix', win=Window(...), wrapWidth=1600)
10.4656 	WARNING 	t of last frame was 109.28ms (=1/9)
10.4656 	EXP 	topMsg: height = 0.1
10.4656 	EXP 	topMsg: height = 0.1
10.4656 	EXP 	topMsg: text = 'You will see a flickering checkerboard. When it is on the screen, try to fixate the center of the checkerboard. When the fixation cross appears, relax and stare at the cross.'
10.4656 	EXP 	bottomMsg: height = 0.1
10.4656 	EXP 	bottomMsg: height = 0.1
10.4656 	EXP 	bottomMsg: text = 'The experiment will begin shortly'
10.4656 	EXP 	Display Instructions1
121.0631 	DATA 	Keypress: t
121.0714 	WARNING 	t of last frame was 110605.74ms (=1/0)
121.0714 	EXP 	topMsg: height = 0.1
121.0714 	EXP 	topMsg: height = 0.1
121.0714 	EXP 	topMsg: text = "Please don't move..."
121.0714 	EXP 	bottomMsg: height = 0.1
121.0714 	EXP 	bottomMsg: height = 0.1
121.0714 	EXP 	bottomMsg: text = ''
121.0714 	EXP 	PleaseDontMove
122.5034 	DATA 	Keypress: t
122.5073 	WARNING 	t of last frame was 1435.97ms (=1/0)
122.5073 	EXP 	Display Fixation
122.5074 	EXP 	---START EXPERIMENT---
122.5086 	EXP 	Display Fixation
148.9462 	DATA 	Keypress: space
164.4198 	DATA 	Keypress: t
165.8575 	DATA 	Keypress: t
165.8612 	WARNING 	t of last frame was 43352.52ms (=1/0)
165.9861 	WARNING 	Multiple dropped frames have occurred - I'll stop bothering you about them!
165.9860 	EXP 	Display Frame 1
166.1101 	EXP 	Display Frame 0
166.2354 	EXP 	Display Frame 1
166.3607 	EXP 	Display Frame 0
166.4854 	EXP 	Display Frame 1
166.6108 	EXP 	Display Frame 0
166.7358 	EXP 	Display Frame 1
166.8602 	EXP 	Display Frame 0
166.9854 	EXP 	Display Frame 1
167.1107 	EXP 	Display Frame 0
167.2356 	EXP 	Display Frame 1
167.3604 	EXP 	Display Frame 0
167.4856 	EXP 	Display Frame 1
167.6105 	EXP 	Display Frame 0
167.7354 	EXP 	Display Frame 1
167.8606 	EXP 	Display Frame 0
167.9858 	EXP 	Display Frame 1
168.1104 	EXP 	Display Frame 0
168.2356 	EXP 	Display Frame 1
168.3605 	EXP 	Display Frame 0
168.4857 	EXP 	Display Frame 1
168.6105 	EXP 	Display Frame 0
168.7355 	EXP 	Display Frame 1
168.8604 	EXP 	Display Frame 0
168.9854 	EXP 	Display Frame 1
169.1105 	EXP 	Display Frame 0
169.2354 	EXP 	Display Frame 1
169.3603 	EXP 	Display Frame 0
169.4855 	EXP 	Display Frame 1
169.6105 	EXP 	Display Frame 0
169.7354 	EXP 	Display Frame 1
169.8605 	EXP 	Display Frame 0
169.9855 	EXP 	Display Frame 1
170.1104 	EXP 	Display Frame 0
170.2361 	EXP 	Display Frame 1
170.3601 	EXP 	Display Frame 0
170.4852 	EXP 	Display Frame 1
170.6106 	EXP 	Display Frame 0
170.7355 	EXP 	Display Frame 1
170.8612 	EXP 	Display Frame 0
170.9853 	EXP 	Display Frame 1
171.1102 	EXP 	Display Frame 0
171.2357 	EXP 	Display Frame 1
171.3606 	EXP 	Display Frame 0
171.4858 	EXP 	Display Frame 1
171.6107 	EXP 	Display Frame 0
171.7354 	EXP 	Display Frame 1
171.8605 	EXP 	Display Frame 0
171.9854 	EXP 	Display Frame 1
172.1104 	EXP 	Display Frame 0
172.2355 	EXP 	Display Frame 1
172.3605 	EXP 	Display Frame 0
172.4854 	EXP 	Display Frame 1
172.6105 	EXP 	Display Frame 0
172.7363 	EXP 	Display Frame 1
172.8601 	EXP 	Display Frame 0
172.9854 	EXP 	Display Frame 1
173.1105 	EXP 	Display Frame 0
173.2354 	EXP 	Display Frame 1
173.3604 	EXP 	Display Frame 0
173.4858 	EXP 	Display Frame 1
173.6102 	EXP 	Display Frame 0
173.7356 	EXP 	Display Frame 1
173.8605 	EXP 	Display Frame 0
173.9854 	EXP 	Display Frame 1
174.1103 	EXP 	Display Frame 0
174.2355 	EXP 	Display Frame 1
174.3605 	EXP 	Display Frame 0
174.4858 	EXP 	Display Frame 1
174.6106 	EXP 	Display Frame 0
174.7360 	EXP 	Display Frame 1
174.8604 	EXP 	Display Frame 0
174.9854 	EXP 	Display Frame 1
175.1105 	EXP 	Display Frame 0
175.2356 	EXP 	Display Frame 1
175.3606 	EXP 	Display Frame 0
175.4855 	EXP 	Display Frame 1
175.6104 	EXP 	Display Frame 0
175.7354 	EXP 	Display Frame 1
175.8605 	EXP 	Display Frame 0
175.9854 	EXP 	Display Frame 1
176.1111 	EXP 	Display Frame 0
176.2352 	EXP 	Display Frame 1
176.3606 	EXP 	Display Frame 0
176.4852 	EXP 	Display Frame 1
176.6103 	EXP 	Display Frame 0
176.7354 	EXP 	Display Frame 1
176.8606 	EXP 	Display Frame 0
176.9855 	EXP 	Display Frame 1
177.1107 	EXP 	Display Frame 0
177.2356 	EXP 	Display Frame 1
177.3605 	EXP 	Display Frame 0
177.4852 	EXP 	Display Frame 1
177.6104 	EXP 	Display Frame 0
177.7351 	EXP 	Display Frame 1
177.8606 	EXP 	Display Frame 0
177.9852 	EXP 	Display Frame 1
178.1106 	EXP 	Display Frame 0
178.2355 	EXP 	Display Frame 1
178.3604 	EXP 	Display Frame 0
178.4859 	EXP 	Display Frame 1
178.6103 	EXP 	Display Frame 0
178.7355 	EXP 	Display Frame 1
178.8606 	EXP 	Display Frame 0
178.9855 	EXP 	Display Frame 1
179.1104 	EXP 	Display Frame 0
179.2356 	EXP 	Display Frame 1
179.3606 	EXP 	Display Frame 0
179.4855 	EXP 	Display Frame 1
179.6106 	EXP 	Display Frame 0
179.7356 	EXP 	Display Frame 1
179.8605 	EXP 	Display Frame 0
179.9857 	EXP 	Display Frame 1
180.1103 	EXP 	Display Frame 0
180.2353 	EXP 	Display Frame 1
180.3606 	EXP 	Display Frame 0
180.4862 	EXP 	Display Frame 1
180.6109 	EXP 	Display Frame 0
180.7355 	EXP 	Display Frame 1
180.8607 	EXP 	Display Frame 0
180.9853 	EXP 	Display Frame 1
181.1104 	EXP 	Display Frame 0
181.2359 	EXP 	Display Frame 1
181.3609 	EXP 	Display Frame 0
181.4852 	EXP 	Display Frame 1
181.6104 	EXP 	Display Frame 0
181.7356 	EXP 	Display Frame 1
181.8618 	EXP 	Display Frame 0
181.9854 	EXP 	Display Frame 1
182.1103 	EXP 	Display Frame 0
182.2354 	EXP 	Display Frame 1
182.3605 	EXP 	Display Frame 0
182.4855 	EXP 	Display Frame 1
182.6104 	EXP 	Display Frame 0
182.7360 	EXP 	Display Frame 1
182.8603 	EXP 	Display Frame 0
182.9853 	EXP 	Display Frame 1
183.1103 	EXP 	Display Frame 0
183.2358 	EXP 	Display Frame 1
183.3605 	EXP 	Display Frame 0
183.4857 	EXP 	Display Frame 1
183.6106 	EXP 	Display Frame 0
183.7355 	EXP 	Display Frame 1
183.8604 	EXP 	Display Frame 0
183.9854 	EXP 	Display Frame 1
184.1105 	EXP 	Display Frame 0
184.2356 	EXP 	Display Frame 1
184.3604 	EXP 	Display Frame 0
184.4855 	EXP 	Display Frame 1
184.6105 	EXP 	Display Frame 0
184.7359 	EXP 	Display Frame 1
184.8605 	EXP 	Display Frame 0
184.9855 	EXP 	Display Frame 1
185.1104 	EXP 	Display Frame 0
185.2356 	EXP 	Display Frame 1
185.3605 	EXP 	Display Frame 0
185.4854 	EXP 	Display Frame 1
185.6106 	EXP 	Display Frame 0
185.7353 	EXP 	Display Frame 1
185.8596 	EXP 	Display Frame 0
185.9857 	EXP 	Display Frame 1
186.1105 	EXP 	Display Frame 0
186.2352 	EXP 	Display Frame 1
186.3606 	EXP 	Display Frame 0
186.4855 	EXP 	Display Frame 1
186.6104 	EXP 	Display Frame 0
186.7357 	EXP 	Display Frame 1
186.8602 	EXP 	Display Frame 0
186.9857 	EXP 	Display Frame 1
187.1106 	EXP 	Display Frame 0
187.2355 	EXP 	Display Frame 1
187.3610 	EXP 	Display Frame 0
187.4852 	EXP 	Display Frame 1
187.6103 	EXP 	Display Frame 0
187.7360 	EXP 	Display Frame 1
187.8601 	EXP 	Display Frame 0
187.9856 	EXP 	Display Frame 1
188.1105 	EXP 	Display Frame 0
188.2354 	EXP 	Display Frame 1
188.3603 	EXP 	Display Frame 0
188.4858 	EXP 	Display Frame 1
188.6105 	EXP 	Display Frame 0
188.7353 	EXP 	Display Frame 1
188.8608 	EXP 	Display Frame 0
188.9855 	EXP 	Display Frame 1
189.1104 	EXP 	Display Frame 0
189.2355 	EXP 	Display Frame 1
189.3604 	EXP 	Display Frame 0
189.4854 	EXP 	Display Frame 1
189.6105 	EXP 	Display Frame 0
189.7355 	EXP 	Display Frame 1
189.8602 	EXP 	Display Frame 0
189.9857 	EXP 	Display Frame 1
190.1105 	EXP 	Display Frame 0
190.2354 	EXP 	Display Frame 1
190.3606 	EXP 	Display Frame 0
190.4857 	EXP 	Display Frame 1
190.6105 	EXP 	Display Frame 0
190.7352 	EXP 	Display Frame 1
190.8608 	EXP 	Display Frame 0
190.9856 	EXP 	Display Frame 1
191.1104 	EXP 	Display Frame 0
191.2359 	EXP 	Display Frame 1
191.3604 	EXP 	Display Frame 0
191.4856 	EXP 	Display Frame 1
191.6105 	EXP 	Display Frame 0
191.7357 	EXP 	Display Frame 1
191.8604 	EXP 	Display Frame 0
191.9857 	EXP 	Display Frame 1
192.1105 	EXP 	Display Frame 0
192.2357 	EXP 	Display Frame 1
192.3607 	EXP 	Display Frame 0
192.4855 	EXP 	Display Frame 1
192.6104 	EXP 	Display Frame 0
192.7357 	EXP 	Display Frame 1
192.8617 	EXP 	Display Frame 0
192.9852 	EXP 	Display Frame 1
193.1103 	EXP 	Display Frame 0
193.2357 	EXP 	Display Frame 1
193.3604 	EXP 	Display Frame 0
193.4856 	EXP 	Display Frame 1
193.6107 	EXP 	Display Frame 0
193.7354 	EXP 	Display Frame 1
193.8604 	EXP 	Display Frame 0
193.9853 	EXP 	Display Frame 1
194.1107 	EXP 	Display Frame 0
194.2356 	EXP 	Display Frame 1
194.3608 	EXP 	Display Frame 0
194.4854 	EXP 	Display Frame 1
194.6106 	EXP 	Display Frame 0
194.7355 	EXP 	Display Frame 1
194.8605 	EXP 	Display Frame 0
194.9854 	EXP 	Display Frame 1
195.1106 	EXP 	Display Frame 0
195.2356 	EXP 	Display Frame 1
195.3604 	EXP 	Display Frame 0
195.4853 	EXP 	Display Frame 1
195.6105 	EXP 	Display Frame 0
195.7352 	EXP 	Display Frame 1
195.8606 	EXP 	Display Frame 0
195.9855 	EXP 	Display Frame 1
196.1112 	EXP 	Display Frame 0
196.2354 	EXP 	Display Frame 1
196.3608 	EXP 	Display Frame 0
196.4854 	EXP 	Display Frame 1
196.6106 	EXP 	Display Frame 0
196.7356 	EXP 	Display Frame 1
196.8607 	EXP 	Display Frame 0
196.9852 	EXP 	Display Frame 1
197.1106 	EXP 	Display Frame 0
197.2354 	EXP 	Display Frame 1
197.3604 	EXP 	Display Frame 0
197.4856 	EXP 	Display Frame 1
197.6107 	EXP 	Display Frame 0
197.7357 	EXP 	Display Frame 1
197.8606 	EXP 	Display Frame 0
197.9855 	EXP 	Display Frame 1
198.1104 	EXP 	Display Frame 0
198.2360 	EXP 	Display Frame 1
198.3601 	EXP 	Display Frame 0
198.4854 	EXP 	Display Frame 1
198.6102 	EXP 	Display Frame 0
198.7356 	EXP 	Display Frame 1
198.8605 	EXP 	Display Frame 0
198.9856 	EXP 	Display Frame 1
199.1108 	EXP 	Display Frame 0
199.2356 	EXP 	Display Frame 1
199.3604 	EXP 	Display Frame 0
199.4856 	EXP 	Display Frame 1
199.6104 	EXP 	Display Frame 0
199.7354 	EXP 	Display Frame 1
199.8605 	EXP 	Display Frame 0
199.9855 	EXP 	Display Frame 1
200.1103 	EXP 	Display Frame 0
200.2354 	EXP 	Display Frame 1
200.3605 	EXP 	Display Frame 0
200.4852 	EXP 	Display Frame 1
200.6106 	EXP 	Display Frame 0
200.7355 	EXP 	Display Frame 1
200.8604 	EXP 	Display Frame 0
200.9856 	EXP 	Display Frame 1
201.1105 	EXP 	Display Frame 0
201.2356 	EXP 	Display Frame 1
201.3604 	EXP 	Display Frame 0
201.4855 	EXP 	Display Frame 1
201.6104 	EXP 	Display Frame 0
201.7363 	EXP 	Display Frame 1
201.8605 	EXP 	Display Frame 0
201.9852 	EXP 	Display Frame 1
202.1104 	EXP 	Display Frame 0
202.2358 	EXP 	Display Frame 1
202.3605 	EXP 	Display Frame 0
202.4854 	EXP 	Display Frame 1
202.6106 	EXP 	Display Frame 0
202.7355 	EXP 	Display Frame 1
202.8609 	EXP 	Display Frame 0
202.9853 	EXP 	Display Frame 1
203.1105 	EXP 	Display Frame 0
203.2347 	EXP 	Display Frame 1
203.3603 	EXP 	Display Frame 0
203.4858 	EXP 	Display Frame 1
203.6105 	EXP 	Display Frame 0
203.7356 	EXP 	Display Frame 1
203.8614 	EXP 	Display Frame 0
203.9852 	EXP 	Display Frame 1
204.1102 	EXP 	Display Frame 0
204.2347 	EXP 	Display Frame 1
204.3605 	EXP 	Display Frame 0
204.4854 	EXP 	Display Frame 1
204.6108 	EXP 	Display Frame 0
204.7355 	EXP 	Display Frame 1
204.8610 	EXP 	Display Frame 0
204.9855 	EXP 	Display Frame 1
205.1105 	EXP 	Display Frame 0
205.2344 	EXP 	Display Frame 1
205.3606 	EXP 	Display Frame 0
205.4855 	EXP 	Display Frame 1
205.6104 	EXP 	Display Frame 0
205.7356 	EXP 	Display Frame 1
205.8605 	EXP 	Display Frame 0
205.9855 	EXP 	Display Frame 1
206.1105 	EXP 	Display Frame 0
206.2344 	EXP 	Display Frame 1
206.3604 	EXP 	Display Frame 0
206.4854 	EXP 	Display Frame 1
206.6105 	EXP 	Display Frame 0
206.7355 	EXP 	Display Frame 1
206.8604 	EXP 	Display Frame 0
206.9856 	EXP 	Display Frame 1
207.1105 	EXP 	Display Frame 0
207.2344 	EXP 	Display Frame 1
207.3605 	EXP 	Display Frame 0
207.4854 	EXP 	Display Frame 1
207.6102 	EXP 	Display Frame 0
207.7357 	EXP 	Display Frame 1
207.8600 	DATA 	Keypress: t
207.8625 	EXP 	Display Frame 0
207.9850 	EXP 	Display Frame 1
208.1102 	EXP 	Display Frame 0
208.2345 	EXP 	Display Frame 1
208.3603 	EXP 	Display Frame 0
208.4856 	EXP 	Display Frame 1
208.6105 	EXP 	Display Frame 0
208.7354 	EXP 	Display Frame 1
208.8609 	EXP 	Display Frame 0
208.9855 	EXP 	Display Frame 1
209.1103 	EXP 	Display Frame 0
209.2338 	DATA 	Keypress: t
209.2353 	EXP 	Display Frame 1
209.2373 	EXP 	Display Fixation
251.1392 	DATA 	Keypress: t
252.5770 	DATA 	Keypress: t
252.7039 	EXP 	Display Frame 1
252.8299 	EXP 	Display Frame 0
252.9556 	EXP 	Display Frame 1
253.0797 	EXP 	Display Frame 0
253.2043 	EXP 	Display Frame 1
253.3299 	EXP 	Display Frame 0
253.4547 	EXP 	Display Frame 1
253.5796 	EXP 	Display Frame 0
253.7053 	EXP 	Display Frame 1
253.8302 	EXP 	Display Frame 0
253.9546 	EXP 	Display Frame 1
254.0799 	EXP 	Display Frame 0
254.2049 	EXP 	Display Frame 1
254.3298 	EXP 	Display Frame 0
254.4550 	EXP 	Display Frame 1
254.5799 	EXP 	Display Frame 0
254.7048 	EXP 	Display Frame 1
254.8300 	EXP 	Display Frame 0
254.9550 	EXP 	Display Frame 1
255.0799 	EXP 	Display Frame 0
255.2050 	EXP 	Display Frame 1
255.3300 	EXP 	Display Frame 0
255.4549 	EXP 	Display Frame 1
255.5798 	EXP 	Display Frame 0
255.7050 	EXP 	Display Frame 1
255.8299 	EXP 	Display Frame 0
255.9548 	EXP 	Display Frame 1
256.0796 	EXP 	Display Frame 0
256.2054 	EXP 	Display Frame 1
256.3296 	EXP 	Display Frame 0
256.4548 	EXP 	Display Frame 1
256.5799 	EXP 	Display Frame 0
256.7048 	EXP 	Display Frame 1
256.8295 	EXP 	Display Frame 0
256.9549 	EXP 	Display Frame 1
257.0800 	EXP 	Display Frame 0
257.2046 	EXP 	Display Frame 1
257.3300 	EXP 	Display Frame 0
257.4552 	EXP 	Display Frame 1
257.5800 	EXP 	Display Frame 0
257.7049 	EXP 	Display Frame 1
257.8299 	EXP 	Display Frame 0
257.9548 	EXP 	Display Frame 1
258.0799 	EXP 	Display Frame 0
258.2049 	EXP 	Display Frame 1
258.3298 	EXP 	Display Frame 0
258.4553 	EXP 	Display Frame 1
258.5799 	EXP 	Display Frame 0
258.7046 	EXP 	Display Frame 1
258.8310 	EXP 	Display Frame 0
258.9547 	EXP 	Display Frame 1
259.0796 	EXP 	Display Frame 0
259.2050 	EXP 	Display Frame 1
259.3302 	EXP 	Display Frame 0
259.4548 	EXP 	Display Frame 1
259.5798 	EXP 	Display Frame 0
259.7050 	EXP 	Display Frame 1
259.8304 	EXP 	Display Frame 0
259.9546 	EXP 	Display Frame 1
260.0800 	EXP 	Display Frame 0
260.2049 	EXP 	Display Frame 1
260.3306 	EXP 	Display Frame 0
260.4547 	EXP 	Display Frame 1
260.5796 	EXP 	Display Frame 0
260.7047 	EXP 	Display Frame 1
260.8300 	EXP 	Display Frame 0
260.9551 	EXP 	Display Frame 1
261.0800 	EXP 	Display Frame 0
261.2049 	EXP 	Display Frame 1
261.3301 	EXP 	Display Frame 0
261.4548 	EXP 	Display Frame 1
261.5798 	EXP 	Display Frame 0
261.7049 	EXP 	Display Frame 1
261.8298 	EXP 	Display Frame 0
261.9548 	EXP 	Display Frame 1
262.0799 	EXP 	Display Frame 0
262.2049 	EXP 	Display Frame 1
262.3298 	EXP 	Display Frame 0
262.4549 	EXP 	Display Frame 1
262.5799 	EXP 	Display Frame 0
262.7054 	EXP 	Display Frame 1
262.8307 	EXP 	Display Frame 0
262.9549 	EXP 	Display Frame 1
263.0796 	EXP 	Display Frame 0
263.2048 	EXP 	Display Frame 1
263.3299 	EXP 	Display Frame 0
263.4551 	EXP 	Display Frame 1
263.5800 	EXP 	Display Frame 0
263.7049 	EXP 	Display Frame 1
263.8298 	EXP 	Display Frame 0
263.9550 	EXP 	Display Frame 1
264.0799 	EXP 	Display Frame 0
264.2048 	EXP 	Display Frame 1
264.3307 	EXP 	Display Frame 0
264.4547 	EXP 	Display Frame 1
264.5797 	EXP 	Display Frame 0
264.7050 	EXP 	Display Frame 1
264.8299 	EXP 	Display Frame 0
264.9552 	EXP 	Display Frame 1
265.0801 	EXP 	Display Frame 0
265.2050 	EXP 	Display Frame 1
265.3302 	EXP 	Display Frame 0
265.4551 	EXP 	Display Frame 1
265.5800 	EXP 	Display Frame 0
265.7049 	EXP 	Display Frame 1
265.8298 	EXP 	Display Frame 0
265.9550 	EXP 	Display Frame 1
266.0799 	EXP 	Display Frame 0
266.2048 	EXP 	Display Frame 1
266.3300 	EXP 	Display Frame 0
266.4549 	EXP 	Display Frame 1
266.5799 	EXP 	Display Frame 0
266.7050 	EXP 	Display Frame 1
266.8299 	EXP 	Display Frame 0
266.9549 	EXP 	Display Frame 1
267.0800 	EXP 	Display Frame 0
267.2050 	EXP 	Display Frame 1
267.3299 	EXP 	Display Frame 0
267.4548 	EXP 	Display Frame 1
267.5800 	EXP 	Display Frame 0
267.7049 	EXP 	Display Frame 1
267.8298 	EXP 	Display Frame 0
267.9551 	EXP 	Display Frame 1
268.0797 	EXP 	Display Frame 0
268.2048 	EXP 	Display Frame 1
268.3299 	EXP 	Display Frame 0
268.4552 	EXP 	Display Frame 1
268.5797 	EXP 	Display Frame 0
268.7049 	EXP 	Display Frame 1
268.8296 	EXP 	Display Frame 0
268.9546 	EXP 	Display Frame 1
269.0799 	EXP 	Display Frame 0
269.2050 	EXP 	Display Frame 1
269.3298 	EXP 	Display Frame 0
269.4548 	EXP 	Display Frame 1
269.5800 	EXP 	Display Frame 0
269.7047 	EXP 	Display Frame 1
269.8309 	EXP 	Display Frame 0
269.9547 	EXP 	Display Frame 1
270.0797 	EXP 	Display Frame 0
270.2051 	EXP 	Display Frame 1
270.3300 	EXP 	Display Frame 0
270.4552 	EXP 	Display Frame 1
270.5799 	EXP 	Display Frame 0
270.7054 	EXP 	Display Frame 1
270.8303 	EXP 	Display Frame 0
270.9548 	EXP 	Display Frame 1
271.0800 	EXP 	Display Frame 0
271.2050 	EXP 	Display Frame 1
271.3298 	EXP 	Display Frame 0
271.4548 	EXP 	Display Frame 1
271.5799 	EXP 	Display Frame 0
271.7048 	EXP 	Display Frame 1
271.8298 	EXP 	Display Frame 0
271.9550 	EXP 	Display Frame 1
272.0798 	EXP 	Display Frame 0
272.2048 	EXP 	Display Frame 1
272.3300 	EXP 	Display Frame 0
272.4549 	EXP 	Display Frame 1
272.5798 	EXP 	Display Frame 0
272.7047 	EXP 	Display Frame 1
272.8299 	EXP 	Display Frame 0
272.9556 	EXP 	Display Frame 1
273.0793 	EXP 	Display Frame 0
273.2047 	EXP 	Display Frame 1
273.3298 	EXP 	Display Frame 0
273.4550 	EXP 	Display Frame 1
273.5799 	EXP 	Display Frame 0
273.7048 	EXP 	Display Frame 1
273.8300 	EXP 	Display Frame 0
273.9549 	EXP 	Display Frame 1
274.0799 	EXP 	Display Frame 0
274.2053 	EXP 	Display Frame 1
274.3299 	EXP 	Display Frame 0
274.4549 	EXP 	Display Frame 1
274.5798 	EXP 	Display Frame 0
274.7050 	EXP 	Display Frame 1
274.8304 	EXP 	Display Frame 0
274.9546 	EXP 	Display Frame 1
275.0798 	EXP 	Display Frame 0
275.2047 	EXP 	Display Frame 1
275.3304 	EXP 	Display Frame 0
275.4548 	EXP 	Display Frame 1
275.5797 	EXP 	Display Frame 0
275.7051 	EXP 	Display Frame 1
275.8300 	EXP 	Display Frame 0
275.9549 	EXP 	Display Frame 1
276.0795 	EXP 	Display Frame 0
276.2048 	EXP 	Display Frame 1
276.3297 	EXP 	Display Frame 0
276.4550 	EXP 	Display Frame 1
276.5800 	EXP 	Display Frame 0
276.7050 	EXP 	Display Frame 1
276.8298 	EXP 	Display Frame 0
276.9554 	EXP 	Display Frame 1
277.0801 	EXP 	Display Frame 0
277.2049 	EXP 	Display Frame 1
277.3300 	EXP 	Display Frame 0
277.4552 	EXP 	Display Frame 1
277.5799 	EXP 	Display Frame 0
277.7050 	EXP 	Display Frame 1
277.8300 	EXP 	Display Frame 0
277.9550 	EXP 	Display Frame 1
278.0798 	EXP 	Display Frame 0
278.2047 	EXP 	Display Frame 1
278.3301 	EXP 	Display Frame 0
278.4551 	EXP 	Display Frame 1
278.5799 	EXP 	Display Frame 0
278.7049 	EXP 	Display Frame 1
278.8298 	EXP 	Display Frame 0
278.9548 	EXP 	Display Frame 1
279.0799 	EXP 	Display Frame 0
279.2049 	EXP 	Display Frame 1
279.3297 	EXP 	Display Frame 0
279.4549 	EXP 	Display Frame 1
279.5799 	EXP 	Display Frame 0
279.7048 	EXP 	Display Frame 1
279.8300 	EXP 	Display Frame 0
279.9549 	EXP 	Display Frame 1
280.0798 	EXP 	Display Frame 0
280.2050 	EXP 	Display Frame 1
280.3301 	EXP 	Display Frame 0
280.4548 	EXP 	Display Frame 1
280.5800 	EXP 	Display Frame 0
280.7049 	EXP 	Display Frame 1
280.8300 	EXP 	Display Frame 0
280.9547 	EXP 	Display Frame 1
281.0797 	EXP 	Display Frame 0
281.2048 	EXP 	Display Frame 1
281.3297 	EXP 	Display Frame 0
281.4549 	EXP 	Display Frame 1
281.5799 	EXP 	Display Frame 0
281.7051 	EXP 	Display Frame 1
281.8299 	EXP 	Display Frame 0
281.9548 	EXP 	Display Frame 1
282.0798 	EXP 	Display Frame 0
282.2050 	EXP 	Display Frame 1
282.3298 	EXP 	Display Frame 0
282.4548 	EXP 	Display Frame 1
282.5800 	EXP 	Display Frame 0
282.7046 	EXP 	Display Frame 1
282.8298 	EXP 	Display Frame 0
282.9553 	EXP 	Display Frame 1
283.0797 	EXP 	Display Frame 0
283.2049 	EXP 	Display Frame 1
283.3297 	EXP 	Display Frame 0
283.4547 	EXP 	Display Frame 1
283.5799 	EXP 	Display Frame 0
283.7053 	EXP 	Display Frame 1
283.8299 	EXP 	Display Frame 0
283.9552 	EXP 	Display Frame 1
284.0798 	EXP 	Display Frame 0
284.2049 	EXP 	Display Frame 1
284.3297 	EXP 	Display Frame 0
284.4548 	EXP 	Display Frame 1
284.5799 	EXP 	Display Frame 0
284.7049 	EXP 	Display Frame 1
284.8298 	EXP 	Display Frame 0
284.9542 	EXP 	Display Frame 1
285.0802 	EXP 	Display Frame 0
285.2048 	EXP 	Display Frame 1
285.3299 	EXP 	Display Frame 0
285.4549 	EXP 	Display Frame 1
285.5797 	EXP 	Display Frame 0
285.7050 	EXP 	Display Frame 1
285.8298 	EXP 	Display Frame 0
285.9548 	EXP 	Display Frame 1
286.0797 	EXP 	Display Frame 0
286.2048 	EXP 	Display Frame 1
286.3306 	EXP 	Display Frame 0
286.4546 	EXP 	Display Frame 1
286.5797 	EXP 	Display Frame 0
286.7051 	EXP 	Display Frame 1
286.8298 	EXP 	Display Frame 0
286.9549 	EXP 	Display Frame 1
287.0799 	EXP 	Display Frame 0
287.2048 	EXP 	Display Frame 1
287.3302 	EXP 	Display Frame 0
287.4549 	EXP 	Display Frame 1
287.5798 	EXP 	Display Frame 0
287.7050 	EXP 	Display Frame 1
287.8304 	EXP 	Display Frame 0
287.9546 	EXP 	Display Frame 1
288.0800 	EXP 	Display Frame 0
288.2052 	EXP 	Display Frame 1
288.3300 	EXP 	Display Frame 0
288.4552 	EXP 	Display Frame 1
288.5799 	EXP 	Display Frame 0
288.7048 	EXP 	Display Frame 1
288.8300 	EXP 	Display Frame 0
288.9545 	EXP 	Display Frame 1
289.0798 	EXP 	Display Frame 0
289.2048 	EXP 	Display Frame 1
289.3302 	EXP 	Display Frame 0
289.4549 	EXP 	Display Frame 1
289.5798 	EXP 	Display Frame 0
289.7050 	EXP 	Display Frame 1
289.8299 	EXP 	Display Frame 0
289.9548 	EXP 	Display Frame 1
290.0800 	EXP 	Display Frame 0
290.2049 	EXP 	Display Frame 1
290.3305 	EXP 	Display Frame 0
290.4547 	EXP 	Display Frame 1
290.5797 	EXP 	Display Frame 0
290.7048 	EXP 	Display Frame 1
290.8300 	EXP 	Display Frame 0
290.9549 	EXP 	Display Frame 1
291.0798 	EXP 	Display Frame 0
291.2054 	EXP 	Display Frame 1
291.3301 	EXP 	Display Frame 0
291.4548 	EXP 	Display Frame 1
291.5801 	EXP 	Display Frame 0
291.7053 	EXP 	Display Frame 1
291.8302 	EXP 	Display Frame 0
291.9548 	EXP 	Display Frame 1
292.0797 	EXP 	Display Frame 0
292.2049 	EXP 	Display Frame 1
292.3298 	EXP 	Display Frame 0
292.4550 	EXP 	Display Frame 1
292.5802 	EXP 	Display Frame 0
292.7046 	EXP 	Display Frame 1
292.8300 	EXP 	Display Frame 0
292.9550 	EXP 	Display Frame 1
293.0798 	EXP 	Display Frame 0
293.2050 	EXP 	Display Frame 1
293.3301 	EXP 	Display Frame 0
293.4551 	EXP 	Display Frame 1
293.5800 	EXP 	Display Frame 0
293.7049 	EXP 	Display Frame 1
293.8298 	EXP 	Display Frame 0
293.9549 	EXP 	Display Frame 1
294.0801 	EXP 	Display Frame 0
294.2048 	EXP 	Display Frame 1
294.3298 	EXP 	Display Frame 0
294.4549 	EXP 	Display Frame 1
294.5790 	DATA 	Keypress: t
294.5818 	EXP 	Display Frame 0
294.7046 	EXP 	Display Frame 1
294.8300 	EXP 	Display Frame 0
294.9549 	EXP 	Display Frame 1
295.0800 	EXP 	Display Frame 0
295.2050 	EXP 	Display Frame 1
295.3300 	EXP 	Display Frame 0
295.4548 	EXP 	Display Frame 1
295.5803 	EXP 	Display Frame 0
295.7049 	EXP 	Display Frame 1
295.8298 	EXP 	Display Frame 0
295.9534 	DATA 	Keypress: t
295.9561 	EXP 	Display Frame 1
295.9576 	EXP 	Display Fixation
337.8596 	DATA 	Keypress: t
339.2971 	DATA 	Keypress: t
339.4240 	EXP 	Display Frame 1
339.5499 	EXP 	Display Frame 0
339.6750 	EXP 	Display Frame 1
339.8003 	EXP 	Display Frame 0
339.9251 	EXP 	Display Frame 1
340.0500 	EXP 	Display Frame 0
340.1752 	EXP 	Display Frame 1
340.3004 	EXP 	Display Frame 0
340.4253 	EXP 	Display Frame 1
340.5502 	EXP 	Display Frame 0
340.6751 	EXP 	Display Frame 1
340.8000 	EXP 	Display Frame 0
340.9362 	EXP 	Display Frame 1
341.0502 	EXP 	Display Frame 0
341.1749 	EXP 	Display Frame 1
341.3005 	EXP 	Display Frame 0
341.4249 	EXP 	Display Frame 1
341.5499 	EXP 	Display Frame 0
341.6753 	EXP 	Display Frame 1
341.8001 	EXP 	Display Frame 0
341.9247 	EXP 	Display Frame 1
342.0500 	EXP 	Display Frame 0
342.1755 	EXP 	Display Frame 1
342.3001 	EXP 	Display Frame 0
342.4250 	EXP 	Display Frame 1
342.5502 	EXP 	Display Frame 0
342.6751 	EXP 	Display Frame 1
342.8000 	EXP 	Display Frame 0
342.9252 	EXP 	Display Frame 1
343.0504 	EXP 	Display Frame 0
343.1749 	EXP 	Display Frame 1
343.2998 	EXP 	Display Frame 0
343.4254 	EXP 	Display Frame 1
343.5501 	EXP 	Display Frame 0
343.6750 	EXP 	Display Frame 1
343.8001 	EXP 	Display Frame 0
343.9251 	EXP 	Display Frame 1
344.0500 	EXP 	Display Frame 0
344.1751 	EXP 	Display Frame 1
344.3001 	EXP 	Display Frame 0
344.4251 	EXP 	Display Frame 1
344.5499 	EXP 	Display Frame 0
344.6752 	EXP 	Display Frame 1
344.8000 	EXP 	Display Frame 0
344.9251 	EXP 	Display Frame 1
345.0496 	EXP 	Display Frame 0
345.1750 	EXP 	Display Frame 1
345.3002 	EXP 	Display Frame 0
345.4251 	EXP 	Display Frame 1
345.5500 	EXP 	Display Frame 0
345.6750 	EXP 	Display Frame 1
345.8001 	EXP 	Display Frame 0
345.9250 	EXP 	Display Frame 1
346.0502 	EXP 	Display Frame 0
346.1757 	EXP 	Display Frame 1
346.2997 	EXP 	Display Frame 0
346.4250 	EXP 	Display Frame 1
346.5501 	EXP 	Display Frame 0
346.6750 	EXP 	Display Frame 1
346.8008 	EXP 	Display Frame 0
346.9249 	EXP 	Display Frame 1
347.0499 	EXP 	Display Frame 0
347.1751 	EXP 	Display Frame 1
347.3002 	EXP 	Display Frame 0
347.4253 	EXP 	Display Frame 1
347.5500 	EXP 	Display Frame 0
347.6750 	EXP 	Display Frame 1
347.8001 	EXP 	Display Frame 0
347.9250 	EXP 	Display Frame 1
348.0500 	EXP 	Display Frame 0
348.1750 	EXP 	Display Frame 1
348.3001 	EXP 	Display Frame 0
348.4255 	EXP 	Display Frame 1
348.5501 	EXP 	Display Frame 0
348.6750 	EXP 	Display Frame 1
348.8005 	EXP 	Display Frame 0
348.9251 	EXP 	Display Frame 1
349.0497 	EXP 	Display Frame 0
349.1750 	EXP 	Display Frame 1
349.3001 	EXP 	Display Frame 0
349.4251 	EXP 	Display Frame 1
349.5500 	EXP 	Display Frame 0
349.6752 	EXP 	Display Frame 1
349.8001 	EXP 	Display Frame 0
349.9250 	EXP 	Display Frame 1
350.0502 	EXP 	Display Frame 0
350.1754 	EXP 	Display Frame 1
350.3001 	EXP 	Display Frame 0
350.4255 	EXP 	Display Frame 1
350.5499 	EXP 	Display Frame 0
350.6749 	EXP 	Display Frame 1
350.8000 	EXP 	Display Frame 0
350.9251 	EXP 	Display Frame 1
351.0501 	EXP 	Display Frame 0
351.1753 	EXP 	Display Frame 1
351.3001 	EXP 	Display Frame 0
351.4251 	EXP 	Display Frame 1
351.5500 	EXP 	Display Frame 0
351.6755 	EXP 	Display Frame 1
351.7999 	EXP 	Display Frame 0
351.9251 	EXP 	Display Frame 1
352.0499 	EXP 	Display Frame 0
352.1749 	EXP 	Display Frame 1
352.3005 	EXP 	Display Frame 0
352.4247 	EXP 	Display Frame 1
352.5499 	EXP 	Display Frame 0
352.6753 	EXP 	Display Frame 1
352.8000 	EXP 	Display Frame 0
352.9251 	EXP 	Display Frame 1
353.0500 	EXP 	Display Frame 0
353.1750 	EXP 	Display Frame 1
353.2999 	EXP 	Display Frame 0
353.4254 	EXP 	Display Frame 1
353.5500 	EXP 	Display Frame 0
353.6752 	EXP 	Display Frame 1
353.8001 	EXP 	Display Frame 0
353.9250 	EXP 	Display Frame 1
354.0501 	EXP 	Display Frame 0
354.1751 	EXP 	Display Frame 1
354.3000 	EXP 	Display Frame 0
354.4252 	EXP 	Display Frame 1
354.5501 	EXP 	Display Frame 0
354.6750 	EXP 	Display Frame 1
354.7999 	EXP 	Display Frame 0
354.9251 	EXP 	Display Frame 1
355.0500 	EXP 	Display Frame 0
355.1750 	EXP 	Display Frame 1
355.3001 	EXP 	Display Frame 0
355.4250 	EXP 	Display Frame 1
355.5499 	EXP 	Display Frame 0
355.6751 	EXP 	Display Frame 1
355.8000 	EXP 	Display Frame 0
355.9250 	EXP 	Display Frame 1
356.0501 	EXP 	Display Frame 0
356.1751 	EXP 	Display Frame 1
356.2999 	EXP 	Display Frame 0
356.4251 	EXP 	Display Frame 1
356.5501 	EXP 	Display Frame 0
356.6750 	EXP 	Display Frame 1
356.7999 	EXP 	Display Frame 0
356.9251 	EXP 	Display Frame 1
357.0501 	EXP 	Display Frame 0
357.1747 	EXP 	Display Frame 1
357.2998 	EXP 	Display Frame 0
357.4250 	EXP 	Display Frame 1
357.5500 	EXP 	Display Frame 0
357.6754 	EXP 	Display Frame 1
357.8002 	EXP 	Display Frame 0
357.9247 	EXP 	Display Frame 1
358.0499 	EXP 	Display Frame 0
358.1751 	EXP 	Display Frame 1
358.3000 	EXP 	Display Frame 0
358.4251 	EXP 	Display Frame 1
358.5504 	EXP 	Display Frame 0
358.6748 	EXP 	Display Frame 1
358.7999 	EXP 	Display Frame 0
358.9251 	EXP 	Display Frame 1
359.0503 	EXP 	Display Frame 0
359.1752 	EXP 	Display Frame 1
359.3001 	EXP 	Display Frame 0
359.4250 	EXP 	Display Frame 1
359.5499 	EXP 	Display Frame 0
359.6751 	EXP 	Display Frame 1
359.8000 	EXP 	Display Frame 0
359.9253 	EXP 	Display Frame 1
360.0498 	EXP 	Display Frame 0
360.1748 	EXP 	Display Frame 1
360.3000 	EXP 	Display Frame 0
360.4254 	EXP 	Display Frame 1
360.5504 	EXP 	Display Frame 0
360.6750 	EXP 	Display Frame 1
360.8001 	EXP 	Display Frame 0
360.9253 	EXP 	Display Frame 1
361.0497 	EXP 	Display Frame 0
361.1758 	EXP 	Display Frame 1
361.2997 	EXP 	Display Frame 0
361.4254 	EXP 	Display Frame 1
361.5499 	EXP 	Display Frame 0
361.6751 	EXP 	Display Frame 1
361.8000 	EXP 	Display Frame 0
361.9249 	EXP 	Display Frame 1
362.0504 	EXP 	Display Frame 0
362.1750 	EXP 	Display Frame 1
362.3002 	EXP 	Display Frame 0
362.4254 	EXP 	Display Frame 1
362.5510 	EXP 	Display Frame 0
362.6748 	EXP 	Display Frame 1
362.8002 	EXP 	Display Frame 0
362.9249 	EXP 	Display Frame 1
363.0505 	EXP 	Display Frame 0
363.1747 	EXP 	Display Frame 1
363.3002 	EXP 	Display Frame 0
363.4248 	EXP 	Display Frame 1
363.5499 	EXP 	Display Frame 0
363.6753 	EXP 	Display Frame 1
363.8000 	EXP 	Display Frame 0
363.9252 	EXP 	Display Frame 1
364.0498 	EXP 	Display Frame 0
364.1752 	EXP 	Display Frame 1
364.3002 	EXP 	Display Frame 0
364.4251 	EXP 	Display Frame 1
364.5502 	EXP 	Display Frame 0
364.6750 	EXP 	Display Frame 1
364.8006 	EXP 	Display Frame 0
364.9246 	EXP 	Display Frame 1
365.0502 	EXP 	Display Frame 0
365.1754 	EXP 	Display Frame 1
365.2998 	EXP 	Display Frame 0
365.4257 	EXP 	Display Frame 1
365.5499 	EXP 	Display Frame 0
365.6749 	EXP 	Display Frame 1
365.8001 	EXP 	Display Frame 0
365.9251 	EXP 	Display Frame 1
366.0501 	EXP 	Display Frame 0
366.1758 	EXP 	Display Frame 1
366.2995 	EXP 	Display Frame 0
366.4248 	EXP 	Display Frame 1
366.5504 	EXP 	Display Frame 0
366.6755 	EXP 	Display Frame 1
366.8001 	EXP 	Display Frame 0
366.9250 	EXP 	Display Frame 1
367.0499 	EXP 	Display Frame 0
367.1751 	EXP 	Display Frame 1
367.3000 	EXP 	Display Frame 0
367.4250 	EXP 	Display Frame 1
367.5502 	EXP 	Display Frame 0
367.6750 	EXP 	Display Frame 1
367.8000 	EXP 	Display Frame 0
367.9251 	EXP 	Display Frame 1
368.0501 	EXP 	Display Frame 0
368.1754 	EXP 	Display Frame 1
368.3003 	EXP 	Display Frame 0
368.4250 	EXP 	Display Frame 1
368.5500 	EXP 	Display Frame 0
368.6747 	EXP 	Display Frame 1
368.8002 	EXP 	Display Frame 0
368.9248 	EXP 	Display Frame 1
369.0500 	EXP 	Display Frame 0
369.1756 	EXP 	Display Frame 1
369.3000 	EXP 	Display Frame 0
369.4249 	EXP 	Display Frame 1
369.5501 	EXP 	Display Frame 0
369.6750 	EXP 	Display Frame 1
369.7999 	EXP 	Display Frame 0
369.9251 	EXP 	Display Frame 1
370.0503 	EXP 	Display Frame 0
370.1752 	EXP 	Display Frame 1
370.3001 	EXP 	Display Frame 0
370.4250 	EXP 	Display Frame 1
370.5500 	EXP 	Display Frame 0
370.6752 	EXP 	Display Frame 1
370.8000 	EXP 	Display Frame 0
370.9250 	EXP 	Display Frame 1
371.0499 	EXP 	Display Frame 0
371.1751 	EXP 	Display Frame 1
371.3000 	EXP 	Display Frame 0
371.4254 	EXP 	Display Frame 1
371.5501 	EXP 	Display Frame 0
371.6750 	EXP 	Display Frame 1
371.8002 	EXP 	Display Frame 0
371.9251 	EXP 	Display Frame 1
372.0501 	EXP 	Display Frame 0
372.1755 	EXP 	Display Frame 1
372.3001 	EXP 	Display Frame 0
372.4253 	EXP 	Display Frame 1
372.5501 	EXP 	Display Frame 0
372.6751 	EXP 	Display Frame 1
372.8000 	EXP 	Display Frame 0
372.9250 	EXP 	Display Frame 1
373.0500 	EXP 	Display Frame 0
373.1756 	EXP 	Display Frame 1
373.2996 	EXP 	Display Frame 0
373.4252 	EXP 	Display Frame 1
373.5499 	EXP 	Display Frame 0
373.6750 	EXP 	Display Frame 1
373.7999 	EXP 	Display Frame 0
373.9251 	EXP 	Display Frame 1
374.0500 	EXP 	Display Frame 0
374.1750 	EXP 	Display Frame 1
374.3007 	EXP 	Display Frame 0
374.4249 	EXP 	Display Frame 1
374.5497 	EXP 	Display Frame 0
374.6751 	EXP 	Display Frame 1
374.8000 	EXP 	Display Frame 0
374.9250 	EXP 	Display Frame 1
375.0501 	EXP 	Display Frame 0
375.1751 	EXP 	Display Frame 1
375.3000 	EXP 	Display Frame 0
375.4251 	EXP 	Display Frame 1
375.5501 	EXP 	Display Frame 0
375.6750 	EXP 	Display Frame 1
375.7999 	EXP 	Display Frame 0
375.9251 	EXP 	Display Frame 1
376.0500 	EXP 	Display Frame 0
376.1750 	EXP 	Display Frame 1
376.3001 	EXP 	Display Frame 0
376.4250 	EXP 	Display Frame 1
376.5500 	EXP 	Display Frame 0
376.6751 	EXP 	Display Frame 1
376.8000 	EXP 	Display Frame 0
376.9250 	EXP 	Display Frame 1
377.0501 	EXP 	Display Frame 0
377.1753 	EXP 	Display Frame 1
377.3000 	EXP 	Display Frame 0
377.4254 	EXP 	Display Frame 1
377.5500 	EXP 	Display Frame 0
377.6750 	EXP 	Display Frame 1
377.8004 	EXP 	Display Frame 0
377.9250 	EXP 	Display Frame 1
378.0500 	EXP 	Display Frame 0
378.1751 	EXP 	Display Frame 1
378.3001 	EXP 	Display Frame 0
378.4252 	EXP 	Display Frame 1
378.5499 	EXP 	Display Frame 0
378.6751 	EXP 	Display Frame 1
378.8000 	EXP 	Display Frame 0
378.9249 	EXP 	Display Frame 1
379.0501 	EXP 	Display Frame 0
379.1750 	EXP 	Display Frame 1
379.2999 	EXP 	Display Frame 0
379.4251 	EXP 	Display Frame 1
379.5500 	EXP 	Display Frame 0
379.6749 	EXP 	Display Frame 1
379.8000 	EXP 	Display Frame 0
379.9248 	EXP 	Display Frame 1
380.0497 	EXP 	Display Frame 0
380.1751 	EXP 	Display Frame 1
380.3000 	EXP 	Display Frame 0
380.4257 	EXP 	Display Frame 1
380.5499 	EXP 	Display Frame 0
380.6748 	EXP 	Display Frame 1
380.8000 	EXP 	Display Frame 0
380.9251 	EXP 	Display Frame 1
381.0501 	EXP 	Display Frame 0
381.1749 	EXP 	Display Frame 1
381.2993 	DATA 	Keypress: t
381.3021 	EXP 	Display Frame 0
381.4251 	EXP 	Display Frame 1
381.5498 	EXP 	Display Frame 0
381.6749 	EXP 	Display Frame 1
381.8001 	EXP 	Display Frame 0
381.9250 	EXP 	Display Frame 1
382.0500 	EXP 	Display Frame 0
382.1751 	EXP 	Display Frame 1
382.3001 	EXP 	Display Frame 0
382.4252 	EXP 	Display Frame 1
382.5502 	EXP 	Display Frame 0
382.6739 	DATA 	Keypress: t
382.6767 	EXP 	Display Frame 1
382.6921 	EXP 	Display Fixation
424.5789 	DATA 	Keypress: t
426.0174 	DATA 	Keypress: t
426.1458 	EXP 	Display Frame 1
426.2699 	EXP 	Display Frame 0
426.3951 	EXP 	Display Frame 1
426.5207 	EXP 	Display Frame 0
426.6452 	EXP 	Display Frame 1
426.7702 	EXP 	Display Frame 0
426.8957 	EXP 	Display Frame 1
427.0203 	EXP 	Display Frame 0
427.1453 	EXP 	Display Frame 1
427.2702 	EXP 	Display Frame 0
427.3954 	EXP 	Display Frame 1
427.5206 	EXP 	Display Frame 0
427.6453 	EXP 	Display Frame 1
427.7702 	EXP 	Display Frame 0
427.8953 	EXP 	Display Frame 1
428.0206 	EXP 	Display Frame 0
428.1452 	EXP 	Display Frame 1
428.2703 	EXP 	Display Frame 0
428.3956 	EXP 	Display Frame 1
428.5205 	EXP 	Display Frame 0
428.6453 	EXP 	Display Frame 1
428.7703 	EXP 	Display Frame 0
428.8955 	EXP 	Display Frame 1
429.0203 	EXP 	Display Frame 0
429.1450 	EXP 	Display Frame 1
429.2710 	EXP 	Display Frame 0
429.3949 	EXP 	Display Frame 1
429.5204 	EXP 	Display Frame 0
429.6455 	EXP 	Display Frame 1
429.7701 	EXP 	Display Frame 0
429.8953 	EXP 	Display Frame 1
430.0205 	EXP 	Display Frame 0
430.1452 	EXP 	Display Frame 1
430.2703 	EXP 	Display Frame 0
430.3953 	EXP 	Display Frame 1
430.5205 	EXP 	Display Frame 0
430.6454 	EXP 	Display Frame 1
430.7703 	EXP 	Display Frame 0
430.8952 	EXP 	Display Frame 1
431.0199 	EXP 	Display Frame 0
431.1453 	EXP 	Display Frame 1
431.2702 	EXP 	Display Frame 0
431.3954 	EXP 	Display Frame 1
431.5206 	EXP 	Display Frame 0
431.6452 	EXP 	Display Frame 1
431.7701 	EXP 	Display Frame 0
431.8953 	EXP 	Display Frame 1
432.0206 	EXP 	Display Frame 0
432.1452 	EXP 	Display Frame 1
432.2703 	EXP 	Display Frame 0
432.3953 	EXP 	Display Frame 1
432.5201 	EXP 	Display Frame 0
432.6453 	EXP 	Display Frame 1
432.7703 	EXP 	Display Frame 0
432.8952 	EXP 	Display Frame 1
433.0206 	EXP 	Display Frame 0
433.1453 	EXP 	Display Frame 1
433.2708 	EXP 	Display Frame 0
433.3951 	EXP 	Display Frame 1
433.5204 	EXP 	Display Frame 0
433.6453 	EXP 	Display Frame 1
433.7704 	EXP 	Display Frame 0
433.8954 	EXP 	Display Frame 1
434.0205 	EXP 	Display Frame 0
434.1454 	EXP 	Display Frame 1
434.2703 	EXP 	Display Frame 0
434.3953 	EXP 	Display Frame 1
434.5208 	EXP 	Display Frame 0
434.6453 	EXP 	Display Frame 1
434.7710 	EXP 	Display Frame 0
434.8954 	EXP 	Display Frame 1
435.0205 	EXP 	Display Frame 0
435.1454 	EXP 	Display Frame 1
435.2702 	EXP 	Display Frame 0
435.3953 	EXP 	Display Frame 1
435.5205 	EXP 	Display Frame 0
435.6452 	EXP 	Display Frame 1
435.7707 	EXP 	Display Frame 0
435.8956 	EXP 	Display Frame 1
436.0204 	EXP 	Display Frame 0
436.1454 	EXP 	Display Frame 1
436.2706 	EXP 	Display Frame 0
436.3952 	EXP 	Display Frame 1
436.5207 	EXP 	Display Frame 0
436.6453 	EXP 	Display Frame 1
436.7703 	EXP 	Display Frame 0
436.8957 	EXP 	Display Frame 1
437.0206 	EXP 	Display Frame 0
437.1453 	EXP 	Display Frame 1
437.2707 	EXP 	Display Frame 0
437.3956 	EXP 	Display Frame 1
437.5205 	EXP 	Display Frame 0
437.6452 	EXP 	Display Frame 1
437.7703 	EXP 	Display Frame 0
437.8953 	EXP 	Display Frame 1
438.0205 	EXP 	Display Frame 0
438.1454 	EXP 	Display Frame 1
438.2703 	EXP 	Display Frame 0
438.3953 	EXP 	Display Frame 1
438.5207 	EXP 	Display Frame 0
438.6453 	EXP 	Display Frame 1
438.7702 	EXP 	Display Frame 0
438.8954 	EXP 	Display Frame 1
439.0206 	EXP 	Display Frame 0
439.1450 	EXP 	Display Frame 1
439.2702 	EXP 	Display Frame 0
439.3953 	EXP 	Display Frame 1
439.5205 	EXP 	Display Frame 0
439.6452 	EXP 	Display Frame 1
439.7704 	EXP 	Display Frame 0
439.8953 	EXP 	Display Frame 1
440.0207 	EXP 	Display Frame 0
440.1452 	EXP 	Display Frame 1
440.2709 	EXP 	Display Frame 0
440.3957 	EXP 	Display Frame 1
440.5199 	EXP 	Display Frame 0
440.6451 	EXP 	Display Frame 1
440.7702 	EXP 	Display Frame 0
440.8954 	EXP 	Display Frame 1
441.0206 	EXP 	Display Frame 0
441.1452 	EXP 	Display Frame 1
441.2706 	EXP 	Display Frame 0
441.3956 	EXP 	Display Frame 1
441.5205 	EXP 	Display Frame 0
441.6454 	EXP 	Display Frame 1
441.7703 	EXP 	Display Frame 0
441.8952 	EXP 	Display Frame 1
442.0204 	EXP 	Display Frame 0
442.1453 	EXP 	Display Frame 1
442.2702 	EXP 	Display Frame 0
442.3952 	EXP 	Display Frame 1
442.5206 	EXP 	Display Frame 0
442.6456 	EXP 	Display Frame 1
442.7706 	EXP 	Display Frame 0
442.8952 	EXP 	Display Frame 1
443.0205 	EXP 	Display Frame 0
443.1450 	EXP 	Display Frame 1
443.2706 	EXP 	Display Frame 0
443.3953 	EXP 	Display Frame 1
443.5203 	EXP 	Display Frame 0
443.6454 	EXP 	Display Frame 1
443.7703 	EXP 	Display Frame 0
443.8953 	EXP 	Display Frame 1
444.0204 	EXP 	Display Frame 0
444.1454 	EXP 	Display Frame 1
444.2702 	EXP 	Display Frame 0
444.3954 	EXP 	Display Frame 1
444.5206 	EXP 	Display Frame 0
444.6451 	EXP 	Display Frame 1
444.7702 	EXP 	Display Frame 0
444.8953 	EXP 	Display Frame 1
445.0205 	EXP 	Display Frame 0
445.1453 	EXP 	Display Frame 1
445.2706 	EXP 	Display Frame 0
445.3953 	EXP 	Display Frame 1
445.5205 	EXP 	Display Frame 0
445.6452 	EXP 	Display Frame 1
445.7706 	EXP 	Display Frame 0
445.8950 	EXP 	Display Frame 1
446.0205 	EXP 	Display Frame 0
446.1458 	EXP 	Display Frame 1
446.2700 	EXP 	Display Frame 0
446.3952 	EXP 	Display Frame 1
446.5206 	EXP 	Display Frame 0
446.6452 	EXP 	Display Frame 1
446.7702 	EXP 	Display Frame 0
446.8953 	EXP 	Display Frame 1
447.0205 	EXP 	Display Frame 0
447.1452 	EXP 	Display Frame 1
447.2703 	EXP 	Display Frame 0
447.3953 	EXP 	Display Frame 1
447.5202 	EXP 	Display Frame 0
447.6453 	EXP 	Display Frame 1
447.7703 	EXP 	Display Frame 0
447.8952 	EXP 	Display Frame 1
448.0206 	EXP 	Display Frame 0
448.1453 	EXP 	Display Frame 1
448.2702 	EXP 	Display Frame 0
448.3954 	EXP 	Display Frame 1
448.5206 	EXP 	Display Frame 0
448.6455 	EXP 	Display Frame 1
448.7701 	EXP 	Display Frame 0
448.8953 	EXP 	Display Frame 1
449.0202 	EXP 	Display Frame 0
449.1452 	EXP 	Display Frame 1
449.2706 	EXP 	Display Frame 0
449.3952 	EXP 	Display Frame 1
449.5201 	EXP 	Display Frame 0
449.6453 	EXP 	Display Frame 1
449.7700 	EXP 	Display Frame 0
449.8954 	EXP 	Display Frame 1
450.0204 	EXP 	Display Frame 0
450.1458 	EXP 	Display Frame 1
450.2702 	EXP 	Display Frame 0
450.3949 	EXP 	Display Frame 1
450.5206 	EXP 	Display Frame 0
450.6454 	EXP 	Display Frame 1
450.7704 	EXP 	Display Frame 0
450.8952 	EXP 	Display Frame 1
451.0202 	EXP 	Display Frame 0
451.1455 	EXP 	Display Frame 1
451.2708 	EXP 	Display Frame 0
451.3949 	EXP 	Display Frame 1
451.5203 	EXP 	Display Frame 0
451.6451 	EXP 	Display Frame 1
451.7700 	EXP 	Display Frame 0
451.8952 	EXP 	Display Frame 1
452.0206 	EXP 	Display Frame 0
452.1451 	EXP 	Display Frame 1
452.2705 	EXP 	Display Frame 0
452.3953 	EXP 	Display Frame 1
452.5204 	EXP 	Display Frame 0
452.6452 	EXP 	Display Frame 1
452.7703 	EXP 	Display Frame 0
452.8953 	EXP 	Display Frame 1
453.0202 	EXP 	Display Frame 0
453.1451 	EXP 	Display Frame 1
453.2716 	EXP 	Display Frame 0
453.3949 	EXP 	Display Frame 1
453.5205 	EXP 	Display Frame 0
453.6452 	EXP 	Display Frame 1
453.7703 	EXP 	Display Frame 0
453.8948 	EXP 	Display Frame 1
454.0204 	EXP 	Display Frame 0
454.1453 	EXP 	Display Frame 1
454.2704 	EXP 	Display Frame 0
454.3953 	EXP 	Display Frame 1
454.5205 	EXP 	Display Frame 0
454.6452 	EXP 	Display Frame 1
454.7709 	EXP 	Display Frame 0
454.8949 	EXP 	Display Frame 1
455.0200 	EXP 	Display Frame 0
455.1453 	EXP 	Display Frame 1
455.2703 	EXP 	Display Frame 0
455.3952 	EXP 	Display Frame 1
455.5206 	EXP 	Display Frame 0
455.6450 	EXP 	Display Frame 1
455.7703 	EXP 	Display Frame 0
455.8954 	EXP 	Display Frame 1
456.0206 	EXP 	Display Frame 0
456.1453 	EXP 	Display Frame 1
456.2702 	EXP 	Display Frame 0
456.3951 	EXP 	Display Frame 1
456.5202 	EXP 	Display Frame 0
456.6452 	EXP 	Display Frame 1
456.7707 	EXP 	Display Frame 0
456.8950 	EXP 	Display Frame 1
457.0205 	EXP 	Display Frame 0
457.1453 	EXP 	Display Frame 1
457.2705 	EXP 	Display Frame 0
457.3954 	EXP 	Display Frame 1
457.5206 	EXP 	Display Frame 0
457.6453 	EXP 	Display Frame 1
457.7704 	EXP 	Display Frame 0
457.8953 	EXP 	Display Frame 1
458.0206 	EXP 	Display Frame 0
458.1452 	EXP 	Display Frame 1
458.2703 	EXP 	Display Frame 0
458.3953 	EXP 	Display Frame 1
458.5202 	EXP 	Display Frame 0
458.6454 	EXP 	Display Frame 1
458.7704 	EXP 	Display Frame 0
458.8950 	EXP 	Display Frame 1
459.0205 	EXP 	Display Frame 0
459.1453 	EXP 	Display Frame 1
459.2703 	EXP 	Display Frame 0
459.3954 	EXP 	Display Frame 1
459.5205 	EXP 	Display Frame 0
459.6453 	EXP 	Display Frame 1
459.7703 	EXP 	Display Frame 0
459.8953 	EXP 	Display Frame 1
460.0204 	EXP 	Display Frame 0
460.1453 	EXP 	Display Frame 1
460.2703 	EXP 	Display Frame 0
460.3953 	EXP 	Display Frame 1
460.5201 	EXP 	Display Frame 0
460.6454 	EXP 	Display Frame 1
460.7703 	EXP 	Display Frame 0
460.8952 	EXP 	Display Frame 1
461.0207 	EXP 	Display Frame 0
461.1453 	EXP 	Display Frame 1
461.2705 	EXP 	Display Frame 0
461.3954 	EXP 	Display Frame 1
461.5206 	EXP 	Display Frame 0
461.6451 	EXP 	Display Frame 1
461.7704 	EXP 	Display Frame 0
461.8953 	EXP 	Display Frame 1
462.0203 	EXP 	Display Frame 0
462.1447 	EXP 	Display Frame 1
462.2709 	EXP 	Display Frame 0
462.3950 	EXP 	Display Frame 1
462.5206 	EXP 	Display Frame 0
462.6454 	EXP 	Display Frame 1
462.7703 	EXP 	Display Frame 0
462.8952 	EXP 	Display Frame 1
463.0206 	EXP 	Display Frame 0
463.1453 	EXP 	Display Frame 1
463.2708 	EXP 	Display Frame 0
463.3948 	EXP 	Display Frame 1
463.5206 	EXP 	Display Frame 0
463.6452 	EXP 	Display Frame 1
463.7702 	EXP 	Display Frame 0
463.8954 	EXP 	Display Frame 1
464.0202 	EXP 	Display Frame 0
464.1454 	EXP 	Display Frame 1
464.2703 	EXP 	Display Frame 0
464.3952 	EXP 	Display Frame 1
464.5207 	EXP 	Display Frame 0
464.6453 	EXP 	Display Frame 1
464.7703 	EXP 	Display Frame 0
464.8952 	EXP 	Display Frame 1
465.0207 	EXP 	Display Frame 0
465.1456 	EXP 	Display Frame 1
465.2698 	EXP 	Display Frame 0
465.3954 	EXP 	Display Frame 1
465.5206 	EXP 	Display Frame 0
465.6452 	EXP 	Display Frame 1
465.7704 	EXP 	Display Frame 0
465.8953 	EXP 	Display Frame 1
466.0204 	EXP 	Display Frame 0
466.1454 	EXP 	Display Frame 1
466.2701 	EXP 	Display Frame 0
466.3952 	EXP 	Display Frame 1
466.5206 	EXP 	Display Frame 0
466.6453 	EXP 	Display Frame 1
466.7703 	EXP 	Display Frame 0
466.8954 	EXP 	Display Frame 1
467.0206 	EXP 	Display Frame 0
467.1453 	EXP 	Display Frame 1
467.2704 	EXP 	Display Frame 0
467.3956 	EXP 	Display Frame 1
467.5202 	EXP 	Display Frame 0
467.6451 	EXP 	Display Frame 1
467.7704 	EXP 	Display Frame 0
467.8950 	EXP 	Display Frame 1
468.0194 	DATA 	Keypress: t
468.0225 	EXP 	Display Frame 0
468.1451 	EXP 	Display Frame 1
468.2701 	EXP 	Display Frame 0
468.3953 	EXP 	Display Frame 1
468.5206 	EXP 	Display Frame 0
468.6453 	EXP 	Display Frame 1
468.7701 	EXP 	Display Frame 0
468.8949 	EXP 	Display Frame 1
469.0204 	EXP 	Display Frame 0
469.1453 	EXP 	Display Frame 1
469.2698 	EXP 	Display Frame 0
469.3942 	DATA 	Keypress: t
469.3967 	EXP 	Display Frame 1
469.3995 	EXP 	Display Fixation
511.2993 	DATA 	Keypress: t
512.7371 	DATA 	Keypress: t
512.8654 	EXP 	Display Frame 1
512.9897 	EXP 	Display Frame 0
513.1153 	EXP 	Display Frame 1
513.2400 	EXP 	Display Frame 0
513.3650 	EXP 	Display Frame 1
513.4901 	EXP 	Display Frame 0
513.6150 	EXP 	Display Frame 1
513.7401 	EXP 	Display Frame 0
513.8650 	EXP 	Display Frame 1
513.9899 	EXP 	Display Frame 0
514.1153 	EXP 	Display Frame 1
514.2400 	EXP 	Display Frame 0
514.3651 	EXP 	Display Frame 1
514.4903 	EXP 	Display Frame 0
514.6152 	EXP 	Display Frame 1
514.7401 	EXP 	Display Frame 0
514.8651 	EXP 	Display Frame 1
514.9901 	EXP 	Display Frame 0
515.1151 	EXP 	Display Frame 1
515.2398 	EXP 	Display Frame 0
515.3648 	EXP 	Display Frame 1
515.4901 	EXP 	Display Frame 0
515.6153 	EXP 	Display Frame 1
515.7400 	EXP 	Display Frame 0
515.8650 	EXP 	Display Frame 1
515.9901 	EXP 	Display Frame 0
516.1150 	EXP 	Display Frame 1
516.2399 	EXP 	Display Frame 0
516.3652 	EXP 	Display Frame 1
516.4901 	EXP 	Display Frame 0
516.6152 	EXP 	Display Frame 1
516.7401 	EXP 	Display Frame 0
516.8651 	EXP 	Display Frame 1
516.9903 	EXP 	Display Frame 0
517.1149 	EXP 	Display Frame 1
517.2403 	EXP 	Display Frame 0
517.3647 	EXP 	Display Frame 1
517.4899 	EXP 	Display Frame 0
517.6150 	EXP 	Display Frame 1
517.7401 	EXP 	Display Frame 0
517.8650 	EXP 	Display Frame 1
517.9904 	EXP 	Display Frame 0
518.1147 	EXP 	Display Frame 1
518.2399 	EXP 	Display Frame 0
518.3648 	EXP 	Display Frame 1
518.4900 	EXP 	Display Frame 0
518.6149 	EXP 	Display Frame 1
518.7406 	EXP 	Display Frame 0
518.8653 	EXP 	Display Frame 1
518.9901 	EXP 	Display Frame 0
519.1151 	EXP 	Display Frame 1
519.2400 	EXP 	Display Frame 0
519.3650 	EXP 	Display Frame 1
519.4901 	EXP 	Display Frame 0
519.6150 	EXP 	Display Frame 1
519.7402 	EXP 	Display Frame 0
519.8654 	EXP 	Display Frame 1
519.9900 	EXP 	Display Frame 0
520.1150 	EXP 	Display Frame 1
520.2399 	EXP 	Display Frame 0
520.3650 	EXP 	Display Frame 1
520.4900 	EXP 	Display Frame 0
520.6151 	EXP 	Display Frame 1
520.7401 	EXP 	Display Frame 0
520.8649 	EXP 	Display Frame 1
520.9899 	EXP 	Display Frame 0
521.1150 	EXP 	Display Frame 1
521.2400 	EXP 	Display Frame 0
521.3653 	EXP 	Display Frame 1
521.4901 	EXP 	Display Frame 0
521.6150 	EXP 	Display Frame 1
521.7399 	EXP 	Display Frame 0
521.8651 	EXP 	Display Frame 1
521.9903 	EXP 	Display Frame 0
522.1149 	EXP 	Display Frame 1
522.2401 	EXP 	Display Frame 0
522.3650 	EXP 	Display Frame 1
522.4899 	EXP 	Display Frame 0
522.6154 	EXP 	Display Frame 1
522.7403 	EXP 	Display Frame 0
522.8647 	EXP 	Display Frame 1
522.9902 	EXP 	Display Frame 0
523.1148 	EXP 	Display Frame 1
523.2398 	EXP 	Display Frame 0
523.3647 	EXP 	Display Frame 1
523.4900 	EXP 	Display Frame 0
523.6148 	EXP 	Display Frame 1
523.7402 	EXP 	Display Frame 0
523.8651 	EXP 	Display Frame 1
523.9900 	EXP 	Display Frame 0
524.1149 	EXP 	Display Frame 1
524.2401 	EXP 	Display Frame 0
524.3650 	EXP 	Display Frame 1
524.4899 	EXP 	Display Frame 0
524.6154 	EXP 	Display Frame 1
524.7400 	EXP 	Display Frame 0
524.8650 	EXP 	Display Frame 1
524.9901 	EXP 	Display Frame 0
525.1150 	EXP 	Display Frame 1
525.2399 	EXP 	Display Frame 0
525.3650 	EXP 	Display Frame 1
525.4900 	EXP 	Display Frame 0
525.6150 	EXP 	Display Frame 1
525.7396 	EXP 	Display Frame 0
525.8651 	EXP 	Display Frame 1
525.9900 	EXP 	Display Frame 0
526.1149 	EXP 	Display Frame 1
526.2401 	EXP 	Display Frame 0
526.3650 	EXP 	Display Frame 1
526.4899 	EXP 	Display Frame 0
526.6151 	EXP 	Display Frame 1
526.7400 	EXP 	Display Frame 0
526.8649 	EXP 	Display Frame 1
526.9904 	EXP 	Display Frame 0
527.1150 	EXP 	Display Frame 1
527.2400 	EXP 	Display Frame 0
527.3651 	EXP 	Display Frame 1
527.4901 	EXP 	Display Frame 0
527.6150 	EXP 	Display Frame 1
527.7401 	EXP 	Display Frame 0
527.8651 	EXP 	Display Frame 1
527.9900 	EXP 	Display Frame 0
528.1148 	EXP 	Display Frame 1
528.2398 	EXP 	Display Frame 0
528.3648 	EXP 	Display Frame 1
528.4899 	EXP 	Display Frame 0
528.6151 	EXP 	Display Frame 1
528.7399 	EXP 	Display Frame 0
528.8651 	EXP 	Display Frame 1
528.9902 	EXP 	Display Frame 0
529.1150 	EXP 	Display Frame 1
529.2399 	EXP 	Display Frame 0
529.3647 	EXP 	Display Frame 1
529.4901 	EXP 	Display Frame 0
529.6148 	EXP 	Display Frame 1
529.7401 	EXP 	Display Frame 0
529.8650 	EXP 	Display Frame 1
529.9905 	EXP 	Display Frame 0
530.1149 	EXP 	Display Frame 1
530.2399 	EXP 	Display Frame 0
530.3650 	EXP 	Display Frame 1
530.4906 	EXP 	Display Frame 0
530.6145 	EXP 	Display Frame 1
530.7403 	EXP 	Display Frame 0
530.8650 	EXP 	Display Frame 1
530.9901 	EXP 	Display Frame 0
531.1150 	EXP 	Display Frame 1
531.2402 	EXP 	Display Frame 0
531.3651 	EXP 	Display Frame 1
531.4900 	EXP 	Display Frame 0
531.6152 	EXP 	Display Frame 1
531.7401 	EXP 	Display Frame 0
531.8650 	EXP 	Display Frame 1
531.9909 	EXP 	Display Frame 0
532.1149 	EXP 	Display Frame 1
532.2398 	EXP 	Display Frame 0
532.3650 	EXP 	Display Frame 1
532.4907 	EXP 	Display Frame 0
532.6146 	EXP 	Display Frame 1
532.7404 	EXP 	Display Frame 0
532.8646 	EXP 	Display Frame 1
532.9899 	EXP 	Display Frame 0
533.1150 	EXP 	Display Frame 1
533.2402 	EXP 	Display Frame 0
533.3654 	EXP 	Display Frame 1
533.4901 	EXP 	Display Frame 0
533.6147 	EXP 	Display Frame 1
533.7399 	EXP 	Display Frame 0
533.8648 	EXP 	Display Frame 1
533.9902 	EXP 	Display Frame 0
534.1151 	EXP 	Display Frame 1
534.2400 	EXP 	Display Frame 0
534.3650 	EXP 	Display Frame 1
534.4901 	EXP 	Display Frame 0
534.6150 	EXP 	Display Frame 1
534.7405 	EXP 	Display Frame 0
534.8651 	EXP 	Display Frame 1
534.9900 	EXP 	Display Frame 0
535.1150 	EXP 	Display Frame 1
535.2401 	EXP 	Display Frame 0
535.3650 	EXP 	Display Frame 1
535.4900 	EXP 	Display Frame 0
535.6151 	EXP 	Display Frame 1
535.7401 	EXP 	Display Frame 0
535.8650 	EXP 	Display Frame 1
535.9904 	EXP 	Display Frame 0
536.1151 	EXP 	Display Frame 1
536.2408 	EXP 	Display Frame 0
536.3648 	EXP 	Display Frame 1
536.4899 	EXP 	Display Frame 0
536.6150 	EXP 	Display Frame 1
536.7402 	EXP 	Display Frame 0
536.8654 	EXP 	Display Frame 1
536.9900 	EXP 	Display Frame 0
537.1150 	EXP 	Display Frame 1
537.2401 	EXP 	Display Frame 0
537.3651 	EXP 	Display Frame 1
537.4904 	EXP 	Display Frame 0
537.6150 	EXP 	Display Frame 1
537.7404 	EXP 	Display Frame 0
537.8646 	EXP 	Display Frame 1
537.9899 	EXP 	Display Frame 0
538.1150 	EXP 	Display Frame 1
538.2400 	EXP 	Display Frame 0
538.3650 	EXP 	Display Frame 1
538.4901 	EXP 	Display Frame 0
538.6156 	EXP 	Display Frame 1
538.7400 	EXP 	Display Frame 0
538.8653 	EXP 	Display Frame 1
538.9900 	EXP 	Display Frame 0
539.1147 	EXP 	Display Frame 1
539.2402 	EXP 	Display Frame 0
539.3648 	EXP 	Display Frame 1
539.4899 	EXP 	Display Frame 0
539.6151 	EXP 	Display Frame 1
539.7390 	EXP 	Display Frame 0
539.8650 	EXP 	Display Frame 1
539.9899 	EXP 	Display Frame 0
540.1148 	EXP 	Display Frame 1
540.2401 	EXP 	Display Frame 0
540.3651 	EXP 	Display Frame 1
540.4901 	EXP 	Display Frame 0
540.6154 	EXP 	Display Frame 1
540.7406 	EXP 	Display Frame 0
540.8652 	EXP 	Display Frame 1
540.9900 	EXP 	Display Frame 0
541.1158 	EXP 	Display Frame 1
541.2398 	EXP 	Display Frame 0
541.3648 	EXP 	Display Frame 1
541.4904 	EXP 	Display Frame 0
541.6154 	EXP 	Display Frame 1
541.7406 	EXP 	Display Frame 0
541.8646 	EXP 	Display Frame 1
541.9899 	EXP 	Display Frame 0
542.1150 	EXP 	Display Frame 1
542.2400 	EXP 	Display Frame 0
542.3651 	EXP 	Display Frame 1
542.4900 	EXP 	Display Frame 0
542.6147 	EXP 	Display Frame 1
542.7397 	EXP 	Display Frame 0
542.8650 	EXP 	Display Frame 1
542.9900 	EXP 	Display Frame 0
543.1149 	EXP 	Display Frame 1
543.2401 	EXP 	Display Frame 0
543.3650 	EXP 	Display Frame 1
543.4909 	EXP 	Display Frame 0
543.6149 	EXP 	Display Frame 1
543.7398 	EXP 	Display Frame 0
543.8649 	EXP 	Display Frame 1
543.9901 	EXP 	Display Frame 0
544.1153 	EXP 	Display Frame 1
544.2397 	EXP 	Display Frame 0
544.3651 	EXP 	Display Frame 1
544.4900 	EXP 	Display Frame 0
544.6150 	EXP 	Display Frame 1
544.7399 	EXP 	Display Frame 0
544.8648 	EXP 	Display Frame 1
544.9899 	EXP 	Display Frame 0
545.1149 	EXP 	Display Frame 1
545.2401 	EXP 	Display Frame 0
545.3650 	EXP 	Display Frame 1
545.4904 	EXP 	Display Frame 0
545.6151 	EXP 	Display Frame 1
545.7401 	EXP 	Display Frame 0
545.8652 	EXP 	Display Frame 1
545.9899 	EXP 	Display Frame 0
546.1149 	EXP 	Display Frame 1
546.2397 	EXP 	Display Frame 0
546.3651 	EXP 	Display Frame 1
546.4900 	EXP 	Display Frame 0
546.6148 	EXP 	Display Frame 1
546.7401 	EXP 	Display Frame 0
546.8653 	EXP 	Display Frame 1
546.9900 	EXP 	Display Frame 0
547.1151 	EXP 	Display Frame 1
547.2400 	EXP 	Display Frame 0
547.3649 	EXP 	Display Frame 1
547.4899 	EXP 	Display Frame 0
547.6150 	EXP 	Display Frame 1
547.7405 	EXP 	Display Frame 0
547.8651 	EXP 	Display Frame 1
547.9901 	EXP 	Display Frame 0
548.1150 	EXP 	Display Frame 1
548.2399 	EXP 	Display Frame 0
548.3651 	EXP 	Display Frame 1
548.4903 	EXP 	Display Frame 0
548.6154 	EXP 	Display Frame 1
548.7399 	EXP 	Display Frame 0
548.8650 	EXP 	Display Frame 1
548.9899 	EXP 	Display Frame 0
549.1151 	EXP 	Display Frame 1
549.2400 	EXP 	Display Frame 0
549.3650 	EXP 	Display Frame 1
549.4904 	EXP 	Display Frame 0
549.6153 	EXP 	Display Frame 1
549.7399 	EXP 	Display Frame 0
549.8654 	EXP 	Display Frame 1
549.9900 	EXP 	Display Frame 0
550.1150 	EXP 	Display Frame 1
550.2399 	EXP 	Display Frame 0
550.3648 	EXP 	Display Frame 1
550.4900 	EXP 	Display Frame 0
550.6151 	EXP 	Display Frame 1
550.7401 	EXP 	Display Frame 0
550.8653 	EXP 	Display Frame 1
550.9902 	EXP 	Display Frame 0
551.1151 	EXP 	Display Frame 1
551.2400 	EXP 	Display Frame 0
551.3652 	EXP 	Display Frame 1
551.4901 	EXP 	Display Frame 0
551.6150 	EXP 	Display Frame 1
551.7399 	EXP 	Display Frame 0
551.8651 	EXP 	Display Frame 1
551.9900 	EXP 	Display Frame 0
552.1150 	EXP 	Display Frame 1
552.2401 	EXP 	Display Frame 0
552.3650 	EXP 	Display Frame 1
552.4900 	EXP 	Display Frame 0
552.6149 	EXP 	Display Frame 1
552.7401 	EXP 	Display Frame 0
552.8653 	EXP 	Display Frame 1
552.9901 	EXP 	Display Frame 0
553.1151 	EXP 	Display Frame 1
553.2400 	EXP 	Display Frame 0
553.3649 	EXP 	Display Frame 1
553.4906 	EXP 	Display Frame 0
553.6148 	EXP 	Display Frame 1
553.7397 	EXP 	Display Frame 0
553.8653 	EXP 	Display Frame 1
553.9900 	EXP 	Display Frame 0
554.1149 	EXP 	Display Frame 1
554.2401 	EXP 	Display Frame 0
554.3649 	EXP 	Display Frame 1
554.4900 	EXP 	Display Frame 0
554.6153 	EXP 	Display Frame 1
554.7392 	DATA 	Keypress: t
554.7421 	EXP 	Display Frame 0
554.8647 	EXP 	Display Frame 1
554.9900 	EXP 	Display Frame 0
555.1151 	EXP 	Display Frame 1
555.2400 	EXP 	Display Frame 0
555.3654 	EXP 	Display Frame 1
555.4900 	EXP 	Display Frame 0
555.6148 	EXP 	Display Frame 1
555.7403 	EXP 	Display Frame 0
555.8648 	EXP 	Display Frame 1
555.9898 	EXP 	Display Frame 0
556.1143 	DATA 	Keypress: t
556.1174 	EXP 	Display Frame 1
556.1202 	EXP 	Display Fixation
598.0186 	DATA 	Keypress: t
599.4570 	DATA 	Keypress: t
599.5851 	EXP 	Display Frame 1
599.7093 	EXP 	Display Frame 0
599.8349 	EXP 	Display Frame 1
599.9598 	EXP 	Display Frame 0
600.0851 	EXP 	Display Frame 1
600.2100 	EXP 	Display Frame 0
600.3345 	EXP 	Display Frame 1
600.4600 	EXP 	Display Frame 0
600.5861 	EXP 	Display Frame 1
600.7103 	EXP 	Display Frame 0
600.8348 	EXP 	Display Frame 1
600.9598 	EXP 	Display Frame 0
601.0847 	EXP 	Display Frame 1
601.2091 	EXP 	Display Frame 0
601.3354 	EXP 	Display Frame 1
601.4595 	EXP 	Display Frame 0
601.5846 	EXP 	Display Frame 1
601.7101 	EXP 	Display Frame 0
601.8350 	EXP 	Display Frame 1
601.9599 	EXP 	Display Frame 0
602.0848 	EXP 	Display Frame 1
602.2100 	EXP 	Display Frame 0
602.3352 	EXP 	Display Frame 1
602.4600 	EXP 	Display Frame 0
602.5845 	EXP 	Display Frame 1
602.7085 	EXP 	Display Frame 0
602.8348 	EXP 	Display Frame 1
602.9599 	EXP 	Display Frame 0
603.0849 	EXP 	Display Frame 1
603.2099 	EXP 	Display Frame 0
603.3349 	EXP 	Display Frame 1
603.4597 	EXP 	Display Frame 0
603.5849 	EXP 	Display Frame 1
603.7100 	EXP 	Display Frame 0
603.8348 	EXP 	Display Frame 1
603.9597 	EXP 	Display Frame 0
604.0846 	EXP 	Display Frame 1
604.2097 	EXP 	Display Frame 0
604.3348 	EXP 	Display Frame 1
604.4598 	EXP 	Display Frame 0
604.5849 	EXP 	Display Frame 1
604.7102 	EXP 	Display Frame 0
604.8349 	EXP 	Display Frame 1
604.9602 	EXP 	Display Frame 0
605.0847 	EXP 	Display Frame 1
605.2098 	EXP 	Display Frame 0
605.3345 	EXP 	Display Frame 1
605.4599 	EXP 	Display Frame 0
605.5851 	EXP 	Display Frame 1
605.7100 	EXP 	Display Frame 0
605.8350 	EXP 	Display Frame 1
605.9598 	EXP 	Display Frame 0
606.0848 	EXP 	Display Frame 1
606.2097 	EXP 	Display Frame 0
606.3348 	EXP 	Display Frame 1
606.4596 	EXP 	Display Frame 0
606.5847 	EXP 	Display Frame 1
606.7099 	EXP 	Display Frame 0
606.8354 	EXP 	Display Frame 1
606.9595 	EXP 	Display Frame 0
607.0847 	EXP 	Display Frame 1
607.2101 	EXP 	Display Frame 0
607.3350 	EXP 	Display Frame 1
607.4599 	EXP 	Display Frame 0
607.5850 	EXP 	Display Frame 1
607.7101 	EXP 	Display Frame 0
607.8350 	EXP 	Display Frame 1
607.9598 	EXP 	Display Frame 0
608.0847 	EXP 	Display Frame 1
608.2097 	EXP 	Display Frame 0
608.3350 	EXP 	Display Frame 1
608.4601 	EXP 	Display Frame 0
608.5844 	EXP 	Display Frame 1
608.7097 	EXP 	Display Frame 0
608.8348 	EXP 	Display Frame 1
608.9597 	EXP 	Display Frame 0
609.0851 	EXP 	Display Frame 1
609.2095 	EXP 	Display Frame 0
609.3345 	EXP 	Display Frame 1
609.4599 	EXP 	Display Frame 0
609.5851 	EXP 	Display Frame 1
609.7099 	EXP 	Display Frame 0
609.8349 	EXP 	Display Frame 1
609.9602 	EXP 	Display Frame 0
610.0846 	EXP 	Display Frame 1
610.2095 	EXP 	Display Frame 0
610.3349 	EXP 	Display Frame 1
610.4595 	EXP 	Display Frame 0
610.5847 	EXP 	Display Frame 1
610.7102 	EXP 	Display Frame 0
610.8346 	EXP 	Display Frame 1
610.9597 	EXP 	Display Frame 0
611.0849 	EXP 	Display Frame 1
611.2098 	EXP 	Display Frame 0
611.3349 	EXP 	Display Frame 1
611.4598 	EXP 	Display Frame 0
611.5848 	EXP 	Display Frame 1
611.7097 	EXP 	Display Frame 0
611.8349 	EXP 	Display Frame 1
611.9598 	EXP 	Display Frame 0
612.0847 	EXP 	Display Frame 1
612.2099 	EXP 	Display Frame 0
612.3348 	EXP 	Display Frame 1
612.4597 	EXP 	Display Frame 0
612.5849 	EXP 	Display Frame 1
612.7101 	EXP 	Display Frame 0
612.8348 	EXP 	Display Frame 1
612.9599 	EXP 	Display Frame 0
613.0846 	EXP 	Display Frame 1
613.2100 	EXP 	Display Frame 0
613.3349 	EXP 	Display Frame 1
613.4601 	EXP 	Display Frame 0
613.5853 	EXP 	Display Frame 1
613.7097 	EXP 	Display Frame 0
613.8349 	EXP 	Display Frame 1
613.9598 	EXP 	Display Frame 0
614.0847 	EXP 	Display Frame 1
614.2098 	EXP 	Display Frame 0
614.3348 	EXP 	Display Frame 1
614.4599 	EXP 	Display Frame 0
614.5849 	EXP 	Display Frame 1
614.7101 	EXP 	Display Frame 0
614.8348 	EXP 	Display Frame 1
614.9602 	EXP 	Display Frame 0
615.0846 	EXP 	Display Frame 1
615.2098 	EXP 	Display Frame 0
615.3349 	EXP 	Display Frame 1
615.4598 	EXP 	Display Frame 0
615.5848 	EXP 	Display Frame 1
615.7096 	EXP 	Display Frame 0
615.8348 	EXP 	Display Frame 1
615.9597 	EXP 	Display Frame 0
616.0846 	EXP 	Display Frame 1
616.2105 	EXP 	Display Frame 0
616.3346 	EXP 	Display Frame 1
616.4597 	EXP 	Display Frame 0
616.5849 	EXP 	Display Frame 1
616.7098 	EXP 	Display Frame 0
616.8347 	EXP 	Display Frame 1
616.9599 	EXP 	Display Frame 0
617.0848 	EXP 	Display Frame 1
617.2098 	EXP 	Display Frame 0
617.3349 	EXP 	Display Frame 1
617.4598 	EXP 	Display Frame 0
617.5850 	EXP 	Display Frame 1
617.7096 	EXP 	Display Frame 0
617.8348 	EXP 	Display Frame 1
617.9603 	EXP 	Display Frame 0
618.0852 	EXP 	Display Frame 1
618.2096 	EXP 	Display Frame 0
618.3348 	EXP 	Display Frame 1
618.4602 	EXP 	Display Frame 0
618.5848 	EXP 	Display Frame 1
618.7096 	EXP 	Display Frame 0
618.8347 	EXP 	Display Frame 1
618.9599 	EXP 	Display Frame 0
619.0848 	EXP 	Display Frame 1
619.2097 	EXP 	Display Frame 0
619.3349 	EXP 	Display Frame 1
619.4598 	EXP 	Display Frame 0
619.5847 	EXP 	Display Frame 1
619.7099 	EXP 	Display Frame 0
619.8348 	EXP 	Display Frame 1
619.9597 	EXP 	Display Frame 0
620.0849 	EXP 	Display Frame 1
620.2098 	EXP 	Display Frame 0
620.3348 	EXP 	Display Frame 1
620.4597 	EXP 	Display Frame 0
620.5849 	EXP 	Display Frame 1
620.7095 	EXP 	Display Frame 0
620.8347 	EXP 	Display Frame 1
620.9601 	EXP 	Display Frame 0
621.0848 	EXP 	Display Frame 1
621.2099 	EXP 	Display Frame 0
621.3349 	EXP 	Display Frame 1
621.4598 	EXP 	Display Frame 0
621.5847 	EXP 	Display Frame 1
621.7102 	EXP 	Display Frame 0
621.8346 	EXP 	Display Frame 1
621.9598 	EXP 	Display Frame 0
622.0849 	EXP 	Display Frame 1
622.2098 	EXP 	Display Frame 0
622.3347 	EXP 	Display Frame 1
622.4599 	EXP 	Display Frame 0
622.5848 	EXP 	Display Frame 1
622.7097 	EXP 	Display Frame 0
622.8349 	EXP 	Display Frame 1
622.9598 	EXP 	Display Frame 0
623.0850 	EXP 	Display Frame 1
623.2097 	EXP 	Display Frame 0
623.3348 	EXP 	Display Frame 1
623.4598 	EXP 	Display Frame 0
623.5852 	EXP 	Display Frame 1
623.7096 	EXP 	Display Frame 0
623.8347 	EXP 	Display Frame 1
623.9597 	EXP 	Display Frame 0
624.0847 	EXP 	Display Frame 1
624.2098 	EXP 	Display Frame 0
624.3346 	EXP 	Display Frame 1
624.4599 	EXP 	Display Frame 0
624.5847 	EXP 	Display Frame 1
624.7098 	EXP 	Display Frame 0
624.8349 	EXP 	Display Frame 1
624.9598 	EXP 	Display Frame 0
625.0851 	EXP 	Display Frame 1
625.2099 	EXP 	Display Frame 0
625.3348 	EXP 	Display Frame 1
625.4598 	EXP 	Display Frame 0
625.5853 	EXP 	Display Frame 1
625.7099 	EXP 	Display Frame 0
625.8347 	EXP 	Display Frame 1
625.9599 	EXP 	Display Frame 0
626.0848 	EXP 	Display Frame 1
626.2099 	EXP 	Display Frame 0
626.3352 	EXP 	Display Frame 1
626.4597 	EXP 	Display Frame 0
626.5851 	EXP 	Display Frame 1
626.7097 	EXP 	Display Frame 0
626.8349 	EXP 	Display Frame 1
626.9598 	EXP 	Display Frame 0
627.0848 	EXP 	Display Frame 1
627.2097 	EXP 	Display Frame 0
627.3346 	EXP 	Display Frame 1
627.4600 	EXP 	Display Frame 0
627.5849 	EXP 	Display Frame 1
627.7098 	EXP 	Display Frame 0
627.8348 	EXP 	Display Frame 1
627.9599 	EXP 	Display Frame 0
628.0849 	EXP 	Display Frame 1
628.2098 	EXP 	Display Frame 0
628.3349 	EXP 	Display Frame 1
628.4601 	EXP 	Display Frame 0
628.5848 	EXP 	Display Frame 1
628.7094 	EXP 	Display Frame 0
628.8354 	EXP 	Display Frame 1
628.9595 	EXP 	Display Frame 0
629.0845 	EXP 	Display Frame 1
629.2099 	EXP 	Display Frame 0
629.3349 	EXP 	Display Frame 1
629.4597 	EXP 	Display Frame 0
629.5852 	EXP 	Display Frame 1
629.7098 	EXP 	Display Frame 0
629.8356 	EXP 	Display Frame 1
629.9595 	EXP 	Display Frame 0
630.0846 	EXP 	Display Frame 1
630.2098 	EXP 	Display Frame 0
630.3349 	EXP 	Display Frame 1
630.4602 	EXP 	Display Frame 0
630.5851 	EXP 	Display Frame 1
630.7103 	EXP 	Display Frame 0
630.8353 	EXP 	Display Frame 1
630.9598 	EXP 	Display Frame 0
631.0847 	EXP 	Display Frame 1
631.2099 	EXP 	Display Frame 0
631.3348 	EXP 	Display Frame 1
631.4597 	EXP 	Display Frame 0
631.5849 	EXP 	Display Frame 1
631.7101 	EXP 	Display Frame 0
631.8350 	EXP 	Display Frame 1
631.9599 	EXP 	Display Frame 0
632.0851 	EXP 	Display Frame 1
632.2100 	EXP 	Display Frame 0
632.3349 	EXP 	Display Frame 1
632.4599 	EXP 	Display Frame 0
632.5848 	EXP 	Display Frame 1
632.7097 	EXP 	Display Frame 0
632.8347 	EXP 	Display Frame 1
632.9598 	EXP 	Display Frame 0
633.0849 	EXP 	Display Frame 1
633.2100 	EXP 	Display Frame 0
633.3348 	EXP 	Display Frame 1
633.4601 	EXP 	Display Frame 0
633.5848 	EXP 	Display Frame 1
633.7105 	EXP 	Display Frame 0
633.8344 	EXP 	Display Frame 1
633.9597 	EXP 	Display Frame 0
634.0851 	EXP 	Display Frame 1
634.2099 	EXP 	Display Frame 0
634.3352 	EXP 	Display Frame 1
634.4598 	EXP 	Display Frame 0
634.5847 	EXP 	Display Frame 1
634.7099 	EXP 	Display Frame 0
634.8348 	EXP 	Display Frame 1
634.9600 	EXP 	Display Frame 0
635.0849 	EXP 	Display Frame 1
635.2098 	EXP 	Display Frame 0
635.3347 	EXP 	Display Frame 1
635.4597 	EXP 	Display Frame 0
635.5849 	EXP 	Display Frame 1
635.7098 	EXP 	Display Frame 0
635.8348 	EXP 	Display Frame 1
635.9595 	EXP 	Display Frame 0
636.0845 	EXP 	Display Frame 1
636.2095 	EXP 	Display Frame 0
636.3349 	EXP 	Display Frame 1
636.4598 	EXP 	Display Frame 0
636.5847 	EXP 	Display Frame 1
636.7099 	EXP 	Display Frame 0
636.8354 	EXP 	Display Frame 1
636.9595 	EXP 	Display Frame 0
637.0845 	EXP 	Display Frame 1
637.2098 	EXP 	Display Frame 0
637.3348 	EXP 	Display Frame 1
637.4599 	EXP 	Display Frame 0
637.5847 	EXP 	Display Frame 1
637.7097 	EXP 	Display Frame 0
637.8350 	EXP 	Display Frame 1
637.9598 	EXP 	Display Frame 0
638.0848 	EXP 	Display Frame 1
638.2097 	EXP 	Display Frame 0
638.3346 	EXP 	Display Frame 1
638.4601 	EXP 	Display Frame 0
638.5847 	EXP 	Display Frame 1
638.7096 	EXP 	Display Frame 0
638.8348 	EXP 	Display Frame 1
638.9597 	EXP 	Display Frame 0
639.0849 	EXP 	Display Frame 1
639.2098 	EXP 	Display Frame 0
639.3347 	EXP 	Display Frame 1
639.4599 	EXP 	Display Frame 0
639.5848 	EXP 	Display Frame 1
639.7097 	EXP 	Display Frame 0
639.8349 	EXP 	Display Frame 1
639.9598 	EXP 	Display Frame 0
640.0847 	EXP 	Display Frame 1
640.2097 	EXP 	Display Frame 0
640.3351 	EXP 	Display Frame 1
640.4597 	EXP 	Display Frame 0
640.5849 	EXP 	Display Frame 1
640.7098 	EXP 	Display Frame 0
640.8347 	EXP 	Display Frame 1
640.9597 	EXP 	Display Frame 0
641.0847 	EXP 	Display Frame 1
641.2098 	EXP 	Display Frame 0
641.3347 	EXP 	Display Frame 1
641.4590 	DATA 	Keypress: t
641.4626 	EXP 	Display Frame 0
641.5847 	EXP 	Display Frame 1
641.7097 	EXP 	Display Frame 0
641.8349 	EXP 	Display Frame 1
641.9598 	EXP 	Display Frame 0
642.0850 	EXP 	Display Frame 1
642.2099 	EXP 	Display Frame 0
642.3348 	EXP 	Display Frame 1
642.4597 	EXP 	Display Frame 0
642.5847 	EXP 	Display Frame 1
642.7094 	EXP 	Display Frame 0
642.8338 	DATA 	Keypress: t
642.8362 	EXP 	Display Frame 1
642.8377 	EXP 	Display Fixation
684.7382 	DATA 	Keypress: t
686.1769 	DATA 	Keypress: t
686.3052 	EXP 	Display Frame 1
686.4284 	EXP 	Display Frame 0
686.5551 	EXP 	Display Frame 1
686.6799 	EXP 	Display Frame 0
686.8047 	EXP 	Display Frame 1
686.9299 	EXP 	Display Frame 0
687.0551 	EXP 	Display Frame 1
687.1793 	EXP 	Display Frame 0
687.3037 	EXP 	Display Frame 1
687.4300 	EXP 	Display Frame 0
687.5539 	EXP 	Display Frame 1
687.6798 	EXP 	Display Frame 0
687.8050 	EXP 	Display Frame 1
687.9292 	EXP 	Display Frame 0
688.0549 	EXP 	Display Frame 1
688.1796 	EXP 	Display Frame 0
688.3050 	EXP 	Display Frame 1
688.4295 	EXP 	Display Frame 0
688.5550 	EXP 	Display Frame 1
688.6800 	EXP 	Display Frame 0
688.8047 	EXP 	Display Frame 1
688.9300 	EXP 	Display Frame 0
689.0545 	EXP 	Display Frame 1
689.1799 	EXP 	Display Frame 0
689.3051 	EXP 	Display Frame 1
689.4293 	EXP 	Display Frame 0
689.5546 	EXP 	Display Frame 1
689.6801 	EXP 	Display Frame 0
689.8052 	EXP 	Display Frame 1
689.9301 	EXP 	Display Frame 0
690.0550 	EXP 	Display Frame 1
690.1797 	EXP 	Display Frame 0
690.3050 	EXP 	Display Frame 1
690.4305 	EXP 	Display Frame 0
690.5563 	EXP 	Display Frame 1
690.6799 	EXP 	Display Frame 0
690.8048 	EXP 	Display Frame 1
690.9300 	EXP 	Display Frame 0
691.0550 	EXP 	Display Frame 1
691.1795 	EXP 	Display Frame 0
691.3048 	EXP 	Display Frame 1
691.4300 	EXP 	Display Frame 0
691.5551 	EXP 	Display Frame 1
691.6800 	EXP 	Display Frame 0
691.8050 	EXP 	Display Frame 1
691.9296 	EXP 	Display Frame 0
692.0550 	EXP 	Display Frame 1
692.1796 	EXP 	Display Frame 0
692.3046 	EXP 	Display Frame 1
692.4298 	EXP 	Display Frame 0
692.5543 	EXP 	Display Frame 1
692.6796 	EXP 	Display Frame 0
692.8044 	EXP 	Display Frame 1
692.9293 	EXP 	Display Frame 0
693.0547 	EXP 	Display Frame 1
693.1796 	EXP 	Display Frame 0
693.3048 	EXP 	Display Frame 1
693.4292 	EXP 	Display Frame 0
693.5548 	EXP 	Display Frame 1
693.6796 	EXP 	Display Frame 0
693.8045 	EXP 	Display Frame 1
693.9297 	EXP 	Display Frame 0
694.0545 	EXP 	Display Frame 1
694.1793 	EXP 	Display Frame 0
694.3048 	EXP 	Display Frame 1
694.4298 	EXP 	Display Frame 0
694.5548 	EXP 	Display Frame 1
694.6795 	EXP 	Display Frame 0
694.8048 	EXP 	Display Frame 1
694.9299 	EXP 	Display Frame 0
695.0553 	EXP 	Display Frame 1
695.1796 	EXP 	Display Frame 0
695.3048 	EXP 	Display Frame 1
695.4299 	EXP 	Display Frame 0
695.5547 	EXP 	Display Frame 1
695.6803 	EXP 	Display Frame 0
695.8049 	EXP 	Display Frame 1
695.9298 	EXP 	Display Frame 0
696.0546 	EXP 	Display Frame 1
696.1799 	EXP 	Display Frame 0
696.3044 	EXP 	Display Frame 1
696.4293 	EXP 	Display Frame 0
696.5549 	EXP 	Display Frame 1
696.6794 	EXP 	Display Frame 0
696.8044 	EXP 	Display Frame 1
696.9297 	EXP 	Display Frame 0
697.0547 	EXP 	Display Frame 1
697.1794 	EXP 	Display Frame 0
697.3047 	EXP 	Display Frame 1
697.4298 	EXP 	Display Frame 0
697.5548 	EXP 	Display Frame 1
697.6796 	EXP 	Display Frame 0
697.8047 	EXP 	Display Frame 1
697.9297 	EXP 	Display Frame 0
698.0550 	EXP 	Display Frame 1
698.1797 	EXP 	Display Frame 0
698.3046 	EXP 	Display Frame 1
698.4300 	EXP 	Display Frame 0
698.5553 	EXP 	Display Frame 1
698.6798 	EXP 	Display Frame 0
698.8048 	EXP 	Display Frame 1
698.9292 	EXP 	Display Frame 0
699.0549 	EXP 	Display Frame 1
699.1800 	EXP 	Display Frame 0
699.3048 	EXP 	Display Frame 1
699.4301 	EXP 	Display Frame 0
699.5545 	EXP 	Display Frame 1
699.6794 	EXP 	Display Frame 0
699.8054 	EXP 	Display Frame 1
699.9294 	EXP 	Display Frame 0
700.0543 	EXP 	Display Frame 1
700.1797 	EXP 	Display Frame 0
700.3044 	EXP 	Display Frame 1
700.4296 	EXP 	Display Frame 0
700.5547 	EXP 	Display Frame 1
700.6797 	EXP 	Display Frame 0
700.8048 	EXP 	Display Frame 1
700.9292 	EXP 	Display Frame 0
701.0549 	EXP 	Display Frame 1
701.1801 	EXP 	Display Frame 0
701.3050 	EXP 	Display Frame 1
701.4297 	EXP 	Display Frame 0
701.5548 	EXP 	Display Frame 1
701.6800 	EXP 	Display Frame 0
701.8047 	EXP 	Display Frame 1
701.9297 	EXP 	Display Frame 0
702.0550 	EXP 	Display Frame 1
702.1798 	EXP 	Display Frame 0
702.3046 	EXP 	Display Frame 1
702.4299 	EXP 	Display Frame 0
702.5542 	EXP 	Display Frame 1
702.6797 	EXP 	Display Frame 0
702.8047 	EXP 	Display Frame 1
702.9292 	EXP 	Display Frame 0
703.0548 	EXP 	Display Frame 1
703.1793 	EXP 	Display Frame 0
703.3052 	EXP 	Display Frame 1
703.4296 	EXP 	Display Frame 0
703.5550 	EXP 	Display Frame 1
703.6800 	EXP 	Display Frame 0
703.8047 	EXP 	Display Frame 1
703.9301 	EXP 	Display Frame 0
704.0548 	EXP 	Display Frame 1
704.1797 	EXP 	Display Frame 0
704.3048 	EXP 	Display Frame 1
704.4300 	EXP 	Display Frame 0
704.5548 	EXP 	Display Frame 1
704.6796 	EXP 	Display Frame 0
704.8050 	EXP 	Display Frame 1
704.9295 	EXP 	Display Frame 0
705.0548 	EXP 	Display Frame 1
705.1801 	EXP 	Display Frame 0
705.3049 	EXP 	Display Frame 1
705.4297 	EXP 	Display Frame 0
705.5543 	EXP 	Display Frame 1
705.6797 	EXP 	Display Frame 0
705.8049 	EXP 	Display Frame 1
705.9293 	EXP 	Display Frame 0
706.0550 	EXP 	Display Frame 1
706.1794 	EXP 	Display Frame 0
706.3050 	EXP 	Display Frame 1
706.4293 	EXP 	Display Frame 0
706.5546 	EXP 	Display Frame 1
706.6798 	EXP 	Display Frame 0
706.8043 	EXP 	Display Frame 1
706.9299 	EXP 	Display Frame 0
707.0544 	EXP 	Display Frame 1
707.1793 	EXP 	Display Frame 0
707.3046 	EXP 	Display Frame 1
707.4301 	EXP 	Display Frame 0
707.5548 	EXP 	Display Frame 1
707.6797 	EXP 	Display Frame 0
707.8049 	EXP 	Display Frame 1
707.9298 	EXP 	Display Frame 0
708.0544 	EXP 	Display Frame 1
708.1798 	EXP 	Display Frame 0
708.3045 	EXP 	Display Frame 1
708.4299 	EXP 	Display Frame 0
708.5547 	EXP 	Display Frame 1
708.6793 	EXP 	Display Frame 0
708.8047 	EXP 	Display Frame 1
708.9295 	EXP 	Display Frame 0
709.0543 	EXP 	Display Frame 1
709.1800 	EXP 	Display Frame 0
709.3047 	EXP 	Display Frame 1
709.4298 	EXP 	Display Frame 0
709.5548 	EXP 	Display Frame 1
709.6799 	EXP 	Display Frame 0
709.8048 	EXP 	Display Frame 1
709.9293 	EXP 	Display Frame 0
710.0547 	EXP 	Display Frame 1
710.1795 	EXP 	Display Frame 0
710.3044 	EXP 	Display Frame 1
710.4292 	EXP 	Display Frame 0
710.5548 	EXP 	Display Frame 1
710.6793 	EXP 	Display Frame 0
710.8048 	EXP 	Display Frame 1
710.9294 	EXP 	Display Frame 0
711.0547 	EXP 	Display Frame 1
711.1791 	EXP 	Display Frame 0
711.3048 	EXP 	Display Frame 1
711.4294 	EXP 	Display Frame 0
711.5551 	EXP 	Display Frame 1
711.6796 	EXP 	Display Frame 0
711.8049 	EXP 	Display Frame 1
711.9297 	EXP 	Display Frame 0
712.0543 	EXP 	Display Frame 1
712.1795 	EXP 	Display Frame 0
712.3051 	EXP 	Display Frame 1
712.4300 	EXP 	Display Frame 0
712.5549 	EXP 	Display Frame 1
712.6800 	EXP 	Display Frame 0
712.8045 	EXP 	Display Frame 1
712.9296 	EXP 	Display Frame 0
713.0543 	EXP 	Display Frame 1
713.1800 	EXP 	Display Frame 0
713.3049 	EXP 	Display Frame 1
713.4296 	EXP 	Display Frame 0
713.5542 	EXP 	Display Frame 1
713.6799 	EXP 	Display Frame 0
713.8043 	EXP 	Display Frame 1
713.9293 	EXP 	Display Frame 0
714.0549 	EXP 	Display Frame 1
714.1796 	EXP 	Display Frame 0
714.3050 	EXP 	Display Frame 1
714.4298 	EXP 	Display Frame 0
714.5546 	EXP 	Display Frame 1
714.6796 	EXP 	Display Frame 0
714.8049 	EXP 	Display Frame 1
714.9294 	EXP 	Display Frame 0
715.0550 	EXP 	Display Frame 1
715.1799 	EXP 	Display Frame 0
715.3049 	EXP 	Display Frame 1
715.4296 	EXP 	Display Frame 0
715.5547 	EXP 	Display Frame 1
715.6799 	EXP 	Display Frame 0
715.8050 	EXP 	Display Frame 1
715.9302 	EXP 	Display Frame 0
716.0549 	EXP 	Display Frame 1
716.1795 	EXP 	Display Frame 0
716.3049 	EXP 	Display Frame 1
716.4292 	EXP 	Display Frame 0
716.5551 	EXP 	Display Frame 1
716.6792 	EXP 	Display Frame 0
716.8044 	EXP 	Display Frame 1
716.9294 	EXP 	Display Frame 0
717.0547 	EXP 	Display Frame 1
717.1793 	EXP 	Display Frame 0
717.3048 	EXP 	Display Frame 1
717.4296 	EXP 	Display Frame 0
717.5549 	EXP 	Display Frame 1
717.6798 	EXP 	Display Frame 0
717.8050 	EXP 	Display Frame 1
717.9295 	EXP 	Display Frame 0
718.0549 	EXP 	Display Frame 1
718.1800 	EXP 	Display Frame 0
718.3048 	EXP 	Display Frame 1
718.4295 	EXP 	Display Frame 0
718.5547 	EXP 	Display Frame 1
718.6797 	EXP 	Display Frame 0
718.8049 	EXP 	Display Frame 1
718.9297 	EXP 	Display Frame 0
719.0547 	EXP 	Display Frame 1
719.1798 	EXP 	Display Frame 0
719.3044 	EXP 	Display Frame 1
719.4294 	EXP 	Display Frame 0
719.5542 	EXP 	Display Frame 1
719.6793 	EXP 	Display Frame 0
719.8046 	EXP 	Display Frame 1
719.9298 	EXP 	Display Frame 0
720.0553 	EXP 	Display Frame 1
720.1800 	EXP 	Display Frame 0
720.3048 	EXP 	Display Frame 1
720.4320 	EXP 	Display Frame 0
720.5550 	EXP 	Display Frame 1
720.6794 	EXP 	Display Frame 0
720.8046 	EXP 	Display Frame 1
720.9293 	EXP 	Display Frame 0
721.0550 	EXP 	Display Frame 1
721.1796 	EXP 	Display Frame 0
721.3043 	EXP 	Display Frame 1
721.4293 	EXP 	Display Frame 0
721.5547 	EXP 	Display Frame 1
721.6798 	EXP 	Display Frame 0
721.8046 	EXP 	Display Frame 1
721.9299 	EXP 	Display Frame 0
722.0547 	EXP 	Display Frame 1
722.1799 	EXP 	Display Frame 0
722.3045 	EXP 	Display Frame 1
722.4298 	EXP 	Display Frame 0
722.5548 	EXP 	Display Frame 1
722.6792 	EXP 	Display Frame 0
722.8049 	EXP 	Display Frame 1
722.9293 	EXP 	Display Frame 0
723.0547 	EXP 	Display Frame 1
723.1798 	EXP 	Display Frame 0
723.3043 	EXP 	Display Frame 1
723.4300 	EXP 	Display Frame 0
723.5544 	EXP 	Display Frame 1
723.6800 	EXP 	Display Frame 0
723.8043 	EXP 	Display Frame 1
723.9294 	EXP 	Display Frame 0
724.0546 	EXP 	Display Frame 1
724.1797 	EXP 	Display Frame 0
724.3044 	EXP 	Display Frame 1
724.4297 	EXP 	Display Frame 0
724.5549 	EXP 	Display Frame 1
724.6799 	EXP 	Display Frame 0
724.8045 	EXP 	Display Frame 1
724.9295 	EXP 	Display Frame 0
725.0547 	EXP 	Display Frame 1
725.1798 	EXP 	Display Frame 0
725.3043 	EXP 	Display Frame 1
725.4299 	EXP 	Display Frame 0
725.5547 	EXP 	Display Frame 1
725.6794 	EXP 	Display Frame 0
725.8048 	EXP 	Display Frame 1
725.9295 	EXP 	Display Frame 0
726.0552 	EXP 	Display Frame 1
726.1797 	EXP 	Display Frame 0
726.3049 	EXP 	Display Frame 1
726.4301 	EXP 	Display Frame 0
726.5548 	EXP 	Display Frame 1
726.6797 	EXP 	Display Frame 0
726.8050 	EXP 	Display Frame 1
726.9294 	EXP 	Display Frame 0
727.0545 	EXP 	Display Frame 1
727.1796 	EXP 	Display Frame 0
727.3048 	EXP 	Display Frame 1
727.4292 	EXP 	Display Frame 0
727.5547 	EXP 	Display Frame 1
727.6797 	EXP 	Display Frame 0
727.8044 	EXP 	Display Frame 1
727.9294 	EXP 	Display Frame 0
728.0545 	EXP 	Display Frame 1
728.1782 	DATA 	Keypress: t
728.1811 	EXP 	Display Frame 0
728.3044 	EXP 	Display Frame 1
728.4298 	EXP 	Display Frame 0
728.5546 	EXP 	Display Frame 1
728.6797 	EXP 	Display Frame 0
728.8048 	EXP 	Display Frame 1
728.9298 	EXP 	Display Frame 0
729.0543 	EXP 	Display Frame 1
729.1795 	EXP 	Display Frame 0
729.3051 	EXP 	Display Frame 1
729.4300 	EXP 	Display Frame 0
729.5532 	DATA 	Keypress: t
729.5555 	EXP 	Display Frame 1
729.5571 	EXP 	Display Fixation
771.4583 	DATA 	Keypress: t
772.8968 	DATA 	Keypress: t
773.0237 	EXP 	Display Frame 1
773.1495 	EXP 	Display Frame 0
773.2747 	EXP 	Display Frame 1
773.3996 	EXP 	Display Frame 0
773.5247 	EXP 	Display Frame 1
773.6496 	EXP 	Display Frame 0
773.7748 	EXP 	Display Frame 1
773.8997 	EXP 	Display Frame 0
774.0246 	EXP 	Display Frame 1
774.1503 	EXP 	Display Frame 0
774.2745 	EXP 	Display Frame 1
774.3995 	EXP 	Display Frame 0
774.5248 	EXP 	Display Frame 1
774.6497 	EXP 	Display Frame 0
774.7747 	EXP 	Display Frame 1
774.8998 	EXP 	Display Frame 0
775.0248 	EXP 	Display Frame 1
775.1497 	EXP 	Display Frame 0
775.2749 	EXP 	Display Frame 1
775.3998 	EXP 	Display Frame 0
775.5247 	EXP 	Display Frame 1
775.6496 	EXP 	Display Frame 0
775.7746 	EXP 	Display Frame 1
775.8997 	EXP 	Display Frame 0
776.0246 	EXP 	Display Frame 1
776.1498 	EXP 	Display Frame 0
776.2755 	EXP 	Display Frame 1
776.3993 	EXP 	Display Frame 0
776.5246 	EXP 	Display Frame 1
776.6495 	EXP 	Display Frame 0
776.7752 	EXP 	Display Frame 1
776.8998 	EXP 	Display Frame 0
777.0247 	EXP 	Display Frame 1
777.1499 	EXP 	Display Frame 0
777.2748 	EXP 	Display Frame 1
777.3997 	EXP 	Display Frame 0
777.5247 	EXP 	Display Frame 1
777.6498 	EXP 	Display Frame 0
777.7745 	EXP 	Display Frame 1
777.9000 	EXP 	Display Frame 0
778.0246 	EXP 	Display Frame 1
778.1496 	EXP 	Display Frame 0
778.2747 	EXP 	Display Frame 1
778.3998 	EXP 	Display Frame 0
778.5248 	EXP 	Display Frame 1
778.6502 	EXP 	Display Frame 0
778.7749 	EXP 	Display Frame 1
778.8998 	EXP 	Display Frame 0
779.0247 	EXP 	Display Frame 1
779.1496 	EXP 	Display Frame 0
779.2748 	EXP 	Display Frame 1
779.3997 	EXP 	Display Frame 0
779.5246 	EXP 	Display Frame 1
779.6498 	EXP 	Display Frame 0
779.7747 	EXP 	Display Frame 1
779.8997 	EXP 	Display Frame 0
780.0249 	EXP 	Display Frame 1
780.1499 	EXP 	Display Frame 0
780.2745 	EXP 	Display Frame 1
780.4001 	EXP 	Display Frame 0
780.5252 	EXP 	Display Frame 1
780.6503 	EXP 	Display Frame 0
780.7757 	EXP 	Display Frame 1
780.8999 	EXP 	Display Frame 0
781.0247 	EXP 	Display Frame 1
781.1494 	EXP 	Display Frame 0
781.2747 	EXP 	Display Frame 1
781.3997 	EXP 	Display Frame 0
781.5248 	EXP 	Display Frame 1
781.6500 	EXP 	Display Frame 0
781.7744 	EXP 	Display Frame 1
781.8998 	EXP 	Display Frame 0
782.0248 	EXP 	Display Frame 1
782.1500 	EXP 	Display Frame 0
782.2747 	EXP 	Display Frame 1
782.3998 	EXP 	Display Frame 0
782.5247 	EXP 	Display Frame 1
782.6494 	EXP 	Display Frame 0
782.7749 	EXP 	Display Frame 1
782.9000 	EXP 	Display Frame 0
783.0247 	EXP 	Display Frame 1
783.1499 	EXP 	Display Frame 0
783.2748 	EXP 	Display Frame 1
783.3998 	EXP 	Display Frame 0
783.5247 	EXP 	Display Frame 1
783.6496 	EXP 	Display Frame 0
783.7750 	EXP 	Display Frame 1
783.8993 	EXP 	Display Frame 0
784.0247 	EXP 	Display Frame 1
784.1497 	EXP 	Display Frame 0
784.2747 	EXP 	Display Frame 1
784.3998 	EXP 	Display Frame 0
784.5247 	EXP 	Display Frame 1
784.6496 	EXP 	Display Frame 0
784.7748 	EXP 	Display Frame 1
784.8997 	EXP 	Display Frame 0
785.0247 	EXP 	Display Frame 1
785.1498 	EXP 	Display Frame 0
785.2750 	EXP 	Display Frame 1
785.3997 	EXP 	Display Frame 0
785.5246 	EXP 	Display Frame 1
785.6497 	EXP 	Display Frame 0
785.7748 	EXP 	Display Frame 1
785.8989 	EXP 	Display Frame 0
786.0246 	EXP 	Display Frame 1
786.1495 	EXP 	Display Frame 0
786.2747 	EXP 	Display Frame 1
786.3998 	EXP 	Display Frame 0
786.5247 	EXP 	Display Frame 1
786.6494 	EXP 	Display Frame 0
786.7749 	EXP 	Display Frame 1
786.9000 	EXP 	Display Frame 0
787.0245 	EXP 	Display Frame 1
787.1498 	EXP 	Display Frame 0
787.2748 	EXP 	Display Frame 1
787.3999 	EXP 	Display Frame 0
787.5248 	EXP 	Display Frame 1
787.6498 	EXP 	Display Frame 0
787.7748 	EXP 	Display Frame 1
787.8996 	EXP 	Display Frame 0
788.0245 	EXP 	Display Frame 1
788.1497 	EXP 	Display Frame 0
788.2746 	EXP 	Display Frame 1
788.3998 	EXP 	Display Frame 0
788.5247 	EXP 	Display Frame 1
788.6496 	EXP 	Display Frame 0
788.7748 	EXP 	Display Frame 1
788.8997 	EXP 	Display Frame 0
789.0247 	EXP 	Display Frame 1
789.1497 	EXP 	Display Frame 0
789.2747 	EXP 	Display Frame 1
789.3996 	EXP 	Display Frame 0
789.5248 	EXP 	Display Frame 1
789.6496 	EXP 	Display Frame 0
789.7747 	EXP 	Display Frame 1
789.8999 	EXP 	Display Frame 0
790.0246 	EXP 	Display Frame 1
790.1499 	EXP 	Display Frame 0
790.2746 	EXP 	Display Frame 1
790.3998 	EXP 	Display Frame 0
790.5247 	EXP 	Display Frame 1
790.6496 	EXP 	Display Frame 0
790.7748 	EXP 	Display Frame 1
790.9000 	EXP 	Display Frame 0
791.0248 	EXP 	Display Frame 1
791.1498 	EXP 	Display Frame 0
791.2747 	EXP 	Display Frame 1
791.3998 	EXP 	Display Frame 0
791.5248 	EXP 	Display Frame 1
791.6500 	EXP 	Display Frame 0
791.7747 	EXP 	Display Frame 1
791.8998 	EXP 	Display Frame 0
792.0246 	EXP 	Display Frame 1
792.1497 	EXP 	Display Frame 0
792.2746 	EXP 	Display Frame 1
792.3997 	EXP 	Display Frame 0
792.5246 	EXP 	Display Frame 1
792.6497 	EXP 	Display Frame 0
792.7747 	EXP 	Display Frame 1
792.8997 	EXP 	Display Frame 0
793.0248 	EXP 	Display Frame 1
793.1498 	EXP 	Display Frame 0
793.2747 	EXP 	Display Frame 1
793.3999 	EXP 	Display Frame 0
793.5248 	EXP 	Display Frame 1
793.6497 	EXP 	Display Frame 0
793.7752 	EXP 	Display Frame 1
793.8995 	EXP 	Display Frame 0
794.0245 	EXP 	Display Frame 1
794.1496 	EXP 	Display Frame 0
794.2751 	EXP 	Display Frame 1
794.3997 	EXP 	Display Frame 0
794.5247 	EXP 	Display Frame 1
794.6498 	EXP 	Display Frame 0
794.7751 	EXP 	Display Frame 1
794.8997 	EXP 	Display Frame 0
795.0248 	EXP 	Display Frame 1
795.1497 	EXP 	Display Frame 0
795.2747 	EXP 	Display Frame 1
795.3998 	EXP 	Display Frame 0
795.5248 	EXP 	Display Frame 1
795.6497 	EXP 	Display Frame 0
795.7749 	EXP 	Display Frame 1
795.9003 	EXP 	Display Frame 0
796.0244 	EXP 	Display Frame 1
796.1496 	EXP 	Display Frame 0
796.2744 	EXP 	Display Frame 1
796.4000 	EXP 	Display Frame 0
796.5246 	EXP 	Display Frame 1
796.6497 	EXP 	Display Frame 0
796.7747 	EXP 	Display Frame 1
796.8999 	EXP 	Display Frame 0
797.0249 	EXP 	Display Frame 1
797.1497 	EXP 	Display Frame 0
797.2746 	EXP 	Display Frame 1
797.3998 	EXP 	Display Frame 0
797.5244 	EXP 	Display Frame 1
797.6497 	EXP 	Display Frame 0
797.7747 	EXP 	Display Frame 1
797.8999 	EXP 	Display Frame 0
798.0247 	EXP 	Display Frame 1
798.1500 	EXP 	Display Frame 0
798.2748 	EXP 	Display Frame 1
798.3997 	EXP 	Display Frame 0
798.5246 	EXP 	Display Frame 1
798.6500 	EXP 	Display Frame 0
798.7747 	EXP 	Display Frame 1
798.9001 	EXP 	Display Frame 0
799.0248 	EXP 	Display Frame 1
799.1497 	EXP 	Display Frame 0
799.2749 	EXP 	Display Frame 1
799.3998 	EXP 	Display Frame 0
799.5248 	EXP 	Display Frame 1
799.6500 	EXP 	Display Frame 0
799.7748 	EXP 	Display Frame 1
799.8997 	EXP 	Display Frame 0
800.0247 	EXP 	Display Frame 1
800.1498 	EXP 	Display Frame 0
800.2748 	EXP 	Display Frame 1
800.3997 	EXP 	Display Frame 0
800.5252 	EXP 	Display Frame 1
800.6503 	EXP 	Display Frame 0
800.7743 	EXP 	Display Frame 1
800.8994 	EXP 	Display Frame 0
801.0248 	EXP 	Display Frame 1
801.1497 	EXP 	Display Frame 0
801.2749 	EXP 	Display Frame 1
801.3998 	EXP 	Display Frame 0
801.5248 	EXP 	Display Frame 1
801.6497 	EXP 	Display Frame 0
801.7748 	EXP 	Display Frame 1
801.9000 	EXP 	Display Frame 0
802.0247 	EXP 	Display Frame 1
802.1498 	EXP 	Display Frame 0
802.2748 	EXP 	Display Frame 1
802.3999 	EXP 	Display Frame 0
802.5248 	EXP 	Display Frame 1
802.6495 	EXP 	Display Frame 0
802.7747 	EXP 	Display Frame 1
802.8998 	EXP 	Display Frame 0
803.0247 	EXP 	Display Frame 1
803.1495 	EXP 	Display Frame 0
803.2747 	EXP 	Display Frame 1
803.3999 	EXP 	Display Frame 0
803.5247 	EXP 	Display Frame 1
803.6499 	EXP 	Display Frame 0
803.7748 	EXP 	Display Frame 1
803.9002 	EXP 	Display Frame 0
804.0247 	EXP 	Display Frame 1
804.1496 	EXP 	Display Frame 0
804.2747 	EXP 	Display Frame 1
804.3997 	EXP 	Display Frame 0
804.5248 	EXP 	Display Frame 1
804.6498 	EXP 	Display Frame 0
804.7747 	EXP 	Display Frame 1
804.8998 	EXP 	Display Frame 0
805.0248 	EXP 	Display Frame 1
805.1498 	EXP 	Display Frame 0
805.2748 	EXP 	Display Frame 1
805.3998 	EXP 	Display Frame 0
805.5247 	EXP 	Display Frame 1
805.6497 	EXP 	Display Frame 0
805.7751 	EXP 	Display Frame 1
805.8999 	EXP 	Display Frame 0
806.0249 	EXP 	Display Frame 1
806.1497 	EXP 	Display Frame 0
806.2747 	EXP 	Display Frame 1
806.3997 	EXP 	Display Frame 0
806.5248 	EXP 	Display Frame 1
806.6497 	EXP 	Display Frame 0
806.7747 	EXP 	Display Frame 1
806.8998 	EXP 	Display Frame 0
807.0247 	EXP 	Display Frame 1
807.1497 	EXP 	Display Frame 0
807.2746 	EXP 	Display Frame 1
807.3998 	EXP 	Display Frame 0
807.5247 	EXP 	Display Frame 1
807.6501 	EXP 	Display Frame 0
807.7746 	EXP 	Display Frame 1
807.8997 	EXP 	Display Frame 0
808.0246 	EXP 	Display Frame 1
808.1500 	EXP 	Display Frame 0
808.2745 	EXP 	Display Frame 1
808.3997 	EXP 	Display Frame 0
808.5248 	EXP 	Display Frame 1
808.6497 	EXP 	Display Frame 0
808.7745 	EXP 	Display Frame 1
808.9000 	EXP 	Display Frame 0
809.0247 	EXP 	Display Frame 1
809.1499 	EXP 	Display Frame 0
809.2748 	EXP 	Display Frame 1
809.3997 	EXP 	Display Frame 0
809.5247 	EXP 	Display Frame 1
809.6502 	EXP 	Display Frame 0
809.7744 	EXP 	Display Frame 1
809.8994 	EXP 	Display Frame 0
810.0249 	EXP 	Display Frame 1
810.1495 	EXP 	Display Frame 0
810.2747 	EXP 	Display Frame 1
810.4001 	EXP 	Display Frame 0
810.5252 	EXP 	Display Frame 1
810.6501 	EXP 	Display Frame 0
810.7758 	EXP 	Display Frame 1
810.8996 	EXP 	Display Frame 0
811.0245 	EXP 	Display Frame 1
811.1496 	EXP 	Display Frame 0
811.2748 	EXP 	Display Frame 1
811.3997 	EXP 	Display Frame 0
811.5247 	EXP 	Display Frame 1
811.6498 	EXP 	Display Frame 0
811.7739 	EXP 	Display Frame 1
811.8999 	EXP 	Display Frame 0
812.0246 	EXP 	Display Frame 1
812.1496 	EXP 	Display Frame 0
812.2747 	EXP 	Display Frame 1
812.3998 	EXP 	Display Frame 0
812.5248 	EXP 	Display Frame 1
812.6495 	EXP 	Display Frame 0
812.7748 	EXP 	Display Frame 1
812.8997 	EXP 	Display Frame 0
813.0247 	EXP 	Display Frame 1
813.1499 	EXP 	Display Frame 0
813.2748 	EXP 	Display Frame 1
813.4000 	EXP 	Display Frame 0
813.5249 	EXP 	Display Frame 1
813.6498 	EXP 	Display Frame 0
813.7748 	EXP 	Display Frame 1
813.9005 	EXP 	Display Frame 0
814.0245 	EXP 	Display Frame 1
814.1495 	EXP 	Display Frame 0
814.2744 	EXP 	Display Frame 1
814.3998 	EXP 	Display Frame 0
814.5249 	EXP 	Display Frame 1
814.6499 	EXP 	Display Frame 0
814.7750 	EXP 	Display Frame 1
814.8998 	EXP 	Display Frame 0
815.0247 	EXP 	Display Frame 1
815.1498 	EXP 	Display Frame 0
815.2748 	EXP 	Display Frame 1
815.3997 	EXP 	Display Frame 0
815.5248 	EXP 	Display Frame 1
815.6499 	EXP 	Display Frame 0
815.7747 	EXP 	Display Frame 1
815.9001 	EXP 	Display Frame 0
816.0248 	EXP 	Display Frame 1
816.1497 	EXP 	Display Frame 0
816.2747 	EXP 	Display Frame 1
816.3996 	EXP 	Display Frame 0
816.5245 	EXP 	Display Frame 1
816.6497 	EXP 	Display Frame 0
816.7748 	EXP 	Display Frame 1
816.8997 	EXP 	Display Frame 0
817.0247 	EXP 	Display Frame 1
817.1499 	EXP 	Display Frame 0
817.2748 	EXP 	Display Frame 1
817.3997 	EXP 	Display Frame 0
817.5249 	EXP 	Display Frame 1
817.6498 	EXP 	Display Frame 0
817.7747 	EXP 	Display Frame 1
817.8996 	EXP 	Display Frame 0
818.0248 	EXP 	Display Frame 1
818.1497 	EXP 	Display Frame 0
818.2749 	EXP 	Display Frame 1
818.3999 	EXP 	Display Frame 0
818.5247 	EXP 	Display Frame 1
818.6496 	EXP 	Display Frame 0
818.7749 	EXP 	Display Frame 1
818.8997 	EXP 	Display Frame 0
819.0247 	EXP 	Display Frame 1
819.1498 	EXP 	Display Frame 0
819.2747 	EXP 	Display Frame 1
819.3997 	EXP 	Display Frame 0
819.5248 	EXP 	Display Frame 1
819.6495 	EXP 	Display Frame 0
819.7748 	EXP 	Display Frame 1
819.8998 	EXP 	Display Frame 0
820.0253 	EXP 	Display Frame 1
820.1495 	EXP 	Display Frame 0
820.2744 	EXP 	Display Frame 1
820.3998 	EXP 	Display Frame 0
820.5247 	EXP 	Display Frame 1
820.6496 	EXP 	Display Frame 0
820.7748 	EXP 	Display Frame 1
820.8997 	EXP 	Display Frame 0
821.0249 	EXP 	Display Frame 1
821.1498 	EXP 	Display Frame 0
821.2751 	EXP 	Display Frame 1
821.3997 	EXP 	Display Frame 0
821.5248 	EXP 	Display Frame 1
821.6497 	EXP 	Display Frame 0
821.7750 	EXP 	Display Frame 1
821.9001 	EXP 	Display Frame 0
822.0247 	EXP 	Display Frame 1
822.1496 	EXP 	Display Frame 0
822.2748 	EXP 	Display Frame 1
822.4000 	EXP 	Display Frame 0
822.5247 	EXP 	Display Frame 1
822.6492 	EXP 	Display Frame 0
822.7748 	EXP 	Display Frame 1
822.8997 	EXP 	Display Frame 0
823.0249 	EXP 	Display Frame 1
823.1499 	EXP 	Display Frame 0
823.2747 	EXP 	Display Frame 1
823.4001 	EXP 	Display Frame 0
823.5248 	EXP 	Display Frame 1
823.6500 	EXP 	Display Frame 0
823.7747 	EXP 	Display Frame 1
823.9001 	EXP 	Display Frame 0
824.0246 	EXP 	Display Frame 1
824.1488 	DATA 	Keypress: t
824.1512 	EXP 	Display Frame 0
824.2746 	EXP 	Display Frame 1
824.3997 	EXP 	Display Frame 0
824.5311 	DATA 	Keypress: t
824.5335 	EXP 	Display Frame 1
824.5361 	EXP 	Display Fixation
825.3140 	DATA 	Keypress: q
825.3249 	EXP 	topMsg: height = 0.1
825.3249 	EXP 	topMsg: height = 0.1
825.3249 	EXP 	topMsg: text = "Thank you very much! \n\nThat's it with the tapping"
825.3249 	EXP 	bottomMsg: height = 0.1
825.3249 	EXP 	bottomMsg: height = 0.1
825.3249 	EXP 	bottomMsg: text = "Please relax for the ramaining time \n\n Press 'q' or 'escape' to end the session."
825.3249 	EXP 	Display TheEnd
826.4873 	DATA 	Keypress: q
826.5690 	EXP 	win: mouseVisible = True
