1.0535 	WARNING 	We strongly recommend you activate the PTB sound engine in PsychoPy prefs as the preferred audio engine. Its timing is vastly superior. Your prefs are currently set to use ['sounddevice', 'PTB', 'pyo', 'pygame'] (in that order).
7.3189 	INFO 	---START PARAMETERS---
7.3190 	INFO 	filename: TappingWithTrTiming_Movie_d3.py-1tt============ =-275-Sep_25_1802
7.3190 	INFO 	subject: 1tt============ =
7.3190 	INFO 	session: 275
7.3190 	INFO 	date: Sep_25_1802
7.3190 	INFO 	blockDur_TRs: 6
7.3190 	INFO 	condition: vis
7.3190 	INFO 	fixCrossPos: [0, 0]
7.3190 	INFO 	fixCrossSize: 100
7.3190 	INFO 	fullScreen: True
7.3190 	INFO 	movieFolder: Images/
7.3190 	INFO 	movieSize: (1600, 1600)
7.3190 	INFO 	nBlocks: 68
7.3190 	INFO 	promptDir: Text/
7.3190 	INFO 	restDur_TRs: 6
7.3190 	INFO 	screenColor: (128, 128, 128)
7.3190 	INFO 	screenToShow: 1
7.3190 	INFO 	skipPrompts: False
7.3190 	INFO 	tStartup_TRs: 0
7.3190 	INFO 	textHeight: 40
7.3190 	INFO 	triggerKey: equal
7.3190 	INFO 	---END PARAMETERS---
8.1404 	INFO 	Loaded monitor calibration from ['2022_03_25 08:03']
9.3207 	WARNING 	Couldn't measure a consistent frame rate!
  - Is your graphics card set to sync to vertical blank?
  - Are you running other processes on your computer?

9.3215 	EXP 	Created win = Window(allowGUI=False, allowStencil=False, autoLog=True, backendConf=UNKNOWN, bitsMode=UNKNOWN, blendMode='avg', bpc=(8, 8, 8), color=array([128, 128, 128]), colorSpace='rgb255', depthBits=8, fullscr=<method-wrapper '__getattribute__' of attributeSetter object at 0x7faf5902f130>, gamma=None, gammaErrorPolicy='raise', lms=UNKNOWN, monitor=<psychopy.monitors.calibTools.Monitor object at 0x7faf588b0c40>, multiSample=False, name='win', numSamples=2, pos=[0.0, 0.0], screen=1, size=array([1920, 1080]), stencilBits=0, stereo=False, units='deg', useFBO=False, useRetina=False, viewOri=0.0, viewPos=None, viewScale=None, waitBlanking=True, winType='pyglet')
9.3219 	EXP 	win: mouseVisible = True
9.3281 	EXP 	Created fixCross = ShapeStim(__class__=<class 'psychopy.visual.shape.ShapeStim'>, anchor=('center', 'center'), autoDraw=False, autoLog=True, closeShape=False, color=method-wrapper(...), colorSpace='rgb', contrast=None, depth=0, fillColor=array([0, 0, 0]), fillColorSpace='rgb', fillRGB=array([0, 0, 0]), interpolate=True, lineColor=array([-1., -1., -1.]), lineColorSpace='rgb', lineRGB=array([-1., -1., -1.]), lineWidth=3.0, name='fixCross', opacity=0.5, ori=0.0, pos=array([0., 0.]), size=array([1., 1.]), units='pix', vertices=ndarray(...), win=Window(...), windingRule=None)
9.3285 	WARNING 	TextStim.alignHoriz is deprecated. Use alignText and anchorHoriz attributes instead
9.3530 	EXP 	Created topMsg = TextStim(__class__=<class 'psychopy.visual.text.TextStim'>, alignHoriz='center', alignText='center', alignVert=method-wrapper(...), anchorHoriz='center', anchorVert='center', antialias=True, autoLog=True, bold=False, color=array([-1., -1., -1.]), colorSpace='rgb', contrast=1.0, depth=0, flipHoriz=False, flipVert=False, font='', fontFiles=[], height=0.1, italic=False, languageStyle='LTR', name='topMsg', opacity=1.0, ori=0.0, pos=array([0. , 0.5]), rgb=UNKNOWN, text='aaa', units='norm', win=Window(...), wrapWidth=1.5)
9.3532 	WARNING 	TextStim.alignHoriz is deprecated. Use alignText and anchorHoriz attributes instead
9.3555 	EXP 	Created bottomMsg = TextStim(__class__=<class 'psychopy.visual.text.TextStim'>, alignHoriz='center', alignText='center', alignVert=method-wrapper(...), anchorHoriz='center', anchorVert='center', antialias=True, autoLog=True, bold=False, color=array([-1., -1., -1.]), colorSpace='rgb', contrast=1.0, depth=0, flipHoriz=False, flipVert=False, font='', fontFiles=[], height=0.1, italic=False, languageStyle='LTR', name='bottomMsg', opacity=1.0, ori=0.0, pos=array([ 0. , -0.5]), rgb=UNKNOWN, text='bbb', units='norm', win=Window(...), wrapWidth=1.5)
9.3759 	EXP 	Created Movie Frame 0 = ImageStim(__class__=<class 'psychopy.visual.image.ImageStim'>, anchor=('center', 'center'), autoLog=True, color=array([1., 1., 1.]), colorSpace='rgb', contrast=1.0, depth=0, flipHoriz=False, flipVert=False, image='Images/visual_0.png', interpolate=False, mask=None, maskParams=None, name='Movie Frame 0', opacity=1, ori=0.0, pos=array([0., 0.]), size=array([1600., 1600.]), texRes=128, units='pix', win=Window(...))
9.3869 	EXP 	Created Movie Frame 1 = ImageStim(__class__=<class 'psychopy.visual.image.ImageStim'>, anchor=('center', 'center'), autoLog=True, color=array([1., 1., 1.]), colorSpace='rgb', contrast=1.0, depth=0, flipHoriz=False, flipVert=False, image='Images/visual_1.png', interpolate=False, mask=None, maskParams=None, name='Movie Frame 1', opacity=1, ori=0.0, pos=array([0., 0.]), size=array([1600., 1600.]), texRes=128, units='pix', win=Window(...))
9.3926 	EXP 	Created unnamed TextStim = TextStim(__class__=<class 'psychopy.visual.text.TextStim'>, alignHoriz=method-wrapper(...), alignText='center', alignVert=method-wrapper(...), anchorHoriz='center', anchorVert='center', antialias=True, autoLog=True, bold=False, color=array([-1., -1., -1.]), colorSpace='rgb', contrast=1.0, depth=0, flipHoriz=False, flipVert=False, font='', fontFiles=[], height=40.0, italic=False, languageStyle='LTR', name='unnamed TextStim', opacity=1.0, ori=0.0, pos=array([  0., 880.]), rgb=UNKNOWN, text='look at the center', units='pix', win=Window(...), wrapWidth=1600)
9.4054 	WARNING 	t of last frame was 84.82ms (=1/11)
9.4054 	EXP 	topMsg: height = 0.1
9.4054 	EXP 	topMsg: height = 0.1
9.4054 	EXP 	topMsg: text = 'You will see a flickering checkerboard. When it is on the screen, try to fixate the center of the checkerboard. When the fixation cross appears, relax and stare at the cross.'
9.4054 	EXP 	bottomMsg: height = 0.1
9.4054 	EXP 	bottomMsg: height = 0.1
9.4054 	EXP 	bottomMsg: text = 'The experiment will begin shortly'
9.4054 	EXP 	Display Instructions1
10.4583 	DATA 	Keypress: space
10.4626 	WARNING 	t of last frame was 1057.29ms (=1/0)
10.4626 	EXP 	topMsg: height = 0.1
10.4626 	EXP 	topMsg: height = 0.1
10.4626 	EXP 	topMsg: text = "Please don't move..."
10.4626 	EXP 	bottomMsg: height = 0.1
10.4626 	EXP 	bottomMsg: height = 0.1
10.4626 	EXP 	bottomMsg: text = ''
10.4626 	EXP 	PleaseDontMove
169.9896 	DATA 	Mouse: Left button down, pos=(172,594)
170.0899 	DATA 	Mouse:  Left button up, pos=(172,594)
171.0383 	DATA 	Keypress: equal
171.0432 	WARNING 	t of last frame was 160580.52ms (=1/0)
171.0432 	EXP 	Display Fixation
171.0434 	EXP 	---START EXPERIMENT---
171.0444 	EXP 	Display Fixation
172.0390 	DATA 	Keypress: q
172.0458 	WARNING 	t of last frame was 1001.45ms (=1/0)
172.0458 	EXP 	topMsg: height = 0.1
172.0458 	EXP 	topMsg: height = 0.1
172.0458 	EXP 	topMsg: text = "Thank you very much! \n\nThat's it with the tapping"
172.0458 	EXP 	bottomMsg: height = 0.1
172.0458 	EXP 	bottomMsg: height = 0.1
172.0458 	EXP 	bottomMsg: text = "Please relax for the ramaining time \n\n Press 'q' or 'escape' to end the session."
172.0458 	EXP 	Display TheEnd
172.3967 	DATA 	Keypress: q
172.4883 	EXP 	win: mouseVisible = True
