0.9866 	WARNING 	We strongly recommend you activate the PTB sound engine in PsychoPy prefs as the preferred audio engine. Its timing is vastly superior. Your prefs are currently set to use ['sounddevice', 'PTB', 'pyo', 'pygame'] (in that order).
7.2011 	INFO 	---START PARAMETERS---
7.2011 	INFO 	filename: TappingWithTrTiming_Movie_d3.py-1tt-75-Mar_18_1553
7.2012 	INFO 	subject: 1tt
7.2012 	INFO 	session: 75
7.2012 	INFO 	date: Mar_18_1553
7.2012 	INFO 	blockDur_TRs: 2
7.2012 	INFO 	condition: vis
7.2012 	INFO 	fixCrossPos: [0, 0]
7.2012 	INFO 	fixCrossSize: 100
7.2013 	INFO 	fullScreen: True
7.2013 	INFO 	movieFolder: Images/
7.2013 	INFO 	movieSize: (1600, 1000)
7.2013 	INFO 	nBlocks: 68
7.2013 	INFO 	promptDir: Text/
7.2013 	INFO 	restDur_TRs: 2
7.2013 	INFO 	screenColor: (128, 128, 128)
7.2013 	INFO 	screenToShow: 0
7.2013 	INFO 	skipPrompts: False
7.2013 	INFO 	tStartup_TRs: 0
7.2013 	INFO 	textHeight: 40
7.2013 	INFO 	triggerKey: t
7.2013 	INFO 	---END PARAMETERS---
8.2720 	INFO 	Loaded monitor calibration from ['2022_03_25 08:03']
10.3009 	WARNING 	Couldn't measure a consistent frame rate!
  - Is your graphics card set to sync to vertical blank?
  - Are you running other processes on your computer?

10.3026 	EXP 	Created win = Window(allowGUI=False, allowStencil=False, autoLog=True, backendConf=UNKNOWN, bitsMode=UNKNOWN, blendMode='avg', bpc=(8, 8, 8), color=array([128, 128, 128]), colorSpace='rgb255', depthBits=8, fullscr=<method-wrapper '__getattribute__' of attributeSetter object at 0x7f77ce61f8b0>, gamma=None, gammaErrorPolicy='raise', lms=UNKNOWN, monitor=<psychopy.monitors.calibTools.Monitor object at 0x7f7832d3d9a0>, multiSample=False, name='win', numSamples=2, pos=[480.0, 270.0], screen=0, size=array([3840, 2160]), stencilBits=0, stereo=False, units='deg', useFBO=False, useRetina=True, viewOri=0.0, viewPos=None, viewScale=None, waitBlanking=True, winType='pyglet')
10.3036 	EXP 	win: mouseVisible = True
10.3129 	EXP 	Created fixCross = ShapeStim(__class__=<class 'psychopy.visual.shape.ShapeStim'>, anchor=('center', 'center'), autoDraw=False, autoLog=True, closeShape=False, color=method-wrapper(...), colorSpace='rgb', contrast=None, depth=0, fillColor=array([0, 0, 0]), fillColorSpace='rgb', fillRGB=array([0, 0, 0]), interpolate=True, lineColor=array([-1., -1., -1.]), lineColorSpace='rgb', lineRGB=array([-1., -1., -1.]), lineWidth=3.0, name='fixCross', opacity=0.5, ori=0.0, pos=array([0., 0.]), size=array([1., 1.]), units='pix', vertices=ndarray(...), win=Window(...), windingRule=None)
10.3137 	WARNING 	TextStim.alignHoriz is deprecated. Use alignText and anchorHoriz attributes instead
10.3468 	EXP 	Created topMsg = TextStim(__class__=<class 'psychopy.visual.text.TextStim'>, alignHoriz='center', alignText='center', alignVert=method-wrapper(...), anchorHoriz='center', anchorVert='center', antialias=True, autoLog=True, bold=False, color=array([-1., -1., -1.]), colorSpace='rgb', contrast=1.0, depth=0, flipHoriz=False, flipVert=False, font='', fontFiles=[], height=0.1, italic=False, languageStyle='LTR', name='topMsg', opacity=1.0, ori=0.0, pos=array([0. , 0.5]), rgb=UNKNOWN, text='aaa', units='norm', win=Window(...), wrapWidth=1.5)
10.3470 	WARNING 	TextStim.alignHoriz is deprecated. Use alignText and anchorHoriz attributes instead
10.3497 	EXP 	Created bottomMsg = TextStim(__class__=<class 'psychopy.visual.text.TextStim'>, alignHoriz='center', alignText='center', alignVert=method-wrapper(...), anchorHoriz='center', anchorVert='center', antialias=True, autoLog=True, bold=False, color=array([-1., -1., -1.]), colorSpace='rgb', contrast=1.0, depth=0, flipHoriz=False, flipVert=False, font='', fontFiles=[], height=0.1, italic=False, languageStyle='LTR', name='bottomMsg', opacity=1.0, ori=0.0, pos=array([ 0. , -0.5]), rgb=UNKNOWN, text='bbb', units='norm', win=Window(...), wrapWidth=1.5)
10.3730 	EXP 	Created Movie Frame 0 = ImageStim(__class__=<class 'psychopy.visual.image.ImageStim'>, anchor=('center', 'center'), autoLog=True, color=array([1., 1., 1.]), colorSpace='rgb', contrast=1.0, depth=0, flipHoriz=False, flipVert=False, image='Images/visual_0.png', interpolate=False, mask=None, maskParams=None, name='Movie Frame 0', opacity=1, ori=0.0, pos=array([0., 0.]), size=array([1600., 1000.]), texRes=128, units='pix', win=Window(...))
10.3863 	EXP 	Created Movie Frame 1 = ImageStim(__class__=<class 'psychopy.visual.image.ImageStim'>, anchor=('center', 'center'), autoLog=True, color=array([1., 1., 1.]), colorSpace='rgb', contrast=1.0, depth=0, flipHoriz=False, flipVert=False, image='Images/visual_1.png', interpolate=False, mask=None, maskParams=None, name='Movie Frame 1', opacity=1, ori=0.0, pos=array([0., 0.]), size=array([1600., 1000.]), texRes=128, units='pix', win=Window(...))
10.3938 	EXP 	Created unnamed TextStim = TextStim(__class__=<class 'psychopy.visual.text.TextStim'>, alignHoriz=method-wrapper(...), alignText='center', alignVert=method-wrapper(...), anchorHoriz='center', anchorVert='center', antialias=True, autoLog=True, bold=False, color=array([-1., -1., -1.]), colorSpace='rgb', contrast=1.0, depth=0, flipHoriz=False, flipVert=False, font='', fontFiles=[], height=40.0, italic=False, languageStyle='LTR', name='unnamed TextStim', opacity=1.0, ori=0.0, pos=array([  0., 580.]), rgb=UNKNOWN, text='look at the center', units='pix', win=Window(...), wrapWidth=1600)
10.4107 	WARNING 	t of last frame was 110.62ms (=1/9)
10.4107 	EXP 	topMsg: height = 0.1
10.4107 	EXP 	topMsg: height = 0.1
10.4107 	EXP 	topMsg: text = 'You will see a flickering checkerboard. When it is on the screen, try to fixate the center of the checkerboard. When the fixation cross appears, relax and stare at the cross.'
10.4107 	EXP 	bottomMsg: height = 0.1
10.4107 	EXP 	bottomMsg: height = 0.1
10.4107 	EXP 	bottomMsg: text = 'The experiment will begin shortly'
10.4107 	EXP 	Display Instructions1
15.4563 	DATA 	Keypress: space
15.4631 	WARNING 	t of last frame was 5052.32ms (=1/0)
15.4631 	EXP 	topMsg: height = 0.1
15.4631 	EXP 	topMsg: height = 0.1
15.4631 	EXP 	topMsg: text = "Please don't move..."
15.4631 	EXP 	bottomMsg: height = 0.1
15.4631 	EXP 	bottomMsg: height = 0.1
15.4631 	EXP 	bottomMsg: text = ''
15.4631 	EXP 	PleaseDontMove
41.1281 	DATA 	Keypress: t
41.1339 	WARNING 	t of last frame was 25670.87ms (=1/0)
41.1339 	EXP 	Display Fixation
41.1342 	EXP 	---START EXPERIMENT---
41.1361 	EXP 	Display Fixation
42.6187 	DATA 	Keypress: t
85.8072 	DATA 	Keypress: t
85.8122 	WARNING 	t of last frame was 44676.10ms (=1/0)
85.9349 	WARNING 	Multiple dropped frames have occurred - I'll stop bothering you about them!
85.9349 	EXP 	Display Frame 1
86.0594 	EXP 	Display Frame 0
86.1843 	EXP 	Display Frame 1
86.3095 	EXP 	Display Frame 0
86.4351 	EXP 	Display Frame 1
86.5591 	EXP 	Display Frame 0
86.6845 	EXP 	Display Frame 1
86.8097 	EXP 	Display Frame 0
86.9349 	EXP 	Display Frame 1
87.0595 	EXP 	Display Frame 0
87.1845 	EXP 	Display Frame 1
87.3094 	DATA 	Keypress: t
87.3114 	EXP 	Display Frame 0
87.4345 	EXP 	Display Frame 1
87.5595 	EXP 	Display Frame 0
87.6846 	EXP 	Display Frame 1
87.8096 	EXP 	Display Frame 0
87.9347 	EXP 	Display Frame 1
88.0596 	EXP 	Display Frame 0
88.1845 	EXP 	Display Frame 1
88.3097 	EXP 	Display Frame 0
88.4346 	EXP 	Display Frame 1
88.5591 	EXP 	Display Frame 0
88.6847 	EXP 	Display Frame 1
88.8092 	EXP 	Display Frame 0
88.9346 	EXP 	Display Frame 1
89.0598 	EXP 	Display Frame 0
89.1847 	EXP 	Display Frame 1
89.3096 	EXP 	Display Frame 0
89.4348 	EXP 	Display Frame 1
89.5596 	EXP 	Display Frame 0
89.6844 	EXP 	Display Frame 1
89.8096 	EXP 	Display Frame 0
89.9347 	EXP 	Display Frame 1
90.0595 	EXP 	Display Frame 0
90.1845 	EXP 	Display Frame 1
90.3096 	EXP 	Display Frame 0
90.4346 	EXP 	Display Frame 1
90.5595 	EXP 	Display Frame 0
90.6845 	EXP 	Display Frame 1
90.8094 	EXP 	Display Frame 0
90.9343 	EXP 	Display Frame 1
91.0597 	EXP 	Display Frame 0
91.1846 	EXP 	Display Frame 1
91.3095 	EXP 	Display Frame 0
91.4347 	EXP 	Display Frame 1
91.5598 	EXP 	Display Frame 0
91.6846 	EXP 	Display Frame 1
91.8097 	EXP 	Display Frame 0
91.9346 	EXP 	Display Frame 1
92.0597 	EXP 	Display Frame 0
92.1847 	EXP 	Display Frame 1
92.3098 	EXP 	Display Frame 0
92.4346 	EXP 	Display Frame 1
92.5597 	EXP 	Display Frame 0
92.6847 	EXP 	Display Frame 1
92.8095 	EXP 	Display Frame 0
92.9348 	EXP 	Display Frame 1
93.0601 	EXP 	Display Frame 0
93.1842 	EXP 	Display Frame 1
93.3094 	EXP 	Display Frame 0
93.4347 	EXP 	Display Frame 1
93.5599 	EXP 	Display Frame 0
93.6842 	EXP 	Display Frame 1
93.8095 	EXP 	Display Frame 0
93.9344 	EXP 	Display Frame 1
94.0594 	EXP 	Display Frame 0
94.1847 	EXP 	Display Frame 1
94.3097 	EXP 	Display Frame 0
94.4346 	EXP 	Display Frame 1
94.5597 	EXP 	Display Frame 0
94.6844 	EXP 	Display Frame 1
94.8096 	EXP 	Display Frame 0
94.9346 	EXP 	Display Frame 1
95.0595 	EXP 	Display Frame 0
95.1848 	EXP 	Display Frame 1
95.3097 	EXP 	Display Frame 0
95.4347 	EXP 	Display Frame 1
95.5596 	EXP 	Display Frame 0
95.6845 	EXP 	Display Frame 1
95.8097 	EXP 	Display Frame 0
95.9346 	EXP 	Display Frame 1
96.0595 	EXP 	Display Frame 0
96.1847 	EXP 	Display Frame 1
96.3096 	EXP 	Display Frame 0
96.4344 	EXP 	Display Frame 1
96.5599 	EXP 	Display Frame 0
96.6849 	EXP 	Display Frame 1
96.8093 	EXP 	Display Frame 0
96.9347 	EXP 	Display Frame 1
97.0594 	EXP 	Display Frame 0
97.1844 	EXP 	Display Frame 1
97.3095 	EXP 	Display Frame 0
97.4348 	EXP 	Display Frame 1
97.5596 	EXP 	Display Frame 0
97.6849 	EXP 	Display Frame 1
97.8097 	EXP 	Display Frame 0
97.9346 	EXP 	Display Frame 1
98.0597 	EXP 	Display Frame 0
98.1847 	EXP 	Display Frame 1
98.3095 	EXP 	Display Frame 0
98.4345 	EXP 	Display Frame 1
98.5598 	EXP 	Display Frame 0
98.6846 	EXP 	Display Frame 1
98.8095 	EXP 	Display Frame 0
98.9350 	EXP 	Display Frame 1
99.0596 	EXP 	Display Frame 0
99.1846 	EXP 	Display Frame 1
99.3097 	EXP 	Display Frame 0
99.4346 	EXP 	Display Frame 1
99.5595 	EXP 	Display Frame 0
99.6845 	EXP 	Display Frame 1
99.8097 	EXP 	Display Frame 0
99.9346 	EXP 	Display Frame 1
100.0597 	EXP 	Display Frame 0
100.1847 	EXP 	Display Frame 1
100.3096 	EXP 	Display Frame 0
100.4345 	EXP 	Display Frame 1
100.5596 	EXP 	Display Frame 0
100.6846 	EXP 	Display Frame 1
100.8093 	EXP 	Display Frame 0
100.9347 	EXP 	Display Frame 1
101.0594 	EXP 	Display Frame 0
101.1846 	EXP 	Display Frame 1
101.3097 	EXP 	Display Frame 0
101.4346 	EXP 	Display Frame 1
101.5595 	EXP 	Display Frame 0
101.6845 	EXP 	Display Frame 1
101.8094 	EXP 	Display Frame 0
101.9344 	EXP 	Display Frame 1
102.0593 	EXP 	Display Frame 0
102.1844 	EXP 	Display Frame 1
102.3094 	EXP 	Display Frame 0
102.4349 	EXP 	Display Frame 1
102.5596 	EXP 	Display Frame 0
102.6846 	EXP 	Display Frame 1
102.8095 	EXP 	Display Frame 0
102.9347 	EXP 	Display Frame 1
103.0596 	EXP 	Display Frame 0
103.1848 	EXP 	Display Frame 1
103.3095 	EXP 	Display Frame 0
103.4344 	EXP 	Display Frame 1
103.5597 	EXP 	Display Frame 0
103.6847 	EXP 	Display Frame 1
103.8097 	EXP 	Display Frame 0
103.9346 	EXP 	Display Frame 1
104.0597 	EXP 	Display Frame 0
104.1846 	EXP 	Display Frame 1
104.3096 	EXP 	Display Frame 0
104.4347 	EXP 	Display Frame 1
104.5596 	EXP 	Display Frame 0
104.6844 	EXP 	Display Frame 1
104.8100 	EXP 	Display Frame 0
104.9343 	EXP 	Display Frame 1
105.0592 	EXP 	Display Frame 0
105.1843 	EXP 	Display Frame 1
105.3097 	EXP 	Display Frame 0
105.4347 	EXP 	Display Frame 1
105.5598 	EXP 	Display Frame 0
105.6845 	EXP 	Display Frame 1
105.8096 	EXP 	Display Frame 0
105.9345 	EXP 	Display Frame 1
106.0598 	EXP 	Display Frame 0
106.1846 	EXP 	Display Frame 1
106.3097 	EXP 	Display Frame 0
106.4347 	EXP 	Display Frame 1
106.5596 	EXP 	Display Frame 0
106.6844 	EXP 	Display Frame 1
106.8097 	EXP 	Display Frame 0
106.9345 	EXP 	Display Frame 1
107.0594 	EXP 	Display Frame 0
107.1845 	EXP 	Display Frame 1
107.3096 	EXP 	Display Frame 0
107.4344 	EXP 	Display Frame 1
107.5595 	EXP 	Display Frame 0
107.6847 	EXP 	Display Frame 1
107.8092 	EXP 	Display Frame 0
107.9348 	EXP 	Display Frame 1
108.0595 	EXP 	Display Frame 0
108.1846 	EXP 	Display Frame 1
108.3096 	EXP 	Display Frame 0
108.4347 	EXP 	Display Frame 1
108.5602 	EXP 	Display Frame 0
108.6848 	EXP 	Display Frame 1
108.8097 	EXP 	Display Frame 0
108.9344 	EXP 	Display Frame 1
109.0594 	EXP 	Display Frame 0
109.1847 	EXP 	Display Frame 1
109.3097 	EXP 	Display Frame 0
109.4347 	EXP 	Display Frame 1
109.5597 	EXP 	Display Frame 0
109.6844 	EXP 	Display Frame 1
109.8096 	EXP 	Display Frame 0
109.9345 	EXP 	Display Frame 1
110.0597 	EXP 	Display Frame 0
110.1846 	EXP 	Display Frame 1
110.3095 	EXP 	Display Frame 0
110.4347 	EXP 	Display Frame 1
110.5596 	EXP 	Display Frame 0
110.6845 	EXP 	Display Frame 1
110.8097 	EXP 	Display Frame 0
110.9348 	EXP 	Display Frame 1
111.0596 	EXP 	Display Frame 0
111.1847 	EXP 	Display Frame 1
111.3096 	EXP 	Display Frame 0
111.4346 	EXP 	Display Frame 1
111.5597 	EXP 	Display Frame 0
111.6846 	EXP 	Display Frame 1
111.8096 	EXP 	Display Frame 0
111.9347 	EXP 	Display Frame 1
112.0598 	EXP 	Display Frame 0
112.1848 	EXP 	Display Frame 1
112.3095 	EXP 	Display Frame 0
112.4345 	EXP 	Display Frame 1
112.5596 	EXP 	Display Frame 0
112.6843 	EXP 	Display Frame 1
112.8094 	EXP 	Display Frame 0
112.9344 	EXP 	Display Frame 1
113.0593 	EXP 	Display Frame 0
113.1847 	EXP 	Display Frame 1
113.3096 	EXP 	Display Frame 0
113.4345 	EXP 	Display Frame 1
113.5597 	EXP 	Display Frame 0
113.6846 	EXP 	Display Frame 1
113.8095 	EXP 	Display Frame 0
113.9348 	EXP 	Display Frame 1
114.0596 	EXP 	Display Frame 0
114.1846 	EXP 	Display Frame 1
114.3098 	EXP 	Display Frame 0
114.4359 	EXP 	Display Frame 1
114.5596 	EXP 	Display Frame 0
114.6844 	EXP 	Display Frame 1
114.8091 	EXP 	Display Frame 0
114.9348 	EXP 	Display Frame 1
115.0595 	EXP 	Display Frame 0
115.1844 	EXP 	Display Frame 1
115.3095 	EXP 	Display Frame 0
115.4345 	EXP 	Display Frame 1
115.5596 	EXP 	Display Frame 0
115.6847 	EXP 	Display Frame 1
115.8095 	EXP 	Display Frame 0
115.9347 	EXP 	Display Frame 1
116.0596 	EXP 	Display Frame 0
116.1845 	EXP 	Display Frame 1
116.3097 	EXP 	Display Frame 0
116.4353 	EXP 	Display Frame 1
116.5590 	EXP 	Display Frame 0
116.6845 	EXP 	Display Frame 1
116.8096 	EXP 	Display Frame 0
116.9348 	EXP 	Display Frame 1
117.0596 	EXP 	Display Frame 0
117.1848 	EXP 	Display Frame 1
117.3096 	EXP 	Display Frame 0
117.4347 	EXP 	Display Frame 1
117.5596 	EXP 	Display Frame 0
117.6846 	EXP 	Display Frame 1
117.8096 	EXP 	Display Frame 0
117.9348 	EXP 	Display Frame 1
118.0596 	EXP 	Display Frame 0
118.1843 	EXP 	Display Frame 1
118.3095 	EXP 	Display Frame 0
118.4345 	EXP 	Display Frame 1
118.5595 	EXP 	Display Frame 0
118.6847 	EXP 	Display Frame 1
118.8096 	EXP 	Display Frame 0
118.9346 	EXP 	Display Frame 1
119.0599 	EXP 	Display Frame 0
119.1847 	EXP 	Display Frame 1
119.3097 	EXP 	Display Frame 0
119.4347 	EXP 	Display Frame 1
119.5596 	EXP 	Display Frame 0
119.6843 	EXP 	Display Frame 1
119.8099 	EXP 	Display Frame 0
119.9347 	EXP 	Display Frame 1
120.0597 	EXP 	Display Frame 0
120.1845 	EXP 	Display Frame 1
120.3097 	EXP 	Display Frame 0
120.4347 	EXP 	Display Frame 1
120.5595 	EXP 	Display Frame 0
120.6847 	EXP 	Display Frame 1
120.8096 	EXP 	Display Frame 0
120.9348 	EXP 	Display Frame 1
121.0597 	EXP 	Display Frame 0
121.1849 	EXP 	Display Frame 1
121.3093 	EXP 	Display Frame 0
121.4345 	EXP 	Display Frame 1
121.5596 	EXP 	Display Frame 0
121.6846 	EXP 	Display Frame 1
121.8093 	EXP 	Display Frame 0
121.9346 	EXP 	Display Frame 1
122.0596 	EXP 	Display Frame 0
122.1845 	EXP 	Display Frame 1
122.3097 	EXP 	Display Frame 0
122.4346 	EXP 	Display Frame 1
122.5595 	EXP 	Display Frame 0
122.6847 	EXP 	Display Frame 1
122.8096 	EXP 	Display Frame 0
122.9345 	EXP 	Display Frame 1
123.0598 	EXP 	Display Frame 0
123.1846 	EXP 	Display Frame 1
123.3095 	EXP 	Display Frame 0
123.4347 	EXP 	Display Frame 1
123.5596 	EXP 	Display Frame 0
123.6843 	EXP 	Display Frame 1
123.8095 	EXP 	Display Frame 0
123.9345 	EXP 	Display Frame 1
124.0597 	EXP 	Display Frame 0
124.1847 	EXP 	Display Frame 1
124.3096 	EXP 	Display Frame 0
124.4346 	EXP 	Display Frame 1
124.5597 	EXP 	Display Frame 0
124.6847 	EXP 	Display Frame 1
124.8096 	EXP 	Display Frame 0
124.9348 	EXP 	Display Frame 1
125.0595 	EXP 	Display Frame 0
125.1844 	EXP 	Display Frame 1
125.3095 	EXP 	Display Frame 0
125.4347 	EXP 	Display Frame 1
125.5596 	EXP 	Display Frame 0
125.6848 	EXP 	Display Frame 1
125.8097 	EXP 	Display Frame 0
125.9347 	EXP 	Display Frame 1
126.0602 	EXP 	Display Frame 0
126.1845 	EXP 	Display Frame 1
126.3095 	EXP 	Display Frame 0
126.4346 	EXP 	Display Frame 1
126.5597 	EXP 	Display Frame 0
126.6848 	EXP 	Display Frame 1
126.8097 	EXP 	Display Frame 0
126.9347 	EXP 	Display Frame 1
127.0598 	EXP 	Display Frame 0
127.1847 	EXP 	Display Frame 1
127.3100 	EXP 	Display Frame 0
127.4345 	EXP 	Display Frame 1
127.5589 	EXP 	Display Frame 0
127.6843 	EXP 	Display Frame 1
127.8095 	EXP 	Display Frame 0
127.9351 	EXP 	Display Frame 1
128.0594 	EXP 	Display Frame 0
128.1845 	EXP 	Display Frame 1
128.3094 	EXP 	Display Frame 0
128.4345 	EXP 	Display Frame 1
128.5597 	EXP 	Display Frame 0
128.6847 	EXP 	Display Frame 1
128.8095 	EXP 	Display Frame 0
128.9347 	EXP 	Display Frame 1
129.0595 	EXP 	Display Frame 0
129.1844 	EXP 	Display Frame 1
129.3095 	EXP 	Display Frame 0
129.4345 	EXP 	Display Frame 1
129.5596 	EXP 	Display Frame 0
129.6846 	EXP 	Display Frame 1
129.8097 	EXP 	Display Frame 0
129.9347 	EXP 	Display Frame 1
130.0596 	EXP 	Display Frame 0
130.1847 	EXP 	Display Frame 1
130.3096 	EXP 	Display Frame 0
130.4346 	EXP 	Display Frame 1
130.5595 	DATA 	Keypress: t
130.5621 	EXP 	Display Frame 0
130.5639 	EXP 	Display Fixation
131.9719 	DATA 	Keypress: t
175.1655 	DATA 	Keypress: t
175.2932 	EXP 	Display Frame 1
175.4181 	EXP 	Display Frame 0
175.5427 	EXP 	Display Frame 1
175.6679 	EXP 	Display Frame 0
175.7930 	EXP 	Display Frame 1
175.9179 	EXP 	Display Frame 0
176.0428 	EXP 	Display Frame 1
176.1680 	EXP 	Display Frame 0
176.2929 	EXP 	Display Frame 1
176.4176 	EXP 	Display Frame 0
176.5430 	EXP 	Display Frame 1
176.6672 	DATA 	Keypress: t
176.6693 	EXP 	Display Frame 0
176.7931 	EXP 	Display Frame 1
176.9178 	EXP 	Display Frame 0
177.0429 	EXP 	Display Frame 1
177.1677 	EXP 	Display Frame 0
177.2930 	EXP 	Display Frame 1
177.4180 	EXP 	Display Frame 0
177.5429 	EXP 	Display Frame 1
177.6680 	EXP 	Display Frame 0
177.7931 	EXP 	Display Frame 1
177.9179 	EXP 	Display Frame 0
178.0428 	EXP 	Display Frame 1
178.1681 	EXP 	Display Frame 0
178.2929 	EXP 	Display Frame 1
178.4178 	EXP 	Display Frame 0
178.5430 	EXP 	Display Frame 1
178.6677 	EXP 	Display Frame 0
178.7926 	EXP 	Display Frame 1
178.9180 	EXP 	Display Frame 0
179.0429 	EXP 	Display Frame 1
179.1678 	EXP 	Display Frame 0
179.2931 	EXP 	Display Frame 1
179.4179 	EXP 	Display Frame 0
179.5431 	EXP 	Display Frame 1
179.6678 	EXP 	Display Frame 0
179.7930 	EXP 	Display Frame 1
179.9179 	EXP 	Display Frame 0
180.0430 	EXP 	Display Frame 1
180.1679 	EXP 	Display Frame 0
180.2929 	EXP 	Display Frame 1
180.4180 	EXP 	Display Frame 0
180.5430 	EXP 	Display Frame 1
180.6679 	EXP 	Display Frame 0
180.7932 	EXP 	Display Frame 1
180.9178 	EXP 	Display Frame 0
181.0427 	EXP 	Display Frame 1
181.1679 	EXP 	Display Frame 0
181.2930 	EXP 	Display Frame 1
181.4181 	EXP 	Display Frame 0
181.5428 	EXP 	Display Frame 1
181.6680 	EXP 	Display Frame 0
181.7929 	EXP 	Display Frame 1
181.9177 	EXP 	Display Frame 0
182.0430 	EXP 	Display Frame 1
182.1679 	EXP 	Display Frame 0
182.2929 	EXP 	Display Frame 1
182.4180 	EXP 	Display Frame 0
182.5429 	EXP 	Display Frame 1
182.6679 	EXP 	Display Frame 0
182.7931 	EXP 	Display Frame 1
182.9179 	EXP 	Display Frame 0
183.0429 	EXP 	Display Frame 1
183.1678 	EXP 	Display Frame 0
183.2931 	EXP 	Display Frame 1
183.4179 	EXP 	Display Frame 0
183.5428 	EXP 	Display Frame 1
183.6680 	EXP 	Display Frame 0
183.7929 	EXP 	Display Frame 1
183.9180 	EXP 	Display Frame 0
184.0430 	EXP 	Display Frame 1
184.1677 	EXP 	Display Frame 0
184.2926 	EXP 	Display Frame 1
184.4180 	EXP 	Display Frame 0
184.5429 	EXP 	Display Frame 1
184.6676 	EXP 	Display Frame 0
184.7930 	EXP 	Display Frame 1
184.9179 	EXP 	Display Frame 0
185.0431 	EXP 	Display Frame 1
185.1678 	EXP 	Display Frame 0
185.2928 	EXP 	Display Frame 1
185.4179 	EXP 	Display Frame 0
185.5430 	EXP 	Display Frame 1
185.6679 	EXP 	Display Frame 0
185.7929 	EXP 	Display Frame 1
185.9181 	EXP 	Display Frame 0
186.0428 	EXP 	Display Frame 1
186.1678 	EXP 	Display Frame 0
186.2928 	EXP 	Display Frame 1
186.4180 	EXP 	Display Frame 0
186.5429 	EXP 	Display Frame 1
186.6680 	EXP 	Display Frame 0
186.7931 	EXP 	Display Frame 1
186.9180 	EXP 	Display Frame 0
187.0428 	EXP 	Display Frame 1
187.1680 	EXP 	Display Frame 0
187.2929 	EXP 	Display Frame 1
187.4178 	EXP 	Display Frame 0
187.5430 	EXP 	Display Frame 1
187.6679 	EXP 	Display Frame 0
187.7930 	EXP 	Display Frame 1
187.9178 	EXP 	Display Frame 0
188.0428 	EXP 	Display Frame 1
188.1680 	EXP 	Display Frame 0
188.2928 	EXP 	Display Frame 1
188.4180 	EXP 	Display Frame 0
188.5428 	EXP 	Display Frame 1
188.6678 	EXP 	Display Frame 0
188.7930 	EXP 	Display Frame 1
188.9179 	EXP 	Display Frame 0
189.0430 	EXP 	Display Frame 1
189.1678 	EXP 	Display Frame 0
189.2929 	EXP 	Display Frame 1
189.4178 	EXP 	Display Frame 0
189.5430 	EXP 	Display Frame 1
189.6677 	EXP 	Display Frame 0
189.7926 	EXP 	Display Frame 1
189.9178 	EXP 	Display Frame 0
190.0429 	EXP 	Display Frame 1
190.1677 	EXP 	Display Frame 0
190.2928 	EXP 	Display Frame 1
190.4180 	EXP 	Display Frame 0
190.5428 	EXP 	Display Frame 1
190.6680 	EXP 	Display Frame 0
190.7930 	EXP 	Display Frame 1
190.9179 	EXP 	Display Frame 0
191.0426 	EXP 	Display Frame 1
191.1678 	EXP 	Display Frame 0
191.2927 	EXP 	Display Frame 1
191.4178 	EXP 	Display Frame 0
191.5430 	EXP 	Display Frame 1
191.6679 	EXP 	Display Frame 0
191.7929 	EXP 	Display Frame 1
191.9180 	EXP 	Display Frame 0
192.0429 	EXP 	Display Frame 1
192.1679 	EXP 	Display Frame 0
192.2930 	EXP 	Display Frame 1
192.4179 	EXP 	Display Frame 0
192.5429 	EXP 	Display Frame 1
192.6678 	EXP 	Display Frame 0
192.7925 	EXP 	Display Frame 1
192.9177 	EXP 	Display Frame 0
193.0429 	EXP 	Display Frame 1
193.1681 	EXP 	Display Frame 0
193.2933 	EXP 	Display Frame 1
193.4174 	EXP 	Display Frame 0
193.5428 	EXP 	Display Frame 1
193.6679 	EXP 	Display Frame 0
193.7928 	EXP 	Display Frame 1
193.9180 	EXP 	Display Frame 0
194.0429 	EXP 	Display Frame 1
194.1680 	EXP 	Display Frame 0
194.2930 	EXP 	Display Frame 1
194.4179 	EXP 	Display Frame 0
194.5431 	EXP 	Display Frame 1
194.6678 	EXP 	Display Frame 0
194.7929 	EXP 	Display Frame 1
194.9179 	EXP 	Display Frame 0
195.0430 	EXP 	Display Frame 1
195.1677 	EXP 	Display Frame 0
195.2927 	EXP 	Display Frame 1
195.4180 	EXP 	Display Frame 0
195.5430 	EXP 	Display Frame 1
195.6679 	EXP 	Display Frame 0
195.7928 	EXP 	Display Frame 1
195.9180 	EXP 	Display Frame 0
196.0429 	EXP 	Display Frame 1
196.1680 	EXP 	Display Frame 0
196.2930 	EXP 	Display Frame 1
196.4182 	EXP 	Display Frame 0
196.5424 	EXP 	Display Frame 1
196.6680 	EXP 	Display Frame 0
196.7929 	EXP 	Display Frame 1
196.9178 	EXP 	Display Frame 0
197.0429 	EXP 	Display Frame 1
197.1681 	EXP 	Display Frame 0
197.2929 	EXP 	Display Frame 1
197.4180 	EXP 	Display Frame 0
197.5429 	EXP 	Display Frame 1
197.6678 	EXP 	Display Frame 0
197.7928 	EXP 	Display Frame 1
197.9180 	EXP 	Display Frame 0
198.0433 	EXP 	Display Frame 1
198.1679 	EXP 	Display Frame 0
198.2930 	EXP 	Display Frame 1
198.4178 	EXP 	Display Frame 0
198.5427 	EXP 	Display Frame 1
198.6680 	EXP 	Display Frame 0
198.7929 	EXP 	Display Frame 1
198.9177 	EXP 	Display Frame 0
199.0430 	EXP 	Display Frame 1
199.1679 	EXP 	Display Frame 0
199.2928 	EXP 	Display Frame 1
199.4178 	EXP 	Display Frame 0
199.5429 	EXP 	Display Frame 1
199.6676 	EXP 	Display Frame 0
199.7926 	EXP 	Display Frame 1
199.9180 	EXP 	Display Frame 0
200.0427 	EXP 	Display Frame 1
200.1679 	EXP 	Display Frame 0
200.2929 	EXP 	Display Frame 1
200.4179 	EXP 	Display Frame 0
200.5428 	EXP 	Display Frame 1
200.6675 	EXP 	Display Frame 0
200.7928 	EXP 	Display Frame 1
200.9176 	EXP 	Display Frame 0
201.0426 	EXP 	Display Frame 1
201.1680 	EXP 	Display Frame 0
201.2928 	EXP 	Display Frame 1
201.4181 	EXP 	Display Frame 0
201.5429 	EXP 	Display Frame 1
201.6678 	EXP 	Display Frame 0
201.7930 	EXP 	Display Frame 1
201.9179 	EXP 	Display Frame 0
202.0428 	EXP 	Display Frame 1
202.1681 	EXP 	Display Frame 0
202.2929 	EXP 	Display Frame 1
202.4180 	EXP 	Display Frame 0
202.5428 	EXP 	Display Frame 1
202.6680 	EXP 	Display Frame 0
202.7929 	EXP 	Display Frame 1
202.9178 	EXP 	Display Frame 0
203.0430 	EXP 	Display Frame 1
203.1679 	EXP 	Display Frame 0
203.2928 	EXP 	Display Frame 1
203.4178 	EXP 	Display Frame 0
203.5429 	EXP 	Display Frame 1
203.6678 	EXP 	Display Frame 0
203.7930 	EXP 	Display Frame 1
203.9179 	EXP 	Display Frame 0
204.0428 	EXP 	Display Frame 1
204.1680 	EXP 	Display Frame 0
204.2931 	EXP 	Display Frame 1
204.4180 	EXP 	Display Frame 0
204.5430 	EXP 	Display Frame 1
204.6677 	EXP 	Display Frame 0
204.7929 	EXP 	Display Frame 1
204.9180 	EXP 	Display Frame 0
205.0427 	EXP 	Display Frame 1
205.1676 	EXP 	Display Frame 0
205.2928 	EXP 	Display Frame 1
205.4180 	EXP 	Display Frame 0
205.5429 	EXP 	Display Frame 1
205.6678 	EXP 	Display Frame 0
205.7926 	EXP 	Display Frame 1
205.9177 	EXP 	Display Frame 0
206.0428 	EXP 	Display Frame 1
206.1675 	EXP 	Display Frame 0
206.2928 	EXP 	Display Frame 1
206.4177 	EXP 	Display Frame 0
206.5428 	EXP 	Display Frame 1
206.6678 	EXP 	Display Frame 0
206.7927 	EXP 	Display Frame 1
206.9180 	EXP 	Display Frame 0
207.0429 	EXP 	Display Frame 1
207.1680 	EXP 	Display Frame 0
207.2930 	EXP 	Display Frame 1
207.4179 	EXP 	Display Frame 0
207.5430 	EXP 	Display Frame 1
207.6676 	EXP 	Display Frame 0
207.7931 	EXP 	Display Frame 1
207.9179 	EXP 	Display Frame 0
208.0428 	EXP 	Display Frame 1
208.1680 	EXP 	Display Frame 0
208.2929 	EXP 	Display Frame 1
208.4180 	EXP 	Display Frame 0
208.5430 	EXP 	Display Frame 1
208.6679 	EXP 	Display Frame 0
208.7931 	EXP 	Display Frame 1
208.9180 	EXP 	Display Frame 0
209.0425 	EXP 	Display Frame 1
209.1678 	EXP 	Display Frame 0
209.2930 	EXP 	Display Frame 1
209.4179 	EXP 	Display Frame 0
209.5431 	EXP 	Display Frame 1
209.6678 	EXP 	Display Frame 0
209.7931 	EXP 	Display Frame 1
209.9179 	EXP 	Display Frame 0
210.0428 	EXP 	Display Frame 1
210.1680 	EXP 	Display Frame 0
210.2929 	EXP 	Display Frame 1
210.4178 	EXP 	Display Frame 0
210.5430 	EXP 	Display Frame 1
210.6679 	EXP 	Display Frame 0
210.7928 	EXP 	Display Frame 1
210.9180 	EXP 	Display Frame 0
211.0429 	EXP 	Display Frame 1
211.1678 	EXP 	Display Frame 0
211.2930 	EXP 	Display Frame 1
211.4179 	EXP 	Display Frame 0
211.5428 	EXP 	Display Frame 1
211.6678 	EXP 	Display Frame 0
211.7927 	EXP 	Display Frame 1
211.9177 	EXP 	Display Frame 0
212.0430 	EXP 	Display Frame 1
212.1680 	EXP 	Display Frame 0
212.2929 	EXP 	Display Frame 1
212.4180 	EXP 	Display Frame 0
212.5430 	EXP 	Display Frame 1
212.6678 	EXP 	Display Frame 0
212.7930 	EXP 	Display Frame 1
212.9180 	EXP 	Display Frame 0
213.0429 	EXP 	Display Frame 1
213.1680 	EXP 	Display Frame 0
213.2930 	EXP 	Display Frame 1
213.4179 	EXP 	Display Frame 0
213.5428 	EXP 	Display Frame 1
213.6679 	EXP 	Display Frame 0
213.7925 	EXP 	Display Frame 1
213.9179 	EXP 	Display Frame 0
214.0430 	EXP 	Display Frame 1
214.1679 	EXP 	Display Frame 0
214.2928 	EXP 	Display Frame 1
214.4180 	EXP 	Display Frame 0
214.5429 	EXP 	Display Frame 1
214.6676 	EXP 	Display Frame 0
214.7932 	EXP 	Display Frame 1
214.9178 	EXP 	Display Frame 0
215.0431 	EXP 	Display Frame 1
215.1677 	EXP 	Display Frame 0
215.2928 	EXP 	Display Frame 1
215.4178 	EXP 	Display Frame 0
215.5428 	EXP 	Display Frame 1
215.6680 	EXP 	Display Frame 0
215.7929 	EXP 	Display Frame 1
215.9179 	EXP 	Display Frame 0
216.0428 	EXP 	Display Frame 1
216.1679 	EXP 	Display Frame 0
216.2928 	EXP 	Display Frame 1
216.4180 	EXP 	Display Frame 0
216.5429 	EXP 	Display Frame 1
216.6680 	EXP 	Display Frame 0
216.7931 	EXP 	Display Frame 1
216.9180 	EXP 	Display Frame 0
217.0429 	EXP 	Display Frame 1
217.1676 	EXP 	Display Frame 0
217.2927 	EXP 	Display Frame 1
217.4177 	EXP 	Display Frame 0
217.5429 	EXP 	Display Frame 1
217.6679 	EXP 	Display Frame 0
217.7930 	EXP 	Display Frame 1
217.9177 	EXP 	Display Frame 0
218.0428 	EXP 	Display Frame 1
218.1677 	EXP 	Display Frame 0
218.2928 	EXP 	Display Frame 1
218.4180 	EXP 	Display Frame 0
218.5429 	EXP 	Display Frame 1
218.6678 	EXP 	Display Frame 0
218.7930 	EXP 	Display Frame 1
218.9179 	EXP 	Display Frame 0
219.0429 	EXP 	Display Frame 1
219.1689 	EXP 	Display Frame 0
219.2929 	EXP 	Display Frame 1
219.4179 	EXP 	Display Frame 0
219.5430 	EXP 	Display Frame 1
219.6678 	EXP 	Display Frame 0
219.7930 	EXP 	Display Frame 1
219.9178 	DATA 	Keypress: t
219.9202 	EXP 	Display Frame 0
219.9218 	EXP 	Display Fixation
221.3304 	DATA 	Keypress: t
264.5249 	DATA 	Keypress: t
264.6519 	EXP 	Display Frame 1
264.7772 	EXP 	Display Frame 0
264.9022 	EXP 	Display Frame 1
265.0273 	EXP 	Display Frame 0
265.1524 	EXP 	Display Frame 1
265.2774 	EXP 	Display Frame 0
265.4023 	EXP 	Display Frame 1
265.5273 	EXP 	Display Frame 0
265.6516 	EXP 	Display Frame 1
265.7771 	EXP 	Display Frame 0
265.9022 	EXP 	Display Frame 1
266.0265 	DATA 	Keypress: t
266.0286 	EXP 	Display Frame 0
266.1520 	EXP 	Display Frame 1
266.2770 	EXP 	Display Frame 0
266.4021 	EXP 	Display Frame 1
266.5278 	EXP 	Display Frame 0
266.6517 	EXP 	Display Frame 1
266.7772 	EXP 	Display Frame 0
266.9021 	EXP 	Display Frame 1
267.0274 	EXP 	Display Frame 0
267.1523 	EXP 	Display Frame 1
267.2773 	EXP 	Display Frame 0
267.4023 	EXP 	Display Frame 1
267.5272 	EXP 	Display Frame 0
267.6514 	EXP 	Display Frame 1
267.7773 	EXP 	Display Frame 0
267.9022 	EXP 	Display Frame 1
268.0274 	EXP 	Display Frame 0
268.1523 	EXP 	Display Frame 1
268.2772 	EXP 	Display Frame 0
268.4024 	EXP 	Display Frame 1
268.5274 	EXP 	Display Frame 0
268.6522 	EXP 	Display Frame 1
268.7775 	EXP 	Display Frame 0
268.9023 	EXP 	Display Frame 1
269.0274 	EXP 	Display Frame 0
269.1520 	EXP 	Display Frame 1
269.2773 	EXP 	Display Frame 0
269.4023 	EXP 	Display Frame 1
269.5274 	EXP 	Display Frame 0
269.6523 	EXP 	Display Frame 1
269.7773 	EXP 	Display Frame 0
269.9022 	EXP 	Display Frame 1
270.0274 	EXP 	Display Frame 0
270.1523 	EXP 	Display Frame 1
270.2772 	EXP 	Display Frame 0
270.4024 	EXP 	Display Frame 1
270.5273 	EXP 	Display Frame 0
270.6522 	EXP 	Display Frame 1
270.7774 	EXP 	Display Frame 0
270.9023 	EXP 	Display Frame 1
271.0272 	EXP 	Display Frame 0
271.1524 	EXP 	Display Frame 1
271.2773 	EXP 	Display Frame 0
271.4022 	EXP 	Display Frame 1
271.5272 	EXP 	Display Frame 0
271.6523 	EXP 	Display Frame 1
271.7774 	EXP 	Display Frame 0
271.9022 	EXP 	Display Frame 1
272.0275 	EXP 	Display Frame 0
272.1521 	EXP 	Display Frame 1
272.2770 	EXP 	Display Frame 0
272.4022 	EXP 	Display Frame 1
272.5273 	EXP 	Display Frame 0
272.6522 	EXP 	Display Frame 1
272.7773 	EXP 	Display Frame 0
272.9023 	EXP 	Display Frame 1
273.0272 	EXP 	Display Frame 0
273.1524 	EXP 	Display Frame 1
273.2773 	EXP 	Display Frame 0
273.4020 	EXP 	Display Frame 1
273.5274 	EXP 	Display Frame 0
273.6523 	EXP 	Display Frame 1
273.7772 	EXP 	Display Frame 0
273.9022 	EXP 	Display Frame 1
274.0273 	EXP 	Display Frame 0
274.1520 	EXP 	Display Frame 1
274.2769 	EXP 	Display Frame 0
274.4023 	EXP 	Display Frame 1
274.5272 	EXP 	Display Frame 0
274.6522 	EXP 	Display Frame 1
274.7773 	EXP 	Display Frame 0
274.9023 	EXP 	Display Frame 1
275.0272 	EXP 	Display Frame 0
275.1524 	EXP 	Display Frame 1
275.2771 	EXP 	Display Frame 0
275.4022 	EXP 	Display Frame 1
275.5274 	EXP 	Display Frame 0
275.6523 	EXP 	Display Frame 1
275.7772 	EXP 	Display Frame 0
275.9024 	EXP 	Display Frame 1
276.0276 	EXP 	Display Frame 0
276.1520 	EXP 	Display Frame 1
276.2772 	EXP 	Display Frame 0
276.4023 	EXP 	Display Frame 1
276.5274 	EXP 	Display Frame 0
276.6522 	EXP 	Display Frame 1
276.7775 	EXP 	Display Frame 0
276.9023 	EXP 	Display Frame 1
277.0272 	EXP 	Display Frame 0
277.1523 	EXP 	Display Frame 1
277.2775 	EXP 	Display Frame 0
277.4020 	EXP 	Display Frame 1
277.5272 	EXP 	Display Frame 0
277.6521 	EXP 	Display Frame 1
277.7770 	EXP 	Display Frame 0
277.9022 	EXP 	Display Frame 1
278.0274 	EXP 	Display Frame 0
278.1522 	EXP 	Display Frame 1
278.2774 	EXP 	Display Frame 0
278.4023 	EXP 	Display Frame 1
278.5272 	EXP 	Display Frame 0
278.6524 	EXP 	Display Frame 1
278.7773 	EXP 	Display Frame 0
278.9023 	EXP 	Display Frame 1
279.0272 	EXP 	Display Frame 0
279.1523 	EXP 	Display Frame 1
279.2772 	EXP 	Display Frame 0
279.4022 	EXP 	Display Frame 1
279.5273 	EXP 	Display Frame 0
279.6523 	EXP 	Display Frame 1
279.7772 	EXP 	Display Frame 0
279.9024 	EXP 	Display Frame 1
280.0273 	EXP 	Display Frame 0
280.1522 	EXP 	Display Frame 1
280.2774 	EXP 	Display Frame 0
280.4023 	EXP 	Display Frame 1
280.5272 	EXP 	Display Frame 0
280.6524 	EXP 	Display Frame 1
280.7773 	EXP 	Display Frame 0
280.9022 	EXP 	Display Frame 1
281.0271 	EXP 	Display Frame 0
281.1523 	EXP 	Display Frame 1
281.2772 	EXP 	Display Frame 0
281.4020 	EXP 	Display Frame 1
281.5272 	EXP 	Display Frame 0
281.6524 	EXP 	Display Frame 1
281.7772 	EXP 	Display Frame 0
281.9024 	EXP 	Display Frame 1
282.0273 	EXP 	Display Frame 0
282.1523 	EXP 	Display Frame 1
282.2773 	EXP 	Display Frame 0
282.4023 	EXP 	Display Frame 1
282.5273 	EXP 	Display Frame 0
282.6524 	EXP 	Display Frame 1
282.7774 	EXP 	Display Frame 0
282.9023 	EXP 	Display Frame 1
283.0274 	EXP 	Display Frame 0
283.1523 	EXP 	Display Frame 1
283.2770 	EXP 	Display Frame 0
283.4023 	EXP 	Display Frame 1
283.5272 	EXP 	Display Frame 0
283.6523 	EXP 	Display Frame 1
283.7773 	EXP 	Display Frame 0
283.9023 	EXP 	Display Frame 1
284.0273 	EXP 	Display Frame 0
284.1520 	EXP 	Display Frame 1
284.2775 	EXP 	Display Frame 0
284.4023 	EXP 	Display Frame 1
284.5274 	EXP 	Display Frame 0
284.6525 	EXP 	Display Frame 1
284.7776 	EXP 	Display Frame 0
284.9017 	EXP 	Display Frame 1
285.0271 	EXP 	Display Frame 0
285.1521 	EXP 	Display Frame 1
285.2776 	EXP 	Display Frame 0
285.4022 	EXP 	Display Frame 1
285.5271 	EXP 	Display Frame 0
285.6524 	EXP 	Display Frame 1
285.7774 	EXP 	Display Frame 0
285.9023 	EXP 	Display Frame 1
286.0271 	EXP 	Display Frame 0
286.1522 	EXP 	Display Frame 1
286.2772 	EXP 	Display Frame 0
286.4023 	EXP 	Display Frame 1
286.5277 	EXP 	Display Frame 0
286.6521 	EXP 	Display Frame 1
286.7771 	EXP 	Display Frame 0
286.9022 	EXP 	Display Frame 1
287.0275 	EXP 	Display Frame 0
287.1523 	EXP 	Display Frame 1
287.2772 	EXP 	Display Frame 0
287.4024 	EXP 	Display Frame 1
287.5272 	EXP 	Display Frame 0
287.6522 	EXP 	Display Frame 1
287.7774 	EXP 	Display Frame 0
287.9023 	EXP 	Display Frame 1
288.0273 	EXP 	Display Frame 0
288.1525 	EXP 	Display Frame 1
288.2773 	EXP 	Display Frame 0
288.4022 	EXP 	Display Frame 1
288.5270 	EXP 	Display Frame 0
288.6525 	EXP 	Display Frame 1
288.7772 	EXP 	Display Frame 0
288.9022 	EXP 	Display Frame 1
289.0272 	EXP 	Display Frame 0
289.1523 	EXP 	Display Frame 1
289.2774 	EXP 	Display Frame 0
289.4024 	EXP 	Display Frame 1
289.5273 	EXP 	Display Frame 0
289.6522 	EXP 	Display Frame 1
289.7775 	EXP 	Display Frame 0
289.9023 	EXP 	Display Frame 1
290.0274 	EXP 	Display Frame 0
290.1527 	EXP 	Display Frame 1
290.2769 	EXP 	Display Frame 0
290.4021 	EXP 	Display Frame 1
290.5274 	EXP 	Display Frame 0
290.6525 	EXP 	Display Frame 1
290.7775 	EXP 	Display Frame 0
290.9022 	EXP 	Display Frame 1
291.0272 	EXP 	Display Frame 0
291.1523 	EXP 	Display Frame 1
291.2771 	EXP 	Display Frame 0
291.4023 	EXP 	Display Frame 1
291.5272 	EXP 	Display Frame 0
291.6523 	EXP 	Display Frame 1
291.7775 	EXP 	Display Frame 0
291.9023 	EXP 	Display Frame 1
292.0273 	EXP 	Display Frame 0
292.1524 	EXP 	Display Frame 1
292.2773 	EXP 	Display Frame 0
292.4022 	EXP 	Display Frame 1
292.5274 	EXP 	Display Frame 0
292.6523 	EXP 	Display Frame 1
292.7775 	EXP 	Display Frame 0
292.9024 	EXP 	Display Frame 1
293.0271 	EXP 	Display Frame 0
293.1522 	EXP 	Display Frame 1
293.2774 	EXP 	Display Frame 0
293.4023 	EXP 	Display Frame 1
293.5274 	EXP 	Display Frame 0
293.6522 	EXP 	Display Frame 1
293.7774 	EXP 	Display Frame 0
293.9023 	EXP 	Display Frame 1
294.0273 	EXP 	Display Frame 0
294.1519 	EXP 	Display Frame 1
294.2771 	EXP 	Display Frame 0
294.4020 	EXP 	Display Frame 1
294.5274 	EXP 	Display Frame 0
294.6523 	EXP 	Display Frame 1
294.7773 	EXP 	Display Frame 0
294.9024 	EXP 	Display Frame 1
295.0274 	EXP 	Display Frame 0
295.1522 	EXP 	Display Frame 1
295.2774 	EXP 	Display Frame 0
295.4022 	EXP 	Display Frame 1
295.5273 	EXP 	Display Frame 0
295.6524 	EXP 	Display Frame 1
295.7773 	EXP 	Display Frame 0
295.9023 	EXP 	Display Frame 1
296.0273 	EXP 	Display Frame 0
296.1524 	EXP 	Display Frame 1
296.2772 	EXP 	Display Frame 0
296.4023 	EXP 	Display Frame 1
296.5281 	EXP 	Display Frame 0
296.6521 	EXP 	Display Frame 1
296.7770 	EXP 	Display Frame 0
296.9028 	EXP 	Display Frame 1
297.0274 	EXP 	Display Frame 0
297.1520 	EXP 	Display Frame 1
297.2771 	EXP 	Display Frame 0
297.4021 	EXP 	Display Frame 1
297.5272 	EXP 	Display Frame 0
297.6524 	EXP 	Display Frame 1
297.7773 	EXP 	Display Frame 0
297.9022 	EXP 	Display Frame 1
298.0275 	EXP 	Display Frame 0
298.1523 	EXP 	Display Frame 1
298.2772 	EXP 	Display Frame 0
298.4022 	EXP 	Display Frame 1
298.5273 	EXP 	Display Frame 0
298.6523 	EXP 	Display Frame 1
298.7772 	EXP 	Display Frame 0
298.9023 	EXP 	Display Frame 1
299.0272 	EXP 	Display Frame 0
299.1523 	EXP 	Display Frame 1
299.2774 	EXP 	Display Frame 0
299.4023 	EXP 	Display Frame 1
299.5274 	EXP 	Display Frame 0
299.6520 	EXP 	Display Frame 1
299.7770 	EXP 	Display Frame 0
299.9020 	EXP 	Display Frame 1
300.0273 	EXP 	Display Frame 0
300.1523 	EXP 	Display Frame 1
300.2772 	EXP 	Display Frame 0
300.4024 	EXP 	Display Frame 1
300.5273 	EXP 	Display Frame 0
300.6522 	EXP 	Display Frame 1
300.7773 	EXP 	Display Frame 0
300.9023 	EXP 	Display Frame 1
301.0270 	EXP 	Display Frame 0
301.1522 	EXP 	Display Frame 1
301.2773 	EXP 	Display Frame 0
301.4020 	EXP 	Display Frame 1
301.5273 	EXP 	Display Frame 0
301.6525 	EXP 	Display Frame 1
301.7773 	EXP 	Display Frame 0
301.9022 	EXP 	Display Frame 1
302.0274 	EXP 	Display Frame 0
302.1523 	EXP 	Display Frame 1
302.2772 	EXP 	Display Frame 0
302.4024 	EXP 	Display Frame 1
302.5273 	EXP 	Display Frame 0
302.6522 	EXP 	Display Frame 1
302.7770 	EXP 	Display Frame 0
302.9023 	EXP 	Display Frame 1
303.0272 	EXP 	Display Frame 0
303.1522 	EXP 	Display Frame 1
303.2773 	EXP 	Display Frame 0
303.4022 	EXP 	Display Frame 1
303.5272 	EXP 	Display Frame 0
303.6523 	EXP 	Display Frame 1
303.7773 	EXP 	Display Frame 0
303.9022 	EXP 	Display Frame 1
304.0273 	EXP 	Display Frame 0
304.1520 	EXP 	Display Frame 1
304.2772 	EXP 	Display Frame 0
304.4025 	EXP 	Display Frame 1
304.5273 	EXP 	Display Frame 0
304.6528 	EXP 	Display Frame 1
304.7774 	EXP 	Display Frame 0
304.9023 	EXP 	Display Frame 1
305.0273 	EXP 	Display Frame 0
305.1520 	EXP 	Display Frame 1
305.2771 	EXP 	Display Frame 0
305.4020 	EXP 	Display Frame 1
305.5275 	EXP 	Display Frame 0
305.6523 	EXP 	Display Frame 1
305.7773 	EXP 	Display Frame 0
305.9032 	EXP 	Display Frame 1
306.0271 	EXP 	Display Frame 0
306.1521 	EXP 	Display Frame 1
306.2772 	EXP 	Display Frame 0
306.4025 	EXP 	Display Frame 1
306.5274 	EXP 	Display Frame 0
306.6523 	EXP 	Display Frame 1
306.7774 	EXP 	Display Frame 0
306.9023 	EXP 	Display Frame 1
307.0274 	EXP 	Display Frame 0
307.1524 	EXP 	Display Frame 1
307.2773 	EXP 	Display Frame 0
307.4024 	EXP 	Display Frame 1
307.5275 	EXP 	Display Frame 0
307.6524 	EXP 	Display Frame 1
307.7773 	EXP 	Display Frame 0
307.9024 	EXP 	Display Frame 1
308.0274 	EXP 	Display Frame 0
308.1523 	EXP 	Display Frame 1
308.2774 	EXP 	Display Frame 0
308.4024 	EXP 	Display Frame 1
308.5274 	EXP 	Display Frame 0
308.6522 	EXP 	Display Frame 1
308.7773 	EXP 	Display Frame 0
308.9022 	EXP 	Display Frame 1
309.0272 	EXP 	Display Frame 0
309.1523 	EXP 	Display Frame 1
309.2761 	DATA 	Keypress: t
309.2783 	EXP 	Display Frame 0
309.2799 	EXP 	Display Fixation
310.6888 	DATA 	Keypress: t
353.8833 	DATA 	Keypress: t
354.0106 	EXP 	Display Frame 1
354.1355 	EXP 	Display Frame 0
354.2607 	EXP 	Display Frame 1
354.3856 	EXP 	Display Frame 0
354.5108 	EXP 	Display Frame 1
354.6366 	EXP 	Display Frame 0
354.7603 	EXP 	Display Frame 1
354.8861 	EXP 	Display Frame 0
355.0105 	EXP 	Display Frame 1
355.1354 	EXP 	Display Frame 0
355.2609 	EXP 	Display Frame 1
355.3857 	DATA 	Keypress: t
355.3880 	EXP 	Display Frame 0
355.5104 	EXP 	Display Frame 1
355.6356 	EXP 	Display Frame 0
355.7607 	EXP 	Display Frame 1
355.8856 	EXP 	Display Frame 0
356.0108 	EXP 	Display Frame 1
356.1358 	EXP 	Display Frame 0
356.2607 	EXP 	Display Frame 1
356.3856 	EXP 	Display Frame 0
356.5110 	EXP 	Display Frame 1
356.6354 	EXP 	Display Frame 0
356.7604 	EXP 	Display Frame 1
356.8857 	EXP 	Display Frame 0
357.0107 	EXP 	Display Frame 1
357.1356 	EXP 	Display Frame 0
357.2608 	EXP 	Display Frame 1
357.3859 	EXP 	Display Frame 0
357.5105 	EXP 	Display Frame 1
357.6359 	EXP 	Display Frame 0
357.7607 	EXP 	Display Frame 1
357.8856 	EXP 	Display Frame 0
358.0104 	EXP 	Display Frame 1
358.1355 	EXP 	Display Frame 0
358.2606 	EXP 	Display Frame 1
358.3856 	EXP 	Display Frame 0
358.5107 	EXP 	Display Frame 1
358.6358 	EXP 	Display Frame 0
358.7607 	EXP 	Display Frame 1
358.8858 	EXP 	Display Frame 0
359.0108 	EXP 	Display Frame 1
359.1356 	EXP 	Display Frame 0
359.2608 	EXP 	Display Frame 1
359.3857 	EXP 	Display Frame 0
359.5109 	EXP 	Display Frame 1
359.6358 	EXP 	Display Frame 0
359.7607 	EXP 	Display Frame 1
359.8856 	EXP 	Display Frame 0
360.0108 	EXP 	Display Frame 1
360.1366 	EXP 	Display Frame 0
360.2604 	EXP 	Display Frame 1
360.3856 	EXP 	Display Frame 0
360.5107 	EXP 	Display Frame 1
360.6357 	EXP 	Display Frame 0
360.7608 	EXP 	Display Frame 1
360.8857 	EXP 	Display Frame 0
361.0107 	EXP 	Display Frame 1
361.1358 	EXP 	Display Frame 0
361.2607 	EXP 	Display Frame 1
361.3859 	EXP 	Display Frame 0
361.5106 	EXP 	Display Frame 1
361.6357 	EXP 	Display Frame 0
361.7606 	EXP 	Display Frame 1
361.8861 	EXP 	Display Frame 0
362.0106 	EXP 	Display Frame 1
362.1355 	EXP 	Display Frame 0
362.2606 	EXP 	Display Frame 1
362.3858 	EXP 	Display Frame 0
362.5107 	EXP 	Display Frame 1
362.6358 	EXP 	Display Frame 0
362.7608 	EXP 	Display Frame 1
362.8857 	EXP 	Display Frame 0
363.0107 	EXP 	Display Frame 1
363.1358 	EXP 	Display Frame 0
363.2605 	EXP 	Display Frame 1
363.3857 	EXP 	Display Frame 0
363.5104 	EXP 	Display Frame 1
363.6357 	EXP 	Display Frame 0
363.7606 	EXP 	Display Frame 1
363.8856 	EXP 	Display Frame 0
364.0108 	EXP 	Display Frame 1
364.1358 	EXP 	Display Frame 0
364.2606 	EXP 	Display Frame 1
364.3857 	EXP 	Display Frame 0
364.5107 	EXP 	Display Frame 1
364.6356 	EXP 	Display Frame 0
364.7607 	EXP 	Display Frame 1
364.8857 	EXP 	Display Frame 0
365.0107 	EXP 	Display Frame 1
365.1358 	EXP 	Display Frame 0
365.2607 	EXP 	Display Frame 1
365.3855 	EXP 	Display Frame 0
365.5108 	EXP 	Display Frame 1
365.6364 	EXP 	Display Frame 0
365.7604 	EXP 	Display Frame 1
365.8860 	EXP 	Display Frame 0
366.0104 	EXP 	Display Frame 1
366.1354 	EXP 	Display Frame 0
366.2606 	EXP 	Display Frame 1
366.3857 	EXP 	Display Frame 0
366.5106 	EXP 	Display Frame 1
366.6360 	EXP 	Display Frame 0
366.7614 	EXP 	Display Frame 1
366.8857 	EXP 	Display Frame 0
367.0106 	EXP 	Display Frame 1
367.1359 	EXP 	Display Frame 0
367.2607 	EXP 	Display Frame 1
367.3856 	EXP 	Display Frame 0
367.5107 	EXP 	Display Frame 1
367.6357 	EXP 	Display Frame 0
367.7606 	EXP 	Display Frame 1
367.8858 	EXP 	Display Frame 0
368.0107 	EXP 	Display Frame 1
368.1357 	EXP 	Display Frame 0
368.2610 	EXP 	Display Frame 1
368.3857 	EXP 	Display Frame 0
368.5107 	EXP 	Display Frame 1
368.6358 	EXP 	Display Frame 0
368.7607 	EXP 	Display Frame 1
368.8857 	EXP 	Display Frame 0
369.0108 	EXP 	Display Frame 1
369.1358 	EXP 	Display Frame 0
369.2607 	EXP 	Display Frame 1
369.3852 	EXP 	Display Frame 0
369.5108 	EXP 	Display Frame 1
369.6357 	EXP 	Display Frame 0
369.7606 	EXP 	Display Frame 1
369.8858 	EXP 	Display Frame 0
370.0108 	EXP 	Display Frame 1
370.1357 	EXP 	Display Frame 0
370.2608 	EXP 	Display Frame 1
370.3857 	EXP 	Display Frame 0
370.5107 	EXP 	Display Frame 1
370.6358 	EXP 	Display Frame 0
370.7602 	EXP 	Display Frame 1
370.8856 	EXP 	Display Frame 0
371.0108 	EXP 	Display Frame 1
371.1368 	EXP 	Display Frame 0
371.2605 	EXP 	Display Frame 1
371.3854 	EXP 	Display Frame 0
371.5108 	EXP 	Display Frame 1
371.6357 	EXP 	Display Frame 0
371.7601 	EXP 	Display Frame 1
371.8857 	EXP 	Display Frame 0
372.0107 	EXP 	Display Frame 1
372.1356 	EXP 	Display Frame 0
372.2608 	EXP 	Display Frame 1
372.3857 	EXP 	Display Frame 0
372.5106 	EXP 	Display Frame 1
372.6359 	EXP 	Display Frame 0
372.7602 	EXP 	Display Frame 1
372.8856 	EXP 	Display Frame 0
373.0108 	EXP 	Display Frame 1
373.1358 	EXP 	Display Frame 0
373.2604 	EXP 	Display Frame 1
373.3854 	EXP 	Display Frame 0
373.5105 	EXP 	Display Frame 1
373.6355 	EXP 	Display Frame 0
373.7601 	EXP 	Display Frame 1
373.8857 	EXP 	Display Frame 0
374.0107 	EXP 	Display Frame 1
374.1358 	EXP 	Display Frame 0
374.2609 	EXP 	Display Frame 1
374.3857 	EXP 	Display Frame 0
374.5110 	EXP 	Display Frame 1
374.6358 	EXP 	Display Frame 0
374.7600 	EXP 	Display Frame 1
374.8857 	EXP 	Display Frame 0
375.0110 	EXP 	Display Frame 1
375.1357 	EXP 	Display Frame 0
375.2609 	EXP 	Display Frame 1
375.3860 	EXP 	Display Frame 0
375.5106 	EXP 	Display Frame 1
375.6358 	EXP 	Display Frame 0
375.7599 	EXP 	Display Frame 1
375.8859 	EXP 	Display Frame 0
376.0107 	EXP 	Display Frame 1
376.1357 	EXP 	Display Frame 0
376.2607 	EXP 	Display Frame 1
376.3857 	EXP 	Display Frame 0
376.5111 	EXP 	Display Frame 1
376.6357 	EXP 	Display Frame 0
376.7601 	EXP 	Display Frame 1
376.8857 	EXP 	Display Frame 0
377.0106 	EXP 	Display Frame 1
377.1357 	EXP 	Display Frame 0
377.2606 	EXP 	Display Frame 1
377.3855 	EXP 	Display Frame 0
377.5107 	EXP 	Display Frame 1
377.6354 	EXP 	Display Frame 0
377.7604 	EXP 	Display Frame 1
377.8858 	EXP 	Display Frame 0
378.0107 	EXP 	Display Frame 1
378.1356 	EXP 	Display Frame 0
378.2606 	EXP 	Display Frame 1
378.3858 	EXP 	Display Frame 0
378.5106 	EXP 	Display Frame 1
378.6359 	EXP 	Display Frame 0
378.7607 	EXP 	Display Frame 1
378.8856 	EXP 	Display Frame 0
379.0108 	EXP 	Display Frame 1
379.1358 	EXP 	Display Frame 0
379.2607 	EXP 	Display Frame 1
379.3858 	EXP 	Display Frame 0
379.5107 	EXP 	Display Frame 1
379.6357 	EXP 	Display Frame 0
379.7608 	EXP 	Display Frame 1
379.8857 	EXP 	Display Frame 0
380.0106 	EXP 	Display Frame 1
380.1358 	EXP 	Display Frame 0
380.2608 	EXP 	Display Frame 1
380.3857 	EXP 	Display Frame 0
380.5108 	EXP 	Display Frame 1
380.6357 	EXP 	Display Frame 0
380.7607 	EXP 	Display Frame 1
380.8861 	EXP 	Display Frame 0
381.0102 	EXP 	Display Frame 1
381.1357 	EXP 	Display Frame 0
381.2606 	EXP 	Display Frame 1
381.3858 	EXP 	Display Frame 0
381.5111 	EXP 	Display Frame 1
381.6354 	EXP 	Display Frame 0
381.7606 	EXP 	Display Frame 1
381.8857 	EXP 	Display Frame 0
382.0106 	EXP 	Display Frame 1
382.1367 	EXP 	Display Frame 0
382.2605 	EXP 	Display Frame 1
382.3855 	EXP 	Display Frame 0
382.5108 	EXP 	Display Frame 1
382.6357 	EXP 	Display Frame 0
382.7607 	EXP 	Display Frame 1
382.8858 	EXP 	Display Frame 0
383.0107 	EXP 	Display Frame 1
383.1356 	EXP 	Display Frame 0
383.2607 	EXP 	Display Frame 1
383.3858 	EXP 	Display Frame 0
383.5106 	EXP 	Display Frame 1
383.6357 	EXP 	Display Frame 0
383.7608 	EXP 	Display Frame 1
383.8857 	EXP 	Display Frame 0
384.0106 	EXP 	Display Frame 1
384.1358 	EXP 	Display Frame 0
384.2607 	EXP 	Display Frame 1
384.3856 	EXP 	Display Frame 0
384.5108 	EXP 	Display Frame 1
384.6358 	EXP 	Display Frame 0
384.7606 	EXP 	Display Frame 1
384.8858 	EXP 	Display Frame 0
385.0107 	EXP 	Display Frame 1
385.1358 	EXP 	Display Frame 0
385.2608 	EXP 	Display Frame 1
385.3857 	EXP 	Display Frame 0
385.5107 	EXP 	Display Frame 1
385.6356 	EXP 	Display Frame 0
385.7607 	EXP 	Display Frame 1
385.8857 	EXP 	Display Frame 0
386.0106 	EXP 	Display Frame 1
386.1358 	EXP 	Display Frame 0
386.2607 	EXP 	Display Frame 1
386.3856 	EXP 	Display Frame 0
386.5108 	EXP 	Display Frame 1
386.6357 	EXP 	Display Frame 0
386.7606 	EXP 	Display Frame 1
386.8859 	EXP 	Display Frame 0
387.0107 	EXP 	Display Frame 1
387.1359 	EXP 	Display Frame 0
387.2606 	EXP 	Display Frame 1
387.3857 	EXP 	Display Frame 0
387.5106 	EXP 	Display Frame 1
387.6365 	EXP 	Display Frame 0
387.7605 	EXP 	Display Frame 1
387.8855 	EXP 	Display Frame 0
388.0108 	EXP 	Display Frame 1
388.1357 	EXP 	Display Frame 0
388.2607 	EXP 	Display Frame 1
388.3856 	EXP 	Display Frame 0
388.5103 	EXP 	Display Frame 1
388.6354 	EXP 	Display Frame 0
388.7606 	EXP 	Display Frame 1
388.8857 	EXP 	Display Frame 0
389.0107 	EXP 	Display Frame 1
389.1357 	EXP 	Display Frame 0
389.2607 	EXP 	Display Frame 1
389.3857 	EXP 	Display Frame 0
389.5109 	EXP 	Display Frame 1
389.6356 	EXP 	Display Frame 0
389.7607 	EXP 	Display Frame 1
389.8858 	EXP 	Display Frame 0
390.0108 	EXP 	Display Frame 1
390.1357 	EXP 	Display Frame 0
390.2609 	EXP 	Display Frame 1
390.3856 	EXP 	Display Frame 0
390.5107 	EXP 	Display Frame 1
390.6357 	EXP 	Display Frame 0
390.7608 	EXP 	Display Frame 1
390.8858 	EXP 	Display Frame 0
391.0106 	EXP 	Display Frame 1
391.1372 	EXP 	Display Frame 0
391.2607 	EXP 	Display Frame 1
391.3857 	EXP 	Display Frame 0
391.5106 	EXP 	Display Frame 1
391.6357 	EXP 	Display Frame 0
391.7606 	EXP 	Display Frame 1
391.8856 	EXP 	Display Frame 0
392.0106 	EXP 	Display Frame 1
392.1358 	EXP 	Display Frame 0
392.2606 	EXP 	Display Frame 1
392.3858 	EXP 	Display Frame 0
392.5107 	EXP 	Display Frame 1
392.6358 	EXP 	Display Frame 0
392.7608 	EXP 	Display Frame 1
392.8859 	EXP 	Display Frame 0
393.0103 	EXP 	Display Frame 1
393.1365 	EXP 	Display Frame 0
393.2605 	EXP 	Display Frame 1
393.3855 	EXP 	Display Frame 0
393.5109 	EXP 	Display Frame 1
393.6354 	EXP 	Display Frame 0
393.7605 	EXP 	Display Frame 1
393.8856 	EXP 	Display Frame 0
394.0108 	EXP 	Display Frame 1
394.1357 	EXP 	Display Frame 0
394.2607 	EXP 	Display Frame 1
394.3857 	EXP 	Display Frame 0
394.5107 	EXP 	Display Frame 1
394.6356 	EXP 	Display Frame 0
394.7608 	EXP 	Display Frame 1
394.8857 	EXP 	Display Frame 0
395.0106 	EXP 	Display Frame 1
395.1359 	EXP 	Display Frame 0
395.2608 	EXP 	Display Frame 1
395.3857 	EXP 	Display Frame 0
395.5108 	EXP 	Display Frame 1
395.6355 	EXP 	Display Frame 0
395.7607 	EXP 	Display Frame 1
395.8856 	EXP 	Display Frame 0
396.0108 	EXP 	Display Frame 1
396.1358 	EXP 	Display Frame 0
396.2606 	EXP 	Display Frame 1
396.3858 	EXP 	Display Frame 0
396.5107 	EXP 	Display Frame 1
396.6358 	EXP 	Display Frame 0
396.7609 	EXP 	Display Frame 1
396.8858 	EXP 	Display Frame 0
397.0102 	EXP 	Display Frame 1
397.1358 	EXP 	Display Frame 0
397.2607 	EXP 	Display Frame 1
397.3856 	EXP 	Display Frame 0
397.5108 	EXP 	Display Frame 1
397.6355 	EXP 	Display Frame 0
397.7606 	EXP 	Display Frame 1
397.8858 	EXP 	Display Frame 0
398.0107 	EXP 	Display Frame 1
398.1357 	EXP 	Display Frame 0
398.2606 	EXP 	Display Frame 1
398.3857 	EXP 	Display Frame 0
398.5107 	EXP 	Display Frame 1
398.6355 	DATA 	Keypress: t
398.6379 	EXP 	Display Frame 0
398.6559 	EXP 	Display Fixation
400.0481 	DATA 	Keypress: t
443.2416 	DATA 	Keypress: t
443.3690 	EXP 	Display Frame 1
443.4939 	EXP 	Display Frame 0
443.6191 	EXP 	Display Frame 1
443.7440 	EXP 	Display Frame 0
443.8689 	EXP 	Display Frame 1
443.9940 	EXP 	Display Frame 0
444.1190 	EXP 	Display Frame 1
444.2440 	EXP 	Display Frame 0
444.3691 	EXP 	Display Frame 1
444.4936 	EXP 	Display Frame 0
444.6189 	EXP 	Display Frame 1
444.7436 	DATA 	Keypress: t
444.7461 	EXP 	Display Frame 0
444.8686 	EXP 	Display Frame 1
444.9938 	EXP 	Display Frame 0
445.1191 	EXP 	Display Frame 1
445.2438 	EXP 	Display Frame 0
445.3689 	EXP 	Display Frame 1
445.4941 	EXP 	Display Frame 0
445.6196 	EXP 	Display Frame 1
445.7437 	EXP 	Display Frame 0
445.8687 	EXP 	Display Frame 1
445.9941 	EXP 	Display Frame 0
446.1190 	EXP 	Display Frame 1
446.2439 	EXP 	Display Frame 0
446.3690 	EXP 	Display Frame 1
446.4938 	EXP 	Display Frame 0
446.6192 	EXP 	Display Frame 1
446.7439 	EXP 	Display Frame 0
446.8692 	EXP 	Display Frame 1
446.9935 	EXP 	Display Frame 0
447.1189 	EXP 	Display Frame 1
447.2441 	EXP 	Display Frame 0
447.3689 	EXP 	Display Frame 1
447.4942 	EXP 	Display Frame 0
447.6190 	EXP 	Display Frame 1
447.7439 	EXP 	Display Frame 0
447.8691 	EXP 	Display Frame 1
447.9940 	EXP 	Display Frame 0
448.1190 	EXP 	Display Frame 1
448.2439 	EXP 	Display Frame 0
448.3688 	EXP 	Display Frame 1
448.4940 	EXP 	Display Frame 0
448.6189 	EXP 	Display Frame 1
448.7440 	EXP 	Display Frame 0
448.8690 	EXP 	Display Frame 1
448.9939 	EXP 	Display Frame 0
449.1191 	EXP 	Display Frame 1
449.2438 	EXP 	Display Frame 0
449.3687 	EXP 	Display Frame 1
449.4938 	EXP 	Display Frame 0
449.6188 	EXP 	Display Frame 1
449.7438 	EXP 	Display Frame 0
449.8690 	EXP 	Display Frame 1
449.9940 	EXP 	Display Frame 0
450.1185 	EXP 	Display Frame 1
450.2441 	EXP 	Display Frame 0
450.3690 	EXP 	Display Frame 1
450.4939 	EXP 	Display Frame 0
450.6187 	EXP 	Display Frame 1
450.7440 	EXP 	Display Frame 0
450.8689 	EXP 	Display Frame 1
450.9941 	EXP 	Display Frame 0
451.1190 	EXP 	Display Frame 1
451.2439 	EXP 	Display Frame 0
451.3689 	EXP 	Display Frame 1
451.4940 	EXP 	Display Frame 0
451.6190 	EXP 	Display Frame 1
451.7439 	EXP 	Display Frame 0
451.8690 	EXP 	Display Frame 1
451.9940 	EXP 	Display Frame 0
452.1189 	EXP 	Display Frame 1
452.2440 	EXP 	Display Frame 0
452.3690 	EXP 	Display Frame 1
452.4939 	EXP 	Display Frame 0
452.6191 	EXP 	Display Frame 1
452.7440 	EXP 	Display Frame 0
452.8689 	EXP 	Display Frame 1
452.9941 	EXP 	Display Frame 0
453.1190 	EXP 	Display Frame 1
453.2437 	EXP 	Display Frame 0
453.3689 	EXP 	Display Frame 1
453.4947 	EXP 	Display Frame 0
453.6199 	EXP 	Display Frame 1
453.7437 	EXP 	Display Frame 0
453.8694 	EXP 	Display Frame 1
453.9936 	EXP 	Display Frame 0
454.1189 	EXP 	Display Frame 1
454.2440 	EXP 	Display Frame 0
454.3690 	EXP 	Display Frame 1
454.4941 	EXP 	Display Frame 0
454.6191 	EXP 	Display Frame 1
454.7440 	EXP 	Display Frame 0
454.8689 	EXP 	Display Frame 1
454.9941 	EXP 	Display Frame 0
455.1190 	EXP 	Display Frame 1
455.2439 	EXP 	Display Frame 0
455.3691 	EXP 	Display Frame 1
455.4940 	EXP 	Display Frame 0
455.6192 	EXP 	Display Frame 1
455.7439 	EXP 	Display Frame 0
455.8690 	EXP 	Display Frame 1
455.9940 	EXP 	Display Frame 0
456.1189 	EXP 	Display Frame 1
456.2440 	EXP 	Display Frame 0
456.3690 	EXP 	Display Frame 1
456.4940 	EXP 	Display Frame 0
456.6191 	EXP 	Display Frame 1
456.7441 	EXP 	Display Frame 0
456.8697 	EXP 	Display Frame 1
456.9939 	EXP 	Display Frame 0
457.1188 	EXP 	Display Frame 1
457.2441 	EXP 	Display Frame 0
457.3691 	EXP 	Display Frame 1
457.4941 	EXP 	Display Frame 0
457.6192 	EXP 	Display Frame 1
457.7439 	EXP 	Display Frame 0
457.8690 	EXP 	Display Frame 1
457.9939 	EXP 	Display Frame 0
458.1191 	EXP 	Display Frame 1
458.2440 	EXP 	Display Frame 0
458.3690 	EXP 	Display Frame 1
458.4940 	EXP 	Display Frame 0
458.6190 	EXP 	Display Frame 1
458.7440 	EXP 	Display Frame 0
458.8695 	EXP 	Display Frame 1
458.9936 	EXP 	Display Frame 0
459.1191 	EXP 	Display Frame 1
459.2437 	EXP 	Display Frame 0
459.3689 	EXP 	Display Frame 1
459.4942 	EXP 	Display Frame 0
459.6189 	EXP 	Display Frame 1
459.7441 	EXP 	Display Frame 0
459.8690 	EXP 	Display Frame 1
459.9939 	EXP 	Display Frame 0
460.1191 	EXP 	Display Frame 1
460.2440 	EXP 	Display Frame 0
460.3691 	EXP 	Display Frame 1
460.4942 	EXP 	Display Frame 0
460.6190 	EXP 	Display Frame 1
460.7440 	EXP 	Display Frame 0
460.8693 	EXP 	Display Frame 1
460.9938 	EXP 	Display Frame 0
461.1188 	EXP 	Display Frame 1
461.2439 	EXP 	Display Frame 0
461.3690 	EXP 	Display Frame 1
461.4940 	EXP 	Display Frame 0
461.6191 	EXP 	Display Frame 1
461.7440 	EXP 	Display Frame 0
461.8689 	EXP 	Display Frame 1
461.9940 	EXP 	Display Frame 0
462.1191 	EXP 	Display Frame 1
462.2440 	EXP 	Display Frame 0
462.3689 	EXP 	Display Frame 1
462.4941 	EXP 	Display Frame 0
462.6190 	EXP 	Display Frame 1
462.7439 	EXP 	Display Frame 0
462.8690 	EXP 	Display Frame 1
462.9941 	EXP 	Display Frame 0
463.1190 	EXP 	Display Frame 1
463.2439 	EXP 	Display Frame 0
463.3686 	EXP 	Display Frame 1
463.4937 	EXP 	Display Frame 0
463.6187 	EXP 	Display Frame 1
463.7441 	EXP 	Display Frame 0
463.8689 	EXP 	Display Frame 1
463.9940 	EXP 	Display Frame 0
464.1191 	EXP 	Display Frame 1
464.2440 	EXP 	Display Frame 0
464.3689 	EXP 	Display Frame 1
464.4936 	EXP 	Display Frame 0
464.6191 	EXP 	Display Frame 1
464.7437 	EXP 	Display Frame 0
464.8688 	EXP 	Display Frame 1
464.9941 	EXP 	Display Frame 0
465.1189 	EXP 	Display Frame 1
465.2442 	EXP 	Display Frame 0
465.3691 	EXP 	Display Frame 1
465.4939 	EXP 	Display Frame 0
465.6191 	EXP 	Display Frame 1
465.7437 	EXP 	Display Frame 0
465.8687 	EXP 	Display Frame 1
465.9939 	EXP 	Display Frame 0
466.1188 	EXP 	Display Frame 1
466.2439 	EXP 	Display Frame 0
466.3688 	EXP 	Display Frame 1
466.4936 	EXP 	Display Frame 0
466.6189 	EXP 	Display Frame 1
466.7436 	EXP 	Display Frame 0
466.8689 	EXP 	Display Frame 1
466.9941 	EXP 	Display Frame 0
467.1189 	EXP 	Display Frame 1
467.2441 	EXP 	Display Frame 0
467.3690 	EXP 	Display Frame 1
467.4940 	EXP 	Display Frame 0
467.6191 	EXP 	Display Frame 1
467.7440 	EXP 	Display Frame 0
467.8689 	EXP 	Display Frame 1
467.9939 	EXP 	Display Frame 0
468.1188 	EXP 	Display Frame 1
468.2439 	EXP 	Display Frame 0
468.3691 	EXP 	Display Frame 1
468.4938 	EXP 	Display Frame 0
468.6188 	EXP 	Display Frame 1
468.7439 	EXP 	Display Frame 0
468.8690 	EXP 	Display Frame 1
468.9939 	EXP 	Display Frame 0
469.1189 	EXP 	Display Frame 1
469.2442 	EXP 	Display Frame 0
469.3691 	EXP 	Display Frame 1
469.4943 	EXP 	Display Frame 0
469.6188 	EXP 	Display Frame 1
469.7438 	EXP 	Display Frame 0
469.8689 	EXP 	Display Frame 1
469.9941 	EXP 	Display Frame 0
470.1195 	EXP 	Display Frame 1
470.2437 	EXP 	Display Frame 0
470.3689 	EXP 	Display Frame 1
470.4940 	EXP 	Display Frame 0
470.6190 	EXP 	Display Frame 1
470.7439 	EXP 	Display Frame 0
470.8690 	EXP 	Display Frame 1
470.9941 	EXP 	Display Frame 0
471.1189 	EXP 	Display Frame 1
471.2439 	EXP 	Display Frame 0
471.3690 	EXP 	Display Frame 1
471.4939 	EXP 	Display Frame 0
471.6191 	EXP 	Display Frame 1
471.7440 	EXP 	Display Frame 0
471.8695 	EXP 	Display Frame 1
471.9937 	EXP 	Display Frame 0
472.1188 	EXP 	Display Frame 1
472.2437 	EXP 	Display Frame 0
472.3691 	EXP 	Display Frame 1
472.4940 	EXP 	Display Frame 0
472.6189 	EXP 	Display Frame 1
472.7441 	EXP 	Display Frame 0
472.8690 	EXP 	Display Frame 1
472.9938 	EXP 	Display Frame 0
473.1191 	EXP 	Display Frame 1
473.2438 	EXP 	Display Frame 0
473.3690 	EXP 	Display Frame 1
473.4940 	EXP 	Display Frame 0
473.6190 	EXP 	Display Frame 1
473.7438 	EXP 	Display Frame 0
473.8689 	EXP 	Display Frame 1
473.9942 	EXP 	Display Frame 0
474.1190 	EXP 	Display Frame 1
474.2438 	EXP 	Display Frame 0
474.3691 	EXP 	Display Frame 1
474.4940 	EXP 	Display Frame 0
474.6189 	EXP 	Display Frame 1
474.7442 	EXP 	Display Frame 0
474.8691 	EXP 	Display Frame 1
474.9937 	EXP 	Display Frame 0
475.1189 	EXP 	Display Frame 1
475.2440 	EXP 	Display Frame 0
475.3689 	EXP 	Display Frame 1
475.4939 	EXP 	Display Frame 0
475.6200 	EXP 	Display Frame 1
475.7437 	EXP 	Display Frame 0
475.8686 	EXP 	Display Frame 1
475.9940 	EXP 	Display Frame 0
476.1190 	EXP 	Display Frame 1
476.2439 	EXP 	Display Frame 0
476.3691 	EXP 	Display Frame 1
476.4940 	EXP 	Display Frame 0
476.6189 	EXP 	Display Frame 1
476.7440 	EXP 	Display Frame 0
476.8689 	EXP 	Display Frame 1
476.9939 	EXP 	Display Frame 0
477.1191 	EXP 	Display Frame 1
477.2440 	EXP 	Display Frame 0
477.3689 	EXP 	Display Frame 1
477.4941 	EXP 	Display Frame 0
477.6186 	EXP 	Display Frame 1
477.7439 	EXP 	Display Frame 0
477.8690 	EXP 	Display Frame 1
477.9941 	EXP 	Display Frame 0
478.1190 	EXP 	Display Frame 1
478.2441 	EXP 	Display Frame 0
478.3690 	EXP 	Display Frame 1
478.4940 	EXP 	Display Frame 0
478.6194 	EXP 	Display Frame 1
478.7438 	EXP 	Display Frame 0
478.8690 	EXP 	Display Frame 1
478.9940 	EXP 	Display Frame 0
479.1191 	EXP 	Display Frame 1
479.2440 	EXP 	Display Frame 0
479.3689 	EXP 	Display Frame 1
479.4942 	EXP 	Display Frame 0
479.6190 	EXP 	Display Frame 1
479.7440 	EXP 	Display Frame 0
479.8683 	EXP 	Display Frame 1
479.9938 	EXP 	Display Frame 0
480.1188 	EXP 	Display Frame 1
480.2441 	EXP 	Display Frame 0
480.3691 	EXP 	Display Frame 1
480.4941 	EXP 	Display Frame 0
480.6190 	EXP 	Display Frame 1
480.7442 	EXP 	Display Frame 0
480.8685 	EXP 	Display Frame 1
480.9938 	EXP 	Display Frame 0
481.1193 	EXP 	Display Frame 1
481.2437 	EXP 	Display Frame 0
481.3687 	EXP 	Display Frame 1
481.4941 	EXP 	Display Frame 0
481.6186 	EXP 	Display Frame 1
481.7439 	EXP 	Display Frame 0
481.8686 	EXP 	Display Frame 1
481.9938 	EXP 	Display Frame 0
482.1191 	EXP 	Display Frame 1
482.2435 	EXP 	Display Frame 0
482.3691 	EXP 	Display Frame 1
482.4941 	EXP 	Display Frame 0
482.6191 	EXP 	Display Frame 1
482.7440 	EXP 	Display Frame 0
482.8681 	EXP 	Display Frame 1
482.9940 	EXP 	Display Frame 0
483.1190 	EXP 	Display Frame 1
483.2437 	EXP 	Display Frame 0
483.3690 	EXP 	Display Frame 1
483.4940 	EXP 	Display Frame 0
483.6189 	EXP 	Display Frame 1
483.7439 	EXP 	Display Frame 0
483.8682 	EXP 	Display Frame 1
483.9940 	EXP 	Display Frame 0
484.1188 	EXP 	Display Frame 1
484.2441 	EXP 	Display Frame 0
484.3690 	EXP 	Display Frame 1
484.4939 	EXP 	Display Frame 0
484.6191 	EXP 	Display Frame 1
484.7441 	EXP 	Display Frame 0
484.8686 	EXP 	Display Frame 1
484.9941 	EXP 	Display Frame 0
485.1188 	EXP 	Display Frame 1
485.2437 	EXP 	Display Frame 0
485.3689 	EXP 	Display Frame 1
485.4941 	EXP 	Display Frame 0
485.6191 	EXP 	Display Frame 1
485.7442 	EXP 	Display Frame 0
485.8691 	EXP 	Display Frame 1
485.9937 	EXP 	Display Frame 0
486.1187 	EXP 	Display Frame 1
486.2438 	EXP 	Display Frame 0
486.3688 	EXP 	Display Frame 1
486.4941 	EXP 	Display Frame 0
486.6196 	EXP 	Display Frame 1
486.7438 	EXP 	Display Frame 0
486.8688 	EXP 	Display Frame 1
486.9941 	EXP 	Display Frame 0
487.1190 	EXP 	Display Frame 1
487.2439 	EXP 	Display Frame 0
487.3692 	EXP 	Display Frame 1
487.4941 	EXP 	Display Frame 0
487.6189 	EXP 	Display Frame 1
487.7440 	EXP 	Display Frame 0
487.8690 	EXP 	Display Frame 1
487.9938 	DATA 	Keypress: t
487.9964 	EXP 	Display Frame 0
487.9981 	EXP 	Display Fixation
489.4064 	DATA 	Keypress: t
532.6001 	DATA 	Keypress: t
532.7273 	EXP 	Display Frame 1
532.8522 	EXP 	Display Frame 0
532.9771 	EXP 	Display Frame 1
533.1024 	EXP 	Display Frame 0
533.2274 	EXP 	Display Frame 1
533.3523 	EXP 	Display Frame 0
533.4775 	EXP 	Display Frame 1
533.6024 	EXP 	Display Frame 0
533.7276 	EXP 	Display Frame 1
533.8523 	EXP 	Display Frame 0
533.9774 	EXP 	Display Frame 1
534.1023 	DATA 	Keypress: t
534.1044 	EXP 	Display Frame 0
534.2276 	EXP 	Display Frame 1
534.3523 	EXP 	Display Frame 0
534.4774 	EXP 	Display Frame 1
534.6026 	EXP 	Display Frame 0
534.7276 	EXP 	Display Frame 1
534.8522 	EXP 	Display Frame 0
534.9773 	EXP 	Display Frame 1
535.1025 	EXP 	Display Frame 0
535.2274 	EXP 	Display Frame 1
535.3526 	EXP 	Display Frame 0
535.4775 	EXP 	Display Frame 1
535.6024 	EXP 	Display Frame 0
535.7276 	EXP 	Display Frame 1
535.8523 	EXP 	Display Frame 0
535.9774 	EXP 	Display Frame 1
536.1027 	EXP 	Display Frame 0
536.2273 	EXP 	Display Frame 1
536.3525 	EXP 	Display Frame 0
536.4774 	EXP 	Display Frame 1
536.6028 	EXP 	Display Frame 0
536.7271 	EXP 	Display Frame 1
536.8522 	EXP 	Display Frame 0
536.9776 	EXP 	Display Frame 1
537.1025 	EXP 	Display Frame 0
537.2274 	EXP 	Display Frame 1
537.3526 	EXP 	Display Frame 0
537.4775 	EXP 	Display Frame 1
537.6025 	EXP 	Display Frame 0
537.7272 	EXP 	Display Frame 1
537.8525 	EXP 	Display Frame 0
537.9774 	EXP 	Display Frame 1
538.1025 	EXP 	Display Frame 0
538.2275 	EXP 	Display Frame 1
538.3524 	EXP 	Display Frame 0
538.4774 	EXP 	Display Frame 1
538.6025 	EXP 	Display Frame 0
538.7275 	EXP 	Display Frame 1
538.8524 	EXP 	Display Frame 0
538.9775 	EXP 	Display Frame 1
539.1025 	EXP 	Display Frame 0
539.2274 	EXP 	Display Frame 1
539.3526 	EXP 	Display Frame 0
539.4775 	EXP 	Display Frame 1
539.6024 	EXP 	Display Frame 0
539.7276 	EXP 	Display Frame 1
539.8528 	EXP 	Display Frame 0
539.9770 	EXP 	Display Frame 1
540.1022 	EXP 	Display Frame 0
540.2273 	EXP 	Display Frame 1
540.3525 	EXP 	Display Frame 0
540.4772 	EXP 	Display Frame 1
540.6025 	EXP 	Display Frame 0
540.7273 	EXP 	Display Frame 1
540.8522 	EXP 	Display Frame 0
540.9775 	EXP 	Display Frame 1
541.1025 	EXP 	Display Frame 0
541.2273 	EXP 	Display Frame 1
541.3525 	EXP 	Display Frame 0
541.4771 	EXP 	Display Frame 1
541.6027 	EXP 	Display Frame 0
541.7272 	EXP 	Display Frame 1
541.8523 	EXP 	Display Frame 0
541.9774 	EXP 	Display Frame 1
542.1023 	EXP 	Display Frame 0
542.2273 	EXP 	Display Frame 1
542.3524 	EXP 	Display Frame 0
542.4773 	EXP 	Display Frame 1
542.6025 	EXP 	Display Frame 0
542.7274 	EXP 	Display Frame 1
542.8524 	EXP 	Display Frame 0
542.9775 	EXP 	Display Frame 1
543.1025 	EXP 	Display Frame 0
543.2274 	EXP 	Display Frame 1
543.3525 	EXP 	Display Frame 0
543.4775 	EXP 	Display Frame 1
543.6024 	EXP 	Display Frame 0
543.7275 	EXP 	Display Frame 1
543.8525 	EXP 	Display Frame 0
543.9774 	EXP 	Display Frame 1
544.1027 	EXP 	Display Frame 0
544.2276 	EXP 	Display Frame 1
544.3524 	EXP 	Display Frame 0
544.4776 	EXP 	Display Frame 1
544.6025 	EXP 	Display Frame 0
544.7274 	EXP 	Display Frame 1
544.8523 	EXP 	Display Frame 0
544.9775 	EXP 	Display Frame 1
545.1026 	EXP 	Display Frame 0
545.2276 	EXP 	Display Frame 1
545.3525 	EXP 	Display Frame 0
545.4774 	EXP 	Display Frame 1
545.6024 	EXP 	Display Frame 0
545.7271 	EXP 	Display Frame 1
545.8525 	EXP 	Display Frame 0
545.9772 	EXP 	Display Frame 1
546.1023 	EXP 	Display Frame 0
546.2275 	EXP 	Display Frame 1
546.3526 	EXP 	Display Frame 0
546.4774 	EXP 	Display Frame 1
546.6026 	EXP 	Display Frame 0
546.7275 	EXP 	Display Frame 1
546.8523 	EXP 	Display Frame 0
546.9771 	EXP 	Display Frame 1
547.1029 	EXP 	Display Frame 0
547.2272 	EXP 	Display Frame 1
547.3523 	EXP 	Display Frame 0
547.4772 	EXP 	Display Frame 1
547.6022 	EXP 	Display Frame 0
547.7276 	EXP 	Display Frame 1
547.8526 	EXP 	Display Frame 0
547.9774 	EXP 	Display Frame 1
548.1026 	EXP 	Display Frame 0
548.2275 	EXP 	Display Frame 1
548.3524 	EXP 	Display Frame 0
548.4775 	EXP 	Display Frame 1
548.6026 	EXP 	Display Frame 0
548.7275 	EXP 	Display Frame 1
548.8526 	EXP 	Display Frame 0
548.9775 	EXP 	Display Frame 1
549.1025 	EXP 	Display Frame 0
549.2276 	EXP 	Display Frame 1
549.3526 	EXP 	Display Frame 0
549.4772 	EXP 	Display Frame 1
549.6027 	EXP 	Display Frame 0
549.7271 	EXP 	Display Frame 1
549.8526 	EXP 	Display Frame 0
549.9773 	EXP 	Display Frame 1
550.1027 	EXP 	Display Frame 0
550.2274 	EXP 	Display Frame 1
550.3524 	EXP 	Display Frame 0
550.4775 	EXP 	Display Frame 1
550.6027 	EXP 	Display Frame 0
550.7275 	EXP 	Display Frame 1
550.8527 	EXP 	Display Frame 0
550.9774 	EXP 	Display Frame 1
551.1024 	EXP 	Display Frame 0
551.2275 	EXP 	Display Frame 1
551.3525 	EXP 	Display Frame 0
551.4774 	EXP 	Display Frame 1
551.6026 	EXP 	Display Frame 0
551.7275 	EXP 	Display Frame 1
551.8524 	EXP 	Display Frame 0
551.9776 	EXP 	Display Frame 1
552.1025 	EXP 	Display Frame 0
552.2272 	EXP 	Display Frame 1
552.3523 	EXP 	Display Frame 0
552.4770 	EXP 	Display Frame 1
552.6027 	EXP 	Display Frame 0
552.7271 	EXP 	Display Frame 1
552.8523 	EXP 	Display Frame 0
552.9772 	EXP 	Display Frame 1
553.1022 	EXP 	Display Frame 0
553.2275 	EXP 	Display Frame 1
553.3525 	EXP 	Display Frame 0
553.4779 	EXP 	Display Frame 1
553.6022 	EXP 	Display Frame 0
553.7273 	EXP 	Display Frame 1
553.8526 	EXP 	Display Frame 0
553.9773 	EXP 	Display Frame 1
554.1023 	EXP 	Display Frame 0
554.2275 	EXP 	Display Frame 1
554.3526 	EXP 	Display Frame 0
554.4775 	EXP 	Display Frame 1
554.6025 	EXP 	Display Frame 0
554.7276 	EXP 	Display Frame 1
554.8525 	EXP 	Display Frame 0
554.9774 	EXP 	Display Frame 1
555.1024 	EXP 	Display Frame 0
555.2275 	EXP 	Display Frame 1
555.3524 	EXP 	Display Frame 0
555.4774 	EXP 	Display Frame 1
555.6026 	EXP 	Display Frame 0
555.7278 	EXP 	Display Frame 1
555.8524 	EXP 	Display Frame 0
555.9775 	EXP 	Display Frame 1
556.1026 	EXP 	Display Frame 0
556.2274 	EXP 	Display Frame 1
556.3526 	EXP 	Display Frame 0
556.4775 	EXP 	Display Frame 1
556.6029 	EXP 	Display Frame 0
556.7269 	EXP 	Display Frame 1
556.8523 	EXP 	Display Frame 0
556.9774 	EXP 	Display Frame 1
557.1026 	EXP 	Display Frame 0
557.2276 	EXP 	Display Frame 1
557.3526 	EXP 	Display Frame 0
557.4774 	EXP 	Display Frame 1
557.6026 	EXP 	Display Frame 0
557.7275 	EXP 	Display Frame 1
557.8529 	EXP 	Display Frame 0
557.9773 	EXP 	Display Frame 1
558.1030 	EXP 	Display Frame 0
558.2273 	EXP 	Display Frame 1
558.3524 	EXP 	Display Frame 0
558.4774 	EXP 	Display Frame 1
558.6025 	EXP 	Display Frame 0
558.7275 	EXP 	Display Frame 1
558.8525 	EXP 	Display Frame 0
558.9773 	EXP 	Display Frame 1
559.1026 	EXP 	Display Frame 0
559.2275 	EXP 	Display Frame 1
559.3524 	EXP 	Display Frame 0
559.4774 	EXP 	Display Frame 1
559.6025 	EXP 	Display Frame 0
559.7270 	EXP 	Display Frame 1
559.8526 	EXP 	Display Frame 0
559.9773 	EXP 	Display Frame 1
560.1023 	EXP 	Display Frame 0
560.2274 	EXP 	Display Frame 1
560.3523 	EXP 	Display Frame 0
560.4774 	EXP 	Display Frame 1
560.6024 	EXP 	Display Frame 0
560.7275 	EXP 	Display Frame 1
560.8525 	EXP 	Display Frame 0
560.9774 	EXP 	Display Frame 1
561.1027 	EXP 	Display Frame 0
561.2270 	EXP 	Display Frame 1
561.3524 	EXP 	Display Frame 0
561.4775 	EXP 	Display Frame 1
561.6026 	EXP 	Display Frame 0
561.7274 	EXP 	Display Frame 1
561.8526 	EXP 	Display Frame 0
561.9774 	EXP 	Display Frame 1
562.1025 	EXP 	Display Frame 0
562.2271 	EXP 	Display Frame 1
562.3525 	EXP 	Display Frame 0
562.4774 	EXP 	Display Frame 1
562.6023 	EXP 	Display Frame 0
562.7275 	EXP 	Display Frame 1
562.8524 	EXP 	Display Frame 0
562.9773 	EXP 	Display Frame 1
563.1025 	EXP 	Display Frame 0
563.2275 	EXP 	Display Frame 1
563.3524 	EXP 	Display Frame 0
563.4775 	EXP 	Display Frame 1
563.6025 	EXP 	Display Frame 0
563.7272 	EXP 	Display Frame 1
563.8525 	EXP 	Display Frame 0
563.9775 	EXP 	Display Frame 1
564.1024 	EXP 	Display Frame 0
564.2276 	EXP 	Display Frame 1
564.3525 	EXP 	Display Frame 0
564.4772 	EXP 	Display Frame 1
564.6025 	EXP 	Display Frame 0
564.7275 	EXP 	Display Frame 1
564.8524 	EXP 	Display Frame 0
564.9774 	EXP 	Display Frame 1
565.1026 	EXP 	Display Frame 0
565.2275 	EXP 	Display Frame 1
565.3526 	EXP 	Display Frame 0
565.4775 	EXP 	Display Frame 1
565.6025 	EXP 	Display Frame 0
565.7274 	EXP 	Display Frame 1
565.8528 	EXP 	Display Frame 0
565.9773 	EXP 	Display Frame 1
566.1022 	EXP 	Display Frame 0
566.2276 	EXP 	Display Frame 1
566.3521 	EXP 	Display Frame 0
566.4772 	EXP 	Display Frame 1
566.6025 	EXP 	Display Frame 0
566.7276 	EXP 	Display Frame 1
566.8523 	EXP 	Display Frame 0
566.9774 	EXP 	Display Frame 1
567.1023 	EXP 	Display Frame 0
567.2274 	EXP 	Display Frame 1
567.3524 	EXP 	Display Frame 0
567.4774 	EXP 	Display Frame 1
567.6024 	EXP 	Display Frame 0
567.7274 	EXP 	Display Frame 1
567.8523 	EXP 	Display Frame 0
567.9774 	EXP 	Display Frame 1
568.1024 	EXP 	Display Frame 0
568.2275 	EXP 	Display Frame 1
568.3525 	EXP 	Display Frame 0
568.4774 	EXP 	Display Frame 1
568.6025 	EXP 	Display Frame 0
568.7275 	EXP 	Display Frame 1
568.8524 	EXP 	Display Frame 0
568.9771 	EXP 	Display Frame 1
569.1025 	EXP 	Display Frame 0
569.2272 	EXP 	Display Frame 1
569.3524 	EXP 	Display Frame 0
569.4773 	EXP 	Display Frame 1
569.6024 	EXP 	Display Frame 0
569.7274 	EXP 	Display Frame 1
569.8525 	EXP 	Display Frame 0
569.9772 	EXP 	Display Frame 1
570.1025 	EXP 	Display Frame 0
570.2276 	EXP 	Display Frame 1
570.3525 	EXP 	Display Frame 0
570.4774 	EXP 	Display Frame 1
570.6026 	EXP 	Display Frame 0
570.7276 	EXP 	Display Frame 1
570.8524 	EXP 	Display Frame 0
570.9775 	EXP 	Display Frame 1
571.1020 	EXP 	Display Frame 0
571.2272 	EXP 	Display Frame 1
571.3524 	EXP 	Display Frame 0
571.4775 	EXP 	Display Frame 1
571.6024 	EXP 	Display Frame 0
571.7277 	EXP 	Display Frame 1
571.8525 	EXP 	Display Frame 0
571.9774 	EXP 	Display Frame 1
572.1025 	EXP 	Display Frame 0
572.2275 	EXP 	Display Frame 1
572.3524 	EXP 	Display Frame 0
572.4774 	EXP 	Display Frame 1
572.6025 	EXP 	Display Frame 0
572.7275 	EXP 	Display Frame 1
572.8525 	EXP 	Display Frame 0
572.9775 	EXP 	Display Frame 1
573.1025 	EXP 	Display Frame 0
573.2274 	EXP 	Display Frame 1
573.3525 	EXP 	Display Frame 0
573.4775 	EXP 	Display Frame 1
573.6025 	EXP 	Display Frame 0
573.7277 	EXP 	Display Frame 1
573.8525 	EXP 	Display Frame 0
573.9772 	EXP 	Display Frame 1
574.1024 	EXP 	Display Frame 0
574.2276 	EXP 	Display Frame 1
574.3524 	EXP 	Display Frame 0
574.4772 	EXP 	Display Frame 1
574.6030 	EXP 	Display Frame 0
574.7273 	EXP 	Display Frame 1
574.8522 	EXP 	Display Frame 0
574.9775 	EXP 	Display Frame 1
575.1025 	EXP 	Display Frame 0
575.2274 	EXP 	Display Frame 1
575.3525 	EXP 	Display Frame 0
575.4777 	EXP 	Display Frame 1
575.6024 	EXP 	Display Frame 0
575.7277 	EXP 	Display Frame 1
575.8527 	EXP 	Display Frame 0
575.9770 	EXP 	Display Frame 1
576.1034 	EXP 	Display Frame 0
576.2276 	EXP 	Display Frame 1
576.3527 	EXP 	Display Frame 0
576.4769 	EXP 	Display Frame 1
576.6024 	EXP 	Display Frame 0
576.7274 	EXP 	Display Frame 1
576.8525 	EXP 	Display Frame 0
576.9775 	EXP 	Display Frame 1
577.1025 	EXP 	Display Frame 0
577.2274 	EXP 	Display Frame 1
577.3523 	DATA 	Keypress: t
577.3545 	EXP 	Display Frame 0
577.3565 	EXP 	Display Fixation
578.7648 	DATA 	Keypress: t
621.9594 	DATA 	Keypress: t
622.0868 	EXP 	Display Frame 1
622.2115 	EXP 	Display Frame 0
622.3370 	EXP 	Display Frame 1
622.4618 	EXP 	Display Frame 0
622.5867 	EXP 	Display Frame 1
622.7118 	EXP 	Display Frame 0
622.8368 	EXP 	Display Frame 1
622.9617 	EXP 	Display Frame 0
623.0866 	EXP 	Display Frame 1
623.2118 	EXP 	Display Frame 0
623.3367 	EXP 	Display Frame 1
623.4611 	DATA 	Keypress: t
623.4632 	EXP 	Display Frame 0
623.5868 	EXP 	Display Frame 1
623.7115 	EXP 	Display Frame 0
623.8367 	EXP 	Display Frame 1
623.9614 	EXP 	Display Frame 0
624.0875 	EXP 	Display Frame 1
624.2115 	EXP 	Display Frame 0
624.3367 	EXP 	Display Frame 1
624.4613 	EXP 	Display Frame 0
624.5867 	EXP 	Display Frame 1
624.7118 	EXP 	Display Frame 0
624.8368 	EXP 	Display Frame 1
624.9617 	EXP 	Display Frame 0
625.0866 	EXP 	Display Frame 1
625.2119 	EXP 	Display Frame 0
625.3367 	EXP 	Display Frame 1
625.4620 	EXP 	Display Frame 0
625.5868 	EXP 	Display Frame 1
625.7118 	EXP 	Display Frame 0
625.8366 	EXP 	Display Frame 1
625.9626 	EXP 	Display Frame 0
626.0864 	EXP 	Display Frame 1
626.2114 	EXP 	Display Frame 0
626.3368 	EXP 	Display Frame 1
626.4620 	EXP 	Display Frame 0
626.5871 	EXP 	Display Frame 1
626.7114 	EXP 	Display Frame 0
626.8366 	EXP 	Display Frame 1
626.9617 	EXP 	Display Frame 0
627.0867 	EXP 	Display Frame 1
627.2117 	EXP 	Display Frame 0
627.3369 	EXP 	Display Frame 1
627.4612 	EXP 	Display Frame 0
627.5866 	EXP 	Display Frame 1
627.7117 	EXP 	Display Frame 0
627.8369 	EXP 	Display Frame 1
627.9618 	EXP 	Display Frame 0
628.0867 	EXP 	Display Frame 1
628.2116 	EXP 	Display Frame 0
628.3368 	EXP 	Display Frame 1
628.4617 	EXP 	Display Frame 0
628.5867 	EXP 	Display Frame 1
628.7118 	EXP 	Display Frame 0
628.8367 	EXP 	Display Frame 1
628.9617 	EXP 	Display Frame 0
629.0868 	EXP 	Display Frame 1
629.2117 	EXP 	Display Frame 0
629.3368 	EXP 	Display Frame 1
629.4616 	EXP 	Display Frame 0
629.5866 	EXP 	Display Frame 1
629.7115 	EXP 	Display Frame 0
629.8367 	EXP 	Display Frame 1
629.9618 	EXP 	Display Frame 0
630.0867 	EXP 	Display Frame 1
630.2118 	EXP 	Display Frame 0
630.3368 	EXP 	Display Frame 1
630.4617 	EXP 	Display Frame 0
630.5866 	EXP 	Display Frame 1
630.7118 	EXP 	Display Frame 0
630.8367 	EXP 	Display Frame 1
630.9618 	EXP 	Display Frame 0
631.0868 	EXP 	Display Frame 1
631.2115 	EXP 	Display Frame 0
631.3367 	EXP 	Display Frame 1
631.4618 	EXP 	Display Frame 0
631.5868 	EXP 	Display Frame 1
631.7116 	EXP 	Display Frame 0
631.8369 	EXP 	Display Frame 1
631.9616 	EXP 	Display Frame 0
632.0864 	EXP 	Display Frame 1
632.2116 	EXP 	Display Frame 0
632.3368 	EXP 	Display Frame 1
632.4618 	EXP 	Display Frame 0
632.5866 	EXP 	Display Frame 1
632.7118 	EXP 	Display Frame 0
632.8367 	EXP 	Display Frame 1
632.9616 	EXP 	Display Frame 0
633.0867 	EXP 	Display Frame 1
633.2117 	EXP 	Display Frame 0
633.3363 	EXP 	Display Frame 1
633.4619 	EXP 	Display Frame 0
633.5867 	EXP 	Display Frame 1
633.7117 	EXP 	Display Frame 0
633.8368 	EXP 	Display Frame 1
633.9617 	EXP 	Display Frame 0
634.0866 	EXP 	Display Frame 1
634.2118 	EXP 	Display Frame 0
634.3367 	EXP 	Display Frame 1
634.4613 	EXP 	Display Frame 0
634.5868 	EXP 	Display Frame 1
634.7117 	EXP 	Display Frame 0
634.8367 	EXP 	Display Frame 1
634.9614 	EXP 	Display Frame 0
635.0871 	EXP 	Display Frame 1
635.2115 	EXP 	Display Frame 0
635.3367 	EXP 	Display Frame 1
635.4619 	EXP 	Display Frame 0
635.5867 	EXP 	Display Frame 1
635.7116 	EXP 	Display Frame 0
635.8368 	EXP 	Display Frame 1
635.9620 	EXP 	Display Frame 0
636.0865 	EXP 	Display Frame 1
636.2118 	EXP 	Display Frame 0
636.3367 	EXP 	Display Frame 1
636.4616 	EXP 	Display Frame 0
636.5868 	EXP 	Display Frame 1
636.7118 	EXP 	Display Frame 0
636.8368 	EXP 	Display Frame 1
636.9618 	EXP 	Display Frame 0
637.0868 	EXP 	Display Frame 1
637.2118 	EXP 	Display Frame 0
637.3365 	EXP 	Display Frame 1
637.4619 	EXP 	Display Frame 0
637.5867 	EXP 	Display Frame 1
637.7116 	EXP 	Display Frame 0
637.8369 	EXP 	Display Frame 1
637.9619 	EXP 	Display Frame 0
638.0865 	EXP 	Display Frame 1
638.2119 	EXP 	Display Frame 0
638.3367 	EXP 	Display Frame 1
638.4622 	EXP 	Display Frame 0
638.5868 	EXP 	Display Frame 1
638.7117 	EXP 	Display Frame 0
638.8368 	EXP 	Display Frame 1
638.9618 	EXP 	Display Frame 0
639.0868 	EXP 	Display Frame 1
639.2117 	EXP 	Display Frame 0
639.3368 	EXP 	Display Frame 1
639.4619 	EXP 	Display Frame 0
639.5867 	EXP 	Display Frame 1
639.7118 	EXP 	Display Frame 0
639.8369 	EXP 	Display Frame 1
639.9618 	EXP 	Display Frame 0
640.0868 	EXP 	Display Frame 1
640.2118 	EXP 	Display Frame 0
640.3369 	EXP 	Display Frame 1
640.4616 	EXP 	Display Frame 0
640.5870 	EXP 	Display Frame 1
640.7115 	EXP 	Display Frame 0
640.8364 	EXP 	Display Frame 1
640.9618 	EXP 	Display Frame 0
641.0867 	EXP 	Display Frame 1
641.2115 	EXP 	Display Frame 0
641.3368 	EXP 	Display Frame 1
641.4617 	EXP 	Display Frame 0
641.5868 	EXP 	Display Frame 1
641.7118 	EXP 	Display Frame 0
641.8368 	EXP 	Display Frame 1
641.9619 	EXP 	Display Frame 0
642.0870 	EXP 	Display Frame 1
642.2117 	EXP 	Display Frame 0
642.3368 	EXP 	Display Frame 1
642.4618 	EXP 	Display Frame 0
642.5868 	EXP 	Display Frame 1
642.7116 	EXP 	Display Frame 0
642.8367 	EXP 	Display Frame 1
642.9617 	EXP 	Display Frame 0
643.0866 	EXP 	Display Frame 1
643.2118 	EXP 	Display Frame 0
643.3368 	EXP 	Display Frame 1
643.4617 	EXP 	Display Frame 0
643.5876 	EXP 	Display Frame 1
643.7116 	EXP 	Display Frame 0
643.8366 	EXP 	Display Frame 1
643.9617 	EXP 	Display Frame 0
644.0868 	EXP 	Display Frame 1
644.2118 	EXP 	Display Frame 0
644.3368 	EXP 	Display Frame 1
644.4616 	EXP 	Display Frame 0
644.5863 	EXP 	Display Frame 1
644.7117 	EXP 	Display Frame 0
644.8364 	EXP 	Display Frame 1
644.9620 	EXP 	Display Frame 0
645.0865 	EXP 	Display Frame 1
645.2116 	EXP 	Display Frame 0
645.3368 	EXP 	Display Frame 1
645.4617 	EXP 	Display Frame 0
645.5866 	EXP 	Display Frame 1
645.7118 	EXP 	Display Frame 0
645.8367 	EXP 	Display Frame 1
645.9626 	EXP 	Display Frame 0
646.0868 	EXP 	Display Frame 1
646.2115 	EXP 	Display Frame 0
646.3366 	EXP 	Display Frame 1
646.4619 	EXP 	Display Frame 0
646.5871 	EXP 	Display Frame 1
646.7113 	EXP 	Display Frame 0
646.8368 	EXP 	Display Frame 1
646.9617 	EXP 	Display Frame 0
647.0867 	EXP 	Display Frame 1
647.2122 	EXP 	Display Frame 0
647.3364 	EXP 	Display Frame 1
647.4615 	EXP 	Display Frame 0
647.5866 	EXP 	Display Frame 1
647.7118 	EXP 	Display Frame 0
647.8367 	EXP 	Display Frame 1
647.9616 	EXP 	Display Frame 0
648.0868 	EXP 	Display Frame 1
648.2117 	EXP 	Display Frame 0
648.3367 	EXP 	Display Frame 1
648.4618 	EXP 	Display Frame 0
648.5867 	EXP 	Display Frame 1
648.7117 	EXP 	Display Frame 0
648.8368 	EXP 	Display Frame 1
648.9617 	EXP 	Display Frame 0
649.0866 	EXP 	Display Frame 1
649.2118 	EXP 	Display Frame 0
649.3368 	EXP 	Display Frame 1
649.4613 	EXP 	Display Frame 0
649.5868 	EXP 	Display Frame 1
649.7118 	EXP 	Display Frame 0
649.8367 	EXP 	Display Frame 1
649.9618 	EXP 	Display Frame 0
650.0867 	EXP 	Display Frame 1
650.2117 	EXP 	Display Frame 0
650.3366 	EXP 	Display Frame 1
650.4619 	EXP 	Display Frame 0
650.5868 	EXP 	Display Frame 1
650.7116 	EXP 	Display Frame 0
650.8370 	EXP 	Display Frame 1
650.9617 	EXP 	Display Frame 0
651.0866 	EXP 	Display Frame 1
651.2116 	EXP 	Display Frame 0
651.3368 	EXP 	Display Frame 1
651.4617 	EXP 	Display Frame 0
651.5870 	EXP 	Display Frame 1
651.7118 	EXP 	Display Frame 0
651.8369 	EXP 	Display Frame 1
651.9616 	EXP 	Display Frame 0
652.0865 	EXP 	Display Frame 1
652.2117 	EXP 	Display Frame 0
652.3364 	EXP 	Display Frame 1
652.4616 	EXP 	Display Frame 0
652.5865 	EXP 	Display Frame 1
652.7117 	EXP 	Display Frame 0
652.8368 	EXP 	Display Frame 1
652.9615 	EXP 	Display Frame 0
653.0866 	EXP 	Display Frame 1
653.2118 	EXP 	Display Frame 0
653.3367 	EXP 	Display Frame 1
653.4618 	EXP 	Display Frame 0
653.5868 	EXP 	Display Frame 1
653.7117 	EXP 	Display Frame 0
653.8367 	EXP 	Display Frame 1
653.9614 	EXP 	Display Frame 0
654.0868 	EXP 	Display Frame 1
654.2117 	EXP 	Display Frame 0
654.3368 	EXP 	Display Frame 1
654.4615 	EXP 	Display Frame 0
654.5867 	EXP 	Display Frame 1
654.7118 	EXP 	Display Frame 0
654.8369 	EXP 	Display Frame 1
654.9617 	EXP 	Display Frame 0
655.0866 	EXP 	Display Frame 1
655.2118 	EXP 	Display Frame 0
655.3369 	EXP 	Display Frame 1
655.4617 	EXP 	Display Frame 0
655.5868 	EXP 	Display Frame 1
655.7117 	EXP 	Display Frame 0
655.8368 	EXP 	Display Frame 1
655.9619 	EXP 	Display Frame 0
656.0865 	EXP 	Display Frame 1
656.2115 	EXP 	Display Frame 0
656.3369 	EXP 	Display Frame 1
656.4617 	EXP 	Display Frame 0
656.5867 	EXP 	Display Frame 1
656.7118 	EXP 	Display Frame 0
656.8369 	EXP 	Display Frame 1
656.9617 	EXP 	Display Frame 0
657.0869 	EXP 	Display Frame 1
657.2116 	EXP 	Display Frame 0
657.3365 	EXP 	Display Frame 1
657.4617 	EXP 	Display Frame 0
657.5868 	EXP 	Display Frame 1
657.7117 	EXP 	Display Frame 0
657.8366 	EXP 	Display Frame 1
657.9614 	EXP 	Display Frame 0
658.0867 	EXP 	Display Frame 1
658.2118 	EXP 	Display Frame 0
658.3369 	EXP 	Display Frame 1
658.4618 	EXP 	Display Frame 0
658.5867 	EXP 	Display Frame 1
658.7118 	EXP 	Display Frame 0
658.8369 	EXP 	Display Frame 1
658.9617 	EXP 	Display Frame 0
659.0868 	EXP 	Display Frame 1
659.2117 	EXP 	Display Frame 0
659.3368 	EXP 	Display Frame 1
659.4616 	EXP 	Display Frame 0
659.5868 	EXP 	Display Frame 1
659.7117 	EXP 	Display Frame 0
659.8368 	EXP 	Display Frame 1
659.9617 	EXP 	Display Frame 0
660.0867 	EXP 	Display Frame 1
660.2116 	EXP 	Display Frame 0
660.3369 	EXP 	Display Frame 1
660.4618 	EXP 	Display Frame 0
660.5870 	EXP 	Display Frame 1
660.7119 	EXP 	Display Frame 0
660.8369 	EXP 	Display Frame 1
660.9618 	EXP 	Display Frame 0
661.0870 	EXP 	Display Frame 1
661.2114 	EXP 	Display Frame 0
661.3368 	EXP 	Display Frame 1
661.4620 	EXP 	Display Frame 0
661.5867 	EXP 	Display Frame 1
661.7117 	EXP 	Display Frame 0
661.8368 	EXP 	Display Frame 1
661.9613 	EXP 	Display Frame 0
662.0867 	EXP 	Display Frame 1
662.2120 	EXP 	Display Frame 0
662.3369 	EXP 	Display Frame 1
662.4615 	EXP 	Display Frame 0
662.5872 	EXP 	Display Frame 1
662.7116 	EXP 	Display Frame 0
662.8365 	EXP 	Display Frame 1
662.9616 	EXP 	Display Frame 0
663.0868 	EXP 	Display Frame 1
663.2118 	EXP 	Display Frame 0
663.3368 	EXP 	Display Frame 1
663.4618 	EXP 	Display Frame 0
663.5867 	EXP 	Display Frame 1
663.7118 	EXP 	Display Frame 0
663.8368 	EXP 	Display Frame 1
663.9618 	EXP 	Display Frame 0
664.0867 	EXP 	Display Frame 1
664.2118 	EXP 	Display Frame 0
664.3368 	EXP 	Display Frame 1
664.4615 	EXP 	Display Frame 0
664.5868 	EXP 	Display Frame 1
664.7118 	EXP 	Display Frame 0
664.8367 	EXP 	Display Frame 1
664.9616 	EXP 	Display Frame 0
665.0868 	EXP 	Display Frame 1
665.2118 	EXP 	Display Frame 0
665.3366 	EXP 	Display Frame 1
665.4619 	EXP 	Display Frame 0
665.5867 	EXP 	Display Frame 1
665.7116 	EXP 	Display Frame 0
665.8369 	EXP 	Display Frame 1
665.9616 	EXP 	Display Frame 0
666.0867 	EXP 	Display Frame 1
666.2116 	EXP 	Display Frame 0
666.3370 	EXP 	Display Frame 1
666.4614 	EXP 	Display Frame 0
666.5867 	EXP 	Display Frame 1
666.7116 	DATA 	Keypress: t
666.7139 	EXP 	Display Frame 0
666.7154 	EXP 	Display Fixation
668.1233 	DATA 	Keypress: t
711.3176 	DATA 	Keypress: t
711.4449 	EXP 	Display Frame 1
711.5698 	EXP 	Display Frame 0
711.6950 	EXP 	Display Frame 1
711.8201 	EXP 	Display Frame 0
711.9448 	EXP 	Display Frame 1
712.0697 	EXP 	Display Frame 0
712.1949 	EXP 	Display Frame 1
712.3200 	EXP 	Display Frame 0
712.4449 	EXP 	Display Frame 1
712.5701 	EXP 	Display Frame 0
712.6950 	EXP 	Display Frame 1
712.8200 	DATA 	Keypress: t
712.8222 	EXP 	Display Frame 0
712.9451 	EXP 	Display Frame 1
713.0698 	EXP 	Display Frame 0
713.1950 	EXP 	Display Frame 1
713.3199 	EXP 	Display Frame 0
713.4447 	EXP 	Display Frame 1
713.5700 	EXP 	Display Frame 0
713.6949 	EXP 	Display Frame 1
713.8200 	EXP 	Display Frame 0
713.9450 	EXP 	Display Frame 1
714.0701 	EXP 	Display Frame 0
714.1951 	EXP 	Display Frame 1
714.3200 	EXP 	Display Frame 0
714.4445 	EXP 	Display Frame 1
714.5701 	EXP 	Display Frame 0
714.6950 	EXP 	Display Frame 1
714.8197 	EXP 	Display Frame 0
714.9449 	EXP 	Display Frame 1
715.0700 	EXP 	Display Frame 0
715.1950 	EXP 	Display Frame 1
715.3200 	EXP 	Display Frame 0
715.4451 	EXP 	Display Frame 1
715.5700 	EXP 	Display Frame 0
715.6949 	EXP 	Display Frame 1
715.8201 	EXP 	Display Frame 0
715.9451 	EXP 	Display Frame 1
716.0702 	EXP 	Display Frame 0
716.1949 	EXP 	Display Frame 1
716.3200 	EXP 	Display Frame 0
716.4449 	EXP 	Display Frame 1
716.5696 	EXP 	Display Frame 0
716.6950 	EXP 	Display Frame 1
716.8197 	EXP 	Display Frame 0
716.9451 	EXP 	Display Frame 1
717.0701 	EXP 	Display Frame 0
717.1950 	EXP 	Display Frame 1
717.3198 	EXP 	Display Frame 0
717.4445 	EXP 	Display Frame 1
717.5697 	EXP 	Display Frame 0
717.6947 	EXP 	Display Frame 1
717.8199 	EXP 	Display Frame 0
717.9452 	EXP 	Display Frame 1
718.0698 	EXP 	Display Frame 0
718.1948 	EXP 	Display Frame 1
718.3199 	EXP 	Display Frame 0
718.4449 	EXP 	Display Frame 1
718.5701 	EXP 	Display Frame 0
718.6950 	EXP 	Display Frame 1
718.8199 	EXP 	Display Frame 0
718.9451 	EXP 	Display Frame 1
719.0700 	EXP 	Display Frame 0
719.1949 	EXP 	Display Frame 1
719.3201 	EXP 	Display Frame 0
719.4446 	EXP 	Display Frame 1
719.5700 	EXP 	Display Frame 0
719.6951 	EXP 	Display Frame 1
719.8200 	EXP 	Display Frame 0
719.9450 	EXP 	Display Frame 1
720.0702 	EXP 	Display Frame 0
720.1950 	EXP 	Display Frame 1
720.3200 	EXP 	Display Frame 0
720.4449 	EXP 	Display Frame 1
720.5701 	EXP 	Display Frame 0
720.6950 	EXP 	Display Frame 1
720.8199 	EXP 	Display Frame 0
720.9451 	EXP 	Display Frame 1
721.0700 	EXP 	Display Frame 0
721.1947 	EXP 	Display Frame 1
721.3199 	EXP 	Display Frame 0
721.4446 	EXP 	Display Frame 1
721.5700 	EXP 	Display Frame 0
721.6951 	EXP 	Display Frame 1
721.8203 	EXP 	Display Frame 0
721.9447 	EXP 	Display Frame 1
722.0699 	EXP 	Display Frame 0
722.1952 	EXP 	Display Frame 1
722.3200 	EXP 	Display Frame 0
722.4452 	EXP 	Display Frame 1
722.5700 	EXP 	Display Frame 0
722.6950 	EXP 	Display Frame 1
722.8200 	EXP 	Display Frame 0
722.9446 	EXP 	Display Frame 1
723.0698 	EXP 	Display Frame 0
723.1948 	EXP 	Display Frame 1
723.3201 	EXP 	Display Frame 0
723.4455 	EXP 	Display Frame 1
723.5697 	EXP 	Display Frame 0
723.6949 	EXP 	Display Frame 1
723.8200 	EXP 	Display Frame 0
723.9449 	EXP 	Display Frame 1
724.0701 	EXP 	Display Frame 0
724.1950 	EXP 	Display Frame 1
724.3200 	EXP 	Display Frame 0
724.4449 	EXP 	Display Frame 1
724.5700 	EXP 	Display Frame 0
724.6950 	EXP 	Display Frame 1
724.8199 	EXP 	Display Frame 0
724.9451 	EXP 	Display Frame 1
725.0700 	EXP 	Display Frame 0
725.1949 	EXP 	Display Frame 1
725.3202 	EXP 	Display Frame 0
725.4450 	EXP 	Display Frame 1
725.5701 	EXP 	Display Frame 0
725.6952 	EXP 	Display Frame 1
725.8198 	EXP 	Display Frame 0
725.9450 	EXP 	Display Frame 1
726.0701 	EXP 	Display Frame 0
726.1946 	EXP 	Display Frame 1
726.3198 	EXP 	Display Frame 0
726.4453 	EXP 	Display Frame 1
726.5698 	EXP 	Display Frame 0
726.6947 	EXP 	Display Frame 1
726.8201 	EXP 	Display Frame 0
726.9450 	EXP 	Display Frame 1
727.0700 	EXP 	Display Frame 0
727.1951 	EXP 	Display Frame 1
727.3200 	EXP 	Display Frame 0
727.4450 	EXP 	Display Frame 1
727.5699 	EXP 	Display Frame 0
727.6951 	EXP 	Display Frame 1
727.8201 	EXP 	Display Frame 0
727.9449 	EXP 	Display Frame 1
728.0701 	EXP 	Display Frame 0
728.1951 	EXP 	Display Frame 1
728.3199 	EXP 	Display Frame 0
728.4446 	EXP 	Display Frame 1
728.5698 	EXP 	Display Frame 0
728.6949 	EXP 	Display Frame 1
728.8203 	EXP 	Display Frame 0
728.9448 	EXP 	Display Frame 1
729.0698 	EXP 	Display Frame 0
729.1949 	EXP 	Display Frame 1
729.3198 	EXP 	Display Frame 0
729.4450 	EXP 	Display Frame 1
729.5701 	EXP 	Display Frame 0
729.6950 	EXP 	Display Frame 1
729.8199 	EXP 	Display Frame 0
729.9449 	EXP 	Display Frame 1
730.0696 	EXP 	Display Frame 0
730.1950 	EXP 	Display Frame 1
730.3199 	EXP 	Display Frame 0
730.4450 	EXP 	Display Frame 1
730.5700 	EXP 	Display Frame 0
730.6949 	EXP 	Display Frame 1
730.8201 	EXP 	Display Frame 0
730.9450 	EXP 	Display Frame 1
731.0700 	EXP 	Display Frame 0
731.1949 	EXP 	Display Frame 1
731.3201 	EXP 	Display Frame 0
731.4449 	EXP 	Display Frame 1
731.5701 	EXP 	Display Frame 0
731.6950 	EXP 	Display Frame 1
731.8200 	EXP 	Display Frame 0
731.9451 	EXP 	Display Frame 1
732.0700 	EXP 	Display Frame 0
732.1950 	EXP 	Display Frame 1
732.3199 	EXP 	Display Frame 0
732.4451 	EXP 	Display Frame 1
732.5700 	EXP 	Display Frame 0
732.6949 	EXP 	Display Frame 1
732.8200 	EXP 	Display Frame 0
732.9450 	EXP 	Display Frame 1
733.0697 	EXP 	Display Frame 0
733.1951 	EXP 	Display Frame 1
733.3207 	EXP 	Display Frame 0
733.4447 	EXP 	Display Frame 1
733.5697 	EXP 	Display Frame 0
733.6948 	EXP 	Display Frame 1
733.8201 	EXP 	Display Frame 0
733.9445 	EXP 	Display Frame 1
734.0698 	EXP 	Display Frame 0
734.1950 	EXP 	Display Frame 1
734.3200 	EXP 	Display Frame 0
734.4448 	EXP 	Display Frame 1
734.5699 	EXP 	Display Frame 0
734.6951 	EXP 	Display Frame 1
734.8200 	EXP 	Display Frame 0
734.9449 	EXP 	Display Frame 1
735.0699 	EXP 	Display Frame 0
735.1950 	EXP 	Display Frame 1
735.3200 	EXP 	Display Frame 0
735.4449 	EXP 	Display Frame 1
735.5701 	EXP 	Display Frame 0
735.6950 	EXP 	Display Frame 1
735.8199 	EXP 	Display Frame 0
735.9451 	EXP 	Display Frame 1
736.0698 	EXP 	Display Frame 0
736.1947 	EXP 	Display Frame 1
736.3199 	EXP 	Display Frame 0
736.4450 	EXP 	Display Frame 1
736.5698 	EXP 	Display Frame 0
736.6949 	EXP 	Display Frame 1
736.8198 	EXP 	Display Frame 0
736.9449 	EXP 	Display Frame 1
737.0699 	EXP 	Display Frame 0
737.1950 	EXP 	Display Frame 1
737.3200 	EXP 	Display Frame 0
737.4449 	EXP 	Display Frame 1
737.5700 	EXP 	Display Frame 0
737.6950 	EXP 	Display Frame 1
737.8199 	EXP 	Display Frame 0
737.9450 	EXP 	Display Frame 1
738.0700 	EXP 	Display Frame 0
738.1951 	EXP 	Display Frame 1
738.3199 	EXP 	Display Frame 0
738.4450 	EXP 	Display Frame 1
738.5699 	EXP 	Display Frame 0
738.6951 	EXP 	Display Frame 1
738.8200 	EXP 	Display Frame 0
738.9449 	EXP 	Display Frame 1
739.0701 	EXP 	Display Frame 0
739.1950 	EXP 	Display Frame 1
739.3200 	EXP 	Display Frame 0
739.4447 	EXP 	Display Frame 1
739.5698 	EXP 	Display Frame 0
739.6948 	EXP 	Display Frame 1
739.8199 	EXP 	Display Frame 0
739.9451 	EXP 	Display Frame 1
740.0700 	EXP 	Display Frame 0
740.1949 	EXP 	Display Frame 1
740.3200 	EXP 	Display Frame 0
740.4450 	EXP 	Display Frame 1
740.5699 	EXP 	Display Frame 0
740.6951 	EXP 	Display Frame 1
740.8200 	EXP 	Display Frame 0
740.9449 	EXP 	Display Frame 1
741.0701 	EXP 	Display Frame 0
741.1948 	EXP 	Display Frame 1
741.3201 	EXP 	Display Frame 0
741.4451 	EXP 	Display Frame 1
741.5700 	EXP 	Display Frame 0
741.6950 	EXP 	Display Frame 1
741.8201 	EXP 	Display Frame 0
741.9450 	EXP 	Display Frame 1
742.0700 	EXP 	Display Frame 0
742.1951 	EXP 	Display Frame 1
742.3201 	EXP 	Display Frame 0
742.4449 	EXP 	Display Frame 1
742.5699 	EXP 	Display Frame 0
742.6950 	EXP 	Display Frame 1
742.8200 	EXP 	Display Frame 0
742.9449 	EXP 	Display Frame 1
743.0702 	EXP 	Display Frame 0
743.1950 	EXP 	Display Frame 1
743.3199 	EXP 	Display Frame 0
743.4451 	EXP 	Display Frame 1
743.5700 	EXP 	Display Frame 0
743.6949 	EXP 	Display Frame 1
743.8202 	EXP 	Display Frame 0
743.9450 	EXP 	Display Frame 1
744.0700 	EXP 	Display Frame 0
744.1951 	EXP 	Display Frame 1
744.3199 	EXP 	Display Frame 0
744.4449 	EXP 	Display Frame 1
744.5700 	EXP 	Display Frame 0
744.6951 	EXP 	Display Frame 1
744.8200 	EXP 	Display Frame 0
744.9447 	EXP 	Display Frame 1
745.0698 	EXP 	Display Frame 0
745.1948 	EXP 	Display Frame 1
745.3200 	EXP 	Display Frame 0
745.4450 	EXP 	Display Frame 1
745.5701 	EXP 	Display Frame 0
745.6950 	EXP 	Display Frame 1
745.8200 	EXP 	Display Frame 0
745.9450 	EXP 	Display Frame 1
746.0699 	EXP 	Display Frame 0
746.1954 	EXP 	Display Frame 1
746.3198 	EXP 	Display Frame 0
746.4448 	EXP 	Display Frame 1
746.5701 	EXP 	Display Frame 0
746.6950 	EXP 	Display Frame 1
746.8200 	EXP 	Display Frame 0
746.9449 	EXP 	Display Frame 1
747.0700 	EXP 	Display Frame 0
747.1950 	EXP 	Display Frame 1
747.3199 	EXP 	Display Frame 0
747.4452 	EXP 	Display Frame 1
747.5701 	EXP 	Display Frame 0
747.6949 	EXP 	Display Frame 1
747.8201 	EXP 	Display Frame 0
747.9450 	EXP 	Display Frame 1
748.0699 	EXP 	Display Frame 0
748.1951 	EXP 	Display Frame 1
748.3201 	EXP 	Display Frame 0
748.4449 	EXP 	Display Frame 1
748.5701 	EXP 	Display Frame 0
748.6950 	EXP 	Display Frame 1
748.8199 	EXP 	Display Frame 0
748.9451 	EXP 	Display Frame 1
749.0706 	EXP 	Display Frame 0
749.1950 	EXP 	Display Frame 1
749.3199 	EXP 	Display Frame 0
749.4450 	EXP 	Display Frame 1
749.5700 	EXP 	Display Frame 0
749.6950 	EXP 	Display Frame 1
749.8200 	EXP 	Display Frame 0
749.9450 	EXP 	Display Frame 1
750.0699 	EXP 	Display Frame 0
750.1951 	EXP 	Display Frame 1
750.3198 	EXP 	Display Frame 0
750.4446 	EXP 	Display Frame 1
750.5699 	EXP 	Display Frame 0
750.6948 	EXP 	Display Frame 1
750.8200 	EXP 	Display Frame 0
750.9451 	EXP 	Display Frame 1
751.0700 	EXP 	Display Frame 0
751.1953 	EXP 	Display Frame 1
751.3202 	EXP 	Display Frame 0
751.4450 	EXP 	Display Frame 1
751.5699 	EXP 	Display Frame 0
751.6949 	EXP 	Display Frame 1
751.8199 	EXP 	Display Frame 0
751.9450 	EXP 	Display Frame 1
752.0699 	EXP 	Display Frame 0
752.1950 	EXP 	Display Frame 1
752.3200 	EXP 	Display Frame 0
752.4449 	EXP 	Display Frame 1
752.5702 	EXP 	Display Frame 0
752.6950 	EXP 	Display Frame 1
752.8199 	EXP 	Display Frame 0
752.9451 	EXP 	Display Frame 1
753.0700 	EXP 	Display Frame 0
753.1949 	EXP 	Display Frame 1
753.3202 	EXP 	Display Frame 0
753.4450 	EXP 	Display Frame 1
753.5699 	EXP 	Display Frame 0
753.6951 	EXP 	Display Frame 1
753.8201 	EXP 	Display Frame 0
753.9447 	EXP 	Display Frame 1
754.0699 	EXP 	Display Frame 0
754.1950 	EXP 	Display Frame 1
754.3199 	EXP 	Display Frame 0
754.4451 	EXP 	Display Frame 1
754.5700 	EXP 	Display Frame 0
754.6950 	EXP 	Display Frame 1
754.8200 	EXP 	Display Frame 0
754.9451 	EXP 	Display Frame 1
755.0700 	EXP 	Display Frame 0
755.1949 	EXP 	Display Frame 1
755.3201 	EXP 	Display Frame 0
755.4452 	EXP 	Display Frame 1
755.5699 	EXP 	Display Frame 0
755.6951 	EXP 	Display Frame 1
755.8200 	EXP 	Display Frame 0
755.9447 	EXP 	Display Frame 1
756.0699 	EXP 	Display Frame 0
756.1948 	EXP 	Display Frame 1
756.3197 	EXP 	Display Frame 0
756.4451 	EXP 	Display Frame 1
756.5702 	EXP 	Display Frame 0
756.6950 	EXP 	Display Frame 1
756.8200 	EXP 	Display Frame 0
756.9450 	EXP 	Display Frame 1
757.0700 	EXP 	Display Frame 0
757.1951 	EXP 	Display Frame 1
757.3201 	EXP 	Display Frame 0
757.4450 	EXP 	Display Frame 1
757.5699 	EXP 	Display Frame 0
757.6951 	EXP 	Display Frame 1
757.8202 	EXP 	Display Frame 0
757.9447 	EXP 	Display Frame 1
758.0701 	EXP 	Display Frame 0
758.1950 	EXP 	Display Frame 1
758.3197 	EXP 	Display Frame 0
758.4451 	EXP 	Display Frame 1
758.5700 	EXP 	Display Frame 0
758.6949 	EXP 	Display Frame 1
758.8201 	EXP 	Display Frame 0
758.9450 	EXP 	Display Frame 1
759.0700 	EXP 	Display Frame 0
759.1948 	DATA 	Keypress: t
759.1971 	EXP 	Display Frame 1
759.1987 	EXP 	Display Fixation
786.9719 	DATA 	Keypress: q
786.9833 	EXP 	topMsg: height = 0.1
786.9833 	EXP 	topMsg: height = 0.1
786.9833 	EXP 	topMsg: text = "Thank you very much! \n\nThat's it with the tapping"
786.9833 	EXP 	bottomMsg: height = 0.1
786.9833 	EXP 	bottomMsg: height = 0.1
786.9833 	EXP 	bottomMsg: text = "Please relax for the ramaining time \n\n Press 'q' or 'escape' to end the session."
786.9833 	EXP 	Display TheEnd
787.6422 	DATA 	Keypress: t
788.4764 	DATA 	Keypress: q
788.5620 	EXP 	win: mouseVisible = True
