7.1294 	INFO 	---START PARAMETERS---
7.1294 	INFO 	filename: TappingWithTrTiming_Movie_d3.py-tt1-86-Oct_22_1749
7.1294 	INFO 	subject: tt1
7.1294 	INFO 	session: 86
7.1294 	INFO 	date: Oct_22_1749
7.1294 	INFO 	blockDur_TRs: 30
7.1294 	INFO 	condition: vis
7.1294 	INFO 	fixCrossPos: [0, 0]
7.1294 	INFO 	fixCrossSize: 100
7.1294 	INFO 	fullScreen: True
7.1294 	INFO 	movieFolder: Images/
7.1294 	INFO 	movieSize: (1600, 1000)
7.1294 	INFO 	nBlocks: 68
7.1294 	INFO 	promptDir: Text/
7.1294 	INFO 	restDur_TRs: 30
7.1294 	INFO 	screenColor: (128, 128, 128)
7.1294 	INFO 	screenToShow: 0
7.1294 	INFO 	skipPrompts: False
7.1294 	INFO 	tStartup_TRs: 0
7.1294 	INFO 	textHeight: 40
7.1294 	INFO 	triggerKey: t
7.1294 	INFO 	---END PARAMETERS---
7.1773 	WARNING 	Movie2 stim could not be imported and won't be available
7.5535 	INFO 	Loaded monitor calibration from ['2019_02_04 16:32']
7.9975 	EXP 	Created win = Window(allowGUI=False, allowStencil=False, autoLog=True, bitsMode=UNKNOWN, blendMode='avg', color=array([ 128.,  128.,  128.]), colorSpace='rgb255', fullscr=UNKNOWN, gamma=None, lms=UNKNOWN, monitor=<psychopy.monitors.calibTools.Monitor instance at 0x125eb8a0>, name='win', pos=[0, 0], screen=0, size=array([1024,  640]), stereo=False, units='deg', useFBO=False, viewOri=0.0, viewPos=None, viewScale=None, waitBlanking=True, winType='pyglet')
7.9993 	EXP 	Created fixCross = ShapeStim(autoDraw=False, autoLog=True, closeShape=False, contrast=1.0, depth=0, fillColor=None, fillColorSpace='rgb', fillRGB=None, interpolate=True, lineColor='#000000', lineColorSpace='hex', lineRGB=array([0, 0, 0]), lineWidth=3.0, name='fixCross', opacity=1.0, ori=array(0.0), pos=array([ 0.,  0.]), size=array([ 1.,  1.]), units='pix', vertices=ndarray(...), win=Window(...))
8.0458 	EXP 	Created topMsg = TextStim(alignHoriz='center', alignVert='center', antialias=True, autoLog=True, bold=False, color='#000000', colorSpace='hex', contrast=1.0, depth=0, flipHoriz=False, flipVert=False, font='', fontFiles=[], height=0.1, italic=False, name='topMsg', opacity=1.0, ori=0.0, pos=array([ 0. ,  0.5]), rgb=array([0, 0, 0]), text=u'aaa', units='norm', win=Window(...), wrapWidth=1.5)
8.0496 	EXP 	Created bottomMsg = TextStim(alignHoriz='center', alignVert='center', antialias=True, autoLog=True, bold=False, color='#000000', colorSpace='hex', contrast=1.0, depth=0, flipHoriz=False, flipVert=False, font='', fontFiles=[], height=0.1, italic=False, name='bottomMsg', opacity=1.0, ori=0.0, pos=array([ 0. , -0.5]), rgb=array([0, 0, 0]), text=u'bbb', units='norm', win=Window(...), wrapWidth=1.5)
8.0624 	EXP 	Created Movie Frame 0 = ImageStim(autoLog=True, color=array([ 1.,  1.,  1.]), colorSpace='rgb', contrast=1.0, depth=0, flipHoriz=False, flipVert=False, image='Images/visual_0.png', interpolate=False, mask=None, maskParams=None, name='Movie Frame 0', opacity=1.0, ori=0.0, pos=array([ 0.,  0.]), size=array([ 1600.,  1000.]), texRes=128, units='pix', win=Window(...))
8.0716 	EXP 	Created Movie Frame 1 = ImageStim(autoLog=True, color=array([ 1.,  1.,  1.]), colorSpace='rgb', contrast=1.0, depth=0, flipHoriz=False, flipVert=False, image='Images/visual_1.png', interpolate=False, mask=None, maskParams=None, name='Movie Frame 1', opacity=1.0, ori=0.0, pos=array([ 0.,  0.]), size=array([ 1600.,  1000.]), texRes=128, units='pix', win=Window(...))
8.0838 	EXP 	Created unnamed TextStim = TextStim(alignHoriz='center', alignVert='center', antialias=True, autoLog=True, bold=False, color='#000000', colorSpace='hex', contrast=1.0, depth=0, flipHoriz=False, flipVert=False, font='', fontFiles=[], height=40, italic=False, name='unnamed TextStim', opacity=1.0, ori=0.0, pos=array([   0.,  580.]), rgb=array([0, 0, 0]), text=u'look at the center', units='pix', win=Window(...), wrapWidth=1600)
8.1401 	EXP 	topMsg: text = 'You will see a flickering checkerboard. When it is on the screen, try to fixate the center of the checkerboard. When the fixation cross appears, relax and stare at the cross.'
8.1401 	EXP 	bottomMsg: text = 'The experiment will begin shortly'
8.1401 	EXP 	Display Instructions1
8.7912 	DATA 	Keypress: t
8.8052 	EXP 	topMsg: text = "Please don't move..."
8.8052 	EXP 	bottomMsg: text = ''
8.8052 	EXP 	PleaseDontMove
42.0166 	DATA 	Keypress: t
42.0379 	EXP 	Display Fixation
42.0383 	EXP 	---START EXPERIMENT---
42.0565 	EXP 	Display Fixation
42.5494 	DATA 	Keypress: t
44.0823 	DATA 	Keypress: t
44.6154 	DATA 	Keypress: t
46.1483 	DATA 	Keypress: t
46.6813 	DATA 	Keypress: t
48.2143 	DATA 	Keypress: t
48.7473 	DATA 	Keypress: t
50.2803 	DATA 	Keypress: t
50.8133 	DATA 	Keypress: t
52.3462 	DATA 	Keypress: t
52.8793 	DATA 	Keypress: t
54.4123 	DATA 	Keypress: t
54.9453 	DATA 	Keypress: t
56.4782 	DATA 	Keypress: t
57.0113 	DATA 	Keypress: t
58.5453 	DATA 	Keypress: t
59.0773 	DATA 	Keypress: t
60.6113 	DATA 	Keypress: t
61.1432 	DATA 	Keypress: t
62.6772 	DATA 	Keypress: t
63.2092 	DATA 	Keypress: t
64.7431 	DATA 	Keypress: t
65.2753 	DATA 	Keypress: t
66.8093 	DATA 	Keypress: t
67.3423 	DATA 	Keypress: t
68.8752 	DATA 	Keypress: t
69.4082 	DATA 	Keypress: t
70.9412 	DATA 	Keypress: t
71.4742 	DATA 	Keypress: t
73.0072 	DATA 	Keypress: t
73.1485 	EXP 	Display Frame 1
73.2655 	EXP 	Display Frame 0
73.3858 	EXP 	Display Frame 1
73.5157 	EXP 	Display Frame 0
73.6336 	DATA 	Keypress: t
73.6489 	EXP 	Display Frame 1
73.7656 	EXP 	Display Frame 0
73.8858 	EXP 	Display Frame 1
74.0154 	EXP 	Display Frame 0
74.1359 	EXP 	Display Frame 1
74.2668 	EXP 	Display Frame 0
74.3858 	EXP 	Display Frame 1
74.5170 	EXP 	Display Frame 0
74.6360 	EXP 	Display Frame 1
74.7672 	EXP 	Display Frame 0
74.8858 	EXP 	Display Frame 1
75.0168 	EXP 	Display Frame 0
75.1337 	DATA 	Keypress: t
75.1509 	EXP 	Display Frame 1
75.2669 	EXP 	Display Frame 0
75.3858 	EXP 	Display Frame 1
75.5174 	EXP 	Display Frame 0
75.6338 	DATA 	Keypress: t
75.6511 	EXP 	Display Frame 1
75.7672 	EXP 	Display Frame 0
75.8859 	EXP 	Display Frame 1
76.0174 	EXP 	Display Frame 0
76.1358 	EXP 	Display Frame 1
76.2672 	EXP 	Display Frame 0
76.3858 	EXP 	Display Frame 1
76.5179 	EXP 	Display Frame 0
76.6364 	EXP 	Display Frame 1
76.7683 	EXP 	Display Frame 0
76.8858 	EXP 	Display Frame 1
77.0183 	EXP 	Display Frame 0
77.1358 	EXP 	Display Frame 1
77.2587 	DATA 	Keypress: t
77.2691 	EXP 	Display Frame 0
77.3857 	EXP 	Display Frame 1
77.5187 	EXP 	Display Frame 0
77.6359 	EXP 	Display Frame 1
77.7587 	DATA 	Keypress: t
77.7689 	EXP 	Display Frame 0
77.8858 	EXP 	Display Frame 1
78.0199 	EXP 	Display Frame 0
78.1357 	EXP 	Display Frame 1
78.2700 	EXP 	Display Frame 0
78.3857 	EXP 	Display Frame 1
78.5202 	EXP 	Display Frame 0
78.6358 	EXP 	Display Frame 1
78.7705 	EXP 	Display Frame 0
78.8859 	EXP 	Display Frame 1
79.0196 	EXP 	Display Frame 0
79.1358 	EXP 	Display Frame 1
79.2586 	DATA 	Keypress: t
79.2695 	EXP 	Display Frame 0
79.3858 	EXP 	Display Frame 1
79.5204 	EXP 	Display Frame 0
79.6357 	EXP 	Display Frame 1
79.7587 	DATA 	Keypress: t
79.7705 	EXP 	Display Frame 0
79.8859 	EXP 	Display Frame 1
80.0196 	EXP 	Display Frame 0
80.1358 	EXP 	Display Frame 1
80.2695 	EXP 	Display Frame 0
80.3858 	EXP 	Display Frame 1
80.5195 	EXP 	Display Frame 0
80.6358 	EXP 	Display Frame 1
80.7695 	EXP 	Display Frame 0
80.8859 	EXP 	Display Frame 1
81.0195 	EXP 	Display Frame 0
81.1359 	EXP 	Display Frame 1
81.2695 	EXP 	Display Frame 0
81.3836 	DATA 	Keypress: t
81.3882 	EXP 	Display Frame 1
81.5201 	EXP 	Display Frame 0
81.6358 	EXP 	Display Frame 1
81.7703 	EXP 	Display Frame 0
81.8837 	DATA 	Keypress: t
81.8882 	EXP 	Display Frame 1
82.0195 	EXP 	Display Frame 0
82.1358 	EXP 	Display Frame 1
82.2702 	EXP 	Display Frame 0
82.3858 	EXP 	Display Frame 1
82.5202 	EXP 	Display Frame 0
82.6358 	EXP 	Display Frame 1
82.7701 	EXP 	Display Frame 0
82.8858 	EXP 	Display Frame 1
83.0202 	EXP 	Display Frame 0
83.1358 	EXP 	Display Frame 1
83.2702 	EXP 	Display Frame 0
83.3837 	DATA 	Keypress: t
83.3902 	EXP 	Display Frame 1
83.5202 	EXP 	Display Frame 0
83.6358 	EXP 	Display Frame 1
83.7702 	EXP 	Display Frame 0
83.8837 	DATA 	Keypress: t
83.8898 	EXP 	Display Frame 1
84.0202 	EXP 	Display Frame 0
84.1357 	EXP 	Display Frame 1
84.2699 	EXP 	Display Frame 0
84.3858 	EXP 	Display Frame 1
84.5200 	EXP 	Display Frame 0
84.6358 	EXP 	Display Frame 1
84.7702 	EXP 	Display Frame 0
84.8859 	EXP 	Display Frame 1
85.0199 	EXP 	Display Frame 0
85.1358 	EXP 	Display Frame 1
85.2694 	EXP 	Display Frame 0
85.3858 	EXP 	Display Frame 1
85.5089 	DATA 	Keypress: t
85.5195 	EXP 	Display Frame 0
85.6357 	EXP 	Display Frame 1
85.7701 	EXP 	Display Frame 0
85.8858 	EXP 	Display Frame 1
86.0088 	DATA 	Keypress: t
86.0194 	EXP 	Display Frame 0
86.1358 	EXP 	Display Frame 1
86.2693 	EXP 	Display Frame 0
86.3858 	EXP 	Display Frame 1
86.5198 	EXP 	Display Frame 0
86.6359 	EXP 	Display Frame 1
86.7698 	EXP 	Display Frame 0
86.8929 	EXP 	Display Frame 1
87.0198 	EXP 	Display Frame 0
87.1359 	EXP 	Display Frame 1
87.2698 	EXP 	Display Frame 0
87.3859 	EXP 	Display Frame 1
87.5086 	DATA 	Keypress: t
87.5198 	EXP 	Display Frame 0
87.6358 	EXP 	Display Frame 1
87.7699 	EXP 	Display Frame 0
87.8937 	EXP 	Display Frame 1
88.0086 	DATA 	Keypress: t
88.0193 	EXP 	Display Frame 0
88.1446 	EXP 	Display Frame 1
88.2700 	EXP 	Display Frame 0
88.3858 	EXP 	Display Frame 1
88.5199 	EXP 	Display Frame 0
88.6450 	EXP 	Display Frame 1
88.7609 	EXP 	Display Frame 0
88.8953 	EXP 	Display Frame 1
89.0108 	EXP 	Display Frame 0
89.1441 	EXP 	Display Frame 1
89.2607 	EXP 	Display Frame 0
89.3957 	EXP 	Display Frame 1
89.5108 	EXP 	Display Frame 0
89.6337 	DATA 	Keypress: t
89.6451 	EXP 	Display Frame 1
89.7622 	EXP 	Display Frame 0
89.8959 	EXP 	Display Frame 1
90.0121 	EXP 	Display Frame 0
90.1337 	DATA 	Keypress: t
90.1463 	EXP 	Display Frame 1
90.2621 	EXP 	Display Frame 0
90.3965 	EXP 	Display Frame 1
90.5122 	EXP 	Display Frame 0
90.6465 	EXP 	Display Frame 1
90.7621 	EXP 	Display Frame 0
90.8969 	EXP 	Display Frame 1
91.0132 	EXP 	Display Frame 0
91.1463 	EXP 	Display Frame 1
91.2632 	EXP 	Display Frame 0
91.3972 	EXP 	Display Frame 1
91.5133 	EXP 	Display Frame 0
91.6337 	DATA 	Keypress: t
91.6467 	EXP 	Display Frame 1
91.7631 	EXP 	Display Frame 0
91.8969 	EXP 	Display Frame 1
92.0141 	EXP 	Display Frame 0
92.1472 	EXP 	Display Frame 1
92.1481 	DATA 	Keypress: t
92.2637 	EXP 	Display Frame 0
92.3977 	EXP 	Display Frame 1
92.5141 	EXP 	Display Frame 0
92.6482 	EXP 	Display Frame 1
92.7641 	EXP 	Display Frame 0
92.8977 	EXP 	Display Frame 1
93.0139 	EXP 	Display Frame 0
93.1486 	EXP 	Display Frame 1
93.2644 	EXP 	Display Frame 0
93.3979 	EXP 	Display Frame 1
93.5149 	EXP 	Display Frame 0
93.6490 	EXP 	Display Frame 1
93.7587 	DATA 	Keypress: t
93.7653 	EXP 	Display Frame 0
93.8993 	EXP 	Display Frame 1
94.0154 	EXP 	Display Frame 0
94.1489 	EXP 	Display Frame 1
94.2587 	DATA 	Keypress: t
94.2655 	EXP 	Display Frame 0
94.3995 	EXP 	Display Frame 1
94.5150 	EXP 	Display Frame 0
94.6497 	EXP 	Display Frame 1
94.7660 	EXP 	Display Frame 0
94.9001 	EXP 	Display Frame 1
95.0163 	EXP 	Display Frame 0
95.1494 	EXP 	Display Frame 1
95.2665 	EXP 	Display Frame 0
95.3997 	EXP 	Display Frame 1
95.5172 	EXP 	Display Frame 0
95.6506 	EXP 	Display Frame 1
95.7588 	DATA 	Keypress: t
95.7670 	EXP 	Display Frame 0
95.9008 	EXP 	Display Frame 1
96.0173 	EXP 	Display Frame 0
96.1506 	EXP 	Display Frame 1
96.2678 	EXP 	Display Frame 0
96.2687 	DATA 	Keypress: t
96.4013 	EXP 	Display Frame 1
96.5181 	EXP 	Display Frame 0
96.6507 	EXP 	Display Frame 1
96.7670 	EXP 	Display Frame 0
96.9017 	EXP 	Display Frame 1
97.0173 	EXP 	Display Frame 0
97.1518 	EXP 	Display Frame 1
97.2686 	EXP 	Display Frame 0
97.4021 	EXP 	Display Frame 1
97.5189 	EXP 	Display Frame 0
97.6515 	EXP 	Display Frame 1
97.7689 	EXP 	Display Frame 0
97.8837 	DATA 	Keypress: t
97.9017 	EXP 	Display Frame 1
98.0185 	EXP 	Display Frame 0
98.1527 	EXP 	Display Frame 1
98.2687 	EXP 	Display Frame 0
98.3837 	DATA 	Keypress: t
98.4029 	EXP 	Display Frame 1
98.5196 	EXP 	Display Frame 0
98.6530 	EXP 	Display Frame 1
98.7692 	EXP 	Display Frame 0
98.9029 	EXP 	Display Frame 1
99.0188 	EXP 	Display Frame 0
99.1360 	EXP 	Display Frame 1
99.2689 	EXP 	Display Frame 0
99.3858 	EXP 	Display Frame 1
99.5196 	EXP 	Display Frame 0
99.6359 	EXP 	Display Frame 1
99.7688 	EXP 	Display Frame 0
99.8836 	DATA 	Keypress: t
99.9028 	EXP 	Display Frame 1
100.0189 	EXP 	Display Frame 0
100.1372 	EXP 	Display Frame 1
100.2688 	EXP 	Display Frame 0
100.3869 	EXP 	Display Frame 1
100.5087 	DATA 	Keypress: t
100.5189 	EXP 	Display Frame 0
100.6371 	EXP 	Display Frame 1
100.7694 	EXP 	Display Frame 0
100.8872 	EXP 	Display Frame 1
101.0187 	EXP 	Display Frame 0
101.1382 	EXP 	Display Frame 1
101.2688 	EXP 	Display Frame 0
101.3880 	EXP 	Display Frame 1
101.5188 	EXP 	Display Frame 0
101.6381 	EXP 	Display Frame 1
101.7688 	EXP 	Display Frame 0
101.8880 	EXP 	Display Frame 1
102.0087 	DATA 	Keypress: t
102.0188 	EXP 	Display Frame 0
102.1384 	EXP 	Display Frame 1
102.2688 	EXP 	Display Frame 0
102.3878 	EXP 	Display Frame 1
102.5087 	DATA 	Keypress: t
102.5194 	EXP 	Display Frame 0
102.6396 	EXP 	Display Frame 1
102.7688 	EXP 	Display Frame 0
102.8893 	EXP 	Display Frame 1
103.0187 	EXP 	Display Frame 0
103.1395 	EXP 	Display Frame 1
103.2687 	EXP 	Display Frame 0
103.3894 	EXP 	Display Frame 1
103.5186 	EXP 	Display Frame 0
103.6391 	EXP 	Display Frame 1
103.7687 	EXP 	Display Frame 0
103.8899 	EXP 	Display Frame 1
104.0086 	DATA 	Keypress: t
104.0187 	EXP 	Display Frame 0
104.0361 	EXP 	Display Fixation
104.5300 	DATA 	Keypress: t
106.0639 	DATA 	Keypress: t
106.5969 	DATA 	Keypress: t
108.1299 	DATA 	Keypress: t
108.6629 	DATA 	Keypress: t
110.1957 	DATA 	Keypress: t
110.7289 	DATA 	Keypress: t
112.2619 	DATA 	Keypress: t
112.7950 	DATA 	Keypress: t
114.3280 	DATA 	Keypress: t
114.8609 	DATA 	Keypress: t
116.3940 	DATA 	Keypress: t
116.9269 	DATA 	Keypress: t
118.4598 	DATA 	Keypress: t
118.9928 	DATA 	Keypress: t
120.5259 	DATA 	Keypress: t
121.0589 	DATA 	Keypress: t
122.5919 	DATA 	Keypress: t
123.1247 	DATA 	Keypress: t
124.6578 	DATA 	Keypress: t
125.1908 	DATA 	Keypress: t
126.7238 	DATA 	Keypress: t
127.2568 	DATA 	Keypress: t
128.7898 	DATA 	Keypress: t
129.3228 	DATA 	Keypress: t
130.8558 	DATA 	Keypress: t
131.3888 	DATA 	Keypress: t
132.9217 	DATA 	Keypress: t
133.4548 	DATA 	Keypress: t
134.9888 	DATA 	Keypress: t
135.1323 	EXP 	Display Frame 1
135.2495 	EXP 	Display Frame 0
135.3669 	EXP 	Display Frame 1
135.4988 	EXP 	Display Frame 0
135.6148 	DATA 	Keypress: t
135.6323 	EXP 	Display Frame 1
135.7484 	EXP 	Display Frame 0
135.8669 	EXP 	Display Frame 1
135.9996 	EXP 	Display Frame 0
136.1171 	EXP 	Display Frame 1
136.2501 	EXP 	Display Frame 0
136.3668 	EXP 	Display Frame 1
136.5001 	EXP 	Display Frame 0
136.6170 	EXP 	Display Frame 1
136.7507 	EXP 	Display Frame 0
136.8670 	EXP 	Display Frame 1
137.0000 	EXP 	Display Frame 0
137.1148 	DATA 	Keypress: t
137.1339 	EXP 	Display Frame 1
137.2508 	EXP 	Display Frame 0
137.3670 	EXP 	Display Frame 1
137.5007 	EXP 	Display Frame 0
137.6148 	DATA 	Keypress: t
137.6346 	EXP 	Display Frame 1
137.7513 	EXP 	Display Frame 0
137.8671 	EXP 	Display Frame 1
138.0008 	EXP 	Display Frame 0
138.1171 	EXP 	Display Frame 1
138.2507 	EXP 	Display Frame 0
138.3670 	EXP 	Display Frame 1
138.5014 	EXP 	Display Frame 0
138.6170 	EXP 	Display Frame 1
138.7507 	EXP 	Display Frame 0
138.8669 	EXP 	Display Frame 1
139.0016 	EXP 	Display Frame 0
139.1171 	EXP 	Display Frame 1
139.2398 	DATA 	Keypress: t
139.2512 	EXP 	Display Frame 0
139.3670 	EXP 	Display Frame 1
139.5015 	EXP 	Display Frame 0
139.6170 	EXP 	Display Frame 1
139.7399 	DATA 	Keypress: t
139.7513 	EXP 	Display Frame 0
139.8670 	EXP 	Display Frame 1
140.0006 	EXP 	Display Frame 0
140.1171 	EXP 	Display Frame 1
140.2513 	EXP 	Display Frame 0
140.3670 	EXP 	Display Frame 1
140.5014 	EXP 	Display Frame 0
140.6170 	EXP 	Display Frame 1
140.7512 	EXP 	Display Frame 0
140.8670 	EXP 	Display Frame 1
141.0006 	EXP 	Display Frame 0
141.1170 	EXP 	Display Frame 1
141.2398 	DATA 	Keypress: t
141.2512 	EXP 	Display Frame 0
141.3670 	EXP 	Display Frame 1
141.5013 	EXP 	Display Frame 0
141.6170 	EXP 	Display Frame 1
141.7399 	DATA 	Keypress: t
141.7509 	EXP 	Display Frame 0
141.8670 	EXP 	Display Frame 1
142.0012 	EXP 	Display Frame 0
142.1170 	EXP 	Display Frame 1
142.2512 	EXP 	Display Frame 0
142.3670 	EXP 	Display Frame 1
142.5011 	EXP 	Display Frame 0
142.6170 	EXP 	Display Frame 1
142.7512 	EXP 	Display Frame 0
142.8670 	EXP 	Display Frame 1
143.0011 	EXP 	Display Frame 0
143.1170 	EXP 	Display Frame 1
143.2512 	EXP 	Display Frame 0
143.3648 	DATA 	Keypress: t
143.3712 	EXP 	Display Frame 1
143.5012 	EXP 	Display Frame 0
143.6170 	EXP 	Display Frame 1
143.7512 	EXP 	Display Frame 0
143.8648 	DATA 	Keypress: t
143.8715 	EXP 	Display Frame 1
144.0012 	EXP 	Display Frame 0
144.1169 	EXP 	Display Frame 1
144.2512 	EXP 	Display Frame 0
144.3670 	EXP 	Display Frame 1
144.5011 	EXP 	Display Frame 0
144.6170 	EXP 	Display Frame 1
144.7512 	EXP 	Display Frame 0
144.8669 	EXP 	Display Frame 1
145.0011 	EXP 	Display Frame 0
145.1170 	EXP 	Display Frame 1
145.2505 	EXP 	Display Frame 0
145.3648 	DATA 	Keypress: t
145.3736 	EXP 	Display Frame 1
145.5004 	EXP 	Display Frame 0
145.6238 	EXP 	Display Frame 1
145.7511 	EXP 	Display Frame 0
145.8648 	DATA 	Keypress: t
145.8739 	EXP 	Display Frame 1
146.0010 	EXP 	Display Frame 0
146.1237 	EXP 	Display Frame 1
146.2511 	EXP 	Display Frame 0
146.3743 	EXP 	Display Frame 1
146.5011 	EXP 	Display Frame 0
146.6247 	EXP 	Display Frame 1
146.7511 	EXP 	Display Frame 0
146.8748 	EXP 	Display Frame 1
147.0010 	EXP 	Display Frame 0
147.1242 	EXP 	Display Frame 1
147.2507 	EXP 	Display Frame 0
147.3750 	EXP 	Display Frame 1
147.4898 	DATA 	Keypress: t
147.5010 	EXP 	Display Frame 0
147.6254 	EXP 	Display Frame 1
147.7510 	EXP 	Display Frame 0
147.8759 	EXP 	Display Frame 1
147.9899 	DATA 	Keypress: t
148.0010 	EXP 	Display Frame 0
148.1261 	EXP 	Display Frame 1
148.2420 	EXP 	Display Frame 0
148.3758 	EXP 	Display Frame 1
148.4920 	EXP 	Display Frame 0
148.6267 	EXP 	Display Frame 1
148.7420 	EXP 	Display Frame 0
148.8768 	EXP 	Display Frame 1
148.9932 	EXP 	Display Frame 0
149.1271 	EXP 	Display Frame 1
149.2432 	EXP 	Display Frame 0
149.3773 	EXP 	Display Frame 1
149.4898 	DATA 	Keypress: t
149.4930 	EXP 	Display Frame 0
149.6268 	EXP 	Display Frame 1
149.7432 	EXP 	Display Frame 0
149.8770 	EXP 	Display Frame 1
149.9897 	DATA 	Keypress: t
149.9939 	EXP 	Display Frame 0
150.1279 	EXP 	Display Frame 1
150.2444 	EXP 	Display Frame 0
150.3781 	EXP 	Display Frame 1
150.4940 	EXP 	Display Frame 0
150.6276 	EXP 	Display Frame 1
150.7444 	EXP 	Display Frame 0
150.8778 	EXP 	Display Frame 1
150.9944 	EXP 	Display Frame 0
151.1288 	EXP 	Display Frame 1
151.2442 	EXP 	Display Frame 0
151.3789 	EXP 	Display Frame 1
151.4943 	EXP 	Display Frame 0
151.6148 	DATA 	Keypress: t
151.6291 	EXP 	Display Frame 1
151.7453 	EXP 	Display Frame 0
151.8793 	EXP 	Display Frame 1
151.9955 	EXP 	Display Frame 0
152.1148 	DATA 	Keypress: t
152.1288 	EXP 	Display Frame 1
152.2449 	EXP 	Display Frame 0
152.3798 	EXP 	Display Frame 1
152.4952 	EXP 	Display Frame 0
152.6324 	EXP 	Display Frame 1
152.7454 	EXP 	Display Frame 0
152.8802 	EXP 	Display Frame 1
152.9964 	EXP 	Display Frame 0
153.1304 	EXP 	Display Frame 1
153.2464 	EXP 	Display Frame 0
153.3798 	EXP 	Display Frame 1
153.4967 	EXP 	Display Frame 0
153.6149 	DATA 	Keypress: t
153.6300 	EXP 	Display Frame 1
153.7472 	EXP 	Display Frame 0
153.8810 	EXP 	Display Frame 1
153.9971 	EXP 	Display Frame 0
154.1312 	EXP 	Display Frame 1
154.1322 	DATA 	Keypress: t
154.2472 	EXP 	Display Frame 0
154.3806 	EXP 	Display Frame 1
154.4981 	EXP 	Display Frame 0
154.6308 	EXP 	Display Frame 1
154.7484 	EXP 	Display Frame 0
154.8811 	EXP 	Display Frame 1
154.9977 	EXP 	Display Frame 0
155.1319 	EXP 	Display Frame 1
155.2479 	EXP 	Display Frame 0
155.3820 	EXP 	Display Frame 1
155.4983 	EXP 	Display Frame 0
155.6315 	EXP 	Display Frame 1
155.7398 	DATA 	Keypress: t
155.7486 	EXP 	Display Frame 0
155.8818 	EXP 	Display Frame 1
155.9986 	EXP 	Display Frame 0
156.1327 	EXP 	Display Frame 1
156.2398 	DATA 	Keypress: t
156.2482 	EXP 	Display Frame 0
156.3829 	EXP 	Display Frame 1
156.4989 	EXP 	Display Frame 0
156.6331 	EXP 	Display Frame 1
156.7496 	EXP 	Display Frame 0
156.8825 	EXP 	Display Frame 1
156.9994 	EXP 	Display Frame 0
157.1333 	EXP 	Display Frame 1
157.2490 	EXP 	Display Frame 0
157.3838 	EXP 	Display Frame 1
157.4998 	EXP 	Display Frame 0
157.6340 	EXP 	Display Frame 1
157.7399 	DATA 	Keypress: t
157.7506 	EXP 	Display Frame 0
157.8840 	EXP 	Display Frame 1
158.0009 	EXP 	Display Frame 0
158.1336 	EXP 	Display Frame 1
158.2497 	EXP 	Display Frame 0
158.2502 	DATA 	Keypress: t
158.3838 	EXP 	Display Frame 1
158.4999 	EXP 	Display Frame 0
158.6171 	EXP 	Display Frame 1
158.7500 	EXP 	Display Frame 0
158.8669 	EXP 	Display Frame 1
158.9999 	EXP 	Display Frame 0
159.1170 	EXP 	Display Frame 1
159.2499 	EXP 	Display Frame 0
159.3683 	EXP 	Display Frame 1
159.4999 	EXP 	Display Frame 0
159.6182 	EXP 	Display Frame 1
159.7499 	EXP 	Display Frame 0
159.8648 	DATA 	Keypress: t
159.8683 	EXP 	Display Frame 1
159.9998 	EXP 	Display Frame 0
160.1184 	EXP 	Display Frame 1
160.2498 	EXP 	Display Frame 0
160.3648 	DATA 	Keypress: t
160.3680 	EXP 	Display Frame 1
160.4999 	EXP 	Display Frame 0
160.6194 	EXP 	Display Frame 1
160.7498 	EXP 	Display Frame 0
160.8694 	EXP 	Display Frame 1
160.9997 	EXP 	Display Frame 0
161.1195 	EXP 	Display Frame 1
161.2498 	EXP 	Display Frame 0
161.3699 	EXP 	Display Frame 1
161.5006 	EXP 	Display Frame 0
161.6192 	EXP 	Display Frame 1
161.7498 	EXP 	Display Frame 0
161.8647 	DATA 	Keypress: t
161.8699 	EXP 	Display Frame 1
161.9998 	EXP 	Display Frame 0
162.1203 	EXP 	Display Frame 1
162.2498 	EXP 	Display Frame 0
162.3702 	EXP 	Display Frame 1
162.4898 	DATA 	Keypress: t
162.5004 	EXP 	Display Frame 0
162.6204 	EXP 	Display Frame 1
162.7497 	EXP 	Display Frame 0
162.8702 	EXP 	Display Frame 1
162.9997 	EXP 	Display Frame 0
163.1204 	EXP 	Display Frame 1
163.2497 	EXP 	Display Frame 0
163.3713 	EXP 	Display Frame 1
163.4997 	EXP 	Display Frame 0
163.6216 	EXP 	Display Frame 1
163.7492 	EXP 	Display Frame 0
163.8717 	EXP 	Display Frame 1
163.9898 	DATA 	Keypress: t
164.0003 	EXP 	Display Frame 0
164.1219 	EXP 	Display Frame 1
164.2505 	EXP 	Display Frame 0
164.3722 	EXP 	Display Frame 1
164.4898 	DATA 	Keypress: t
164.5004 	EXP 	Display Frame 0
164.6226 	EXP 	Display Frame 1
164.7497 	EXP 	Display Frame 0
164.8727 	EXP 	Display Frame 1
164.9996 	EXP 	Display Frame 0
165.1226 	EXP 	Display Frame 1
165.2497 	EXP 	Display Frame 0
165.3731 	EXP 	Display Frame 1
165.5003 	EXP 	Display Frame 0
165.6237 	EXP 	Display Frame 1
165.7503 	EXP 	Display Frame 0
165.8739 	EXP 	Display Frame 1
165.9898 	DATA 	Keypress: t
165.9996 	EXP 	Display Frame 0
166.0068 	EXP 	Display Fixation
166.5116 	DATA 	Keypress: t
168.0446 	DATA 	Keypress: t
168.5776 	DATA 	Keypress: t
170.1105 	DATA 	Keypress: t
170.6435 	DATA 	Keypress: t
172.1775 	DATA 	Keypress: t
172.7095 	DATA 	Keypress: t
174.2435 	DATA 	Keypress: t
174.7754 	DATA 	Keypress: t
176.3095 	DATA 	Keypress: t
176.8415 	DATA 	Keypress: t
178.3755 	DATA 	Keypress: t
178.9075 	DATA 	Keypress: t
180.4414 	DATA 	Keypress: t
180.9734 	DATA 	Keypress: t
182.5073 	DATA 	Keypress: t
183.0404 	DATA 	Keypress: t
184.5735 	DATA 	Keypress: t
185.1064 	DATA 	Keypress: t
186.6395 	DATA 	Keypress: t
187.1723 	DATA 	Keypress: t
188.7054 	DATA 	Keypress: t
189.2384 	DATA 	Keypress: t
190.7714 	DATA 	Keypress: t
191.3044 	DATA 	Keypress: t
192.8373 	DATA 	Keypress: t
193.3704 	DATA 	Keypress: t
194.9034 	DATA 	Keypress: t
195.4363 	DATA 	Keypress: t
196.9694 	DATA 	Keypress: t
197.1150 	EXP 	Display Frame 1
197.2322 	EXP 	Display Frame 0
197.3483 	EXP 	Display Frame 1
197.4825 	EXP 	Display Frame 0
197.5954 	DATA 	Keypress: t
197.6157 	EXP 	Display Frame 1
197.7322 	EXP 	Display Frame 0
197.8477 	EXP 	Display Frame 1
197.9818 	EXP 	Display Frame 0
198.0978 	EXP 	Display Frame 1
198.2324 	EXP 	Display Frame 0
198.3476 	EXP 	Display Frame 1
198.4823 	EXP 	Display Frame 0
198.5976 	EXP 	Display Frame 1
198.7323 	EXP 	Display Frame 0
198.8476 	EXP 	Display Frame 1
198.9816 	EXP 	Display Frame 0
199.0955 	DATA 	Keypress: t
199.1001 	EXP 	Display Frame 1
199.2324 	EXP 	Display Frame 0
199.3476 	EXP 	Display Frame 1
199.4824 	EXP 	Display Frame 0
199.5955 	DATA 	Keypress: t
199.6004 	EXP 	Display Frame 1
199.7324 	EXP 	Display Frame 0
199.8476 	EXP 	Display Frame 1
199.9823 	EXP 	Display Frame 0
200.0976 	EXP 	Display Frame 1
200.2316 	EXP 	Display Frame 0
200.3475 	EXP 	Display Frame 1
200.4822 	EXP 	Display Frame 0
200.5976 	EXP 	Display Frame 1
200.7316 	EXP 	Display Frame 0
200.8475 	EXP 	Display Frame 1
200.9816 	EXP 	Display Frame 0
201.0976 	EXP 	Display Frame 1
201.2206 	DATA 	Keypress: t
201.2323 	EXP 	Display Frame 0
201.3475 	EXP 	Display Frame 1
201.4816 	EXP 	Display Frame 0
201.5975 	EXP 	Display Frame 1
201.7204 	DATA 	Keypress: t
201.7315 	EXP 	Display Frame 0
201.8475 	EXP 	Display Frame 1
201.9815 	EXP 	Display Frame 0
202.0976 	EXP 	Display Frame 1
202.2315 	EXP 	Display Frame 0
202.3476 	EXP 	Display Frame 1
202.4815 	EXP 	Display Frame 0
202.5975 	EXP 	Display Frame 1
202.7315 	EXP 	Display Frame 0
202.8475 	EXP 	Display Frame 1
202.9815 	EXP 	Display Frame 0
203.0975 	EXP 	Display Frame 1
203.2204 	DATA 	Keypress: t
203.2309 	EXP 	Display Frame 0
203.3476 	EXP 	Display Frame 1
203.4815 	EXP 	Display Frame 0
203.5976 	EXP 	Display Frame 1
203.7204 	DATA 	Keypress: t
203.7308 	EXP 	Display Frame 0
203.8475 	EXP 	Display Frame 1
203.9814 	EXP 	Display Frame 0
204.0976 	EXP 	Display Frame 1
204.2314 	EXP 	Display Frame 0
204.3475 	EXP 	Display Frame 1
204.4814 	EXP 	Display Frame 0
204.5975 	EXP 	Display Frame 1
204.7324 	EXP 	Display Frame 0
204.8474 	EXP 	Display Frame 1
204.9814 	EXP 	Display Frame 0
205.0974 	EXP 	Display Frame 1
205.2313 	EXP 	Display Frame 0
205.3454 	DATA 	Keypress: t
205.3553 	EXP 	Display Frame 1
205.4814 	EXP 	Display Frame 0
205.5975 	EXP 	Display Frame 1
205.7314 	EXP 	Display Frame 0
205.8455 	DATA 	Keypress: t
205.8556 	EXP 	Display Frame 1
205.9814 	EXP 	Display Frame 0
206.0976 	EXP 	Display Frame 1
206.2314 	EXP 	Display Frame 0
206.3476 	EXP 	Display Frame 1
206.4813 	EXP 	Display Frame 0
206.5976 	EXP 	Display Frame 1
206.7226 	EXP 	Display Frame 0
206.8476 	EXP 	Display Frame 1
206.9727 	EXP 	Display Frame 0
207.0977 	EXP 	Display Frame 1
207.2224 	EXP 	Display Frame 0
207.3457 	DATA 	Keypress: t
207.3571 	EXP 	Display Frame 1
207.4738 	EXP 	Display Frame 0
207.5977 	EXP 	Display Frame 1
207.7229 	EXP 	Display Frame 0
207.8453 	DATA 	Keypress: t
207.8577 	EXP 	Display Frame 1
207.9738 	EXP 	Display Frame 0
208.0976 	EXP 	Display Frame 1
208.2239 	EXP 	Display Frame 0
208.3475 	EXP 	Display Frame 1
208.4739 	EXP 	Display Frame 0
208.5977 	EXP 	Display Frame 1
208.7237 	EXP 	Display Frame 0
208.8476 	EXP 	Display Frame 1
208.9751 	EXP 	Display Frame 0
209.0978 	EXP 	Display Frame 1
209.2249 	EXP 	Display Frame 0
209.3476 	EXP 	Display Frame 1
209.4704 	DATA 	Keypress: t
209.4750 	EXP 	Display Frame 0
209.5975 	EXP 	Display Frame 1
209.7250 	EXP 	Display Frame 0
209.8476 	EXP 	Display Frame 1
209.9705 	DATA 	Keypress: t
209.9753 	EXP 	Display Frame 0
210.0977 	EXP 	Display Frame 1
210.2258 	EXP 	Display Frame 0
210.3476 	EXP 	Display Frame 1
210.4760 	EXP 	Display Frame 0
210.5976 	EXP 	Display Frame 1
210.7260 	EXP 	Display Frame 0
210.8475 	EXP 	Display Frame 1
210.9761 	EXP 	Display Frame 0
211.0976 	EXP 	Display Frame 1
211.2259 	EXP 	Display Frame 0
211.3477 	EXP 	Display Frame 1
211.4704 	DATA 	Keypress: t
211.4761 	EXP 	Display Frame 0
211.5975 	EXP 	Display Frame 1
211.7269 	EXP 	Display Frame 0
211.8475 	EXP 	Display Frame 1
211.9704 	DATA 	Keypress: t
211.9770 	EXP 	Display Frame 0
212.1112 	EXP 	Display Frame 1
212.2272 	EXP 	Display Frame 0
212.3476 	EXP 	Display Frame 1
212.4769 	EXP 	Display Frame 0
212.5976 	EXP 	Display Frame 1
212.7276 	EXP 	Display Frame 0
212.8618 	EXP 	Display Frame 1
212.9780 	EXP 	Display Frame 0
213.0977 	EXP 	Display Frame 1
213.2287 	EXP 	Display Frame 0
213.3476 	EXP 	Display Frame 1
213.4783 	EXP 	Display Frame 0
213.5954 	DATA 	Keypress: t
213.6117 	EXP 	Display Frame 1
213.7292 	EXP 	Display Frame 0
213.8476 	EXP 	Display Frame 1
213.9793 	EXP 	Display Frame 0
214.0954 	DATA 	Keypress: t
214.1129 	EXP 	Display Frame 1
214.2295 	EXP 	Display Frame 0
214.3476 	EXP 	Display Frame 1
214.4797 	EXP 	Display Frame 0
214.5976 	EXP 	Display Frame 1
214.7291 	EXP 	Display Frame 0
214.8476 	EXP 	Display Frame 1
214.9794 	EXP 	Display Frame 0
215.1136 	EXP 	Display Frame 1
215.2302 	EXP 	Display Frame 0
215.3638 	EXP 	Display Frame 1
215.4804 	EXP 	Display Frame 0
215.5955 	DATA 	Keypress: t
215.6141 	EXP 	Display Frame 1
215.7308 	EXP 	Display Frame 0
215.8636 	EXP 	Display Frame 1
215.9803 	EXP 	Display Frame 0
216.1143 	EXP 	Display Frame 1
216.1153 	DATA 	Keypress: t
216.2303 	EXP 	Display Frame 0
216.3646 	EXP 	Display Frame 1
216.4814 	EXP 	Display Frame 0
216.6150 	EXP 	Display Frame 1
216.7316 	EXP 	Display Frame 0
216.8476 	EXP 	Display Frame 1
216.9817 	EXP 	Display Frame 0
217.0978 	EXP 	Display Frame 1
217.2315 	EXP 	Display Frame 0
217.3475 	EXP 	Display Frame 1
217.4815 	EXP 	Display Frame 0
217.5977 	EXP 	Display Frame 1
217.7204 	DATA 	Keypress: t
217.7313 	EXP 	Display Frame 0
217.8477 	EXP 	Display Frame 1
217.9815 	EXP 	Display Frame 0
218.0990 	EXP 	Display Frame 1
218.2204 	DATA 	Keypress: t
218.2315 	EXP 	Display Frame 0
218.3488 	EXP 	Display Frame 1
218.4816 	EXP 	Display Frame 0
218.5990 	EXP 	Display Frame 1
218.7314 	EXP 	Display Frame 0
218.8489 	EXP 	Display Frame 1
218.9816 	EXP 	Display Frame 0
219.0988 	EXP 	Display Frame 1
219.2311 	EXP 	Display Frame 0
219.3498 	EXP 	Display Frame 1
219.4816 	EXP 	Display Frame 0
219.6000 	EXP 	Display Frame 1
219.7204 	DATA 	Keypress: t
219.7315 	EXP 	Display Frame 0
219.8500 	EXP 	Display Frame 1
219.9816 	EXP 	Display Frame 0
220.1000 	EXP 	Display Frame 1
220.2308 	EXP 	Display Frame 0
220.2315 	DATA 	Keypress: t
220.3506 	EXP 	Display Frame 1
220.4808 	EXP 	Display Frame 0
220.5999 	EXP 	Display Frame 1
220.7314 	EXP 	Display Frame 0
220.8512 	EXP 	Display Frame 1
220.9815 	EXP 	Display Frame 0
221.1012 	EXP 	Display Frame 1
221.2315 	EXP 	Display Frame 0
221.3510 	EXP 	Display Frame 1
221.4811 	EXP 	Display Frame 0
221.6008 	EXP 	Display Frame 1
221.7315 	EXP 	Display Frame 0
221.8454 	DATA 	Keypress: t
221.8511 	EXP 	Display Frame 1
221.9812 	EXP 	Display Frame 0
222.1021 	EXP 	Display Frame 1
222.2314 	EXP 	Display Frame 0
222.3455 	DATA 	Keypress: t
222.3514 	EXP 	Display Frame 1
222.4801 	EXP 	Display Frame 0
222.6023 	EXP 	Display Frame 1
222.7314 	EXP 	Display Frame 0
222.8525 	EXP 	Display Frame 1
222.9814 	EXP 	Display Frame 0
223.1034 	EXP 	Display Frame 1
223.2313 	EXP 	Display Frame 0
223.3536 	EXP 	Display Frame 1
223.4814 	EXP 	Display Frame 0
223.6038 	EXP 	Display Frame 1
223.7314 	EXP 	Display Frame 0
223.8453 	DATA 	Keypress: t
223.8535 	EXP 	Display Frame 1
223.9814 	EXP 	Display Frame 0
224.1030 	EXP 	Display Frame 1
224.2313 	EXP 	Display Frame 0
224.3539 	EXP 	Display Frame 1
224.4704 	DATA 	Keypress: t
224.4812 	EXP 	Display Frame 0
224.6046 	EXP 	Display Frame 1
224.7305 	EXP 	Display Frame 0
224.8548 	EXP 	Display Frame 1
224.9813 	EXP 	Display Frame 0
225.1043 	EXP 	Display Frame 1
225.2301 	EXP 	Display Frame 0
225.3551 	EXP 	Display Frame 1
225.4806 	EXP 	Display Frame 0
225.6054 	EXP 	Display Frame 1
225.7306 	EXP 	Display Frame 0
225.8556 	EXP 	Display Frame 1
225.9704 	DATA 	Keypress: t
225.9805 	EXP 	Display Frame 0
226.1059 	EXP 	Display Frame 1
226.2306 	EXP 	Display Frame 0
226.3553 	EXP 	Display Frame 1
226.4704 	DATA 	Keypress: t
226.4806 	EXP 	Display Frame 0
226.6056 	EXP 	Display Frame 1
226.7305 	EXP 	Display Frame 0
226.8564 	EXP 	Display Frame 1
226.9805 	EXP 	Display Frame 0
227.1062 	EXP 	Display Frame 1
227.2227 	EXP 	Display Frame 0
227.3465 	EXP 	Display Frame 1
227.4725 	EXP 	Display Frame 0
227.6062 	EXP 	Display Frame 1
227.7225 	EXP 	Display Frame 0
227.8571 	EXP 	Display Frame 1
227.9704 	DATA 	Keypress: t
227.9811 	EXP 	Display Frame 0
227.9907 	EXP 	Display Fixation
228.4931 	DATA 	Keypress: t
230.0261 	DATA 	Keypress: t
230.5590 	DATA 	Keypress: t
232.0921 	DATA 	Keypress: t
232.6251 	DATA 	Keypress: t
234.1581 	DATA 	Keypress: t
234.6910 	DATA 	Keypress: t
236.2241 	DATA 	Keypress: t
236.7569 	DATA 	Keypress: t
238.2899 	DATA 	Keypress: t
238.8230 	DATA 	Keypress: t
240.3561 	DATA 	Keypress: t
240.8891 	DATA 	Keypress: t
242.4221 	DATA 	Keypress: t
242.9550 	DATA 	Keypress: t
244.4879 	DATA 	Keypress: t
245.0211 	DATA 	Keypress: t
246.5540 	DATA 	Keypress: t
247.0869 	DATA 	Keypress: t
248.6199 	DATA 	Keypress: t
249.1530 	DATA 	Keypress: t
250.6869 	DATA 	Keypress: t
251.2190 	DATA 	Keypress: t
252.7529 	DATA 	Keypress: t
253.2850 	DATA 	Keypress: t
254.8190 	DATA 	Keypress: t
255.3510 	DATA 	Keypress: t
256.8849 	DATA 	Keypress: t
257.4179 	DATA 	Keypress: t
258.9509 	DATA 	Keypress: t
259.0810 	EXP 	Display Frame 1
259.2134 	EXP 	Display Frame 0
259.3292 	EXP 	Display Frame 1
259.4626 	EXP 	Display Frame 0
259.5769 	DATA 	Keypress: t
259.5814 	EXP 	Display Frame 1
259.7130 	EXP 	Display Frame 0
259.8292 	EXP 	Display Frame 1
259.9633 	EXP 	Display Frame 0
260.0792 	EXP 	Display Frame 1
260.2127 	EXP 	Display Frame 0
260.3291 	EXP 	Display Frame 1
260.4633 	EXP 	Display Frame 0
260.5791 	EXP 	Display Frame 1
260.7133 	EXP 	Display Frame 0
260.8326 	EXP 	Display Frame 1
260.9633 	EXP 	Display Frame 0
261.0769 	DATA 	Keypress: t
261.0838 	EXP 	Display Frame 1
261.2133 	EXP 	Display Frame 0
261.3338 	EXP 	Display Frame 1
261.4633 	EXP 	Display Frame 0
261.5769 	DATA 	Keypress: t
261.5838 	EXP 	Display Frame 1
261.7128 	EXP 	Display Frame 0
261.8339 	EXP 	Display Frame 1
261.9627 	EXP 	Display Frame 0
262.0841 	EXP 	Display Frame 1
262.2133 	EXP 	Display Frame 0
262.3351 	EXP 	Display Frame 1
262.4632 	EXP 	Display Frame 0
262.5853 	EXP 	Display Frame 1
262.7127 	EXP 	Display Frame 0
262.8355 	EXP 	Display Frame 1
262.9632 	EXP 	Display Frame 0
263.0851 	EXP 	Display Frame 1
263.0856 	DATA 	Keypress: t
263.2125 	EXP 	Display Frame 0
263.3351 	EXP 	Display Frame 1
263.4631 	EXP 	Display Frame 0
263.5855 	EXP 	Display Frame 1
263.7019 	DATA 	Keypress: t
263.7131 	EXP 	Display Frame 0
263.8363 	EXP 	Display Frame 1
263.9630 	EXP 	Display Frame 0
264.0860 	EXP 	Display Frame 1
264.2131 	EXP 	Display Frame 0
264.3364 	EXP 	Display Frame 1
264.4631 	EXP 	Display Frame 0
264.5863 	EXP 	Display Frame 1
264.7131 	EXP 	Display Frame 0
264.8363 	EXP 	Display Frame 1
264.9627 	EXP 	Display Frame 0
265.0876 	EXP 	Display Frame 1
265.2019 	DATA 	Keypress: t
265.2124 	EXP 	Display Frame 0
265.3367 	EXP 	Display Frame 1
265.4630 	EXP 	Display Frame 0
265.5869 	EXP 	Display Frame 1
265.7019 	DATA 	Keypress: t
265.7131 	EXP 	Display Frame 0
265.8371 	EXP 	Display Frame 1
265.9631 	EXP 	Display Frame 0
266.0879 	EXP 	Display Frame 1
266.2126 	EXP 	Display Frame 0
266.3382 	EXP 	Display Frame 1
266.4542 	EXP 	Display Frame 0
266.5877 	EXP 	Display Frame 1
266.7041 	EXP 	Display Frame 0
266.8379 	EXP 	Display Frame 1
266.9540 	EXP 	Display Frame 0
267.0888 	EXP 	Display Frame 1
267.2054 	EXP 	Display Frame 0
267.3270 	DATA 	Keypress: t
267.3383 	EXP 	Display Frame 1
267.4554 	EXP 	Display Frame 0
267.5893 	EXP 	Display Frame 1
267.7053 	EXP 	Display Frame 0
267.8269 	DATA 	Keypress: t
267.8393 	EXP 	Display Frame 1
267.9554 	EXP 	Display Frame 0
268.0889 	EXP 	Display Frame 1
268.2053 	EXP 	Display Frame 0
268.3392 	EXP 	Display Frame 1
268.4553 	EXP 	Display Frame 0
268.5900 	EXP 	Display Frame 1
268.7066 	EXP 	Display Frame 0
268.8397 	EXP 	Display Frame 1
268.9564 	EXP 	Display Frame 0
269.0897 	EXP 	Display Frame 1
269.2064 	EXP 	Display Frame 0
269.3270 	DATA 	Keypress: t
269.3407 	EXP 	Display Frame 1
269.4566 	EXP 	Display Frame 0
269.5909 	EXP 	Display Frame 1
269.7074 	EXP 	Display Frame 0
269.8268 	DATA 	Keypress: t
269.8403 	EXP 	Display Frame 1
269.9576 	EXP 	Display Frame 0
270.0913 	EXP 	Display Frame 1
270.2075 	EXP 	Display Frame 0
270.3408 	EXP 	Display Frame 1
270.4577 	EXP 	Display Frame 0
270.5909 	EXP 	Display Frame 1
270.7070 	EXP 	Display Frame 0
270.8412 	EXP 	Display Frame 1
270.9581 	EXP 	Display Frame 0
271.0921 	EXP 	Display Frame 1
271.2075 	EXP 	Display Frame 0
271.3416 	EXP 	Display Frame 1
271.4520 	DATA 	Keypress: t
271.4577 	EXP 	Display Frame 0
271.5917 	EXP 	Display Frame 1
271.7086 	EXP 	Display Frame 0
271.8418 	EXP 	Display Frame 1
271.9520 	DATA 	Keypress: t
271.9586 	EXP 	Display Frame 0
272.0929 	EXP 	Display Frame 1
272.2090 	EXP 	Display Frame 0
272.3430 	EXP 	Display Frame 1
272.4598 	EXP 	Display Frame 0
272.5931 	EXP 	Display Frame 1
272.7100 	EXP 	Display Frame 0
272.8428 	EXP 	Display Frame 1
272.9598 	EXP 	Display Frame 0
273.0928 	EXP 	Display Frame 1
273.2104 	EXP 	Display Frame 0
273.3439 	EXP 	Display Frame 1
273.4519 	DATA 	Keypress: t
273.4599 	EXP 	Display Frame 0
273.5939 	EXP 	Display Frame 1
273.7105 	EXP 	Display Frame 0
273.8443 	EXP 	Display Frame 1
273.9518 	DATA 	Keypress: t
273.9597 	EXP 	Display Frame 0
274.0945 	EXP 	Display Frame 1
274.2109 	EXP 	Display Frame 0
274.3439 	EXP 	Display Frame 1
274.4607 	EXP 	Display Frame 0
274.5948 	EXP 	Display Frame 1
274.7105 	EXP 	Display Frame 0
274.8451 	EXP 	Display Frame 1
274.9618 	EXP 	Display Frame 0
275.0953 	EXP 	Display Frame 1
275.2120 	EXP 	Display Frame 0
275.3448 	EXP 	Display Frame 1
275.4623 	EXP 	Display Frame 0
275.5769 	DATA 	Keypress: t
275.5950 	EXP 	Display Frame 1
275.7118 	EXP 	Display Frame 0
275.8458 	EXP 	Display Frame 1
275.9628 	EXP 	Display Frame 0
276.0769 	DATA 	Keypress: t
276.0961 	EXP 	Display Frame 1
276.2120 	EXP 	Display Frame 0
276.3460 	EXP 	Display Frame 1
276.4618 	EXP 	Display Frame 0
276.5958 	EXP 	Display Frame 1
276.7120 	EXP 	Display Frame 0
276.8291 	EXP 	Display Frame 1
276.9618 	EXP 	Display Frame 0
277.0791 	EXP 	Display Frame 1
277.2120 	EXP 	Display Frame 0
277.3291 	EXP 	Display Frame 1
277.4619 	EXP 	Display Frame 0
277.5769 	DATA 	Keypress: t
277.5953 	EXP 	Display Frame 1
277.7114 	EXP 	Display Frame 0
277.8304 	EXP 	Display Frame 1
277.9618 	EXP 	Display Frame 0
278.0800 	EXP 	Display Frame 1
278.0804 	DATA 	Keypress: t
278.2125 	EXP 	Display Frame 0
278.3303 	EXP 	Display Frame 1
278.4618 	EXP 	Display Frame 0
278.5802 	EXP 	Display Frame 1
278.7119 	EXP 	Display Frame 0
278.8302 	EXP 	Display Frame 1
278.9618 	EXP 	Display Frame 0
279.0813 	EXP 	Display Frame 1
279.2118 	EXP 	Display Frame 0
279.3315 	EXP 	Display Frame 1
279.4628 	EXP 	Display Frame 0
279.5814 	EXP 	Display Frame 1
279.7019 	DATA 	Keypress: t
279.7125 	EXP 	Display Frame 0
279.8315 	EXP 	Display Frame 1
279.9618 	EXP 	Display Frame 0
280.0814 	EXP 	Display Frame 1
280.2019 	DATA 	Keypress: t
280.2122 	EXP 	Display Frame 0
280.3326 	EXP 	Display Frame 1
280.4625 	EXP 	Display Frame 0
280.5825 	EXP 	Display Frame 1
280.7124 	EXP 	Display Frame 0
280.8326 	EXP 	Display Frame 1
280.9624 	EXP 	Display Frame 0
281.0826 	EXP 	Display Frame 1
281.2118 	EXP 	Display Frame 0
281.3324 	EXP 	Display Frame 1
281.4624 	EXP 	Display Frame 0
281.5825 	EXP 	Display Frame 1
281.7019 	DATA 	Keypress: t
281.7120 	EXP 	Display Frame 0
281.8336 	EXP 	Display Frame 1
281.9623 	EXP 	Display Frame 0
282.0838 	EXP 	Display Frame 1
282.2114 	EXP 	Display Frame 0
282.2121 	DATA 	Keypress: t
282.3330 	EXP 	Display Frame 1
282.4623 	EXP 	Display Frame 0
282.5840 	EXP 	Display Frame 1
282.7121 	EXP 	Display Frame 0
282.8349 	EXP 	Display Frame 1
282.9620 	EXP 	Display Frame 0
283.0851 	EXP 	Display Frame 1
283.2124 	EXP 	Display Frame 0
283.3353 	EXP 	Display Frame 1
283.4621 	EXP 	Display Frame 0
283.5848 	EXP 	Display Frame 1
283.7124 	EXP 	Display Frame 0
283.8269 	DATA 	Keypress: t
283.8350 	EXP 	Display Frame 1
283.9624 	EXP 	Display Frame 0
284.0859 	EXP 	Display Frame 1
284.2122 	EXP 	Display Frame 0
284.3269 	DATA 	Keypress: t
284.3354 	EXP 	Display Frame 1
284.4623 	EXP 	Display Frame 0
284.5864 	EXP 	Display Frame 1
284.7123 	EXP 	Display Frame 0
284.8362 	EXP 	Display Frame 1
284.9623 	EXP 	Display Frame 0
285.0862 	EXP 	Display Frame 1
285.2123 	EXP 	Display Frame 0
285.3359 	EXP 	Display Frame 1
285.4623 	EXP 	Display Frame 0
285.5874 	EXP 	Display Frame 1
285.7117 	EXP 	Display Frame 0
285.8269 	DATA 	Keypress: t
285.8372 	EXP 	Display Frame 1
285.9623 	EXP 	Display Frame 0
286.0868 	EXP 	Display Frame 1
286.2123 	EXP 	Display Frame 0
286.3370 	EXP 	Display Frame 1
286.4519 	DATA 	Keypress: t
286.4623 	EXP 	Display Frame 0
286.5879 	EXP 	Display Frame 1
286.7123 	EXP 	Display Frame 0
286.8381 	EXP 	Display Frame 1
286.9616 	EXP 	Display Frame 0
287.0880 	EXP 	Display Frame 1
287.2041 	EXP 	Display Frame 0
287.3378 	EXP 	Display Frame 1
287.4541 	EXP 	Display Frame 0
287.5880 	EXP 	Display Frame 1
287.7040 	EXP 	Display Frame 0
287.8389 	EXP 	Display Frame 1
287.9519 	DATA 	Keypress: t
287.9614 	EXP 	Display Frame 0
288.0892 	EXP 	Display Frame 1
288.2054 	EXP 	Display Frame 0
288.3392 	EXP 	Display Frame 1
288.4520 	DATA 	Keypress: t
288.4619 	EXP 	Display Frame 0
288.5888 	EXP 	Display Frame 1
288.7054 	EXP 	Display Frame 0
288.8390 	EXP 	Display Frame 1
288.9551 	EXP 	Display Frame 0
289.0899 	EXP 	Display Frame 1
289.2053 	EXP 	Display Frame 0
289.3401 	EXP 	Display Frame 1
289.4562 	EXP 	Display Frame 0
289.5903 	EXP 	Display Frame 1
289.7065 	EXP 	Display Frame 0
289.8398 	EXP 	Display Frame 1
289.9519 	DATA 	Keypress: t
289.9563 	EXP 	Display Frame 0
289.9741 	EXP 	Display Fixation
290.4737 	DATA 	Keypress: t
292.0077 	DATA 	Keypress: t
292.5398 	DATA 	Keypress: t
294.0736 	DATA 	Keypress: t
294.6056 	DATA 	Keypress: t
296.1396 	DATA 	Keypress: t
296.6717 	DATA 	Keypress: t
298.2056 	DATA 	Keypress: t
298.7386 	DATA 	Keypress: t
300.2716 	DATA 	Keypress: t
300.8045 	DATA 	Keypress: t
302.3375 	DATA 	Keypress: t
302.8705 	DATA 	Keypress: t
304.4037 	DATA 	Keypress: t
304.9366 	DATA 	Keypress: t
306.4696 	DATA 	Keypress: t
307.0025 	DATA 	Keypress: t
308.5356 	DATA 	Keypress: t
309.0686 	DATA 	Keypress: t
310.6015 	DATA 	Keypress: t
311.1345 	DATA 	Keypress: t
312.6675 	DATA 	Keypress: t
313.2004 	DATA 	Keypress: t
314.7335 	DATA 	Keypress: t
315.2665 	DATA 	Keypress: t
316.7994 	DATA 	Keypress: t
317.3325 	DATA 	Keypress: t
318.8655 	DATA 	Keypress: t
319.3985 	DATA 	Keypress: t
320.9315 	DATA 	Keypress: t
321.0655 	EXP 	Display Frame 1
321.1936 	EXP 	Display Frame 0
321.3096 	EXP 	Display Frame 1
321.4436 	EXP 	Display Frame 0
321.5575 	DATA 	Keypress: t
321.5655 	EXP 	Display Frame 1
321.6931 	EXP 	Display Frame 0
321.8096 	EXP 	Display Frame 1
321.9434 	EXP 	Display Frame 0
322.0599 	EXP 	Display Frame 1
322.1936 	EXP 	Display Frame 0
322.3098 	EXP 	Display Frame 1
322.4436 	EXP 	Display Frame 0
322.5597 	EXP 	Display Frame 1
322.6936 	EXP 	Display Frame 0
322.8096 	EXP 	Display Frame 1
322.9435 	EXP 	Display Frame 0
323.0575 	DATA 	Keypress: t
323.0667 	EXP 	Display Frame 1
323.1935 	EXP 	Display Frame 0
323.3098 	EXP 	Display Frame 1
323.4435 	EXP 	Display Frame 0
323.5575 	DATA 	Keypress: t
323.5676 	EXP 	Display Frame 1
323.6934 	EXP 	Display Frame 0
323.8097 	EXP 	Display Frame 1
323.9435 	EXP 	Display Frame 0
324.0597 	EXP 	Display Frame 1
324.1935 	EXP 	Display Frame 0
324.3097 	EXP 	Display Frame 1
324.4446 	EXP 	Display Frame 0
324.5598 	EXP 	Display Frame 1
324.6946 	EXP 	Display Frame 0
324.8098 	EXP 	Display Frame 1
324.9445 	EXP 	Display Frame 0
325.0597 	EXP 	Display Frame 1
325.1825 	DATA 	Keypress: t
325.1945 	EXP 	Display Frame 0
325.3097 	EXP 	Display Frame 1
325.4347 	EXP 	Display Frame 0
325.5596 	EXP 	Display Frame 1
325.6825 	DATA 	Keypress: t
325.6943 	EXP 	Display Frame 0
325.8097 	EXP 	Display Frame 1
325.9360 	EXP 	Display Frame 0
326.0597 	EXP 	Display Frame 1
326.1859 	EXP 	Display Frame 0
326.3097 	EXP 	Display Frame 1
326.4360 	EXP 	Display Frame 0
326.5598 	EXP 	Display Frame 1
326.6859 	EXP 	Display Frame 0
326.8098 	EXP 	Display Frame 1
326.9358 	EXP 	Display Frame 0
327.0597 	EXP 	Display Frame 1
327.1825 	DATA 	Keypress: t
327.1858 	EXP 	Display Frame 0
327.3095 	EXP 	Display Frame 1
327.4368 	EXP 	Display Frame 0
327.5596 	EXP 	Display Frame 1
327.6825 	DATA 	Keypress: t
327.6870 	EXP 	Display Frame 0
327.8097 	EXP 	Display Frame 1
327.9370 	EXP 	Display Frame 0
328.0597 	EXP 	Display Frame 1
328.1867 	EXP 	Display Frame 0
328.3096 	EXP 	Display Frame 1
328.4369 	EXP 	Display Frame 0
328.5598 	EXP 	Display Frame 1
328.6877 	EXP 	Display Frame 0
328.8097 	EXP 	Display Frame 1
328.9381 	EXP 	Display Frame 0
329.0597 	EXP 	Display Frame 1
329.1881 	EXP 	Display Frame 0
329.3075 	DATA 	Keypress: t
329.3216 	EXP 	Display Frame 1
329.4383 	EXP 	Display Frame 0
329.5597 	EXP 	Display Frame 1
329.6881 	EXP 	Display Frame 0
329.8075 	DATA 	Keypress: t
329.8227 	EXP 	Display Frame 1
329.9389 	EXP 	Display Frame 0
330.0597 	EXP 	Display Frame 1
330.1893 	EXP 	Display Frame 0
330.3096 	EXP 	Display Frame 1
330.4396 	EXP 	Display Frame 0
330.5726 	EXP 	Display Frame 1
330.6894 	EXP 	Display Frame 0
330.8097 	EXP 	Display Frame 1
330.9396 	EXP 	Display Frame 0
331.0738 	EXP 	Display Frame 1
331.1905 	EXP 	Display Frame 0
331.3075 	DATA 	Keypress: t
331.3240 	EXP 	Display Frame 1
331.4404 	EXP 	Display Frame 0
331.5735 	EXP 	Display Frame 1
331.6908 	EXP 	Display Frame 0
331.8074 	DATA 	Keypress: t
331.8237 	EXP 	Display Frame 1
331.9404 	EXP 	Display Frame 0
332.0746 	EXP 	Display Frame 1
332.1906 	EXP 	Display Frame 0
332.3246 	EXP 	Display Frame 1
332.4414 	EXP 	Display Frame 0
332.5750 	EXP 	Display Frame 1
332.6917 	EXP 	Display Frame 0
332.8244 	EXP 	Display Frame 1
332.9419 	EXP 	Display Frame 0
333.0747 	EXP 	Display Frame 1
333.1913 	EXP 	Display Frame 0
333.3256 	EXP 	Display Frame 1
333.4325 	DATA 	Keypress: t
333.4415 	EXP 	Display Frame 0
333.5757 	EXP 	Display Frame 1
333.6924 	EXP 	Display Frame 0
333.8259 	EXP 	Display Frame 1
333.9325 	DATA 	Keypress: t
333.9424 	EXP 	Display Frame 0
334.0755 	EXP 	Display Frame 1
334.1929 	EXP 	Display Frame 0
334.3258 	EXP 	Display Frame 1
334.4424 	EXP 	Display Frame 0
334.5765 	EXP 	Display Frame 1
334.6935 	EXP 	Display Frame 0
334.8267 	EXP 	Display Frame 1
334.9436 	EXP 	Display Frame 0
335.0770 	EXP 	Display Frame 1
335.1936 	EXP 	Display Frame 0
335.3264 	EXP 	Display Frame 1
335.4325 	DATA 	Keypress: t
335.4435 	EXP 	Display Frame 0
335.5596 	EXP 	Display Frame 1
335.6934 	EXP 	Display Frame 0
335.8096 	EXP 	Display Frame 1
335.9325 	DATA 	Keypress: t
335.9436 	EXP 	Display Frame 0
336.0763 	EXP 	Display Frame 1
336.1936 	EXP 	Display Frame 0
336.3110 	EXP 	Display Frame 1
336.4435 	EXP 	Display Frame 0
336.5609 	EXP 	Display Frame 1
336.6936 	EXP 	Display Frame 0
336.8109 	EXP 	Display Frame 1
336.9436 	EXP 	Display Frame 0
337.0610 	EXP 	Display Frame 1
337.1936 	EXP 	Display Frame 0
337.3108 	EXP 	Display Frame 1
337.4436 	EXP 	Display Frame 0
337.5575 	DATA 	Keypress: t
337.5609 	EXP 	Display Frame 1
337.6935 	EXP 	Display Frame 0
337.8119 	EXP 	Display Frame 1
337.9436 	EXP 	Display Frame 0
338.0575 	DATA 	Keypress: t
338.0621 	EXP 	Display Frame 1
338.1932 	EXP 	Display Frame 0
338.3121 	EXP 	Display Frame 1
338.4435 	EXP 	Display Frame 0
338.5618 	EXP 	Display Frame 1
338.6936 	EXP 	Display Frame 0
338.8119 	EXP 	Display Frame 1
338.9435 	EXP 	Display Frame 0
339.0623 	EXP 	Display Frame 1
339.1935 	EXP 	Display Frame 0
339.3132 	EXP 	Display Frame 1
339.4434 	EXP 	Display Frame 0
339.5575 	DATA 	Keypress: t
339.5633 	EXP 	Display Frame 1
339.6935 	EXP 	Display Frame 0
339.8128 	EXP 	Display Frame 1
339.9435 	EXP 	Display Frame 0
340.0638 	EXP 	Display Frame 1
340.0643 	DATA 	Keypress: t
340.1931 	EXP 	Display Frame 0
340.3140 	EXP 	Display Frame 1
340.4434 	EXP 	Display Frame 0
340.5642 	EXP 	Display Frame 1
340.6935 	EXP 	Display Frame 0
340.8144 	EXP 	Display Frame 1
340.9428 	EXP 	Display Frame 0
341.0639 	EXP 	Display Frame 1
341.1934 	EXP 	Display Frame 0
341.3146 	EXP 	Display Frame 1
341.4434 	EXP 	Display Frame 0
341.5654 	EXP 	Display Frame 1
341.6825 	DATA 	Keypress: t
341.6923 	EXP 	Display Frame 0
341.8159 	EXP 	Display Frame 1
341.9427 	EXP 	Display Frame 0
342.0660 	EXP 	Display Frame 1
342.1825 	DATA 	Keypress: t
342.1936 	EXP 	Display Frame 0
342.3154 	EXP 	Display Frame 1
342.4427 	EXP 	Display Frame 0
342.5656 	EXP 	Display Frame 1
342.6927 	EXP 	Display Frame 0
342.8164 	EXP 	Display Frame 1
342.9426 	EXP 	Display Frame 0
343.0668 	EXP 	Display Frame 1
343.1933 	EXP 	Display Frame 0
343.3170 	EXP 	Display Frame 1
343.4426 	EXP 	Display Frame 0
343.5663 	EXP 	Display Frame 1
343.6825 	DATA 	Keypress: t
343.6927 	EXP 	Display Frame 0
343.8173 	EXP 	Display Frame 1
343.9427 	EXP 	Display Frame 0
344.0669 	EXP 	Display Frame 1
344.1925 	EXP 	Display Frame 0
344.1934 	DATA 	Keypress: t
344.3180 	EXP 	Display Frame 1
344.4426 	EXP 	Display Frame 0
344.5682 	EXP 	Display Frame 1
344.6926 	EXP 	Display Frame 0
344.8174 	EXP 	Display Frame 1
344.9426 	EXP 	Display Frame 0
345.0681 	EXP 	Display Frame 1
345.1926 	EXP 	Display Frame 0
345.3186 	EXP 	Display Frame 1
345.4426 	EXP 	Display Frame 0
345.5687 	EXP 	Display Frame 1
345.6848 	EXP 	Display Frame 0
345.8075 	DATA 	Keypress: t
345.8183 	EXP 	Display Frame 1
345.9347 	EXP 	Display Frame 0
346.0684 	EXP 	Display Frame 1
346.1845 	EXP 	Display Frame 0
346.3075 	DATA 	Keypress: t
346.3180 	EXP 	Display Frame 1
346.4346 	EXP 	Display Frame 0
346.5695 	EXP 	Display Frame 1
346.6859 	EXP 	Display Frame 0
346.8195 	EXP 	Display Frame 1
346.9359 	EXP 	Display Frame 0
347.0700 	EXP 	Display Frame 1
347.1859 	EXP 	Display Frame 0
347.3192 	EXP 	Display Frame 1
347.4358 	EXP 	Display Frame 0
347.5697 	EXP 	Display Frame 1
347.6858 	EXP 	Display Frame 0
347.8075 	DATA 	Keypress: t
347.8207 	EXP 	Display Frame 1
347.9358 	EXP 	Display Frame 0
348.0708 	EXP 	Display Frame 1
348.1870 	EXP 	Display Frame 0
348.3209 	EXP 	Display Frame 1
348.4325 	DATA 	Keypress: t
348.4371 	EXP 	Display Frame 0
348.5705 	EXP 	Display Frame 1
348.6871 	EXP 	Display Frame 0
348.8207 	EXP 	Display Frame 1
348.9373 	EXP 	Display Frame 0
349.0715 	EXP 	Display Frame 1
349.1870 	EXP 	Display Frame 0
349.3218 	EXP 	Display Frame 1
349.4380 	EXP 	Display Frame 0
349.5719 	EXP 	Display Frame 1
349.6881 	EXP 	Display Frame 0
349.8215 	EXP 	Display Frame 1
349.9326 	DATA 	Keypress: t
349.9383 	EXP 	Display Frame 0
350.0717 	EXP 	Display Frame 1
350.1879 	EXP 	Display Frame 0
350.3227 	EXP 	Display Frame 1
350.4326 	DATA 	Keypress: t
350.4385 	EXP 	Display Frame 0
350.5728 	EXP 	Display Frame 1
350.6890 	EXP 	Display Frame 0
350.8223 	EXP 	Display Frame 1
350.9392 	EXP 	Display Frame 0
351.0725 	EXP 	Display Frame 1
351.1899 	EXP 	Display Frame 0
351.3233 	EXP 	Display Frame 1
351.4395 	EXP 	Display Frame 0
351.5736 	EXP 	Display Frame 1
351.6897 	EXP 	Display Frame 0
351.8239 	EXP 	Display Frame 1
351.9324 	DATA 	Keypress: t
351.9400 	EXP 	Display Frame 0
351.9572 	EXP 	Display Fixation
352.4551 	DATA 	Keypress: t
353.9883 	DATA 	Keypress: t
354.5213 	DATA 	Keypress: t
356.0543 	DATA 	Keypress: t
356.5872 	DATA 	Keypress: t
358.1203 	DATA 	Keypress: t
358.6532 	DATA 	Keypress: t
360.1862 	DATA 	Keypress: t
360.7192 	DATA 	Keypress: t
362.2524 	DATA 	Keypress: t
362.7852 	DATA 	Keypress: t
364.3182 	DATA 	Keypress: t
364.8511 	DATA 	Keypress: t
366.3851 	DATA 	Keypress: t
366.9171 	DATA 	Keypress: t
368.4512 	DATA 	Keypress: t
368.9832 	DATA 	Keypress: t
370.5172 	DATA 	Keypress: t
371.0492 	DATA 	Keypress: t
372.5832 	DATA 	Keypress: t
373.1151 	DATA 	Keypress: t
374.6493 	DATA 	Keypress: t
375.1820 	DATA 	Keypress: t
376.7149 	DATA 	Keypress: t
377.2481 	DATA 	Keypress: t
378.7811 	DATA 	Keypress: t
379.3140 	DATA 	Keypress: t
380.8470 	DATA 	Keypress: t
381.3800 	DATA 	Keypress: t
382.9130 	DATA 	Keypress: t
383.0490 	EXP 	Display Frame 1
383.1752 	EXP 	Display Frame 0
383.2992 	EXP 	Display Frame 1
383.4252 	EXP 	Display Frame 0
383.5390 	DATA 	Keypress: t
383.5494 	EXP 	Display Frame 1
383.6751 	EXP 	Display Frame 0
383.7989 	EXP 	Display Frame 1
383.9251 	EXP 	Display Frame 0
384.0493 	EXP 	Display Frame 1
384.1751 	EXP 	Display Frame 0
384.2995 	EXP 	Display Frame 1
384.4251 	EXP 	Display Frame 0
384.5501 	EXP 	Display Frame 1
384.6751 	EXP 	Display Frame 0
384.7998 	EXP 	Display Frame 1
384.9164 	EXP 	Display Frame 0
385.0390 	DATA 	Keypress: t
385.0507 	EXP 	Display Frame 1
385.1662 	EXP 	Display Frame 0
385.3001 	EXP 	Display Frame 1
385.4162 	EXP 	Display Frame 0
385.5390 	DATA 	Keypress: t
385.5502 	EXP 	Display Frame 1
385.6675 	EXP 	Display Frame 0
385.8010 	EXP 	Display Frame 1
385.9173 	EXP 	Display Frame 0
386.0514 	EXP 	Display Frame 1
386.1674 	EXP 	Display Frame 0
386.3009 	EXP 	Display Frame 1
386.4174 	EXP 	Display Frame 0
386.5522 	EXP 	Display Frame 1
386.6672 	EXP 	Display Frame 0
386.8020 	EXP 	Display Frame 1
386.9184 	EXP 	Display Frame 0
387.0515 	EXP 	Display Frame 1
387.0525 	DATA 	Keypress: t
387.1680 	EXP 	Display Frame 0
387.3024 	EXP 	Display Frame 1
387.4183 	EXP 	Display Frame 0
387.5519 	EXP 	Display Frame 1
387.6640 	DATA 	Keypress: t
387.6685 	EXP 	Display Frame 0
387.8021 	EXP 	Display Frame 1
387.9183 	EXP 	Display Frame 0
388.0530 	EXP 	Display Frame 1
388.1684 	EXP 	Display Frame 0
388.3032 	EXP 	Display Frame 1
388.4194 	EXP 	Display Frame 0
388.5532 	EXP 	Display Frame 1
388.6695 	EXP 	Display Frame 0
388.8029 	EXP 	Display Frame 1
388.9198 	EXP 	Display Frame 0
389.0531 	EXP 	Display Frame 1
389.1640 	DATA 	Keypress: t
389.1698 	EXP 	Display Frame 0
389.3039 	EXP 	Display Frame 1
389.4193 	EXP 	Display Frame 0
389.5542 	EXP 	Display Frame 1
389.6640 	DATA 	Keypress: t
389.6697 	EXP 	Display Frame 0
389.8044 	EXP 	Display Frame 1
389.9210 	EXP 	Display Frame 0
390.0541 	EXP 	Display Frame 1
390.1707 	EXP 	Display Frame 0
390.3041 	EXP 	Display Frame 1
390.4208 	EXP 	Display Frame 0
390.5550 	EXP 	Display Frame 1
390.6711 	EXP 	Display Frame 0
390.8052 	EXP 	Display Frame 1
390.9208 	EXP 	Display Frame 0
391.0553 	EXP 	Display Frame 1
391.1717 	EXP 	Display Frame 0
391.2890 	DATA 	Keypress: t
391.3052 	EXP 	Display Frame 1
391.4218 	EXP 	Display Frame 0
391.5552 	EXP 	Display Frame 1
391.6718 	EXP 	Display Frame 0
391.7890 	DATA 	Keypress: t
391.8052 	EXP 	Display Frame 1
391.9221 	EXP 	Display Frame 0
392.0563 	EXP 	Display Frame 1
392.1723 	EXP 	Display Frame 0
392.3064 	EXP 	Display Frame 1
392.4225 	EXP 	Display Frame 0
392.5560 	EXP 	Display Frame 1
392.6734 	EXP 	Display Frame 0
392.8061 	EXP 	Display Frame 1
392.9235 	EXP 	Display Frame 0
393.0571 	EXP 	Display Frame 1
393.1740 	EXP 	Display Frame 0
393.2890 	DATA 	Keypress: t
393.3073 	EXP 	Display Frame 1
393.4237 	EXP 	Display Frame 0
393.5575 	EXP 	Display Frame 1
393.6741 	EXP 	Display Frame 0
393.7890 	DATA 	Keypress: t
393.8077 	EXP 	Display Frame 1
393.9245 	EXP 	Display Frame 0
394.0571 	EXP 	Display Frame 1
394.1734 	EXP 	Display Frame 0
394.3080 	EXP 	Display Frame 1
394.4237 	EXP 	Display Frame 0
394.5580 	EXP 	Display Frame 1
394.6750 	EXP 	Display Frame 0
394.8080 	EXP 	Display Frame 1
394.9240 	EXP 	Display Frame 0
395.0412 	EXP 	Display Frame 1
395.1739 	EXP 	Display Frame 0
395.2912 	EXP 	Display Frame 1
395.4140 	DATA 	Keypress: t
395.4239 	EXP 	Display Frame 0
395.5411 	EXP 	Display Frame 1
395.6735 	EXP 	Display Frame 0
395.7912 	EXP 	Display Frame 1
395.9140 	DATA 	Keypress: t
395.9246 	EXP 	Display Frame 0
396.0425 	EXP 	Display Frame 1
396.1739 	EXP 	Display Frame 0
396.2923 	EXP 	Display Frame 1
396.4246 	EXP 	Display Frame 0
396.5426 	EXP 	Display Frame 1
396.6746 	EXP 	Display Frame 0
396.7924 	EXP 	Display Frame 1
396.9244 	EXP 	Display Frame 0
397.0422 	EXP 	Display Frame 1
397.1748 	EXP 	Display Frame 0
397.2935 	EXP 	Display Frame 1
397.4140 	DATA 	Keypress: t
397.4249 	EXP 	Display Frame 0
397.5435 	EXP 	Display Frame 1
397.6745 	EXP 	Display Frame 0
397.7934 	EXP 	Display Frame 1
397.9140 	DATA 	Keypress: t
397.9247 	EXP 	Display Frame 0
398.0443 	EXP 	Display Frame 1
398.1738 	EXP 	Display Frame 0
398.2933 	EXP 	Display Frame 1
398.4242 	EXP 	Display Frame 0
398.5435 	EXP 	Display Frame 1
398.6742 	EXP 	Display Frame 0
398.7943 	EXP 	Display Frame 1
398.9245 	EXP 	Display Frame 0
399.0446 	EXP 	Display Frame 1
399.1740 	EXP 	Display Frame 0
399.2940 	EXP 	Display Frame 1
399.4247 	EXP 	Display Frame 0
399.5390 	DATA 	Keypress: t
399.5443 	EXP 	Display Frame 1
399.6745 	EXP 	Display Frame 0
399.7944 	EXP 	Display Frame 1
399.9245 	EXP 	Display Frame 0
400.0391 	DATA 	Keypress: t
400.0447 	EXP 	Display Frame 1
400.1748 	EXP 	Display Frame 0
400.2956 	EXP 	Display Frame 1
400.4246 	EXP 	Display Frame 0
400.5458 	EXP 	Display Frame 1
400.6745 	EXP 	Display Frame 0
400.7965 	EXP 	Display Frame 1
400.9244 	EXP 	Display Frame 0
401.0473 	EXP 	Display Frame 1
401.1745 	EXP 	Display Frame 0
401.2970 	EXP 	Display Frame 1
401.4240 	EXP 	Display Frame 0
401.5391 	DATA 	Keypress: t
401.5461 	EXP 	Display Frame 1
401.6744 	EXP 	Display Frame 0
401.7975 	EXP 	Display Frame 1
401.9244 	EXP 	Display Frame 0
402.0473 	EXP 	Display Frame 1
402.0483 	DATA 	Keypress: t
402.1737 	EXP 	Display Frame 0
402.2975 	EXP 	Display Frame 1
402.4241 	EXP 	Display Frame 0
402.5478 	EXP 	Display Frame 1
402.6744 	EXP 	Display Frame 0
402.7982 	EXP 	Display Frame 1
402.9244 	EXP 	Display Frame 0
403.0477 	EXP 	Display Frame 1
403.1744 	EXP 	Display Frame 0
403.2979 	EXP 	Display Frame 1
403.4239 	EXP 	Display Frame 0
403.5481 	EXP 	Display Frame 1
403.6640 	DATA 	Keypress: t
403.6743 	EXP 	Display Frame 0
403.7990 	EXP 	Display Frame 1
403.9243 	EXP 	Display Frame 0
404.0493 	EXP 	Display Frame 1
404.1640 	DATA 	Keypress: t
404.1736 	EXP 	Display Frame 0
404.2987 	EXP 	Display Frame 1
404.4244 	EXP 	Display Frame 0
404.5489 	EXP 	Display Frame 1
404.6743 	EXP 	Display Frame 0
404.7991 	EXP 	Display Frame 1
404.9243 	EXP 	Display Frame 0
405.0501 	EXP 	Display Frame 1
405.1741 	EXP 	Display Frame 0
405.3002 	EXP 	Display Frame 1
405.4163 	EXP 	Display Frame 0
405.5509 	EXP 	Display Frame 1
405.6640 	DATA 	Keypress: t
405.6742 	EXP 	Display Frame 0
405.8011 	EXP 	Display Frame 1
405.9162 	EXP 	Display Frame 0
406.0514 	EXP 	Display Frame 1
406.1675 	EXP 	Display Frame 0
406.2890 	DATA 	Keypress: t
406.3015 	EXP 	Display Frame 1
406.4175 	EXP 	Display Frame 0
406.5508 	EXP 	Display Frame 1
406.6674 	EXP 	Display Frame 0
406.8031 	EXP 	Display Frame 1
406.9174 	EXP 	Display Frame 0
407.0522 	EXP 	Display Frame 1
407.1683 	EXP 	Display Frame 0
407.3024 	EXP 	Display Frame 1
407.4185 	EXP 	Display Frame 0
407.5521 	EXP 	Display Frame 1
407.6686 	EXP 	Display Frame 0
407.7890 	DATA 	Keypress: t
407.8023 	EXP 	Display Frame 1
407.9184 	EXP 	Display Frame 0
408.0525 	EXP 	Display Frame 1
408.1691 	EXP 	Display Frame 0
408.2890 	DATA 	Keypress: t
408.3019 	EXP 	Display Frame 1
408.4182 	EXP 	Display Frame 0
408.5521 	EXP 	Display Frame 1
408.6683 	EXP 	Display Frame 0
408.8031 	EXP 	Display Frame 1
408.9197 	EXP 	Display Frame 0
409.0532 	EXP 	Display Frame 1
409.1693 	EXP 	Display Frame 0
409.3028 	EXP 	Display Frame 1
409.4197 	EXP 	Display Frame 0
409.5538 	EXP 	Display Frame 1
409.6691 	EXP 	Display Frame 0
409.7889 	DATA 	Keypress: t
409.8032 	EXP 	Display Frame 1
409.9206 	EXP 	Display Frame 0
410.0536 	EXP 	Display Frame 1
410.1713 	EXP 	Display Frame 0
410.3034 	EXP 	Display Frame 1
410.3040 	DATA 	Keypress: t
410.4203 	EXP 	Display Frame 0
410.5547 	EXP 	Display Frame 1
410.6707 	EXP 	Display Frame 0
410.8052 	EXP 	Display Frame 1
410.9219 	EXP 	Display Frame 0
411.0552 	EXP 	Display Frame 1
411.1710 	EXP 	Display Frame 0
411.3050 	EXP 	Display Frame 1
411.4223 	EXP 	Display Frame 0
411.5552 	EXP 	Display Frame 1
411.6720 	EXP 	Display Frame 0
411.8060 	EXP 	Display Frame 1
411.9140 	DATA 	Keypress: t
411.9217 	EXP 	Display Frame 0
412.0561 	EXP 	Display Frame 1
412.1729 	EXP 	Display Frame 0
412.3063 	EXP 	Display Frame 1
412.4140 	DATA 	Keypress: t
412.4232 	EXP 	Display Frame 0
412.5560 	EXP 	Display Frame 1
412.6722 	EXP 	Display Frame 0
412.8063 	EXP 	Display Frame 1
412.9225 	EXP 	Display Frame 0
413.0557 	EXP 	Display Frame 1
413.1728 	EXP 	Display Frame 0
413.3059 	EXP 	Display Frame 1
413.4227 	EXP 	Display Frame 0
413.5572 	EXP 	Display Frame 1
413.6729 	EXP 	Display Frame 0
413.8070 	EXP 	Display Frame 1
413.9139 	DATA 	Keypress: t
413.9238 	EXP 	Display Frame 0
413.9405 	EXP 	Display Fixation
414.4367 	DATA 	Keypress: t
415.9698 	DATA 	Keypress: t
416.5028 	DATA 	Keypress: t
418.0357 	DATA 	Keypress: t
418.5688 	DATA 	Keypress: t
420.1017 	DATA 	Keypress: t
420.6347 	DATA 	Keypress: t
422.1677 	DATA 	Keypress: t
422.7008 	DATA 	Keypress: t
424.2338 	DATA 	Keypress: t
424.7667 	DATA 	Keypress: t
426.2997 	DATA 	Keypress: t
426.8327 	DATA 	Keypress: t
428.3658 	DATA 	Keypress: t
428.8987 	DATA 	Keypress: t
430.4317 	DATA 	Keypress: t
430.9647 	DATA 	Keypress: t
432.4978 	DATA 	Keypress: t
433.0306 	DATA 	Keypress: t
434.5637 	DATA 	Keypress: t
435.0966 	DATA 	Keypress: t
436.6297 	DATA 	Keypress: t
437.1627 	DATA 	Keypress: t
438.6956 	DATA 	Keypress: t
439.2286 	DATA 	Keypress: t
440.7616 	DATA 	Keypress: t
441.2946 	DATA 	Keypress: t
442.8275 	DATA 	Keypress: t
443.3606 	DATA 	Keypress: t
444.8946 	DATA 	Keypress: t
445.0315 	EXP 	Display Frame 1
445.1479 	EXP 	Display Frame 0
445.2817 	EXP 	Display Frame 1
445.3980 	EXP 	Display Frame 0
445.5206 	DATA 	Keypress: t
445.5320 	EXP 	Display Frame 1
445.6492 	EXP 	Display Frame 0
445.7826 	EXP 	Display Frame 1
445.8991 	EXP 	Display Frame 0
446.0331 	EXP 	Display Frame 1
446.1491 	EXP 	Display Frame 0
446.2833 	EXP 	Display Frame 1
446.3991 	EXP 	Display Frame 0
446.5328 	EXP 	Display Frame 1
446.6493 	EXP 	Display Frame 0
446.7838 	EXP 	Display Frame 1
446.8991 	EXP 	Display Frame 0
447.0207 	DATA 	Keypress: t
447.0339 	EXP 	Display Frame 1
447.1503 	EXP 	Display Frame 0
447.2840 	EXP 	Display Frame 1
447.4003 	EXP 	Display Frame 0
447.5207 	DATA 	Keypress: t
447.5344 	EXP 	Display Frame 1
447.6502 	EXP 	Display Frame 0
447.7838 	EXP 	Display Frame 1
447.9004 	EXP 	Display Frame 0
448.0347 	EXP 	Display Frame 1
448.1502 	EXP 	Display Frame 0
448.2842 	EXP 	Display Frame 1
448.4011 	EXP 	Display Frame 0
448.5351 	EXP 	Display Frame 1
448.6511 	EXP 	Display Frame 0
448.7851 	EXP 	Display Frame 1
448.9014 	EXP 	Display Frame 0
449.0356 	EXP 	Display Frame 1
449.0365 	DATA 	Keypress: t
449.1508 	EXP 	Display Frame 0
449.2852 	EXP 	Display Frame 1
449.4011 	EXP 	Display Frame 0
449.5351 	EXP 	Display Frame 1
449.6457 	DATA 	Keypress: t
449.6514 	EXP 	Display Frame 0
449.7862 	EXP 	Display Frame 1
449.9023 	EXP 	Display Frame 0
450.0356 	EXP 	Display Frame 1
450.1525 	EXP 	Display Frame 0
450.2858 	EXP 	Display Frame 1
450.4020 	EXP 	Display Frame 0
450.5367 	EXP 	Display Frame 1
450.6522 	EXP 	Display Frame 0
450.7867 	EXP 	Display Frame 1
450.9031 	EXP 	Display Frame 0
451.0371 	EXP 	Display Frame 1
451.1458 	DATA 	Keypress: t
451.1528 	EXP 	Display Frame 0
451.2875 	EXP 	Display Frame 1
451.4037 	EXP 	Display Frame 0
451.5368 	EXP 	Display Frame 1
451.6457 	DATA 	Keypress: t
451.6538 	EXP 	Display Frame 0
451.7876 	EXP 	Display Frame 1
451.9038 	EXP 	Display Frame 0
452.0378 	EXP 	Display Frame 1
452.1540 	EXP 	Display Frame 0
452.2881 	EXP 	Display Frame 1
452.4048 	EXP 	Display Frame 0
452.5376 	EXP 	Display Frame 1
452.6550 	EXP 	Display Frame 0
452.7878 	EXP 	Display Frame 1
452.9045 	EXP 	Display Frame 0
453.0385 	EXP 	Display Frame 1
453.1548 	EXP 	Display Frame 0
453.2707 	DATA 	Keypress: t
453.2884 	EXP 	Display Frame 1
453.4057 	EXP 	Display Frame 0
453.5391 	EXP 	Display Frame 1
453.6557 	EXP 	Display Frame 0
453.7708 	DATA 	Keypress: t
453.7891 	EXP 	Display Frame 1
453.9055 	EXP 	Display Frame 0
454.0389 	EXP 	Display Frame 1
454.1553 	EXP 	Display Frame 0
454.2888 	EXP 	Display Frame 1
454.4050 	EXP 	Display Frame 0
454.5390 	EXP 	Display Frame 1
454.6553 	EXP 	Display Frame 0
454.7889 	EXP 	Display Frame 1
454.9056 	EXP 	Display Frame 0
455.0389 	EXP 	Display Frame 1
455.1549 	EXP 	Display Frame 0
455.2707 	DATA 	Keypress: t
455.2889 	EXP 	Display Frame 1
455.4052 	EXP 	Display Frame 0
455.5230 	EXP 	Display Frame 1
455.6552 	EXP 	Display Frame 0
455.7706 	DATA 	Keypress: t
455.7889 	EXP 	Display Frame 1
455.9048 	EXP 	Display Frame 0
456.0242 	EXP 	Display Frame 1
456.1549 	EXP 	Display Frame 0
456.2740 	EXP 	Display Frame 1
456.4052 	EXP 	Display Frame 0
456.5241 	EXP 	Display Frame 1
456.6548 	EXP 	Display Frame 0
456.7742 	EXP 	Display Frame 1
456.9052 	EXP 	Display Frame 0
457.0239 	EXP 	Display Frame 1
457.1549 	EXP 	Display Frame 0
457.2740 	EXP 	Display Frame 1
457.3956 	DATA 	Keypress: t
457.4049 	EXP 	Display Frame 0
457.5252 	EXP 	Display Frame 1
457.6549 	EXP 	Display Frame 0
457.7753 	EXP 	Display Frame 1
457.8957 	DATA 	Keypress: t
457.9049 	EXP 	Display Frame 0
458.0253 	EXP 	Display Frame 1
458.1548 	EXP 	Display Frame 0
458.2752 	EXP 	Display Frame 1
458.4048 	EXP 	Display Frame 0
458.5252 	EXP 	Display Frame 1
458.6548 	EXP 	Display Frame 0
458.7762 	EXP 	Display Frame 1
458.9056 	EXP 	Display Frame 0
459.0263 	EXP 	Display Frame 1
459.1548 	EXP 	Display Frame 0
459.2764 	EXP 	Display Frame 1
459.3957 	DATA 	Keypress: t
459.4050 	EXP 	Display Frame 0
459.5260 	EXP 	Display Frame 1
459.6547 	EXP 	Display Frame 0
459.7763 	EXP 	Display Frame 1
459.8957 	DATA 	Keypress: t
459.9052 	EXP 	Display Frame 0
460.0270 	EXP 	Display Frame 1
460.1553 	EXP 	Display Frame 0
460.2774 	EXP 	Display Frame 1
460.4048 	EXP 	Display Frame 0
460.5276 	EXP 	Display Frame 1
460.6547 	EXP 	Display Frame 0
460.7776 	EXP 	Display Frame 1
460.9043 	EXP 	Display Frame 0
461.0278 	EXP 	Display Frame 1
461.1546 	EXP 	Display Frame 0
461.2787 	EXP 	Display Frame 1
461.4053 	EXP 	Display Frame 0
461.5206 	DATA 	Keypress: t
461.5284 	EXP 	Display Frame 1
461.6547 	EXP 	Display Frame 0
461.7791 	EXP 	Display Frame 1
461.9047 	EXP 	Display Frame 0
462.0207 	DATA 	Keypress: t
462.0288 	EXP 	Display Frame 1
462.1554 	EXP 	Display Frame 0
462.2788 	EXP 	Display Frame 1
462.4045 	EXP 	Display Frame 0
462.5297 	EXP 	Display Frame 1
462.6547 	EXP 	Display Frame 0
462.7799 	EXP 	Display Frame 1
462.9047 	EXP 	Display Frame 0
463.0301 	EXP 	Display Frame 1
463.1546 	EXP 	Display Frame 0
463.2796 	EXP 	Display Frame 1
463.4046 	EXP 	Display Frame 0
463.5207 	DATA 	Keypress: t
463.5298 	EXP 	Display Frame 1
463.6546 	EXP 	Display Frame 0
463.7807 	EXP 	Display Frame 1
463.9057 	EXP 	Display Frame 0
464.0311 	EXP 	Display Frame 1
464.0320 	DATA 	Keypress: t
464.1553 	EXP 	Display Frame 0
464.2811 	EXP 	Display Frame 1
464.4057 	EXP 	Display Frame 0
464.5306 	EXP 	Display Frame 1
464.6541 	EXP 	Display Frame 0
464.7808 	EXP 	Display Frame 1
464.9056 	EXP 	Display Frame 0
465.0317 	EXP 	Display Frame 1
465.1554 	EXP 	Display Frame 0
465.2819 	EXP 	Display Frame 1
465.3978 	EXP 	Display Frame 0
465.5322 	EXP 	Display Frame 1
465.6458 	DATA 	Keypress: t
465.6546 	EXP 	Display Frame 0
465.7816 	EXP 	Display Frame 1
465.8978 	EXP 	Display Frame 0
466.0318 	EXP 	Display Frame 1
466.1458 	DATA 	Keypress: t
466.1549 	EXP 	Display Frame 0
466.2826 	EXP 	Display Frame 1
466.3991 	EXP 	Display Frame 0
466.5329 	EXP 	Display Frame 1
466.6490 	EXP 	Display Frame 0
466.7831 	EXP 	Display Frame 1
466.8991 	EXP 	Display Frame 0
467.0326 	EXP 	Display Frame 1
467.1491 	EXP 	Display Frame 0
467.2829 	EXP 	Display Frame 1
467.3990 	EXP 	Display Frame 0
467.5338 	EXP 	Display Frame 1
467.6458 	DATA 	Keypress: t
467.6492 	EXP 	Display Frame 0
467.7840 	EXP 	Display Frame 1
467.9001 	EXP 	Display Frame 0
468.0342 	EXP 	Display Frame 1
468.1503 	EXP 	Display Frame 0
468.2707 	DATA 	Keypress: t
468.2844 	EXP 	Display Frame 1
468.4002 	EXP 	Display Frame 0
468.5346 	EXP 	Display Frame 1
468.6500 	EXP 	Display Frame 0
468.7847 	EXP 	Display Frame 1
468.9001 	EXP 	Display Frame 0
469.0349 	EXP 	Display Frame 1
469.1510 	EXP 	Display Frame 0
469.2852 	EXP 	Display Frame 1
469.4013 	EXP 	Display Frame 0
469.5349 	EXP 	Display Frame 1
469.6514 	EXP 	Display Frame 0
469.7708 	DATA 	Keypress: t
469.7849 	EXP 	Display Frame 1
469.9014 	EXP 	Display Frame 0
470.0350 	EXP 	Display Frame 1
470.1521 	EXP 	Display Frame 0
470.2707 	DATA 	Keypress: t
470.2858 	EXP 	Display Frame 1
470.4026 	EXP 	Display Frame 0
470.5359 	EXP 	Display Frame 1
470.6524 	EXP 	Display Frame 0
470.7857 	EXP 	Display Frame 1
470.9023 	EXP 	Display Frame 0
471.0358 	EXP 	Display Frame 1
471.1526 	EXP 	Display Frame 0
471.2866 	EXP 	Display Frame 1
471.4027 	EXP 	Display Frame 0
471.5369 	EXP 	Display Frame 1
471.6531 	EXP 	Display Frame 0
471.7706 	DATA 	Keypress: t
471.7870 	EXP 	Display Frame 1
471.9032 	EXP 	Display Frame 0
472.0367 	EXP 	Display Frame 1
472.1539 	EXP 	Display Frame 0
472.2869 	EXP 	Display Frame 1
472.2878 	DATA 	Keypress: t
472.4042 	EXP 	Display Frame 0
472.5375 	EXP 	Display Frame 1
472.6531 	EXP 	Display Frame 0
472.7879 	EXP 	Display Frame 1
472.9042 	EXP 	Display Frame 0
473.0376 	EXP 	Display Frame 1
473.1544 	EXP 	Display Frame 0
473.2876 	EXP 	Display Frame 1
473.4048 	EXP 	Display Frame 0
473.5375 	EXP 	Display Frame 1
473.6546 	EXP 	Display Frame 0
473.7881 	EXP 	Display Frame 1
473.8957 	DATA 	Keypress: t
473.9048 	EXP 	Display Frame 0
474.0381 	EXP 	Display Frame 1
474.1542 	EXP 	Display Frame 0
474.2881 	EXP 	Display Frame 1
474.3957 	DATA 	Keypress: t
474.4048 	EXP 	Display Frame 0
474.5381 	EXP 	Display Frame 1
474.6537 	EXP 	Display Frame 0
474.7882 	EXP 	Display Frame 1
474.9048 	EXP 	Display Frame 0
475.0382 	EXP 	Display Frame 1
475.1549 	EXP 	Display Frame 0
475.2880 	EXP 	Display Frame 1
475.4049 	EXP 	Display Frame 0
475.5382 	EXP 	Display Frame 1
475.6543 	EXP 	Display Frame 0
475.7728 	EXP 	Display Frame 1
475.8956 	DATA 	Keypress: t
475.9047 	EXP 	Display Frame 0
475.9236 	EXP 	Display Fixation
476.4173 	DATA 	Keypress: t
477.9504 	DATA 	Keypress: t
478.4833 	DATA 	Keypress: t
480.0163 	DATA 	Keypress: t
480.5493 	DATA 	Keypress: t
482.0833 	DATA 	Keypress: t
482.6153 	DATA 	Keypress: t
484.1493 	DATA 	Keypress: t
484.6813 	DATA 	Keypress: t
486.2153 	DATA 	Keypress: t
486.7472 	DATA 	Keypress: t
488.2813 	DATA 	Keypress: t
488.8133 	DATA 	Keypress: t
490.3472 	DATA 	Keypress: t
490.8793 	DATA 	Keypress: t
492.4135 	DATA 	Keypress: t
492.9463 	DATA 	Keypress: t
494.4792 	DATA 	Keypress: t
495.0121 	DATA 	Keypress: t
496.5451 	DATA 	Keypress: t
497.0782 	DATA 	Keypress: t
498.6113 	DATA 	Keypress: t
499.1442 	DATA 	Keypress: t
500.6772 	DATA 	Keypress: t
501.2103 	DATA 	Keypress: t
502.7431 	DATA 	Keypress: t
503.2762 	DATA 	Keypress: t
504.8092 	DATA 	Keypress: t
505.3421 	DATA 	Keypress: t
506.8752 	DATA 	Keypress: t
507.0159 	EXP 	Display Frame 1
507.1317 	EXP 	Display Frame 0
507.2650 	EXP 	Display Frame 1
507.3818 	EXP 	Display Frame 0
507.5011 	DATA 	Keypress: t
507.5151 	EXP 	Display Frame 1
507.6314 	EXP 	Display Frame 0
507.7662 	EXP 	Display Frame 1
507.8817 	EXP 	Display Frame 0
508.0164 	EXP 	Display Frame 1
508.1318 	EXP 	Display Frame 0
508.2664 	EXP 	Display Frame 1
508.3830 	EXP 	Display Frame 0
508.5161 	EXP 	Display Frame 1
508.6332 	EXP 	Display Frame 0
508.7670 	EXP 	Display Frame 1
508.8832 	EXP 	Display Frame 0
509.0012 	DATA 	Keypress: t
509.0172 	EXP 	Display Frame 1
509.1331 	EXP 	Display Frame 0
509.2669 	EXP 	Display Frame 1
509.3842 	EXP 	Display Frame 0
509.5012 	DATA 	Keypress: t
509.5177 	EXP 	Display Frame 1
509.6344 	EXP 	Display Frame 0
509.7672 	EXP 	Display Frame 1
509.8844 	EXP 	Display Frame 0
510.0171 	EXP 	Display Frame 1
510.1339 	EXP 	Display Frame 0
510.2682 	EXP 	Display Frame 1
510.3842 	EXP 	Display Frame 0
510.5183 	EXP 	Display Frame 1
510.6345 	EXP 	Display Frame 0
510.7686 	EXP 	Display Frame 1
510.8847 	EXP 	Display Frame 0
511.0181 	EXP 	Display Frame 1
511.0191 	DATA 	Keypress: t
511.1354 	EXP 	Display Frame 0
511.2682 	EXP 	Display Frame 1
511.3850 	EXP 	Display Frame 0
511.5193 	EXP 	Display Frame 1
511.6261 	DATA 	Keypress: t
511.6352 	EXP 	Display Frame 0
511.7693 	EXP 	Display Frame 1
511.8861 	EXP 	Display Frame 0
512.0192 	EXP 	Display Frame 1
512.1363 	EXP 	Display Frame 0
512.2701 	EXP 	Display Frame 1
512.3865 	EXP 	Display Frame 0
512.5192 	EXP 	Display Frame 1
512.6367 	EXP 	Display Frame 0
512.7694 	EXP 	Display Frame 1
512.8867 	EXP 	Display Frame 0
513.0203 	EXP 	Display Frame 1
513.1263 	DATA 	Keypress: t
513.1359 	EXP 	Display Frame 0
513.2693 	EXP 	Display Frame 1
513.3865 	EXP 	Display Frame 0
513.5194 	EXP 	Display Frame 1
513.6262 	DATA 	Keypress: t
513.6362 	EXP 	Display Frame 0
513.7535 	EXP 	Display Frame 1
513.8861 	EXP 	Display Frame 0
514.0033 	EXP 	Display Frame 1
514.1354 	EXP 	Display Frame 0
514.2533 	EXP 	Display Frame 1
514.3860 	EXP 	Display Frame 0
514.5046 	EXP 	Display Frame 1
514.6361 	EXP 	Display Frame 0
514.7546 	EXP 	Display Frame 1
514.8866 	EXP 	Display Frame 0
515.0045 	EXP 	Display Frame 1
515.1363 	EXP 	Display Frame 0
515.2511 	DATA 	Keypress: t
515.2546 	EXP 	Display Frame 1
515.3857 	EXP 	Display Frame 0
515.5044 	EXP 	Display Frame 1
515.6359 	EXP 	Display Frame 0
515.7511 	DATA 	Keypress: t
515.7545 	EXP 	Display Frame 1
515.8866 	EXP 	Display Frame 0
516.0057 	EXP 	Display Frame 1
516.1361 	EXP 	Display Frame 0
516.2558 	EXP 	Display Frame 1
516.3866 	EXP 	Display Frame 0
516.5058 	EXP 	Display Frame 1
516.6365 	EXP 	Display Frame 0
516.7554 	EXP 	Display Frame 1
516.8866 	EXP 	Display Frame 0
517.0056 	EXP 	Display Frame 1
517.1362 	EXP 	Display Frame 0
517.2512 	DATA 	Keypress: t
517.2563 	EXP 	Display Frame 1
517.3865 	EXP 	Display Frame 0
517.5068 	EXP 	Display Frame 1
517.6366 	EXP 	Display Frame 0
517.7511 	DATA 	Keypress: t
517.7564 	EXP 	Display Frame 1
517.8858 	EXP 	Display Frame 0
518.0065 	EXP 	Display Frame 1
518.1363 	EXP 	Display Frame 0
518.2567 	EXP 	Display Frame 1
518.3865 	EXP 	Display Frame 0
518.5077 	EXP 	Display Frame 1
518.6365 	EXP 	Display Frame 0
518.7578 	EXP 	Display Frame 1
518.8864 	EXP 	Display Frame 0
519.0080 	EXP 	Display Frame 1
519.1364 	EXP 	Display Frame 0
519.2575 	EXP 	Display Frame 1
519.3761 	DATA 	Keypress: t
519.3864 	EXP 	Display Frame 0
519.5077 	EXP 	Display Frame 1
519.6360 	EXP 	Display Frame 0
519.7591 	EXP 	Display Frame 1
519.8761 	DATA 	Keypress: t
519.8865 	EXP 	Display Frame 0
520.0089 	EXP 	Display Frame 1
520.1359 	EXP 	Display Frame 0
520.2592 	EXP 	Display Frame 1
520.3864 	EXP 	Display Frame 0
520.5085 	EXP 	Display Frame 1
520.6364 	EXP 	Display Frame 0
520.7598 	EXP 	Display Frame 1
520.8863 	EXP 	Display Frame 0
521.0102 	EXP 	Display Frame 1
521.1363 	EXP 	Display Frame 0
521.2603 	EXP 	Display Frame 1
521.3761 	DATA 	Keypress: t
521.3864 	EXP 	Display Frame 0
521.5102 	EXP 	Display Frame 1
521.6364 	EXP 	Display Frame 0
521.7637 	EXP 	Display Frame 1
521.8761 	DATA 	Keypress: t
521.8863 	EXP 	Display Frame 0
522.0107 	EXP 	Display Frame 1
522.1361 	EXP 	Display Frame 0
522.2612 	EXP 	Display Frame 1
522.3863 	EXP 	Display Frame 0
522.5113 	EXP 	Display Frame 1
522.6363 	EXP 	Display Frame 0
522.7612 	EXP 	Display Frame 1
522.8862 	EXP 	Display Frame 0
523.0110 	EXP 	Display Frame 1
523.1362 	EXP 	Display Frame 0
523.2613 	EXP 	Display Frame 1
523.3862 	EXP 	Display Frame 0
523.5011 	DATA 	Keypress: t
523.5118 	EXP 	Display Frame 1
523.6361 	EXP 	Display Frame 0
523.7624 	EXP 	Display Frame 1
523.8862 	EXP 	Display Frame 0
524.0011 	DATA 	Keypress: t
524.0126 	EXP 	Display Frame 1
524.1284 	EXP 	Display Frame 0
524.2621 	EXP 	Display Frame 1
524.3783 	EXP 	Display Frame 0
524.5122 	EXP 	Display Frame 1
524.6283 	EXP 	Display Frame 0
524.7628 	EXP 	Display Frame 1
524.8796 	EXP 	Display Frame 0
525.0134 	EXP 	Display Frame 1
525.1296 	EXP 	Display Frame 0
525.2635 	EXP 	Display Frame 1
525.3796 	EXP 	Display Frame 0
525.5011 	DATA 	Keypress: t
525.5138 	EXP 	Display Frame 1
525.6295 	EXP 	Display Frame 0
525.7634 	EXP 	Display Frame 1
525.8795 	EXP 	Display Frame 0
526.0144 	EXP 	Display Frame 1
526.0153 	DATA 	Keypress: t
526.1302 	EXP 	Display Frame 0
526.2643 	EXP 	Display Frame 1
526.3805 	EXP 	Display Frame 0
526.5144 	EXP 	Display Frame 1
526.6305 	EXP 	Display Frame 0
526.7640 	EXP 	Display Frame 1
526.8807 	EXP 	Display Frame 0
527.0142 	EXP 	Display Frame 1
527.1304 	EXP 	Display Frame 0
527.2652 	EXP 	Display Frame 1
527.3806 	EXP 	Display Frame 0
527.5153 	EXP 	Display Frame 1
527.6261 	DATA 	Keypress: t
527.6318 	EXP 	Display Frame 0
527.7656 	EXP 	Display Frame 1
527.8818 	EXP 	Display Frame 0
528.0151 	EXP 	Display Frame 1
528.1261 	DATA 	Keypress: t
528.1320 	EXP 	Display Frame 0
528.2660 	EXP 	Display Frame 1
528.3815 	EXP 	Display Frame 0
528.5162 	EXP 	Display Frame 1
528.6317 	EXP 	Display Frame 0
528.7664 	EXP 	Display Frame 1
528.8826 	EXP 	Display Frame 0
529.0166 	EXP 	Display Frame 1
529.1327 	EXP 	Display Frame 0
529.2660 	EXP 	Display Frame 1
529.3830 	EXP 	Display Frame 0
529.5163 	EXP 	Display Frame 1
529.6261 	DATA 	Keypress: t
529.6330 	EXP 	Display Frame 0
529.7671 	EXP 	Display Frame 1
529.8832 	EXP 	Display Frame 0
530.0174 	EXP 	Display Frame 1
530.1335 	EXP 	Display Frame 0
530.1345 	DATA 	Keypress: t
530.2670 	EXP 	Display Frame 1
530.3843 	EXP 	Display Frame 0
530.5170 	EXP 	Display Frame 1
530.6344 	EXP 	Display Frame 0
530.7670 	EXP 	Display Frame 1
530.8845 	EXP 	Display Frame 0
531.0181 	EXP 	Display Frame 1
531.1345 	EXP 	Display Frame 0
531.2682 	EXP 	Display Frame 1
531.3845 	EXP 	Display Frame 0
531.5179 	EXP 	Display Frame 1
531.6357 	EXP 	Display Frame 0
531.7512 	DATA 	Keypress: t
531.7680 	EXP 	Display Frame 1
531.8857 	EXP 	Display Frame 0
532.0193 	EXP 	Display Frame 1
532.1350 	EXP 	Display Frame 0
532.2511 	DATA 	Keypress: t
532.2692 	EXP 	Display Frame 1
532.3853 	EXP 	Display Frame 0
532.5193 	EXP 	Display Frame 1
532.6361 	EXP 	Display Frame 0
532.7692 	EXP 	Display Frame 1
532.8851 	EXP 	Display Frame 0
533.0191 	EXP 	Display Frame 1
533.1350 	EXP 	Display Frame 0
533.2691 	EXP 	Display Frame 1
533.3852 	EXP 	Display Frame 0
533.5187 	EXP 	Display Frame 1
533.6352 	EXP 	Display Frame 0
533.7511 	DATA 	Keypress: t
533.7691 	EXP 	Display Frame 1
533.8852 	EXP 	Display Frame 0
534.0185 	EXP 	Display Frame 1
534.1349 	EXP 	Display Frame 0
534.2683 	EXP 	Display Frame 1
534.2690 	DATA 	Keypress: t
534.3856 	EXP 	Display Frame 0
534.5032 	EXP 	Display Frame 1
534.6352 	EXP 	Display Frame 0
534.7533 	EXP 	Display Frame 1
534.8851 	EXP 	Display Frame 0
535.0033 	EXP 	Display Frame 1
535.1350 	EXP 	Display Frame 0
535.2546 	EXP 	Display Frame 1
535.3852 	EXP 	Display Frame 0
535.5045 	EXP 	Display Frame 1
535.6351 	EXP 	Display Frame 0
535.7546 	EXP 	Display Frame 1
535.8761 	DATA 	Keypress: t
535.8857 	EXP 	Display Frame 0
536.0044 	EXP 	Display Frame 1
536.1350 	EXP 	Display Frame 0
536.2544 	EXP 	Display Frame 1
536.3762 	DATA 	Keypress: t
536.3857 	EXP 	Display Frame 0
536.5058 	EXP 	Display Frame 1
536.6351 	EXP 	Display Frame 0
536.7554 	EXP 	Display Frame 1
536.8851 	EXP 	Display Frame 0
537.0057 	EXP 	Display Frame 1
537.1349 	EXP 	Display Frame 0
537.2557 	EXP 	Display Frame 1
537.3850 	EXP 	Display Frame 0
537.5054 	EXP 	Display Frame 1
537.6351 	EXP 	Display Frame 0
537.7556 	EXP 	Display Frame 1
537.8761 	DATA 	Keypress: t
537.8846 	EXP 	Display Frame 0
537.8893 	EXP 	Display Fixation
538.3990 	DATA 	Keypress: t
539.9319 	DATA 	Keypress: t
711.6273 	DATA 	Keypress: escape
711.6620 	EXP 	topMsg: text = "Thank you very much! \n\nThat's it with the tapping"
711.6620 	EXP 	bottomMsg: text = "Please relax for the ramaining time \n\n Press 'q' or 'escape' to end the session."
711.6620 	EXP 	Display TheEnd
711.8125 	DATA 	Keypress: escape
