1.0195 	WARNING 	We strongly recommend you activate the PTB sound engine in PsychoPy prefs as the preferred audio engine. Its timing is vastly superior. Your prefs are currently set to use ['sounddevice', 'PTB', 'pyo', 'pygame'] (in that order).
12.5704 	INFO 	---START PARAMETERS---
12.5705 	INFO 	filename: TappingWithTrTiming_Movie_d3.py-1tt-8-Jan_10_0841
12.5705 	INFO 	subject: 1tt
12.5705 	INFO 	session: 8
12.5705 	INFO 	date: Jan_10_0841
12.5706 	INFO 	blockDur_TRs: 12
12.5706 	INFO 	condition: TapRight
12.5706 	INFO 	fixCrossPos: [0, 0]
12.5706 	INFO 	fixCrossSize: 100
12.5706 	INFO 	fullScreen: True
12.5706 	INFO 	movieFolder: Images/
12.5706 	INFO 	movieSize: (1600, 1000)
12.5706 	INFO 	nBlocks: 68
12.5706 	INFO 	promptDir: Text/
12.5706 	INFO 	restDur_TRs: 12
12.5706 	INFO 	screenColor: (128, 128, 128)
12.5707 	INFO 	screenToShow: 0
12.5707 	INFO 	skipPrompts: False
12.5707 	INFO 	tStartup_TRs: 0
12.5707 	INFO 	textHeight: 40
12.5707 	INFO 	triggerKey: t
12.5707 	INFO 	---END PARAMETERS---
13.6175 	INFO 	Loaded monitor calibration from ['2022_03_25 08:03']
15.6367 	WARNING 	Couldn't measure a consistent frame rate!
  - Is your graphics card set to sync to vertical blank?
  - Are you running other processes on your computer?

15.6375 	EXP 	Created win = Window(allowGUI=False, allowStencil=False, autoLog=True, backendConf=UNKNOWN, bitsMode=UNKNOWN, blendMode='avg', bpc=(8, 8, 8), color=array([128, 128, 128]), colorSpace='rgb255', depthBits=8, fullscr=<method-wrapper '__getattribute__' of attributeSetter object at 0x7fbe0caf3760>, gamma=None, gammaErrorPolicy='raise', lms=UNKNOWN, monitor=<psychopy.monitors.calibTools.Monitor object at 0x7fbe48361940>, multiSample=False, name='win', numSamples=2, pos=[0.0, 0.0], screen=0, size=array([3840, 2160]), stencilBits=0, stereo=False, units='deg', useFBO=False, useRetina=False, viewOri=0.0, viewPos=None, viewScale=None, waitBlanking=True, winType='pyglet')
15.6380 	EXP 	win: mouseVisible = True
15.6415 	EXP 	Created fixCross = ShapeStim(__class__=<class 'psychopy.visual.shape.ShapeStim'>, anchor=('center', 'center'), autoDraw=False, autoLog=True, closeShape=False, color=method-wrapper(...), colorSpace='rgb', contrast=None, depth=0, fillColor=array([0, 0, 0]), fillColorSpace='rgb', fillRGB=array([0, 0, 0]), interpolate=True, lineColor=array([-1., -1., -1.]), lineColorSpace='rgb', lineRGB=array([-1., -1., -1.]), lineWidth=3.0, name='fixCross', opacity=0.5, ori=0.0, pos=array([0., 0.]), size=array([1., 1.]), units='pix', vertices=ndarray(...), win=Window(...), windingRule=None)
15.6418 	WARNING 	TextStim.alignHoriz is deprecated. Use alignText and anchorHoriz attributes instead
15.6659 	EXP 	Created topMsg = TextStim(__class__=<class 'psychopy.visual.text.TextStim'>, alignHoriz='center', alignText='center', alignVert=method-wrapper(...), anchorHoriz='center', anchorVert='center', antialias=True, autoLog=True, bold=False, color=array([-1., -1., -1.]), colorSpace='rgb', contrast=1.0, depth=0, flipHoriz=False, flipVert=False, font='', fontFiles=[], height=0.1, italic=False, languageStyle='LTR', name='topMsg', opacity=1.0, ori=0.0, pos=array([0. , 0.5]), rgb=UNKNOWN, text='aaa', units='norm', win=Window(...), wrapWidth=1.5)
15.6661 	WARNING 	TextStim.alignHoriz is deprecated. Use alignText and anchorHoriz attributes instead
15.6689 	EXP 	Created bottomMsg = TextStim(__class__=<class 'psychopy.visual.text.TextStim'>, alignHoriz='center', alignText='center', alignVert=method-wrapper(...), anchorHoriz='center', anchorVert='center', antialias=True, autoLog=True, bold=False, color=array([-1., -1., -1.]), colorSpace='rgb', contrast=1.0, depth=0, flipHoriz=False, flipVert=False, font='', fontFiles=[], height=0.1, italic=False, languageStyle='LTR', name='bottomMsg', opacity=1.0, ori=0.0, pos=array([ 0. , -0.5]), rgb=UNKNOWN, text='bbb', units='norm', win=Window(...), wrapWidth=1.5)
15.7554 	EXP 	Created Movie Frame 0 = ImageStim(__class__=<class 'psychopy.visual.image.ImageStim'>, anchor=('center', 'center'), autoLog=True, color=array([1., 1., 1.]), colorSpace='rgb', contrast=1.0, depth=0, flipHoriz=False, flipVert=False, image='Images/right_0.png', interpolate=False, mask=None, maskParams=None, name='Movie Frame 0', opacity=1, ori=0.0, pos=array([0., 0.]), size=array([1600., 1000.]), texRes=128, units='pix', win=Window(...))
15.8441 	EXP 	Created Movie Frame 1 = ImageStim(__class__=<class 'psychopy.visual.image.ImageStim'>, anchor=('center', 'center'), autoLog=True, color=array([1., 1., 1.]), colorSpace='rgb', contrast=1.0, depth=0, flipHoriz=False, flipVert=False, image='Images/right_1.png', interpolate=False, mask=None, maskParams=None, name='Movie Frame 1', opacity=1, ori=0.0, pos=array([0., 0.]), size=array([1600., 1000.]), texRes=128, units='pix', win=Window(...))
15.9211 	EXP 	Created Movie Frame 2 = ImageStim(__class__=<class 'psychopy.visual.image.ImageStim'>, anchor=('center', 'center'), autoLog=True, color=array([1., 1., 1.]), colorSpace='rgb', contrast=1.0, depth=0, flipHoriz=False, flipVert=False, image='Images/right_2.png', interpolate=False, mask=None, maskParams=None, name='Movie Frame 2', opacity=1, ori=0.0, pos=array([0., 0.]), size=array([1600., 1000.]), texRes=128, units='pix', win=Window(...))
15.9973 	EXP 	Created Movie Frame 3 = ImageStim(__class__=<class 'psychopy.visual.image.ImageStim'>, anchor=('center', 'center'), autoLog=True, color=array([1., 1., 1.]), colorSpace='rgb', contrast=1.0, depth=0, flipHoriz=False, flipVert=False, image='Images/right_3.png', interpolate=False, mask=None, maskParams=None, name='Movie Frame 3', opacity=1, ori=0.0, pos=array([0., 0.]), size=array([1600., 1000.]), texRes=128, units='pix', win=Window(...))
16.0751 	EXP 	Created Movie Frame 4 = ImageStim(__class__=<class 'psychopy.visual.image.ImageStim'>, anchor=('center', 'center'), autoLog=True, color=array([1., 1., 1.]), colorSpace='rgb', contrast=1.0, depth=0, flipHoriz=False, flipVert=False, image='Images/right_4.png', interpolate=False, mask=None, maskParams=None, name='Movie Frame 4', opacity=1, ori=0.0, pos=array([0., 0.]), size=array([1600., 1000.]), texRes=128, units='pix', win=Window(...))
16.1531 	EXP 	Created Movie Frame 5 = ImageStim(__class__=<class 'psychopy.visual.image.ImageStim'>, anchor=('center', 'center'), autoLog=True, color=array([1., 1., 1.]), colorSpace='rgb', contrast=1.0, depth=0, flipHoriz=False, flipVert=False, image='Images/right_5.png', interpolate=False, mask=None, maskParams=None, name='Movie Frame 5', opacity=1, ori=0.0, pos=array([0., 0.]), size=array([1600., 1000.]), texRes=128, units='pix', win=Window(...))
16.2306 	EXP 	Created Movie Frame 6 = ImageStim(__class__=<class 'psychopy.visual.image.ImageStim'>, anchor=('center', 'center'), autoLog=True, color=array([1., 1., 1.]), colorSpace='rgb', contrast=1.0, depth=0, flipHoriz=False, flipVert=False, image='Images/right_6.png', interpolate=False, mask=None, maskParams=None, name='Movie Frame 6', opacity=1, ori=0.0, pos=array([0., 0.]), size=array([1600., 1000.]), texRes=128, units='pix', win=Window(...))
16.3068 	EXP 	Created Movie Frame 7 = ImageStim(__class__=<class 'psychopy.visual.image.ImageStim'>, anchor=('center', 'center'), autoLog=True, color=array([1., 1., 1.]), colorSpace='rgb', contrast=1.0, depth=0, flipHoriz=False, flipVert=False, image='Images/right_7.png', interpolate=False, mask=None, maskParams=None, name='Movie Frame 7', opacity=1, ori=0.0, pos=array([0., 0.]), size=array([1600., 1000.]), texRes=128, units='pix', win=Window(...))
16.3836 	EXP 	Created Movie Frame 8 = ImageStim(__class__=<class 'psychopy.visual.image.ImageStim'>, anchor=('center', 'center'), autoLog=True, color=array([1., 1., 1.]), colorSpace='rgb', contrast=1.0, depth=0, flipHoriz=False, flipVert=False, image='Images/right_8.png', interpolate=False, mask=None, maskParams=None, name='Movie Frame 8', opacity=1, ori=0.0, pos=array([0., 0.]), size=array([1600., 1000.]), texRes=128, units='pix', win=Window(...))
16.4623 	EXP 	Created Movie Frame 9 = ImageStim(__class__=<class 'psychopy.visual.image.ImageStim'>, anchor=('center', 'center'), autoLog=True, color=array([1., 1., 1.]), colorSpace='rgb', contrast=1.0, depth=0, flipHoriz=False, flipVert=False, image='Images/right_9.png', interpolate=False, mask=None, maskParams=None, name='Movie Frame 9', opacity=1, ori=0.0, pos=array([0., 0.]), size=array([1600., 1000.]), texRes=128, units='pix', win=Window(...))
16.4705 	EXP 	Created unnamed TextStim = TextStim(__class__=<class 'psychopy.visual.text.TextStim'>, alignHoriz=method-wrapper(...), alignText='center', alignVert=method-wrapper(...), anchorHoriz='center', anchorVert='center', antialias=True, autoLog=True, bold=False, color=array([-1., -1., -1.]), colorSpace='rgb', contrast=1.0, depth=0, flipHoriz=False, flipVert=False, font='', fontFiles=[], height=40.0, italic=False, languageStyle='LTR', name='unnamed TextStim', opacity=1.0, ori=0.0, pos=array([  0., 580.]), rgb=UNKNOWN, text='Tap along with the video.', units='pix', win=Window(...), wrapWidth=1600)
16.4946 	WARNING 	t of last frame was 858.26ms (=1/1)
16.4946 	EXP 	topMsg: height = 0.1
16.4946 	EXP 	topMsg: height = 0.1
16.4946 	EXP 	topMsg: text = 'You will see a movie of a finger tapping. When it is on the screen, try to use the hand indicated to tap your fingers at the same times as the movie does. When the fixation cross appears, relax and stare at the cross.'
16.4946 	EXP 	bottomMsg: height = 0.1
16.4946 	EXP 	bottomMsg: height = 0.1
16.4946 	EXP 	bottomMsg: text = 'The experiment will begin shortly'
16.4946 	EXP 	Display Instructions1
144.1981 	DATA 	Keypress: t
144.2080 	WARNING 	t of last frame was 127713.45ms (=1/0)
144.2080 	EXP 	topMsg: height = 0.1
144.2080 	EXP 	topMsg: height = 0.1
144.2080 	EXP 	topMsg: text = "Please don't move..."
144.2080 	EXP 	bottomMsg: height = 0.1
144.2080 	EXP 	bottomMsg: height = 0.1
144.2080 	EXP 	bottomMsg: text = ''
144.2080 	EXP 	PleaseDontMove
145.4125 	DATA 	Keypress: t
145.4158 	WARNING 	t of last frame was 1207.81ms (=1/0)
145.4158 	EXP 	Display Fixation
145.4159 	EXP 	---START EXPERIMENT---
145.4174 	EXP 	Display Fixation
150.3879 	DATA 	Keypress: t
151.6005 	DATA 	Keypress: t
156.5805 	DATA 	Keypress: t
157.7934 	DATA 	Keypress: t
162.7750 	DATA 	Keypress: t
163.9872 	DATA 	Keypress: t
168.9676 	DATA 	Keypress: t
170.1812 	DATA 	Keypress: t
175.1610 	DATA 	Keypress: t
176.3751 	DATA 	Keypress: t
181.3585 	DATA 	Keypress: t
182.5677 	DATA 	Keypress: t
182.5708 	WARNING 	t of last frame was 37153.35ms (=1/0)
182.6706 	WARNING 	Multiple dropped frames have occurred - I'll stop bothering you about them!
182.6706 	EXP 	Display Frame 1
182.7704 	EXP 	Display Frame 2
182.8702 	EXP 	Display Frame 3
182.9702 	EXP 	Display Frame 4
183.0704 	EXP 	Display Frame 5
183.1714 	EXP 	Display Frame 6
183.2701 	EXP 	Display Frame 7
183.3706 	EXP 	Display Frame 8
183.4699 	EXP 	Display Frame 9
183.5697 	EXP 	Display Frame 0
183.6695 	EXP 	Display Frame 1
183.7697 	EXP 	Display Frame 2
183.8697 	EXP 	Display Frame 3
183.9702 	EXP 	Display Frame 4
184.0698 	EXP 	Display Frame 5
184.1706 	EXP 	Display Frame 6
184.2697 	EXP 	Display Frame 7
184.3707 	EXP 	Display Frame 8
184.4697 	EXP 	Display Frame 9
184.5698 	EXP 	Display Frame 0
184.6696 	EXP 	Display Frame 1
184.7701 	EXP 	Display Frame 2
184.8698 	EXP 	Display Frame 3
184.9703 	EXP 	Display Frame 4
185.0705 	EXP 	Display Frame 5
185.1697 	EXP 	Display Frame 6
185.2697 	EXP 	Display Frame 7
185.3702 	EXP 	Display Frame 8
185.4695 	EXP 	Display Frame 9
185.5693 	EXP 	Display Frame 0
185.6693 	EXP 	Display Frame 1
185.7693 	EXP 	Display Frame 2
185.8693 	EXP 	Display Frame 3
185.9692 	EXP 	Display Frame 4
186.0692 	EXP 	Display Frame 5
186.1696 	EXP 	Display Frame 6
186.2697 	EXP 	Display Frame 7
186.3700 	EXP 	Display Frame 8
186.4698 	EXP 	Display Frame 9
186.5696 	EXP 	Display Frame 0
186.6702 	EXP 	Display Frame 1
186.7697 	EXP 	Display Frame 2
186.8698 	EXP 	Display Frame 3
186.9703 	EXP 	Display Frame 4
187.0709 	EXP 	Display Frame 5
187.1703 	EXP 	Display Frame 6
187.2696 	EXP 	Display Frame 7
187.3701 	EXP 	Display Frame 8
187.4697 	EXP 	Display Frame 9
187.5692 	DATA 	Keypress: t
187.5714 	EXP 	Display Frame 0
187.6697 	EXP 	Display Frame 1
187.7705 	EXP 	Display Frame 2
187.8697 	EXP 	Display Frame 3
187.9696 	EXP 	Display Frame 4
188.0703 	EXP 	Display Frame 5
188.1701 	EXP 	Display Frame 6
188.2697 	EXP 	Display Frame 7
188.3705 	EXP 	Display Frame 8
188.4703 	EXP 	Display Frame 9
188.5709 	EXP 	Display Frame 0
188.6697 	EXP 	Display Frame 1
188.7691 	DATA 	Keypress: t
188.7711 	EXP 	Display Frame 2
188.8707 	EXP 	Display Frame 3
188.9698 	EXP 	Display Frame 4
189.0705 	EXP 	Display Frame 5
189.1704 	EXP 	Display Frame 6
189.2700 	EXP 	Display Frame 7
189.3698 	EXP 	Display Frame 8
189.4696 	EXP 	Display Frame 9
189.5697 	EXP 	Display Frame 0
189.6697 	EXP 	Display Frame 1
189.7705 	EXP 	Display Frame 2
189.8697 	EXP 	Display Frame 3
189.9710 	EXP 	Display Frame 4
190.0702 	EXP 	Display Frame 5
190.1694 	EXP 	Display Frame 6
190.2696 	EXP 	Display Frame 7
190.3704 	EXP 	Display Frame 8
190.4701 	EXP 	Display Frame 9
190.5692 	EXP 	Display Frame 0
190.6693 	EXP 	Display Frame 1
190.7692 	EXP 	Display Frame 2
190.8693 	EXP 	Display Frame 3
190.9697 	EXP 	Display Frame 4
191.0698 	EXP 	Display Frame 5
191.1696 	EXP 	Display Frame 6
191.2702 	EXP 	Display Frame 7
191.3696 	EXP 	Display Frame 8
191.4696 	EXP 	Display Frame 9
191.5702 	EXP 	Display Frame 0
191.6697 	EXP 	Display Frame 1
191.7697 	EXP 	Display Frame 2
191.8701 	EXP 	Display Frame 3
191.9698 	EXP 	Display Frame 4
192.0696 	EXP 	Display Frame 5
192.1697 	EXP 	Display Frame 6
192.2697 	EXP 	Display Frame 7
192.3702 	EXP 	Display Frame 8
192.4702 	EXP 	Display Frame 9
192.5696 	EXP 	Display Frame 0
192.6697 	EXP 	Display Frame 1
192.7696 	EXP 	Display Frame 2
192.8696 	EXP 	Display Frame 3
192.9698 	EXP 	Display Frame 4
193.0704 	EXP 	Display Frame 5
193.1697 	EXP 	Display Frame 6
193.2697 	EXP 	Display Frame 7
193.3698 	EXP 	Display Frame 8
193.4709 	EXP 	Display Frame 9
193.5697 	EXP 	Display Frame 0
193.6697 	EXP 	Display Frame 1
193.7691 	DATA 	Keypress: t
193.7713 	EXP 	Display Frame 2
193.8703 	EXP 	Display Frame 3
193.9696 	EXP 	Display Frame 4
194.0708 	EXP 	Display Frame 5
194.1702 	EXP 	Display Frame 6
194.2697 	EXP 	Display Frame 7
194.3698 	EXP 	Display Frame 8
194.4697 	EXP 	Display Frame 9
194.5705 	EXP 	Display Frame 0
194.6697 	EXP 	Display Frame 1
194.7698 	EXP 	Display Frame 2
194.8701 	EXP 	Display Frame 3
194.9692 	DATA 	Keypress: t
194.9714 	EXP 	Display Frame 4
195.0703 	EXP 	Display Frame 5
195.1700 	EXP 	Display Frame 6
195.2697 	EXP 	Display Frame 7
195.3703 	EXP 	Display Frame 8
195.4704 	EXP 	Display Frame 9
195.5697 	EXP 	Display Frame 0
195.6697 	EXP 	Display Frame 1
195.7704 	EXP 	Display Frame 2
195.8697 	EXP 	Display Frame 3
195.9703 	EXP 	Display Frame 4
196.0697 	EXP 	Display Frame 5
196.1697 	EXP 	Display Frame 6
196.2697 	EXP 	Display Frame 7
196.3705 	EXP 	Display Frame 8
196.4697 	EXP 	Display Frame 9
196.5705 	EXP 	Display Frame 0
196.6696 	EXP 	Display Frame 1
196.7700 	EXP 	Display Frame 2
196.8704 	EXP 	Display Frame 3
196.9697 	EXP 	Display Frame 4
197.0698 	EXP 	Display Frame 5
197.1708 	EXP 	Display Frame 6
197.2697 	EXP 	Display Frame 7
197.3697 	EXP 	Display Frame 8
197.4704 	EXP 	Display Frame 9
197.5702 	EXP 	Display Frame 0
197.6697 	EXP 	Display Frame 1
197.7701 	EXP 	Display Frame 2
197.8705 	EXP 	Display Frame 3
197.9702 	EXP 	Display Frame 4
198.0697 	EXP 	Display Frame 5
198.1697 	EXP 	Display Frame 6
198.2696 	EXP 	Display Frame 7
198.3697 	EXP 	Display Frame 8
198.4701 	EXP 	Display Frame 9
198.5696 	EXP 	Display Frame 0
198.6697 	EXP 	Display Frame 1
198.7709 	EXP 	Display Frame 2
198.8697 	EXP 	Display Frame 3
198.9697 	EXP 	Display Frame 4
199.0697 	EXP 	Display Frame 5
199.1707 	EXP 	Display Frame 6
199.2702 	EXP 	Display Frame 7
199.3697 	EXP 	Display Frame 8
199.4700 	EXP 	Display Frame 9
199.5702 	EXP 	Display Frame 0
199.6696 	EXP 	Display Frame 1
199.7696 	EXP 	Display Frame 2
199.8697 	EXP 	Display Frame 3
199.9692 	DATA 	Keypress: t
199.9714 	EXP 	Display Frame 4
200.0696 	EXP 	Display Frame 5
200.1697 	EXP 	Display Frame 6
200.2707 	EXP 	Display Frame 7
200.3704 	EXP 	Display Frame 8
200.4697 	EXP 	Display Frame 9
200.5708 	EXP 	Display Frame 0
200.6705 	EXP 	Display Frame 1
200.7696 	EXP 	Display Frame 2
200.8705 	EXP 	Display Frame 3
200.9705 	EXP 	Display Frame 4
201.0697 	EXP 	Display Frame 5
201.1691 	DATA 	Keypress: t
201.1716 	EXP 	Display Frame 6
201.2703 	EXP 	Display Frame 7
201.3698 	EXP 	Display Frame 8
201.4699 	EXP 	Display Frame 9
201.5697 	EXP 	Display Frame 0
201.6699 	EXP 	Display Frame 1
201.7703 	EXP 	Display Frame 2
201.8697 	EXP 	Display Frame 3
201.9701 	EXP 	Display Frame 4
202.0705 	EXP 	Display Frame 5
202.1708 	EXP 	Display Frame 6
202.2696 	EXP 	Display Frame 7
202.3701 	EXP 	Display Frame 8
202.4700 	EXP 	Display Frame 9
202.5702 	EXP 	Display Frame 0
202.6701 	EXP 	Display Frame 1
202.7696 	EXP 	Display Frame 2
202.8703 	EXP 	Display Frame 3
202.9696 	EXP 	Display Frame 4
203.0697 	EXP 	Display Frame 5
203.1701 	EXP 	Display Frame 6
203.2698 	EXP 	Display Frame 7
203.3697 	EXP 	Display Frame 8
203.4699 	EXP 	Display Frame 9
203.5697 	EXP 	Display Frame 0
203.6704 	EXP 	Display Frame 1
203.7697 	EXP 	Display Frame 2
203.8697 	EXP 	Display Frame 3
203.9696 	EXP 	Display Frame 4
204.0697 	EXP 	Display Frame 5
204.1703 	EXP 	Display Frame 6
204.2697 	EXP 	Display Frame 7
204.3701 	EXP 	Display Frame 8
204.4708 	EXP 	Display Frame 9
204.5696 	EXP 	Display Frame 0
204.6696 	EXP 	Display Frame 1
204.7709 	EXP 	Display Frame 2
204.8697 	EXP 	Display Frame 3
204.9697 	EXP 	Display Frame 4
205.0702 	EXP 	Display Frame 5
205.1700 	EXP 	Display Frame 6
205.2708 	EXP 	Display Frame 7
205.3707 	EXP 	Display Frame 8
205.4696 	EXP 	Display Frame 9
205.5700 	EXP 	Display Frame 0
205.6697 	EXP 	Display Frame 1
205.7703 	EXP 	Display Frame 2
205.8696 	EXP 	Display Frame 3
205.9696 	EXP 	Display Frame 4
206.0697 	EXP 	Display Frame 5
206.1691 	DATA 	Keypress: t
206.1716 	EXP 	Display Frame 6
206.2697 	EXP 	Display Frame 7
206.3696 	EXP 	Display Frame 8
206.4706 	EXP 	Display Frame 9
206.5703 	EXP 	Display Frame 0
206.6696 	EXP 	Display Frame 1
206.7696 	EXP 	Display Frame 2
206.8701 	EXP 	Display Frame 3
206.9708 	EXP 	Display Frame 4
207.0696 	EXP 	Display Frame 5
207.1709 	EXP 	Display Frame 6
207.2696 	EXP 	Display Frame 7
207.3692 	DATA 	Keypress: t
207.3715 	EXP 	Display Frame 8
207.4696 	EXP 	Display Frame 9
207.5700 	EXP 	Display Frame 0
207.6708 	EXP 	Display Frame 1
207.7707 	EXP 	Display Frame 2
207.8696 	EXP 	Display Frame 3
207.9708 	EXP 	Display Frame 4
208.0697 	EXP 	Display Frame 5
208.1701 	EXP 	Display Frame 6
208.2700 	EXP 	Display Frame 7
208.3696 	EXP 	Display Frame 8
208.4696 	EXP 	Display Frame 9
208.5697 	EXP 	Display Frame 0
208.6697 	EXP 	Display Frame 1
208.7697 	EXP 	Display Frame 2
208.8696 	EXP 	Display Frame 3
208.9702 	EXP 	Display Frame 4
209.0701 	EXP 	Display Frame 5
209.1696 	EXP 	Display Frame 6
209.2696 	EXP 	Display Frame 7
209.3700 	EXP 	Display Frame 8
209.4708 	EXP 	Display Frame 9
209.5696 	EXP 	Display Frame 0
209.6697 	EXP 	Display Frame 1
209.7696 	EXP 	Display Frame 2
209.8696 	EXP 	Display Frame 3
209.9698 	EXP 	Display Frame 4
210.0716 	EXP 	Display Frame 5
210.1701 	EXP 	Display Frame 6
210.2697 	EXP 	Display Frame 7
210.3696 	EXP 	Display Frame 8
210.4696 	EXP 	Display Frame 9
210.5701 	EXP 	Display Frame 0
210.6698 	EXP 	Display Frame 1
210.7697 	EXP 	Display Frame 2
210.8696 	EXP 	Display Frame 3
210.9696 	EXP 	Display Frame 4
211.0696 	EXP 	Display Frame 5
211.1702 	EXP 	Display Frame 6
211.2707 	EXP 	Display Frame 7
211.3697 	EXP 	Display Frame 8
211.4708 	EXP 	Display Frame 9
211.5696 	EXP 	Display Frame 0
211.6698 	EXP 	Display Frame 1
211.7696 	EXP 	Display Frame 2
211.8702 	EXP 	Display Frame 3
211.9696 	EXP 	Display Frame 4
212.0697 	EXP 	Display Frame 5
212.1703 	EXP 	Display Frame 6
212.2696 	EXP 	Display Frame 7
212.3691 	DATA 	Keypress: t
212.3714 	EXP 	Display Frame 8
212.4700 	EXP 	Display Frame 9
212.5697 	EXP 	Display Frame 0
212.6703 	EXP 	Display Frame 1
212.7702 	EXP 	Display Frame 2
212.8696 	EXP 	Display Frame 3
212.9696 	EXP 	Display Frame 4
213.0700 	EXP 	Display Frame 5
213.1697 	EXP 	Display Frame 6
213.2697 	EXP 	Display Frame 7
213.3700 	EXP 	Display Frame 8
213.4697 	EXP 	Display Frame 9
213.5692 	DATA 	Keypress: t
213.5716 	EXP 	Display Frame 0
213.6696 	EXP 	Display Frame 1
213.7696 	EXP 	Display Frame 2
213.8696 	EXP 	Display Frame 3
213.9702 	EXP 	Display Frame 4
214.0696 	EXP 	Display Frame 5
214.1696 	EXP 	Display Frame 6
214.2696 	EXP 	Display Frame 7
214.3696 	EXP 	Display Frame 8
214.4696 	EXP 	Display Frame 9
214.5701 	EXP 	Display Frame 0
214.6697 	EXP 	Display Frame 1
214.7701 	EXP 	Display Frame 2
214.8696 	EXP 	Display Frame 3
214.9707 	EXP 	Display Frame 4
215.0698 	EXP 	Display Frame 5
215.1694 	EXP 	Display Frame 6
215.2698 	EXP 	Display Frame 7
215.3707 	EXP 	Display Frame 8
215.4696 	EXP 	Display Frame 9
215.5701 	EXP 	Display Frame 0
215.6704 	EXP 	Display Frame 1
215.7697 	EXP 	Display Frame 2
215.8701 	EXP 	Display Frame 3
215.9696 	EXP 	Display Frame 4
216.0703 	EXP 	Display Frame 5
216.1697 	EXP 	Display Frame 6
216.2696 	EXP 	Display Frame 7
216.3696 	EXP 	Display Frame 8
216.4696 	EXP 	Display Frame 9
216.5701 	EXP 	Display Frame 0
216.6696 	EXP 	Display Frame 1
216.7696 	EXP 	Display Frame 2
216.8696 	EXP 	Display Frame 3
216.9697 	EXP 	Display Frame 4
217.0696 	EXP 	Display Frame 5
217.1695 	EXP 	Display Frame 6
217.2696 	EXP 	Display Frame 7
217.3697 	EXP 	Display Frame 8
217.4696 	EXP 	Display Frame 9
217.5699 	EXP 	Display Frame 0
217.6696 	EXP 	Display Frame 1
217.7700 	EXP 	Display Frame 2
217.8704 	EXP 	Display Frame 3
217.9696 	EXP 	Display Frame 4
218.0696 	EXP 	Display Frame 5
218.1696 	EXP 	Display Frame 6
218.2696 	EXP 	Display Frame 7
218.3701 	EXP 	Display Frame 8
218.4696 	EXP 	Display Frame 9
218.5691 	DATA 	Keypress: t
218.5716 	EXP 	Display Frame 0
218.6700 	EXP 	Display Frame 1
218.7696 	EXP 	Display Frame 2
218.8697 	EXP 	Display Frame 3
218.9696 	EXP 	Display Frame 4
219.0707 	EXP 	Display Frame 5
219.1696 	EXP 	Display Frame 6
219.2697 	EXP 	Display Frame 7
219.3697 	EXP 	Display Frame 8
219.4696 	EXP 	Display Frame 9
219.5697 	EXP 	Display Frame 0
219.6696 	EXP 	Display Frame 1
219.7692 	DATA 	Keypress: t
219.7714 	EXP 	Display Frame 2
219.7904 	EXP 	Display Fixation
224.7089 	DATA 	Keypress: t
225.9224 	DATA 	Keypress: t
230.9033 	DATA 	Keypress: t
232.1165 	DATA 	Keypress: t
237.0963 	DATA 	Keypress: t
238.3096 	DATA 	Keypress: t
243.2896 	DATA 	Keypress: t
244.5033 	DATA 	Keypress: t
249.4834 	DATA 	Keypress: t
250.6957 	DATA 	Keypress: t
255.6774 	DATA 	Keypress: t
256.8904 	DATA 	Keypress: t
256.9943 	EXP 	Display Frame 1
257.0925 	EXP 	Display Frame 2
257.1924 	EXP 	Display Frame 3
257.2925 	EXP 	Display Frame 4
257.3926 	EXP 	Display Frame 5
257.4926 	EXP 	Display Frame 6
257.5925 	EXP 	Display Frame 7
257.6925 	EXP 	Display Frame 8
257.7926 	EXP 	Display Frame 9
257.8924 	EXP 	Display Frame 0
257.9923 	EXP 	Display Frame 1
258.0923 	EXP 	Display Frame 2
258.1924 	EXP 	Display Frame 3
258.2924 	EXP 	Display Frame 4
258.3924 	EXP 	Display Frame 5
258.4924 	EXP 	Display Frame 6
258.5924 	EXP 	Display Frame 7
258.6924 	EXP 	Display Frame 8
258.7924 	EXP 	Display Frame 9
258.8923 	EXP 	Display Frame 0
258.9924 	EXP 	Display Frame 1
259.0923 	EXP 	Display Frame 2
259.1923 	EXP 	Display Frame 3
259.2924 	EXP 	Display Frame 4
259.3924 	EXP 	Display Frame 5
259.4923 	EXP 	Display Frame 6
259.5924 	EXP 	Display Frame 7
259.6923 	EXP 	Display Frame 8
259.7923 	EXP 	Display Frame 9
259.8923 	EXP 	Display Frame 0
259.9924 	EXP 	Display Frame 1
260.0925 	EXP 	Display Frame 2
260.1925 	EXP 	Display Frame 3
260.2924 	EXP 	Display Frame 4
260.3923 	EXP 	Display Frame 5
260.4924 	EXP 	Display Frame 6
260.5923 	EXP 	Display Frame 7
260.6922 	EXP 	Display Frame 8
260.7919 	EXP 	Display Frame 9
260.8920 	EXP 	Display Frame 0
260.9919 	EXP 	Display Frame 1
261.0919 	EXP 	Display Frame 2
261.1919 	EXP 	Display Frame 3
261.2922 	EXP 	Display Frame 4
261.3923 	EXP 	Display Frame 5
261.4924 	EXP 	Display Frame 6
261.5924 	EXP 	Display Frame 7
261.6924 	EXP 	Display Frame 8
261.7923 	EXP 	Display Frame 9
261.8918 	DATA 	Keypress: t
261.8936 	EXP 	Display Frame 0
261.9923 	EXP 	Display Frame 1
262.0923 	EXP 	Display Frame 2
262.1924 	EXP 	Display Frame 3
262.2923 	EXP 	Display Frame 4
262.3924 	EXP 	Display Frame 5
262.4923 	EXP 	Display Frame 6
262.5922 	EXP 	Display Frame 7
262.6923 	EXP 	Display Frame 8
262.7925 	EXP 	Display Frame 9
262.8924 	EXP 	Display Frame 0
262.9925 	EXP 	Display Frame 1
263.0918 	DATA 	Keypress: t
263.0935 	EXP 	Display Frame 2
263.1927 	EXP 	Display Frame 3
263.2923 	EXP 	Display Frame 4
263.3923 	EXP 	Display Frame 5
263.4924 	EXP 	Display Frame 6
263.5924 	EXP 	Display Frame 7
263.6924 	EXP 	Display Frame 8
263.7923 	EXP 	Display Frame 9
263.8925 	EXP 	Display Frame 0
263.9922 	EXP 	Display Frame 1
264.0940 	EXP 	Display Frame 2
264.1924 	EXP 	Display Frame 3
264.2924 	EXP 	Display Frame 4
264.3924 	EXP 	Display Frame 5
264.4923 	EXP 	Display Frame 6
264.5923 	EXP 	Display Frame 7
264.6923 	EXP 	Display Frame 8
264.7924 	EXP 	Display Frame 9
264.8924 	EXP 	Display Frame 0
264.9924 	EXP 	Display Frame 1
265.0924 	EXP 	Display Frame 2
265.1923 	EXP 	Display Frame 3
265.2923 	EXP 	Display Frame 4
265.3922 	EXP 	Display Frame 5
265.4924 	EXP 	Display Frame 6
265.5925 	EXP 	Display Frame 7
265.6924 	EXP 	Display Frame 8
265.7924 	EXP 	Display Frame 9
265.8923 	EXP 	Display Frame 0
265.9923 	EXP 	Display Frame 1
266.0923 	EXP 	Display Frame 2
266.1924 	EXP 	Display Frame 3
266.2923 	EXP 	Display Frame 4
266.3923 	EXP 	Display Frame 5
266.4923 	EXP 	Display Frame 6
266.5922 	EXP 	Display Frame 7
266.6923 	EXP 	Display Frame 8
266.7922 	EXP 	Display Frame 9
266.8924 	EXP 	Display Frame 0
266.9923 	EXP 	Display Frame 1
267.0924 	EXP 	Display Frame 2
267.1923 	EXP 	Display Frame 3
267.2924 	EXP 	Display Frame 4
267.3923 	EXP 	Display Frame 5
267.4924 	EXP 	Display Frame 6
267.5920 	EXP 	Display Frame 7
267.6921 	EXP 	Display Frame 8
267.7920 	EXP 	Display Frame 9
267.8919 	EXP 	Display Frame 0
267.9920 	EXP 	Display Frame 1
268.0926 	DATA 	Keypress: t
268.0943 	EXP 	Display Frame 2
268.1920 	EXP 	Display Frame 3
268.2921 	EXP 	Display Frame 4
268.3921 	EXP 	Display Frame 5
268.4923 	EXP 	Display Frame 6
268.5921 	EXP 	Display Frame 7
268.6920 	EXP 	Display Frame 8
268.7919 	EXP 	Display Frame 9
268.8920 	EXP 	Display Frame 0
268.9922 	EXP 	Display Frame 1
269.0924 	EXP 	Display Frame 2
269.1925 	EXP 	Display Frame 3
269.2918 	DATA 	Keypress: t
269.2936 	EXP 	Display Frame 4
269.3928 	EXP 	Display Frame 5
269.4924 	EXP 	Display Frame 6
269.5923 	EXP 	Display Frame 7
269.6923 	EXP 	Display Frame 8
269.7924 	EXP 	Display Frame 9
269.8924 	EXP 	Display Frame 0
269.9922 	EXP 	Display Frame 1
270.0923 	EXP 	Display Frame 2
270.1922 	EXP 	Display Frame 3
270.2922 	EXP 	Display Frame 4
270.3924 	EXP 	Display Frame 5
270.4922 	EXP 	Display Frame 6
270.5922 	EXP 	Display Frame 7
270.6925 	EXP 	Display Frame 8
270.7922 	EXP 	Display Frame 9
270.8923 	EXP 	Display Frame 0
270.9922 	EXP 	Display Frame 1
271.0923 	EXP 	Display Frame 2
271.1924 	EXP 	Display Frame 3
271.2924 	EXP 	Display Frame 4
271.3923 	EXP 	Display Frame 5
271.4924 	EXP 	Display Frame 6
271.5923 	EXP 	Display Frame 7
271.6924 	EXP 	Display Frame 8
271.7923 	EXP 	Display Frame 9
271.8924 	EXP 	Display Frame 0
271.9924 	EXP 	Display Frame 1
272.0923 	EXP 	Display Frame 2
272.1924 	EXP 	Display Frame 3
272.2923 	EXP 	Display Frame 4
272.3924 	EXP 	Display Frame 5
272.4923 	EXP 	Display Frame 6
272.5923 	EXP 	Display Frame 7
272.6923 	EXP 	Display Frame 8
272.7923 	EXP 	Display Frame 9
272.8923 	EXP 	Display Frame 0
272.9923 	EXP 	Display Frame 1
273.0923 	EXP 	Display Frame 2
273.1925 	EXP 	Display Frame 3
273.2924 	EXP 	Display Frame 4
273.3923 	EXP 	Display Frame 5
273.4923 	EXP 	Display Frame 6
273.5923 	EXP 	Display Frame 7
273.6923 	EXP 	Display Frame 8
273.7924 	EXP 	Display Frame 9
273.8924 	EXP 	Display Frame 0
273.9923 	EXP 	Display Frame 1
274.0923 	EXP 	Display Frame 2
274.1923 	EXP 	Display Frame 3
274.2917 	DATA 	Keypress: t
274.2936 	EXP 	Display Frame 4
274.3924 	EXP 	Display Frame 5
274.4923 	EXP 	Display Frame 6
274.5923 	EXP 	Display Frame 7
274.6925 	EXP 	Display Frame 8
274.7924 	EXP 	Display Frame 9
274.8923 	EXP 	Display Frame 0
274.9923 	EXP 	Display Frame 1
275.0923 	EXP 	Display Frame 2
275.1923 	EXP 	Display Frame 3
275.2924 	EXP 	Display Frame 4
275.3923 	EXP 	Display Frame 5
275.4918 	DATA 	Keypress: t
275.4937 	EXP 	Display Frame 6
275.5923 	EXP 	Display Frame 7
275.6923 	EXP 	Display Frame 8
275.7923 	EXP 	Display Frame 9
275.8923 	EXP 	Display Frame 0
275.9923 	EXP 	Display Frame 1
276.0924 	EXP 	Display Frame 2
276.1923 	EXP 	Display Frame 3
276.2922 	EXP 	Display Frame 4
276.3923 	EXP 	Display Frame 5
276.4922 	EXP 	Display Frame 6
276.5923 	EXP 	Display Frame 7
276.6923 	EXP 	Display Frame 8
276.7922 	EXP 	Display Frame 9
276.8923 	EXP 	Display Frame 0
276.9921 	EXP 	Display Frame 1
277.0923 	EXP 	Display Frame 2
277.1924 	EXP 	Display Frame 3
277.2923 	EXP 	Display Frame 4
277.3923 	EXP 	Display Frame 5
277.4923 	EXP 	Display Frame 6
277.5923 	EXP 	Display Frame 7
277.6922 	EXP 	Display Frame 8
277.7923 	EXP 	Display Frame 9
277.8923 	EXP 	Display Frame 0
277.9924 	EXP 	Display Frame 1
278.0924 	EXP 	Display Frame 2
278.1923 	EXP 	Display Frame 3
278.2924 	EXP 	Display Frame 4
278.3923 	EXP 	Display Frame 5
278.4923 	EXP 	Display Frame 6
278.5923 	EXP 	Display Frame 7
278.6924 	EXP 	Display Frame 8
278.7923 	EXP 	Display Frame 9
278.8923 	EXP 	Display Frame 0
278.9923 	EXP 	Display Frame 1
279.0923 	EXP 	Display Frame 2
279.1924 	EXP 	Display Frame 3
279.2923 	EXP 	Display Frame 4
279.3924 	EXP 	Display Frame 5
279.4923 	EXP 	Display Frame 6
279.5923 	EXP 	Display Frame 7
279.6923 	EXP 	Display Frame 8
279.7924 	EXP 	Display Frame 9
279.8924 	EXP 	Display Frame 0
279.9923 	EXP 	Display Frame 1
280.0923 	EXP 	Display Frame 2
280.1924 	EXP 	Display Frame 3
280.2923 	EXP 	Display Frame 4
280.3923 	EXP 	Display Frame 5
280.4918 	DATA 	Keypress: t
280.4938 	EXP 	Display Frame 6
280.5923 	EXP 	Display Frame 7
280.6924 	EXP 	Display Frame 8
280.7923 	EXP 	Display Frame 9
280.8923 	EXP 	Display Frame 0
280.9923 	EXP 	Display Frame 1
281.0923 	EXP 	Display Frame 2
281.1923 	EXP 	Display Frame 3
281.2923 	EXP 	Display Frame 4
281.3924 	EXP 	Display Frame 5
281.4923 	EXP 	Display Frame 6
281.5923 	EXP 	Display Frame 7
281.6918 	DATA 	Keypress: t
281.6936 	EXP 	Display Frame 8
281.7924 	EXP 	Display Frame 9
281.8924 	EXP 	Display Frame 0
281.9922 	EXP 	Display Frame 1
282.0925 	EXP 	Display Frame 2
282.1923 	EXP 	Display Frame 3
282.2923 	EXP 	Display Frame 4
282.3923 	EXP 	Display Frame 5
282.4923 	EXP 	Display Frame 6
282.5923 	EXP 	Display Frame 7
282.6924 	EXP 	Display Frame 8
282.7921 	EXP 	Display Frame 9
282.8923 	EXP 	Display Frame 0
282.9924 	EXP 	Display Frame 1
283.0923 	EXP 	Display Frame 2
283.1923 	EXP 	Display Frame 3
283.2923 	EXP 	Display Frame 4
283.3923 	EXP 	Display Frame 5
283.4924 	EXP 	Display Frame 6
283.5923 	EXP 	Display Frame 7
283.6923 	EXP 	Display Frame 8
283.7924 	EXP 	Display Frame 9
283.8923 	EXP 	Display Frame 0
283.9923 	EXP 	Display Frame 1
284.0923 	EXP 	Display Frame 2
284.1923 	EXP 	Display Frame 3
284.2924 	EXP 	Display Frame 4
284.3923 	EXP 	Display Frame 5
284.4923 	EXP 	Display Frame 6
284.5923 	EXP 	Display Frame 7
284.6923 	EXP 	Display Frame 8
284.7924 	EXP 	Display Frame 9
284.8923 	EXP 	Display Frame 0
284.9924 	EXP 	Display Frame 1
285.0923 	EXP 	Display Frame 2
285.1923 	EXP 	Display Frame 3
285.2924 	EXP 	Display Frame 4
285.3923 	EXP 	Display Frame 5
285.4924 	EXP 	Display Frame 6
285.5924 	EXP 	Display Frame 7
285.6923 	EXP 	Display Frame 8
285.7922 	EXP 	Display Frame 9
285.8923 	EXP 	Display Frame 0
285.9922 	EXP 	Display Frame 1
286.0923 	EXP 	Display Frame 2
286.1923 	EXP 	Display Frame 3
286.2923 	EXP 	Display Frame 4
286.3923 	EXP 	Display Frame 5
286.4923 	EXP 	Display Frame 6
286.5923 	EXP 	Display Frame 7
286.6918 	DATA 	Keypress: t
286.6938 	EXP 	Display Frame 8
286.7923 	EXP 	Display Frame 9
286.8923 	EXP 	Display Frame 0
286.9924 	EXP 	Display Frame 1
287.0922 	EXP 	Display Frame 2
287.1922 	EXP 	Display Frame 3
287.2924 	EXP 	Display Frame 4
287.3924 	EXP 	Display Frame 5
287.4921 	EXP 	Display Frame 6
287.5924 	EXP 	Display Frame 7
287.6923 	EXP 	Display Frame 8
287.7922 	EXP 	Display Frame 9
287.8918 	DATA 	Keypress: t
287.8938 	EXP 	Display Frame 0
287.9922 	EXP 	Display Frame 1
288.0923 	EXP 	Display Frame 2
288.1923 	EXP 	Display Frame 3
288.2923 	EXP 	Display Frame 4
288.3923 	EXP 	Display Frame 5
288.4922 	EXP 	Display Frame 6
288.5923 	EXP 	Display Frame 7
288.6923 	EXP 	Display Frame 8
288.7923 	EXP 	Display Frame 9
288.8923 	EXP 	Display Frame 0
288.9923 	EXP 	Display Frame 1
289.0922 	EXP 	Display Frame 2
289.1924 	EXP 	Display Frame 3
289.2924 	EXP 	Display Frame 4
289.3924 	EXP 	Display Frame 5
289.4923 	EXP 	Display Frame 6
289.5923 	EXP 	Display Frame 7
289.6924 	EXP 	Display Frame 8
289.7924 	EXP 	Display Frame 9
289.8921 	EXP 	Display Frame 0
289.9920 	EXP 	Display Frame 1
290.0921 	EXP 	Display Frame 2
290.1924 	EXP 	Display Frame 3
290.2923 	EXP 	Display Frame 4
290.3923 	EXP 	Display Frame 5
290.4923 	EXP 	Display Frame 6
290.5923 	EXP 	Display Frame 7
290.6923 	EXP 	Display Frame 8
290.7923 	EXP 	Display Frame 9
290.8922 	EXP 	Display Frame 0
290.9924 	EXP 	Display Frame 1
291.0923 	EXP 	Display Frame 2
291.1923 	EXP 	Display Frame 3
291.2924 	EXP 	Display Frame 4
291.3923 	EXP 	Display Frame 5
291.4923 	EXP 	Display Frame 6
291.5924 	EXP 	Display Frame 7
291.6923 	EXP 	Display Frame 8
291.7924 	EXP 	Display Frame 9
291.8923 	EXP 	Display Frame 0
291.9938 	EXP 	Display Frame 1
292.0923 	EXP 	Display Frame 2
292.1924 	EXP 	Display Frame 3
292.2923 	EXP 	Display Frame 4
292.3923 	EXP 	Display Frame 5
292.4924 	EXP 	Display Frame 6
292.5924 	EXP 	Display Frame 7
292.6924 	EXP 	Display Frame 8
292.7923 	EXP 	Display Frame 9
292.8918 	DATA 	Keypress: t
292.8938 	EXP 	Display Frame 0
292.9923 	EXP 	Display Frame 1
293.0924 	EXP 	Display Frame 2
293.1923 	EXP 	Display Frame 3
293.2923 	EXP 	Display Frame 4
293.3924 	EXP 	Display Frame 5
293.4924 	EXP 	Display Frame 6
293.5923 	EXP 	Display Frame 7
293.6947 	EXP 	Display Frame 8
293.7924 	EXP 	Display Frame 9
293.8923 	EXP 	Display Frame 0
293.9925 	EXP 	Display Frame 1
294.0918 	DATA 	Keypress: t
294.0937 	EXP 	Display Frame 2
294.0959 	EXP 	Display Fixation
299.0319 	DATA 	Keypress: t
300.2446 	DATA 	Keypress: t
305.2246 	DATA 	Keypress: t
306.4376 	DATA 	Keypress: t
311.4179 	DATA 	Keypress: t
312.6317 	DATA 	Keypress: t
317.6117 	DATA 	Keypress: t
318.8245 	DATA 	Keypress: t
323.8048 	DATA 	Keypress: t
325.0188 	DATA 	Keypress: t
329.9985 	DATA 	Keypress: t
331.2109 	DATA 	Keypress: t
331.3134 	EXP 	Display Frame 1
331.4131 	EXP 	Display Frame 2
331.5131 	EXP 	Display Frame 3
331.6136 	EXP 	Display Frame 4
331.7135 	EXP 	Display Frame 5
331.8135 	EXP 	Display Frame 6
331.9137 	EXP 	Display Frame 7
332.0134 	EXP 	Display Frame 8
332.1136 	EXP 	Display Frame 9
332.2136 	EXP 	Display Frame 0
332.3135 	EXP 	Display Frame 1
332.4134 	EXP 	Display Frame 2
332.5133 	EXP 	Display Frame 3
332.6136 	EXP 	Display Frame 4
332.7133 	EXP 	Display Frame 5
332.8131 	EXP 	Display Frame 6
332.9133 	EXP 	Display Frame 7
333.0130 	EXP 	Display Frame 8
333.1133 	EXP 	Display Frame 9
333.2132 	EXP 	Display Frame 0
333.3133 	EXP 	Display Frame 1
333.4132 	EXP 	Display Frame 2
333.5133 	EXP 	Display Frame 3
333.6133 	EXP 	Display Frame 4
333.7134 	EXP 	Display Frame 5
333.8133 	EXP 	Display Frame 6
333.9135 	EXP 	Display Frame 7
334.0130 	EXP 	Display Frame 8
334.1131 	EXP 	Display Frame 9
334.2133 	EXP 	Display Frame 0
334.3135 	EXP 	Display Frame 1
334.4134 	EXP 	Display Frame 2
334.5133 	EXP 	Display Frame 3
334.6134 	EXP 	Display Frame 4
334.7133 	EXP 	Display Frame 5
334.8134 	EXP 	Display Frame 6
334.9133 	EXP 	Display Frame 7
335.0135 	EXP 	Display Frame 8
335.1134 	EXP 	Display Frame 9
335.2132 	EXP 	Display Frame 0
335.3133 	EXP 	Display Frame 1
335.4133 	EXP 	Display Frame 2
335.5134 	EXP 	Display Frame 3
335.6133 	EXP 	Display Frame 4
335.7134 	EXP 	Display Frame 5
335.8130 	EXP 	Display Frame 6
335.9134 	EXP 	Display Frame 7
336.0133 	EXP 	Display Frame 8
336.1132 	EXP 	Display Frame 9
336.2124 	DATA 	Keypress: t
336.2146 	EXP 	Display Frame 0
336.3130 	EXP 	Display Frame 1
336.4134 	EXP 	Display Frame 2
336.5133 	EXP 	Display Frame 3
336.6134 	EXP 	Display Frame 4
336.7133 	EXP 	Display Frame 5
336.8134 	EXP 	Display Frame 6
336.9132 	EXP 	Display Frame 7
337.0134 	EXP 	Display Frame 8
337.1133 	EXP 	Display Frame 9
337.2135 	EXP 	Display Frame 0
337.3135 	EXP 	Display Frame 1
337.4125 	DATA 	Keypress: t
337.4145 	EXP 	Display Frame 2
337.5138 	EXP 	Display Frame 3
337.6131 	EXP 	Display Frame 4
337.7133 	EXP 	Display Frame 5
337.8133 	EXP 	Display Frame 6
337.9134 	EXP 	Display Frame 7
338.0133 	EXP 	Display Frame 8
338.1134 	EXP 	Display Frame 9
338.2133 	EXP 	Display Frame 0
338.3132 	EXP 	Display Frame 1
338.4133 	EXP 	Display Frame 2
338.5133 	EXP 	Display Frame 3
338.6134 	EXP 	Display Frame 4
338.7132 	EXP 	Display Frame 5
338.8128 	EXP 	Display Frame 6
338.9133 	EXP 	Display Frame 7
339.0133 	EXP 	Display Frame 8
339.1132 	EXP 	Display Frame 9
339.2135 	EXP 	Display Frame 0
339.3133 	EXP 	Display Frame 1
339.4134 	EXP 	Display Frame 2
339.5133 	EXP 	Display Frame 3
339.6132 	EXP 	Display Frame 4
339.7134 	EXP 	Display Frame 5
339.8131 	EXP 	Display Frame 6
339.9130 	EXP 	Display Frame 7
340.0133 	EXP 	Display Frame 8
340.1129 	EXP 	Display Frame 9
340.2133 	EXP 	Display Frame 0
340.3134 	EXP 	Display Frame 1
340.4133 	EXP 	Display Frame 2
340.5132 	EXP 	Display Frame 3
340.6133 	EXP 	Display Frame 4
340.7133 	EXP 	Display Frame 5
340.8134 	EXP 	Display Frame 6
340.9132 	EXP 	Display Frame 7
341.0134 	EXP 	Display Frame 8
341.1128 	EXP 	Display Frame 9
341.2132 	EXP 	Display Frame 0
341.3127 	EXP 	Display Frame 1
341.4133 	EXP 	Display Frame 2
341.5133 	EXP 	Display Frame 3
341.6132 	EXP 	Display Frame 4
341.7134 	EXP 	Display Frame 5
341.8133 	EXP 	Display Frame 6
341.9133 	EXP 	Display Frame 7
342.0132 	EXP 	Display Frame 8
342.1134 	EXP 	Display Frame 9
342.2137 	EXP 	Display Frame 0
342.3137 	EXP 	Display Frame 1
342.4123 	DATA 	Keypress: t
342.4143 	EXP 	Display Frame 2
342.5134 	EXP 	Display Frame 3
342.6133 	EXP 	Display Frame 4
342.7134 	EXP 	Display Frame 5
342.8132 	EXP 	Display Frame 6
342.9132 	EXP 	Display Frame 7
343.0133 	EXP 	Display Frame 8
343.1133 	EXP 	Display Frame 9
343.2134 	EXP 	Display Frame 0
343.3133 	EXP 	Display Frame 1
343.4130 	EXP 	Display Frame 2
343.5130 	EXP 	Display Frame 3
343.6124 	DATA 	Keypress: t
343.6145 	EXP 	Display Frame 4
343.7137 	EXP 	Display Frame 5
343.8135 	EXP 	Display Frame 6
343.9134 	EXP 	Display Frame 7
344.0133 	EXP 	Display Frame 8
344.1133 	EXP 	Display Frame 9
344.2133 	EXP 	Display Frame 0
344.3134 	EXP 	Display Frame 1
344.4133 	EXP 	Display Frame 2
344.5134 	EXP 	Display Frame 3
344.6133 	EXP 	Display Frame 4
344.7134 	EXP 	Display Frame 5
344.8129 	EXP 	Display Frame 6
344.9135 	EXP 	Display Frame 7
345.0133 	EXP 	Display Frame 8
345.1132 	EXP 	Display Frame 9
345.2134 	EXP 	Display Frame 0
345.3133 	EXP 	Display Frame 1
345.4134 	EXP 	Display Frame 2
345.5133 	EXP 	Display Frame 3
345.6134 	EXP 	Display Frame 4
345.7131 	EXP 	Display Frame 5
345.8135 	EXP 	Display Frame 6
345.9133 	EXP 	Display Frame 7
346.0133 	EXP 	Display Frame 8
346.1130 	EXP 	Display Frame 9
346.2133 	EXP 	Display Frame 0
346.3134 	EXP 	Display Frame 1
346.4132 	EXP 	Display Frame 2
346.5134 	EXP 	Display Frame 3
346.6133 	EXP 	Display Frame 4
346.7134 	EXP 	Display Frame 5
346.8133 	EXP 	Display Frame 6
346.9132 	EXP 	Display Frame 7
347.0129 	EXP 	Display Frame 8
347.1132 	EXP 	Display Frame 9
347.2134 	EXP 	Display Frame 0
347.3133 	EXP 	Display Frame 1
347.4134 	EXP 	Display Frame 2
347.5134 	EXP 	Display Frame 3
347.6134 	EXP 	Display Frame 4
347.7132 	EXP 	Display Frame 5
347.8135 	EXP 	Display Frame 6
347.9133 	EXP 	Display Frame 7
348.0135 	EXP 	Display Frame 8
348.1134 	EXP 	Display Frame 9
348.2133 	EXP 	Display Frame 0
348.3134 	EXP 	Display Frame 1
348.4133 	EXP 	Display Frame 2
348.5134 	EXP 	Display Frame 3
348.6124 	DATA 	Keypress: t
348.6149 	EXP 	Display Frame 4
348.7134 	EXP 	Display Frame 5
348.8133 	EXP 	Display Frame 6
348.9134 	EXP 	Display Frame 7
349.0133 	EXP 	Display Frame 8
349.1131 	EXP 	Display Frame 9
349.2134 	EXP 	Display Frame 0
349.3137 	EXP 	Display Frame 1
349.4134 	EXP 	Display Frame 2
349.5131 	EXP 	Display Frame 3
349.6134 	EXP 	Display Frame 4
349.7133 	EXP 	Display Frame 5
349.8123 	DATA 	Keypress: t
349.8144 	EXP 	Display Frame 6
349.9132 	EXP 	Display Frame 7
350.0133 	EXP 	Display Frame 8
350.1132 	EXP 	Display Frame 9
350.2130 	EXP 	Display Frame 0
350.3133 	EXP 	Display Frame 1
350.4133 	EXP 	Display Frame 2
350.5133 	EXP 	Display Frame 3
350.6134 	EXP 	Display Frame 4
350.7134 	EXP 	Display Frame 5
350.8133 	EXP 	Display Frame 6
350.9134 	EXP 	Display Frame 7
351.0133 	EXP 	Display Frame 8
351.1135 	EXP 	Display Frame 9
351.2130 	EXP 	Display Frame 0
351.3132 	EXP 	Display Frame 1
351.4133 	EXP 	Display Frame 2
351.5131 	EXP 	Display Frame 3
351.6130 	EXP 	Display Frame 4
351.7133 	EXP 	Display Frame 5
351.8134 	EXP 	Display Frame 6
351.9132 	EXP 	Display Frame 7
352.0129 	EXP 	Display Frame 8
352.1130 	EXP 	Display Frame 9
352.2126 	EXP 	Display Frame 0
352.3132 	EXP 	Display Frame 1
352.4131 	EXP 	Display Frame 2
352.5130 	EXP 	Display Frame 3
352.6129 	EXP 	Display Frame 4
352.7134 	EXP 	Display Frame 5
352.8133 	EXP 	Display Frame 6
352.9130 	EXP 	Display Frame 7
353.0133 	EXP 	Display Frame 8
353.1134 	EXP 	Display Frame 9
353.2133 	EXP 	Display Frame 0
353.3135 	EXP 	Display Frame 1
353.4133 	EXP 	Display Frame 2
353.5134 	EXP 	Display Frame 3
353.6134 	EXP 	Display Frame 4
353.7133 	EXP 	Display Frame 5
353.8134 	EXP 	Display Frame 6
353.9132 	EXP 	Display Frame 7
354.0129 	EXP 	Display Frame 8
354.1134 	EXP 	Display Frame 9
354.2130 	EXP 	Display Frame 0
354.3133 	EXP 	Display Frame 1
354.4136 	EXP 	Display Frame 2
354.5133 	EXP 	Display Frame 3
354.6131 	EXP 	Display Frame 4
354.7134 	EXP 	Display Frame 5
354.8124 	DATA 	Keypress: t
354.8149 	EXP 	Display Frame 6
354.9134 	EXP 	Display Frame 7
355.0134 	EXP 	Display Frame 8
355.1134 	EXP 	Display Frame 9
355.2130 	EXP 	Display Frame 0
355.3135 	EXP 	Display Frame 1
355.4131 	EXP 	Display Frame 2
355.5135 	EXP 	Display Frame 3
355.6134 	EXP 	Display Frame 4
355.7135 	EXP 	Display Frame 5
355.8134 	EXP 	Display Frame 6
355.9132 	EXP 	Display Frame 7
356.0123 	DATA 	Keypress: t
356.0143 	EXP 	Display Frame 8
356.1133 	EXP 	Display Frame 9
356.2130 	EXP 	Display Frame 0
356.3133 	EXP 	Display Frame 1
356.4134 	EXP 	Display Frame 2
356.5134 	EXP 	Display Frame 3
356.6132 	EXP 	Display Frame 4
356.7130 	EXP 	Display Frame 5
356.8132 	EXP 	Display Frame 6
356.9134 	EXP 	Display Frame 7
357.0133 	EXP 	Display Frame 8
357.1132 	EXP 	Display Frame 9
357.2133 	EXP 	Display Frame 0
357.3133 	EXP 	Display Frame 1
357.4129 	EXP 	Display Frame 2
357.5130 	EXP 	Display Frame 3
357.6128 	EXP 	Display Frame 4
357.7128 	EXP 	Display Frame 5
357.8134 	EXP 	Display Frame 6
357.9132 	EXP 	Display Frame 7
358.0133 	EXP 	Display Frame 8
358.1131 	EXP 	Display Frame 9
358.2131 	EXP 	Display Frame 0
358.3129 	EXP 	Display Frame 1
358.4134 	EXP 	Display Frame 2
358.5133 	EXP 	Display Frame 3
358.6135 	EXP 	Display Frame 4
358.7132 	EXP 	Display Frame 5
358.8128 	EXP 	Display Frame 6
358.9133 	EXP 	Display Frame 7
359.0132 	EXP 	Display Frame 8
359.1134 	EXP 	Display Frame 9
359.2129 	EXP 	Display Frame 0
359.3129 	EXP 	Display Frame 1
359.4130 	EXP 	Display Frame 2
359.5130 	EXP 	Display Frame 3
359.6130 	EXP 	Display Frame 4
359.7130 	EXP 	Display Frame 5
359.8129 	EXP 	Display Frame 6
359.9131 	EXP 	Display Frame 7
360.0134 	EXP 	Display Frame 8
360.1129 	EXP 	Display Frame 9
360.2129 	EXP 	Display Frame 0
360.3133 	EXP 	Display Frame 1
360.4135 	EXP 	Display Frame 2
360.5133 	EXP 	Display Frame 3
360.6136 	EXP 	Display Frame 4
360.7133 	EXP 	Display Frame 5
360.8135 	EXP 	Display Frame 6
360.9134 	EXP 	Display Frame 7
361.0124 	DATA 	Keypress: t
361.0147 	EXP 	Display Frame 8
361.1134 	EXP 	Display Frame 9
361.2130 	EXP 	Display Frame 0
361.3134 	EXP 	Display Frame 1
361.4133 	EXP 	Display Frame 2
361.5135 	EXP 	Display Frame 3
361.6133 	EXP 	Display Frame 4
361.7133 	EXP 	Display Frame 5
361.8130 	EXP 	Display Frame 6
361.9127 	EXP 	Display Frame 7
362.0129 	EXP 	Display Frame 8
362.1130 	EXP 	Display Frame 9
362.2123 	DATA 	Keypress: t
362.2141 	EXP 	Display Frame 0
362.3133 	EXP 	Display Frame 1
362.4134 	EXP 	Display Frame 2
362.5133 	EXP 	Display Frame 3
362.6134 	EXP 	Display Frame 4
362.7133 	EXP 	Display Frame 5
362.8135 	EXP 	Display Frame 6
362.9131 	EXP 	Display Frame 7
363.0131 	EXP 	Display Frame 8
363.1133 	EXP 	Display Frame 9
363.2135 	EXP 	Display Frame 0
363.3134 	EXP 	Display Frame 1
363.4133 	EXP 	Display Frame 2
363.5134 	EXP 	Display Frame 3
363.6133 	EXP 	Display Frame 4
363.7134 	EXP 	Display Frame 5
363.8133 	EXP 	Display Frame 6
363.9134 	EXP 	Display Frame 7
364.0134 	EXP 	Display Frame 8
364.1132 	EXP 	Display Frame 9
364.2129 	EXP 	Display Frame 0
364.3132 	EXP 	Display Frame 1
364.4132 	EXP 	Display Frame 2
364.5132 	EXP 	Display Frame 3
364.6134 	EXP 	Display Frame 4
364.7133 	EXP 	Display Frame 5
364.8131 	EXP 	Display Frame 6
364.9128 	EXP 	Display Frame 7
365.0132 	EXP 	Display Frame 8
365.1134 	EXP 	Display Frame 9
365.2130 	EXP 	Display Frame 0
365.3133 	EXP 	Display Frame 1
365.4132 	EXP 	Display Frame 2
365.5135 	EXP 	Display Frame 3
365.6131 	EXP 	Display Frame 4
365.7134 	EXP 	Display Frame 5
365.8133 	EXP 	Display Frame 6
365.9134 	EXP 	Display Frame 7
366.0133 	EXP 	Display Frame 8
366.1132 	EXP 	Display Frame 9
366.2134 	EXP 	Display Frame 0
366.3132 	EXP 	Display Frame 1
366.4132 	EXP 	Display Frame 2
366.5133 	EXP 	Display Frame 3
366.6134 	EXP 	Display Frame 4
366.7133 	EXP 	Display Frame 5
366.8133 	EXP 	Display Frame 6
366.9133 	EXP 	Display Frame 7
367.0134 	EXP 	Display Frame 8
367.1134 	EXP 	Display Frame 9
367.2124 	DATA 	Keypress: t
367.2144 	EXP 	Display Frame 0
367.3133 	EXP 	Display Frame 1
367.4132 	EXP 	Display Frame 2
367.5134 	EXP 	Display Frame 3
367.6132 	EXP 	Display Frame 4
367.7134 	EXP 	Display Frame 5
367.8133 	EXP 	Display Frame 6
367.9134 	EXP 	Display Frame 7
368.0133 	EXP 	Display Frame 8
368.1132 	EXP 	Display Frame 9
368.2129 	EXP 	Display Frame 0
368.3129 	EXP 	Display Frame 1
368.4124 	DATA 	Keypress: t
368.4150 	EXP 	Display Frame 2
368.4251 	EXP 	Display Fixation
373.3530 	DATA 	Keypress: t
374.5670 	DATA 	Keypress: t
379.5470 	DATA 	Keypress: t
380.7598 	DATA 	Keypress: t
385.7399 	DATA 	Keypress: t
386.9532 	DATA 	Keypress: t
391.9335 	DATA 	Keypress: t
393.1469 	DATA 	Keypress: t
398.1267 	DATA 	Keypress: t
399.3400 	DATA 	Keypress: t
404.3209 	DATA 	Keypress: t
405.5340 	DATA 	Keypress: t
405.6364 	EXP 	Display Frame 1
405.7360 	EXP 	Display Frame 2
405.8361 	EXP 	Display Frame 3
405.9360 	EXP 	Display Frame 4
406.0360 	EXP 	Display Frame 5
406.1358 	EXP 	Display Frame 6
406.2355 	EXP 	Display Frame 7
406.3355 	EXP 	Display Frame 8
406.4355 	EXP 	Display Frame 9
406.5355 	EXP 	Display Frame 0
406.6356 	EXP 	Display Frame 1
406.7358 	EXP 	Display Frame 2
406.8360 	EXP 	Display Frame 3
406.9359 	EXP 	Display Frame 4
407.0359 	EXP 	Display Frame 5
407.1359 	EXP 	Display Frame 6
407.2359 	EXP 	Display Frame 7
407.3358 	EXP 	Display Frame 8
407.4359 	EXP 	Display Frame 9
407.5357 	EXP 	Display Frame 0
407.6360 	EXP 	Display Frame 1
407.7359 	EXP 	Display Frame 2
407.8359 	EXP 	Display Frame 3
407.9359 	EXP 	Display Frame 4
408.0359 	EXP 	Display Frame 5
408.1358 	EXP 	Display Frame 6
408.2357 	EXP 	Display Frame 7
408.3359 	EXP 	Display Frame 8
408.4358 	EXP 	Display Frame 9
408.5360 	EXP 	Display Frame 0
408.6359 	EXP 	Display Frame 1
408.7358 	EXP 	Display Frame 2
408.8359 	EXP 	Display Frame 3
408.9359 	EXP 	Display Frame 4
409.0359 	EXP 	Display Frame 5
409.1359 	EXP 	Display Frame 6
409.2359 	EXP 	Display Frame 7
409.3360 	EXP 	Display Frame 8
409.4359 	EXP 	Display Frame 9
409.5357 	EXP 	Display Frame 0
409.6359 	EXP 	Display Frame 1
409.7359 	EXP 	Display Frame 2
409.8359 	EXP 	Display Frame 3
409.9359 	EXP 	Display Frame 4
410.0359 	EXP 	Display Frame 5
410.1358 	EXP 	Display Frame 6
410.2357 	EXP 	Display Frame 7
410.3355 	EXP 	Display Frame 8
410.4355 	EXP 	Display Frame 9
410.5351 	DATA 	Keypress: t
410.5367 	EXP 	Display Frame 0
410.6356 	EXP 	Display Frame 1
410.7355 	EXP 	Display Frame 2
410.8358 	EXP 	Display Frame 3
410.9359 	EXP 	Display Frame 4
411.0360 	EXP 	Display Frame 5
411.1358 	EXP 	Display Frame 6
411.2359 	EXP 	Display Frame 7
411.3359 	EXP 	Display Frame 8
411.4359 	EXP 	Display Frame 9
411.5357 	EXP 	Display Frame 0
411.6359 	EXP 	Display Frame 1
411.7354 	DATA 	Keypress: t
411.7372 	EXP 	Display Frame 2
411.8363 	EXP 	Display Frame 3
411.9359 	EXP 	Display Frame 4
412.0359 	EXP 	Display Frame 5
412.1359 	EXP 	Display Frame 6
412.2357 	EXP 	Display Frame 7
412.3357 	EXP 	Display Frame 8
412.4359 	EXP 	Display Frame 9
412.5359 	EXP 	Display Frame 0
412.6359 	EXP 	Display Frame 1
412.7359 	EXP 	Display Frame 2
412.8359 	EXP 	Display Frame 3
412.9359 	EXP 	Display Frame 4
413.0359 	EXP 	Display Frame 5
413.1359 	EXP 	Display Frame 6
413.2359 	EXP 	Display Frame 7
413.3358 	EXP 	Display Frame 8
413.4358 	EXP 	Display Frame 9
413.5358 	EXP 	Display Frame 0
413.6356 	EXP 	Display Frame 1
413.7359 	EXP 	Display Frame 2
413.8358 	EXP 	Display Frame 3
413.9359 	EXP 	Display Frame 4
414.0357 	EXP 	Display Frame 5
414.1360 	EXP 	Display Frame 6
414.2357 	EXP 	Display Frame 7
414.3355 	EXP 	Display Frame 8
414.4355 	EXP 	Display Frame 9
414.5355 	EXP 	Display Frame 0
414.6357 	EXP 	Display Frame 1
414.7354 	EXP 	Display Frame 2
414.8354 	EXP 	Display Frame 3
414.9359 	EXP 	Display Frame 4
415.0359 	EXP 	Display Frame 5
415.1359 	EXP 	Display Frame 6
415.2359 	EXP 	Display Frame 7
415.3359 	EXP 	Display Frame 8
415.4359 	EXP 	Display Frame 9
415.5359 	EXP 	Display Frame 0
415.6359 	EXP 	Display Frame 1
415.7360 	EXP 	Display Frame 2
415.8359 	EXP 	Display Frame 3
415.9359 	EXP 	Display Frame 4
416.0359 	EXP 	Display Frame 5
416.1359 	EXP 	Display Frame 6
416.2357 	EXP 	Display Frame 7
416.3359 	EXP 	Display Frame 8
416.4359 	EXP 	Display Frame 9
416.5359 	EXP 	Display Frame 0
416.6359 	EXP 	Display Frame 1
416.7354 	DATA 	Keypress: t
416.7378 	EXP 	Display Frame 2
416.8358 	EXP 	Display Frame 3
416.9359 	EXP 	Display Frame 4
417.0359 	EXP 	Display Frame 5
417.1359 	EXP 	Display Frame 6
417.2359 	EXP 	Display Frame 7
417.3359 	EXP 	Display Frame 8
417.4358 	EXP 	Display Frame 9
417.5359 	EXP 	Display Frame 0
417.6357 	EXP 	Display Frame 1
417.7355 	EXP 	Display Frame 2
417.8355 	EXP 	Display Frame 3
417.9351 	DATA 	Keypress: t
417.9364 	EXP 	Display Frame 4
418.0358 	EXP 	Display Frame 5
418.1355 	EXP 	Display Frame 6
418.2355 	EXP 	Display Frame 7
418.3359 	EXP 	Display Frame 8
418.4359 	EXP 	Display Frame 9
418.5359 	EXP 	Display Frame 0
418.6359 	EXP 	Display Frame 1
418.7358 	EXP 	Display Frame 2
418.8358 	EXP 	Display Frame 3
418.9358 	EXP 	Display Frame 4
419.0359 	EXP 	Display Frame 5
419.1359 	EXP 	Display Frame 6
419.2359 	EXP 	Display Frame 7
419.3359 	EXP 	Display Frame 8
419.4357 	EXP 	Display Frame 9
419.5359 	EXP 	Display Frame 0
419.6359 	EXP 	Display Frame 1
419.7358 	EXP 	Display Frame 2
419.8359 	EXP 	Display Frame 3
419.9359 	EXP 	Display Frame 4
420.0359 	EXP 	Display Frame 5
420.1359 	EXP 	Display Frame 6
420.2358 	EXP 	Display Frame 7
420.3359 	EXP 	Display Frame 8
420.4360 	EXP 	Display Frame 9
420.5358 	EXP 	Display Frame 0
420.6360 	EXP 	Display Frame 1
420.7359 	EXP 	Display Frame 2
420.8359 	EXP 	Display Frame 3
420.9359 	EXP 	Display Frame 4
421.0359 	EXP 	Display Frame 5
421.1359 	EXP 	Display Frame 6
421.2360 	EXP 	Display Frame 7
421.3359 	EXP 	Display Frame 8
421.4359 	EXP 	Display Frame 9
421.5359 	EXP 	Display Frame 0
421.6359 	EXP 	Display Frame 1
421.7360 	EXP 	Display Frame 2
421.8359 	EXP 	Display Frame 3
421.9355 	EXP 	Display Frame 4
422.0355 	EXP 	Display Frame 5
422.1359 	EXP 	Display Frame 6
422.2359 	EXP 	Display Frame 7
422.3357 	EXP 	Display Frame 8
422.4359 	EXP 	Display Frame 9
422.5359 	EXP 	Display Frame 0
422.6359 	EXP 	Display Frame 1
422.7359 	EXP 	Display Frame 2
422.8359 	EXP 	Display Frame 3
422.9353 	DATA 	Keypress: t
422.9378 	EXP 	Display Frame 4
423.0358 	EXP 	Display Frame 5
423.1359 	EXP 	Display Frame 6
423.2359 	EXP 	Display Frame 7
423.3359 	EXP 	Display Frame 8
423.4359 	EXP 	Display Frame 9
423.5358 	EXP 	Display Frame 0
423.6359 	EXP 	Display Frame 1
423.7359 	EXP 	Display Frame 2
423.8359 	EXP 	Display Frame 3
423.9359 	EXP 	Display Frame 4
424.0359 	EXP 	Display Frame 5
424.1354 	DATA 	Keypress: t
424.1377 	EXP 	Display Frame 6
424.2359 	EXP 	Display Frame 7
424.3357 	EXP 	Display Frame 8
424.4359 	EXP 	Display Frame 9
424.5359 	EXP 	Display Frame 0
424.6359 	EXP 	Display Frame 1
424.7359 	EXP 	Display Frame 2
424.8360 	EXP 	Display Frame 3
424.9357 	EXP 	Display Frame 4
425.0357 	EXP 	Display Frame 5
425.1359 	EXP 	Display Frame 6
425.2359 	EXP 	Display Frame 7
425.3358 	EXP 	Display Frame 8
425.4359 	EXP 	Display Frame 9
425.5359 	EXP 	Display Frame 0
425.6358 	EXP 	Display Frame 1
425.7357 	EXP 	Display Frame 2
425.8355 	EXP 	Display Frame 3
425.9355 	EXP 	Display Frame 4
426.0353 	EXP 	Display Frame 5
426.1354 	EXP 	Display Frame 6
426.2355 	EXP 	Display Frame 7
426.3356 	EXP 	Display Frame 8
426.4355 	EXP 	Display Frame 9
426.5355 	EXP 	Display Frame 0
426.6356 	EXP 	Display Frame 1
426.7355 	EXP 	Display Frame 2
426.8359 	EXP 	Display Frame 3
426.9359 	EXP 	Display Frame 4
427.0359 	EXP 	Display Frame 5
427.1358 	EXP 	Display Frame 6
427.2359 	EXP 	Display Frame 7
427.3359 	EXP 	Display Frame 8
427.4359 	EXP 	Display Frame 9
427.5359 	EXP 	Display Frame 0
427.6361 	EXP 	Display Frame 1
427.7359 	EXP 	Display Frame 2
427.8359 	EXP 	Display Frame 3
427.9359 	EXP 	Display Frame 4
428.0360 	EXP 	Display Frame 5
428.1359 	EXP 	Display Frame 6
428.2359 	EXP 	Display Frame 7
428.3357 	EXP 	Display Frame 8
428.4355 	EXP 	Display Frame 9
428.5359 	EXP 	Display Frame 0
428.6359 	EXP 	Display Frame 1
428.7359 	EXP 	Display Frame 2
428.8359 	EXP 	Display Frame 3
428.9359 	EXP 	Display Frame 4
429.0359 	EXP 	Display Frame 5
429.1355 	DATA 	Keypress: t
429.1376 	EXP 	Display Frame 6
429.2360 	EXP 	Display Frame 7
429.3360 	EXP 	Display Frame 8
429.4360 	EXP 	Display Frame 9
429.5359 	EXP 	Display Frame 0
429.6359 	EXP 	Display Frame 1
429.7359 	EXP 	Display Frame 2
429.8360 	EXP 	Display Frame 3
429.9359 	EXP 	Display Frame 4
430.0360 	EXP 	Display Frame 5
430.1359 	EXP 	Display Frame 6
430.2362 	EXP 	Display Frame 7
430.3354 	DATA 	Keypress: t
430.3373 	EXP 	Display Frame 8
430.4360 	EXP 	Display Frame 9
430.5359 	EXP 	Display Frame 0
430.6360 	EXP 	Display Frame 1
430.7360 	EXP 	Display Frame 2
430.8359 	EXP 	Display Frame 3
430.9358 	EXP 	Display Frame 4
431.0358 	EXP 	Display Frame 5
431.1359 	EXP 	Display Frame 6
431.2359 	EXP 	Display Frame 7
431.3357 	EXP 	Display Frame 8
431.4358 	EXP 	Display Frame 9
431.5359 	EXP 	Display Frame 0
431.6361 	EXP 	Display Frame 1
431.7359 	EXP 	Display Frame 2
431.8360 	EXP 	Display Frame 3
431.9360 	EXP 	Display Frame 4
432.0360 	EXP 	Display Frame 5
432.1359 	EXP 	Display Frame 6
432.2359 	EXP 	Display Frame 7
432.3358 	EXP 	Display Frame 8
432.4359 	EXP 	Display Frame 9
432.5359 	EXP 	Display Frame 0
432.6359 	EXP 	Display Frame 1
432.7360 	EXP 	Display Frame 2
432.8360 	EXP 	Display Frame 3
432.9360 	EXP 	Display Frame 4
433.0359 	EXP 	Display Frame 5
433.1360 	EXP 	Display Frame 6
433.2359 	EXP 	Display Frame 7
433.3359 	EXP 	Display Frame 8
433.4358 	EXP 	Display Frame 9
433.5358 	EXP 	Display Frame 0
433.6360 	EXP 	Display Frame 1
433.7356 	EXP 	Display Frame 2
433.8358 	EXP 	Display Frame 3
433.9360 	EXP 	Display Frame 4
434.0360 	EXP 	Display Frame 5
434.1359 	EXP 	Display Frame 6
434.2360 	EXP 	Display Frame 7
434.3359 	EXP 	Display Frame 8
434.4359 	EXP 	Display Frame 9
434.5359 	EXP 	Display Frame 0
434.6359 	EXP 	Display Frame 1
434.7360 	EXP 	Display Frame 2
434.8359 	EXP 	Display Frame 3
434.9359 	EXP 	Display Frame 4
435.0359 	EXP 	Display Frame 5
435.1357 	EXP 	Display Frame 6
435.2359 	EXP 	Display Frame 7
435.3354 	DATA 	Keypress: t
435.3380 	EXP 	Display Frame 8
435.4360 	EXP 	Display Frame 9
435.5359 	EXP 	Display Frame 0
435.6360 	EXP 	Display Frame 1
435.7359 	EXP 	Display Frame 2
435.8358 	EXP 	Display Frame 3
435.9359 	EXP 	Display Frame 4
436.0360 	EXP 	Display Frame 5
436.1359 	EXP 	Display Frame 6
436.2358 	EXP 	Display Frame 7
436.3360 	EXP 	Display Frame 8
436.4359 	EXP 	Display Frame 9
436.5354 	DATA 	Keypress: t
436.5374 	EXP 	Display Frame 0
436.6360 	EXP 	Display Frame 1
436.7359 	EXP 	Display Frame 2
436.8360 	EXP 	Display Frame 3
436.9359 	EXP 	Display Frame 4
437.0359 	EXP 	Display Frame 5
437.1359 	EXP 	Display Frame 6
437.2359 	EXP 	Display Frame 7
437.3361 	EXP 	Display Frame 8
437.4359 	EXP 	Display Frame 9
437.5360 	EXP 	Display Frame 0
437.6360 	EXP 	Display Frame 1
437.7360 	EXP 	Display Frame 2
437.8359 	EXP 	Display Frame 3
437.9359 	EXP 	Display Frame 4
438.0359 	EXP 	Display Frame 5
438.1359 	EXP 	Display Frame 6
438.2360 	EXP 	Display Frame 7
438.3359 	EXP 	Display Frame 8
438.4359 	EXP 	Display Frame 9
438.5358 	EXP 	Display Frame 0
438.6359 	EXP 	Display Frame 1
438.7359 	EXP 	Display Frame 2
438.8359 	EXP 	Display Frame 3
438.9359 	EXP 	Display Frame 4
439.0360 	EXP 	Display Frame 5
439.1360 	EXP 	Display Frame 6
439.2359 	EXP 	Display Frame 7
439.3359 	EXP 	Display Frame 8
439.4359 	EXP 	Display Frame 9
439.5358 	EXP 	Display Frame 0
439.6359 	EXP 	Display Frame 1
439.7355 	EXP 	Display Frame 2
439.8359 	EXP 	Display Frame 3
439.9359 	EXP 	Display Frame 4
440.0359 	EXP 	Display Frame 5
440.1359 	EXP 	Display Frame 6
440.2359 	EXP 	Display Frame 7
440.3359 	EXP 	Display Frame 8
440.4359 	EXP 	Display Frame 9
440.5358 	EXP 	Display Frame 0
440.6359 	EXP 	Display Frame 1
440.7359 	EXP 	Display Frame 2
440.8360 	EXP 	Display Frame 3
440.9360 	EXP 	Display Frame 4
441.0359 	EXP 	Display Frame 5
441.1359 	EXP 	Display Frame 6
441.2359 	EXP 	Display Frame 7
441.3357 	EXP 	Display Frame 8
441.4359 	EXP 	Display Frame 9
441.5357 	EXP 	Display Frame 0
441.6359 	EXP 	Display Frame 1
441.7359 	EXP 	Display Frame 2
441.8360 	EXP 	Display Frame 3
441.9359 	EXP 	Display Frame 4
442.0360 	EXP 	Display Frame 5
442.1359 	EXP 	Display Frame 6
442.2362 	EXP 	Display Frame 7
442.3359 	EXP 	Display Frame 8
442.4359 	EXP 	Display Frame 9
442.5359 	EXP 	Display Frame 0
442.6359 	EXP 	Display Frame 1
442.7360 	EXP 	Display Frame 2
442.8360 	EXP 	Display Frame 3
442.9359 	EXP 	Display Frame 4
443.0360 	EXP 	Display Frame 5
443.1359 	EXP 	Display Frame 6
443.2359 	EXP 	Display Frame 7
443.3359 	EXP 	Display Frame 8
443.4359 	EXP 	Display Frame 9
443.5360 	EXP 	Display Frame 0
443.6360 	EXP 	Display Frame 1
443.7360 	EXP 	Display Frame 2
443.8359 	EXP 	Display Frame 3
443.9359 	EXP 	Display Frame 4
444.0358 	EXP 	Display Frame 5
444.1354 	DATA 	Keypress: escape
444.1367 	EXP 	Display Frame 6
444.1580 	EXP 	topMsg: height = 0.1
444.1580 	EXP 	topMsg: height = 0.1
444.1580 	EXP 	topMsg: text = "Thank you very much! \n\nThat's it with the tapping"
444.1580 	EXP 	bottomMsg: height = 0.1
444.1580 	EXP 	bottomMsg: height = 0.1
444.1580 	EXP 	bottomMsg: text = "Please relax for the ramaining time \n\n Press 'q' or 'escape' to end the session."
444.1580 	EXP 	Display TheEnd
445.1240 	DATA 	Keypress: q
445.2118 	EXP 	win: mouseVisible = True
