1.0427 	WARNING 	We strongly recommend you activate the PTB sound engine in PsychoPy prefs as the preferred audio engine. Its timing is vastly superior. Your prefs are currently set to use ['sounddevice', 'PTB', 'pyo', 'pygame'] (in that order).
8.8339 	INFO 	---START PARAMETERS---
8.8340 	INFO 	filename: TappingWithTrTiming_Movie_d3.py-1tt============-229-Aug_08_1718
8.8340 	INFO 	subject: 1tt============
8.8340 	INFO 	session: 229
8.8340 	INFO 	date: Aug_08_1718
8.8341 	INFO 	blockDur_TRs: 10
8.8341 	INFO 	condition: vis
8.8341 	INFO 	fixCrossPos: [0, 0]
8.8341 	INFO 	fixCrossSize: 100
8.8341 	INFO 	fullScreen: True
8.8341 	INFO 	movieFolder: Images/
8.8341 	INFO 	movieSize: (1600, 1600)
8.8341 	INFO 	nBlocks: 68
8.8341 	INFO 	promptDir: Text/
8.8341 	INFO 	restDur_TRs: 10
8.8341 	INFO 	screenColor: (128, 128, 128)
8.8341 	INFO 	screenToShow: 1
8.8341 	INFO 	skipPrompts: False
8.8341 	INFO 	tStartup_TRs: 0
8.8341 	INFO 	textHeight: 40
8.8341 	INFO 	triggerKey: equal
8.8341 	INFO 	---END PARAMETERS---
9.7307 	INFO 	Loaded monitor calibration from ['2022_03_25 08:03']
10.8991 	WARNING 	Couldn't measure a consistent frame rate!
  - Is your graphics card set to sync to vertical blank?
  - Are you running other processes on your computer?

10.9001 	EXP 	Created win = Window(allowGUI=False, allowStencil=False, autoLog=True, backendConf=UNKNOWN, bitsMode=UNKNOWN, blendMode='avg', bpc=(8, 8, 8), color=array([128, 128, 128]), colorSpace='rgb255', depthBits=8, fullscr=<method-wrapper '__getattribute__' of attributeSetter object at 0x7fc620b462e0>, gamma=None, gammaErrorPolicy='raise', lms=UNKNOWN, monitor=<psychopy.monitors.calibTools.Monitor object at 0x7fc6b0f51220>, multiSample=False, name='win', numSamples=2, pos=[0.0, 0.0], screen=1, size=array([1920, 1080]), stencilBits=0, stereo=False, units='deg', useFBO=False, useRetina=False, viewOri=0.0, viewPos=None, viewScale=None, waitBlanking=True, winType='pyglet')
10.9006 	EXP 	win: mouseVisible = True
10.9074 	EXP 	Created fixCross = ShapeStim(__class__=<class 'psychopy.visual.shape.ShapeStim'>, anchor=('center', 'center'), autoDraw=False, autoLog=True, closeShape=False, color=method-wrapper(...), colorSpace='rgb', contrast=None, depth=0, fillColor=array([0, 0, 0]), fillColorSpace='rgb', fillRGB=array([0, 0, 0]), interpolate=True, lineColor=array([-1., -1., -1.]), lineColorSpace='rgb', lineRGB=array([-1., -1., -1.]), lineWidth=3.0, name='fixCross', opacity=0.5, ori=0.0, pos=array([0., 0.]), size=array([1., 1.]), units='pix', vertices=ndarray(...), win=Window(...), windingRule=None)
10.9079 	WARNING 	TextStim.alignHoriz is deprecated. Use alignText and anchorHoriz attributes instead
10.9370 	EXP 	Created topMsg = TextStim(__class__=<class 'psychopy.visual.text.TextStim'>, alignHoriz='center', alignText='center', alignVert=method-wrapper(...), anchorHoriz='center', anchorVert='center', antialias=True, autoLog=True, bold=False, color=array([-1., -1., -1.]), colorSpace='rgb', contrast=1.0, depth=0, flipHoriz=False, flipVert=False, font='', fontFiles=[], height=0.1, italic=False, languageStyle='LTR', name='topMsg', opacity=1.0, ori=0.0, pos=array([0. , 0.5]), rgb=UNKNOWN, text='aaa', units='norm', win=Window(...), wrapWidth=1.5)
10.9371 	WARNING 	TextStim.alignHoriz is deprecated. Use alignText and anchorHoriz attributes instead
10.9395 	EXP 	Created bottomMsg = TextStim(__class__=<class 'psychopy.visual.text.TextStim'>, alignHoriz='center', alignText='center', alignVert=method-wrapper(...), anchorHoriz='center', anchorVert='center', antialias=True, autoLog=True, bold=False, color=array([-1., -1., -1.]), colorSpace='rgb', contrast=1.0, depth=0, flipHoriz=False, flipVert=False, font='', fontFiles=[], height=0.1, italic=False, languageStyle='LTR', name='bottomMsg', opacity=1.0, ori=0.0, pos=array([ 0. , -0.5]), rgb=UNKNOWN, text='bbb', units='norm', win=Window(...), wrapWidth=1.5)
10.9596 	EXP 	Created Movie Frame 0 = ImageStim(__class__=<class 'psychopy.visual.image.ImageStim'>, anchor=('center', 'center'), autoLog=True, color=array([1., 1., 1.]), colorSpace='rgb', contrast=1.0, depth=0, flipHoriz=False, flipVert=False, image='Images/visual_0.png', interpolate=False, mask=None, maskParams=None, name='Movie Frame 0', opacity=1, ori=0.0, pos=array([0., 0.]), size=array([1600., 1600.]), texRes=128, units='pix', win=Window(...))
10.9704 	EXP 	Created Movie Frame 1 = ImageStim(__class__=<class 'psychopy.visual.image.ImageStim'>, anchor=('center', 'center'), autoLog=True, color=array([1., 1., 1.]), colorSpace='rgb', contrast=1.0, depth=0, flipHoriz=False, flipVert=False, image='Images/visual_1.png', interpolate=False, mask=None, maskParams=None, name='Movie Frame 1', opacity=1, ori=0.0, pos=array([0., 0.]), size=array([1600., 1600.]), texRes=128, units='pix', win=Window(...))
10.9769 	EXP 	Created unnamed TextStim = TextStim(__class__=<class 'psychopy.visual.text.TextStim'>, alignHoriz=method-wrapper(...), alignText='center', alignVert=method-wrapper(...), anchorHoriz='center', anchorVert='center', antialias=True, autoLog=True, bold=False, color=array([-1., -1., -1.]), colorSpace='rgb', contrast=1.0, depth=0, flipHoriz=False, flipVert=False, font='', fontFiles=[], height=40.0, italic=False, languageStyle='LTR', name='unnamed TextStim', opacity=1.0, ori=0.0, pos=array([  0., 880.]), rgb=UNKNOWN, text='look at the center', units='pix', win=Window(...), wrapWidth=1600)
10.9933 	WARNING 	t of last frame was 94.41ms (=1/10)
10.9933 	EXP 	topMsg: height = 0.1
10.9933 	EXP 	topMsg: height = 0.1
10.9933 	EXP 	topMsg: text = 'You will see a flickering checkerboard. When it is on the screen, try to fixate the center of the checkerboard. When the fixation cross appears, relax and stare at the cross.'
10.9933 	EXP 	bottomMsg: height = 0.1
10.9933 	EXP 	bottomMsg: height = 0.1
10.9933 	EXP 	bottomMsg: text = 'The experiment will begin shortly'
10.9933 	EXP 	Display Instructions1
102.0141 	DATA 	Keypress: space
102.0291 	WARNING 	t of last frame was 91035.84ms (=1/0)
102.0291 	EXP 	topMsg: height = 0.1
102.0291 	EXP 	topMsg: height = 0.1
102.0291 	EXP 	topMsg: text = "Please don't move..."
102.0291 	EXP 	bottomMsg: height = 0.1
102.0291 	EXP 	bottomMsg: height = 0.1
102.0291 	EXP 	bottomMsg: text = ''
102.0291 	EXP 	PleaseDontMove
121.1315 	DATA 	Keypress: equal
121.1457 	WARNING 	t of last frame was 19116.56ms (=1/0)
121.1457 	EXP 	Display Fixation
121.1460 	EXP 	---START EXPERIMENT---
121.1479 	EXP 	Display Fixation
124.6988 	DATA 	Keypress: equal
128.2599 	DATA 	Keypress: equal
131.8243 	DATA 	Keypress: equal
135.3879 	DATA 	Keypress: equal
138.9522 	DATA 	Keypress: equal
142.5169 	DATA 	Keypress: equal
146.0801 	DATA 	Keypress: equal
149.6439 	DATA 	Keypress: equal
153.2083 	DATA 	Keypress: equal
156.7720 	DATA 	Keypress: equal
156.7829 	WARNING 	t of last frame was 35635.04ms (=1/0)
156.8992 	WARNING 	Multiple dropped frames have occurred - I'll stop bothering you about them!
156.8992 	EXP 	Display Frame 1
157.0241 	EXP 	Display Frame 0
157.1489 	EXP 	Display Frame 1
157.2738 	EXP 	Display Frame 0
157.3990 	EXP 	Display Frame 1
157.5245 	EXP 	Display Frame 0
157.6490 	EXP 	Display Frame 1
157.7738 	EXP 	Display Frame 0
157.8990 	EXP 	Display Frame 1
158.0240 	EXP 	Display Frame 0
158.1490 	EXP 	Display Frame 1
158.2739 	EXP 	Display Frame 0
158.3990 	EXP 	Display Frame 1
158.5240 	EXP 	Display Frame 0
158.6490 	EXP 	Display Frame 1
158.7739 	EXP 	Display Frame 0
158.8990 	EXP 	Display Frame 1
159.0240 	EXP 	Display Frame 0
159.1489 	EXP 	Display Frame 1
159.2740 	EXP 	Display Frame 0
159.3989 	EXP 	Display Frame 1
159.5240 	EXP 	Display Frame 0
159.6490 	EXP 	Display Frame 1
159.7737 	EXP 	Display Frame 0
159.8988 	EXP 	Display Frame 1
160.0238 	EXP 	Display Frame 0
160.1489 	EXP 	Display Frame 1
160.2739 	EXP 	Display Frame 0
160.3986 	DATA 	Keypress: equal
160.4007 	EXP 	Display Frame 1
160.5239 	EXP 	Display Frame 0
160.6489 	EXP 	Display Frame 1
160.7739 	EXP 	Display Frame 0
160.8989 	EXP 	Display Frame 1
161.0238 	EXP 	Display Frame 0
161.1489 	EXP 	Display Frame 1
161.2738 	EXP 	Display Frame 0
161.3989 	EXP 	Display Frame 1
161.5239 	EXP 	Display Frame 0
161.6490 	EXP 	Display Frame 1
161.7739 	EXP 	Display Frame 0
161.8990 	EXP 	Display Frame 1
162.0239 	EXP 	Display Frame 0
162.1489 	EXP 	Display Frame 1
162.2739 	EXP 	Display Frame 0
162.3989 	EXP 	Display Frame 1
162.5240 	EXP 	Display Frame 0
162.6490 	EXP 	Display Frame 1
162.7739 	EXP 	Display Frame 0
162.8989 	EXP 	Display Frame 1
163.0239 	EXP 	Display Frame 0
163.1488 	EXP 	Display Frame 1
163.2737 	EXP 	Display Frame 0
163.3989 	EXP 	Display Frame 1
163.5239 	EXP 	Display Frame 0
163.6489 	EXP 	Display Frame 1
163.7739 	EXP 	Display Frame 0
163.8989 	EXP 	Display Frame 1
164.0236 	DATA 	Keypress: equal
164.0257 	EXP 	Display Frame 0
164.1489 	EXP 	Display Frame 1
164.2739 	EXP 	Display Frame 0
164.3995 	EXP 	Display Frame 1
164.5239 	EXP 	Display Frame 0
164.6489 	EXP 	Display Frame 1
164.7740 	EXP 	Display Frame 0
164.8989 	EXP 	Display Frame 1
165.0237 	EXP 	Display Frame 0
165.1486 	EXP 	Display Frame 1
165.2738 	EXP 	Display Frame 0
165.3989 	EXP 	Display Frame 1
165.5238 	EXP 	Display Frame 0
165.6488 	EXP 	Display Frame 1
165.7739 	EXP 	Display Frame 0
165.8989 	EXP 	Display Frame 1
166.0237 	EXP 	Display Frame 0
166.1489 	EXP 	Display Frame 1
166.2739 	EXP 	Display Frame 0
166.3988 	EXP 	Display Frame 1
166.5239 	EXP 	Display Frame 0
166.6490 	EXP 	Display Frame 1
166.7739 	EXP 	Display Frame 0
166.8989 	EXP 	Display Frame 1
167.0240 	EXP 	Display Frame 0
167.1490 	EXP 	Display Frame 1
167.2740 	EXP 	Display Frame 0
167.3989 	EXP 	Display Frame 1
167.5239 	DATA 	Keypress: equal
167.5262 	EXP 	Display Frame 0
167.6488 	EXP 	Display Frame 1
167.7738 	EXP 	Display Frame 0
167.8990 	EXP 	Display Frame 1
168.0240 	EXP 	Display Frame 0
168.1490 	EXP 	Display Frame 1
168.2740 	EXP 	Display Frame 0
168.3990 	EXP 	Display Frame 1
168.5239 	EXP 	Display Frame 0
168.6490 	EXP 	Display Frame 1
168.7739 	EXP 	Display Frame 0
168.8989 	EXP 	Display Frame 1
169.0240 	EXP 	Display Frame 0
169.1491 	EXP 	Display Frame 1
169.2740 	EXP 	Display Frame 0
169.3990 	EXP 	Display Frame 1
169.5239 	EXP 	Display Frame 0
169.6489 	EXP 	Display Frame 1
169.7739 	EXP 	Display Frame 0
169.8988 	EXP 	Display Frame 1
170.0238 	EXP 	Display Frame 0
170.1488 	EXP 	Display Frame 1
170.2739 	EXP 	Display Frame 0
170.3987 	EXP 	Display Frame 1
170.5238 	EXP 	Display Frame 0
170.6489 	EXP 	Display Frame 1
170.7743 	EXP 	Display Frame 0
170.8989 	EXP 	Display Frame 1
171.0236 	EXP 	Display Frame 0
171.1485 	DATA 	Keypress: equal
171.1502 	EXP 	Display Frame 1
171.2739 	EXP 	Display Frame 0
171.3989 	EXP 	Display Frame 1
171.5238 	EXP 	Display Frame 0
171.6490 	EXP 	Display Frame 1
171.7740 	EXP 	Display Frame 0
171.8989 	EXP 	Display Frame 1
172.0240 	EXP 	Display Frame 0
172.1490 	EXP 	Display Frame 1
172.2739 	EXP 	Display Frame 0
172.3990 	EXP 	Display Frame 1
172.5240 	EXP 	Display Frame 0
172.6489 	EXP 	Display Frame 1
172.7739 	EXP 	Display Frame 0
172.8990 	EXP 	Display Frame 1
173.0239 	EXP 	Display Frame 0
173.1490 	EXP 	Display Frame 1
173.2740 	EXP 	Display Frame 0
173.3989 	EXP 	Display Frame 1
173.5240 	EXP 	Display Frame 0
173.6490 	EXP 	Display Frame 1
173.7740 	EXP 	Display Frame 0
173.8989 	EXP 	Display Frame 1
174.0240 	EXP 	Display Frame 0
174.1490 	EXP 	Display Frame 1
174.2739 	EXP 	Display Frame 0
174.3990 	EXP 	Display Frame 1
174.5240 	EXP 	Display Frame 0
174.6483 	DATA 	Keypress: equal
174.6502 	EXP 	Display Frame 1
174.7738 	EXP 	Display Frame 0
174.8989 	EXP 	Display Frame 1
175.0238 	EXP 	Display Frame 0
175.1489 	EXP 	Display Frame 1
175.2739 	EXP 	Display Frame 0
175.3988 	EXP 	Display Frame 1
175.5239 	EXP 	Display Frame 0
175.6490 	EXP 	Display Frame 1
175.7737 	EXP 	Display Frame 0
175.8989 	EXP 	Display Frame 1
176.0236 	EXP 	Display Frame 0
176.1487 	EXP 	Display Frame 1
176.2738 	EXP 	Display Frame 0
176.3990 	EXP 	Display Frame 1
176.5240 	EXP 	Display Frame 0
176.6490 	EXP 	Display Frame 1
176.7739 	EXP 	Display Frame 0
176.8991 	EXP 	Display Frame 1
177.0240 	EXP 	Display Frame 0
177.1490 	EXP 	Display Frame 1
177.2740 	EXP 	Display Frame 0
177.3988 	EXP 	Display Frame 1
177.5240 	EXP 	Display Frame 0
177.6489 	EXP 	Display Frame 1
177.7742 	EXP 	Display Frame 0
177.8990 	EXP 	Display Frame 1
178.0240 	EXP 	Display Frame 0
178.1490 	EXP 	Display Frame 1
178.2738 	DATA 	Keypress: equal
178.2760 	EXP 	Display Frame 0
178.3991 	EXP 	Display Frame 1
178.5238 	EXP 	Display Frame 0
178.6488 	EXP 	Display Frame 1
178.7738 	EXP 	Display Frame 0
178.8990 	EXP 	Display Frame 1
179.0239 	EXP 	Display Frame 0
179.1489 	EXP 	Display Frame 1
179.2739 	EXP 	Display Frame 0
179.3989 	EXP 	Display Frame 1
179.5240 	EXP 	Display Frame 0
179.6490 	EXP 	Display Frame 1
179.7739 	EXP 	Display Frame 0
179.8991 	EXP 	Display Frame 1
180.0240 	EXP 	Display Frame 0
180.1488 	EXP 	Display Frame 1
180.2738 	EXP 	Display Frame 0
180.3989 	EXP 	Display Frame 1
180.5239 	EXP 	Display Frame 0
180.6490 	EXP 	Display Frame 1
180.7739 	EXP 	Display Frame 0
180.8990 	EXP 	Display Frame 1
181.0236 	EXP 	Display Frame 0
181.1488 	EXP 	Display Frame 1
181.2739 	EXP 	Display Frame 0
181.3990 	EXP 	Display Frame 1
181.5238 	EXP 	Display Frame 0
181.6491 	EXP 	Display Frame 1
181.7737 	DATA 	Keypress: equal
181.7760 	EXP 	Display Frame 0
181.8991 	EXP 	Display Frame 1
182.0239 	EXP 	Display Frame 0
182.1491 	EXP 	Display Frame 1
182.2739 	EXP 	Display Frame 0
182.3991 	EXP 	Display Frame 1
182.5239 	EXP 	Display Frame 0
182.6491 	EXP 	Display Frame 1
182.7740 	EXP 	Display Frame 0
182.8991 	EXP 	Display Frame 1
183.0239 	EXP 	Display Frame 0
183.1491 	EXP 	Display Frame 1
183.2736 	EXP 	Display Frame 0
183.3990 	EXP 	Display Frame 1
183.5239 	EXP 	Display Frame 0
183.6490 	EXP 	Display Frame 1
183.7739 	EXP 	Display Frame 0
183.8991 	EXP 	Display Frame 1
184.0239 	EXP 	Display Frame 0
184.1491 	EXP 	Display Frame 1
184.2739 	EXP 	Display Frame 0
184.3991 	EXP 	Display Frame 1
184.5239 	EXP 	Display Frame 0
184.6495 	EXP 	Display Frame 1
184.7739 	EXP 	Display Frame 0
184.8989 	EXP 	Display Frame 1
185.0237 	EXP 	Display Frame 0
185.1491 	EXP 	Display Frame 1
185.2738 	EXP 	Display Frame 0
185.3986 	DATA 	Keypress: equal
185.4005 	EXP 	Display Frame 1
185.5239 	EXP 	Display Frame 0
185.6491 	EXP 	Display Frame 1
185.7739 	EXP 	Display Frame 0
185.8991 	EXP 	Display Frame 1
186.0236 	EXP 	Display Frame 0
186.1490 	EXP 	Display Frame 1
186.2738 	EXP 	Display Frame 0
186.3987 	EXP 	Display Frame 1
186.5239 	EXP 	Display Frame 0
186.6491 	EXP 	Display Frame 1
186.7738 	EXP 	Display Frame 0
186.8991 	EXP 	Display Frame 1
187.0239 	EXP 	Display Frame 0
187.1492 	EXP 	Display Frame 1
187.2740 	EXP 	Display Frame 0
187.3991 	EXP 	Display Frame 1
187.5240 	EXP 	Display Frame 0
187.6491 	EXP 	Display Frame 1
187.7740 	EXP 	Display Frame 0
187.8991 	EXP 	Display Frame 1
188.0239 	EXP 	Display Frame 0
188.1491 	EXP 	Display Frame 1
188.2740 	EXP 	Display Frame 0
188.3992 	EXP 	Display Frame 1
188.5239 	EXP 	Display Frame 0
188.6491 	EXP 	Display Frame 1
188.7739 	EXP 	Display Frame 0
188.8987 	DATA 	Keypress: equal
188.9003 	EXP 	Display Frame 1
189.0238 	EXP 	Display Frame 0
189.1491 	EXP 	Display Frame 1
189.2740 	EXP 	Display Frame 0
189.3991 	EXP 	Display Frame 1
189.5239 	EXP 	Display Frame 0
189.6491 	EXP 	Display Frame 1
189.7740 	EXP 	Display Frame 0
189.8991 	EXP 	Display Frame 1
190.0236 	EXP 	Display Frame 0
190.1490 	EXP 	Display Frame 1
190.2739 	EXP 	Display Frame 0
190.3991 	EXP 	Display Frame 1
190.5239 	EXP 	Display Frame 0
190.6491 	EXP 	Display Frame 1
190.7739 	EXP 	Display Frame 0
190.8991 	EXP 	Display Frame 1
191.0235 	EXP 	Display Frame 0
191.1491 	EXP 	Display Frame 1
191.2738 	EXP 	Display Frame 0
191.3990 	EXP 	Display Frame 1
191.5242 	EXP 	Display Frame 0
191.6490 	EXP 	Display Frame 1
191.7737 	EXP 	Display Frame 0
191.8991 	EXP 	Display Frame 1
192.0239 	EXP 	Display Frame 0
192.1491 	EXP 	Display Frame 1
192.2739 	EXP 	Display Frame 0
192.3991 	EXP 	Display Frame 1
192.5237 	DATA 	Keypress: equal
192.5259 	EXP 	Display Frame 0
192.5365 	EXP 	Display Fixation
195.9759 	DATA 	Keypress: equal
199.5403 	DATA 	Keypress: equal
203.1043 	DATA 	Keypress: equal
206.6685 	DATA 	Keypress: equal
210.2322 	DATA 	Keypress: equal
213.7959 	DATA 	Keypress: equal
217.3602 	DATA 	Keypress: equal
220.9246 	DATA 	Keypress: equal
224.4882 	DATA 	Keypress: equal
228.0525 	DATA 	Keypress: equal
228.1796 	EXP 	Display Frame 1
228.3046 	EXP 	Display Frame 0
228.4294 	EXP 	Display Frame 1
228.5545 	EXP 	Display Frame 0
228.6795 	EXP 	Display Frame 1
228.8044 	EXP 	Display Frame 0
228.9293 	EXP 	Display Frame 1
229.0540 	EXP 	Display Frame 0
229.1793 	EXP 	Display Frame 1
229.3045 	EXP 	Display Frame 0
229.4294 	EXP 	Display Frame 1
229.5545 	EXP 	Display Frame 0
229.6795 	EXP 	Display Frame 1
229.8044 	EXP 	Display Frame 0
229.9292 	EXP 	Display Frame 1
230.0545 	EXP 	Display Frame 0
230.1793 	EXP 	Display Frame 1
230.3041 	EXP 	Display Frame 0
230.4293 	EXP 	Display Frame 1
230.5541 	EXP 	Display Frame 0
230.6794 	EXP 	Display Frame 1
230.8044 	EXP 	Display Frame 0
230.9292 	EXP 	Display Frame 1
231.0542 	EXP 	Display Frame 0
231.1793 	EXP 	Display Frame 1
231.3044 	EXP 	Display Frame 0
231.4294 	EXP 	Display Frame 1
231.5544 	EXP 	Display Frame 0
231.6792 	DATA 	Keypress: equal
231.6812 	EXP 	Display Frame 1
231.8044 	EXP 	Display Frame 0
231.9292 	EXP 	Display Frame 1
232.0544 	EXP 	Display Frame 0
232.1794 	EXP 	Display Frame 1
232.3045 	EXP 	Display Frame 0
232.4294 	EXP 	Display Frame 1
232.5545 	EXP 	Display Frame 0
232.6794 	EXP 	Display Frame 1
232.8044 	EXP 	Display Frame 0
232.9293 	EXP 	Display Frame 1
233.0552 	EXP 	Display Frame 0
233.1795 	EXP 	Display Frame 1
233.3044 	EXP 	Display Frame 0
233.4294 	EXP 	Display Frame 1
233.5545 	EXP 	Display Frame 0
233.6795 	EXP 	Display Frame 1
233.8044 	EXP 	Display Frame 0
233.9293 	EXP 	Display Frame 1
234.0544 	EXP 	Display Frame 0
234.1794 	EXP 	Display Frame 1
234.3045 	EXP 	Display Frame 0
234.4291 	EXP 	Display Frame 1
234.5543 	EXP 	Display Frame 0
234.6793 	EXP 	Display Frame 1
234.8047 	EXP 	Display Frame 0
234.9292 	EXP 	Display Frame 1
235.0545 	EXP 	Display Frame 0
235.1793 	EXP 	Display Frame 1
235.3042 	DATA 	Keypress: equal
235.3063 	EXP 	Display Frame 0
235.4294 	EXP 	Display Frame 1
235.5543 	EXP 	Display Frame 0
235.6794 	EXP 	Display Frame 1
235.8045 	EXP 	Display Frame 0
235.9292 	EXP 	Display Frame 1
236.0543 	EXP 	Display Frame 0
236.1794 	EXP 	Display Frame 1
236.3044 	EXP 	Display Frame 0
236.4295 	EXP 	Display Frame 1
236.5545 	EXP 	Display Frame 0
236.6794 	EXP 	Display Frame 1
236.8044 	EXP 	Display Frame 0
236.9293 	EXP 	Display Frame 1
237.0544 	EXP 	Display Frame 0
237.1793 	EXP 	Display Frame 1
237.3044 	EXP 	Display Frame 0
237.4294 	EXP 	Display Frame 1
237.5544 	EXP 	Display Frame 0
237.6795 	EXP 	Display Frame 1
237.8044 	EXP 	Display Frame 0
237.9293 	EXP 	Display Frame 1
238.0544 	EXP 	Display Frame 0
238.1794 	EXP 	Display Frame 1
238.3043 	EXP 	Display Frame 0
238.4295 	EXP 	Display Frame 1
238.5545 	EXP 	Display Frame 0
238.6794 	EXP 	Display Frame 1
238.8041 	DATA 	Keypress: equal
238.8063 	EXP 	Display Frame 0
238.9292 	EXP 	Display Frame 1
239.0543 	EXP 	Display Frame 0
239.1794 	EXP 	Display Frame 1
239.3045 	EXP 	Display Frame 0
239.4294 	EXP 	Display Frame 1
239.5544 	EXP 	Display Frame 0
239.6794 	EXP 	Display Frame 1
239.8042 	EXP 	Display Frame 0
239.9290 	EXP 	Display Frame 1
240.0546 	EXP 	Display Frame 0
240.1792 	EXP 	Display Frame 1
240.3043 	EXP 	Display Frame 0
240.4295 	EXP 	Display Frame 1
240.5544 	EXP 	Display Frame 0
240.6794 	EXP 	Display Frame 1
240.8045 	EXP 	Display Frame 0
240.9293 	EXP 	Display Frame 1
241.0542 	EXP 	Display Frame 0
241.1794 	EXP 	Display Frame 1
241.3044 	EXP 	Display Frame 0
241.4294 	EXP 	Display Frame 1
241.5544 	EXP 	Display Frame 0
241.6795 	EXP 	Display Frame 1
241.8045 	EXP 	Display Frame 0
241.9292 	EXP 	Display Frame 1
242.0545 	EXP 	Display Frame 0
242.1794 	EXP 	Display Frame 1
242.3044 	EXP 	Display Frame 0
242.4292 	DATA 	Keypress: equal
242.4314 	EXP 	Display Frame 1
242.5543 	EXP 	Display Frame 0
242.6793 	EXP 	Display Frame 1
242.8045 	EXP 	Display Frame 0
242.9293 	EXP 	Display Frame 1
243.0544 	EXP 	Display Frame 0
243.1794 	EXP 	Display Frame 1
243.3045 	EXP 	Display Frame 0
243.4294 	EXP 	Display Frame 1
243.5545 	EXP 	Display Frame 0
243.6795 	EXP 	Display Frame 1
243.8044 	EXP 	Display Frame 0
243.9292 	EXP 	Display Frame 1
244.0544 	EXP 	Display Frame 0
244.1794 	EXP 	Display Frame 1
244.3044 	EXP 	Display Frame 0
244.4295 	EXP 	Display Frame 1
244.5544 	EXP 	Display Frame 0
244.6795 	EXP 	Display Frame 1
244.8044 	EXP 	Display Frame 0
244.9292 	EXP 	Display Frame 1
245.0542 	EXP 	Display Frame 0
245.1793 	EXP 	Display Frame 1
245.3044 	EXP 	Display Frame 0
245.4294 	EXP 	Display Frame 1
245.5545 	EXP 	Display Frame 0
245.6793 	EXP 	Display Frame 1
245.8045 	EXP 	Display Frame 0
245.9292 	DATA 	Keypress: equal
245.9309 	EXP 	Display Frame 1
246.0542 	EXP 	Display Frame 0
246.1793 	EXP 	Display Frame 1
246.3044 	EXP 	Display Frame 0
246.4295 	EXP 	Display Frame 1
246.5542 	EXP 	Display Frame 0
246.6795 	EXP 	Display Frame 1
246.8044 	EXP 	Display Frame 0
246.9296 	EXP 	Display Frame 1
247.0545 	EXP 	Display Frame 0
247.1795 	EXP 	Display Frame 1
247.3044 	EXP 	Display Frame 0
247.4294 	EXP 	Display Frame 1
247.5545 	EXP 	Display Frame 0
247.6794 	EXP 	Display Frame 1
247.8044 	EXP 	Display Frame 0
247.9293 	EXP 	Display Frame 1
248.0545 	EXP 	Display Frame 0
248.1794 	EXP 	Display Frame 1
248.3045 	EXP 	Display Frame 0
248.4295 	EXP 	Display Frame 1
248.5544 	EXP 	Display Frame 0
248.6799 	EXP 	Display Frame 1
248.8044 	EXP 	Display Frame 0
248.9292 	EXP 	Display Frame 1
249.0544 	EXP 	Display Frame 0
249.1794 	EXP 	Display Frame 1
249.3044 	EXP 	Display Frame 0
249.4294 	EXP 	Display Frame 1
249.5543 	DATA 	Keypress: equal
249.5565 	EXP 	Display Frame 0
249.6794 	EXP 	Display Frame 1
249.8043 	EXP 	Display Frame 0
249.9292 	EXP 	Display Frame 1
250.0544 	EXP 	Display Frame 0
250.1794 	EXP 	Display Frame 1
250.3044 	EXP 	Display Frame 0
250.4291 	EXP 	Display Frame 1
250.5543 	EXP 	Display Frame 0
250.6794 	EXP 	Display Frame 1
250.8109 	EXP 	Display Frame 0
250.9290 	EXP 	Display Frame 1
251.0541 	EXP 	Display Frame 0
251.1794 	EXP 	Display Frame 1
251.3043 	EXP 	Display Frame 0
251.4294 	EXP 	Display Frame 1
251.5545 	EXP 	Display Frame 0
251.6794 	EXP 	Display Frame 1
251.8044 	EXP 	Display Frame 0
251.9293 	EXP 	Display Frame 1
252.0545 	EXP 	Display Frame 0
252.1794 	EXP 	Display Frame 1
252.3045 	EXP 	Display Frame 0
252.4294 	EXP 	Display Frame 1
252.5544 	EXP 	Display Frame 0
252.6794 	EXP 	Display Frame 1
252.8045 	EXP 	Display Frame 0
252.9292 	EXP 	Display Frame 1
253.0543 	DATA 	Keypress: equal
253.0564 	EXP 	Display Frame 0
253.1794 	EXP 	Display Frame 1
253.3043 	EXP 	Display Frame 0
253.4294 	EXP 	Display Frame 1
253.5544 	EXP 	Display Frame 0
253.6794 	EXP 	Display Frame 1
253.8045 	EXP 	Display Frame 0
253.9292 	EXP 	Display Frame 1
254.0544 	EXP 	Display Frame 0
254.1794 	EXP 	Display Frame 1
254.3044 	EXP 	Display Frame 0
254.4294 	EXP 	Display Frame 1
254.5545 	EXP 	Display Frame 0
254.6795 	EXP 	Display Frame 1
254.8045 	EXP 	Display Frame 0
254.9292 	EXP 	Display Frame 1
255.0551 	EXP 	Display Frame 0
255.1794 	EXP 	Display Frame 1
255.3044 	EXP 	Display Frame 0
255.4294 	EXP 	Display Frame 1
255.5545 	EXP 	Display Frame 0
255.6793 	EXP 	Display Frame 1
255.8042 	EXP 	Display Frame 0
255.9292 	EXP 	Display Frame 1
256.0542 	EXP 	Display Frame 0
256.1792 	EXP 	Display Frame 1
256.3044 	EXP 	Display Frame 0
256.4294 	EXP 	Display Frame 1
256.5545 	EXP 	Display Frame 0
256.6793 	DATA 	Keypress: equal
256.6815 	EXP 	Display Frame 1
256.8044 	EXP 	Display Frame 0
256.9292 	EXP 	Display Frame 1
257.0545 	EXP 	Display Frame 0
257.1794 	EXP 	Display Frame 1
257.3044 	EXP 	Display Frame 0
257.4294 	EXP 	Display Frame 1
257.5545 	EXP 	Display Frame 0
257.6794 	EXP 	Display Frame 1
257.8044 	EXP 	Display Frame 0
257.9292 	EXP 	Display Frame 1
258.0544 	EXP 	Display Frame 0
258.1794 	EXP 	Display Frame 1
258.3045 	EXP 	Display Frame 0
258.4294 	EXP 	Display Frame 1
258.5544 	EXP 	Display Frame 0
258.6794 	EXP 	Display Frame 1
258.8044 	EXP 	Display Frame 0
258.9293 	EXP 	Display Frame 1
259.0544 	EXP 	Display Frame 0
259.1794 	EXP 	Display Frame 1
259.3044 	EXP 	Display Frame 0
259.4294 	EXP 	Display Frame 1
259.5545 	EXP 	Display Frame 0
259.6795 	EXP 	Display Frame 1
259.8045 	EXP 	Display Frame 0
259.9292 	EXP 	Display Frame 1
260.0544 	EXP 	Display Frame 0
260.1789 	DATA 	Keypress: equal
260.1806 	EXP 	Display Frame 1
260.3044 	EXP 	Display Frame 0
260.4293 	EXP 	Display Frame 1
260.5545 	EXP 	Display Frame 0
260.6795 	EXP 	Display Frame 1
260.8046 	EXP 	Display Frame 0
260.9293 	EXP 	Display Frame 1
261.0541 	EXP 	Display Frame 0
261.1793 	EXP 	Display Frame 1
261.3044 	EXP 	Display Frame 0
261.4294 	EXP 	Display Frame 1
261.5544 	EXP 	Display Frame 0
261.6794 	EXP 	Display Frame 1
261.8045 	EXP 	Display Frame 0
261.9292 	EXP 	Display Frame 1
262.0543 	EXP 	Display Frame 0
262.1794 	EXP 	Display Frame 1
262.3044 	EXP 	Display Frame 0
262.4293 	EXP 	Display Frame 1
262.5545 	EXP 	Display Frame 0
262.6794 	EXP 	Display Frame 1
262.8044 	EXP 	Display Frame 0
262.9293 	EXP 	Display Frame 1
263.0544 	EXP 	Display Frame 0
263.1794 	EXP 	Display Frame 1
263.3045 	EXP 	Display Frame 0
263.4294 	EXP 	Display Frame 1
263.5545 	EXP 	Display Frame 0
263.6794 	EXP 	Display Frame 1
263.8042 	DATA 	Keypress: equal
263.8062 	EXP 	Display Frame 0
263.8169 	EXP 	Display Fixation
267.2564 	DATA 	Keypress: equal
270.8207 	DATA 	Keypress: equal
274.3845 	DATA 	Keypress: equal
277.9488 	DATA 	Keypress: equal
281.5123 	DATA 	Keypress: equal
285.0765 	DATA 	Keypress: equal
288.6396 	DATA 	Keypress: equal
292.2035 	DATA 	Keypress: equal
295.7677 	DATA 	Keypress: equal
299.3315 	DATA 	Keypress: equal
299.4587 	EXP 	Display Frame 1
299.5840 	EXP 	Display Frame 0
299.7084 	EXP 	Display Frame 1
299.8333 	EXP 	Display Frame 0
299.9580 	EXP 	Display Frame 1
300.0844 	EXP 	Display Frame 0
300.2084 	EXP 	Display Frame 1
300.3335 	EXP 	Display Frame 0
300.4583 	EXP 	Display Frame 1
300.5833 	EXP 	Display Frame 0
300.7085 	EXP 	Display Frame 1
300.8334 	EXP 	Display Frame 0
300.9581 	EXP 	Display Frame 1
301.0845 	EXP 	Display Frame 0
301.2084 	EXP 	Display Frame 1
301.3333 	EXP 	Display Frame 0
301.4585 	EXP 	Display Frame 1
301.5834 	EXP 	Display Frame 0
301.7085 	EXP 	Display Frame 1
301.8335 	EXP 	Display Frame 0
301.9584 	EXP 	Display Frame 1
302.0834 	EXP 	Display Frame 0
302.2085 	EXP 	Display Frame 1
302.3344 	EXP 	Display Frame 0
302.4585 	EXP 	Display Frame 1
302.5833 	EXP 	Display Frame 0
302.7084 	EXP 	Display Frame 1
302.8335 	EXP 	Display Frame 0
302.9583 	DATA 	Keypress: equal
302.9601 	EXP 	Display Frame 1
303.0834 	EXP 	Display Frame 0
303.2084 	EXP 	Display Frame 1
303.3335 	EXP 	Display Frame 0
303.4586 	EXP 	Display Frame 1
303.5834 	EXP 	Display Frame 0
303.7081 	EXP 	Display Frame 1
303.8343 	EXP 	Display Frame 0
303.9584 	EXP 	Display Frame 1
304.0834 	EXP 	Display Frame 0
304.2085 	EXP 	Display Frame 1
304.3334 	EXP 	Display Frame 0
304.4584 	EXP 	Display Frame 1
304.5834 	EXP 	Display Frame 0
304.7085 	EXP 	Display Frame 1
304.8335 	EXP 	Display Frame 0
304.9580 	EXP 	Display Frame 1
305.0844 	EXP 	Display Frame 0
305.2111 	EXP 	Display Frame 1
305.3333 	EXP 	Display Frame 0
305.4584 	EXP 	Display Frame 1
305.5834 	EXP 	Display Frame 0
305.7085 	EXP 	Display Frame 1
305.8335 	EXP 	Display Frame 0
305.9584 	EXP 	Display Frame 1
306.0843 	EXP 	Display Frame 0
306.2085 	EXP 	Display Frame 1
306.3332 	EXP 	Display Frame 0
306.4583 	EXP 	Display Frame 1
306.5831 	DATA 	Keypress: equal
306.5853 	EXP 	Display Frame 0
306.7083 	EXP 	Display Frame 1
306.8334 	EXP 	Display Frame 0
306.9585 	EXP 	Display Frame 1
307.0835 	EXP 	Display Frame 0
307.2084 	EXP 	Display Frame 1
307.3334 	EXP 	Display Frame 0
307.4585 	EXP 	Display Frame 1
307.5834 	EXP 	Display Frame 0
307.7085 	EXP 	Display Frame 1
307.8334 	EXP 	Display Frame 0
307.9584 	EXP 	Display Frame 1
308.0834 	EXP 	Display Frame 0
308.2085 	EXP 	Display Frame 1
308.3334 	EXP 	Display Frame 0
308.4584 	EXP 	Display Frame 1
308.5834 	EXP 	Display Frame 0
308.7085 	EXP 	Display Frame 1
308.8334 	EXP 	Display Frame 0
308.9585 	EXP 	Display Frame 1
309.0832 	EXP 	Display Frame 0
309.2084 	EXP 	Display Frame 1
309.3333 	EXP 	Display Frame 0
309.4583 	EXP 	Display Frame 1
309.5834 	EXP 	Display Frame 0
309.7085 	EXP 	Display Frame 1
309.8334 	EXP 	Display Frame 0
309.9581 	EXP 	Display Frame 1
310.0837 	DATA 	Keypress: equal
310.0858 	EXP 	Display Frame 0
310.2085 	EXP 	Display Frame 1
310.3333 	EXP 	Display Frame 0
310.4583 	EXP 	Display Frame 1
310.5835 	EXP 	Display Frame 0
310.7085 	EXP 	Display Frame 1
310.8335 	EXP 	Display Frame 0
310.9584 	EXP 	Display Frame 1
311.0840 	EXP 	Display Frame 0
311.2084 	EXP 	Display Frame 1
311.3333 	EXP 	Display Frame 0
311.4585 	EXP 	Display Frame 1
311.5834 	EXP 	Display Frame 0
311.7086 	EXP 	Display Frame 1
311.8333 	EXP 	Display Frame 0
311.9585 	EXP 	Display Frame 1
312.0834 	EXP 	Display Frame 0
312.2085 	EXP 	Display Frame 1
312.3334 	EXP 	Display Frame 0
312.4585 	EXP 	Display Frame 1
312.5834 	EXP 	Display Frame 0
312.7084 	EXP 	Display Frame 1
312.8334 	EXP 	Display Frame 0
312.9585 	EXP 	Display Frame 1
313.0835 	EXP 	Display Frame 0
313.2085 	EXP 	Display Frame 1
313.3334 	EXP 	Display Frame 0
313.4584 	EXP 	Display Frame 1
313.5834 	EXP 	Display Frame 0
313.7081 	DATA 	Keypress: equal
313.7103 	EXP 	Display Frame 1
313.8334 	EXP 	Display Frame 0
313.9583 	EXP 	Display Frame 1
314.0834 	EXP 	Display Frame 0
314.2085 	EXP 	Display Frame 1
314.3334 	EXP 	Display Frame 0
314.4582 	EXP 	Display Frame 1
314.5831 	EXP 	Display Frame 0
314.7084 	EXP 	Display Frame 1
314.8334 	EXP 	Display Frame 0
314.9580 	EXP 	Display Frame 1
315.0844 	EXP 	Display Frame 0
315.2085 	EXP 	Display Frame 1
315.3332 	EXP 	Display Frame 0
315.4584 	EXP 	Display Frame 1
315.5834 	EXP 	Display Frame 0
315.7085 	EXP 	Display Frame 1
315.8334 	EXP 	Display Frame 0
315.9584 	EXP 	Display Frame 1
316.0841 	EXP 	Display Frame 0
316.2086 	EXP 	Display Frame 1
316.3333 	EXP 	Display Frame 0
316.4585 	EXP 	Display Frame 1
316.5834 	EXP 	Display Frame 0
316.7085 	EXP 	Display Frame 1
316.8334 	EXP 	Display Frame 0
316.9582 	EXP 	Display Frame 1
317.0834 	EXP 	Display Frame 0
317.2082 	DATA 	Keypress: equal
317.2105 	EXP 	Display Frame 1
317.3334 	EXP 	Display Frame 0
317.4584 	EXP 	Display Frame 1
317.5834 	EXP 	Display Frame 0
317.7085 	EXP 	Display Frame 1
317.8334 	EXP 	Display Frame 0
317.9584 	EXP 	Display Frame 1
318.0835 	EXP 	Display Frame 0
318.2085 	EXP 	Display Frame 1
318.3334 	EXP 	Display Frame 0
318.4585 	EXP 	Display Frame 1
318.5834 	EXP 	Display Frame 0
318.7085 	EXP 	Display Frame 1
318.8335 	EXP 	Display Frame 0
318.9585 	EXP 	Display Frame 1
319.0834 	EXP 	Display Frame 0
319.2084 	EXP 	Display Frame 1
319.3334 	EXP 	Display Frame 0
319.4584 	EXP 	Display Frame 1
319.5834 	EXP 	Display Frame 0
319.7082 	EXP 	Display Frame 1
319.8331 	EXP 	Display Frame 0
319.9580 	EXP 	Display Frame 1
320.0844 	EXP 	Display Frame 0
320.2084 	EXP 	Display Frame 1
320.3333 	EXP 	Display Frame 0
320.4584 	EXP 	Display Frame 1
320.5834 	EXP 	Display Frame 0
320.7085 	EXP 	Display Frame 1
320.8331 	DATA 	Keypress: equal
320.8351 	EXP 	Display Frame 0
320.9583 	EXP 	Display Frame 1
321.0842 	EXP 	Display Frame 0
321.2107 	EXP 	Display Frame 1
321.3333 	EXP 	Display Frame 0
321.4584 	EXP 	Display Frame 1
321.5834 	EXP 	Display Frame 0
321.7085 	EXP 	Display Frame 1
321.8334 	EXP 	Display Frame 0
321.9585 	EXP 	Display Frame 1
322.0834 	EXP 	Display Frame 0
322.2085 	EXP 	Display Frame 1
322.3334 	EXP 	Display Frame 0
322.4585 	EXP 	Display Frame 1
322.5834 	EXP 	Display Frame 0
322.7085 	EXP 	Display Frame 1
322.8334 	EXP 	Display Frame 0
322.9585 	EXP 	Display Frame 1
323.0842 	EXP 	Display Frame 0
323.2085 	EXP 	Display Frame 1
323.3334 	EXP 	Display Frame 0
323.4585 	EXP 	Display Frame 1
323.5834 	EXP 	Display Frame 0
323.7085 	EXP 	Display Frame 1
323.8334 	EXP 	Display Frame 0
323.9585 	EXP 	Display Frame 1
324.0835 	EXP 	Display Frame 0
324.2085 	EXP 	Display Frame 1
324.3333 	DATA 	Keypress: equal
324.3355 	EXP 	Display Frame 0
324.4583 	EXP 	Display Frame 1
324.5834 	EXP 	Display Frame 0
324.7085 	EXP 	Display Frame 1
324.8334 	EXP 	Display Frame 0
324.9581 	EXP 	Display Frame 1
325.0839 	EXP 	Display Frame 0
325.2083 	EXP 	Display Frame 1
325.3333 	EXP 	Display Frame 0
325.4583 	EXP 	Display Frame 1
325.5834 	EXP 	Display Frame 0
325.7085 	EXP 	Display Frame 1
325.8334 	EXP 	Display Frame 0
325.9585 	EXP 	Display Frame 1
326.0847 	EXP 	Display Frame 0
326.2083 	EXP 	Display Frame 1
326.3333 	EXP 	Display Frame 0
326.4584 	EXP 	Display Frame 1
326.5831 	EXP 	Display Frame 0
326.7084 	EXP 	Display Frame 1
326.8334 	EXP 	Display Frame 0
326.9584 	EXP 	Display Frame 1
327.0834 	EXP 	Display Frame 0
327.2085 	EXP 	Display Frame 1
327.3334 	EXP 	Display Frame 0
327.4584 	EXP 	Display Frame 1
327.5834 	EXP 	Display Frame 0
327.7085 	EXP 	Display Frame 1
327.8335 	EXP 	Display Frame 0
327.9582 	DATA 	Keypress: equal
327.9601 	EXP 	Display Frame 1
328.0834 	EXP 	Display Frame 0
328.2084 	EXP 	Display Frame 1
328.3334 	EXP 	Display Frame 0
328.4585 	EXP 	Display Frame 1
328.5834 	EXP 	Display Frame 0
328.7085 	EXP 	Display Frame 1
328.8334 	EXP 	Display Frame 0
328.9585 	EXP 	Display Frame 1
329.0833 	EXP 	Display Frame 0
329.2085 	EXP 	Display Frame 1
329.3334 	EXP 	Display Frame 0
329.4584 	EXP 	Display Frame 1
329.5834 	EXP 	Display Frame 0
329.7085 	EXP 	Display Frame 1
329.8334 	EXP 	Display Frame 0
329.9579 	EXP 	Display Frame 1
330.0845 	EXP 	Display Frame 0
330.2084 	EXP 	Display Frame 1
330.3333 	EXP 	Display Frame 0
330.4583 	EXP 	Display Frame 1
330.5832 	EXP 	Display Frame 0
330.7085 	EXP 	Display Frame 1
330.8333 	EXP 	Display Frame 0
330.9584 	EXP 	Display Frame 1
331.0841 	EXP 	Display Frame 0
331.2084 	EXP 	Display Frame 1
331.3334 	EXP 	Display Frame 0
331.4585 	DATA 	Keypress: equal
331.4608 	EXP 	Display Frame 1
331.5832 	EXP 	Display Frame 0
331.7084 	EXP 	Display Frame 1
331.8334 	EXP 	Display Frame 0
331.9585 	EXP 	Display Frame 1
332.0835 	EXP 	Display Frame 0
332.2085 	EXP 	Display Frame 1
332.3334 	EXP 	Display Frame 0
332.4585 	EXP 	Display Frame 1
332.5834 	EXP 	Display Frame 0
332.7085 	EXP 	Display Frame 1
332.8334 	EXP 	Display Frame 0
332.9584 	EXP 	Display Frame 1
333.0835 	EXP 	Display Frame 0
333.2084 	EXP 	Display Frame 1
333.3334 	EXP 	Display Frame 0
333.4585 	EXP 	Display Frame 1
333.5834 	EXP 	Display Frame 0
333.7084 	EXP 	Display Frame 1
333.8334 	EXP 	Display Frame 0
333.9585 	EXP 	Display Frame 1
334.0834 	EXP 	Display Frame 0
334.2085 	EXP 	Display Frame 1
334.3334 	EXP 	Display Frame 0
334.4584 	EXP 	Display Frame 1
334.5834 	EXP 	Display Frame 0
334.7084 	EXP 	Display Frame 1
334.8334 	EXP 	Display Frame 0
334.9580 	EXP 	Display Frame 1
335.0834 	DATA 	Keypress: equal
335.0855 	EXP 	Display Frame 0
335.1004 	EXP 	Display Fixation
338.5358 	DATA 	Keypress: equal
342.0998 	DATA 	Keypress: equal
345.6641 	DATA 	Keypress: equal
349.2276 	DATA 	Keypress: equal
352.7919 	DATA 	Keypress: equal
356.3557 	DATA 	Keypress: equal
359.9197 	DATA 	Keypress: equal
363.4843 	DATA 	Keypress: equal
367.0481 	DATA 	Keypress: equal
370.6118 	DATA 	Keypress: equal
370.7391 	EXP 	Display Frame 1
370.8639 	EXP 	Display Frame 0
370.9885 	EXP 	Display Frame 1
371.1139 	EXP 	Display Frame 0
371.2387 	EXP 	Display Frame 1
371.3634 	EXP 	Display Frame 0
371.4885 	EXP 	Display Frame 1
371.6141 	EXP 	Display Frame 0
371.7388 	EXP 	Display Frame 1
371.8637 	EXP 	Display Frame 0
371.9887 	EXP 	Display Frame 1
372.1137 	EXP 	Display Frame 0
372.2388 	EXP 	Display Frame 1
372.3637 	EXP 	Display Frame 0
372.4888 	EXP 	Display Frame 1
372.6138 	EXP 	Display Frame 0
372.7387 	EXP 	Display Frame 1
372.8637 	EXP 	Display Frame 0
372.9887 	EXP 	Display Frame 1
373.1135 	EXP 	Display Frame 0
373.2386 	EXP 	Display Frame 1
373.3635 	EXP 	Display Frame 0
373.4886 	EXP 	Display Frame 1
373.6139 	EXP 	Display Frame 0
373.7387 	EXP 	Display Frame 1
373.8637 	EXP 	Display Frame 0
373.9887 	EXP 	Display Frame 1
374.1137 	EXP 	Display Frame 0
374.2386 	DATA 	Keypress: equal
374.2405 	EXP 	Display Frame 1
374.3636 	EXP 	Display Frame 0
374.4886 	EXP 	Display Frame 1
374.6138 	EXP 	Display Frame 0
374.7388 	EXP 	Display Frame 1
374.8637 	EXP 	Display Frame 0
374.9886 	EXP 	Display Frame 1
375.1136 	EXP 	Display Frame 0
375.2386 	EXP 	Display Frame 1
375.3638 	EXP 	Display Frame 0
375.4888 	EXP 	Display Frame 1
375.6137 	EXP 	Display Frame 0
375.7388 	EXP 	Display Frame 1
375.8637 	EXP 	Display Frame 0
375.9887 	EXP 	Display Frame 1
376.1141 	EXP 	Display Frame 0
376.2387 	EXP 	Display Frame 1
376.3638 	EXP 	Display Frame 0
376.4888 	EXP 	Display Frame 1
376.6137 	EXP 	Display Frame 0
376.7387 	EXP 	Display Frame 1
376.8638 	EXP 	Display Frame 0
376.9887 	EXP 	Display Frame 1
377.1137 	EXP 	Display Frame 0
377.2387 	EXP 	Display Frame 1
377.3638 	EXP 	Display Frame 0
377.4887 	EXP 	Display Frame 1
377.6137 	EXP 	Display Frame 0
377.7387 	EXP 	Display Frame 1
377.8635 	DATA 	Keypress: equal
377.8658 	EXP 	Display Frame 0
377.9888 	EXP 	Display Frame 1
378.1135 	EXP 	Display Frame 0
378.2388 	EXP 	Display Frame 1
378.3637 	EXP 	Display Frame 0
378.4887 	EXP 	Display Frame 1
378.6137 	EXP 	Display Frame 0
378.7386 	EXP 	Display Frame 1
378.8638 	EXP 	Display Frame 0
378.9887 	EXP 	Display Frame 1
379.1137 	EXP 	Display Frame 0
379.2388 	EXP 	Display Frame 1
379.3637 	EXP 	Display Frame 0
379.4888 	EXP 	Display Frame 1
379.6138 	EXP 	Display Frame 0
379.7386 	EXP 	Display Frame 1
379.8635 	EXP 	Display Frame 0
379.9885 	EXP 	Display Frame 1
380.1136 	EXP 	Display Frame 0
380.2387 	EXP 	Display Frame 1
380.3638 	EXP 	Display Frame 0
380.4888 	EXP 	Display Frame 1
380.6137 	EXP 	Display Frame 0
380.7387 	EXP 	Display Frame 1
380.8638 	EXP 	Display Frame 0
380.9889 	EXP 	Display Frame 1
381.1140 	EXP 	Display Frame 0
381.2388 	EXP 	Display Frame 1
381.3633 	DATA 	Keypress: equal
381.3650 	EXP 	Display Frame 0
381.4887 	EXP 	Display Frame 1
381.6138 	EXP 	Display Frame 0
381.7387 	EXP 	Display Frame 1
381.8637 	EXP 	Display Frame 0
381.9887 	EXP 	Display Frame 1
382.1138 	EXP 	Display Frame 0
382.2388 	EXP 	Display Frame 1
382.3637 	EXP 	Display Frame 0
382.4888 	EXP 	Display Frame 1
382.6137 	EXP 	Display Frame 0
382.7387 	EXP 	Display Frame 1
382.8637 	EXP 	Display Frame 0
382.9888 	EXP 	Display Frame 1
383.1138 	EXP 	Display Frame 0
383.2388 	EXP 	Display Frame 1
383.3637 	EXP 	Display Frame 0
383.4887 	EXP 	Display Frame 1
383.6136 	EXP 	Display Frame 0
383.7383 	EXP 	Display Frame 1
383.8636 	EXP 	Display Frame 0
383.9886 	EXP 	Display Frame 1
384.1137 	EXP 	Display Frame 0
384.2387 	EXP 	Display Frame 1
384.3637 	EXP 	Display Frame 0
384.4888 	EXP 	Display Frame 1
384.6138 	EXP 	Display Frame 0
384.7387 	EXP 	Display Frame 1
384.8637 	EXP 	Display Frame 0
384.9881 	DATA 	Keypress: equal
384.9897 	EXP 	Display Frame 1
385.1138 	EXP 	Display Frame 0
385.2387 	EXP 	Display Frame 1
385.3641 	EXP 	Display Frame 0
385.4888 	EXP 	Display Frame 1
385.6138 	EXP 	Display Frame 0
385.7387 	EXP 	Display Frame 1
385.8637 	EXP 	Display Frame 0
385.9886 	EXP 	Display Frame 1
386.1139 	EXP 	Display Frame 0
386.2386 	EXP 	Display Frame 1
386.3637 	EXP 	Display Frame 0
386.4887 	EXP 	Display Frame 1
386.6137 	EXP 	Display Frame 0
386.7388 	EXP 	Display Frame 1
386.8637 	EXP 	Display Frame 0
386.9888 	EXP 	Display Frame 1
387.1137 	EXP 	Display Frame 0
387.2388 	EXP 	Display Frame 1
387.3637 	EXP 	Display Frame 0
387.4887 	EXP 	Display Frame 1
387.6137 	EXP 	Display Frame 0
387.7388 	EXP 	Display Frame 1
387.8637 	EXP 	Display Frame 0
387.9887 	EXP 	Display Frame 1
388.1137 	EXP 	Display Frame 0
388.2388 	EXP 	Display Frame 1
388.3637 	EXP 	Display Frame 0
388.4886 	DATA 	Keypress: equal
388.4907 	EXP 	Display Frame 1
388.6137 	EXP 	Display Frame 0
388.7386 	EXP 	Display Frame 1
388.8637 	EXP 	Display Frame 0
388.9887 	EXP 	Display Frame 1
389.1135 	EXP 	Display Frame 0
389.2387 	EXP 	Display Frame 1
389.3636 	EXP 	Display Frame 0
389.4888 	EXP 	Display Frame 1
389.6137 	EXP 	Display Frame 0
389.7387 	EXP 	Display Frame 1
389.8637 	EXP 	Display Frame 0
389.9886 	EXP 	Display Frame 1
390.1139 	EXP 	Display Frame 0
390.2387 	EXP 	Display Frame 1
390.3637 	EXP 	Display Frame 0
390.4888 	EXP 	Display Frame 1
390.6137 	EXP 	Display Frame 0
390.7388 	EXP 	Display Frame 1
390.8637 	EXP 	Display Frame 0
390.9889 	EXP 	Display Frame 1
391.1138 	EXP 	Display Frame 0
391.2387 	EXP 	Display Frame 1
391.3637 	EXP 	Display Frame 0
391.4888 	EXP 	Display Frame 1
391.6131 	EXP 	Display Frame 0
391.7388 	EXP 	Display Frame 1
391.8637 	EXP 	Display Frame 0
391.9885 	EXP 	Display Frame 1
392.1135 	DATA 	Keypress: equal
392.1160 	EXP 	Display Frame 0
392.2386 	EXP 	Display Frame 1
392.3638 	EXP 	Display Frame 0
392.4888 	EXP 	Display Frame 1
392.6137 	EXP 	Display Frame 0
392.7388 	EXP 	Display Frame 1
392.8638 	EXP 	Display Frame 0
392.9887 	EXP 	Display Frame 1
393.1138 	EXP 	Display Frame 0
393.2388 	EXP 	Display Frame 1
393.3638 	EXP 	Display Frame 0
393.4887 	EXP 	Display Frame 1
393.6138 	EXP 	Display Frame 0
393.7387 	EXP 	Display Frame 1
393.8638 	EXP 	Display Frame 0
393.9888 	EXP 	Display Frame 1
394.1138 	EXP 	Display Frame 0
394.2389 	EXP 	Display Frame 1
394.3637 	EXP 	Display Frame 0
394.4885 	EXP 	Display Frame 1
394.6137 	EXP 	Display Frame 0
394.7388 	EXP 	Display Frame 1
394.8638 	EXP 	Display Frame 0
394.9884 	EXP 	Display Frame 1
395.1137 	EXP 	Display Frame 0
395.2387 	EXP 	Display Frame 1
395.3638 	EXP 	Display Frame 0
395.4887 	EXP 	Display Frame 1
395.6136 	DATA 	Keypress: equal
395.6159 	EXP 	Display Frame 0
395.7387 	EXP 	Display Frame 1
395.8637 	EXP 	Display Frame 0
395.9887 	EXP 	Display Frame 1
396.1141 	EXP 	Display Frame 0
396.2388 	EXP 	Display Frame 1
396.3637 	EXP 	Display Frame 0
396.4888 	EXP 	Display Frame 1
396.6138 	EXP 	Display Frame 0
396.7388 	EXP 	Display Frame 1
396.8638 	EXP 	Display Frame 0
396.9886 	EXP 	Display Frame 1
397.1138 	EXP 	Display Frame 0
397.2388 	EXP 	Display Frame 1
397.3637 	EXP 	Display Frame 0
397.4887 	EXP 	Display Frame 1
397.6138 	EXP 	Display Frame 0
397.7388 	EXP 	Display Frame 1
397.8637 	EXP 	Display Frame 0
397.9888 	EXP 	Display Frame 1
398.1137 	EXP 	Display Frame 0
398.2388 	EXP 	Display Frame 1
398.3638 	EXP 	Display Frame 0
398.4888 	EXP 	Display Frame 1
398.6138 	EXP 	Display Frame 0
398.7388 	EXP 	Display Frame 1
398.8638 	EXP 	Display Frame 0
398.9888 	EXP 	Display Frame 1
399.1138 	EXP 	Display Frame 0
399.2381 	DATA 	Keypress: equal
399.2403 	EXP 	Display Frame 1
399.3637 	EXP 	Display Frame 0
399.4887 	EXP 	Display Frame 1
399.6136 	EXP 	Display Frame 0
399.7384 	EXP 	Display Frame 1
399.8636 	EXP 	Display Frame 0
399.9895 	EXP 	Display Frame 1
400.1136 	EXP 	Display Frame 0
400.2387 	EXP 	Display Frame 1
400.3637 	EXP 	Display Frame 0
400.4887 	EXP 	Display Frame 1
400.6138 	EXP 	Display Frame 0
400.7388 	EXP 	Display Frame 1
400.8638 	EXP 	Display Frame 0
400.9886 	EXP 	Display Frame 1
401.1142 	EXP 	Display Frame 0
401.2387 	EXP 	Display Frame 1
401.3637 	EXP 	Display Frame 0
401.4887 	EXP 	Display Frame 1
401.6138 	EXP 	Display Frame 0
401.7388 	EXP 	Display Frame 1
401.8638 	EXP 	Display Frame 0
401.9887 	EXP 	Display Frame 1
402.1137 	EXP 	Display Frame 0
402.2388 	EXP 	Display Frame 1
402.3638 	EXP 	Display Frame 0
402.4888 	EXP 	Display Frame 1
402.6138 	EXP 	Display Frame 0
402.7386 	DATA 	Keypress: equal
402.7406 	EXP 	Display Frame 1
402.8637 	EXP 	Display Frame 0
402.9886 	EXP 	Display Frame 1
403.1138 	EXP 	Display Frame 0
403.2388 	EXP 	Display Frame 1
403.3638 	EXP 	Display Frame 0
403.4888 	EXP 	Display Frame 1
403.6137 	EXP 	Display Frame 0
403.7387 	EXP 	Display Frame 1
403.8637 	EXP 	Display Frame 0
403.9887 	EXP 	Display Frame 1
404.1138 	EXP 	Display Frame 0
404.2387 	EXP 	Display Frame 1
404.3637 	EXP 	Display Frame 0
404.4888 	EXP 	Display Frame 1
404.6138 	EXP 	Display Frame 0
404.7388 	EXP 	Display Frame 1
404.8637 	EXP 	Display Frame 0
404.9886 	EXP 	Display Frame 1
405.1135 	EXP 	Display Frame 0
405.2388 	EXP 	Display Frame 1
405.3637 	EXP 	Display Frame 0
405.4883 	EXP 	Display Frame 1
405.6138 	EXP 	Display Frame 0
405.7388 	EXP 	Display Frame 1
405.8637 	EXP 	Display Frame 0
405.9887 	EXP 	Display Frame 1
406.1139 	EXP 	Display Frame 0
406.2389 	EXP 	Display Frame 1
406.3633 	DATA 	Keypress: equal
406.3655 	EXP 	Display Frame 0
406.3697 	EXP 	Display Fixation
409.8161 	DATA 	Keypress: equal
413.3803 	DATA 	Keypress: equal
416.9440 	DATA 	Keypress: equal
420.5083 	DATA 	Keypress: equal
424.0721 	DATA 	Keypress: equal
427.6360 	DATA 	Keypress: equal
431.2000 	DATA 	Keypress: equal
434.7640 	DATA 	Keypress: equal
438.3281 	DATA 	Keypress: equal
441.8921 	DATA 	Keypress: equal
442.0192 	EXP 	Display Frame 1
442.1437 	EXP 	Display Frame 0
442.2690 	EXP 	Display Frame 1
442.3935 	EXP 	Display Frame 0
442.5189 	EXP 	Display Frame 1
442.6440 	EXP 	Display Frame 0
442.7688 	EXP 	Display Frame 1
442.8940 	EXP 	Display Frame 0
443.0190 	EXP 	Display Frame 1
443.1440 	EXP 	Display Frame 0
443.2690 	EXP 	Display Frame 1
443.3940 	EXP 	Display Frame 0
443.5190 	EXP 	Display Frame 1
443.6446 	EXP 	Display Frame 0
443.7690 	EXP 	Display Frame 1
443.8940 	EXP 	Display Frame 0
444.0190 	EXP 	Display Frame 1
444.1440 	EXP 	Display Frame 0
444.2689 	EXP 	Display Frame 1
444.3940 	EXP 	Display Frame 0
444.5191 	EXP 	Display Frame 1
444.6440 	EXP 	Display Frame 0
444.7690 	EXP 	Display Frame 1
444.8940 	EXP 	Display Frame 0
445.0191 	EXP 	Display Frame 1
445.1439 	EXP 	Display Frame 0
445.2689 	EXP 	Display Frame 1
445.3940 	EXP 	Display Frame 0
445.5189 	DATA 	Keypress: equal
445.5211 	EXP 	Display Frame 1
445.6440 	EXP 	Display Frame 0
445.7690 	EXP 	Display Frame 1
445.8940 	EXP 	Display Frame 0
446.0187 	EXP 	Display Frame 1
446.1440 	EXP 	Display Frame 0
446.2690 	EXP 	Display Frame 1
446.3940 	EXP 	Display Frame 0
446.5190 	EXP 	Display Frame 1
446.6440 	EXP 	Display Frame 0
446.7690 	EXP 	Display Frame 1
446.8939 	EXP 	Display Frame 0
447.0190 	EXP 	Display Frame 1
447.1439 	EXP 	Display Frame 0
447.2690 	EXP 	Display Frame 1
447.3939 	EXP 	Display Frame 0
447.5190 	EXP 	Display Frame 1
447.6440 	EXP 	Display Frame 0
447.7686 	EXP 	Display Frame 1
447.8938 	EXP 	Display Frame 0
448.0190 	EXP 	Display Frame 1
448.1440 	EXP 	Display Frame 0
448.2690 	EXP 	Display Frame 1
448.3940 	EXP 	Display Frame 0
448.5190 	EXP 	Display Frame 1
448.6440 	EXP 	Display Frame 0
448.7690 	EXP 	Display Frame 1
448.8940 	EXP 	Display Frame 0
449.0189 	EXP 	Display Frame 1
449.1437 	DATA 	Keypress: equal
449.1459 	EXP 	Display Frame 0
449.2690 	EXP 	Display Frame 1
449.3939 	EXP 	Display Frame 0
449.5190 	EXP 	Display Frame 1
449.6440 	EXP 	Display Frame 0
449.7690 	EXP 	Display Frame 1
449.8940 	EXP 	Display Frame 0
450.0189 	EXP 	Display Frame 1
450.1439 	EXP 	Display Frame 0
450.2690 	EXP 	Display Frame 1
450.3939 	EXP 	Display Frame 0
450.5190 	EXP 	Display Frame 1
450.6442 	EXP 	Display Frame 0
450.7690 	EXP 	Display Frame 1
450.8940 	EXP 	Display Frame 0
451.0187 	EXP 	Display Frame 1
451.1440 	EXP 	Display Frame 0
451.2690 	EXP 	Display Frame 1
451.3939 	EXP 	Display Frame 0
451.5189 	EXP 	Display Frame 1
451.6440 	EXP 	Display Frame 0
451.7690 	EXP 	Display Frame 1
451.8939 	EXP 	Display Frame 0
452.0190 	EXP 	Display Frame 1
452.1440 	EXP 	Display Frame 0
452.2689 	EXP 	Display Frame 1
452.3937 	EXP 	Display Frame 0
452.5186 	EXP 	Display Frame 1
452.6434 	DATA 	Keypress: equal
452.6451 	EXP 	Display Frame 0
452.7687 	EXP 	Display Frame 1
452.8938 	EXP 	Display Frame 0
453.0188 	EXP 	Display Frame 1
453.1438 	EXP 	Display Frame 0
453.2690 	EXP 	Display Frame 1
453.3940 	EXP 	Display Frame 0
453.5189 	EXP 	Display Frame 1
453.6438 	EXP 	Display Frame 0
453.7690 	EXP 	Display Frame 1
453.8939 	EXP 	Display Frame 0
454.0191 	EXP 	Display Frame 1
454.1440 	EXP 	Display Frame 0
454.2691 	EXP 	Display Frame 1
454.3940 	EXP 	Display Frame 0
454.5190 	EXP 	Display Frame 1
454.6440 	EXP 	Display Frame 0
454.7691 	EXP 	Display Frame 1
454.8940 	EXP 	Display Frame 0
455.0188 	EXP 	Display Frame 1
455.1440 	EXP 	Display Frame 0
455.2690 	EXP 	Display Frame 1
455.3940 	EXP 	Display Frame 0
455.5190 	EXP 	Display Frame 1
455.6438 	EXP 	Display Frame 0
455.7688 	EXP 	Display Frame 1
455.8940 	EXP 	Display Frame 0
456.0186 	EXP 	Display Frame 1
456.1441 	EXP 	Display Frame 0
456.2685 	DATA 	Keypress: equal
456.2704 	EXP 	Display Frame 1
456.3944 	EXP 	Display Frame 0
456.5189 	EXP 	Display Frame 1
456.6439 	EXP 	Display Frame 0
456.7689 	EXP 	Display Frame 1
456.8940 	EXP 	Display Frame 0
457.0190 	EXP 	Display Frame 1
457.1440 	EXP 	Display Frame 0
457.2690 	EXP 	Display Frame 1
457.3940 	EXP 	Display Frame 0
457.5190 	EXP 	Display Frame 1
457.6440 	EXP 	Display Frame 0
457.7690 	EXP 	Display Frame 1
457.8939 	EXP 	Display Frame 0
458.0190 	EXP 	Display Frame 1
458.1440 	EXP 	Display Frame 0
458.2690 	EXP 	Display Frame 1
458.3935 	EXP 	Display Frame 0
458.5189 	EXP 	Display Frame 1
458.6439 	EXP 	Display Frame 0
458.7690 	EXP 	Display Frame 1
458.8940 	EXP 	Display Frame 0
459.0190 	EXP 	Display Frame 1
459.1439 	EXP 	Display Frame 0
459.2690 	EXP 	Display Frame 1
459.3940 	EXP 	Display Frame 0
459.5190 	EXP 	Display Frame 1
459.6440 	EXP 	Display Frame 0
459.7688 	DATA 	Keypress: equal
459.7710 	EXP 	Display Frame 1
459.8940 	EXP 	Display Frame 0
460.0188 	EXP 	Display Frame 1
460.1439 	EXP 	Display Frame 0
460.2688 	EXP 	Display Frame 1
460.3939 	EXP 	Display Frame 0
460.5190 	EXP 	Display Frame 1
460.6440 	EXP 	Display Frame 0
460.7690 	EXP 	Display Frame 1
460.8940 	EXP 	Display Frame 0
461.0188 	EXP 	Display Frame 1
461.1439 	EXP 	Display Frame 0
461.2689 	EXP 	Display Frame 1
461.3940 	EXP 	Display Frame 0
461.5190 	EXP 	Display Frame 1
461.6438 	EXP 	Display Frame 0
461.7689 	EXP 	Display Frame 1
461.8940 	EXP 	Display Frame 0
462.0188 	EXP 	Display Frame 1
462.1440 	EXP 	Display Frame 0
462.2689 	EXP 	Display Frame 1
462.3939 	EXP 	Display Frame 0
462.5189 	EXP 	Display Frame 1
462.6440 	EXP 	Display Frame 0
462.7690 	EXP 	Display Frame 1
462.8940 	EXP 	Display Frame 0
463.0190 	EXP 	Display Frame 1
463.1439 	EXP 	Display Frame 0
463.2692 	EXP 	Display Frame 1
463.3933 	DATA 	Keypress: equal
463.3953 	EXP 	Display Frame 0
463.5190 	EXP 	Display Frame 1
463.6439 	EXP 	Display Frame 0
463.7687 	EXP 	Display Frame 1
463.8937 	EXP 	Display Frame 0
464.0189 	EXP 	Display Frame 1
464.1440 	EXP 	Display Frame 0
464.2690 	EXP 	Display Frame 1
464.3939 	EXP 	Display Frame 0
464.5189 	EXP 	Display Frame 1
464.6440 	EXP 	Display Frame 0
464.7691 	EXP 	Display Frame 1
464.8940 	EXP 	Display Frame 0
465.0189 	EXP 	Display Frame 1
465.1439 	EXP 	Display Frame 0
465.2689 	EXP 	Display Frame 1
465.3939 	EXP 	Display Frame 0
465.5190 	EXP 	Display Frame 1
465.6439 	EXP 	Display Frame 0
465.7689 	EXP 	Display Frame 1
465.8940 	EXP 	Display Frame 0
466.0188 	EXP 	Display Frame 1
466.1439 	EXP 	Display Frame 0
466.2690 	EXP 	Display Frame 1
466.3940 	EXP 	Display Frame 0
466.5190 	EXP 	Display Frame 1
466.6439 	EXP 	Display Frame 0
466.7690 	EXP 	Display Frame 1
466.8939 	DATA 	Keypress: equal
466.8962 	EXP 	Display Frame 0
467.0189 	EXP 	Display Frame 1
467.1440 	EXP 	Display Frame 0
467.2689 	EXP 	Display Frame 1
467.3940 	EXP 	Display Frame 0
467.5190 	EXP 	Display Frame 1
467.6440 	EXP 	Display Frame 0
467.7690 	EXP 	Display Frame 1
467.8940 	EXP 	Display Frame 0
468.0190 	EXP 	Display Frame 1
468.1440 	EXP 	Display Frame 0
468.2690 	EXP 	Display Frame 1
468.3939 	EXP 	Display Frame 0
468.5191 	EXP 	Display Frame 1
468.6440 	EXP 	Display Frame 0
468.7690 	EXP 	Display Frame 1
468.8940 	EXP 	Display Frame 0
469.0190 	EXP 	Display Frame 1
469.1438 	EXP 	Display Frame 0
469.2689 	EXP 	Display Frame 1
469.3938 	EXP 	Display Frame 0
469.5190 	EXP 	Display Frame 1
469.6440 	EXP 	Display Frame 0
469.7689 	EXP 	Display Frame 1
469.8942 	EXP 	Display Frame 0
470.0188 	EXP 	Display Frame 1
470.1440 	EXP 	Display Frame 0
470.2692 	EXP 	Display Frame 1
470.3942 	EXP 	Display Frame 0
470.5184 	DATA 	Keypress: equal
470.5204 	EXP 	Display Frame 1
470.6440 	EXP 	Display Frame 0
470.7686 	EXP 	Display Frame 1
470.8940 	EXP 	Display Frame 0
471.0186 	EXP 	Display Frame 1
471.1440 	EXP 	Display Frame 0
471.2689 	EXP 	Display Frame 1
471.3940 	EXP 	Display Frame 0
471.5190 	EXP 	Display Frame 1
471.6438 	EXP 	Display Frame 0
471.7690 	EXP 	Display Frame 1
471.8940 	EXP 	Display Frame 0
472.0190 	EXP 	Display Frame 1
472.1440 	EXP 	Display Frame 0
472.2690 	EXP 	Display Frame 1
472.3940 	EXP 	Display Frame 0
472.5190 	EXP 	Display Frame 1
472.6440 	EXP 	Display Frame 0
472.7690 	EXP 	Display Frame 1
472.8940 	EXP 	Display Frame 0
473.0190 	EXP 	Display Frame 1
473.1440 	EXP 	Display Frame 0
473.2690 	EXP 	Display Frame 1
473.3939 	EXP 	Display Frame 0
473.5190 	EXP 	Display Frame 1
473.6439 	EXP 	Display Frame 0
473.7690 	EXP 	Display Frame 1
473.8940 	EXP 	Display Frame 0
474.0187 	DATA 	Keypress: equal
474.0208 	EXP 	Display Frame 1
474.1440 	EXP 	Display Frame 0
474.2689 	EXP 	Display Frame 1
474.3935 	EXP 	Display Frame 0
474.5188 	EXP 	Display Frame 1
474.6439 	EXP 	Display Frame 0
474.7691 	EXP 	Display Frame 1
474.8940 	EXP 	Display Frame 0
475.0187 	EXP 	Display Frame 1
475.1439 	EXP 	Display Frame 0
475.2689 	EXP 	Display Frame 1
475.3939 	EXP 	Display Frame 0
475.5189 	EXP 	Display Frame 1
475.6439 	EXP 	Display Frame 0
475.7690 	EXP 	Display Frame 1
475.8936 	EXP 	Display Frame 0
476.0188 	EXP 	Display Frame 1
476.1438 	EXP 	Display Frame 0
476.2688 	EXP 	Display Frame 1
476.3939 	EXP 	Display Frame 0
476.5194 	EXP 	Display Frame 1
476.6440 	EXP 	Display Frame 0
476.7690 	EXP 	Display Frame 1
476.8940 	EXP 	Display Frame 0
477.0189 	EXP 	Display Frame 1
477.1440 	EXP 	Display Frame 0
477.2690 	EXP 	Display Frame 1
477.3939 	EXP 	Display Frame 0
477.5190 	EXP 	Display Frame 1
477.6439 	DATA 	Keypress: equal
477.6459 	EXP 	Display Frame 0
477.6508 	EXP 	Display Fixation
481.0962 	DATA 	Keypress: equal
484.6605 	DATA 	Keypress: equal
488.2244 	DATA 	Keypress: equal
491.7885 	DATA 	Keypress: equal
495.3514 	DATA 	Keypress: equal
498.9154 	DATA 	Keypress: equal
502.4793 	DATA 	Keypress: equal
506.0435 	DATA 	Keypress: equal
509.6073 	DATA 	Keypress: equal
513.1715 	DATA 	Keypress: equal
513.2987 	EXP 	Display Frame 1
513.4232 	EXP 	Display Frame 0
513.5484 	EXP 	Display Frame 1
513.6733 	EXP 	Display Frame 0
513.7984 	EXP 	Display Frame 1
513.9233 	EXP 	Display Frame 0
514.0485 	EXP 	Display Frame 1
514.1735 	EXP 	Display Frame 0
514.2983 	EXP 	Display Frame 1
514.4235 	EXP 	Display Frame 0
514.5485 	EXP 	Display Frame 1
514.6735 	EXP 	Display Frame 0
514.7985 	EXP 	Display Frame 1
514.9232 	EXP 	Display Frame 0
515.0484 	EXP 	Display Frame 1
515.1734 	EXP 	Display Frame 0
515.2983 	EXP 	Display Frame 1
515.4235 	EXP 	Display Frame 0
515.5484 	EXP 	Display Frame 1
515.6735 	EXP 	Display Frame 0
515.7985 	EXP 	Display Frame 1
515.9233 	EXP 	Display Frame 0
516.0483 	EXP 	Display Frame 1
516.1734 	EXP 	Display Frame 0
516.2985 	EXP 	Display Frame 1
516.4232 	EXP 	Display Frame 0
516.5484 	EXP 	Display Frame 1
516.6736 	EXP 	Display Frame 0
516.7982 	DATA 	Keypress: equal
516.8004 	EXP 	Display Frame 1
516.9231 	EXP 	Display Frame 0
517.0481 	EXP 	Display Frame 1
517.1733 	EXP 	Display Frame 0
517.2983 	EXP 	Display Frame 1
517.4234 	EXP 	Display Frame 0
517.5490 	EXP 	Display Frame 1
517.6734 	EXP 	Display Frame 0
517.7984 	EXP 	Display Frame 1
517.9232 	EXP 	Display Frame 0
518.0484 	EXP 	Display Frame 1
518.1734 	EXP 	Display Frame 0
518.2984 	EXP 	Display Frame 1
518.4235 	EXP 	Display Frame 0
518.5485 	EXP 	Display Frame 1
518.6734 	EXP 	Display Frame 0
518.7984 	EXP 	Display Frame 1
518.9233 	EXP 	Display Frame 0
519.0485 	EXP 	Display Frame 1
519.1735 	EXP 	Display Frame 0
519.2985 	EXP 	Display Frame 1
519.4234 	EXP 	Display Frame 0
519.5485 	EXP 	Display Frame 1
519.6735 	EXP 	Display Frame 0
519.7985 	EXP 	Display Frame 1
519.9232 	EXP 	Display Frame 0
520.0485 	EXP 	Display Frame 1
520.1735 	EXP 	Display Frame 0
520.2982 	EXP 	Display Frame 1
520.4231 	DATA 	Keypress: equal
520.4252 	EXP 	Display Frame 0
520.5483 	EXP 	Display Frame 1
520.6735 	EXP 	Display Frame 0
520.7985 	EXP 	Display Frame 1
520.9233 	EXP 	Display Frame 0
521.0483 	EXP 	Display Frame 1
521.1734 	EXP 	Display Frame 0
521.2985 	EXP 	Display Frame 1
521.4234 	EXP 	Display Frame 0
521.5485 	EXP 	Display Frame 1
521.6735 	EXP 	Display Frame 0
521.7985 	EXP 	Display Frame 1
521.9232 	EXP 	Display Frame 0
522.0484 	EXP 	Display Frame 1
522.1735 	EXP 	Display Frame 0
522.2985 	EXP 	Display Frame 1
522.4231 	EXP 	Display Frame 0
522.5484 	EXP 	Display Frame 1
522.6734 	EXP 	Display Frame 0
522.7984 	EXP 	Display Frame 1
522.9232 	EXP 	Display Frame 0
523.0484 	EXP 	Display Frame 1
523.1733 	EXP 	Display Frame 0
523.2984 	EXP 	Display Frame 1
523.4235 	EXP 	Display Frame 0
523.5485 	EXP 	Display Frame 1
523.6735 	EXP 	Display Frame 0
523.7985 	EXP 	Display Frame 1
523.9232 	DATA 	Keypress: equal
523.9250 	EXP 	Display Frame 0
524.0484 	EXP 	Display Frame 1
524.1734 	EXP 	Display Frame 0
524.2985 	EXP 	Display Frame 1
524.4237 	EXP 	Display Frame 0
524.5485 	EXP 	Display Frame 1
524.6736 	EXP 	Display Frame 0
524.7985 	EXP 	Display Frame 1
524.9232 	EXP 	Display Frame 0
525.0486 	EXP 	Display Frame 1
525.1733 	EXP 	Display Frame 0
525.2985 	EXP 	Display Frame 1
525.4235 	EXP 	Display Frame 0
525.5486 	EXP 	Display Frame 1
525.6732 	EXP 	Display Frame 0
525.7985 	EXP 	Display Frame 1
525.9232 	EXP 	Display Frame 0
526.0482 	EXP 	Display Frame 1
526.1734 	EXP 	Display Frame 0
526.2984 	EXP 	Display Frame 1
526.4234 	EXP 	Display Frame 0
526.5485 	EXP 	Display Frame 1
526.6735 	EXP 	Display Frame 0
526.7984 	EXP 	Display Frame 1
526.9233 	EXP 	Display Frame 0
527.0485 	EXP 	Display Frame 1
527.1735 	EXP 	Display Frame 0
527.2984 	EXP 	Display Frame 1
527.4234 	EXP 	Display Frame 0
527.5483 	DATA 	Keypress: equal
527.5505 	EXP 	Display Frame 1
527.6734 	EXP 	Display Frame 0
527.7983 	EXP 	Display Frame 1
527.9232 	EXP 	Display Frame 0
528.0483 	EXP 	Display Frame 1
528.1734 	EXP 	Display Frame 0
528.2985 	EXP 	Display Frame 1
528.4235 	EXP 	Display Frame 0
528.5485 	EXP 	Display Frame 1
528.6735 	EXP 	Display Frame 0
528.7985 	EXP 	Display Frame 1
528.9233 	EXP 	Display Frame 0
529.0485 	EXP 	Display Frame 1
529.1734 	EXP 	Display Frame 0
529.2985 	EXP 	Display Frame 1
529.4235 	EXP 	Display Frame 0
529.5486 	EXP 	Display Frame 1
529.6735 	EXP 	Display Frame 0
529.7984 	EXP 	Display Frame 1
529.9234 	EXP 	Display Frame 0
530.0484 	EXP 	Display Frame 1
530.1734 	EXP 	Display Frame 0
530.2982 	EXP 	Display Frame 1
530.4236 	EXP 	Display Frame 0
530.5485 	EXP 	Display Frame 1
530.6733 	EXP 	Display Frame 0
530.7989 	EXP 	Display Frame 1
530.9234 	EXP 	Display Frame 0
531.0480 	DATA 	Keypress: equal
531.0497 	EXP 	Display Frame 1
531.1734 	EXP 	Display Frame 0
531.2985 	EXP 	Display Frame 1
531.4235 	EXP 	Display Frame 0
531.5485 	EXP 	Display Frame 1
531.6734 	EXP 	Display Frame 0
531.7985 	EXP 	Display Frame 1
531.9233 	EXP 	Display Frame 0
532.0484 	EXP 	Display Frame 1
532.1734 	EXP 	Display Frame 0
532.2984 	EXP 	Display Frame 1
532.4235 	EXP 	Display Frame 0
532.5485 	EXP 	Display Frame 1
532.6736 	EXP 	Display Frame 0
532.7985 	EXP 	Display Frame 1
532.9233 	EXP 	Display Frame 0
533.0481 	EXP 	Display Frame 1
533.1733 	EXP 	Display Frame 0
533.2985 	EXP 	Display Frame 1
533.4234 	EXP 	Display Frame 0
533.5484 	EXP 	Display Frame 1
533.6736 	EXP 	Display Frame 0
533.7985 	EXP 	Display Frame 1
533.9233 	EXP 	Display Frame 0
534.0485 	EXP 	Display Frame 1
534.1734 	EXP 	Display Frame 0
534.2985 	EXP 	Display Frame 1
534.4235 	EXP 	Display Frame 0
534.5485 	EXP 	Display Frame 1
534.6732 	DATA 	Keypress: equal
534.6753 	EXP 	Display Frame 0
534.7985 	EXP 	Display Frame 1
534.9231 	EXP 	Display Frame 0
535.0486 	EXP 	Display Frame 1
535.1734 	EXP 	Display Frame 0
535.2984 	EXP 	Display Frame 1
535.4235 	EXP 	Display Frame 0
535.5484 	EXP 	Display Frame 1
535.6735 	EXP 	Display Frame 0
535.7984 	EXP 	Display Frame 1
535.9232 	EXP 	Display Frame 0
536.0483 	EXP 	Display Frame 1
536.1734 	EXP 	Display Frame 0
536.2983 	EXP 	Display Frame 1
536.4235 	EXP 	Display Frame 0
536.5484 	EXP 	Display Frame 1
536.6757 	EXP 	Display Frame 0
536.7985 	EXP 	Display Frame 1
536.9233 	EXP 	Display Frame 0
537.0484 	EXP 	Display Frame 1
537.1735 	EXP 	Display Frame 0
537.2985 	EXP 	Display Frame 1
537.4235 	EXP 	Display Frame 0
537.5485 	EXP 	Display Frame 1
537.6736 	EXP 	Display Frame 0
537.7985 	EXP 	Display Frame 1
537.9233 	EXP 	Display Frame 0
538.0485 	EXP 	Display Frame 1
538.1733 	DATA 	Keypress: equal
538.1755 	EXP 	Display Frame 0
538.2984 	EXP 	Display Frame 1
538.4232 	EXP 	Display Frame 0
538.5483 	EXP 	Display Frame 1
538.6734 	EXP 	Display Frame 0
538.7984 	EXP 	Display Frame 1
538.9233 	EXP 	Display Frame 0
539.0484 	EXP 	Display Frame 1
539.1735 	EXP 	Display Frame 0
539.2985 	EXP 	Display Frame 1
539.4235 	EXP 	Display Frame 0
539.5485 	EXP 	Display Frame 1
539.6735 	EXP 	Display Frame 0
539.7984 	EXP 	Display Frame 1
539.9232 	EXP 	Display Frame 0
540.0491 	EXP 	Display Frame 1
540.1734 	EXP 	Display Frame 0
540.2995 	EXP 	Display Frame 1
540.4234 	EXP 	Display Frame 0
540.5485 	EXP 	Display Frame 1
540.6734 	EXP 	Display Frame 0
540.7984 	EXP 	Display Frame 1
540.9233 	EXP 	Display Frame 0
541.0482 	EXP 	Display Frame 1
541.1734 	EXP 	Display Frame 0
541.2984 	EXP 	Display Frame 1
541.4235 	EXP 	Display Frame 0
541.5485 	EXP 	Display Frame 1
541.6734 	EXP 	Display Frame 0
541.7982 	DATA 	Keypress: equal
541.8002 	EXP 	Display Frame 1
541.9231 	EXP 	Display Frame 0
542.0484 	EXP 	Display Frame 1
542.1733 	EXP 	Display Frame 0
542.2985 	EXP 	Display Frame 1
542.4234 	EXP 	Display Frame 0
542.5485 	EXP 	Display Frame 1
542.6735 	EXP 	Display Frame 0
542.7985 	EXP 	Display Frame 1
542.9233 	EXP 	Display Frame 0
543.0485 	EXP 	Display Frame 1
543.1734 	EXP 	Display Frame 0
543.2984 	EXP 	Display Frame 1
543.4235 	EXP 	Display Frame 0
543.5485 	EXP 	Display Frame 1
543.6734 	EXP 	Display Frame 0
543.7984 	EXP 	Display Frame 1
543.9232 	EXP 	Display Frame 0
544.0484 	EXP 	Display Frame 1
544.1734 	EXP 	Display Frame 0
544.2985 	EXP 	Display Frame 1
544.4235 	EXP 	Display Frame 0
544.5485 	EXP 	Display Frame 1
544.6735 	EXP 	Display Frame 0
544.7985 	EXP 	Display Frame 1
544.9232 	EXP 	Display Frame 0
545.0485 	EXP 	Display Frame 1
545.1735 	EXP 	Display Frame 0
545.2981 	DATA 	Keypress: equal
545.3003 	EXP 	Display Frame 1
545.4234 	EXP 	Display Frame 0
545.5484 	EXP 	Display Frame 1
545.6735 	EXP 	Display Frame 0
545.7985 	EXP 	Display Frame 1
545.9232 	EXP 	Display Frame 0
546.0483 	EXP 	Display Frame 1
546.1734 	EXP 	Display Frame 0
546.2981 	EXP 	Display Frame 1
546.4235 	EXP 	Display Frame 0
546.5483 	EXP 	Display Frame 1
546.6734 	EXP 	Display Frame 0
546.7984 	EXP 	Display Frame 1
546.9234 	EXP 	Display Frame 0
547.0485 	EXP 	Display Frame 1
547.1735 	EXP 	Display Frame 0
547.2985 	EXP 	Display Frame 1
547.4235 	EXP 	Display Frame 0
547.5485 	EXP 	Display Frame 1
547.6735 	EXP 	Display Frame 0
547.7985 	EXP 	Display Frame 1
547.9233 	EXP 	Display Frame 0
548.0485 	EXP 	Display Frame 1
548.1734 	EXP 	Display Frame 0
548.2984 	EXP 	Display Frame 1
548.4235 	EXP 	Display Frame 0
548.5485 	EXP 	Display Frame 1
548.6735 	EXP 	Display Frame 0
548.7985 	EXP 	Display Frame 1
548.9231 	DATA 	Keypress: equal
548.9249 	EXP 	Display Frame 0
548.9344 	EXP 	Display Fixation
552.3755 	DATA 	Keypress: equal
555.9395 	DATA 	Keypress: equal
559.5038 	DATA 	Keypress: equal
563.0683 	DATA 	Keypress: equal
566.6317 	DATA 	Keypress: equal
570.1956 	DATA 	Keypress: equal
573.7597 	DATA 	Keypress: equal
577.3235 	DATA 	Keypress: equal
580.8879 	DATA 	Keypress: equal
584.4518 	DATA 	Keypress: equal
584.5789 	EXP 	Display Frame 1
584.7038 	EXP 	Display Frame 0
584.8287 	EXP 	Display Frame 1
584.9533 	EXP 	Display Frame 0
585.0792 	EXP 	Display Frame 1
585.2037 	EXP 	Display Frame 0
585.3288 	EXP 	Display Frame 1
585.4537 	EXP 	Display Frame 0
585.5787 	EXP 	Display Frame 1
585.7033 	EXP 	Display Frame 0
585.8289 	EXP 	Display Frame 1
585.9536 	EXP 	Display Frame 0
586.0790 	EXP 	Display Frame 1
586.2041 	EXP 	Display Frame 0
586.3287 	EXP 	Display Frame 1
586.4535 	EXP 	Display Frame 0
586.5787 	EXP 	Display Frame 1
586.7037 	EXP 	Display Frame 0
586.8285 	EXP 	Display Frame 1
586.9537 	EXP 	Display Frame 0
587.0787 	EXP 	Display Frame 1
587.2038 	EXP 	Display Frame 0
587.3287 	EXP 	Display Frame 1
587.4538 	EXP 	Display Frame 0
587.5787 	EXP 	Display Frame 1
587.7037 	EXP 	Display Frame 0
587.8288 	EXP 	Display Frame 1
587.9537 	EXP 	Display Frame 0
588.0785 	DATA 	Keypress: equal
588.0807 	EXP 	Display Frame 1
588.2037 	EXP 	Display Frame 0
588.3287 	EXP 	Display Frame 1
588.4537 	EXP 	Display Frame 0
588.5787 	EXP 	Display Frame 1
588.7038 	EXP 	Display Frame 0
588.8287 	EXP 	Display Frame 1
588.9537 	EXP 	Display Frame 0
589.0788 	EXP 	Display Frame 1
589.2037 	EXP 	Display Frame 0
589.3287 	EXP 	Display Frame 1
589.4537 	EXP 	Display Frame 0
589.5787 	EXP 	Display Frame 1
589.7037 	EXP 	Display Frame 0
589.8286 	EXP 	Display Frame 1
589.9533 	EXP 	Display Frame 0
590.0792 	EXP 	Display Frame 1
590.2035 	EXP 	Display Frame 0
590.3286 	EXP 	Display Frame 1
590.4537 	EXP 	Display Frame 0
590.5787 	EXP 	Display Frame 1
590.7037 	EXP 	Display Frame 0
590.8287 	EXP 	Display Frame 1
590.9536 	EXP 	Display Frame 0
591.0786 	EXP 	Display Frame 1
591.2036 	EXP 	Display Frame 0
591.3287 	EXP 	Display Frame 1
591.4537 	EXP 	Display Frame 0
591.5787 	EXP 	Display Frame 1
591.7035 	DATA 	Keypress: equal
591.7053 	EXP 	Display Frame 0
591.8286 	EXP 	Display Frame 1
591.9537 	EXP 	Display Frame 0
592.0788 	EXP 	Display Frame 1
592.2038 	EXP 	Display Frame 0
592.3287 	EXP 	Display Frame 1
592.4537 	EXP 	Display Frame 0
592.5787 	EXP 	Display Frame 1
592.7037 	EXP 	Display Frame 0
592.8287 	EXP 	Display Frame 1
592.9537 	EXP 	Display Frame 0
593.0795 	EXP 	Display Frame 1
593.2038 	EXP 	Display Frame 0
593.3287 	EXP 	Display Frame 1
593.4537 	EXP 	Display Frame 0
593.5787 	EXP 	Display Frame 1
593.7038 	EXP 	Display Frame 0
593.8287 	EXP 	Display Frame 1
593.9537 	EXP 	Display Frame 0
594.0787 	EXP 	Display Frame 1
594.2037 	EXP 	Display Frame 0
594.3287 	EXP 	Display Frame 1
594.4537 	EXP 	Display Frame 0
594.5787 	EXP 	Display Frame 1
594.7039 	EXP 	Display Frame 0
594.8287 	EXP 	Display Frame 1
594.9532 	EXP 	Display Frame 0
595.0793 	EXP 	Display Frame 1
595.2034 	DATA 	Keypress: equal
595.2051 	EXP 	Display Frame 0
595.3287 	EXP 	Display Frame 1
595.4535 	EXP 	Display Frame 0
595.5787 	EXP 	Display Frame 1
595.7038 	EXP 	Display Frame 0
595.8287 	EXP 	Display Frame 1
595.9537 	EXP 	Display Frame 0
596.0787 	EXP 	Display Frame 1
596.2037 	EXP 	Display Frame 0
596.3286 	EXP 	Display Frame 1
596.4538 	EXP 	Display Frame 0
596.5787 	EXP 	Display Frame 1
596.7038 	EXP 	Display Frame 0
596.8287 	EXP 	Display Frame 1
596.9537 	EXP 	Display Frame 0
597.0783 	EXP 	Display Frame 1
597.2035 	EXP 	Display Frame 0
597.3287 	EXP 	Display Frame 1
597.4535 	EXP 	Display Frame 0
597.5787 	EXP 	Display Frame 1
597.7038 	EXP 	Display Frame 0
597.8287 	EXP 	Display Frame 1
597.9537 	EXP 	Display Frame 0
598.0788 	EXP 	Display Frame 1
598.2038 	EXP 	Display Frame 0
598.3287 	EXP 	Display Frame 1
598.4538 	EXP 	Display Frame 0
598.5787 	EXP 	Display Frame 1
598.7036 	EXP 	Display Frame 0
598.8284 	DATA 	Keypress: equal
598.8305 	EXP 	Display Frame 1
598.9537 	EXP 	Display Frame 0
599.0787 	EXP 	Display Frame 1
599.2037 	EXP 	Display Frame 0
599.3287 	EXP 	Display Frame 1
599.4536 	EXP 	Display Frame 0
599.5787 	EXP 	Display Frame 1
599.7037 	EXP 	Display Frame 0
599.8287 	EXP 	Display Frame 1
599.9532 	EXP 	Display Frame 0
600.0791 	EXP 	Display Frame 1
600.2037 	EXP 	Display Frame 0
600.3286 	EXP 	Display Frame 1
600.4537 	EXP 	Display Frame 0
600.5787 	EXP 	Display Frame 1
600.7036 	EXP 	Display Frame 0
600.8287 	EXP 	Display Frame 1
600.9536 	EXP 	Display Frame 0
601.0788 	EXP 	Display Frame 1
601.2037 	EXP 	Display Frame 0
601.3287 	EXP 	Display Frame 1
601.4536 	EXP 	Display Frame 0
601.5787 	EXP 	Display Frame 1
601.7037 	EXP 	Display Frame 0
601.8287 	EXP 	Display Frame 1
601.9536 	EXP 	Display Frame 0
602.0787 	EXP 	Display Frame 1
602.2037 	EXP 	Display Frame 0
602.3286 	DATA 	Keypress: equal
602.3308 	EXP 	Display Frame 1
602.4536 	EXP 	Display Frame 0
602.5787 	EXP 	Display Frame 1
602.7036 	EXP 	Display Frame 0
602.8287 	EXP 	Display Frame 1
602.9537 	EXP 	Display Frame 0
603.0788 	EXP 	Display Frame 1
603.2037 	EXP 	Display Frame 0
603.3288 	EXP 	Display Frame 1
603.4537 	EXP 	Display Frame 0
603.5787 	EXP 	Display Frame 1
603.7038 	EXP 	Display Frame 0
603.8287 	EXP 	Display Frame 1
603.9538 	EXP 	Display Frame 0
604.0787 	EXP 	Display Frame 1
604.2035 	EXP 	Display Frame 0
604.3287 	EXP 	Display Frame 1
604.4536 	EXP 	Display Frame 0
604.5787 	EXP 	Display Frame 1
604.7037 	EXP 	Display Frame 0
604.8287 	EXP 	Display Frame 1
604.9532 	EXP 	Display Frame 0
605.0792 	EXP 	Display Frame 1
605.2037 	EXP 	Display Frame 0
605.3285 	EXP 	Display Frame 1
605.4537 	EXP 	Display Frame 0
605.5787 	EXP 	Display Frame 1
605.7038 	EXP 	Display Frame 0
605.8287 	EXP 	Display Frame 1
605.9534 	DATA 	Keypress: equal
605.9554 	EXP 	Display Frame 0
606.0787 	EXP 	Display Frame 1
606.2037 	EXP 	Display Frame 0
606.3287 	EXP 	Display Frame 1
606.4537 	EXP 	Display Frame 0
606.5787 	EXP 	Display Frame 1
606.7037 	EXP 	Display Frame 0
606.8287 	EXP 	Display Frame 1
606.9541 	EXP 	Display Frame 0
607.0785 	EXP 	Display Frame 1
607.2037 	EXP 	Display Frame 0
607.3285 	EXP 	Display Frame 1
607.4537 	EXP 	Display Frame 0
607.5787 	EXP 	Display Frame 1
607.7036 	EXP 	Display Frame 0
607.8285 	EXP 	Display Frame 1
607.9537 	EXP 	Display Frame 0
608.0787 	EXP 	Display Frame 1
608.2036 	EXP 	Display Frame 0
608.3288 	EXP 	Display Frame 1
608.4537 	EXP 	Display Frame 0
608.5787 	EXP 	Display Frame 1
608.7036 	EXP 	Display Frame 0
608.8287 	EXP 	Display Frame 1
608.9537 	EXP 	Display Frame 0
609.0787 	EXP 	Display Frame 1
609.2037 	EXP 	Display Frame 0
609.3287 	EXP 	Display Frame 1
609.4534 	DATA 	Keypress: equal
609.4555 	EXP 	Display Frame 0
609.5787 	EXP 	Display Frame 1
609.7036 	EXP 	Display Frame 0
609.8287 	EXP 	Display Frame 1
609.9532 	EXP 	Display Frame 0
610.0792 	EXP 	Display Frame 1
610.2037 	EXP 	Display Frame 0
610.3287 	EXP 	Display Frame 1
610.4537 	EXP 	Display Frame 0
610.5787 	EXP 	Display Frame 1
610.7037 	EXP 	Display Frame 0
610.8287 	EXP 	Display Frame 1
610.9536 	EXP 	Display Frame 0
611.0784 	EXP 	Display Frame 1
611.2037 	EXP 	Display Frame 0
611.3286 	EXP 	Display Frame 1
611.4538 	EXP 	Display Frame 0
611.5787 	EXP 	Display Frame 1
611.7036 	EXP 	Display Frame 0
611.8287 	EXP 	Display Frame 1
611.9537 	EXP 	Display Frame 0
612.0789 	EXP 	Display Frame 1
612.2037 	EXP 	Display Frame 0
612.3286 	EXP 	Display Frame 1
612.4538 	EXP 	Display Frame 0
612.5787 	EXP 	Display Frame 1
612.7037 	EXP 	Display Frame 0
612.8288 	EXP 	Display Frame 1
612.9537 	EXP 	Display Frame 0
613.0780 	DATA 	Keypress: equal
613.0797 	EXP 	Display Frame 1
613.2036 	EXP 	Display Frame 0
613.3286 	EXP 	Display Frame 1
613.4535 	EXP 	Display Frame 0
613.5787 	EXP 	Display Frame 1
613.7037 	EXP 	Display Frame 0
613.8293 	EXP 	Display Frame 1
613.9537 	EXP 	Display Frame 0
614.0786 	EXP 	Display Frame 1
614.2036 	EXP 	Display Frame 0
614.3287 	EXP 	Display Frame 1
614.4537 	EXP 	Display Frame 0
614.5787 	EXP 	Display Frame 1
614.7037 	EXP 	Display Frame 0
614.8287 	EXP 	Display Frame 1
614.9533 	EXP 	Display Frame 0
615.0792 	EXP 	Display Frame 1
615.2037 	EXP 	Display Frame 0
615.3286 	EXP 	Display Frame 1
615.4537 	EXP 	Display Frame 0
615.5788 	EXP 	Display Frame 1
615.7038 	EXP 	Display Frame 0
615.8287 	EXP 	Display Frame 1
615.9535 	EXP 	Display Frame 0
616.0792 	EXP 	Display Frame 1
616.2037 	EXP 	Display Frame 0
616.3287 	EXP 	Display Frame 1
616.4537 	EXP 	Display Frame 0
616.5786 	DATA 	Keypress: equal
616.5808 	EXP 	Display Frame 1
616.7036 	EXP 	Display Frame 0
616.8287 	EXP 	Display Frame 1
616.9536 	EXP 	Display Frame 0
617.0788 	EXP 	Display Frame 1
617.2038 	EXP 	Display Frame 0
617.3287 	EXP 	Display Frame 1
617.4537 	EXP 	Display Frame 0
617.5787 	EXP 	Display Frame 1
617.7037 	EXP 	Display Frame 0
617.8288 	EXP 	Display Frame 1
617.9537 	EXP 	Display Frame 0
618.0788 	EXP 	Display Frame 1
618.2037 	EXP 	Display Frame 0
618.3287 	EXP 	Display Frame 1
618.4535 	EXP 	Display Frame 0
618.5787 	EXP 	Display Frame 1
618.7036 	EXP 	Display Frame 0
618.8287 	EXP 	Display Frame 1
618.9537 	EXP 	Display Frame 0
619.0788 	EXP 	Display Frame 1
619.2037 	EXP 	Display Frame 0
619.3287 	EXP 	Display Frame 1
619.4536 	EXP 	Display Frame 0
619.5787 	EXP 	Display Frame 1
619.7037 	EXP 	Display Frame 0
619.8287 	EXP 	Display Frame 1
619.9533 	EXP 	Display Frame 0
620.0792 	EXP 	Display Frame 1
620.2032 	DATA 	Keypress: equal
620.2053 	EXP 	Display Frame 0
620.2178 	EXP 	Display Fixation
623.6560 	DATA 	Keypress: equal
627.2198 	DATA 	Keypress: equal
630.7840 	DATA 	Keypress: equal
634.3477 	DATA 	Keypress: equal
637.9120 	DATA 	Keypress: equal
641.4759 	DATA 	Keypress: equal
645.0393 	DATA 	Keypress: equal
648.6037 	DATA 	Keypress: equal
652.1687 	DATA 	Keypress: equal
655.7319 	DATA 	Keypress: equal
655.8594 	EXP 	Display Frame 1
655.9839 	EXP 	Display Frame 0
656.1092 	EXP 	Display Frame 1
656.2339 	EXP 	Display Frame 0
656.3589 	EXP 	Display Frame 1
656.4841 	EXP 	Display Frame 0
656.6089 	EXP 	Display Frame 1
656.7341 	EXP 	Display Frame 0
656.8588 	EXP 	Display Frame 1
656.9840 	EXP 	Display Frame 0
657.1089 	EXP 	Display Frame 1
657.2341 	EXP 	Display Frame 0
657.3589 	EXP 	Display Frame 1
657.4841 	EXP 	Display Frame 0
657.6089 	EXP 	Display Frame 1
657.7341 	EXP 	Display Frame 0
657.8589 	EXP 	Display Frame 1
657.9841 	EXP 	Display Frame 0
658.1089 	EXP 	Display Frame 1
658.2341 	EXP 	Display Frame 0
658.3589 	EXP 	Display Frame 1
658.4841 	EXP 	Display Frame 0
658.6084 	EXP 	Display Frame 1
658.7341 	EXP 	Display Frame 0
658.8588 	EXP 	Display Frame 1
658.9841 	EXP 	Display Frame 0
659.1089 	EXP 	Display Frame 1
659.2340 	EXP 	Display Frame 0
659.3583 	DATA 	Keypress: equal
659.3598 	EXP 	Display Frame 1
659.4837 	EXP 	Display Frame 0
659.6086 	EXP 	Display Frame 1
659.7338 	EXP 	Display Frame 0
659.8586 	EXP 	Display Frame 1
659.9839 	EXP 	Display Frame 0
660.1088 	EXP 	Display Frame 1
660.2339 	EXP 	Display Frame 0
660.3588 	EXP 	Display Frame 1
660.4841 	EXP 	Display Frame 0
660.6089 	EXP 	Display Frame 1
660.7340 	EXP 	Display Frame 0
660.8590 	EXP 	Display Frame 1
660.9840 	EXP 	Display Frame 0
661.1086 	EXP 	Display Frame 1
661.2343 	EXP 	Display Frame 0
661.3588 	EXP 	Display Frame 1
661.4839 	EXP 	Display Frame 0
661.6088 	EXP 	Display Frame 1
661.7340 	EXP 	Display Frame 0
661.8588 	EXP 	Display Frame 1
661.9841 	EXP 	Display Frame 0
662.1090 	EXP 	Display Frame 1
662.2341 	EXP 	Display Frame 0
662.3589 	EXP 	Display Frame 1
662.4841 	EXP 	Display Frame 0
662.6089 	EXP 	Display Frame 1
662.7341 	EXP 	Display Frame 0
662.8589 	EXP 	Display Frame 1
662.9837 	DATA 	Keypress: equal
662.9857 	EXP 	Display Frame 0
663.1087 	EXP 	Display Frame 1
663.2339 	EXP 	Display Frame 0
663.3589 	EXP 	Display Frame 1
663.4840 	EXP 	Display Frame 0
663.6089 	EXP 	Display Frame 1
663.7341 	EXP 	Display Frame 0
663.8589 	EXP 	Display Frame 1
663.9841 	EXP 	Display Frame 0
664.1089 	EXP 	Display Frame 1
664.2341 	EXP 	Display Frame 0
664.3589 	EXP 	Display Frame 1
664.4841 	EXP 	Display Frame 0
664.6089 	EXP 	Display Frame 1
664.7341 	EXP 	Display Frame 0
664.8589 	EXP 	Display Frame 1
664.9838 	EXP 	Display Frame 0
665.1089 	EXP 	Display Frame 1
665.2340 	EXP 	Display Frame 0
665.3588 	EXP 	Display Frame 1
665.4841 	EXP 	Display Frame 0
665.6089 	EXP 	Display Frame 1
665.7341 	EXP 	Display Frame 0
665.8590 	EXP 	Display Frame 1
665.9838 	EXP 	Display Frame 0
666.1091 	EXP 	Display Frame 1
666.2340 	EXP 	Display Frame 0
666.3588 	EXP 	Display Frame 1
666.4833 	DATA 	Keypress: equal
666.4852 	EXP 	Display Frame 0
666.6089 	EXP 	Display Frame 1
666.7341 	EXP 	Display Frame 0
666.8589 	EXP 	Display Frame 1
666.9841 	EXP 	Display Frame 0
667.1089 	EXP 	Display Frame 1
667.2341 	EXP 	Display Frame 0
667.3589 	EXP 	Display Frame 1
667.4841 	EXP 	Display Frame 0
667.6089 	EXP 	Display Frame 1
667.7341 	EXP 	Display Frame 0
667.8588 	EXP 	Display Frame 1
667.9841 	EXP 	Display Frame 0
668.1091 	EXP 	Display Frame 1
668.2342 	EXP 	Display Frame 0
668.3589 	EXP 	Display Frame 1
668.4841 	EXP 	Display Frame 0
668.6088 	EXP 	Display Frame 1
668.7340 	EXP 	Display Frame 0
668.8588 	EXP 	Display Frame 1
668.9841 	EXP 	Display Frame 0
669.1089 	EXP 	Display Frame 1
669.2341 	EXP 	Display Frame 0
669.3589 	EXP 	Display Frame 1
669.4841 	EXP 	Display Frame 0
669.6089 	EXP 	Display Frame 1
669.7341 	EXP 	Display Frame 0
669.8588 	EXP 	Display Frame 1
669.9838 	EXP 	Display Frame 0
670.1086 	DATA 	Keypress: equal
670.1107 	EXP 	Display Frame 1
670.2340 	EXP 	Display Frame 0
670.3587 	EXP 	Display Frame 1
670.4839 	EXP 	Display Frame 0
670.6089 	EXP 	Display Frame 1
670.7341 	EXP 	Display Frame 0
670.8589 	EXP 	Display Frame 1
670.9837 	EXP 	Display Frame 0
671.1091 	EXP 	Display Frame 1
671.2341 	EXP 	Display Frame 0
671.3588 	EXP 	Display Frame 1
671.4839 	EXP 	Display Frame 0
671.6088 	EXP 	Display Frame 1
671.7336 	EXP 	Display Frame 0
671.8587 	EXP 	Display Frame 1
671.9839 	EXP 	Display Frame 0
672.1088 	EXP 	Display Frame 1
672.2340 	EXP 	Display Frame 0
672.3589 	EXP 	Display Frame 1
672.4841 	EXP 	Display Frame 0
672.6090 	EXP 	Display Frame 1
672.7341 	EXP 	Display Frame 0
672.8589 	EXP 	Display Frame 1
672.9841 	EXP 	Display Frame 0
673.1089 	EXP 	Display Frame 1
673.2341 	EXP 	Display Frame 0
673.3589 	EXP 	Display Frame 1
673.4841 	EXP 	Display Frame 0
673.6087 	DATA 	Keypress: equal
673.6109 	EXP 	Display Frame 1
673.7341 	EXP 	Display Frame 0
673.8588 	EXP 	Display Frame 1
673.9840 	EXP 	Display Frame 0
674.1089 	EXP 	Display Frame 1
674.2341 	EXP 	Display Frame 0
674.3589 	EXP 	Display Frame 1
674.4839 	EXP 	Display Frame 0
674.6089 	EXP 	Display Frame 1
674.7340 	EXP 	Display Frame 0
674.8589 	EXP 	Display Frame 1
674.9840 	EXP 	Display Frame 0
675.1087 	EXP 	Display Frame 1
675.2341 	EXP 	Display Frame 0
675.3586 	EXP 	Display Frame 1
675.4841 	EXP 	Display Frame 0
675.6089 	EXP 	Display Frame 1
675.7340 	EXP 	Display Frame 0
675.8588 	EXP 	Display Frame 1
675.9840 	EXP 	Display Frame 0
676.1095 	EXP 	Display Frame 1
676.2340 	EXP 	Display Frame 0
676.3588 	EXP 	Display Frame 1
676.4839 	EXP 	Display Frame 0
676.6089 	EXP 	Display Frame 1
676.7340 	EXP 	Display Frame 0
676.8589 	EXP 	Display Frame 1
676.9841 	EXP 	Display Frame 0
677.1086 	EXP 	Display Frame 1
677.2333 	DATA 	Keypress: equal
677.2353 	EXP 	Display Frame 0
677.3589 	EXP 	Display Frame 1
677.4840 	EXP 	Display Frame 0
677.6089 	EXP 	Display Frame 1
677.7341 	EXP 	Display Frame 0
677.8589 	EXP 	Display Frame 1
677.9840 	EXP 	Display Frame 0
678.1089 	EXP 	Display Frame 1
678.2341 	EXP 	Display Frame 0
678.3589 	EXP 	Display Frame 1
678.4841 	EXP 	Display Frame 0
678.6089 	EXP 	Display Frame 1
678.7341 	EXP 	Display Frame 0
678.8589 	EXP 	Display Frame 1
678.9841 	EXP 	Display Frame 0
679.1089 	EXP 	Display Frame 1
679.2341 	EXP 	Display Frame 0
679.3589 	EXP 	Display Frame 1
679.4838 	EXP 	Display Frame 0
679.6088 	EXP 	Display Frame 1
679.7341 	EXP 	Display Frame 0
679.8589 	EXP 	Display Frame 1
679.9838 	EXP 	Display Frame 0
680.1089 	EXP 	Display Frame 1
680.2340 	EXP 	Display Frame 0
680.3590 	EXP 	Display Frame 1
680.4841 	EXP 	Display Frame 0
680.6089 	EXP 	Display Frame 1
680.7337 	DATA 	Keypress: equal
680.7357 	EXP 	Display Frame 0
680.8589 	EXP 	Display Frame 1
680.9838 	EXP 	Display Frame 0
681.1093 	EXP 	Display Frame 1
681.2340 	EXP 	Display Frame 0
681.3589 	EXP 	Display Frame 1
681.4841 	EXP 	Display Frame 0
681.6089 	EXP 	Display Frame 1
681.7340 	EXP 	Display Frame 0
681.8590 	EXP 	Display Frame 1
681.9841 	EXP 	Display Frame 0
682.1087 	EXP 	Display Frame 1
682.2340 	EXP 	Display Frame 0
682.3589 	EXP 	Display Frame 1
682.4840 	EXP 	Display Frame 0
682.6089 	EXP 	Display Frame 1
682.7340 	EXP 	Display Frame 0
682.8589 	EXP 	Display Frame 1
682.9841 	EXP 	Display Frame 0
683.1089 	EXP 	Display Frame 1
683.2341 	EXP 	Display Frame 0
683.3589 	EXP 	Display Frame 1
683.4841 	EXP 	Display Frame 0
683.6089 	EXP 	Display Frame 1
683.7341 	EXP 	Display Frame 0
683.8588 	EXP 	Display Frame 1
683.9841 	EXP 	Display Frame 0
684.1089 	EXP 	Display Frame 1
684.2341 	EXP 	Display Frame 0
684.3587 	DATA 	Keypress: equal
684.3607 	EXP 	Display Frame 1
684.4838 	EXP 	Display Frame 0
684.6087 	EXP 	Display Frame 1
684.7341 	EXP 	Display Frame 0
684.8589 	EXP 	Display Frame 1
684.9839 	EXP 	Display Frame 0
685.1089 	EXP 	Display Frame 1
685.2340 	EXP 	Display Frame 0
685.3588 	EXP 	Display Frame 1
685.4840 	EXP 	Display Frame 0
685.6089 	EXP 	Display Frame 1
685.7341 	EXP 	Display Frame 0
685.8589 	EXP 	Display Frame 1
685.9839 	EXP 	Display Frame 0
686.1093 	EXP 	Display Frame 1
686.2339 	EXP 	Display Frame 0
686.3589 	EXP 	Display Frame 1
686.4841 	EXP 	Display Frame 0
686.6089 	EXP 	Display Frame 1
686.7341 	EXP 	Display Frame 0
686.8588 	EXP 	Display Frame 1
686.9841 	EXP 	Display Frame 0
687.1089 	EXP 	Display Frame 1
687.2341 	EXP 	Display Frame 0
687.3589 	EXP 	Display Frame 1
687.4840 	EXP 	Display Frame 0
687.6089 	EXP 	Display Frame 1
687.7336 	EXP 	Display Frame 0
687.8583 	DATA 	Keypress: equal
687.8600 	EXP 	Display Frame 1
687.9840 	EXP 	Display Frame 0
688.1088 	EXP 	Display Frame 1
688.2341 	EXP 	Display Frame 0
688.3589 	EXP 	Display Frame 1
688.4841 	EXP 	Display Frame 0
688.6089 	EXP 	Display Frame 1
688.7341 	EXP 	Display Frame 0
688.8591 	EXP 	Display Frame 1
688.9840 	EXP 	Display Frame 0
689.1088 	EXP 	Display Frame 1
689.2341 	EXP 	Display Frame 0
689.3589 	EXP 	Display Frame 1
689.4842 	EXP 	Display Frame 0
689.6089 	EXP 	Display Frame 1
689.7341 	EXP 	Display Frame 0
689.8589 	EXP 	Display Frame 1
689.9840 	EXP 	Display Frame 0
690.1089 	EXP 	Display Frame 1
690.2339 	EXP 	Display Frame 0
690.3589 	EXP 	Display Frame 1
690.4841 	EXP 	Display Frame 0
690.6088 	EXP 	Display Frame 1
690.7341 	EXP 	Display Frame 0
690.8589 	EXP 	Display Frame 1
690.9837 	EXP 	Display Frame 0
691.1093 	EXP 	Display Frame 1
691.2340 	EXP 	Display Frame 0
691.3585 	EXP 	Display Frame 1
691.4835 	DATA 	Keypress: equal
691.4856 	EXP 	Display Frame 0
691.5018 	EXP 	Display Fixation
694.9346 	DATA 	Keypress: equal
698.4993 	DATA 	Keypress: equal
702.0629 	DATA 	Keypress: equal
705.6274 	DATA 	Keypress: equal
709.1910 	DATA 	Keypress: equal
712.7551 	DATA 	Keypress: equal
716.3192 	DATA 	Keypress: equal
719.8830 	DATA 	Keypress: equal
723.4472 	DATA 	Keypress: equal
727.0111 	DATA 	Keypress: equal
727.1382 	EXP 	Display Frame 1
727.2631 	EXP 	Display Frame 0
727.3878 	EXP 	Display Frame 1
727.5129 	EXP 	Display Frame 0
727.6381 	EXP 	Display Frame 1
727.7630 	EXP 	Display Frame 0
727.8880 	EXP 	Display Frame 1
728.0130 	EXP 	Display Frame 0
728.1380 	EXP 	Display Frame 1
728.2630 	EXP 	Display Frame 0
728.3881 	EXP 	Display Frame 1
728.5129 	EXP 	Display Frame 0
728.6387 	EXP 	Display Frame 1
728.7630 	EXP 	Display Frame 0
728.8880 	EXP 	Display Frame 1
729.0129 	EXP 	Display Frame 0
729.1381 	EXP 	Display Frame 1
729.2630 	EXP 	Display Frame 0
729.3880 	EXP 	Display Frame 1
729.5130 	EXP 	Display Frame 0
729.6381 	EXP 	Display Frame 1
729.7630 	EXP 	Display Frame 0
729.8880 	EXP 	Display Frame 1
730.0128 	EXP 	Display Frame 0
730.1380 	EXP 	Display Frame 1
730.2630 	EXP 	Display Frame 0
730.3876 	EXP 	Display Frame 1
730.5128 	EXP 	Display Frame 0
730.6376 	DATA 	Keypress: equal
730.6397 	EXP 	Display Frame 1
730.7630 	EXP 	Display Frame 0
730.8879 	EXP 	Display Frame 1
731.0128 	EXP 	Display Frame 0
731.1380 	EXP 	Display Frame 1
731.2631 	EXP 	Display Frame 0
731.3881 	EXP 	Display Frame 1
731.5129 	EXP 	Display Frame 0
731.6381 	EXP 	Display Frame 1
731.7629 	EXP 	Display Frame 0
731.8877 	EXP 	Display Frame 1
732.0130 	EXP 	Display Frame 0
732.1380 	EXP 	Display Frame 1
732.2629 	EXP 	Display Frame 0
732.3880 	EXP 	Display Frame 1
732.5130 	EXP 	Display Frame 0
732.6380 	EXP 	Display Frame 1
732.7629 	EXP 	Display Frame 0
732.8880 	EXP 	Display Frame 1
733.0129 	EXP 	Display Frame 0
733.1381 	EXP 	Display Frame 1
733.2630 	EXP 	Display Frame 0
733.3880 	EXP 	Display Frame 1
733.5130 	EXP 	Display Frame 0
733.6380 	EXP 	Display Frame 1
733.7630 	EXP 	Display Frame 0
733.8880 	EXP 	Display Frame 1
734.0130 	EXP 	Display Frame 0
734.1380 	EXP 	Display Frame 1
734.2628 	DATA 	Keypress: equal
734.2648 	EXP 	Display Frame 0
734.3879 	EXP 	Display Frame 1
734.5130 	EXP 	Display Frame 0
734.6380 	EXP 	Display Frame 1
734.7630 	EXP 	Display Frame 0
734.8880 	EXP 	Display Frame 1
735.0130 	EXP 	Display Frame 0
735.1379 	EXP 	Display Frame 1
735.2629 	EXP 	Display Frame 0
735.3881 	EXP 	Display Frame 1
735.5130 	EXP 	Display Frame 0
735.6382 	EXP 	Display Frame 1
735.7629 	EXP 	Display Frame 0
735.8876 	EXP 	Display Frame 1
736.0127 	EXP 	Display Frame 0
736.1391 	EXP 	Display Frame 1
736.2629 	EXP 	Display Frame 0
736.3880 	EXP 	Display Frame 1
736.5130 	EXP 	Display Frame 0
736.6380 	EXP 	Display Frame 1
736.7629 	EXP 	Display Frame 0
736.8880 	EXP 	Display Frame 1
737.0129 	EXP 	Display Frame 0
737.1380 	EXP 	Display Frame 1
737.2630 	EXP 	Display Frame 0
737.3880 	EXP 	Display Frame 1
737.5130 	EXP 	Display Frame 0
737.6380 	EXP 	Display Frame 1
737.7629 	DATA 	Keypress: equal
737.7649 	EXP 	Display Frame 0
737.8880 	EXP 	Display Frame 1
738.0129 	EXP 	Display Frame 0
738.1380 	EXP 	Display Frame 1
738.2630 	EXP 	Display Frame 0
738.3880 	EXP 	Display Frame 1
738.5129 	EXP 	Display Frame 0
738.6380 	EXP 	Display Frame 1
738.7629 	EXP 	Display Frame 0
738.8880 	EXP 	Display Frame 1
739.0130 	EXP 	Display Frame 0
739.1380 	EXP 	Display Frame 1
739.2629 	EXP 	Display Frame 0
739.3885 	EXP 	Display Frame 1
739.5129 	EXP 	Display Frame 0
739.6379 	EXP 	Display Frame 1
739.7629 	EXP 	Display Frame 0
739.8879 	EXP 	Display Frame 1
740.0127 	EXP 	Display Frame 0
740.1380 	EXP 	Display Frame 1
740.2630 	EXP 	Display Frame 0
740.3880 	EXP 	Display Frame 1
740.5129 	EXP 	Display Frame 0
740.6381 	EXP 	Display Frame 1
740.7630 	EXP 	Display Frame 0
740.8880 	EXP 	Display Frame 1
741.0126 	EXP 	Display Frame 0
741.1377 	EXP 	Display Frame 1
741.2628 	EXP 	Display Frame 0
741.3875 	DATA 	Keypress: equal
741.3893 	EXP 	Display Frame 1
741.5130 	EXP 	Display Frame 0
741.6379 	EXP 	Display Frame 1
741.7630 	EXP 	Display Frame 0
741.8880 	EXP 	Display Frame 1
742.0130 	EXP 	Display Frame 0
742.1380 	EXP 	Display Frame 1
742.2630 	EXP 	Display Frame 0
742.3880 	EXP 	Display Frame 1
742.5133 	EXP 	Display Frame 0
742.6381 	EXP 	Display Frame 1
742.7630 	EXP 	Display Frame 0
742.8881 	EXP 	Display Frame 1
743.0130 	EXP 	Display Frame 0
743.1380 	EXP 	Display Frame 1
743.2630 	EXP 	Display Frame 0
743.3881 	EXP 	Display Frame 1
743.5130 	EXP 	Display Frame 0
743.6380 	EXP 	Display Frame 1
743.7629 	EXP 	Display Frame 0
743.8880 	EXP 	Display Frame 1
744.0130 	EXP 	Display Frame 0
744.1380 	EXP 	Display Frame 1
744.2630 	EXP 	Display Frame 0
744.3880 	EXP 	Display Frame 1
744.5130 	EXP 	Display Frame 0
744.6380 	EXP 	Display Frame 1
744.7630 	EXP 	Display Frame 0
744.8878 	DATA 	Keypress: equal
744.8904 	EXP 	Display Frame 1
745.0130 	EXP 	Display Frame 0
745.1379 	EXP 	Display Frame 1
745.2629 	EXP 	Display Frame 0
745.3880 	EXP 	Display Frame 1
745.5130 	EXP 	Display Frame 0
745.6381 	EXP 	Display Frame 1
745.7627 	EXP 	Display Frame 0
745.8880 	EXP 	Display Frame 1
746.0126 	EXP 	Display Frame 0
746.1381 	EXP 	Display Frame 1
746.2630 	EXP 	Display Frame 0
746.3876 	EXP 	Display Frame 1
746.5129 	EXP 	Display Frame 0
746.6379 	EXP 	Display Frame 1
746.7628 	EXP 	Display Frame 0
746.8880 	EXP 	Display Frame 1
747.0130 	EXP 	Display Frame 0
747.1379 	EXP 	Display Frame 1
747.2629 	EXP 	Display Frame 0
747.3881 	EXP 	Display Frame 1
747.5129 	EXP 	Display Frame 0
747.6381 	EXP 	Display Frame 1
747.7630 	EXP 	Display Frame 0
747.8880 	EXP 	Display Frame 1
748.0130 	EXP 	Display Frame 0
748.1380 	EXP 	Display Frame 1
748.2630 	EXP 	Display Frame 0
748.3880 	EXP 	Display Frame 1
748.5127 	DATA 	Keypress: equal
748.5149 	EXP 	Display Frame 0
748.6379 	EXP 	Display Frame 1
748.7629 	EXP 	Display Frame 0
748.8880 	EXP 	Display Frame 1
749.0130 	EXP 	Display Frame 0
749.1380 	EXP 	Display Frame 1
749.2629 	EXP 	Display Frame 0
749.3882 	EXP 	Display Frame 1
749.5130 	EXP 	Display Frame 0
749.6381 	EXP 	Display Frame 1
749.7630 	EXP 	Display Frame 0
749.8879 	EXP 	Display Frame 1
750.0127 	EXP 	Display Frame 0
750.1380 	EXP 	Display Frame 1
750.2629 	EXP 	Display Frame 0
750.3880 	EXP 	Display Frame 1
750.5130 	EXP 	Display Frame 0
750.6380 	EXP 	Display Frame 1
750.7629 	EXP 	Display Frame 0
750.8880 	EXP 	Display Frame 1
751.0127 	EXP 	Display Frame 0
751.1380 	EXP 	Display Frame 1
751.2630 	EXP 	Display Frame 0
751.3880 	EXP 	Display Frame 1
751.5130 	EXP 	Display Frame 0
751.6380 	EXP 	Display Frame 1
751.7628 	EXP 	Display Frame 0
751.8878 	EXP 	Display Frame 1
752.0127 	DATA 	Keypress: equal
752.0148 	EXP 	Display Frame 0
752.1379 	EXP 	Display Frame 1
752.2629 	EXP 	Display Frame 0
752.3880 	EXP 	Display Frame 1
752.5130 	EXP 	Display Frame 0
752.6380 	EXP 	Display Frame 1
752.7629 	EXP 	Display Frame 0
752.8880 	EXP 	Display Frame 1
753.0130 	EXP 	Display Frame 0
753.1380 	EXP 	Display Frame 1
753.2630 	EXP 	Display Frame 0
753.3882 	EXP 	Display Frame 1
753.5129 	EXP 	Display Frame 0
753.6380 	EXP 	Display Frame 1
753.7630 	EXP 	Display Frame 0
753.8880 	EXP 	Display Frame 1
754.0131 	EXP 	Display Frame 0
754.1380 	EXP 	Display Frame 1
754.2630 	EXP 	Display Frame 0
754.3880 	EXP 	Display Frame 1
754.5130 	EXP 	Display Frame 0
754.6380 	EXP 	Display Frame 1
754.7629 	EXP 	Display Frame 0
754.8880 	EXP 	Display Frame 1
755.0128 	EXP 	Display Frame 0
755.1380 	EXP 	Display Frame 1
755.2629 	EXP 	Display Frame 0
755.3879 	EXP 	Display Frame 1
755.5128 	EXP 	Display Frame 0
755.6377 	DATA 	Keypress: equal
755.6396 	EXP 	Display Frame 1
755.7630 	EXP 	Display Frame 0
755.8879 	EXP 	Display Frame 1
756.0126 	EXP 	Display Frame 0
756.1380 	EXP 	Display Frame 1
756.2630 	EXP 	Display Frame 0
756.3882 	EXP 	Display Frame 1
756.5131 	EXP 	Display Frame 0
756.6379 	EXP 	Display Frame 1
756.7629 	EXP 	Display Frame 0
756.8880 	EXP 	Display Frame 1
757.0130 	EXP 	Display Frame 0
757.1378 	EXP 	Display Frame 1
757.2629 	EXP 	Display Frame 0
757.3879 	EXP 	Display Frame 1
757.5130 	EXP 	Display Frame 0
757.6380 	EXP 	Display Frame 1
757.7630 	EXP 	Display Frame 0
757.8881 	EXP 	Display Frame 1
758.0130 	EXP 	Display Frame 0
758.1380 	EXP 	Display Frame 1
758.2630 	EXP 	Display Frame 0
758.3879 	EXP 	Display Frame 1
758.5130 	EXP 	Display Frame 0
758.6380 	EXP 	Display Frame 1
758.7630 	EXP 	Display Frame 0
758.8880 	EXP 	Display Frame 1
759.0130 	EXP 	Display Frame 0
759.1378 	DATA 	Keypress: equal
759.1399 	EXP 	Display Frame 1
759.2629 	EXP 	Display Frame 0
759.3879 	EXP 	Display Frame 1
759.5130 	EXP 	Display Frame 0
759.6380 	EXP 	Display Frame 1
759.7630 	EXP 	Display Frame 0
759.8880 	EXP 	Display Frame 1
760.0128 	EXP 	Display Frame 0
760.1379 	EXP 	Display Frame 1
760.2628 	EXP 	Display Frame 0
760.3879 	EXP 	Display Frame 1
760.5129 	EXP 	Display Frame 0
760.6381 	EXP 	Display Frame 1
760.7631 	EXP 	Display Frame 0
760.8879 	EXP 	Display Frame 1
761.0126 	EXP 	Display Frame 0
761.1380 	EXP 	Display Frame 1
761.2629 	EXP 	Display Frame 0
761.3880 	EXP 	Display Frame 1
761.5130 	EXP 	Display Frame 0
761.6380 	EXP 	Display Frame 1
761.7627 	EXP 	Display Frame 0
761.8880 	EXP 	Display Frame 1
762.0129 	EXP 	Display Frame 0
762.1380 	EXP 	Display Frame 1
762.2629 	EXP 	Display Frame 0
762.3876 	EXP 	Display Frame 1
762.5128 	EXP 	Display Frame 0
762.6380 	EXP 	Display Frame 1
762.7630 	EXP 	Display Frame 0
762.8880 	EXP 	Display Frame 1
763.0130 	EXP 	Display Frame 0
763.1380 	EXP 	Display Frame 1
763.2631 	EXP 	Display Frame 0
763.3880 	EXP 	Display Frame 1
763.5130 	EXP 	Display Frame 0
763.6381 	EXP 	Display Frame 1
763.7629 	EXP 	Display Frame 0
763.8880 	EXP 	Display Frame 1
764.0129 	EXP 	Display Frame 0
764.1380 	EXP 	Display Frame 1
764.2629 	EXP 	Display Frame 0
764.3880 	EXP 	Display Frame 1
764.5129 	EXP 	Display Frame 0
764.6381 	EXP 	Display Frame 1
764.7629 	EXP 	Display Frame 0
764.8880 	EXP 	Display Frame 1
765.0130 	EXP 	Display Frame 0
765.1380 	EXP 	Display Frame 1
765.2629 	EXP 	Display Frame 0
765.3880 	EXP 	Display Frame 1
765.5130 	EXP 	Display Frame 0
765.6380 	EXP 	Display Frame 1
765.7630 	EXP 	Display Frame 0
765.8888 	EXP 	Display Frame 1
766.0128 	EXP 	Display Frame 0
766.1380 	EXP 	Display Frame 1
766.2630 	EXP 	Display Frame 0
766.3880 	EXP 	Display Frame 1
766.5131 	EXP 	Display Frame 0
766.6380 	EXP 	Display Frame 1
766.7629 	EXP 	Display Frame 0
766.8880 	EXP 	Display Frame 1
767.0130 	EXP 	Display Frame 0
767.1379 	EXP 	Display Frame 1
767.2629 	EXP 	Display Frame 0
767.3881 	EXP 	Display Frame 1
767.5129 	EXP 	Display Frame 0
767.6380 	EXP 	Display Frame 1
767.7627 	EXP 	Display Frame 0
767.8877 	EXP 	Display Frame 1
768.0129 	EXP 	Display Frame 0
768.1381 	EXP 	Display Frame 1
768.2630 	EXP 	Display Frame 0
768.3880 	EXP 	Display Frame 1
768.5130 	EXP 	Display Frame 0
768.6380 	EXP 	Display Frame 1
768.7630 	EXP 	Display Frame 0
768.8880 	EXP 	Display Frame 1
769.0130 	EXP 	Display Frame 0
769.1380 	EXP 	Display Frame 1
769.2630 	EXP 	Display Frame 0
769.3880 	EXP 	Display Frame 1
769.5130 	EXP 	Display Frame 0
769.6380 	EXP 	Display Frame 1
769.7629 	EXP 	Display Frame 0
769.8880 	EXP 	Display Frame 1
770.0128 	EXP 	Display Frame 0
770.1380 	EXP 	Display Frame 1
770.2630 	EXP 	Display Frame 0
770.3873 	DATA 	Keypress: equal
770.3887 	EXP 	Display Frame 1
770.4019 	EXP 	Display Fixation
806.6945 	DATA 	Keypress: q
806.7114 	EXP 	topMsg: height = 0.1
806.7114 	EXP 	topMsg: height = 0.1
806.7114 	EXP 	topMsg: text = "Thank you very much! \n\nThat's it with the tapping"
806.7114 	EXP 	bottomMsg: height = 0.1
806.7114 	EXP 	bottomMsg: height = 0.1
806.7114 	EXP 	bottomMsg: text = "Please relax for the ramaining time \n\n Press 'q' or 'escape' to end the session."
806.7114 	EXP 	Display TheEnd
807.4187 	DATA 	Keypress: q
807.5030 	EXP 	win: mouseVisible = True
