1.0535 	WARNING 	We strongly recommend you activate the PTB sound engine in PsychoPy prefs as the preferred audio engine. Its timing is vastly superior. Your prefs are currently set to use ['sounddevice', 'PTB', 'pyo', 'pygame'] (in that order).
6.9183 	INFO 	---START PARAMETERS---
6.9183 	INFO 	filename: TappingWithTrTiming_Movie_d3.py-1tt============ =-284-Oct_01_1720
6.9184 	INFO 	subject: 1tt============ =
6.9184 	INFO 	session: 284
6.9184 	INFO 	date: Oct_01_1720
6.9184 	INFO 	blockDur_TRs: 300
6.9184 	INFO 	condition: vis
6.9184 	INFO 	fixCrossPos: [0, 0]
6.9184 	INFO 	fixCrossSize: 100
6.9184 	INFO 	fullScreen: True
6.9184 	INFO 	movieFolder: Images/
6.9184 	INFO 	movieSize: (1600, 1600)
6.9184 	INFO 	nBlocks: 68
6.9184 	INFO 	promptDir: Text/
6.9184 	INFO 	restDur_TRs: 300
6.9184 	INFO 	screenColor: (128, 128, 128)
6.9184 	INFO 	screenToShow: 1
6.9184 	INFO 	skipPrompts: False
6.9184 	INFO 	tStartup_TRs: 0
6.9184 	INFO 	textHeight: 40
6.9184 	INFO 	triggerKey: equal
6.9184 	INFO 	---END PARAMETERS---
7.7296 	INFO 	Loaded monitor calibration from ['2022_03_25 08:03']
8.8326 	WARNING 	Couldn't measure a consistent frame rate!
  - Is your graphics card set to sync to vertical blank?
  - Are you running other processes on your computer?

8.8333 	EXP 	Created win = Window(allowGUI=False, allowStencil=False, autoLog=True, backendConf=UNKNOWN, bitsMode=UNKNOWN, blendMode='avg', bpc=(8, 8, 8), color=array([128, 128, 128]), colorSpace='rgb255', depthBits=8, fullscr=<method-wrapper '__getattribute__' of attributeSetter object at 0x7fe81bfd5040>, gamma=None, gammaErrorPolicy='raise', lms=UNKNOWN, monitor=<psychopy.monitors.calibTools.Monitor object at 0x7fe7d811aca0>, multiSample=False, name='win', numSamples=2, pos=[0.0, 0.0], screen=1, size=array([1920, 1080]), stencilBits=0, stereo=False, units='deg', useFBO=False, useRetina=False, viewOri=0.0, viewPos=None, viewScale=None, waitBlanking=True, winType='pyglet')
8.8335 	EXP 	win: mouseVisible = True
8.8400 	EXP 	Created fixCross = ShapeStim(__class__=<class 'psychopy.visual.shape.ShapeStim'>, anchor=('center', 'center'), autoDraw=False, autoLog=True, closeShape=False, color=method-wrapper(...), colorSpace='rgb', contrast=None, depth=0, fillColor=array([0, 0, 0]), fillColorSpace='rgb', fillRGB=array([0, 0, 0]), interpolate=True, lineColor=array([-1., -1., -1.]), lineColorSpace='rgb', lineRGB=array([-1., -1., -1.]), lineWidth=3.0, name='fixCross', opacity=0.5, ori=0.0, pos=array([0., 0.]), size=array([1., 1.]), units='pix', vertices=ndarray(...), win=Window(...), windingRule=None)
8.8404 	WARNING 	TextStim.alignHoriz is deprecated. Use alignText and anchorHoriz attributes instead
8.8644 	EXP 	Created topMsg = TextStim(__class__=<class 'psychopy.visual.text.TextStim'>, alignHoriz='center', alignText='center', alignVert=method-wrapper(...), anchorHoriz='center', anchorVert='center', antialias=True, autoLog=True, bold=False, color=array([-1., -1., -1.]), colorSpace='rgb', contrast=1.0, depth=0, flipHoriz=False, flipVert=False, font='', fontFiles=[], height=0.1, italic=False, languageStyle='LTR', name='topMsg', opacity=1.0, ori=0.0, pos=array([0. , 0.5]), rgb=UNKNOWN, text='aaa', units='norm', win=Window(...), wrapWidth=1.5)
8.8645 	WARNING 	TextStim.alignHoriz is deprecated. Use alignText and anchorHoriz attributes instead
8.8666 	EXP 	Created bottomMsg = TextStim(__class__=<class 'psychopy.visual.text.TextStim'>, alignHoriz='center', alignText='center', alignVert=method-wrapper(...), anchorHoriz='center', anchorVert='center', antialias=True, autoLog=True, bold=False, color=array([-1., -1., -1.]), colorSpace='rgb', contrast=1.0, depth=0, flipHoriz=False, flipVert=False, font='', fontFiles=[], height=0.1, italic=False, languageStyle='LTR', name='bottomMsg', opacity=1.0, ori=0.0, pos=array([ 0. , -0.5]), rgb=UNKNOWN, text='bbb', units='norm', win=Window(...), wrapWidth=1.5)
8.8851 	EXP 	Created Movie Frame 0 = ImageStim(__class__=<class 'psychopy.visual.image.ImageStim'>, anchor=('center', 'center'), autoLog=True, color=array([1., 1., 1.]), colorSpace='rgb', contrast=1.0, depth=0, flipHoriz=False, flipVert=False, image='Images/visual_0.png', interpolate=False, mask=None, maskParams=None, name='Movie Frame 0', opacity=1, ori=0.0, pos=array([0., 0.]), size=array([1600., 1600.]), texRes=128, units='pix', win=Window(...))
8.8955 	EXP 	Created Movie Frame 1 = ImageStim(__class__=<class 'psychopy.visual.image.ImageStim'>, anchor=('center', 'center'), autoLog=True, color=array([1., 1., 1.]), colorSpace='rgb', contrast=1.0, depth=0, flipHoriz=False, flipVert=False, image='Images/visual_1.png', interpolate=False, mask=None, maskParams=None, name='Movie Frame 1', opacity=1, ori=0.0, pos=array([0., 0.]), size=array([1600., 1600.]), texRes=128, units='pix', win=Window(...))
8.9010 	EXP 	Created unnamed TextStim = TextStim(__class__=<class 'psychopy.visual.text.TextStim'>, alignHoriz=method-wrapper(...), alignText='center', alignVert=method-wrapper(...), anchorHoriz='center', anchorVert='center', antialias=True, autoLog=True, bold=False, color=array([-1., -1., -1.]), colorSpace='rgb', contrast=1.0, depth=0, flipHoriz=False, flipVert=False, font='', fontFiles=[], height=40.0, italic=False, languageStyle='LTR', name='unnamed TextStim', opacity=1.0, ori=0.0, pos=array([  0., 880.]), rgb=UNKNOWN, text='look at the center', units='pix', win=Window(...), wrapWidth=1600)
8.9132 	WARNING 	t of last frame was 80.66ms (=1/12)
8.9132 	EXP 	topMsg: height = 0.1
8.9132 	EXP 	topMsg: height = 0.1
8.9132 	EXP 	topMsg: text = 'You will see a flickering checkerboard. When it is on the screen, try to fixate the center of the checkerboard. When the fixation cross appears, relax and stare at the cross.'
8.9132 	EXP 	bottomMsg: height = 0.1
8.9132 	EXP 	bottomMsg: height = 0.1
8.9132 	EXP 	bottomMsg: text = 'The experiment will begin shortly'
8.9132 	EXP 	Display Instructions1
9.1528 	DATA 	Keypress: space
9.1568 	WARNING 	t of last frame was 243.64ms (=1/4)
9.1568 	EXP 	topMsg: height = 0.1
9.1568 	EXP 	topMsg: height = 0.1
9.1568 	EXP 	topMsg: text = "Please don't move..."
9.1568 	EXP 	bottomMsg: height = 0.1
9.1568 	EXP 	bottomMsg: height = 0.1
9.1568 	EXP 	bottomMsg: text = ''
9.1568 	EXP 	PleaseDontMove
139.9390 	DATA 	Keypress: equal
139.9441 	WARNING 	t of last frame was 130787.34ms (=1/0)
139.9441 	EXP 	Display Fixation
139.9444 	EXP 	---START EXPERIMENT---
139.9454 	EXP 	Display Fixation
140.0386 	DATA 	Keypress: equal
140.1347 	DATA 	Keypress: equal
140.2322 	DATA 	Keypress: equal
140.3300 	DATA 	Keypress: equal
140.4282 	DATA 	Keypress: equal
140.5262 	DATA 	Keypress: equal
140.6243 	DATA 	Keypress: equal
140.7223 	DATA 	Keypress: equal
140.8200 	DATA 	Keypress: equal
140.9187 	DATA 	Keypress: equal
141.0160 	DATA 	Keypress: equal
141.1137 	DATA 	Keypress: equal
141.2129 	DATA 	Keypress: equal
141.3104 	DATA 	Keypress: equal
141.4081 	DATA 	Keypress: equal
141.5062 	DATA 	Keypress: equal
141.6040 	DATA 	Keypress: equal
141.7020 	DATA 	Keypress: equal
141.8001 	DATA 	Keypress: equal
141.8980 	DATA 	Keypress: equal
141.9962 	DATA 	Keypress: equal
142.0940 	DATA 	Keypress: equal
142.1920 	DATA 	Keypress: equal
142.2901 	DATA 	Keypress: equal
142.3880 	DATA 	Keypress: equal
142.4861 	DATA 	Keypress: equal
142.5849 	DATA 	Keypress: equal
142.6820 	DATA 	Keypress: equal
142.7801 	DATA 	Keypress: equal
142.8783 	DATA 	Keypress: equal
142.9762 	DATA 	Keypress: equal
143.0741 	DATA 	Keypress: equal
143.1720 	DATA 	Keypress: equal
143.2703 	DATA 	Keypress: equal
143.3680 	DATA 	Keypress: equal
143.4661 	DATA 	Keypress: equal
143.5640 	DATA 	Keypress: equal
143.6620 	DATA 	Keypress: equal
143.7601 	DATA 	Keypress: equal
143.8581 	DATA 	Keypress: equal
143.9560 	DATA 	Keypress: equal
144.0544 	DATA 	Keypress: equal
144.1522 	DATA 	Keypress: equal
144.2502 	DATA 	Keypress: equal
144.3481 	DATA 	Keypress: equal
144.4461 	DATA 	Keypress: equal
144.5442 	DATA 	Keypress: equal
144.6421 	DATA 	Keypress: equal
144.7404 	DATA 	Keypress: equal
144.8380 	DATA 	Keypress: equal
144.9361 	DATA 	Keypress: equal
145.0341 	DATA 	Keypress: equal
145.1320 	DATA 	Keypress: equal
145.2302 	DATA 	Keypress: equal
145.3281 	DATA 	Keypress: equal
145.4260 	DATA 	Keypress: equal
145.5241 	DATA 	Keypress: equal
145.6220 	DATA 	Keypress: equal
145.7202 	DATA 	Keypress: equal
145.8184 	DATA 	Keypress: equal
145.9160 	DATA 	Keypress: equal
146.0141 	DATA 	Keypress: equal
146.1125 	DATA 	Keypress: equal
146.2102 	DATA 	Keypress: equal
146.3080 	DATA 	Keypress: equal
146.4060 	DATA 	Keypress: equal
146.5041 	DATA 	Keypress: equal
146.6020 	DATA 	Keypress: equal
146.7000 	DATA 	Keypress: equal
146.7981 	DATA 	Keypress: equal
146.8960 	DATA 	Keypress: equal
146.9937 	DATA 	Keypress: equal
147.0915 	DATA 	Keypress: equal
147.1897 	DATA 	Keypress: equal
147.2878 	DATA 	Keypress: equal
147.3858 	DATA 	Keypress: equal
147.4849 	DATA 	Keypress: equal
147.5821 	DATA 	Keypress: equal
147.6800 	DATA 	Keypress: equal
147.7781 	DATA 	Keypress: equal
147.8762 	DATA 	Keypress: equal
147.9741 	DATA 	Keypress: equal
148.0722 	DATA 	Keypress: equal
148.1699 	DATA 	Keypress: equal
148.2682 	DATA 	Keypress: equal
148.3662 	DATA 	Keypress: equal
148.4642 	DATA 	Keypress: equal
148.5621 	DATA 	Keypress: equal
148.6601 	DATA 	Keypress: equal
148.7580 	DATA 	Keypress: equal
148.8562 	DATA 	Keypress: equal
148.9542 	DATA 	Keypress: equal
149.0522 	DATA 	Keypress: equal
149.1520 	DATA 	Keypress: equal
149.2483 	DATA 	Keypress: equal
149.3465 	DATA 	Keypress: equal
149.4444 	DATA 	Keypress: equal
149.5423 	DATA 	Keypress: equal
149.6401 	DATA 	Keypress: equal
149.7380 	DATA 	Keypress: equal
149.8362 	DATA 	Keypress: equal
149.9341 	DATA 	Keypress: equal
150.0324 	DATA 	Keypress: equal
150.1302 	DATA 	Keypress: equal
150.2281 	DATA 	Keypress: equal
150.3261 	DATA 	Keypress: equal
150.4244 	DATA 	Keypress: equal
150.5221 	DATA 	Keypress: equal
150.6202 	DATA 	Keypress: equal
150.7189 	DATA 	Keypress: equal
150.8160 	DATA 	Keypress: equal
150.9143 	DATA 	Keypress: equal
151.0121 	DATA 	Keypress: equal
151.1102 	DATA 	Keypress: equal
151.2082 	DATA 	Keypress: equal
151.3061 	DATA 	Keypress: equal
151.4040 	DATA 	Keypress: equal
151.5020 	DATA 	Keypress: equal
151.6001 	DATA 	Keypress: equal
151.6980 	DATA 	Keypress: equal
151.7961 	DATA 	Keypress: equal
151.8940 	DATA 	Keypress: equal
151.9920 	DATA 	Keypress: equal
152.0901 	DATA 	Keypress: equal
152.1881 	DATA 	Keypress: equal
152.2861 	DATA 	Keypress: equal
152.3850 	DATA 	Keypress: equal
152.4820 	DATA 	Keypress: equal
152.5806 	DATA 	Keypress: equal
152.6781 	DATA 	Keypress: equal
152.7762 	DATA 	Keypress: equal
152.8740 	DATA 	Keypress: equal
152.9720 	DATA 	Keypress: equal
153.0700 	DATA 	Keypress: equal
153.1681 	DATA 	Keypress: equal
153.2660 	DATA 	Keypress: equal
153.3640 	DATA 	Keypress: equal
153.4620 	DATA 	Keypress: equal
153.5600 	DATA 	Keypress: equal
153.6580 	DATA 	Keypress: equal
153.7560 	DATA 	Keypress: equal
153.8542 	DATA 	Keypress: equal
153.9521 	DATA 	Keypress: equal
154.0500 	DATA 	Keypress: equal
154.1481 	DATA 	Keypress: equal
154.2462 	DATA 	Keypress: equal
154.3443 	DATA 	Keypress: equal
154.4421 	DATA 	Keypress: equal
154.5401 	DATA 	Keypress: equal
154.6377 	DATA 	Keypress: equal
154.7363 	DATA 	Keypress: equal
154.8341 	DATA 	Keypress: equal
154.9321 	DATA 	Keypress: equal
155.0300 	DATA 	Keypress: equal
155.1280 	DATA 	Keypress: equal
155.2261 	DATA 	Keypress: equal
155.3236 	DATA 	Keypress: equal
155.4224 	DATA 	Keypress: equal
155.5206 	DATA 	Keypress: equal
155.6188 	DATA 	Keypress: equal
155.7162 	DATA 	Keypress: equal
155.8142 	DATA 	Keypress: equal
155.9123 	DATA 	Keypress: equal
156.0103 	DATA 	Keypress: equal
156.1081 	DATA 	Keypress: equal
156.2063 	DATA 	Keypress: equal
156.3042 	DATA 	Keypress: equal
156.4021 	DATA 	Keypress: equal
156.5001 	DATA 	Keypress: equal
156.5981 	DATA 	Keypress: equal
156.6960 	DATA 	Keypress: equal
156.7943 	DATA 	Keypress: equal
156.8923 	DATA 	Keypress: equal
156.9902 	DATA 	Keypress: equal
157.0881 	DATA 	Keypress: equal
157.1863 	DATA 	Keypress: equal
157.2850 	DATA 	Keypress: equal
157.3820 	DATA 	Keypress: equal
157.4801 	DATA 	Keypress: equal
157.5783 	DATA 	Keypress: equal
157.6764 	DATA 	Keypress: equal
157.7740 	DATA 	Keypress: equal
157.8783 	DATA 	Keypress: equal
157.9704 	DATA 	Keypress: equal
158.0681 	DATA 	Keypress: equal
158.1663 	DATA 	Keypress: equal
158.2644 	DATA 	Keypress: equal
158.3621 	DATA 	Keypress: equal
158.4602 	DATA 	Keypress: equal
158.5582 	DATA 	Keypress: equal
158.6561 	DATA 	Keypress: equal
158.7541 	DATA 	Keypress: equal
158.8523 	DATA 	Keypress: equal
158.9502 	DATA 	Keypress: equal
159.0485 	DATA 	Keypress: equal
159.1461 	DATA 	Keypress: equal
159.2443 	DATA 	Keypress: equal
159.3422 	DATA 	Keypress: equal
159.4402 	DATA 	Keypress: equal
159.5381 	DATA 	Keypress: equal
159.6365 	DATA 	Keypress: equal
159.7341 	DATA 	Keypress: equal
159.8322 	DATA 	Keypress: equal
159.9301 	DATA 	Keypress: equal
160.0280 	DATA 	Keypress: equal
160.1256 	DATA 	Keypress: equal
160.2243 	DATA 	Keypress: equal
160.3222 	DATA 	Keypress: equal
160.4201 	DATA 	Keypress: equal
160.5188 	DATA 	Keypress: equal
160.6160 	DATA 	Keypress: equal
160.7144 	DATA 	Keypress: equal
160.8122 	DATA 	Keypress: equal
160.9104 	DATA 	Keypress: equal
161.0081 	DATA 	Keypress: equal
161.1055 	DATA 	Keypress: equal
161.2044 	DATA 	Keypress: equal
161.3022 	DATA 	Keypress: equal
161.4002 	DATA 	Keypress: equal
161.4981 	DATA 	Keypress: equal
161.5962 	DATA 	Keypress: equal
161.6940 	DATA 	Keypress: equal
161.7922 	DATA 	Keypress: equal
161.8906 	DATA 	Keypress: equal
161.9881 	DATA 	Keypress: equal
162.0863 	DATA 	Keypress: equal
162.1851 	DATA 	Keypress: equal
162.2822 	DATA 	Keypress: equal
162.3802 	DATA 	Keypress: equal
162.4783 	DATA 	Keypress: equal
162.5763 	DATA 	Keypress: equal
162.6744 	DATA 	Keypress: equal
162.7722 	DATA 	Keypress: equal
162.8702 	DATA 	Keypress: equal
162.9683 	DATA 	Keypress: equal
163.0662 	DATA 	Keypress: equal
163.1639 	DATA 	Keypress: equal
163.2624 	DATA 	Keypress: equal
163.3603 	DATA 	Keypress: equal
163.4582 	DATA 	Keypress: equal
163.5562 	DATA 	Keypress: equal
163.6541 	DATA 	Keypress: equal
163.7522 	DATA 	Keypress: equal
163.8501 	DATA 	Keypress: equal
163.9483 	DATA 	Keypress: equal
164.0461 	DATA 	Keypress: equal
164.1443 	DATA 	Keypress: equal
164.2423 	DATA 	Keypress: equal
164.3401 	DATA 	Keypress: equal
164.4381 	DATA 	Keypress: equal
164.5362 	DATA 	Keypress: equal
164.6342 	DATA 	Keypress: equal
164.7321 	DATA 	Keypress: equal
164.8301 	DATA 	Keypress: equal
164.9281 	DATA 	Keypress: equal
165.0261 	DATA 	Keypress: equal
165.1241 	DATA 	Keypress: equal
165.2222 	DATA 	Keypress: equal
165.3201 	DATA 	Keypress: equal
165.4191 	DATA 	Keypress: equal
165.5162 	DATA 	Keypress: equal
165.6142 	DATA 	Keypress: equal
165.7122 	DATA 	Keypress: equal
165.8110 	DATA 	Keypress: equal
165.9082 	DATA 	Keypress: equal
166.0064 	DATA 	Keypress: equal
166.1045 	DATA 	Keypress: equal
166.2023 	DATA 	Keypress: equal
166.3002 	DATA 	Keypress: equal
166.3982 	DATA 	Keypress: equal
166.4961 	DATA 	Keypress: equal
166.5941 	DATA 	Keypress: equal
166.6921 	DATA 	Keypress: equal
166.7902 	DATA 	Keypress: equal
166.8882 	DATA 	Keypress: equal
166.9864 	DATA 	Keypress: equal
167.0852 	DATA 	Keypress: equal
167.1822 	DATA 	Keypress: equal
167.2802 	DATA 	Keypress: equal
167.3776 	DATA 	Keypress: equal
167.4763 	DATA 	Keypress: equal
167.5744 	DATA 	Keypress: equal
167.6723 	DATA 	Keypress: equal
167.7703 	DATA 	Keypress: equal
167.8682 	DATA 	Keypress: equal
167.9662 	DATA 	Keypress: equal
168.0644 	DATA 	Keypress: equal
168.1623 	DATA 	Keypress: equal
168.2611 	DATA 	Keypress: equal
168.3581 	DATA 	Keypress: equal
168.4564 	DATA 	Keypress: equal
168.5543 	DATA 	Keypress: equal
168.6525 	DATA 	Keypress: equal
168.7511 	DATA 	Keypress: equal
168.8484 	DATA 	Keypress: equal
168.9461 	DATA 	Keypress: equal
169.0444 	DATA 	Keypress: equal
169.1423 	DATA 	Keypress: equal
169.2403 	DATA 	Keypress: equal
169.3381 	DATA 	Keypress: equal
169.3418 	WARNING 	t of last frame was 29396.38ms (=1/0)
169.4639 	DATA 	Keypress: equal
169.4652 	WARNING 	Multiple dropped frames have occurred - I'll stop bothering you about them!
169.4652 	EXP 	Display Frame 1
169.5888 	DATA 	Keypress: equal
169.5898 	EXP 	Display Frame 0
169.7140 	DATA 	Keypress: equal
169.7150 	EXP 	Display Frame 1
169.8389 	DATA 	Keypress: equal
169.8395 	DATA 	Keypress: equal
169.8405 	EXP 	Display Frame 0
169.9644 	DATA 	Keypress: equal
169.9654 	EXP 	Display Frame 1
170.0889 	DATA 	Keypress: equal
170.0898 	EXP 	Display Frame 0
170.2138 	DATA 	Keypress: equal
170.2146 	EXP 	Display Frame 1
170.3388 	DATA 	Keypress: equal
170.3393 	DATA 	Keypress: equal
170.3403 	EXP 	Display Frame 0
170.4638 	DATA 	Keypress: equal
170.4647 	EXP 	Display Frame 1
170.5888 	DATA 	Keypress: equal
170.5897 	EXP 	Display Frame 0
170.7137 	DATA 	Keypress: equal
170.7142 	DATA 	Keypress: equal
170.7150 	EXP 	Display Frame 1
170.8388 	DATA 	Keypress: equal
170.8397 	EXP 	Display Frame 0
170.9638 	DATA 	Keypress: equal
170.9647 	EXP 	Display Frame 1
171.0887 	DATA 	Keypress: equal
171.0897 	EXP 	Display Frame 0
171.2137 	DATA 	Keypress: equal
171.2142 	DATA 	Keypress: equal
171.2150 	EXP 	Display Frame 1
171.3387 	DATA 	Keypress: equal
171.3396 	EXP 	Display Frame 0
171.4643 	DATA 	Keypress: equal
171.4653 	EXP 	Display Frame 1
171.5888 	DATA 	Keypress: equal
171.5897 	EXP 	Display Frame 0
171.7138 	DATA 	Keypress: equal
171.7143 	DATA 	Keypress: equal
171.7152 	EXP 	Display Frame 1
171.8391 	DATA 	Keypress: equal
171.8401 	EXP 	Display Frame 0
171.9638 	DATA 	Keypress: equal
171.9647 	EXP 	Display Frame 1
172.0888 	DATA 	Keypress: equal
172.0892 	DATA 	Keypress: equal
172.0900 	EXP 	Display Frame 0
172.2137 	DATA 	Keypress: equal
172.2145 	EXP 	Display Frame 1
172.3387 	DATA 	Keypress: equal
172.3397 	EXP 	Display Frame 0
172.4637 	DATA 	Keypress: equal
172.4646 	EXP 	Display Frame 1
172.5888 	DATA 	Keypress: equal
172.5892 	DATA 	Keypress: equal
172.5903 	EXP 	Display Frame 0
172.7138 	DATA 	Keypress: equal
172.7146 	EXP 	Display Frame 1
172.8387 	DATA 	Keypress: equal
172.8397 	EXP 	Display Frame 0
172.9637 	DATA 	Keypress: equal
172.9646 	EXP 	Display Frame 1
172.9650 	DATA 	Keypress: equal
173.0889 	DATA 	Keypress: equal
173.0898 	EXP 	Display Frame 0
173.2137 	DATA 	Keypress: equal
173.2146 	EXP 	Display Frame 1
173.3387 	DATA 	Keypress: equal
173.3398 	EXP 	Display Frame 0
173.4637 	DATA 	Keypress: equal
173.4642 	DATA 	Keypress: equal
173.4651 	EXP 	Display Frame 1
173.5888 	DATA 	Keypress: equal
173.5896 	EXP 	Display Frame 0
173.7142 	DATA 	Keypress: equal
173.7151 	EXP 	Display Frame 1
173.8389 	DATA 	Keypress: equal
173.8398 	EXP 	Display Frame 0
173.9638 	DATA 	Keypress: equal
173.9642 	DATA 	Keypress: equal
173.9651 	EXP 	Display Frame 1
174.0888 	DATA 	Keypress: equal
174.0897 	EXP 	Display Frame 0
174.2138 	DATA 	Keypress: equal
174.2146 	EXP 	Display Frame 1
174.3393 	DATA 	Keypress: equal
174.3398 	DATA 	Keypress: equal
174.3408 	EXP 	Display Frame 0
174.4639 	DATA 	Keypress: equal
174.4648 	EXP 	Display Frame 1
174.5895 	DATA 	Keypress: equal
174.5905 	EXP 	Display Frame 0
174.7138 	DATA 	Keypress: equal
174.7146 	EXP 	Display Frame 1
174.8389 	DATA 	Keypress: equal
174.8394 	DATA 	Keypress: equal
174.8403 	EXP 	Display Frame 0
174.9639 	DATA 	Keypress: equal
174.9648 	EXP 	Display Frame 1
175.0888 	DATA 	Keypress: equal
175.0896 	EXP 	Display Frame 0
175.2139 	DATA 	Keypress: equal
175.2147 	EXP 	Display Frame 1
175.3387 	DATA 	Keypress: equal
175.3392 	DATA 	Keypress: equal
175.3410 	EXP 	Display Frame 0
175.4638 	DATA 	Keypress: equal
175.4647 	EXP 	Display Frame 1
175.5888 	DATA 	Keypress: equal
175.5897 	EXP 	Display Frame 0
175.7137 	DATA 	Keypress: equal
175.7142 	DATA 	Keypress: equal
175.7150 	EXP 	Display Frame 1
175.8387 	DATA 	Keypress: equal
175.8396 	EXP 	Display Frame 0
175.9638 	DATA 	Keypress: equal
175.9647 	EXP 	Display Frame 1
176.0890 	DATA 	Keypress: equal
176.0899 	EXP 	Display Frame 0
176.2138 	DATA 	Keypress: equal
176.2143 	DATA 	Keypress: equal
176.2151 	EXP 	Display Frame 1
176.3388 	DATA 	Keypress: equal
176.3398 	EXP 	Display Frame 0
176.4637 	DATA 	Keypress: equal
176.4646 	EXP 	Display Frame 1
176.5887 	DATA 	Keypress: equal
176.5895 	EXP 	Display Frame 0
176.7141 	DATA 	Keypress: equal
176.7146 	DATA 	Keypress: equal
176.7155 	EXP 	Display Frame 1
176.8389 	DATA 	Keypress: equal
176.8398 	EXP 	Display Frame 0
176.9638 	DATA 	Keypress: equal
176.9646 	EXP 	Display Frame 1
177.0887 	DATA 	Keypress: equal
177.0892 	DATA 	Keypress: equal
177.0901 	EXP 	Display Frame 0
177.2138 	DATA 	Keypress: equal
177.2146 	EXP 	Display Frame 1
177.3387 	DATA 	Keypress: equal
177.3397 	EXP 	Display Frame 0
177.4638 	DATA 	Keypress: equal
177.4647 	EXP 	Display Frame 1
177.5888 	DATA 	Keypress: equal
177.5894 	DATA 	Keypress: equal
177.5903 	EXP 	Display Frame 0
177.7138 	DATA 	Keypress: equal
177.7146 	EXP 	Display Frame 1
177.8388 	DATA 	Keypress: equal
177.8398 	EXP 	Display Frame 0
177.9637 	DATA 	Keypress: equal
177.9642 	DATA 	Keypress: equal
177.9650 	EXP 	Display Frame 1
178.0890 	DATA 	Keypress: equal
178.0899 	EXP 	Display Frame 0
178.2138 	DATA 	Keypress: equal
178.2146 	EXP 	Display Frame 1
178.3388 	DATA 	Keypress: equal
178.3398 	EXP 	Display Frame 0
178.4638 	DATA 	Keypress: equal
178.4642 	DATA 	Keypress: equal
178.4652 	EXP 	Display Frame 1
178.5887 	DATA 	Keypress: equal
178.5896 	EXP 	Display Frame 0
178.7138 	DATA 	Keypress: equal
178.7146 	EXP 	Display Frame 1
178.8388 	DATA 	Keypress: equal
178.8398 	EXP 	Display Frame 0
178.9638 	DATA 	Keypress: equal
178.9642 	DATA 	Keypress: equal
178.9651 	EXP 	Display Frame 1
179.0888 	DATA 	Keypress: equal
179.0897 	EXP 	Display Frame 0
179.2137 	DATA 	Keypress: equal
179.2145 	EXP 	Display Frame 1
179.3387 	DATA 	Keypress: equal
179.3391 	DATA 	Keypress: equal
179.3400 	EXP 	Display Frame 0
179.4637 	DATA 	Keypress: equal
179.4647 	EXP 	Display Frame 1
179.5887 	DATA 	Keypress: equal
179.5896 	EXP 	Display Frame 0
179.7137 	DATA 	Keypress: equal
179.7145 	EXP 	Display Frame 1
179.8388 	DATA 	Keypress: equal
179.8392 	DATA 	Keypress: equal
179.8405 	EXP 	Display Frame 0
179.9637 	DATA 	Keypress: equal
179.9647 	EXP 	Display Frame 1
180.0888 	DATA 	Keypress: equal
180.0897 	EXP 	Display Frame 0
180.2138 	DATA 	Keypress: equal
180.2145 	EXP 	Display Frame 1
180.3387 	DATA 	Keypress: equal
180.3392 	DATA 	Keypress: equal
180.3401 	EXP 	Display Frame 0
180.4637 	DATA 	Keypress: equal
180.4646 	EXP 	Display Frame 1
180.5887 	DATA 	Keypress: equal
180.5895 	EXP 	Display Frame 0
180.7137 	DATA 	Keypress: equal
180.7142 	DATA 	Keypress: equal
180.7150 	EXP 	Display Frame 1
180.8387 	DATA 	Keypress: equal
180.8397 	EXP 	Display Frame 0
180.9645 	DATA 	Keypress: equal
180.9656 	EXP 	Display Frame 1
181.0890 	DATA 	Keypress: equal
181.0898 	EXP 	Display Frame 0
181.2139 	DATA 	Keypress: equal
181.2144 	DATA 	Keypress: equal
181.2153 	EXP 	Display Frame 1
181.3390 	DATA 	Keypress: equal
181.3399 	EXP 	Display Frame 0
181.4638 	DATA 	Keypress: equal
181.4647 	EXP 	Display Frame 1
181.5889 	DATA 	Keypress: equal
181.5894 	DATA 	Keypress: equal
181.5903 	EXP 	Display Frame 0
181.7138 	DATA 	Keypress: equal
181.7145 	EXP 	Display Frame 1
181.8388 	DATA 	Keypress: equal
181.8398 	EXP 	Display Frame 0
181.9639 	DATA 	Keypress: equal
181.9649 	EXP 	Display Frame 1
182.0892 	DATA 	Keypress: equal
182.0897 	DATA 	Keypress: equal
182.0906 	EXP 	Display Frame 0
182.2138 	DATA 	Keypress: equal
182.2145 	EXP 	Display Frame 1
182.3387 	DATA 	Keypress: equal
182.3396 	EXP 	Display Frame 0
182.4641 	DATA 	Keypress: equal
182.4650 	EXP 	Display Frame 1
182.5888 	DATA 	Keypress: equal
182.5892 	DATA 	Keypress: equal
182.5900 	EXP 	Display Frame 0
182.7137 	DATA 	Keypress: equal
182.7145 	EXP 	Display Frame 1
182.8387 	DATA 	Keypress: equal
182.8398 	EXP 	Display Frame 0
182.9637 	DATA 	Keypress: equal
182.9641 	DATA 	Keypress: equal
182.9650 	EXP 	Display Frame 1
183.0887 	DATA 	Keypress: equal
183.0896 	EXP 	Display Frame 0
183.2137 	DATA 	Keypress: equal
183.2145 	EXP 	Display Frame 1
183.3387 	DATA 	Keypress: equal
183.3398 	EXP 	Display Frame 0
183.4638 	DATA 	Keypress: equal
183.4642 	DATA 	Keypress: equal
183.4651 	EXP 	Display Frame 1
183.5887 	DATA 	Keypress: equal
183.5896 	EXP 	Display Frame 0
183.7137 	DATA 	Keypress: equal
183.7146 	EXP 	Display Frame 1
183.8388 	DATA 	Keypress: equal
183.8398 	EXP 	Display Frame 0
183.9637 	DATA 	Keypress: equal
183.9642 	DATA 	Keypress: equal
183.9651 	EXP 	Display Frame 1
184.0887 	DATA 	Keypress: equal
184.0896 	EXP 	Display Frame 0
184.2137 	DATA 	Keypress: equal
184.2146 	EXP 	Display Frame 1
184.3387 	DATA 	Keypress: equal
184.3392 	DATA 	Keypress: equal
184.3402 	EXP 	Display Frame 0
184.4637 	DATA 	Keypress: equal
184.4646 	EXP 	Display Frame 1
184.5890 	DATA 	Keypress: equal
184.5898 	EXP 	Display Frame 0
184.7138 	DATA 	Keypress: equal
184.7146 	EXP 	Display Frame 1
184.8388 	DATA 	Keypress: equal
184.8393 	DATA 	Keypress: equal
184.8402 	EXP 	Display Frame 0
184.9637 	DATA 	Keypress: equal
184.9646 	EXP 	Display Frame 1
185.0887 	DATA 	Keypress: equal
185.0896 	EXP 	Display Frame 0
185.2138 	DATA 	Keypress: equal
185.2146 	EXP 	Display Frame 1
185.2149 	DATA 	Keypress: equal
185.3389 	DATA 	Keypress: equal
185.3400 	EXP 	Display Frame 0
185.4637 	DATA 	Keypress: equal
185.4645 	EXP 	Display Frame 1
185.5887 	DATA 	Keypress: equal
185.5898 	EXP 	Display Frame 0
185.7137 	DATA 	Keypress: equal
185.7141 	DATA 	Keypress: equal
185.7149 	EXP 	Display Frame 1
185.8387 	DATA 	Keypress: equal
185.8397 	EXP 	Display Frame 0
185.9638 	DATA 	Keypress: equal
185.9648 	EXP 	Display Frame 1
186.0887 	DATA 	Keypress: equal
186.0896 	EXP 	Display Frame 0
186.2137 	DATA 	Keypress: equal
186.2142 	DATA 	Keypress: equal
186.2150 	EXP 	Display Frame 1
186.3387 	DATA 	Keypress: equal
186.3397 	EXP 	Display Frame 0
186.4637 	DATA 	Keypress: equal
186.4647 	EXP 	Display Frame 1
186.5888 	DATA 	Keypress: equal
186.5892 	DATA 	Keypress: equal
186.5902 	EXP 	Display Frame 0
186.7139 	DATA 	Keypress: equal
186.7148 	EXP 	Display Frame 1
186.8388 	DATA 	Keypress: equal
186.8397 	EXP 	Display Frame 0
186.9637 	DATA 	Keypress: equal
186.9647 	EXP 	Display Frame 1
187.0887 	DATA 	Keypress: equal
187.0892 	DATA 	Keypress: equal
187.0901 	EXP 	Display Frame 0
187.2142 	DATA 	Keypress: equal
187.2151 	EXP 	Display Frame 1
187.3389 	DATA 	Keypress: equal
187.3398 	EXP 	Display Frame 0
187.4642 	DATA 	Keypress: equal
187.4652 	EXP 	Display Frame 1
187.5890 	DATA 	Keypress: equal
187.5895 	DATA 	Keypress: equal
187.5903 	EXP 	Display Frame 0
187.7142 	DATA 	Keypress: equal
187.7152 	EXP 	Display Frame 1
187.8390 	DATA 	Keypress: equal
187.8400 	EXP 	Display Frame 0
187.9643 	DATA 	Keypress: equal
187.9649 	DATA 	Keypress: equal
187.9658 	EXP 	Display Frame 1
188.0894 	DATA 	Keypress: equal
188.0903 	EXP 	Display Frame 0
188.2144 	DATA 	Keypress: equal
188.2153 	EXP 	Display Frame 1
188.3394 	DATA 	Keypress: equal
188.3404 	EXP 	Display Frame 0
188.4639 	DATA 	Keypress: equal
188.4645 	DATA 	Keypress: equal
188.4654 	EXP 	Display Frame 1
188.5889 	DATA 	Keypress: equal
188.5898 	EXP 	Display Frame 0
188.7138 	DATA 	Keypress: equal
188.7146 	EXP 	Display Frame 1
188.8392 	DATA 	Keypress: equal
188.8402 	EXP 	Display Frame 0
188.8407 	DATA 	Keypress: equal
188.9640 	DATA 	Keypress: equal
188.9649 	EXP 	Display Frame 1
189.0888 	DATA 	Keypress: equal
189.0897 	EXP 	Display Frame 0
189.2139 	DATA 	Keypress: equal
189.2147 	EXP 	Display Frame 1
189.3387 	DATA 	Keypress: equal
189.3392 	DATA 	Keypress: equal
189.3401 	EXP 	Display Frame 0
189.4638 	DATA 	Keypress: equal
189.4646 	EXP 	Display Frame 1
189.5887 	DATA 	Keypress: equal
189.5897 	EXP 	Display Frame 0
189.7138 	DATA 	Keypress: equal
189.7146 	EXP 	Display Frame 1
189.8387 	DATA 	Keypress: equal
189.8392 	DATA 	Keypress: equal
189.8402 	EXP 	Display Frame 0
189.9638 	DATA 	Keypress: equal
189.9647 	EXP 	Display Frame 1
190.0888 	DATA 	Keypress: equal
190.0898 	EXP 	Display Frame 0
190.2137 	DATA 	Keypress: equal
190.2142 	DATA 	Keypress: equal
190.2151 	EXP 	Display Frame 1
190.3390 	DATA 	Keypress: equal
190.3399 	EXP 	Display Frame 0
190.4638 	DATA 	Keypress: equal
190.4647 	EXP 	Display Frame 1
190.5888 	DATA 	Keypress: equal
190.5897 	EXP 	Display Frame 0
190.7138 	DATA 	Keypress: equal
190.7142 	DATA 	Keypress: equal
190.7151 	EXP 	Display Frame 1
190.8387 	DATA 	Keypress: equal
190.8397 	EXP 	Display Frame 0
190.9639 	DATA 	Keypress: equal
190.9649 	EXP 	Display Frame 1
191.0887 	DATA 	Keypress: equal
191.0896 	EXP 	Display Frame 0
191.2138 	DATA 	Keypress: equal
191.2142 	DATA 	Keypress: equal
191.2151 	EXP 	Display Frame 1
191.3387 	DATA 	Keypress: equal
191.3396 	EXP 	Display Frame 0
191.4638 	DATA 	Keypress: equal
191.4646 	EXP 	Display Frame 1
191.5888 	DATA 	Keypress: equal
191.5894 	DATA 	Keypress: equal
191.5903 	EXP 	Display Frame 0
191.7137 	DATA 	Keypress: equal
191.7145 	EXP 	Display Frame 1
191.8387 	DATA 	Keypress: equal
191.8398 	EXP 	Display Frame 0
191.9637 	DATA 	Keypress: equal
191.9646 	EXP 	Display Frame 1
192.0888 	DATA 	Keypress: equal
192.0892 	DATA 	Keypress: equal
192.0901 	EXP 	Display Frame 0
192.2138 	DATA 	Keypress: equal
192.2146 	EXP 	Display Frame 1
192.3387 	DATA 	Keypress: equal
192.3398 	EXP 	Display Frame 0
192.4637 	DATA 	Keypress: equal
192.4645 	EXP 	Display Frame 1
192.5887 	DATA 	Keypress: equal
192.5891 	DATA 	Keypress: equal
192.5901 	EXP 	Display Frame 0
192.7142 	DATA 	Keypress: equal
192.7151 	EXP 	Display Frame 1
192.8388 	DATA 	Keypress: equal
192.8397 	EXP 	Display Frame 0
192.9637 	DATA 	Keypress: equal
192.9642 	DATA 	Keypress: equal
192.9650 	EXP 	Display Frame 1
193.0890 	DATA 	Keypress: equal
193.0898 	EXP 	Display Frame 0
193.2139 	DATA 	Keypress: equal
193.2147 	EXP 	Display Frame 1
193.3388 	DATA 	Keypress: equal
193.3398 	EXP 	Display Frame 0
193.4637 	DATA 	Keypress: equal
193.4642 	DATA 	Keypress: equal
193.4651 	EXP 	Display Frame 1
193.5895 	DATA 	Keypress: equal
193.5907 	EXP 	Display Frame 0
193.7138 	DATA 	Keypress: equal
193.7146 	EXP 	Display Frame 1
193.8389 	DATA 	Keypress: equal
193.8394 	DATA 	Keypress: equal
193.8403 	EXP 	Display Frame 0
193.9638 	DATA 	Keypress: equal
193.9646 	EXP 	Display Frame 1
194.0887 	DATA 	Keypress: equal
194.0895 	EXP 	Display Frame 0
194.2139 	DATA 	Keypress: equal
194.2149 	EXP 	Display Frame 1
194.3387 	DATA 	Keypress: equal
194.3392 	DATA 	Keypress: equal
194.3401 	EXP 	Display Frame 0
194.4637 	DATA 	Keypress: equal
194.4646 	EXP 	Display Frame 1
194.5887 	DATA 	Keypress: equal
194.5896 	EXP 	Display Frame 0
194.7137 	DATA 	Keypress: equal
194.7145 	EXP 	Display Frame 1
194.8388 	DATA 	Keypress: equal
194.8394 	DATA 	Keypress: equal
194.8403 	EXP 	Display Frame 0
194.9637 	DATA 	Keypress: equal
194.9646 	EXP 	Display Frame 1
195.0887 	DATA 	Keypress: equal
195.0896 	EXP 	Display Frame 0
195.2141 	DATA 	Keypress: equal
195.2146 	DATA 	Keypress: equal
195.2154 	EXP 	Display Frame 1
195.3388 	DATA 	Keypress: equal
195.3396 	EXP 	Display Frame 0
195.4638 	DATA 	Keypress: equal
195.4647 	EXP 	Display Frame 1
195.5888 	DATA 	Keypress: equal
195.5896 	EXP 	Display Frame 0
195.7137 	DATA 	Keypress: equal
195.7142 	DATA 	Keypress: equal
195.7150 	EXP 	Display Frame 1
195.8387 	DATA 	Keypress: equal
195.8395 	EXP 	Display Frame 0
195.9637 	DATA 	Keypress: equal
195.9646 	EXP 	Display Frame 1
196.0887 	DATA 	Keypress: equal
196.0897 	EXP 	Display Frame 0
196.2138 	DATA 	Keypress: equal
196.2143 	DATA 	Keypress: equal
196.2151 	EXP 	Display Frame 1
196.3387 	DATA 	Keypress: equal
196.3397 	EXP 	Display Frame 0
196.4637 	DATA 	Keypress: equal
196.4646 	EXP 	Display Frame 1
196.5887 	DATA 	Keypress: equal
196.5892 	DATA 	Keypress: equal
196.5900 	EXP 	Display Frame 0
196.7138 	DATA 	Keypress: equal
196.7146 	EXP 	Display Frame 1
196.8387 	DATA 	Keypress: equal
196.8397 	EXP 	Display Frame 0
196.9637 	DATA 	Keypress: equal
196.9730 	EXP 	Display Frame 1
196.9736 	DATA 	Keypress: equal
197.0894 	DATA 	Keypress: equal
197.0903 	EXP 	Display Frame 0
197.2138 	DATA 	Keypress: equal
197.2146 	EXP 	Display Frame 1
197.3391 	DATA 	Keypress: equal
197.3400 	EXP 	Display Frame 0
197.4639 	DATA 	Keypress: equal
197.4644 	DATA 	Keypress: equal
197.4651 	EXP 	Display Frame 1
197.5889 	DATA 	Keypress: equal
197.5897 	EXP 	Display Frame 0
197.7138 	DATA 	Keypress: equal
197.7146 	EXP 	Display Frame 1
197.8388 	DATA 	Keypress: equal
197.8397 	EXP 	Display Frame 0
197.9637 	DATA 	Keypress: equal
197.9642 	DATA 	Keypress: equal
197.9652 	EXP 	Display Frame 1
198.0892 	DATA 	Keypress: equal
198.0902 	EXP 	Display Frame 0
198.2139 	DATA 	Keypress: equal
198.2147 	EXP 	Display Frame 1
198.3388 	DATA 	Keypress: equal
198.3399 	EXP 	Display Frame 0
198.4637 	DATA 	Keypress: equal
198.4642 	DATA 	Keypress: equal
198.4651 	EXP 	Display Frame 1
198.5887 	DATA 	Keypress: equal
198.5896 	EXP 	Display Frame 0
198.7138 	DATA 	Keypress: equal
198.7146 	EXP 	Display Frame 1
198.8387 	DATA 	Keypress: equal
198.8392 	DATA 	Keypress: equal
198.8401 	EXP 	Display Frame 0
198.8412 	EXP 	Display Fixation
198.9344 	DATA 	Keypress: equal
199.0324 	DATA 	Keypress: equal
199.1304 	DATA 	Keypress: equal
199.2285 	DATA 	Keypress: equal
199.3263 	DATA 	Keypress: equal
199.4240 	DATA 	Keypress: equal
199.5226 	DATA 	Keypress: equal
199.6206 	DATA 	Keypress: equal
199.7191 	DATA 	Keypress: equal
199.8156 	DATA 	Keypress: equal
199.9146 	DATA 	Keypress: equal
200.0125 	DATA 	Keypress: equal
200.1108 	DATA 	Keypress: equal
200.2085 	DATA 	Keypress: equal
200.3064 	DATA 	Keypress: equal
200.4045 	DATA 	Keypress: equal
200.5023 	DATA 	Keypress: equal
200.6005 	DATA 	Keypress: equal
200.6983 	DATA 	Keypress: equal
200.7963 	DATA 	Keypress: equal
200.8943 	DATA 	Keypress: equal
200.9926 	DATA 	Keypress: equal
201.0905 	DATA 	Keypress: equal
201.1885 	DATA 	Keypress: equal
201.2866 	DATA 	Keypress: equal
201.3853 	DATA 	Keypress: equal
201.4826 	DATA 	Keypress: equal
201.5803 	DATA 	Keypress: equal
201.6785 	DATA 	Keypress: equal
201.7767 	DATA 	Keypress: equal
201.8743 	DATA 	Keypress: equal
201.9724 	DATA 	Keypress: equal
202.0704 	DATA 	Keypress: equal
202.1684 	DATA 	Keypress: equal
202.2664 	DATA 	Keypress: equal
202.3643 	DATA 	Keypress: equal
202.4624 	DATA 	Keypress: equal
202.5604 	DATA 	Keypress: equal
202.6583 	DATA 	Keypress: equal
202.7564 	DATA 	Keypress: equal
202.8544 	DATA 	Keypress: equal
202.9527 	DATA 	Keypress: equal
203.0507 	DATA 	Keypress: equal
203.1485 	DATA 	Keypress: equal
203.2465 	DATA 	Keypress: equal
203.3447 	DATA 	Keypress: equal
203.4425 	DATA 	Keypress: equal
203.5405 	DATA 	Keypress: equal
203.6377 	DATA 	Keypress: equal
203.7365 	DATA 	Keypress: equal
203.8337 	DATA 	Keypress: equal
203.9326 	DATA 	Keypress: equal
204.0306 	DATA 	Keypress: equal
204.1298 	DATA 	Keypress: equal
204.2264 	DATA 	Keypress: equal
204.3245 	DATA 	Keypress: equal
204.4226 	DATA 	Keypress: equal
204.5205 	DATA 	Keypress: equal
204.6185 	DATA 	Keypress: equal
204.7164 	DATA 	Keypress: equal
204.8151 	DATA 	Keypress: equal
204.9123 	DATA 	Keypress: equal
205.0104 	DATA 	Keypress: equal
205.1084 	DATA 	Keypress: equal
205.2066 	DATA 	Keypress: equal
205.3044 	DATA 	Keypress: equal
205.4029 	DATA 	Keypress: equal
205.5006 	DATA 	Keypress: equal
205.5985 	DATA 	Keypress: equal
205.6968 	DATA 	Keypress: equal
205.7947 	DATA 	Keypress: equal
205.8924 	DATA 	Keypress: equal
205.9904 	DATA 	Keypress: equal
206.0883 	DATA 	Keypress: equal
206.1864 	DATA 	Keypress: equal
206.2848 	DATA 	Keypress: equal
206.3825 	DATA 	Keypress: equal
206.4815 	DATA 	Keypress: equal
206.5786 	DATA 	Keypress: equal
206.6765 	DATA 	Keypress: equal
206.7746 	DATA 	Keypress: equal
206.8726 	DATA 	Keypress: equal
206.9703 	DATA 	Keypress: equal
207.0684 	DATA 	Keypress: equal
207.1665 	DATA 	Keypress: equal
207.2647 	DATA 	Keypress: equal
207.3625 	DATA 	Keypress: equal
207.4606 	DATA 	Keypress: equal
207.5587 	DATA 	Keypress: equal
207.6564 	DATA 	Keypress: equal
207.7545 	DATA 	Keypress: equal
207.8526 	DATA 	Keypress: equal
207.9507 	DATA 	Keypress: equal
208.0486 	DATA 	Keypress: equal
208.1465 	DATA 	Keypress: equal
208.2445 	DATA 	Keypress: equal
208.3424 	DATA 	Keypress: equal
208.4406 	DATA 	Keypress: equal
208.5384 	DATA 	Keypress: equal
208.6360 	DATA 	Keypress: equal
208.7348 	DATA 	Keypress: equal
208.8319 	DATA 	Keypress: equal
208.9305 	DATA 	Keypress: equal
209.0285 	DATA 	Keypress: equal
209.1264 	DATA 	Keypress: equal
209.2244 	DATA 	Keypress: equal
209.3224 	DATA 	Keypress: equal
209.4204 	DATA 	Keypress: equal
209.5184 	DATA 	Keypress: equal
209.6165 	DATA 	Keypress: equal
209.7149 	DATA 	Keypress: equal
209.8124 	DATA 	Keypress: equal
209.9105 	DATA 	Keypress: equal
210.0078 	DATA 	Keypress: equal
210.1067 	DATA 	Keypress: equal
210.2045 	DATA 	Keypress: equal
210.3024 	DATA 	Keypress: equal
210.4005 	DATA 	Keypress: equal
210.4984 	DATA 	Keypress: equal
210.5964 	DATA 	Keypress: equal
210.6944 	DATA 	Keypress: equal
210.7924 	DATA 	Keypress: equal
210.8904 	DATA 	Keypress: equal
210.9884 	DATA 	Keypress: equal
211.0865 	DATA 	Keypress: equal
211.1845 	DATA 	Keypress: equal
211.2825 	DATA 	Keypress: equal
211.3814 	DATA 	Keypress: equal
211.4784 	DATA 	Keypress: equal
211.5764 	DATA 	Keypress: equal
211.6745 	DATA 	Keypress: equal
211.7726 	DATA 	Keypress: equal
211.8705 	DATA 	Keypress: equal
211.9684 	DATA 	Keypress: equal
212.0664 	DATA 	Keypress: equal
212.1646 	DATA 	Keypress: equal
212.2626 	DATA 	Keypress: equal
212.3604 	DATA 	Keypress: equal
212.4584 	DATA 	Keypress: equal
212.5563 	DATA 	Keypress: equal
212.6549 	DATA 	Keypress: equal
212.7527 	DATA 	Keypress: equal
212.8505 	DATA 	Keypress: equal
212.9487 	DATA 	Keypress: equal
213.0475 	DATA 	Keypress: equal
213.1444 	DATA 	Keypress: equal
213.2425 	DATA 	Keypress: equal
213.3406 	DATA 	Keypress: equal
213.4385 	DATA 	Keypress: equal
213.5364 	DATA 	Keypress: equal
213.6344 	DATA 	Keypress: equal
213.7325 	DATA 	Keypress: equal
213.8300 	DATA 	Keypress: equal
213.9286 	DATA 	Keypress: equal
214.0269 	DATA 	Keypress: equal
214.1245 	DATA 	Keypress: equal
214.2224 	DATA 	Keypress: equal
214.3207 	DATA 	Keypress: equal
214.4186 	DATA 	Keypress: equal
214.5165 	DATA 	Keypress: equal
214.6150 	DATA 	Keypress: equal
214.7124 	DATA 	Keypress: equal
214.8104 	DATA 	Keypress: equal
214.9085 	DATA 	Keypress: equal
215.0067 	DATA 	Keypress: equal
215.1045 	DATA 	Keypress: equal
215.2024 	DATA 	Keypress: equal
215.3005 	DATA 	Keypress: equal
215.3985 	DATA 	Keypress: equal
215.4965 	DATA 	Keypress: equal
215.5944 	DATA 	Keypress: equal
215.6923 	DATA 	Keypress: equal
215.7904 	DATA 	Keypress: equal
215.8885 	DATA 	Keypress: equal
215.9865 	DATA 	Keypress: equal
216.0846 	DATA 	Keypress: equal
216.1825 	DATA 	Keypress: equal
216.2815 	DATA 	Keypress: equal
216.3786 	DATA 	Keypress: equal
216.4766 	DATA 	Keypress: equal
216.5745 	DATA 	Keypress: equal
216.6726 	DATA 	Keypress: equal
216.7704 	DATA 	Keypress: equal
216.8685 	DATA 	Keypress: equal
216.9666 	DATA 	Keypress: equal
217.0646 	DATA 	Keypress: equal
217.1625 	DATA 	Keypress: equal
217.2605 	DATA 	Keypress: equal
217.3585 	DATA 	Keypress: equal
217.4565 	DATA 	Keypress: equal
217.5545 	DATA 	Keypress: equal
217.6524 	DATA 	Keypress: equal
217.7504 	DATA 	Keypress: equal
217.8486 	DATA 	Keypress: equal
217.9465 	DATA 	Keypress: equal
218.0440 	DATA 	Keypress: equal
218.1428 	DATA 	Keypress: equal
218.2408 	DATA 	Keypress: equal
218.3384 	DATA 	Keypress: equal
218.4363 	DATA 	Keypress: equal
218.5347 	DATA 	Keypress: equal
218.6326 	DATA 	Keypress: equal
218.7306 	DATA 	Keypress: equal
218.8280 	DATA 	Keypress: equal
218.9266 	DATA 	Keypress: equal
219.0250 	DATA 	Keypress: equal
219.1225 	DATA 	Keypress: equal
219.2206 	DATA 	Keypress: equal
219.3187 	DATA 	Keypress: equal
219.4169 	DATA 	Keypress: equal
219.5150 	DATA 	Keypress: equal
219.6125 	DATA 	Keypress: equal
219.7105 	DATA 	Keypress: equal
219.8084 	DATA 	Keypress: equal
219.9068 	DATA 	Keypress: equal
220.0044 	DATA 	Keypress: equal
220.1026 	DATA 	Keypress: equal
220.2001 	DATA 	Keypress: equal
220.2986 	DATA 	Keypress: equal
220.3967 	DATA 	Keypress: equal
220.4949 	DATA 	Keypress: equal
220.5935 	DATA 	Keypress: equal
220.6909 	DATA 	Keypress: equal
220.7891 	DATA 	Keypress: equal
220.8873 	DATA 	Keypress: equal
220.9850 	DATA 	Keypress: equal
221.0827 	DATA 	Keypress: equal
221.1815 	DATA 	Keypress: equal
221.2786 	DATA 	Keypress: equal
221.3765 	DATA 	Keypress: equal
221.4746 	DATA 	Keypress: equal
221.5726 	DATA 	Keypress: equal
221.6704 	DATA 	Keypress: equal
221.7684 	DATA 	Keypress: equal
221.8664 	DATA 	Keypress: equal
221.9645 	DATA 	Keypress: equal
222.0624 	DATA 	Keypress: equal
222.1606 	DATA 	Keypress: equal
222.2585 	DATA 	Keypress: equal
222.3565 	DATA 	Keypress: equal
222.4544 	DATA 	Keypress: equal
222.5525 	DATA 	Keypress: equal
222.6504 	DATA 	Keypress: equal
222.7488 	DATA 	Keypress: equal
222.8466 	DATA 	Keypress: equal
222.9445 	DATA 	Keypress: equal
223.0424 	DATA 	Keypress: equal
223.1407 	DATA 	Keypress: equal
223.2386 	DATA 	Keypress: equal
223.3364 	DATA 	Keypress: equal
223.4345 	DATA 	Keypress: equal
223.5325 	DATA 	Keypress: equal
223.6306 	DATA 	Keypress: equal
223.7285 	DATA 	Keypress: equal
223.8261 	DATA 	Keypress: equal
223.9246 	DATA 	Keypress: equal
224.0225 	DATA 	Keypress: equal
224.1206 	DATA 	Keypress: equal
224.2185 	DATA 	Keypress: equal
224.3165 	DATA 	Keypress: equal
224.4149 	DATA 	Keypress: equal
224.5124 	DATA 	Keypress: equal
224.6105 	DATA 	Keypress: equal
224.7089 	DATA 	Keypress: equal
224.8068 	DATA 	Keypress: equal
224.9048 	DATA 	Keypress: equal
225.0026 	DATA 	Keypress: equal
225.1005 	DATA 	Keypress: equal
225.1985 	DATA 	Keypress: equal
225.2970 	DATA 	Keypress: equal
225.3946 	DATA 	Keypress: equal
225.4927 	DATA 	Keypress: equal
225.5913 	DATA 	Keypress: equal
225.6885 	DATA 	Keypress: equal
225.7865 	DATA 	Keypress: equal
225.8847 	DATA 	Keypress: equal
225.9827 	DATA 	Keypress: equal
226.0815 	DATA 	Keypress: equal
226.1784 	DATA 	Keypress: equal
226.2766 	DATA 	Keypress: equal
226.3746 	DATA 	Keypress: equal
226.4726 	DATA 	Keypress: equal
226.5705 	DATA 	Keypress: equal
226.6685 	DATA 	Keypress: equal
226.7666 	DATA 	Keypress: equal
226.8645 	DATA 	Keypress: equal
226.9626 	DATA 	Keypress: equal
227.0606 	DATA 	Keypress: equal
227.1586 	DATA 	Keypress: equal
227.2566 	DATA 	Keypress: equal
227.3545 	DATA 	Keypress: equal
227.4525 	DATA 	Keypress: equal
227.5504 	DATA 	Keypress: equal
227.6486 	DATA 	Keypress: equal
227.7465 	DATA 	Keypress: equal
227.8445 	DATA 	Keypress: equal
227.9425 	DATA 	Keypress: equal
228.0408 	DATA 	Keypress: equal
228.1388 	DATA 	Keypress: equal
228.2365 	DATA 	Keypress: equal
228.3623 	DATA 	Keypress: equal
228.3634 	EXP 	Display Frame 1
228.4872 	DATA 	Keypress: equal
228.4882 	EXP 	Display Frame 0
228.6121 	DATA 	Keypress: equal
228.6130 	EXP 	Display Frame 1
228.7371 	DATA 	Keypress: equal
228.7377 	DATA 	Keypress: equal
228.7387 	EXP 	Display Frame 0
228.8621 	DATA 	Keypress: equal
228.8631 	EXP 	Display Frame 1
228.9871 	DATA 	Keypress: equal
228.9881 	EXP 	Display Frame 0
229.1123 	DATA 	Keypress: equal
229.1134 	EXP 	Display Frame 1
229.2376 	DATA 	Keypress: equal
229.2383 	DATA 	Keypress: equal
229.2393 	EXP 	Display Frame 0
229.3623 	DATA 	Keypress: equal
229.3634 	EXP 	Display Frame 1
229.4872 	DATA 	Keypress: equal
229.4883 	EXP 	Display Frame 0
229.6121 	DATA 	Keypress: equal
229.6126 	DATA 	Keypress: equal
229.6145 	EXP 	Display Frame 1
229.7375 	DATA 	Keypress: equal
229.7403 	EXP 	Display Frame 0
229.8622 	DATA 	Keypress: equal
229.8631 	EXP 	Display Frame 1
229.9872 	DATA 	Keypress: equal
229.9882 	EXP 	Display Frame 0
230.1126 	DATA 	Keypress: equal
230.1132 	DATA 	Keypress: equal
230.1143 	EXP 	Display Frame 1
230.2373 	DATA 	Keypress: equal
230.2384 	EXP 	Display Frame 0
230.3621 	DATA 	Keypress: equal
230.3631 	EXP 	Display Frame 1
230.4870 	DATA 	Keypress: equal
230.4881 	EXP 	Display Frame 0
230.6121 	DATA 	Keypress: equal
230.6128 	DATA 	Keypress: equal
230.6147 	EXP 	Display Frame 1
230.7371 	DATA 	Keypress: equal
230.7380 	EXP 	Display Frame 0
230.8621 	DATA 	Keypress: equal
230.8632 	EXP 	Display Frame 1
230.9870 	DATA 	Keypress: equal
230.9876 	DATA 	Keypress: equal
230.9884 	EXP 	Display Frame 0
231.1121 	DATA 	Keypress: equal
231.1130 	EXP 	Display Frame 1
231.2371 	DATA 	Keypress: equal
231.2381 	EXP 	Display Frame 0
231.3622 	DATA 	Keypress: equal
231.3633 	EXP 	Display Frame 1
231.4871 	DATA 	Keypress: equal
231.4877 	DATA 	Keypress: equal
231.4886 	EXP 	Display Frame 0
231.6121 	DATA 	Keypress: equal
231.6130 	EXP 	Display Frame 1
231.7376 	DATA 	Keypress: equal
231.7390 	EXP 	Display Frame 0
231.8623 	DATA 	Keypress: equal
231.8635 	EXP 	Display Frame 1
231.8640 	DATA 	Keypress: equal
231.9872 	DATA 	Keypress: equal
231.9882 	EXP 	Display Frame 0
232.1122 	DATA 	Keypress: equal
232.1131 	EXP 	Display Frame 1
232.2371 	DATA 	Keypress: equal
232.2381 	EXP 	Display Frame 0
232.3621 	DATA 	Keypress: equal
232.3627 	DATA 	Keypress: equal
232.3635 	EXP 	Display Frame 1
232.4870 	DATA 	Keypress: equal
232.4880 	EXP 	Display Frame 0
232.6122 	DATA 	Keypress: equal
232.6131 	EXP 	Display Frame 1
232.7371 	DATA 	Keypress: equal
232.7381 	EXP 	Display Frame 0
232.8621 	DATA 	Keypress: equal
232.8626 	DATA 	Keypress: equal
232.8635 	EXP 	Display Frame 1
232.9871 	DATA 	Keypress: equal
232.9880 	EXP 	Display Frame 0
233.1121 	DATA 	Keypress: equal
233.1130 	EXP 	Display Frame 1
233.2374 	DATA 	Keypress: equal
233.2380 	DATA 	Keypress: equal
233.2389 	EXP 	Display Frame 0
233.3622 	DATA 	Keypress: equal
233.3632 	EXP 	Display Frame 1
233.4872 	DATA 	Keypress: equal
233.4883 	EXP 	Display Frame 0
233.6124 	DATA 	Keypress: equal
233.6151 	EXP 	Display Frame 1
233.7372 	DATA 	Keypress: equal
233.7378 	DATA 	Keypress: equal
233.7388 	EXP 	Display Frame 0
233.8621 	DATA 	Keypress: equal
233.8631 	EXP 	Display Frame 1
233.9871 	DATA 	Keypress: equal
233.9881 	EXP 	Display Frame 0
234.1122 	DATA 	Keypress: equal
234.1131 	EXP 	Display Frame 1
234.2371 	DATA 	Keypress: equal
234.2376 	DATA 	Keypress: equal
234.2386 	EXP 	Display Frame 0
234.3621 	DATA 	Keypress: equal
234.3631 	EXP 	Display Frame 1
234.4875 	DATA 	Keypress: equal
234.4887 	EXP 	Display Frame 0
234.6124 	DATA 	Keypress: equal
234.6130 	DATA 	Keypress: equal
234.6144 	EXP 	Display Frame 1
234.7372 	DATA 	Keypress: equal
234.7382 	EXP 	Display Frame 0
234.8621 	DATA 	Keypress: equal
234.8632 	EXP 	Display Frame 1
234.9871 	DATA 	Keypress: equal
234.9882 	EXP 	Display Frame 0
235.1121 	DATA 	Keypress: equal
235.1127 	DATA 	Keypress: equal
235.1147 	EXP 	Display Frame 1
235.2375 	DATA 	Keypress: equal
235.2386 	EXP 	Display Frame 0
235.3627 	DATA 	Keypress: equal
235.3639 	EXP 	Display Frame 1
235.4872 	DATA 	Keypress: equal
235.4882 	EXP 	Display Frame 0
235.4888 	DATA 	Keypress: equal
235.6125 	DATA 	Keypress: equal
235.6146 	EXP 	Display Frame 1
235.7371 	DATA 	Keypress: equal
235.7382 	EXP 	Display Frame 0
235.8621 	DATA 	Keypress: equal
235.8630 	EXP 	Display Frame 1
235.9872 	DATA 	Keypress: equal
235.9878 	DATA 	Keypress: equal
235.9888 	EXP 	Display Frame 0
236.1122 	DATA 	Keypress: equal
236.1131 	EXP 	Display Frame 1
236.2371 	DATA 	Keypress: equal
236.2380 	EXP 	Display Frame 0
236.3621 	DATA 	Keypress: equal
236.3635 	EXP 	Display Frame 1
236.4871 	DATA 	Keypress: equal
236.4876 	DATA 	Keypress: equal
236.4885 	EXP 	Display Frame 0
236.6121 	DATA 	Keypress: equal
236.6130 	EXP 	Display Frame 1
236.7371 	DATA 	Keypress: equal
236.7380 	EXP 	Display Frame 0
236.8621 	DATA 	Keypress: equal
236.8626 	DATA 	Keypress: equal
236.8635 	EXP 	Display Frame 1
236.9870 	DATA 	Keypress: equal
236.9880 	EXP 	Display Frame 0
237.1121 	DATA 	Keypress: equal
237.1130 	EXP 	Display Frame 1
237.2371 	DATA 	Keypress: equal
237.2381 	EXP 	Display Frame 0
237.3621 	DATA 	Keypress: equal
237.3627 	DATA 	Keypress: equal
237.3635 	EXP 	Display Frame 1
237.4876 	DATA 	Keypress: equal
237.4889 	EXP 	Display Frame 0
237.6122 	DATA 	Keypress: equal
237.6132 	EXP 	Display Frame 1
237.7373 	DATA 	Keypress: equal
237.7384 	EXP 	Display Frame 0
237.8622 	DATA 	Keypress: equal
237.8629 	DATA 	Keypress: equal
237.8638 	EXP 	Display Frame 1
237.9871 	DATA 	Keypress: equal
237.9880 	EXP 	Display Frame 0
238.1120 	DATA 	Keypress: equal
238.1130 	EXP 	Display Frame 1
238.2371 	DATA 	Keypress: equal
238.2377 	DATA 	Keypress: equal
238.2386 	EXP 	Display Frame 0
238.3621 	DATA 	Keypress: equal
238.3632 	EXP 	Display Frame 1
238.4871 	DATA 	Keypress: equal
238.4881 	EXP 	Display Frame 0
238.6122 	DATA 	Keypress: equal
238.6131 	EXP 	Display Frame 1
238.7371 	DATA 	Keypress: equal
238.7377 	DATA 	Keypress: equal
238.7386 	EXP 	Display Frame 0
238.8621 	DATA 	Keypress: equal
238.8630 	EXP 	Display Frame 1
238.9871 	DATA 	Keypress: equal
238.9882 	EXP 	Display Frame 0
239.1122 	DATA 	Keypress: equal
239.1131 	EXP 	Display Frame 1
239.2370 	DATA 	Keypress: equal
239.2375 	DATA 	Keypress: equal
239.2385 	EXP 	Display Frame 0
239.3622 	DATA 	Keypress: equal
239.3632 	EXP 	Display Frame 1
239.4873 	DATA 	Keypress: equal
239.4884 	EXP 	Display Frame 0
239.6121 	DATA 	Keypress: equal
239.6127 	DATA 	Keypress: equal
239.6148 	EXP 	Display Frame 1
239.7371 	DATA 	Keypress: equal
239.7380 	EXP 	Display Frame 0
239.8621 	DATA 	Keypress: equal
239.8631 	EXP 	Display Frame 1
239.9871 	DATA 	Keypress: equal
239.9881 	EXP 	Display Frame 0
240.1121 	DATA 	Keypress: equal
240.1127 	DATA 	Keypress: equal
240.1145 	EXP 	Display Frame 1
240.2371 	DATA 	Keypress: equal
240.2381 	EXP 	Display Frame 0
240.3621 	DATA 	Keypress: equal
240.3632 	EXP 	Display Frame 1
240.4871 	DATA 	Keypress: equal
240.4876 	DATA 	Keypress: equal
240.4885 	EXP 	Display Frame 0
240.6121 	DATA 	Keypress: equal
240.6129 	EXP 	Display Frame 1
240.7374 	DATA 	Keypress: equal
240.7384 	EXP 	Display Frame 0
240.8622 	DATA 	Keypress: equal
240.8634 	EXP 	Display Frame 1
240.9871 	DATA 	Keypress: equal
240.9877 	DATA 	Keypress: equal
240.9886 	EXP 	Display Frame 0
241.1121 	DATA 	Keypress: equal
241.1131 	EXP 	Display Frame 1
241.2371 	DATA 	Keypress: equal
241.2381 	EXP 	Display Frame 0
241.3621 	DATA 	Keypress: equal
241.3631 	EXP 	Display Frame 1
241.4871 	DATA 	Keypress: equal
241.4877 	DATA 	Keypress: equal
241.4886 	EXP 	Display Frame 0
241.6121 	DATA 	Keypress: equal
241.6130 	EXP 	Display Frame 1
241.7371 	DATA 	Keypress: equal
241.7382 	EXP 	Display Frame 0
241.8621 	DATA 	Keypress: equal
241.8627 	DATA 	Keypress: equal
241.8636 	EXP 	Display Frame 1
241.9871 	DATA 	Keypress: equal
241.9880 	EXP 	Display Frame 0
242.1122 	DATA 	Keypress: equal
242.1132 	EXP 	Display Frame 1
242.2371 	DATA 	Keypress: equal
242.2381 	EXP 	Display Frame 0
242.3621 	DATA 	Keypress: equal
242.3626 	DATA 	Keypress: equal
242.3635 	EXP 	Display Frame 1
242.4870 	DATA 	Keypress: equal
242.4879 	EXP 	Display Frame 0
242.6121 	DATA 	Keypress: equal
242.6130 	EXP 	Display Frame 1
242.7371 	DATA 	Keypress: equal
242.7381 	EXP 	Display Frame 0
242.8621 	DATA 	Keypress: equal
242.8626 	DATA 	Keypress: equal
242.8635 	EXP 	Display Frame 1
242.9871 	DATA 	Keypress: equal
242.9880 	EXP 	Display Frame 0
243.1121 	DATA 	Keypress: equal
243.1130 	EXP 	Display Frame 1
243.2373 	DATA 	Keypress: equal
243.2378 	DATA 	Keypress: equal
243.2389 	EXP 	Display Frame 0
243.3621 	DATA 	Keypress: equal
243.3631 	EXP 	Display Frame 1
243.4870 	DATA 	Keypress: equal
243.4880 	EXP 	Display Frame 0
243.6121 	DATA 	Keypress: equal
243.6129 	EXP 	Display Frame 1
243.7371 	DATA 	Keypress: equal
243.7376 	DATA 	Keypress: equal
243.7385 	EXP 	Display Frame 0
243.8627 	DATA 	Keypress: equal
243.8639 	EXP 	Display Frame 1
243.9872 	DATA 	Keypress: equal
243.9883 	EXP 	Display Frame 0
244.1121 	DATA 	Keypress: equal
244.1130 	EXP 	Display Frame 1
244.1134 	DATA 	Keypress: equal
244.2376 	DATA 	Keypress: equal
244.2385 	EXP 	Display Frame 0
244.3621 	DATA 	Keypress: equal
244.3630 	EXP 	Display Frame 1
244.4872 	DATA 	Keypress: equal
244.4882 	EXP 	Display Frame 0
244.6121 	DATA 	Keypress: equal
244.6127 	DATA 	Keypress: equal
244.6146 	EXP 	Display Frame 1
244.7372 	DATA 	Keypress: equal
244.7382 	EXP 	Display Frame 0
244.8621 	DATA 	Keypress: equal
244.8632 	EXP 	Display Frame 1
244.9871 	DATA 	Keypress: equal
244.9881 	EXP 	Display Frame 0
245.1121 	DATA 	Keypress: equal
245.1127 	DATA 	Keypress: equal
245.1145 	EXP 	Display Frame 1
245.2373 	DATA 	Keypress: equal
245.2383 	EXP 	Display Frame 0
245.3626 	DATA 	Keypress: equal
245.3637 	EXP 	Display Frame 1
245.4873 	DATA 	Keypress: equal
245.4879 	DATA 	Keypress: equal
245.4888 	EXP 	Display Frame 0
245.6122 	DATA 	Keypress: equal
245.6131 	EXP 	Display Frame 1
245.7371 	DATA 	Keypress: equal
245.7381 	EXP 	Display Frame 0
245.8622 	DATA 	Keypress: equal
245.8633 	EXP 	Display Frame 1
245.9873 	DATA 	Keypress: equal
245.9880 	DATA 	Keypress: equal
245.9889 	EXP 	Display Frame 0
246.1124 	DATA 	Keypress: equal
246.1145 	EXP 	Display Frame 1
246.2371 	DATA 	Keypress: equal
246.2381 	EXP 	Display Frame 0
246.3622 	DATA 	Keypress: equal
246.3632 	EXP 	Display Frame 1
246.4872 	DATA 	Keypress: equal
246.4878 	DATA 	Keypress: equal
246.4887 	EXP 	Display Frame 0
246.6121 	DATA 	Keypress: equal
246.6130 	EXP 	Display Frame 1
246.7372 	DATA 	Keypress: equal
246.7382 	EXP 	Display Frame 0
246.8621 	DATA 	Keypress: equal
246.8626 	DATA 	Keypress: equal
246.8634 	EXP 	Display Frame 1
246.9870 	DATA 	Keypress: equal
246.9880 	EXP 	Display Frame 0
247.1122 	DATA 	Keypress: equal
247.1131 	EXP 	Display Frame 1
247.2371 	DATA 	Keypress: equal
247.2381 	EXP 	Display Frame 0
247.3621 	DATA 	Keypress: equal
247.3627 	DATA 	Keypress: equal
247.3636 	EXP 	Display Frame 1
247.4871 	DATA 	Keypress: equal
247.4881 	EXP 	Display Frame 0
247.6121 	DATA 	Keypress: equal
247.6129 	EXP 	Display Frame 1
247.7371 	DATA 	Keypress: equal
247.7382 	EXP 	Display Frame 0
247.8621 	DATA 	Keypress: equal
247.8626 	DATA 	Keypress: equal
247.8635 	EXP 	Display Frame 1
247.9870 	DATA 	Keypress: equal
247.9880 	EXP 	Display Frame 0
248.1121 	DATA 	Keypress: equal
248.1130 	EXP 	Display Frame 1
248.2374 	DATA 	Keypress: equal
248.2381 	DATA 	Keypress: equal
248.2390 	EXP 	Display Frame 0
248.3623 	DATA 	Keypress: equal
248.3633 	EXP 	Display Frame 1
248.4872 	DATA 	Keypress: equal
248.4882 	EXP 	Display Frame 0
248.6123 	DATA 	Keypress: equal
248.6132 	EXP 	Display Frame 1
248.7372 	DATA 	Keypress: equal
248.7379 	DATA 	Keypress: equal
248.7389 	EXP 	Display Frame 0
248.8620 	DATA 	Keypress: equal
248.8630 	EXP 	Display Frame 1
248.9871 	DATA 	Keypress: equal
248.9880 	EXP 	Display Frame 0
249.1121 	DATA 	Keypress: equal
249.1126 	DATA 	Keypress: equal
249.1135 	EXP 	Display Frame 1
249.2371 	DATA 	Keypress: equal
249.2381 	EXP 	Display Frame 0
249.3621 	DATA 	Keypress: equal
249.3633 	EXP 	Display Frame 1
249.4871 	DATA 	Keypress: equal
249.4881 	EXP 	Display Frame 0
249.6127 	DATA 	Keypress: equal
249.6134 	DATA 	Keypress: equal
249.6143 	EXP 	Display Frame 1
249.7372 	DATA 	Keypress: equal
249.7382 	EXP 	Display Frame 0
249.8622 	DATA 	Keypress: equal
249.8632 	EXP 	Display Frame 1
249.9874 	EXP 	Display Frame 0
250.1125 	EXP 	Display Frame 1
250.2377 	EXP 	Display Frame 0
250.3627 	EXP 	Display Frame 1
250.4877 	EXP 	Display Frame 0
250.6126 	EXP 	Display Frame 1
250.7376 	EXP 	Display Frame 0
250.8626 	EXP 	Display Frame 1
250.9876 	EXP 	Display Frame 0
251.1126 	EXP 	Display Frame 1
251.2373 	EXP 	Display Frame 0
251.3625 	EXP 	Display Frame 1
251.4875 	EXP 	Display Frame 0
251.6125 	EXP 	Display Frame 1
251.7378 	EXP 	Display Frame 0
251.8627 	EXP 	Display Frame 1
251.9876 	EXP 	Display Frame 0
252.1126 	EXP 	Display Frame 1
252.2378 	EXP 	Display Frame 0
252.3627 	EXP 	Display Frame 1
252.4876 	EXP 	Display Frame 0
252.6126 	EXP 	Display Frame 1
252.7377 	EXP 	Display Frame 0
252.8624 	EXP 	Display Frame 1
252.9879 	EXP 	Display Frame 0
253.1126 	EXP 	Display Frame 1
253.2377 	EXP 	Display Frame 0
253.3627 	EXP 	Display Frame 1
253.4876 	EXP 	Display Frame 0
253.6126 	EXP 	Display Frame 1
253.7378 	EXP 	Display Frame 0
253.8624 	EXP 	Display Frame 1
253.9876 	EXP 	Display Frame 0
254.1126 	EXP 	Display Frame 1
254.2377 	EXP 	Display Frame 0
254.3626 	EXP 	Display Frame 1
254.4873 	EXP 	Display Frame 0
254.6126 	EXP 	Display Frame 1
254.7377 	EXP 	Display Frame 0
254.8627 	EXP 	Display Frame 1
254.9876 	EXP 	Display Frame 0
255.1128 	EXP 	Display Frame 1
255.2377 	EXP 	Display Frame 0
255.3631 	EXP 	Display Frame 1
255.4876 	EXP 	Display Frame 0
255.6127 	DATA 	Keypress: equal
255.6140 	EXP 	Display Frame 1
255.7375 	EXP 	Display Frame 0
255.8625 	EXP 	Display Frame 1
255.9877 	EXP 	Display Frame 0
256.1151 	DATA 	Keypress: equal
256.1161 	EXP 	Display Frame 1
256.2379 	EXP 	Display Frame 0
256.3626 	EXP 	Display Frame 1
256.4876 	DATA 	Keypress: q
256.4886 	EXP 	Display Frame 0
256.5005 	EXP 	topMsg: height = 0.1
256.5005 	EXP 	topMsg: height = 0.1
256.5005 	EXP 	topMsg: text = "Thank you very much! \n\nThat's it with the tapping"
256.5005 	EXP 	bottomMsg: height = 0.1
256.5005 	EXP 	bottomMsg: height = 0.1
256.5005 	EXP 	bottomMsg: text = "Please relax for the ramaining time \n\n Press 'q' or 'escape' to end the session."
256.5005 	EXP 	Display TheEnd
257.0700 	DATA 	Keypress: q
257.1610 	EXP 	win: mouseVisible = True
