1.0422 	WARNING 	We strongly recommend you activate the PTB sound engine in PsychoPy prefs as the preferred audio engine. Its timing is vastly superior. Your prefs are currently set to use ['sounddevice', 'PTB', 'pyo', 'pygame'] (in that order).
7.0345 	INFO 	---START PARAMETERS---
7.0346 	INFO 	filename: TappingWithTrTiming_Movie_d3.py-1tt============ =-310-Oct_24_1736
7.0346 	INFO 	subject: 1tt============ =
7.0346 	INFO 	session: 310
7.0346 	INFO 	date: Oct_24_1736
7.0347 	INFO 	block2Dur_TRs: 6
7.0347 	INFO 	blockDur_TRs: 6
7.0347 	INFO 	condition: vis
7.0347 	INFO 	fixCrossPos: [0, 0]
7.0347 	INFO 	fixCrossSize: 100
7.0347 	INFO 	fullScreen: True
7.0347 	INFO 	movieFolder: images/
7.0347 	INFO 	movieFolder2: images/
7.0347 	INFO 	movieSize: (1600, 1000)
7.0347 	INFO 	nBlocks: 68
7.0347 	INFO 	promptDir: Text/
7.0347 	INFO 	restDur_TRs: 6
7.0347 	INFO 	screenColor: (119, 119, 119)
7.0347 	INFO 	screenToShow: 1
7.0347 	INFO 	skipPrompts: False
7.0347 	INFO 	tStartup_TRs: 0
7.0347 	INFO 	textHeight: 40
7.0347 	INFO 	triggerKey: equal
7.0348 	INFO 	---END PARAMETERS---
7.8831 	INFO 	Loaded monitor calibration from ['2022_03_25 08:03']
9.0031 	WARNING 	Couldn't measure a consistent frame rate!
  - Is your graphics card set to sync to vertical blank?
  - Are you running other processes on your computer?

9.0037 	EXP 	Created win = Window(allowGUI=False, allowStencil=False, autoLog=True, backendConf=UNKNOWN, bitsMode=UNKNOWN, blendMode='avg', bpc=(8, 8, 8), color=array([119, 119, 119]), colorSpace='rgb255', depthBits=8, fullscr=<method-wrapper '__getattribute__' of attributeSetter object at 0x7fc242f8c190>, gamma=None, gammaErrorPolicy='raise', lms=UNKNOWN, monitor=<psychopy.monitors.calibTools.Monitor object at 0x7fc228222d30>, multiSample=False, name='win', numSamples=2, pos=[0.0, 0.0], screen=1, size=array([1920, 1080]), stencilBits=0, stereo=False, units='deg', useFBO=False, useRetina=False, viewOri=0.0, viewPos=None, viewScale=None, waitBlanking=True, winType='pyglet')
9.0039 	EXP 	win: mouseVisible = True
9.0087 	EXP 	Created fixCross = ShapeStim(__class__=<class 'psychopy.visual.shape.ShapeStim'>, anchor=('center', 'center'), autoDraw=False, autoLog=True, closeShape=False, color=method-wrapper(...), colorSpace='rgb', contrast=None, depth=0, fillColor=array([0, 0, 0]), fillColorSpace='rgb', fillRGB=array([0, 0, 0]), interpolate=True, lineColor=array([-1., -1., -1.]), lineColorSpace='rgb', lineRGB=array([-1., -1., -1.]), lineWidth=3.0, name='fixCross', opacity=0.5, ori=0.0, pos=array([0., 0.]), size=array([1., 1.]), units='pix', vertices=ndarray(...), win=Window(...), windingRule=None)
9.0092 	WARNING 	TextStim.alignHoriz is deprecated. Use alignText and anchorHoriz attributes instead
9.0336 	EXP 	Created topMsg = TextStim(__class__=<class 'psychopy.visual.text.TextStim'>, alignHoriz='center', alignText='center', alignVert=method-wrapper(...), anchorHoriz='center', anchorVert='center', antialias=True, autoLog=True, bold=False, color=array([-1., -1., -1.]), colorSpace='rgb', contrast=1.0, depth=0, flipHoriz=False, flipVert=False, font='', fontFiles=[], height=0.1, italic=False, languageStyle='LTR', name='topMsg', opacity=1.0, ori=0.0, pos=array([0. , 0.5]), rgb=UNKNOWN, text='aaa', units='norm', win=Window(...), wrapWidth=1.5)
9.0337 	WARNING 	TextStim.alignHoriz is deprecated. Use alignText and anchorHoriz attributes instead
9.0359 	EXP 	Created bottomMsg = TextStim(__class__=<class 'psychopy.visual.text.TextStim'>, alignHoriz='center', alignText='center', alignVert=method-wrapper(...), anchorHoriz='center', anchorVert='center', antialias=True, autoLog=True, bold=False, color=array([-1., -1., -1.]), colorSpace='rgb', contrast=1.0, depth=0, flipHoriz=False, flipVert=False, font='', fontFiles=[], height=0.1, italic=False, languageStyle='LTR', name='bottomMsg', opacity=1.0, ori=0.0, pos=array([ 0. , -0.5]), rgb=UNKNOWN, text='bbb', units='norm', win=Window(...), wrapWidth=1.5)
9.0559 	EXP 	Created Movie Frame 0 = ImageStim(__class__=<class 'psychopy.visual.image.ImageStim'>, anchor=('center', 'center'), autoLog=True, color=array([1., 1., 1.]), colorSpace='rgb', contrast=1.0, depth=0, flipHoriz=False, flipVert=False, image='images/visual_0.png', interpolate=False, mask=None, maskParams=None, name='Movie Frame 0', opacity=1, ori=0.0, pos=array([0., 0.]), size=array([1600., 1000.]), texRes=128, units='pix', win=Window(...))
9.0665 	EXP 	Created Movie Frame 1 = ImageStim(__class__=<class 'psychopy.visual.image.ImageStim'>, anchor=('center', 'center'), autoLog=True, color=array([1., 1., 1.]), colorSpace='rgb', contrast=1.0, depth=0, flipHoriz=False, flipVert=False, image='images/visual_1.png', interpolate=False, mask=None, maskParams=None, name='Movie Frame 1', opacity=1, ori=0.0, pos=array([0., 0.]), size=array([1600., 1000.]), texRes=128, units='pix', win=Window(...))
9.0763 	EXP 	Created Movie Frame 0 = ImageStim(__class__=<class 'psychopy.visual.image.ImageStim'>, anchor=('center', 'center'), autoLog=True, color=array([1., 1., 1.]), colorSpace='rgb', contrast=1.0, depth=0, flipHoriz=False, flipVert=False, image='images/visual_0.png', interpolate=False, mask=None, maskParams=None, name='Movie Frame 0', opacity=1, ori=0.0, pos=array([0., 0.]), size=array([1600., 1000.]), texRes=128, units='pix', win=Window(...))
9.0859 	EXP 	Created Movie Frame 1 = ImageStim(__class__=<class 'psychopy.visual.image.ImageStim'>, anchor=('center', 'center'), autoLog=True, color=array([1., 1., 1.]), colorSpace='rgb', contrast=1.0, depth=0, flipHoriz=False, flipVert=False, image='images/visual_1.png', interpolate=False, mask=None, maskParams=None, name='Movie Frame 1', opacity=1, ori=0.0, pos=array([0., 0.]), size=array([1600., 1000.]), texRes=128, units='pix', win=Window(...))
9.0910 	EXP 	Created unnamed TextStim = TextStim(__class__=<class 'psychopy.visual.text.TextStim'>, alignHoriz=method-wrapper(...), alignText='center', alignVert=method-wrapper(...), anchorHoriz='center', anchorVert='center', antialias=True, autoLog=True, bold=False, color=array([-1., -1., -1.]), colorSpace='rgb', contrast=1.0, depth=0, flipHoriz=False, flipVert=False, font='', fontFiles=[], height=40.0, italic=False, languageStyle='LTR', name='unnamed TextStim', opacity=1.0, ori=0.0, pos=array([  0., 580.]), rgb=UNKNOWN, text='look at the center', units='pix', win=Window(...), wrapWidth=1600)
9.1032 	WARNING 	t of last frame was 100.19ms (=1/9)
9.1032 	EXP 	topMsg: height = 0.1
9.1032 	EXP 	topMsg: height = 0.1
9.1032 	EXP 	topMsg: text = 'You will see a flickering checkerboard. When it is on the screen, try to fixate the center of the checkerboard. When the fixation cross appears, relax and stare at the cross.'
9.1032 	EXP 	bottomMsg: height = 0.1
9.1032 	EXP 	bottomMsg: height = 0.1
9.1032 	EXP 	bottomMsg: text = 'The experiment will begin shortly'
9.1032 	EXP 	Display Instructions1
656.0009 	DATA 	Keypress: equal
656.0088 	WARNING 	t of last frame was 646905.64ms (=1/0)
656.0088 	EXP 	topMsg: height = 0.1
656.0088 	EXP 	topMsg: height = 0.1
656.0088 	EXP 	topMsg: text = "Please don't move..."
656.0088 	EXP 	bottomMsg: height = 0.1
656.0088 	EXP 	bottomMsg: height = 0.1
656.0088 	EXP 	bottomMsg: text = ''
656.0088 	EXP 	PleaseDontMove
661.1877 	DATA 	Keypress: equal
661.1926 	WARNING 	t of last frame was 5183.83ms (=1/0)
661.1926 	EXP 	Display Fixation
661.1927 	EXP 	---START EXPERIMENT---
661.1938 	EXP 	Display Fixation
666.3776 	DATA 	Keypress: equal
671.5706 	DATA 	Keypress: equal
689.9467 	DATA 	Keypress: q
689.9568 	WARNING 	t of last frame was 28763.04ms (=1/0)
689.9568 	EXP 	topMsg: height = 0.1
689.9568 	EXP 	topMsg: height = 0.1
689.9568 	EXP 	topMsg: text = "Thank you very much! \n\nThat's it with the tapping"
689.9568 	EXP 	bottomMsg: height = 0.1
689.9568 	EXP 	bottomMsg: height = 0.1
689.9568 	EXP 	bottomMsg: text = "Please relax for the ramaining time \n\n Press 'q' or 'escape' to end the session."
689.9568 	EXP 	Display TheEnd
692.6046 	DATA 	Keypress: q
692.6810 	EXP 	win: mouseVisible = True
