1.1107 	WARNING 	We strongly recommend you activate the PTB sound engine in PsychoPy prefs as the preferred audio engine. Its timing is vastly superior. Your prefs are currently set to use ['sounddevice', 'PTB', 'pyo', 'pygame'] (in that order).
8.8238 	INFO 	---START PARAMETERS---
8.8238 	INFO 	filename: TappingWithTrTiming_Movie_d3.py-1tt============-234-Aug_22_1615
8.8239 	INFO 	subject: 1tt============
8.8239 	INFO 	session: 234
8.8239 	INFO 	date: Aug_22_1615
8.8239 	INFO 	blockDur_TRs: 10
8.8239 	INFO 	condition: vis
8.8239 	INFO 	fixCrossPos: [0, 0]
8.8239 	INFO 	fixCrossSize: 100
8.8239 	INFO 	fullScreen: True
8.8239 	INFO 	movieFolder: Images/
8.8239 	INFO 	movieSize: (1600, 1600)
8.8239 	INFO 	nBlocks: 68
8.8239 	INFO 	promptDir: Text/
8.8239 	INFO 	restDur_TRs: 10
8.8239 	INFO 	screenColor: (128, 128, 128)
8.8239 	INFO 	screenToShow: 1
8.8239 	INFO 	skipPrompts: False
8.8239 	INFO 	tStartup_TRs: 0
8.8239 	INFO 	textHeight: 40
8.8239 	INFO 	triggerKey: equal
8.8239 	INFO 	---END PARAMETERS---
9.6242 	INFO 	Loaded monitor calibration from ['2022_03_25 08:03']
10.8652 	WARNING 	Couldn't measure a consistent frame rate!
  - Is your graphics card set to sync to vertical blank?
  - Are you running other processes on your computer?

10.8658 	EXP 	Created win = Window(allowGUI=False, allowStencil=False, autoLog=True, backendConf=UNKNOWN, bitsMode=UNKNOWN, blendMode='avg', bpc=(8, 8, 8), color=array([128, 128, 128]), colorSpace='rgb255', depthBits=8, fullscr=<method-wrapper '__getattribute__' of attributeSetter object at 0x7fa32a131100>, gamma=None, gammaErrorPolicy='raise', lms=UNKNOWN, monitor=<psychopy.monitors.calibTools.Monitor object at 0x7fa308445ca0>, multiSample=False, name='win', numSamples=2, pos=[0.0, 0.0], screen=1, size=array([1920, 1080]), stencilBits=0, stereo=False, units='deg', useFBO=False, useRetina=False, viewOri=0.0, viewPos=None, viewScale=None, waitBlanking=True, winType='pyglet')
10.8660 	EXP 	win: mouseVisible = True
10.8731 	EXP 	Created fixCross = ShapeStim(__class__=<class 'psychopy.visual.shape.ShapeStim'>, anchor=('center', 'center'), autoDraw=False, autoLog=True, closeShape=False, color=method-wrapper(...), colorSpace='rgb', contrast=None, depth=0, fillColor=array([0, 0, 0]), fillColorSpace='rgb', fillRGB=array([0, 0, 0]), interpolate=True, lineColor=array([-1., -1., -1.]), lineColorSpace='rgb', lineRGB=array([-1., -1., -1.]), lineWidth=3.0, name='fixCross', opacity=0.5, ori=0.0, pos=array([0., 0.]), size=array([1., 1.]), units='pix', vertices=ndarray(...), win=Window(...), windingRule=None)
10.8735 	WARNING 	TextStim.alignHoriz is deprecated. Use alignText and anchorHoriz attributes instead
10.8972 	EXP 	Created topMsg = TextStim(__class__=<class 'psychopy.visual.text.TextStim'>, alignHoriz='center', alignText='center', alignVert=method-wrapper(...), anchorHoriz='center', anchorVert='center', antialias=True, autoLog=True, bold=False, color=array([-1., -1., -1.]), colorSpace='rgb', contrast=1.0, depth=0, flipHoriz=False, flipVert=False, font='', fontFiles=[], height=0.1, italic=False, languageStyle='LTR', name='topMsg', opacity=1.0, ori=0.0, pos=array([0. , 0.5]), rgb=UNKNOWN, text='aaa', units='norm', win=Window(...), wrapWidth=1.5)
10.8973 	WARNING 	TextStim.alignHoriz is deprecated. Use alignText and anchorHoriz attributes instead
10.8993 	EXP 	Created bottomMsg = TextStim(__class__=<class 'psychopy.visual.text.TextStim'>, alignHoriz='center', alignText='center', alignVert=method-wrapper(...), anchorHoriz='center', anchorVert='center', antialias=True, autoLog=True, bold=False, color=array([-1., -1., -1.]), colorSpace='rgb', contrast=1.0, depth=0, flipHoriz=False, flipVert=False, font='', fontFiles=[], height=0.1, italic=False, languageStyle='LTR', name='bottomMsg', opacity=1.0, ori=0.0, pos=array([ 0. , -0.5]), rgb=UNKNOWN, text='bbb', units='norm', win=Window(...), wrapWidth=1.5)
10.9209 	EXP 	Created Movie Frame 0 = ImageStim(__class__=<class 'psychopy.visual.image.ImageStim'>, anchor=('center', 'center'), autoLog=True, color=array([1., 1., 1.]), colorSpace='rgb', contrast=1.0, depth=0, flipHoriz=False, flipVert=False, image='Images/visual_0.png', interpolate=False, mask=None, maskParams=None, name='Movie Frame 0', opacity=1, ori=0.0, pos=array([0., 0.]), size=array([1600., 1600.]), texRes=128, units='pix', win=Window(...))
10.9338 	EXP 	Created Movie Frame 1 = ImageStim(__class__=<class 'psychopy.visual.image.ImageStim'>, anchor=('center', 'center'), autoLog=True, color=array([1., 1., 1.]), colorSpace='rgb', contrast=1.0, depth=0, flipHoriz=False, flipVert=False, image='Images/visual_1.png', interpolate=False, mask=None, maskParams=None, name='Movie Frame 1', opacity=1, ori=0.0, pos=array([0., 0.]), size=array([1600., 1600.]), texRes=128, units='pix', win=Window(...))
10.9393 	EXP 	Created unnamed TextStim = TextStim(__class__=<class 'psychopy.visual.text.TextStim'>, alignHoriz=method-wrapper(...), alignText='center', alignVert=method-wrapper(...), anchorHoriz='center', anchorVert='center', antialias=True, autoLog=True, bold=False, color=array([-1., -1., -1.]), colorSpace='rgb', contrast=1.0, depth=0, flipHoriz=False, flipVert=False, font='', fontFiles=[], height=40.0, italic=False, languageStyle='LTR', name='unnamed TextStim', opacity=1.0, ori=0.0, pos=array([  0., 880.]), rgb=UNKNOWN, text='look at the center', units='pix', win=Window(...), wrapWidth=1600)
10.9594 	WARNING 	t of last frame was 94.27ms (=1/10)
10.9594 	EXP 	topMsg: height = 0.1
10.9594 	EXP 	topMsg: height = 0.1
10.9594 	EXP 	topMsg: text = 'You will see a flickering checkerboard. When it is on the screen, try to fixate the center of the checkerboard. When the fixation cross appears, relax and stare at the cross.'
10.9594 	EXP 	bottomMsg: height = 0.1
10.9594 	EXP 	bottomMsg: height = 0.1
10.9594 	EXP 	bottomMsg: text = 'The experiment will begin shortly'
10.9594 	EXP 	Display Instructions1
12.6030 	DATA 	Keypress: equal
12.6137 	WARNING 	t of last frame was 1654.25ms (=1/0)
12.6137 	EXP 	topMsg: height = 0.1
12.6137 	EXP 	topMsg: height = 0.1
12.6137 	EXP 	topMsg: text = "Please don't move..."
12.6137 	EXP 	bottomMsg: height = 0.1
12.6137 	EXP 	bottomMsg: height = 0.1
12.6137 	EXP 	bottomMsg: text = ''
12.6137 	EXP 	PleaseDontMove
13.1571 	DATA 	Keypress: equal
13.1658 	WARNING 	t of last frame was 552.14ms (=1/1)
13.1658 	EXP 	Display Fixation
13.1658 	EXP 	---START EXPERIMENT---
13.1670 	EXP 	Display Fixation
13.5712 	DATA 	Keypress: equal
13.7135 	DATA 	Keypress: equal
13.8571 	DATA 	Keypress: equal
14.0021 	DATA 	Keypress: equal
14.1511 	DATA 	Keypress: equal
14.3057 	DATA 	Keypress: equal
14.4532 	DATA 	Keypress: equal
14.5987 	DATA 	Keypress: equal
14.7407 	DATA 	Keypress: equal
14.8977 	DATA 	Keypress: equal
14.9044 	WARNING 	t of last frame was 1737.39ms (=1/0)
15.0245 	WARNING 	Multiple dropped frames have occurred - I'll stop bothering you about them!
15.0245 	EXP 	Display Frame 1
15.1487 	DATA 	Keypress: equal
15.1500 	EXP 	Display Frame 0
15.2735 	DATA 	Keypress: equal
15.2746 	EXP 	Display Frame 1
15.3984 	DATA 	Keypress: equal
15.3994 	EXP 	Display Frame 0
15.5234 	DATA 	Keypress: equal
15.5243 	EXP 	Display Frame 1
15.6491 	EXP 	Display Frame 0
15.7740 	EXP 	Display Frame 1
15.8990 	EXP 	Display Frame 0
16.0239 	EXP 	Display Frame 1
16.1490 	EXP 	Display Frame 0
16.2741 	EXP 	Display Frame 1
16.3990 	EXP 	Display Frame 0
16.5240 	EXP 	Display Frame 1
16.6490 	EXP 	Display Frame 0
16.7738 	DATA 	Keypress: q
16.7748 	EXP 	Display Frame 1
16.7816 	EXP 	topMsg: height = 0.1
16.7816 	EXP 	topMsg: height = 0.1
16.7816 	EXP 	topMsg: text = "Thank you very much! \n\nThat's it with the tapping"
16.7816 	EXP 	bottomMsg: height = 0.1
16.7816 	EXP 	bottomMsg: height = 0.1
16.7816 	EXP 	bottomMsg: text = "Please relax for the ramaining time \n\n Press 'q' or 'escape' to end the session."
16.7816 	EXP 	Display TheEnd
17.7460 	DATA 	Keypress: t
19.4445 	DATA 	Keypress: q
19.5334 	EXP 	win: mouseVisible = True
