20.4560 	INFO 	---START PARAMETERS---
20.4560 	INFO 	filename: TappingWithTrTiming_Movie_d3.py-tt1-103-Dec_12_1743
20.4560 	INFO 	subject: tt1
20.4560 	INFO 	session: 103
20.4560 	INFO 	date: Dec_12_1743
20.4560 	INFO 	blockDur_TRs: 630
20.4560 	INFO 	condition: vis
20.4560 	INFO 	fixCrossPos: [0, 0]
20.4560 	INFO 	fixCrossSize: 100
20.4560 	INFO 	fullScreen: True
20.4560 	INFO 	movieFolder: Images/
20.4560 	INFO 	movieSize: (1600, 1000)
20.4560 	INFO 	nBlocks: 68
20.4560 	INFO 	promptDir: Text/
20.4560 	INFO 	restDur_TRs: 630
20.4560 	INFO 	screenColor: (128, 128, 128)
20.4561 	INFO 	screenToShow: 0
20.4561 	INFO 	skipPrompts: False
20.4561 	INFO 	tStartup_TRs: 0
20.4561 	INFO 	textHeight: 40
20.4561 	INFO 	triggerKey: t
20.4561 	INFO 	---END PARAMETERS---
20.5098 	WARNING 	Movie2 stim could not be imported and won't be available
20.8730 	INFO 	Loaded monitor calibration from ['2019_02_04 16:32']
21.3055 	EXP 	Created win = Window(allowGUI=False, allowStencil=False, autoLog=True, bitsMode=UNKNOWN, blendMode='avg', color=array([ 128.,  128.,  128.]), colorSpace='rgb255', fullscr=UNKNOWN, gamma=None, lms=UNKNOWN, monitor=<psychopy.monitors.calibTools.Monitor instance at 0x10e97e40>, name='win', pos=[0, 0], screen=0, size=array([1024,  640]), stereo=False, units='deg', useFBO=False, viewOri=0.0, viewPos=None, viewScale=None, waitBlanking=True, winType='pyglet')
21.3067 	EXP 	Created fixCross = ShapeStim(autoDraw=False, autoLog=True, closeShape=False, contrast=1.0, depth=0, fillColor=None, fillColorSpace='rgb', fillRGB=None, interpolate=True, lineColor='#000000', lineColorSpace='hex', lineRGB=array([0, 0, 0]), lineWidth=3.0, name='fixCross', opacity=1.0, ori=array(0.0), pos=array([ 0.,  0.]), size=array([ 1.,  1.]), units='pix', vertices=ndarray(...), win=Window(...))
21.3527 	EXP 	Created topMsg = TextStim(alignHoriz='center', alignVert='center', antialias=True, autoLog=True, bold=False, color='#000000', colorSpace='hex', contrast=1.0, depth=0, flipHoriz=False, flipVert=False, font='', fontFiles=[], height=0.1, italic=False, name='topMsg', opacity=1.0, ori=0.0, pos=array([ 0. ,  0.5]), rgb=array([0, 0, 0]), text=u'aaa', units='norm', win=Window(...), wrapWidth=1.5)
21.3565 	EXP 	Created bottomMsg = TextStim(alignHoriz='center', alignVert='center', antialias=True, autoLog=True, bold=False, color='#000000', colorSpace='hex', contrast=1.0, depth=0, flipHoriz=False, flipVert=False, font='', fontFiles=[], height=0.1, italic=False, name='bottomMsg', opacity=1.0, ori=0.0, pos=array([ 0. , -0.5]), rgb=array([0, 0, 0]), text=u'bbb', units='norm', win=Window(...), wrapWidth=1.5)
21.3691 	EXP 	Created Movie Frame 0 = ImageStim(autoLog=True, color=array([ 1.,  1.,  1.]), colorSpace='rgb', contrast=1.0, depth=0, flipHoriz=False, flipVert=False, image='Images/visual_0.png', interpolate=False, mask=None, maskParams=None, name='Movie Frame 0', opacity=1.0, ori=0.0, pos=array([ 0.,  0.]), size=array([ 1600.,  1000.]), texRes=128, units='pix', win=Window(...))
21.3781 	EXP 	Created Movie Frame 1 = ImageStim(autoLog=True, color=array([ 1.,  1.,  1.]), colorSpace='rgb', contrast=1.0, depth=0, flipHoriz=False, flipVert=False, image='Images/visual_1.png', interpolate=False, mask=None, maskParams=None, name='Movie Frame 1', opacity=1.0, ori=0.0, pos=array([ 0.,  0.]), size=array([ 1600.,  1000.]), texRes=128, units='pix', win=Window(...))
21.3902 	EXP 	Created unnamed TextStim = TextStim(alignHoriz='center', alignVert='center', antialias=True, autoLog=True, bold=False, color='#000000', colorSpace='hex', contrast=1.0, depth=0, flipHoriz=False, flipVert=False, font='', fontFiles=[], height=40, italic=False, name='unnamed TextStim', opacity=1.0, ori=0.0, pos=array([   0.,  580.]), rgb=array([0, 0, 0]), text=u'look at the center', units='pix', win=Window(...), wrapWidth=1600)
21.4377 	EXP 	topMsg: text = 'You will see a flickering checkerboard. When it is on the screen, try to fixate the center of the checkerboard. When the fixation cross appears, relax and stare at the cross.'
21.4377 	EXP 	bottomMsg: text = 'The experiment will begin shortly'
21.4377 	EXP 	Display Instructions1
97.6491 	DATA 	Keypress: t
97.6606 	EXP 	topMsg: text = "Please don't move..."
97.6606 	EXP 	bottomMsg: text = ''
97.6606 	EXP 	PleaseDontMove
97.7123 	DATA 	Keypress: t
97.7271 	EXP 	Display Fixation
97.7272 	EXP 	---START EXPERIMENT---
97.7324 	EXP 	Display Fixation
97.7832 	DATA 	Keypress: t
97.8552 	DATA 	Keypress: t
97.9262 	DATA 	Keypress: t
97.9972 	DATA 	Keypress: t
98.0692 	DATA 	Keypress: t
98.1401 	DATA 	Keypress: t
98.2122 	DATA 	Keypress: t
98.2833 	DATA 	Keypress: t
98.3540 	DATA 	Keypress: t
98.4262 	DATA 	Keypress: t
98.4971 	DATA 	Keypress: t
98.5694 	DATA 	Keypress: t
98.6402 	DATA 	Keypress: t
98.7121 	DATA 	Keypress: t
98.7832 	DATA 	Keypress: t
98.8551 	DATA 	Keypress: t
98.9262 	DATA 	Keypress: t
98.9970 	DATA 	Keypress: t
99.0691 	DATA 	Keypress: t
99.1401 	DATA 	Keypress: t
99.2122 	DATA 	Keypress: t
99.2832 	DATA 	Keypress: t
99.3541 	DATA 	Keypress: t
99.4262 	DATA 	Keypress: t
99.4970 	DATA 	Keypress: t
99.5691 	DATA 	Keypress: t
99.6402 	DATA 	Keypress: t
99.7121 	DATA 	Keypress: t
99.7831 	DATA 	Keypress: t
99.8552 	DATA 	Keypress: t
99.9261 	DATA 	Keypress: t
99.9970 	DATA 	Keypress: t
100.0692 	DATA 	Keypress: t
100.1402 	DATA 	Keypress: t
100.2122 	DATA 	Keypress: t
100.2831 	DATA 	Keypress: t
100.3541 	DATA 	Keypress: t
100.4261 	DATA 	Keypress: t
100.4972 	DATA 	Keypress: t
100.5690 	DATA 	Keypress: t
100.6400 	DATA 	Keypress: t
100.7121 	DATA 	Keypress: t
100.7831 	DATA 	Keypress: t
100.8552 	DATA 	Keypress: t
100.9262 	DATA 	Keypress: t
100.9970 	DATA 	Keypress: t
101.0691 	DATA 	Keypress: t
101.1402 	DATA 	Keypress: t
101.2122 	DATA 	Keypress: t
101.2832 	DATA 	Keypress: t
101.3541 	DATA 	Keypress: t
101.4262 	DATA 	Keypress: t
101.4971 	DATA 	Keypress: t
101.5691 	DATA 	Keypress: t
101.6401 	DATA 	Keypress: t
101.7122 	DATA 	Keypress: t
101.7831 	DATA 	Keypress: t
101.8542 	DATA 	Keypress: t
101.9262 	DATA 	Keypress: t
101.9970 	DATA 	Keypress: t
102.0692 	DATA 	Keypress: t
102.1402 	DATA 	Keypress: t
102.2121 	DATA 	Keypress: t
102.2831 	DATA 	Keypress: t
102.3541 	DATA 	Keypress: t
102.4261 	DATA 	Keypress: t
102.4971 	DATA 	Keypress: t
102.5692 	DATA 	Keypress: t
102.6402 	DATA 	Keypress: t
102.7122 	DATA 	Keypress: t
102.7832 	DATA 	Keypress: t
102.8541 	DATA 	Keypress: t
102.9262 	DATA 	Keypress: t
102.9972 	DATA 	Keypress: t
103.0692 	DATA 	Keypress: t
103.1400 	DATA 	Keypress: t
103.2113 	DATA 	Keypress: t
103.2830 	DATA 	Keypress: t
103.3540 	DATA 	Keypress: t
103.4261 	DATA 	Keypress: t
103.4971 	DATA 	Keypress: t
103.5682 	DATA 	Keypress: t
103.6401 	DATA 	Keypress: t
103.7122 	DATA 	Keypress: t
103.7832 	DATA 	Keypress: t
103.8540 	DATA 	Keypress: t
103.9262 	DATA 	Keypress: t
103.9969 	DATA 	Keypress: t
104.0691 	DATA 	Keypress: t
104.1401 	DATA 	Keypress: t
104.2111 	DATA 	Keypress: t
104.2831 	DATA 	Keypress: t
104.3541 	DATA 	Keypress: t
104.4261 	DATA 	Keypress: t
104.4972 	DATA 	Keypress: t
104.5681 	DATA 	Keypress: t
104.6401 	DATA 	Keypress: t
104.7121 	DATA 	Keypress: t
104.7830 	DATA 	Keypress: t
104.8539 	DATA 	Keypress: t
104.9263 	DATA 	Keypress: t
104.9971 	DATA 	Keypress: t
105.0692 	DATA 	Keypress: t
105.1402 	DATA 	Keypress: t
105.2110 	DATA 	Keypress: t
105.2831 	DATA 	Keypress: t
105.3541 	DATA 	Keypress: t
105.4261 	DATA 	Keypress: t
105.4971 	DATA 	Keypress: t
105.5680 	DATA 	Keypress: t
105.6400 	DATA 	Keypress: t
105.7122 	DATA 	Keypress: t
105.7830 	DATA 	Keypress: t
105.8541 	DATA 	Keypress: t
105.9262 	DATA 	Keypress: t
105.9970 	DATA 	Keypress: t
106.0691 	DATA 	Keypress: t
106.1401 	DATA 	Keypress: t
106.2111 	DATA 	Keypress: t
106.2831 	DATA 	Keypress: t
106.3541 	DATA 	Keypress: t
106.4261 	DATA 	Keypress: t
106.4971 	DATA 	Keypress: t
106.5681 	DATA 	Keypress: t
106.6400 	DATA 	Keypress: t
106.7121 	DATA 	Keypress: t
106.7831 	DATA 	Keypress: t
106.8542 	DATA 	Keypress: t
106.9262 	DATA 	Keypress: t
106.9970 	DATA 	Keypress: t
107.0691 	DATA 	Keypress: t
107.1401 	DATA 	Keypress: t
107.2111 	DATA 	Keypress: t
107.2831 	DATA 	Keypress: t
107.3541 	DATA 	Keypress: t
107.4261 	DATA 	Keypress: t
107.4971 	DATA 	Keypress: t
107.5680 	DATA 	Keypress: t
107.6400 	DATA 	Keypress: t
107.7120 	DATA 	Keypress: t
107.7831 	DATA 	Keypress: t
107.8540 	DATA 	Keypress: t
107.9263 	DATA 	Keypress: t
107.9970 	DATA 	Keypress: t
108.0691 	DATA 	Keypress: t
108.1402 	DATA 	Keypress: t
108.2111 	DATA 	Keypress: t
108.2830 	DATA 	Keypress: t
108.3540 	DATA 	Keypress: t
108.4261 	DATA 	Keypress: t
108.4970 	DATA 	Keypress: t
108.5681 	DATA 	Keypress: t
108.6401 	DATA 	Keypress: t
108.7120 	DATA 	Keypress: t
108.7831 	DATA 	Keypress: t
108.8540 	DATA 	Keypress: t
108.9262 	DATA 	Keypress: t
108.9971 	DATA 	Keypress: t
109.0692 	DATA 	Keypress: t
109.1401 	DATA 	Keypress: t
109.2110 	DATA 	Keypress: t
109.2830 	DATA 	Keypress: t
109.3541 	DATA 	Keypress: t
109.4261 	DATA 	Keypress: t
109.4971 	DATA 	Keypress: t
109.5681 	DATA 	Keypress: t
109.6401 	DATA 	Keypress: t
109.7120 	DATA 	Keypress: t
109.7830 	DATA 	Keypress: t
109.8541 	DATA 	Keypress: t
109.9261 	DATA 	Keypress: t
109.9972 	DATA 	Keypress: t
110.0691 	DATA 	Keypress: t
110.1401 	DATA 	Keypress: t
110.2111 	DATA 	Keypress: t
110.2831 	DATA 	Keypress: t
110.3541 	DATA 	Keypress: t
110.4261 	DATA 	Keypress: t
110.4970 	DATA 	Keypress: t
110.5680 	DATA 	Keypress: t
110.6399 	DATA 	Keypress: t
110.7121 	DATA 	Keypress: t
110.7830 	DATA 	Keypress: t
110.8541 	DATA 	Keypress: t
110.9261 	DATA 	Keypress: t
110.9971 	DATA 	Keypress: t
111.0692 	DATA 	Keypress: t
111.1401 	DATA 	Keypress: t
111.2110 	DATA 	Keypress: t
111.2831 	DATA 	Keypress: t
111.3542 	DATA 	Keypress: t
111.4260 	DATA 	Keypress: t
111.4970 	DATA 	Keypress: t
111.5681 	DATA 	Keypress: t
111.6400 	DATA 	Keypress: t
111.7120 	DATA 	Keypress: t
111.7830 	DATA 	Keypress: t
111.8540 	DATA 	Keypress: t
111.9260 	DATA 	Keypress: t
111.9970 	DATA 	Keypress: t
112.0691 	DATA 	Keypress: t
112.1401 	DATA 	Keypress: t
112.2110 	DATA 	Keypress: t
112.2831 	DATA 	Keypress: t
112.3540 	DATA 	Keypress: t
112.4260 	DATA 	Keypress: t
112.4971 	DATA 	Keypress: t
112.5680 	DATA 	Keypress: t
112.6403 	DATA 	Keypress: t
112.7109 	DATA 	Keypress: t
112.7830 	DATA 	Keypress: t
112.8541 	DATA 	Keypress: t
112.9261 	DATA 	Keypress: t
112.9970 	DATA 	Keypress: t
113.0691 	DATA 	Keypress: t
113.1400 	DATA 	Keypress: t
113.2110 	DATA 	Keypress: t
113.2830 	DATA 	Keypress: t
113.3540 	DATA 	Keypress: t
113.4250 	DATA 	Keypress: t
113.4970 	DATA 	Keypress: t
113.5681 	DATA 	Keypress: t
113.6402 	DATA 	Keypress: t
113.7120 	DATA 	Keypress: t
113.7831 	DATA 	Keypress: t
113.8540 	DATA 	Keypress: t
113.9262 	DATA 	Keypress: t
113.9970 	DATA 	Keypress: t
114.0681 	DATA 	Keypress: t
114.1402 	DATA 	Keypress: t
114.2110 	DATA 	Keypress: t
114.2830 	DATA 	Keypress: t
114.3541 	DATA 	Keypress: t
114.4260 	DATA 	Keypress: t
114.4970 	DATA 	Keypress: t
114.5681 	DATA 	Keypress: t
114.6400 	DATA 	Keypress: t
114.7111 	DATA 	Keypress: t
114.7830 	DATA 	Keypress: t
114.8540 	DATA 	Keypress: t
114.9261 	DATA 	Keypress: t
114.9970 	DATA 	Keypress: t
115.0691 	DATA 	Keypress: t
115.1400 	DATA 	Keypress: t
115.2111 	DATA 	Keypress: t
115.2829 	DATA 	Keypress: t
115.3539 	DATA 	Keypress: t
115.4251 	DATA 	Keypress: t
115.4970 	DATA 	Keypress: t
115.5679 	DATA 	Keypress: t
115.6400 	DATA 	Keypress: t
115.7111 	DATA 	Keypress: t
115.7830 	DATA 	Keypress: t
115.8541 	DATA 	Keypress: t
115.9260 	DATA 	Keypress: t
115.9970 	DATA 	Keypress: t
116.0680 	DATA 	Keypress: t
116.1400 	DATA 	Keypress: t
116.2111 	DATA 	Keypress: t
116.2831 	DATA 	Keypress: t
116.3540 	DATA 	Keypress: t
116.4250 	DATA 	Keypress: t
116.4970 	DATA 	Keypress: t
116.5681 	DATA 	Keypress: t
116.6401 	DATA 	Keypress: t
116.7110 	DATA 	Keypress: t
116.7831 	DATA 	Keypress: t
116.8540 	DATA 	Keypress: t
116.9260 	DATA 	Keypress: t
116.9971 	DATA 	Keypress: t
117.0680 	DATA 	Keypress: t
117.1401 	DATA 	Keypress: t
117.2111 	DATA 	Keypress: t
117.2830 	DATA 	Keypress: t
117.3541 	DATA 	Keypress: t
117.4250 	DATA 	Keypress: t
117.4971 	DATA 	Keypress: t
117.5679 	DATA 	Keypress: t
117.6398 	DATA 	Keypress: t
117.7110 	DATA 	Keypress: t
117.7829 	DATA 	Keypress: t
117.8540 	DATA 	Keypress: t
117.9260 	DATA 	Keypress: t
117.9970 	DATA 	Keypress: t
118.0680 	DATA 	Keypress: t
118.1400 	DATA 	Keypress: t
118.2110 	DATA 	Keypress: t
118.2832 	DATA 	Keypress: t
118.3540 	DATA 	Keypress: t
118.4250 	DATA 	Keypress: t
118.4970 	DATA 	Keypress: t
118.5680 	DATA 	Keypress: t
118.6400 	DATA 	Keypress: t
118.7111 	DATA 	Keypress: t
118.7829 	DATA 	Keypress: t
118.8541 	DATA 	Keypress: t
118.9260 	DATA 	Keypress: t
118.9968 	DATA 	Keypress: t
119.0679 	DATA 	Keypress: t
119.1399 	DATA 	Keypress: t
119.2111 	DATA 	Keypress: t
119.2830 	DATA 	Keypress: t
119.3540 	DATA 	Keypress: t
119.4250 	DATA 	Keypress: t
119.4969 	DATA 	Keypress: t
119.5680 	DATA 	Keypress: t
119.6399 	DATA 	Keypress: t
119.7111 	DATA 	Keypress: t
119.7830 	DATA 	Keypress: t
119.8540 	DATA 	Keypress: t
119.9261 	DATA 	Keypress: t
119.9969 	DATA 	Keypress: t
120.0680 	DATA 	Keypress: t
120.1402 	DATA 	Keypress: t
120.2108 	DATA 	Keypress: t
120.2830 	DATA 	Keypress: t
120.3539 	DATA 	Keypress: t
120.4250 	DATA 	Keypress: t
120.4970 	DATA 	Keypress: t
120.5681 	DATA 	Keypress: t
120.6399 	DATA 	Keypress: t
120.7109 	DATA 	Keypress: t
120.7830 	DATA 	Keypress: t
120.8540 	DATA 	Keypress: t
120.9262 	DATA 	Keypress: t
120.9969 	DATA 	Keypress: t
121.0680 	DATA 	Keypress: t
121.1400 	DATA 	Keypress: t
121.2110 	DATA 	Keypress: t
121.2830 	DATA 	Keypress: t
121.3540 	DATA 	Keypress: t
121.4250 	DATA 	Keypress: t
121.4970 	DATA 	Keypress: t
121.5681 	DATA 	Keypress: t
121.6400 	DATA 	Keypress: t
121.7110 	DATA 	Keypress: t
121.7830 	DATA 	Keypress: t
121.8539 	DATA 	Keypress: t
121.9260 	DATA 	Keypress: t
121.9969 	DATA 	Keypress: t
122.0680 	DATA 	Keypress: t
122.1401 	DATA 	Keypress: t
122.2109 	DATA 	Keypress: t
122.2830 	DATA 	Keypress: t
122.3540 	DATA 	Keypress: t
122.4249 	DATA 	Keypress: t
122.4969 	DATA 	Keypress: t
122.5679 	DATA 	Keypress: t
122.6400 	DATA 	Keypress: t
122.7110 	DATA 	Keypress: t
122.7829 	DATA 	Keypress: t
122.8541 	DATA 	Keypress: t
122.9260 	DATA 	Keypress: t
122.9969 	DATA 	Keypress: t
123.0680 	DATA 	Keypress: t
123.1400 	DATA 	Keypress: t
123.2108 	DATA 	Keypress: t
123.2829 	DATA 	Keypress: t
123.3539 	DATA 	Keypress: t
123.4248 	DATA 	Keypress: t
123.4969 	DATA 	Keypress: t
123.5679 	DATA 	Keypress: t
123.6401 	DATA 	Keypress: t
123.7110 	DATA 	Keypress: t
123.7830 	DATA 	Keypress: t
123.8540 	DATA 	Keypress: t
123.9260 	DATA 	Keypress: t
123.9969 	DATA 	Keypress: t
124.0680 	DATA 	Keypress: t
124.1399 	DATA 	Keypress: t
124.2109 	DATA 	Keypress: t
124.2830 	DATA 	Keypress: t
124.3540 	DATA 	Keypress: t
124.4249 	DATA 	Keypress: t
124.4970 	DATA 	Keypress: t
124.5679 	DATA 	Keypress: t
124.6400 	DATA 	Keypress: t
124.7110 	DATA 	Keypress: t
124.7829 	DATA 	Keypress: t
124.8540 	DATA 	Keypress: t
124.9260 	DATA 	Keypress: t
124.9969 	DATA 	Keypress: t
125.0679 	DATA 	Keypress: t
125.1400 	DATA 	Keypress: t
125.2108 	DATA 	Keypress: t
125.2819 	DATA 	Keypress: t
125.3540 	DATA 	Keypress: t
125.4249 	DATA 	Keypress: t
125.4969 	DATA 	Keypress: t
125.5679 	DATA 	Keypress: t
125.6399 	DATA 	Keypress: t
125.7111 	DATA 	Keypress: t
125.7830 	DATA 	Keypress: t
125.8540 	DATA 	Keypress: t
125.9251 	DATA 	Keypress: t
125.9968 	DATA 	Keypress: t
126.0678 	DATA 	Keypress: t
126.1399 	DATA 	Keypress: t
126.2110 	DATA 	Keypress: t
126.2819 	DATA 	Keypress: t
126.3540 	DATA 	Keypress: t
126.4249 	DATA 	Keypress: t
126.4969 	DATA 	Keypress: t
126.5678 	DATA 	Keypress: t
126.6398 	DATA 	Keypress: t
126.7110 	DATA 	Keypress: t
126.7830 	DATA 	Keypress: t
126.8540 	DATA 	Keypress: t
126.9250 	DATA 	Keypress: t
126.9969 	DATA 	Keypress: t
127.0679 	DATA 	Keypress: t
127.1400 	DATA 	Keypress: t
127.2110 	DATA 	Keypress: t
127.2819 	DATA 	Keypress: t
127.3540 	DATA 	Keypress: t
127.4249 	DATA 	Keypress: t
127.4969 	DATA 	Keypress: t
127.5679 	DATA 	Keypress: t
127.6398 	DATA 	Keypress: t
127.7109 	DATA 	Keypress: t
127.7830 	DATA 	Keypress: t
127.8539 	DATA 	Keypress: t
127.9249 	DATA 	Keypress: t
127.9969 	DATA 	Keypress: t
128.0678 	DATA 	Keypress: t
128.1399 	DATA 	Keypress: t
128.2109 	DATA 	Keypress: t
128.2821 	DATA 	Keypress: t
128.3538 	DATA 	Keypress: t
128.4250 	DATA 	Keypress: t
128.4969 	DATA 	Keypress: t
128.5681 	DATA 	Keypress: t
128.6400 	DATA 	Keypress: t
128.7108 	DATA 	Keypress: t
128.7829 	DATA 	Keypress: t
128.8539 	DATA 	Keypress: t
128.9250 	DATA 	Keypress: t
128.9969 	DATA 	Keypress: t
129.0680 	DATA 	Keypress: t
129.1399 	DATA 	Keypress: t
129.2110 	DATA 	Keypress: t
129.2819 	DATA 	Keypress: t
129.3539 	DATA 	Keypress: t
129.4249 	DATA 	Keypress: t
129.4969 	DATA 	Keypress: t
129.5679 	DATA 	Keypress: t
129.6400 	DATA 	Keypress: t
129.7109 	DATA 	Keypress: t
129.7829 	DATA 	Keypress: t
129.8538 	DATA 	Keypress: t
129.9251 	DATA 	Keypress: t
129.9968 	DATA 	Keypress: t
130.0679 	DATA 	Keypress: t
130.1399 	DATA 	Keypress: t
130.2108 	DATA 	Keypress: t
130.2821 	DATA 	Keypress: t
130.3539 	DATA 	Keypress: t
130.4249 	DATA 	Keypress: t
130.4969 	DATA 	Keypress: t
130.5678 	DATA 	Keypress: t
130.6398 	DATA 	Keypress: t
130.7109 	DATA 	Keypress: t
130.7830 	DATA 	Keypress: t
130.8539 	DATA 	Keypress: t
130.9249 	DATA 	Keypress: t
130.9970 	DATA 	Keypress: t
131.0677 	DATA 	Keypress: t
131.1398 	DATA 	Keypress: t
131.2109 	DATA 	Keypress: t
131.2819 	DATA 	Keypress: t
131.3540 	DATA 	Keypress: t
131.4249 	DATA 	Keypress: t
131.4969 	DATA 	Keypress: t
131.5677 	DATA 	Keypress: t
131.6398 	DATA 	Keypress: t
131.7108 	DATA 	Keypress: t
131.7829 	DATA 	Keypress: t
131.8539 	DATA 	Keypress: t
131.9249 	DATA 	Keypress: t
131.9969 	DATA 	Keypress: t
132.0677 	DATA 	Keypress: t
132.1400 	DATA 	Keypress: t
132.2109 	DATA 	Keypress: t
132.2818 	DATA 	Keypress: t
132.3539 	DATA 	Keypress: t
132.4249 	DATA 	Keypress: t
132.4969 	DATA 	Keypress: t
132.5677 	DATA 	Keypress: t
132.6399 	DATA 	Keypress: t
132.7109 	DATA 	Keypress: t
132.7829 	DATA 	Keypress: t
132.8539 	DATA 	Keypress: t
132.9249 	DATA 	Keypress: t
132.9969 	DATA 	Keypress: t
133.0678 	DATA 	Keypress: t
133.1401 	DATA 	Keypress: t
133.2108 	DATA 	Keypress: t
133.2819 	DATA 	Keypress: t
133.3538 	DATA 	Keypress: t
133.4249 	DATA 	Keypress: t
133.4969 	DATA 	Keypress: t
133.5679 	DATA 	Keypress: t
133.6399 	DATA 	Keypress: t
133.7109 	DATA 	Keypress: t
133.7829 	DATA 	Keypress: t
133.8539 	DATA 	Keypress: t
133.9250 	DATA 	Keypress: t
133.9968 	DATA 	Keypress: t
134.0678 	DATA 	Keypress: t
134.1397 	DATA 	Keypress: t
134.2109 	DATA 	Keypress: t
134.2819 	DATA 	Keypress: t
134.3539 	DATA 	Keypress: t
134.4249 	DATA 	Keypress: t
134.4969 	DATA 	Keypress: t
134.5679 	DATA 	Keypress: t
134.6400 	DATA 	Keypress: t
134.7108 	DATA 	Keypress: t
134.7829 	DATA 	Keypress: t
134.8539 	DATA 	Keypress: t
134.9250 	DATA 	Keypress: t
134.9968 	DATA 	Keypress: t
135.0680 	DATA 	Keypress: t
135.1400 	DATA 	Keypress: t
135.2109 	DATA 	Keypress: t
135.2818 	DATA 	Keypress: t
135.3537 	DATA 	Keypress: t
135.4248 	DATA 	Keypress: t
135.4969 	DATA 	Keypress: t
135.5677 	DATA 	Keypress: t
135.6398 	DATA 	Keypress: t
135.7110 	DATA 	Keypress: t
135.7828 	DATA 	Keypress: t
135.8539 	DATA 	Keypress: t
135.9249 	DATA 	Keypress: t
135.9970 	DATA 	Keypress: t
136.0679 	DATA 	Keypress: t
136.1389 	DATA 	Keypress: t
136.2109 	DATA 	Keypress: t
136.2818 	DATA 	Keypress: t
136.3539 	DATA 	Keypress: t
136.4249 	DATA 	Keypress: t
136.4959 	DATA 	Keypress: t
136.5679 	DATA 	Keypress: t
136.6398 	DATA 	Keypress: t
136.7109 	DATA 	Keypress: t
136.7819 	DATA 	Keypress: t
136.8539 	DATA 	Keypress: t
136.9248 	DATA 	Keypress: t
136.9969 	DATA 	Keypress: t
137.0678 	DATA 	Keypress: t
137.1389 	DATA 	Keypress: t
137.2109 	DATA 	Keypress: t
137.2819 	DATA 	Keypress: t
137.3539 	DATA 	Keypress: t
137.4249 	DATA 	Keypress: t
137.4958 	DATA 	Keypress: t
137.5679 	DATA 	Keypress: t
137.6398 	DATA 	Keypress: t
137.7109 	DATA 	Keypress: t
137.7818 	DATA 	Keypress: t
137.8539 	DATA 	Keypress: t
137.9249 	DATA 	Keypress: t
137.9969 	DATA 	Keypress: t
138.0680 	DATA 	Keypress: t
138.1390 	DATA 	Keypress: t
138.2107 	DATA 	Keypress: t
138.2818 	DATA 	Keypress: t
138.3537 	DATA 	Keypress: t
138.4249 	DATA 	Keypress: t
138.4958 	DATA 	Keypress: t
138.5679 	DATA 	Keypress: t
138.6399 	DATA 	Keypress: t
138.7108 	DATA 	Keypress: t
138.7819 	DATA 	Keypress: t
138.8539 	DATA 	Keypress: t
138.9249 	DATA 	Keypress: t
138.9968 	DATA 	Keypress: t
139.0677 	DATA 	Keypress: t
139.1387 	DATA 	Keypress: t
139.2108 	DATA 	Keypress: t
139.2818 	DATA 	Keypress: t
139.3539 	DATA 	Keypress: t
139.4248 	DATA 	Keypress: t
139.4959 	DATA 	Keypress: t
139.5678 	DATA 	Keypress: t
139.6398 	DATA 	Keypress: t
139.7109 	DATA 	Keypress: t
139.7818 	DATA 	Keypress: t
139.8539 	DATA 	Keypress: t
139.9248 	DATA 	Keypress: t
139.9968 	DATA 	Keypress: t
140.0679 	DATA 	Keypress: t
140.1389 	DATA 	Keypress: t
140.2108 	DATA 	Keypress: t
140.2818 	DATA 	Keypress: t
140.3539 	DATA 	Keypress: t
140.4248 	DATA 	Keypress: t
140.4958 	DATA 	Keypress: t
140.5678 	DATA 	Keypress: t
140.6397 	DATA 	Keypress: t
140.7109 	DATA 	Keypress: t
140.7818 	DATA 	Keypress: t
140.8539 	DATA 	Keypress: t
140.9249 	DATA 	Keypress: t
140.9968 	DATA 	Keypress: t
141.0679 	DATA 	Keypress: t
141.1387 	DATA 	Keypress: t
141.2109 	DATA 	Keypress: t
141.2818 	DATA 	Keypress: t
141.3539 	DATA 	Keypress: t
141.4248 	DATA 	Keypress: t
141.4958 	DATA 	Keypress: t
141.5678 	DATA 	Keypress: t
141.6398 	DATA 	Keypress: t
141.7108 	DATA 	Keypress: t
141.7818 	DATA 	Keypress: t
141.8538 	DATA 	Keypress: t
141.9248 	DATA 	Keypress: t
141.9968 	DATA 	Keypress: t
142.0678 	DATA 	Keypress: t
142.1389 	DATA 	Keypress: t
142.2108 	DATA 	Keypress: t
142.2818 	DATA 	Keypress: t
142.3538 	DATA 	Keypress: t
142.4249 	DATA 	Keypress: t
142.4958 	DATA 	Keypress: t
142.5678 	DATA 	Keypress: t
142.6398 	DATA 	Keypress: t
142.7106 	DATA 	Keypress: t
142.8371 	DATA 	Keypress: t
142.8415 	EXP 	Display Frame 1
142.9616 	DATA 	Keypress: t
142.9626 	DATA 	Keypress: t
142.9681 	EXP 	Display Frame 0
143.0866 	DATA 	Keypress: t
143.0878 	DATA 	Keypress: t
143.0908 	EXP 	Display Frame 1
143.2116 	DATA 	Keypress: t
143.2125 	DATA 	Keypress: t
143.2188 	EXP 	Display Frame 0
143.3371 	DATA 	Keypress: t
143.3415 	EXP 	Display Frame 1
143.4615 	DATA 	Keypress: t
143.4625 	DATA 	Keypress: t
143.4691 	EXP 	Display Frame 0
143.5866 	DATA 	Keypress: t
143.5879 	DATA 	Keypress: t
143.5910 	EXP 	Display Frame 1
143.7116 	DATA 	Keypress: t
143.7126 	DATA 	Keypress: t
143.7187 	EXP 	Display Frame 0
143.8371 	DATA 	Keypress: t
143.8417 	EXP 	Display Frame 1
143.9616 	DATA 	Keypress: t
143.9625 	DATA 	Keypress: t
143.9691 	EXP 	Display Frame 0
144.0866 	DATA 	Keypress: t
144.0879 	DATA 	Keypress: t
144.0910 	EXP 	Display Frame 1
144.2116 	DATA 	Keypress: t
144.2126 	DATA 	Keypress: t
144.2202 	EXP 	Display Frame 0
144.3371 	DATA 	Keypress: t
144.3415 	EXP 	Display Frame 1
144.4617 	DATA 	Keypress: t
144.4627 	DATA 	Keypress: t
144.4692 	EXP 	Display Frame 0
144.5866 	DATA 	Keypress: t
144.5878 	DATA 	Keypress: t
144.5909 	EXP 	Display Frame 1
144.7115 	DATA 	Keypress: t
144.7125 	DATA 	Keypress: t
144.7196 	EXP 	Display Frame 0
144.8372 	DATA 	Keypress: t
144.8415 	EXP 	Display Frame 1
144.9616 	DATA 	Keypress: t
144.9626 	DATA 	Keypress: t
144.9705 	EXP 	Display Frame 0
145.0866 	DATA 	Keypress: t
145.0878 	DATA 	Keypress: t
145.0909 	EXP 	Display Frame 1
145.2116 	DATA 	Keypress: t
145.2125 	DATA 	Keypress: t
145.2200 	EXP 	Display Frame 0
145.3371 	DATA 	Keypress: t
145.3415 	EXP 	Display Frame 1
145.4617 	DATA 	Keypress: t
145.4627 	DATA 	Keypress: t
145.4702 	EXP 	Display Frame 0
145.5866 	DATA 	Keypress: t
145.5878 	DATA 	Keypress: t
145.5908 	EXP 	Display Frame 1
145.7115 	DATA 	Keypress: t
145.7125 	DATA 	Keypress: t
145.7211 	EXP 	Display Frame 0
145.8371 	DATA 	Keypress: t
145.8414 	EXP 	Display Frame 1
145.9616 	DATA 	Keypress: t
145.9626 	DATA 	Keypress: t
145.9713 	EXP 	Display Frame 0
146.0866 	DATA 	Keypress: t
146.0878 	DATA 	Keypress: t
146.0908 	EXP 	Display Frame 1
146.2115 	DATA 	Keypress: t
146.2125 	DATA 	Keypress: t
146.2214 	EXP 	Display Frame 0
146.3371 	DATA 	Keypress: t
146.3414 	EXP 	Display Frame 1
146.4618 	DATA 	Keypress: t
146.4630 	DATA 	Keypress: t
146.4721 	EXP 	Display Frame 0
146.5866 	DATA 	Keypress: t
146.5877 	DATA 	Keypress: t
146.5906 	EXP 	Display Frame 1
146.7116 	DATA 	Keypress: t
146.7127 	DATA 	Keypress: t
146.7218 	EXP 	Display Frame 0
146.8370 	DATA 	Keypress: t
146.8414 	EXP 	Display Frame 1
146.9616 	DATA 	Keypress: t
146.9626 	DATA 	Keypress: t
146.9715 	EXP 	Display Frame 0
147.0866 	DATA 	Keypress: t
147.0878 	DATA 	Keypress: t
147.0907 	EXP 	Display Frame 1
147.2115 	DATA 	Keypress: t
147.2125 	DATA 	Keypress: t
147.2225 	EXP 	Display Frame 0
147.3371 	DATA 	Keypress: t
147.3414 	EXP 	Display Frame 1
147.4616 	DATA 	Keypress: t
147.4626 	DATA 	Keypress: t
147.4720 	EXP 	Display Frame 0
147.5866 	DATA 	Keypress: t
147.5877 	DATA 	Keypress: t
147.5908 	EXP 	Display Frame 1
147.7116 	DATA 	Keypress: t
147.7126 	DATA 	Keypress: t
147.7230 	EXP 	Display Frame 0
147.8371 	DATA 	Keypress: t
147.8414 	EXP 	Display Frame 1
147.9616 	DATA 	Keypress: t
147.9626 	DATA 	Keypress: t
147.9724 	EXP 	Display Frame 0
148.0866 	DATA 	Keypress: t
148.0877 	DATA 	Keypress: t
148.0908 	EXP 	Display Frame 1
148.2116 	DATA 	Keypress: t
148.2125 	DATA 	Keypress: t
148.2231 	EXP 	Display Frame 0
148.3371 	DATA 	Keypress: t
148.3416 	EXP 	Display Frame 1
148.4616 	DATA 	Keypress: t
148.4626 	DATA 	Keypress: t
148.4732 	EXP 	Display Frame 0
148.5866 	DATA 	Keypress: t
148.5879 	DATA 	Keypress: t
148.5910 	EXP 	Display Frame 1
148.7116 	DATA 	Keypress: t
148.7125 	DATA 	Keypress: t
148.7229 	EXP 	Display Frame 0
148.8370 	DATA 	Keypress: t
148.8414 	EXP 	Display Frame 1
148.9616 	DATA 	Keypress: t
148.9625 	DATA 	Keypress: t
148.9742 	EXP 	Display Frame 0
149.0866 	DATA 	Keypress: t
149.0878 	DATA 	Keypress: t
149.0907 	EXP 	Display Frame 1
149.2115 	DATA 	Keypress: t
149.2125 	DATA 	Keypress: t
149.2240 	EXP 	Display Frame 0
149.3371 	DATA 	Keypress: t
149.3402 	EXP 	Display Frame 1
149.4616 	DATA 	Keypress: t
149.4626 	DATA 	Keypress: t
149.4744 	EXP 	Display Frame 0
149.5866 	DATA 	Keypress: t
149.5878 	DATA 	Keypress: t
149.5907 	EXP 	Display Frame 1
149.7115 	DATA 	Keypress: t
149.7125 	DATA 	Keypress: t
149.7236 	EXP 	Display Frame 0
149.8371 	DATA 	Keypress: t
149.8403 	EXP 	Display Frame 1
149.9616 	DATA 	Keypress: t
149.9625 	DATA 	Keypress: t
149.9740 	EXP 	Display Frame 0
150.0867 	DATA 	Keypress: t
150.0879 	DATA 	Keypress: t
150.0909 	EXP 	Display Frame 1
150.2116 	DATA 	Keypress: t
150.2125 	DATA 	Keypress: t
150.2247 	EXP 	Display Frame 0
150.3371 	DATA 	Keypress: t
150.3415 	EXP 	Display Frame 1
150.4617 	DATA 	Keypress: t
150.4626 	DATA 	Keypress: t
150.4741 	EXP 	Display Frame 0
150.5866 	DATA 	Keypress: t
150.5878 	DATA 	Keypress: t
150.5908 	EXP 	Display Frame 1
150.7115 	DATA 	Keypress: t
150.7125 	DATA 	Keypress: t
150.7250 	EXP 	Display Frame 0
150.8371 	DATA 	Keypress: t
150.8415 	EXP 	Display Frame 1
150.9616 	DATA 	Keypress: t
150.9626 	DATA 	Keypress: t
150.9751 	EXP 	Display Frame 0
151.0866 	DATA 	Keypress: t
151.0879 	DATA 	Keypress: t
151.0909 	EXP 	Display Frame 1
151.2115 	DATA 	Keypress: t
151.2125 	DATA 	Keypress: t
151.2247 	EXP 	Display Frame 0
151.3371 	DATA 	Keypress: t
151.3415 	EXP 	Display Frame 1
151.4616 	DATA 	Keypress: t
151.4626 	DATA 	Keypress: t
151.4751 	EXP 	Display Frame 0
151.5866 	DATA 	Keypress: t
151.5878 	DATA 	Keypress: t
151.5908 	EXP 	Display Frame 1
151.7115 	DATA 	Keypress: t
151.7125 	DATA 	Keypress: t
151.7249 	EXP 	Display Frame 0
151.8371 	DATA 	Keypress: t
151.8415 	EXP 	Display Frame 1
151.9616 	DATA 	Keypress: t
151.9627 	DATA 	Keypress: t
151.9750 	EXP 	Display Frame 0
152.0866 	DATA 	Keypress: t
152.0884 	DATA 	Keypress: t
152.0925 	EXP 	Display Frame 1
152.2116 	DATA 	Keypress: t
152.2125 	DATA 	Keypress: t
152.2247 	EXP 	Display Frame 0
152.3370 	DATA 	Keypress: t
152.3413 	EXP 	Display Frame 1
152.4617 	DATA 	Keypress: t
152.4627 	DATA 	Keypress: t
152.4740 	EXP 	Display Frame 0
152.5867 	DATA 	Keypress: t
152.5880 	DATA 	Keypress: t
152.5926 	EXP 	Display Frame 1
152.7116 	DATA 	Keypress: t
152.7126 	DATA 	Keypress: t
152.7246 	EXP 	Display Frame 0
152.8371 	DATA 	Keypress: t
152.8414 	EXP 	Display Frame 1
152.9616 	DATA 	Keypress: t
152.9626 	DATA 	Keypress: t
152.9754 	EXP 	Display Frame 0
153.0866 	DATA 	Keypress: t
153.0879 	DATA 	Keypress: t
153.0908 	EXP 	Display Frame 1
153.2116 	DATA 	Keypress: t
153.2125 	DATA 	Keypress: t
153.2241 	EXP 	Display Frame 0
153.3371 	DATA 	Keypress: t
153.3415 	EXP 	Display Frame 1
153.4617 	DATA 	Keypress: t
153.4627 	DATA 	Keypress: t
153.4739 	EXP 	Display Frame 0
153.5866 	DATA 	Keypress: t
153.5879 	DATA 	Keypress: t
153.5934 	EXP 	Display Frame 1
153.7116 	DATA 	Keypress: t
153.7125 	DATA 	Keypress: t
153.7246 	EXP 	Display Frame 0
153.8371 	DATA 	Keypress: t
153.8415 	EXP 	Display Frame 1
153.9929 	DATA 	Keypress: t
153.9939 	DATA 	Keypress: t
153.9979 	EXP 	Display Frame 0
154.0871 	DATA 	Keypress: t
154.0953 	EXP 	Display Frame 1
154.2116 	DATA 	Keypress: t
154.2126 	DATA 	Keypress: t
154.2293 	EXP 	Display Frame 0
154.3366 	DATA 	Keypress: t
154.3376 	DATA 	Keypress: t
154.3455 	EXP 	Display Frame 1
154.4621 	DATA 	Keypress: t
154.4654 	EXP 	Display Frame 0
154.5866 	DATA 	Keypress: t
154.5876 	DATA 	Keypress: t
154.5955 	EXP 	Display Frame 1
154.7116 	DATA 	Keypress: t
154.7127 	DATA 	Keypress: t
154.7291 	EXP 	Display Frame 0
154.8366 	DATA 	Keypress: t
154.8376 	DATA 	Keypress: t
154.8456 	EXP 	Display Frame 1
154.9621 	DATA 	Keypress: t
154.9653 	EXP 	Display Frame 0
155.0867 	DATA 	Keypress: t
155.0878 	DATA 	Keypress: t
155.0956 	EXP 	Display Frame 1
155.2116 	DATA 	Keypress: t
155.2125 	DATA 	Keypress: t
155.2160 	EXP 	Display Frame 0
155.3366 	DATA 	Keypress: t
155.3375 	DATA 	Keypress: t
155.3462 	EXP 	Display Frame 1
155.4621 	DATA 	Keypress: t
155.4666 	EXP 	Display Frame 0
155.5867 	DATA 	Keypress: t
155.5876 	DATA 	Keypress: t
155.5948 	EXP 	Display Frame 1
155.7116 	DATA 	Keypress: t
155.7126 	DATA 	Keypress: t
155.7156 	EXP 	Display Frame 0
155.8366 	DATA 	Keypress: t
155.8375 	DATA 	Keypress: t
155.8456 	EXP 	Display Frame 1
155.9621 	DATA 	Keypress: t
155.9666 	EXP 	Display Frame 0
156.0866 	DATA 	Keypress: t
156.0876 	DATA 	Keypress: t
156.0952 	EXP 	Display Frame 1
156.2116 	DATA 	Keypress: t
156.2126 	DATA 	Keypress: t
156.2171 	EXP 	Display Frame 0
156.3366 	DATA 	Keypress: t
156.3377 	DATA 	Keypress: t
156.3457 	EXP 	Display Frame 1
156.4621 	DATA 	Keypress: t
156.4675 	EXP 	Display Frame 0
156.5867 	DATA 	Keypress: t
156.5876 	DATA 	Keypress: t
156.5955 	EXP 	Display Frame 1
156.7116 	DATA 	Keypress: t
156.7127 	DATA 	Keypress: t
156.7172 	EXP 	Display Frame 0
156.8366 	DATA 	Keypress: t
156.8376 	DATA 	Keypress: t
156.8448 	EXP 	Display Frame 1
156.9621 	DATA 	Keypress: t
156.9677 	EXP 	Display Frame 0
157.0866 	DATA 	Keypress: t
157.0876 	DATA 	Keypress: t
157.0951 	EXP 	Display Frame 1
157.2116 	DATA 	Keypress: t
157.2126 	DATA 	Keypress: t
157.2169 	EXP 	Display Frame 0
157.3366 	DATA 	Keypress: t
157.3375 	DATA 	Keypress: t
157.3455 	EXP 	Display Frame 1
157.4621 	DATA 	Keypress: t
157.4674 	EXP 	Display Frame 0
157.5866 	DATA 	Keypress: t
157.5876 	DATA 	Keypress: t
157.5954 	EXP 	Display Frame 1
157.7116 	DATA 	Keypress: t
157.7126 	DATA 	Keypress: t
157.7183 	EXP 	Display Frame 0
157.8366 	DATA 	Keypress: t
157.8376 	DATA 	Keypress: t
157.8447 	EXP 	Display Frame 1
157.9621 	DATA 	Keypress: t
157.9684 	EXP 	Display Frame 0
158.0866 	DATA 	Keypress: t
158.0876 	DATA 	Keypress: t
158.0955 	EXP 	Display Frame 1
158.2116 	DATA 	Keypress: t
158.2127 	DATA 	Keypress: t
158.2183 	EXP 	Display Frame 0
158.3366 	DATA 	Keypress: t
158.3375 	DATA 	Keypress: t
158.3447 	EXP 	Display Frame 1
158.4621 	DATA 	Keypress: t
158.4688 	EXP 	Display Frame 0
158.5867 	DATA 	Keypress: t
158.5876 	DATA 	Keypress: t
158.5956 	EXP 	Display Frame 1
158.7116 	DATA 	Keypress: t
158.7126 	DATA 	Keypress: t
158.7180 	EXP 	Display Frame 0
158.8366 	DATA 	Keypress: t
158.8375 	DATA 	Keypress: t
158.8458 	EXP 	Display Frame 1
158.9621 	DATA 	Keypress: t
158.9688 	EXP 	Display Frame 0
159.0867 	DATA 	Keypress: t
159.0876 	DATA 	Keypress: t
159.0951 	EXP 	Display Frame 1
159.2116 	DATA 	Keypress: t
159.2126 	DATA 	Keypress: t
159.2194 	EXP 	Display Frame 0
159.3366 	DATA 	Keypress: t
159.3375 	DATA 	Keypress: t
159.3456 	EXP 	Display Frame 1
159.4621 	DATA 	Keypress: t
159.4699 	EXP 	Display Frame 0
159.5866 	DATA 	Keypress: t
159.5876 	DATA 	Keypress: t
159.5955 	EXP 	Display Frame 1
159.7116 	DATA 	Keypress: t
159.7126 	DATA 	Keypress: t
159.7195 	EXP 	Display Frame 0
159.8365 	DATA 	Keypress: t
159.8375 	DATA 	Keypress: t
159.8455 	EXP 	Display Frame 1
159.9621 	DATA 	Keypress: t
159.9693 	EXP 	Display Frame 0
160.0867 	DATA 	Keypress: t
160.0877 	DATA 	Keypress: t
160.0956 	EXP 	Display Frame 1
160.2117 	DATA 	Keypress: t
160.2127 	DATA 	Keypress: t
160.2204 	EXP 	Display Frame 0
160.3366 	DATA 	Keypress: t
160.3376 	DATA 	Keypress: t
160.3455 	EXP 	Display Frame 1
160.4620 	DATA 	Keypress: t
160.4704 	EXP 	Display Frame 0
160.5866 	DATA 	Keypress: t
160.5876 	DATA 	Keypress: t
160.5954 	EXP 	Display Frame 1
160.7116 	DATA 	Keypress: t
160.7126 	DATA 	Keypress: t
160.7210 	EXP 	Display Frame 0
160.8366 	DATA 	Keypress: t
160.8375 	DATA 	Keypress: t
160.8455 	EXP 	Display Frame 1
160.9621 	DATA 	Keypress: t
160.9715 	EXP 	Display Frame 0
161.0867 	DATA 	Keypress: t
161.0876 	DATA 	Keypress: t
161.0957 	EXP 	Display Frame 1
161.2116 	DATA 	Keypress: t
161.2126 	DATA 	Keypress: t
161.2208 	EXP 	Display Frame 0
161.3366 	DATA 	Keypress: t
161.3376 	DATA 	Keypress: t
161.3452 	EXP 	Display Frame 1
161.4621 	DATA 	Keypress: t
161.4710 	EXP 	Display Frame 0
161.5867 	DATA 	Keypress: t
161.5876 	DATA 	Keypress: t
161.5954 	EXP 	Display Frame 1
161.7116 	DATA 	Keypress: t
161.7127 	DATA 	Keypress: t
161.7219 	EXP 	Display Frame 0
161.8366 	DATA 	Keypress: t
161.8376 	DATA 	Keypress: t
161.8446 	EXP 	Display Frame 1
161.9621 	DATA 	Keypress: t
161.9721 	EXP 	Display Frame 0
162.0866 	DATA 	Keypress: t
162.0876 	DATA 	Keypress: t
162.0956 	EXP 	Display Frame 1
162.2117 	DATA 	Keypress: t
162.2127 	DATA 	Keypress: t
162.2212 	EXP 	Display Frame 0
162.3366 	DATA 	Keypress: t
162.3376 	DATA 	Keypress: t
162.3454 	EXP 	Display Frame 1
162.4621 	DATA 	Keypress: t
162.4722 	EXP 	Display Frame 0
162.5866 	DATA 	Keypress: t
162.5876 	DATA 	Keypress: t
162.5955 	EXP 	Display Frame 1
162.7116 	DATA 	Keypress: t
162.7127 	DATA 	Keypress: t
162.7224 	EXP 	Display Frame 0
162.8367 	DATA 	Keypress: t
162.8377 	DATA 	Keypress: t
162.8447 	EXP 	Display Frame 1
162.9621 	DATA 	Keypress: t
162.9728 	EXP 	Display Frame 0
163.0866 	DATA 	Keypress: t
163.0878 	DATA 	Keypress: t
163.0954 	EXP 	Display Frame 1
163.2116 	DATA 	Keypress: t
163.2126 	DATA 	Keypress: t
163.2224 	EXP 	Display Frame 0
163.3366 	DATA 	Keypress: t
163.3375 	DATA 	Keypress: t
163.3449 	EXP 	Display Frame 1
163.4621 	DATA 	Keypress: t
163.4734 	EXP 	Display Frame 0
163.5866 	DATA 	Keypress: t
163.5876 	DATA 	Keypress: t
163.5949 	EXP 	Display Frame 1
163.7116 	DATA 	Keypress: t
163.7127 	DATA 	Keypress: t
163.7240 	EXP 	Display Frame 0
163.8366 	DATA 	Keypress: t
163.8375 	DATA 	Keypress: t
163.8450 	EXP 	Display Frame 1
163.9621 	DATA 	Keypress: t
163.9727 	EXP 	Display Frame 0
164.0866 	DATA 	Keypress: t
164.0877 	DATA 	Keypress: t
164.0953 	EXP 	Display Frame 1
164.2116 	DATA 	Keypress: t
164.2127 	DATA 	Keypress: t
164.2232 	EXP 	Display Frame 0
164.3366 	DATA 	Keypress: t
164.3375 	DATA 	Keypress: t
164.3463 	EXP 	Display Frame 1
164.4621 	DATA 	Keypress: t
164.4746 	EXP 	Display Frame 0
164.5866 	DATA 	Keypress: t
164.5876 	DATA 	Keypress: t
164.5955 	EXP 	Display Frame 1
164.7116 	DATA 	Keypress: t
164.7126 	DATA 	Keypress: t
164.7243 	EXP 	Display Frame 0
164.8366 	DATA 	Keypress: t
164.8376 	DATA 	Keypress: t
164.8406 	EXP 	Display Frame 1
164.9621 	DATA 	Keypress: t
164.9743 	EXP 	Display Frame 0
165.0866 	DATA 	Keypress: t
165.0876 	DATA 	Keypress: t
165.0951 	EXP 	Display Frame 1
165.2116 	DATA 	Keypress: t
165.2127 	DATA 	Keypress: t
165.2243 	EXP 	Display Frame 0
165.3366 	DATA 	Keypress: t
165.3375 	DATA 	Keypress: t
165.3402 	EXP 	Display Frame 1
165.4621 	DATA 	Keypress: t
165.4747 	EXP 	Display Frame 0
165.5866 	DATA 	Keypress: t
165.5877 	DATA 	Keypress: t
165.5909 	EXP 	Display Frame 1
165.7116 	DATA 	Keypress: t
165.7127 	DATA 	Keypress: t
165.7248 	EXP 	Display Frame 0
165.8366 	DATA 	Keypress: t
165.8375 	DATA 	Keypress: t
165.8416 	EXP 	Display Frame 1
165.9622 	DATA 	Keypress: t
165.9756 	EXP 	Display Frame 0
166.0866 	DATA 	Keypress: t
166.0876 	DATA 	Keypress: t
166.0920 	EXP 	Display Frame 1
166.2116 	DATA 	Keypress: t
166.2125 	DATA 	Keypress: t
166.2251 	EXP 	Display Frame 0
166.3365 	DATA 	Keypress: t
166.3375 	DATA 	Keypress: t
166.3416 	EXP 	Display Frame 1
166.4621 	DATA 	Keypress: t
166.4759 	EXP 	Display Frame 0
166.5867 	DATA 	Keypress: t
166.5877 	DATA 	Keypress: t
166.5919 	EXP 	Display Frame 1
166.7116 	DATA 	Keypress: t
166.7127 	DATA 	Keypress: t
166.7257 	EXP 	Display Frame 0
166.8366 	DATA 	Keypress: t
166.8375 	DATA 	Keypress: t
166.8415 	EXP 	Display Frame 1
166.9620 	DATA 	Keypress: t
166.9762 	EXP 	Display Frame 0
167.0866 	DATA 	Keypress: t
167.0876 	DATA 	Keypress: t
167.0918 	EXP 	Display Frame 1
167.2116 	DATA 	Keypress: t
167.2126 	DATA 	Keypress: t
167.2260 	EXP 	Display Frame 0
167.3366 	DATA 	Keypress: t
167.3375 	DATA 	Keypress: t
167.3425 	EXP 	Display Frame 1
167.4621 	DATA 	Keypress: t
167.4766 	EXP 	Display Frame 0
167.5866 	DATA 	Keypress: t
167.5876 	DATA 	Keypress: t
167.5933 	EXP 	Display Frame 1
167.7116 	DATA 	Keypress: t
167.7126 	DATA 	Keypress: t
167.7267 	EXP 	Display Frame 0
167.8366 	DATA 	Keypress: t
167.8376 	DATA 	Keypress: t
167.8425 	EXP 	Display Frame 1
167.9621 	DATA 	Keypress: t
167.9764 	EXP 	Display Frame 0
168.0866 	DATA 	Keypress: t
168.0877 	DATA 	Keypress: t
168.0931 	EXP 	Display Frame 1
168.2116 	DATA 	Keypress: t
168.2127 	DATA 	Keypress: t
168.2265 	EXP 	Display Frame 0
168.3366 	DATA 	Keypress: t
168.3376 	DATA 	Keypress: t
168.3438 	EXP 	Display Frame 1
168.4621 	DATA 	Keypress: t
168.4773 	EXP 	Display Frame 0
168.5866 	DATA 	Keypress: t
168.5876 	DATA 	Keypress: t
168.5929 	EXP 	Display Frame 1
168.7116 	DATA 	Keypress: t
168.7126 	DATA 	Keypress: t
168.7274 	EXP 	Display Frame 0
168.8366 	DATA 	Keypress: t
168.8375 	DATA 	Keypress: t
168.8438 	EXP 	Display Frame 1
168.9621 	DATA 	Keypress: t
168.9782 	EXP 	Display Frame 0
169.0866 	DATA 	Keypress: t
169.0876 	DATA 	Keypress: t
169.0939 	EXP 	Display Frame 1
169.2117 	DATA 	Keypress: t
169.2127 	DATA 	Keypress: t
169.2280 	EXP 	Display Frame 0
169.3366 	DATA 	Keypress: t
169.3375 	DATA 	Keypress: t
169.3437 	EXP 	Display Frame 1
169.4621 	DATA 	Keypress: t
169.4777 	EXP 	Display Frame 0
169.5867 	DATA 	Keypress: t
169.5876 	DATA 	Keypress: t
169.5943 	EXP 	Display Frame 1
169.7116 	DATA 	Keypress: t
169.7127 	DATA 	Keypress: t
169.7281 	EXP 	Display Frame 0
169.8366 	DATA 	Keypress: t
169.8376 	DATA 	Keypress: t
169.8451 	EXP 	Display Frame 1
169.9621 	DATA 	Keypress: t
169.9782 	EXP 	Display Frame 0
170.0867 	DATA 	Keypress: t
170.0876 	DATA 	Keypress: t
170.0951 	EXP 	Display Frame 1
170.2116 	DATA 	Keypress: t
170.2126 	DATA 	Keypress: t
170.2285 	EXP 	Display Frame 0
170.3366 	DATA 	Keypress: t
170.3375 	DATA 	Keypress: t
170.3449 	EXP 	Display Frame 1
170.4620 	DATA 	Keypress: t
170.4786 	EXP 	Display Frame 0
170.4790 	DATA 	Keypress: t
170.5871 	DATA 	Keypress: t
170.5943 	EXP 	Display Frame 1
170.7116 	DATA 	Keypress: t
170.7127 	DATA 	Keypress: t
170.7288 	EXP 	Display Frame 0
170.8366 	DATA 	Keypress: t
170.8375 	DATA 	Keypress: t
170.8449 	EXP 	Display Frame 1
170.9621 	DATA 	Keypress: t
170.9781 	EXP 	Display Frame 0
171.0866 	DATA 	Keypress: t
171.0876 	DATA 	Keypress: t
171.0954 	EXP 	Display Frame 1
171.2116 	DATA 	Keypress: t
171.2125 	DATA 	Keypress: t
171.2284 	EXP 	Display Frame 0
171.3366 	DATA 	Keypress: t
171.3375 	DATA 	Keypress: t
171.3449 	EXP 	Display Frame 1
171.4621 	DATA 	Keypress: t
171.4780 	EXP 	Display Frame 0
171.4784 	DATA 	Keypress: t
171.5871 	DATA 	Keypress: t
171.5944 	EXP 	Display Frame 1
171.7116 	DATA 	Keypress: t
171.7127 	DATA 	Keypress: t
171.7289 	EXP 	Display Frame 0
171.8366 	DATA 	Keypress: t
171.8375 	DATA 	Keypress: t
171.8449 	EXP 	Display Frame 1
171.9621 	DATA 	Keypress: t
171.9780 	EXP 	Display Frame 0
172.0866 	DATA 	Keypress: t
172.0876 	DATA 	Keypress: t
172.0953 	EXP 	Display Frame 1
172.2116 	DATA 	Keypress: t
172.2126 	DATA 	Keypress: t
172.2284 	EXP 	Display Frame 0
172.3366 	DATA 	Keypress: t
172.3375 	DATA 	Keypress: t
172.3449 	EXP 	Display Frame 1
172.4621 	DATA 	Keypress: t
172.4782 	EXP 	Display Frame 0
172.4786 	DATA 	Keypress: t
172.5871 	DATA 	Keypress: t
172.5950 	EXP 	Display Frame 1
172.7116 	DATA 	Keypress: t
172.7126 	DATA 	Keypress: t
172.7281 	EXP 	Display Frame 0
172.8366 	DATA 	Keypress: t
172.8375 	DATA 	Keypress: t
172.8449 	EXP 	Display Frame 1
172.9621 	DATA 	Keypress: t
172.9781 	EXP 	Display Frame 0
173.0867 	DATA 	Keypress: t
173.0878 	DATA 	Keypress: t
173.0943 	EXP 	Display Frame 1
173.2116 	DATA 	Keypress: t
173.2126 	DATA 	Keypress: t
173.2288 	EXP 	Display Frame 0
173.3366 	DATA 	Keypress: t
173.3375 	DATA 	Keypress: t
173.3449 	EXP 	Display Frame 1
173.4622 	DATA 	Keypress: t
173.4780 	EXP 	Display Frame 0
173.4783 	DATA 	Keypress: t
173.5871 	DATA 	Keypress: t
173.5950 	EXP 	Display Frame 1
173.7116 	DATA 	Keypress: t
173.7125 	DATA 	Keypress: t
173.7290 	EXP 	Display Frame 0
173.8365 	DATA 	Keypress: t
173.8375 	DATA 	Keypress: t
173.8450 	EXP 	Display Frame 1
173.9621 	DATA 	Keypress: t
173.9781 	EXP 	Display Frame 0
174.0865 	DATA 	Keypress: t
174.0876 	DATA 	Keypress: t
174.0940 	EXP 	Display Frame 1
174.2116 	DATA 	Keypress: t
174.2125 	DATA 	Keypress: t
174.2288 	EXP 	Display Frame 0
174.3366 	DATA 	Keypress: t
174.3375 	DATA 	Keypress: t
174.3451 	EXP 	Display Frame 1
174.4621 	DATA 	Keypress: t
174.4785 	EXP 	Display Frame 0
174.4790 	DATA 	Keypress: t
174.5872 	DATA 	Keypress: t
174.5951 	EXP 	Display Frame 1
174.7116 	DATA 	Keypress: t
174.7126 	DATA 	Keypress: t
174.7285 	EXP 	Display Frame 0
174.8365 	DATA 	Keypress: t
174.8376 	DATA 	Keypress: t
174.8451 	EXP 	Display Frame 1
174.9621 	DATA 	Keypress: t
174.9652 	EXP 	Display Frame 0
175.0866 	DATA 	Keypress: t
175.0875 	DATA 	Keypress: t
175.0941 	EXP 	Display Frame 1
175.2116 	DATA 	Keypress: t
175.2126 	DATA 	Keypress: t
175.2284 	EXP 	Display Frame 0
175.3366 	DATA 	Keypress: t
175.3375 	DATA 	Keypress: t
175.3450 	EXP 	Display Frame 1
175.4621 	DATA 	Keypress: t
175.4653 	EXP 	Display Frame 0
175.5866 	DATA 	Keypress: t
175.5876 	DATA 	Keypress: t
175.5951 	EXP 	Display Frame 1
175.7116 	DATA 	Keypress: t
175.7125 	DATA 	Keypress: t
175.7158 	EXP 	Display Frame 0
175.8366 	DATA 	Keypress: t
175.8375 	DATA 	Keypress: t
175.8449 	EXP 	Display Frame 1
175.9621 	DATA 	Keypress: t
175.9665 	EXP 	Display Frame 0
176.0867 	DATA 	Keypress: t
176.0876 	DATA 	Keypress: t
176.0942 	EXP 	Display Frame 1
176.2116 	DATA 	Keypress: t
176.2126 	DATA 	Keypress: t
176.2159 	EXP 	Display Frame 0
176.3366 	DATA 	Keypress: t
176.3376 	DATA 	Keypress: t
176.3449 	EXP 	Display Frame 1
176.4621 	DATA 	Keypress: t
176.4665 	EXP 	Display Frame 0
176.5866 	DATA 	Keypress: t
176.5876 	DATA 	Keypress: t
176.5942 	EXP 	Display Frame 1
176.7116 	DATA 	Keypress: t
176.7126 	DATA 	Keypress: t
176.7172 	EXP 	Display Frame 0
176.8366 	DATA 	Keypress: t
176.8375 	DATA 	Keypress: t
176.8450 	EXP 	Display Frame 1
176.9621 	DATA 	Keypress: t
176.9663 	EXP 	Display Frame 0
177.0866 	DATA 	Keypress: t
177.0876 	DATA 	Keypress: t
177.0942 	EXP 	Display Frame 1
177.2116 	DATA 	Keypress: t
177.2125 	DATA 	Keypress: t
177.2170 	EXP 	Display Frame 0
177.3366 	DATA 	Keypress: t
177.3375 	DATA 	Keypress: t
177.3450 	EXP 	Display Frame 1
177.4620 	DATA 	Keypress: t
177.4676 	EXP 	Display Frame 0
177.5867 	DATA 	Keypress: t
177.5876 	DATA 	Keypress: t
177.5943 	EXP 	Display Frame 1
177.7116 	DATA 	Keypress: t
177.7127 	DATA 	Keypress: t
177.7169 	EXP 	Display Frame 0
177.8365 	DATA 	Keypress: t
177.8375 	DATA 	Keypress: t
177.8448 	EXP 	Display Frame 1
177.9621 	DATA 	Keypress: t
177.9675 	EXP 	Display Frame 0
178.0866 	DATA 	Keypress: t
178.0876 	DATA 	Keypress: t
178.0941 	EXP 	Display Frame 1
178.2116 	DATA 	Keypress: t
178.2125 	DATA 	Keypress: t
178.2182 	EXP 	Display Frame 0
178.3366 	DATA 	Keypress: t
178.3375 	DATA 	Keypress: t
178.3449 	EXP 	Display Frame 1
178.4621 	DATA 	Keypress: t
178.4686 	EXP 	Display Frame 0
178.5866 	DATA 	Keypress: t
178.5876 	DATA 	Keypress: t
178.5941 	EXP 	Display Frame 1
178.7117 	DATA 	Keypress: t
178.7127 	DATA 	Keypress: t
178.7183 	EXP 	Display Frame 0
178.8366 	DATA 	Keypress: t
178.8375 	DATA 	Keypress: t
178.8449 	EXP 	Display Frame 1
178.9620 	DATA 	Keypress: t
178.9687 	EXP 	Display Frame 0
179.0866 	DATA 	Keypress: t
179.0876 	DATA 	Keypress: t
179.0943 	EXP 	Display Frame 1
179.2116 	DATA 	Keypress: t
179.2128 	DATA 	Keypress: t
179.2184 	EXP 	Display Frame 0
179.3366 	DATA 	Keypress: t
179.3376 	DATA 	Keypress: t
179.3451 	EXP 	Display Frame 1
179.4621 	DATA 	Keypress: t
179.4687 	EXP 	Display Frame 0
179.5866 	DATA 	Keypress: t
179.5876 	DATA 	Keypress: t
179.5942 	EXP 	Display Frame 1
179.7117 	DATA 	Keypress: t
179.7127 	DATA 	Keypress: t
179.7192 	EXP 	Display Frame 0
179.8366 	DATA 	Keypress: t
179.8375 	DATA 	Keypress: t
179.8451 	EXP 	Display Frame 1
179.9621 	DATA 	Keypress: t
179.9697 	EXP 	Display Frame 0
180.0867 	DATA 	Keypress: t
180.0877 	DATA 	Keypress: t
180.0942 	EXP 	Display Frame 1
180.2117 	DATA 	Keypress: t
180.2127 	DATA 	Keypress: t
180.2195 	EXP 	Display Frame 0
180.3366 	DATA 	Keypress: t
180.3375 	DATA 	Keypress: t
180.3449 	EXP 	Display Frame 1
180.4620 	DATA 	Keypress: t
180.4694 	EXP 	Display Frame 0
180.5867 	DATA 	Keypress: t
180.5877 	DATA 	Keypress: t
180.5943 	EXP 	Display Frame 1
180.7116 	DATA 	Keypress: t
180.7126 	DATA 	Keypress: t
180.7202 	EXP 	Display Frame 0
180.8365 	DATA 	Keypress: t
180.8375 	DATA 	Keypress: t
180.8449 	EXP 	Display Frame 1
180.9621 	DATA 	Keypress: t
180.9698 	EXP 	Display Frame 0
181.0866 	DATA 	Keypress: t
181.0875 	DATA 	Keypress: t
181.0942 	EXP 	Display Frame 1
181.2116 	DATA 	Keypress: t
181.2126 	DATA 	Keypress: t
181.2205 	EXP 	Display Frame 0
181.3366 	DATA 	Keypress: t
181.3375 	DATA 	Keypress: t
181.3449 	EXP 	Display Frame 1
181.4621 	DATA 	Keypress: t
181.4709 	EXP 	Display Frame 0
181.5866 	DATA 	Keypress: t
181.5877 	DATA 	Keypress: t
181.5941 	EXP 	Display Frame 1
181.7116 	DATA 	Keypress: t
181.7126 	DATA 	Keypress: t
181.7205 	EXP 	Display Frame 0
181.8366 	DATA 	Keypress: t
181.8376 	DATA 	Keypress: t
181.8447 	EXP 	Display Frame 1
181.9621 	DATA 	Keypress: t
181.9707 	EXP 	Display Frame 0
182.0866 	DATA 	Keypress: t
182.0876 	DATA 	Keypress: t
182.0942 	EXP 	Display Frame 1
182.2116 	DATA 	Keypress: t
182.2126 	DATA 	Keypress: t
182.2217 	EXP 	Display Frame 0
182.3366 	DATA 	Keypress: t
182.3376 	DATA 	Keypress: t
182.3451 	EXP 	Display Frame 1
182.4621 	DATA 	Keypress: t
182.4719 	EXP 	Display Frame 0
182.5867 	DATA 	Keypress: t
182.6330 	DATA 	Keypress: t
182.6343 	DATA 	Keypress: t
182.6386 	EXP 	Display Frame 1
182.7120 	DATA 	Keypress: t
182.7220 	EXP 	Display Frame 0
182.8366 	DATA 	Keypress: t
182.8377 	DATA 	Keypress: t
182.8440 	EXP 	Display Frame 1
182.9621 	DATA 	Keypress: t
182.9714 	EXP 	Display Frame 0
183.0866 	DATA 	Keypress: t
183.0876 	DATA 	Keypress: t
183.0942 	EXP 	Display Frame 1
183.2116 	DATA 	Keypress: t
183.2126 	DATA 	Keypress: t
183.2224 	EXP 	Display Frame 0
183.3366 	DATA 	Keypress: t
183.3375 	DATA 	Keypress: t
183.3451 	EXP 	Display Frame 1
183.4620 	DATA 	Keypress: t
183.4721 	EXP 	Display Frame 0
183.5866 	DATA 	Keypress: t
183.5875 	DATA 	Keypress: t
183.5940 	EXP 	Display Frame 1
183.7116 	DATA 	Keypress: t
183.7126 	DATA 	Keypress: t
183.7219 	EXP 	Display Frame 0
183.8366 	DATA 	Keypress: t
183.8375 	DATA 	Keypress: t
183.8448 	EXP 	Display Frame 1
183.9621 	DATA 	Keypress: t
183.9733 	EXP 	Display Frame 0
184.0866 	DATA 	Keypress: t
184.0875 	DATA 	Keypress: t
184.0940 	EXP 	Display Frame 1
184.2116 	DATA 	Keypress: t
184.2125 	DATA 	Keypress: t
184.2234 	EXP 	Display Frame 0
184.3366 	DATA 	Keypress: t
184.3375 	DATA 	Keypress: t
184.3446 	EXP 	Display Frame 1
184.4621 	DATA 	Keypress: t
184.4730 	EXP 	Display Frame 0
184.5866 	DATA 	Keypress: t
184.5876 	DATA 	Keypress: t
184.5940 	EXP 	Display Frame 1
184.7116 	DATA 	Keypress: t
184.7126 	DATA 	Keypress: t
184.7228 	EXP 	Display Frame 0
184.8366 	DATA 	Keypress: t
184.8375 	DATA 	Keypress: t
184.8451 	EXP 	Display Frame 1
184.9621 	DATA 	Keypress: t
184.9739 	EXP 	Display Frame 0
185.0866 	DATA 	Keypress: t
185.0876 	DATA 	Keypress: t
185.0940 	EXP 	Display Frame 1
185.2116 	DATA 	Keypress: t
185.2126 	DATA 	Keypress: t
185.2238 	EXP 	Display Frame 0
185.3366 	DATA 	Keypress: t
185.3375 	DATA 	Keypress: t
185.3404 	EXP 	Display Frame 1
185.4620 	DATA 	Keypress: t
185.4747 	EXP 	Display Frame 0
185.5866 	DATA 	Keypress: t
185.5876 	DATA 	Keypress: t
185.5908 	EXP 	Display Frame 1
185.7116 	DATA 	Keypress: t
185.7126 	DATA 	Keypress: t
185.7245 	EXP 	Display Frame 0
185.8366 	DATA 	Keypress: t
185.8375 	DATA 	Keypress: t
185.8403 	EXP 	Display Frame 1
185.9623 	DATA 	Keypress: t
185.9750 	EXP 	Display Frame 0
186.0865 	DATA 	Keypress: t
186.0875 	DATA 	Keypress: t
186.0906 	EXP 	Display Frame 1
186.2116 	DATA 	Keypress: t
186.2125 	DATA 	Keypress: t
186.2246 	EXP 	Display Frame 0
186.3366 	DATA 	Keypress: t
186.3376 	DATA 	Keypress: t
186.3417 	EXP 	Display Frame 1
186.4620 	DATA 	Keypress: t
186.4751 	EXP 	Display Frame 0
186.5866 	DATA 	Keypress: t
186.5876 	DATA 	Keypress: t
186.5921 	EXP 	Display Frame 1
186.7116 	DATA 	Keypress: t
186.7125 	DATA 	Keypress: t
186.7253 	EXP 	Display Frame 0
186.8366 	DATA 	Keypress: t
186.8376 	DATA 	Keypress: t
186.8416 	EXP 	Display Frame 1
186.9621 	DATA 	Keypress: t
186.9762 	EXP 	Display Frame 0
187.0865 	DATA 	Keypress: t
187.0876 	DATA 	Keypress: t
187.0919 	EXP 	Display Frame 1
187.2116 	DATA 	Keypress: t
187.2125 	DATA 	Keypress: t
187.2261 	EXP 	Display Frame 0
187.3366 	DATA 	Keypress: t
187.3376 	DATA 	Keypress: t
187.3415 	EXP 	Display Frame 1
187.4621 	DATA 	Keypress: t
187.4765 	EXP 	Display Frame 0
187.5866 	DATA 	Keypress: t
187.5876 	DATA 	Keypress: t
187.5919 	EXP 	Display Frame 1
187.7116 	DATA 	Keypress: t
187.7125 	DATA 	Keypress: t
187.7259 	EXP 	Display Frame 0
187.8366 	DATA 	Keypress: t
187.8376 	DATA 	Keypress: t
187.8427 	EXP 	Display Frame 1
187.8598 	EXP 	Display Fixation
187.9072 	DATA 	Keypress: t
187.9783 	DATA 	Keypress: t
188.0502 	DATA 	Keypress: t
188.1213 	DATA 	Keypress: t
188.1932 	DATA 	Keypress: t
188.2642 	DATA 	Keypress: t
188.3351 	DATA 	Keypress: t
188.4070 	DATA 	Keypress: t
188.4782 	DATA 	Keypress: t
188.5502 	DATA 	Keypress: t
188.6212 	DATA 	Keypress: t
188.6932 	DATA 	Keypress: t
188.7645 	DATA 	Keypress: t
188.8362 	DATA 	Keypress: t
188.9072 	DATA 	Keypress: t
188.9781 	DATA 	Keypress: t
189.0502 	DATA 	Keypress: t
189.1212 	DATA 	Keypress: t
189.1931 	DATA 	Keypress: t
189.2642 	DATA 	Keypress: t
189.3353 	DATA 	Keypress: t
189.4072 	DATA 	Keypress: t
189.4781 	DATA 	Keypress: t
189.5502 	DATA 	Keypress: t
189.6212 	DATA 	Keypress: t
195.1632 	DATA 	Keypress: q
195.1955 	EXP 	topMsg: text = "Thank you very much! \n\nThat's it with the tapping"
195.1955 	EXP 	bottomMsg: text = "Please relax for the ramaining time \n\n Press 'q' or 'escape' to end the session."
195.1955 	EXP 	Display TheEnd
195.4209 	DATA 	Keypress: escape
