1.0321 	WARNING 	We strongly recommend you activate the PTB sound engine in PsychoPy prefs as the preferred audio engine. Its timing is vastly superior. Your prefs are currently set to use ['sounddevice', 'PTB', 'pyo', 'pygame'] (in that order).
86.2644 	INFO 	---START PARAMETERS---
86.2645 	INFO 	filename: TappingWithTrTiming_Movie_d3.py-1tt============-225-Aug_08_1630
86.2645 	INFO 	subject: 1tt============
86.2645 	INFO 	session: 225
86.2645 	INFO 	date: Aug_08_1630
86.2645 	INFO 	blockDur_TRs: 8
86.2646 	INFO 	condition: TapRight
86.2646 	INFO 	fixCrossPos: [0, 0]
86.2646 	INFO 	fixCrossSize: 100
86.2646 	INFO 	fullScreen: True
86.2646 	INFO 	movieFolder: Images/
86.2646 	INFO 	movieSize: (1600, 1600)
86.2646 	INFO 	nBlocks: 68
86.2647 	INFO 	promptDir: Text/
86.2647 	INFO 	restDur_TRs: 8
86.2647 	INFO 	screenColor: (128, 128, 128)
86.2647 	INFO 	screenToShow: 1
86.2647 	INFO 	skipPrompts: False
86.2647 	INFO 	tStartup_TRs: 0
86.2647 	INFO 	textHeight: 40
86.2647 	INFO 	triggerKey: equal
86.2647 	INFO 	---END PARAMETERS---
87.1463 	INFO 	Loaded monitor calibration from ['2022_03_25 08:03']
88.2682 	WARNING 	Couldn't measure a consistent frame rate!
  - Is your graphics card set to sync to vertical blank?
  - Are you running other processes on your computer?

88.2694 	EXP 	Created win = Window(allowGUI=False, allowStencil=False, autoLog=True, backendConf=UNKNOWN, bitsMode=UNKNOWN, blendMode='avg', bpc=(8, 8, 8), color=array([128, 128, 128]), colorSpace='rgb255', depthBits=8, fullscr=<method-wrapper '__getattribute__' of attributeSetter object at 0x7fc250bd3b20>, gamma=None, gammaErrorPolicy='raise', lms=UNKNOWN, monitor=<psychopy.monitors.calibTools.Monitor object at 0x7fc302098220>, multiSample=False, name='win', numSamples=2, pos=[0.0, 0.0], screen=1, size=array([1920, 1080]), stencilBits=0, stereo=False, units='deg', useFBO=False, useRetina=False, viewOri=0.0, viewPos=None, viewScale=None, waitBlanking=True, winType='pyglet')
88.2699 	EXP 	win: mouseVisible = True
88.2777 	EXP 	Created fixCross = ShapeStim(__class__=<class 'psychopy.visual.shape.ShapeStim'>, anchor=('center', 'center'), autoDraw=False, autoLog=True, closeShape=False, color=method-wrapper(...), colorSpace='rgb', contrast=None, depth=0, fillColor=array([0, 0, 0]), fillColorSpace='rgb', fillRGB=array([0, 0, 0]), interpolate=True, lineColor=array([-1., -1., -1.]), lineColorSpace='rgb', lineRGB=array([-1., -1., -1.]), lineWidth=3.0, name='fixCross', opacity=0.5, ori=0.0, pos=array([0., 0.]), size=array([1., 1.]), units='pix', vertices=ndarray(...), win=Window(...), windingRule=None)
88.2784 	WARNING 	TextStim.alignHoriz is deprecated. Use alignText and anchorHoriz attributes instead
88.3096 	EXP 	Created topMsg = TextStim(__class__=<class 'psychopy.visual.text.TextStim'>, alignHoriz='center', alignText='center', alignVert=method-wrapper(...), anchorHoriz='center', anchorVert='center', antialias=True, autoLog=True, bold=False, color=array([-1., -1., -1.]), colorSpace='rgb', contrast=1.0, depth=0, flipHoriz=False, flipVert=False, font='', fontFiles=[], height=0.1, italic=False, languageStyle='LTR', name='topMsg', opacity=1.0, ori=0.0, pos=array([0. , 0.5]), rgb=UNKNOWN, text='aaa', units='norm', win=Window(...), wrapWidth=1.5)
88.3098 	WARNING 	TextStim.alignHoriz is deprecated. Use alignText and anchorHoriz attributes instead
88.3122 	EXP 	Created bottomMsg = TextStim(__class__=<class 'psychopy.visual.text.TextStim'>, alignHoriz='center', alignText='center', alignVert=method-wrapper(...), anchorHoriz='center', anchorVert='center', antialias=True, autoLog=True, bold=False, color=array([-1., -1., -1.]), colorSpace='rgb', contrast=1.0, depth=0, flipHoriz=False, flipVert=False, font='', fontFiles=[], height=0.1, italic=False, languageStyle='LTR', name='bottomMsg', opacity=1.0, ori=0.0, pos=array([ 0. , -0.5]), rgb=UNKNOWN, text='bbb', units='norm', win=Window(...), wrapWidth=1.5)
88.3870 	EXP 	Created Movie Frame 0 = ImageStim(__class__=<class 'psychopy.visual.image.ImageStim'>, anchor=('center', 'center'), autoLog=True, color=array([1., 1., 1.]), colorSpace='rgb', contrast=1.0, depth=0, flipHoriz=False, flipVert=False, image='Images/right_0.png', interpolate=False, mask=None, maskParams=None, name='Movie Frame 0', opacity=1, ori=0.0, pos=array([0., 0.]), size=array([1600., 1600.]), texRes=128, units='pix', win=Window(...))
88.4542 	EXP 	Created Movie Frame 1 = ImageStim(__class__=<class 'psychopy.visual.image.ImageStim'>, anchor=('center', 'center'), autoLog=True, color=array([1., 1., 1.]), colorSpace='rgb', contrast=1.0, depth=0, flipHoriz=False, flipVert=False, image='Images/right_1.png', interpolate=False, mask=None, maskParams=None, name='Movie Frame 1', opacity=1, ori=0.0, pos=array([0., 0.]), size=array([1600., 1600.]), texRes=128, units='pix', win=Window(...))
88.5131 	EXP 	Created Movie Frame 2 = ImageStim(__class__=<class 'psychopy.visual.image.ImageStim'>, anchor=('center', 'center'), autoLog=True, color=array([1., 1., 1.]), colorSpace='rgb', contrast=1.0, depth=0, flipHoriz=False, flipVert=False, image='Images/right_2.png', interpolate=False, mask=None, maskParams=None, name='Movie Frame 2', opacity=1, ori=0.0, pos=array([0., 0.]), size=array([1600., 1600.]), texRes=128, units='pix', win=Window(...))
88.5721 	EXP 	Created Movie Frame 3 = ImageStim(__class__=<class 'psychopy.visual.image.ImageStim'>, anchor=('center', 'center'), autoLog=True, color=array([1., 1., 1.]), colorSpace='rgb', contrast=1.0, depth=0, flipHoriz=False, flipVert=False, image='Images/right_3.png', interpolate=False, mask=None, maskParams=None, name='Movie Frame 3', opacity=1, ori=0.0, pos=array([0., 0.]), size=array([1600., 1600.]), texRes=128, units='pix', win=Window(...))
88.6313 	EXP 	Created Movie Frame 4 = ImageStim(__class__=<class 'psychopy.visual.image.ImageStim'>, anchor=('center', 'center'), autoLog=True, color=array([1., 1., 1.]), colorSpace='rgb', contrast=1.0, depth=0, flipHoriz=False, flipVert=False, image='Images/right_4.png', interpolate=False, mask=None, maskParams=None, name='Movie Frame 4', opacity=1, ori=0.0, pos=array([0., 0.]), size=array([1600., 1600.]), texRes=128, units='pix', win=Window(...))
88.6911 	EXP 	Created Movie Frame 5 = ImageStim(__class__=<class 'psychopy.visual.image.ImageStim'>, anchor=('center', 'center'), autoLog=True, color=array([1., 1., 1.]), colorSpace='rgb', contrast=1.0, depth=0, flipHoriz=False, flipVert=False, image='Images/right_5.png', interpolate=False, mask=None, maskParams=None, name='Movie Frame 5', opacity=1, ori=0.0, pos=array([0., 0.]), size=array([1600., 1600.]), texRes=128, units='pix', win=Window(...))
88.7499 	EXP 	Created Movie Frame 6 = ImageStim(__class__=<class 'psychopy.visual.image.ImageStim'>, anchor=('center', 'center'), autoLog=True, color=array([1., 1., 1.]), colorSpace='rgb', contrast=1.0, depth=0, flipHoriz=False, flipVert=False, image='Images/right_6.png', interpolate=False, mask=None, maskParams=None, name='Movie Frame 6', opacity=1, ori=0.0, pos=array([0., 0.]), size=array([1600., 1600.]), texRes=128, units='pix', win=Window(...))
88.8078 	EXP 	Created Movie Frame 7 = ImageStim(__class__=<class 'psychopy.visual.image.ImageStim'>, anchor=('center', 'center'), autoLog=True, color=array([1., 1., 1.]), colorSpace='rgb', contrast=1.0, depth=0, flipHoriz=False, flipVert=False, image='Images/right_7.png', interpolate=False, mask=None, maskParams=None, name='Movie Frame 7', opacity=1, ori=0.0, pos=array([0., 0.]), size=array([1600., 1600.]), texRes=128, units='pix', win=Window(...))
88.8663 	EXP 	Created Movie Frame 8 = ImageStim(__class__=<class 'psychopy.visual.image.ImageStim'>, anchor=('center', 'center'), autoLog=True, color=array([1., 1., 1.]), colorSpace='rgb', contrast=1.0, depth=0, flipHoriz=False, flipVert=False, image='Images/right_8.png', interpolate=False, mask=None, maskParams=None, name='Movie Frame 8', opacity=1, ori=0.0, pos=array([0., 0.]), size=array([1600., 1600.]), texRes=128, units='pix', win=Window(...))
88.9254 	EXP 	Created Movie Frame 9 = ImageStim(__class__=<class 'psychopy.visual.image.ImageStim'>, anchor=('center', 'center'), autoLog=True, color=array([1., 1., 1.]), colorSpace='rgb', contrast=1.0, depth=0, flipHoriz=False, flipVert=False, image='Images/right_9.png', interpolate=False, mask=None, maskParams=None, name='Movie Frame 9', opacity=1, ori=0.0, pos=array([0., 0.]), size=array([1600., 1600.]), texRes=128, units='pix', win=Window(...))
88.9327 	EXP 	Created unnamed TextStim = TextStim(__class__=<class 'psychopy.visual.text.TextStim'>, alignHoriz=method-wrapper(...), alignText='center', alignVert=method-wrapper(...), anchorHoriz='center', anchorVert='center', antialias=True, autoLog=True, bold=False, color=array([-1., -1., -1.]), colorSpace='rgb', contrast=1.0, depth=0, flipHoriz=False, flipVert=False, font='', fontFiles=[], height=40.0, italic=False, languageStyle='LTR', name='unnamed TextStim', opacity=1.0, ori=0.0, pos=array([  0., 880.]), rgb=UNKNOWN, text='Tap along with the video.', units='pix', win=Window(...), wrapWidth=1600)
88.9466 	DATA 	Keypress: equal
88.9488 	WARNING 	t of last frame was 680.79ms (=1/1)
88.9488 	EXP 	topMsg: height = 0.1
88.9488 	EXP 	topMsg: height = 0.1
88.9488 	EXP 	topMsg: text = 'You will see a movie of a finger tapping. When it is on the screen, try to use the hand indicated to tap your fingers at the same times as the movie does. When the fixation cross appears, relax and stare at the cross.'
88.9488 	EXP 	bottomMsg: height = 0.1
88.9488 	EXP 	bottomMsg: height = 0.1
88.9488 	EXP 	bottomMsg: text = 'The experiment will begin shortly'
88.9488 	EXP 	Display Instructions1
92.1721 	DATA 	Keypress: equal
92.1865 	WARNING 	t of last frame was 3237.69ms (=1/0)
92.1865 	EXP 	topMsg: height = 0.1
92.1865 	EXP 	topMsg: height = 0.1
92.1865 	EXP 	topMsg: text = "Please don't move..."
92.1865 	EXP 	bottomMsg: height = 0.1
92.1865 	EXP 	bottomMsg: height = 0.1
92.1865 	EXP 	bottomMsg: text = ''
92.1865 	EXP 	PleaseDontMove
95.7360 	DATA 	Keypress: equal
95.7483 	WARNING 	t of last frame was 3561.85ms (=1/0)
95.7483 	EXP 	Display Fixation
95.7484 	EXP 	---START EXPERIMENT---
95.7637 	EXP 	Display Fixation
99.3000 	DATA 	Keypress: equal
102.8641 	DATA 	Keypress: equal
106.4279 	DATA 	Keypress: equal
109.9925 	DATA 	Keypress: equal
113.5559 	DATA 	Keypress: equal
117.1203 	DATA 	Keypress: equal
120.6840 	DATA 	Keypress: equal
124.2481 	DATA 	Keypress: equal
124.2592 	WARNING 	t of last frame was 28495.51ms (=1/0)
124.3501 	WARNING 	Multiple dropped frames have occurred - I'll stop bothering you about them!
124.3501 	EXP 	Display Frame 1
124.4499 	EXP 	Display Frame 2
124.5503 	EXP 	Display Frame 3
124.6502 	EXP 	Display Frame 4
124.7497 	EXP 	Display Frame 5
124.8505 	EXP 	Display Frame 6
124.9502 	EXP 	Display Frame 7
125.0501 	EXP 	Display Frame 8
125.1502 	EXP 	Display Frame 9
125.2502 	EXP 	Display Frame 0
125.3499 	EXP 	Display Frame 1
125.4501 	EXP 	Display Frame 2
125.5500 	EXP 	Display Frame 3
125.6501 	EXP 	Display Frame 4
125.7500 	EXP 	Display Frame 5
125.8501 	EXP 	Display Frame 6
125.9500 	EXP 	Display Frame 7
126.0500 	EXP 	Display Frame 8
126.1501 	EXP 	Display Frame 9
126.2501 	EXP 	Display Frame 0
126.3501 	EXP 	Display Frame 1
126.4501 	EXP 	Display Frame 2
126.5501 	EXP 	Display Frame 3
126.6500 	EXP 	Display Frame 4
126.7501 	EXP 	Display Frame 5
126.8501 	EXP 	Display Frame 6
126.9502 	EXP 	Display Frame 7
127.0501 	EXP 	Display Frame 8
127.1507 	EXP 	Display Frame 9
127.2500 	EXP 	Display Frame 0
127.3501 	EXP 	Display Frame 1
127.4501 	EXP 	Display Frame 2
127.5498 	EXP 	Display Frame 3
127.6498 	EXP 	Display Frame 4
127.7500 	EXP 	Display Frame 5
127.8497 	DATA 	Keypress: equal
127.8519 	EXP 	Display Frame 6
127.9500 	EXP 	Display Frame 7
128.0499 	EXP 	Display Frame 8
128.1500 	EXP 	Display Frame 9
128.2501 	EXP 	Display Frame 0
128.3501 	EXP 	Display Frame 1
128.4501 	EXP 	Display Frame 2
128.5502 	EXP 	Display Frame 3
128.6501 	EXP 	Display Frame 4
128.7502 	EXP 	Display Frame 5
128.8501 	EXP 	Display Frame 6
128.9501 	EXP 	Display Frame 7
129.0501 	EXP 	Display Frame 8
129.1502 	EXP 	Display Frame 9
129.2500 	EXP 	Display Frame 0
129.3501 	EXP 	Display Frame 1
129.4501 	EXP 	Display Frame 2
129.5501 	EXP 	Display Frame 3
129.6501 	EXP 	Display Frame 4
129.7497 	EXP 	Display Frame 5
129.8507 	EXP 	Display Frame 6
129.9501 	EXP 	Display Frame 7
130.0500 	EXP 	Display Frame 8
130.1496 	EXP 	Display Frame 9
130.2498 	EXP 	Display Frame 0
130.3498 	EXP 	Display Frame 1
130.4500 	EXP 	Display Frame 2
130.5500 	EXP 	Display Frame 3
130.6499 	EXP 	Display Frame 4
130.7496 	EXP 	Display Frame 5
130.8499 	EXP 	Display Frame 6
130.9498 	EXP 	Display Frame 7
131.0500 	EXP 	Display Frame 8
131.1501 	EXP 	Display Frame 9
131.2500 	EXP 	Display Frame 0
131.3501 	EXP 	Display Frame 1
131.4496 	DATA 	Keypress: equal
131.4515 	EXP 	Display Frame 2
131.5501 	EXP 	Display Frame 3
131.6501 	EXP 	Display Frame 4
131.7501 	EXP 	Display Frame 5
131.8502 	EXP 	Display Frame 6
131.9501 	EXP 	Display Frame 7
132.0501 	EXP 	Display Frame 8
132.1502 	EXP 	Display Frame 9
132.2501 	EXP 	Display Frame 0
132.3501 	EXP 	Display Frame 1
132.4501 	EXP 	Display Frame 2
132.5501 	EXP 	Display Frame 3
132.6501 	EXP 	Display Frame 4
132.7501 	EXP 	Display Frame 5
132.8497 	EXP 	Display Frame 6
132.9497 	EXP 	Display Frame 7
133.0499 	EXP 	Display Frame 8
133.1501 	EXP 	Display Frame 9
133.2500 	EXP 	Display Frame 0
133.3501 	EXP 	Display Frame 1
133.4504 	EXP 	Display Frame 2
133.5502 	EXP 	Display Frame 3
133.6497 	EXP 	Display Frame 4
133.7498 	EXP 	Display Frame 5
133.8500 	EXP 	Display Frame 6
133.9500 	EXP 	Display Frame 7
134.0499 	EXP 	Display Frame 8
134.1501 	EXP 	Display Frame 9
134.2501 	EXP 	Display Frame 0
134.3501 	EXP 	Display Frame 1
134.4501 	EXP 	Display Frame 2
134.5501 	EXP 	Display Frame 3
134.6501 	EXP 	Display Frame 4
134.7498 	EXP 	Display Frame 5
134.8500 	EXP 	Display Frame 6
134.9497 	DATA 	Keypress: equal
134.9515 	EXP 	Display Frame 7
135.0501 	EXP 	Display Frame 8
135.1502 	EXP 	Display Frame 9
135.2500 	EXP 	Display Frame 0
135.3500 	EXP 	Display Frame 1
135.4500 	EXP 	Display Frame 2
135.5498 	EXP 	Display Frame 3
135.6500 	EXP 	Display Frame 4
135.7497 	EXP 	Display Frame 5
135.8499 	EXP 	Display Frame 6
135.9501 	EXP 	Display Frame 7
136.0500 	EXP 	Display Frame 8
136.1500 	EXP 	Display Frame 9
136.2500 	EXP 	Display Frame 0
136.3501 	EXP 	Display Frame 1
136.4502 	EXP 	Display Frame 2
136.5502 	EXP 	Display Frame 3
136.6502 	EXP 	Display Frame 4
136.7501 	EXP 	Display Frame 5
136.8501 	EXP 	Display Frame 6
136.9501 	EXP 	Display Frame 7
137.0502 	EXP 	Display Frame 8
137.1501 	EXP 	Display Frame 9
137.2501 	EXP 	Display Frame 0
137.3501 	EXP 	Display Frame 1
137.4501 	EXP 	Display Frame 2
137.5502 	EXP 	Display Frame 3
137.6501 	EXP 	Display Frame 4
137.7501 	EXP 	Display Frame 5
137.8501 	EXP 	Display Frame 6
137.9502 	EXP 	Display Frame 7
138.0503 	EXP 	Display Frame 8
138.1497 	EXP 	Display Frame 9
138.2500 	EXP 	Display Frame 0
138.3511 	EXP 	Display Frame 1
138.4501 	EXP 	Display Frame 2
138.5501 	EXP 	Display Frame 3
138.6501 	EXP 	Display Frame 4
138.7501 	EXP 	Display Frame 5
138.8501 	EXP 	Display Frame 6
138.9501 	EXP 	Display Frame 7
139.0500 	EXP 	Display Frame 8
139.1501 	EXP 	Display Frame 9
139.2500 	EXP 	Display Frame 0
139.3501 	EXP 	Display Frame 1
139.4502 	EXP 	Display Frame 2
139.5502 	EXP 	Display Frame 3
139.6501 	EXP 	Display Frame 4
139.7498 	EXP 	Display Frame 5
139.8502 	EXP 	Display Frame 6
139.9501 	EXP 	Display Frame 7
140.0500 	EXP 	Display Frame 8
140.1500 	EXP 	Display Frame 9
140.2499 	EXP 	Display Frame 0
140.3501 	EXP 	Display Frame 1
140.4502 	EXP 	Display Frame 2
140.5500 	EXP 	Display Frame 3
140.6501 	EXP 	Display Frame 4
140.7499 	EXP 	Display Frame 5
140.8501 	EXP 	Display Frame 6
140.9500 	EXP 	Display Frame 7
141.0500 	EXP 	Display Frame 8
141.1501 	EXP 	Display Frame 9
141.2501 	EXP 	Display Frame 0
141.3498 	EXP 	Display Frame 1
141.4501 	EXP 	Display Frame 2
141.5501 	EXP 	Display Frame 3
141.6501 	EXP 	Display Frame 4
141.7501 	EXP 	Display Frame 5
141.8501 	EXP 	Display Frame 6
141.9501 	EXP 	Display Frame 7
142.0501 	EXP 	Display Frame 8
142.1501 	EXP 	Display Frame 9
142.2501 	EXP 	Display Frame 0
142.3501 	EXP 	Display Frame 1
142.4501 	EXP 	Display Frame 2
142.5501 	EXP 	Display Frame 3
142.6502 	EXP 	Display Frame 4
142.7501 	EXP 	Display Frame 5
142.8501 	EXP 	Display Frame 6
142.9501 	EXP 	Display Frame 7
143.0501 	EXP 	Display Frame 8
143.1501 	EXP 	Display Frame 9
143.2501 	EXP 	Display Frame 0
143.3500 	EXP 	Display Frame 1
143.4500 	EXP 	Display Frame 2
143.5499 	EXP 	Display Frame 3
143.6499 	EXP 	Display Frame 4
143.7501 	EXP 	Display Frame 5
143.8500 	EXP 	Display Frame 6
143.9500 	EXP 	Display Frame 7
144.0501 	EXP 	Display Frame 8
144.1501 	EXP 	Display Frame 9
144.2501 	EXP 	Display Frame 0
144.3501 	EXP 	Display Frame 1
144.4502 	EXP 	Display Frame 2
144.5501 	EXP 	Display Frame 3
144.6501 	EXP 	Display Frame 4
144.7496 	EXP 	Display Frame 5
144.8505 	EXP 	Display Frame 6
144.9501 	EXP 	Display Frame 7
145.0501 	EXP 	Display Frame 8
145.1501 	EXP 	Display Frame 9
145.2500 	EXP 	Display Frame 0
145.3501 	EXP 	Display Frame 1
145.4501 	EXP 	Display Frame 2
145.5501 	EXP 	Display Frame 3
145.6501 	EXP 	Display Frame 4
145.7499 	EXP 	Display Frame 5
145.8499 	EXP 	Display Frame 6
145.9500 	EXP 	Display Frame 7
146.0499 	EXP 	Display Frame 8
146.1506 	EXP 	Display Frame 9
146.2501 	EXP 	Display Frame 0
146.3501 	EXP 	Display Frame 1
146.4501 	EXP 	Display Frame 2
146.5501 	EXP 	Display Frame 3
146.6497 	EXP 	Display Frame 4
146.7501 	EXP 	Display Frame 5
146.8502 	EXP 	Display Frame 6
146.9502 	EXP 	Display Frame 7
147.0500 	EXP 	Display Frame 8
147.1501 	EXP 	Display Frame 9
147.2501 	EXP 	Display Frame 0
147.3501 	EXP 	Display Frame 1
147.4502 	EXP 	Display Frame 2
147.5502 	EXP 	Display Frame 3
147.6501 	EXP 	Display Frame 4
147.7501 	EXP 	Display Frame 5
147.8501 	EXP 	Display Frame 6
147.9501 	EXP 	Display Frame 7
148.0501 	EXP 	Display Frame 8
148.1501 	EXP 	Display Frame 9
148.2501 	EXP 	Display Frame 0
148.3502 	EXP 	Display Frame 1
148.4501 	EXP 	Display Frame 2
148.5500 	EXP 	Display Frame 3
148.6500 	EXP 	Display Frame 4
148.7500 	EXP 	Display Frame 5
148.8497 	EXP 	Display Frame 6
148.9499 	EXP 	Display Frame 7
149.0497 	EXP 	Display Frame 8
149.1500 	EXP 	Display Frame 9
149.2499 	EXP 	Display Frame 0
149.3500 	EXP 	Display Frame 1
149.4501 	EXP 	Display Frame 2
149.5501 	EXP 	Display Frame 3
149.6501 	EXP 	Display Frame 4
149.7496 	EXP 	Display Frame 5
149.8506 	EXP 	Display Frame 6
149.9500 	EXP 	Display Frame 7
150.0500 	EXP 	Display Frame 8
150.1501 	EXP 	Display Frame 9
150.2500 	EXP 	Display Frame 0
150.3501 	EXP 	Display Frame 1
150.4500 	EXP 	Display Frame 2
150.5502 	EXP 	Display Frame 3
150.6501 	EXP 	Display Frame 4
150.7501 	EXP 	Display Frame 5
150.8499 	EXP 	Display Frame 6
150.9499 	EXP 	Display Frame 7
151.0499 	EXP 	Display Frame 8
151.1500 	EXP 	Display Frame 9
151.2501 	EXP 	Display Frame 0
151.3500 	EXP 	Display Frame 1
151.4502 	EXP 	Display Frame 2
151.5501 	EXP 	Display Frame 3
151.6500 	EXP 	Display Frame 4
151.7501 	EXP 	Display Frame 5
151.8501 	EXP 	Display Frame 6
151.9501 	EXP 	Display Frame 7
152.0501 	EXP 	Display Frame 8
152.1501 	EXP 	Display Frame 9
152.2501 	EXP 	Display Frame 0
152.3501 	EXP 	Display Frame 1
152.4503 	EXP 	Display Frame 2
152.5501 	EXP 	Display Frame 3
152.6501 	EXP 	Display Frame 4
152.7501 	EXP 	Display Frame 5
152.8501 	EXP 	Display Frame 6
152.9502 	EXP 	Display Frame 7
153.0501 	EXP 	Display Frame 8
153.1502 	EXP 	Display Frame 9
153.2501 	EXP 	Display Frame 0
153.3516 	EXP 	Display Frame 1
153.4502 	EXP 	Display Frame 2
153.5501 	EXP 	Display Frame 3
153.6501 	EXP 	Display Frame 4
153.7501 	EXP 	Display Frame 5
153.8500 	EXP 	Display Frame 6
153.9501 	EXP 	Display Frame 7
154.0501 	EXP 	Display Frame 8
154.1497 	EXP 	Display Frame 9
154.2498 	EXP 	Display Frame 0
154.3498 	EXP 	Display Frame 1
154.4500 	EXP 	Display Frame 2
154.5501 	EXP 	Display Frame 3
154.6500 	EXP 	Display Frame 4
154.7497 	EXP 	Display Frame 5
154.8505 	EXP 	Display Frame 6
154.9501 	EXP 	Display Frame 7
155.0499 	EXP 	Display Frame 8
155.1501 	EXP 	Display Frame 9
155.2500 	EXP 	Display Frame 0
155.3500 	EXP 	Display Frame 1
155.4501 	EXP 	Display Frame 2
155.5501 	EXP 	Display Frame 3
155.6500 	EXP 	Display Frame 4
155.7501 	EXP 	Display Frame 5
155.8501 	EXP 	Display Frame 6
155.9496 	EXP 	Display Frame 7
156.0498 	EXP 	Display Frame 8
156.1498 	EXP 	Display Frame 9
156.2497 	EXP 	Display Frame 0
156.3501 	EXP 	Display Frame 1
156.4502 	EXP 	Display Frame 2
156.5502 	EXP 	Display Frame 3
156.6501 	EXP 	Display Frame 4
156.7501 	EXP 	Display Frame 5
156.8501 	EXP 	Display Frame 6
156.9501 	EXP 	Display Frame 7
157.0501 	EXP 	Display Frame 8
157.1501 	EXP 	Display Frame 9
157.2501 	EXP 	Display Frame 0
157.3501 	EXP 	Display Frame 1
157.4502 	EXP 	Display Frame 2
157.5501 	EXP 	Display Frame 3
157.6501 	EXP 	Display Frame 4
157.7501 	EXP 	Display Frame 5
157.8501 	EXP 	Display Frame 6
157.9501 	EXP 	Display Frame 7
158.0499 	EXP 	Display Frame 8
158.1501 	EXP 	Display Frame 9
158.2501 	EXP 	Display Frame 0
158.3501 	EXP 	Display Frame 1
158.4502 	EXP 	Display Frame 2
158.5502 	EXP 	Display Frame 3
158.6501 	EXP 	Display Frame 4
158.7502 	EXP 	Display Frame 5
158.8503 	EXP 	Display Frame 6
158.9502 	EXP 	Display Frame 7
159.0501 	EXP 	Display Frame 8
159.1501 	EXP 	Display Frame 9
159.2501 	EXP 	Display Frame 0
159.3501 	EXP 	Display Frame 1
159.4496 	EXP 	Display Frame 2
159.5500 	EXP 	Display Frame 3
159.6499 	EXP 	Display Frame 4
159.7497 	EXP 	Display Frame 5
159.8504 	EXP 	Display Frame 6
159.9502 	EXP 	Display Frame 7
160.0499 	EXP 	Display Frame 8
160.1501 	EXP 	Display Frame 9
160.2501 	EXP 	Display Frame 0
160.3500 	EXP 	Display Frame 1
160.4501 	EXP 	Display Frame 2
160.5500 	EXP 	Display Frame 3
160.6502 	EXP 	Display Frame 4
160.7502 	EXP 	Display Frame 5
160.8498 	EXP 	Display Frame 6
160.9501 	EXP 	Display Frame 7
161.0500 	EXP 	Display Frame 8
161.1501 	EXP 	Display Frame 9
161.2501 	EXP 	Display Frame 0
161.3500 	EXP 	Display Frame 1
161.4502 	EXP 	Display Frame 2
161.5502 	EXP 	Display Frame 3
161.6501 	EXP 	Display Frame 4
161.7501 	EXP 	Display Frame 5
161.8502 	EXP 	Display Frame 6
161.9501 	EXP 	Display Frame 7
162.0501 	EXP 	Display Frame 8
162.1500 	EXP 	Display Frame 9
162.2502 	EXP 	Display Frame 0
162.3500 	EXP 	Display Frame 1
162.4501 	EXP 	Display Frame 2
162.5501 	EXP 	Display Frame 3
162.6500 	EXP 	Display Frame 4
162.7501 	EXP 	Display Frame 5
162.8501 	EXP 	Display Frame 6
162.9501 	EXP 	Display Frame 7
163.0501 	EXP 	Display Frame 8
163.1502 	EXP 	Display Frame 9
163.2501 	EXP 	Display Frame 0
163.3501 	EXP 	Display Frame 1
163.4501 	EXP 	Display Frame 2
163.5501 	EXP 	Display Frame 3
163.6502 	EXP 	Display Frame 4
163.7502 	EXP 	Display Frame 5
163.8501 	EXP 	Display Frame 6
163.9500 	EXP 	Display Frame 7
164.0501 	EXP 	Display Frame 8
164.1501 	EXP 	Display Frame 9
164.2501 	EXP 	Display Frame 0
164.3500 	EXP 	Display Frame 1
164.4502 	EXP 	Display Frame 2
164.5501 	EXP 	Display Frame 3
164.6501 	EXP 	Display Frame 4
164.7496 	EXP 	Display Frame 5
164.8500 	EXP 	Display Frame 6
164.9499 	EXP 	Display Frame 7
165.0500 	EXP 	Display Frame 8
165.1502 	EXP 	Display Frame 9
165.2500 	EXP 	Display Frame 0
165.3500 	EXP 	Display Frame 1
165.4501 	EXP 	Display Frame 2
165.5501 	EXP 	Display Frame 3
165.6501 	EXP 	Display Frame 4
165.7500 	EXP 	Display Frame 5
165.8498 	EXP 	Display Frame 6
165.9501 	EXP 	Display Frame 7
166.0501 	EXP 	Display Frame 8
166.1501 	EXP 	Display Frame 9
166.2502 	EXP 	Display Frame 0
166.3500 	EXP 	Display Frame 1
166.4501 	EXP 	Display Frame 2
166.5501 	EXP 	Display Frame 3
166.6501 	EXP 	Display Frame 4
166.7501 	EXP 	Display Frame 5
166.8501 	EXP 	Display Frame 6
166.9501 	EXP 	Display Frame 7
167.0501 	EXP 	Display Frame 8
167.1501 	EXP 	Display Frame 9
167.2501 	EXP 	Display Frame 0
167.3501 	EXP 	Display Frame 1
167.4501 	EXP 	Display Frame 2
167.5501 	EXP 	Display Frame 3
167.6501 	EXP 	Display Frame 4
167.7501 	EXP 	Display Frame 5
167.8501 	EXP 	Display Frame 6
167.9502 	EXP 	Display Frame 7
168.0502 	EXP 	Display Frame 8
168.1500 	EXP 	Display Frame 9
168.2501 	EXP 	Display Frame 0
168.3500 	EXP 	Display Frame 1
168.4499 	EXP 	Display Frame 2
168.5501 	EXP 	Display Frame 3
168.6502 	EXP 	Display Frame 4
168.7501 	EXP 	Display Frame 5
168.8501 	EXP 	Display Frame 6
168.9501 	EXP 	Display Frame 7
169.0500 	EXP 	Display Frame 8
169.1501 	EXP 	Display Frame 9
169.2501 	EXP 	Display Frame 0
169.3500 	EXP 	Display Frame 1
169.4501 	EXP 	Display Frame 2
169.5501 	EXP 	Display Frame 3
169.6500 	EXP 	Display Frame 4
169.7497 	EXP 	Display Frame 5
169.8500 	EXP 	Display Frame 6
169.9501 	EXP 	Display Frame 7
170.0499 	EXP 	Display Frame 8
170.1496 	EXP 	Display Frame 9
170.2499 	EXP 	Display Frame 0
170.3497 	EXP 	Display Frame 1
170.4497 	EXP 	Display Frame 2
170.5499 	EXP 	Display Frame 3
170.6501 	EXP 	Display Frame 4
170.7501 	EXP 	Display Frame 5
170.8499 	EXP 	Display Frame 6
170.9501 	EXP 	Display Frame 7
171.0499 	EXP 	Display Frame 8
171.1501 	EXP 	Display Frame 9
171.2501 	EXP 	Display Frame 0
171.3501 	EXP 	Display Frame 1
171.4501 	EXP 	Display Frame 2
171.5503 	EXP 	Display Frame 3
171.6501 	EXP 	Display Frame 4
171.7501 	EXP 	Display Frame 5
171.8501 	EXP 	Display Frame 6
171.9501 	EXP 	Display Frame 7
172.0501 	EXP 	Display Frame 8
172.1502 	EXP 	Display Frame 9
172.2501 	EXP 	Display Frame 0
172.3501 	EXP 	Display Frame 1
172.4502 	EXP 	Display Frame 2
172.5502 	EXP 	Display Frame 3
172.6501 	EXP 	Display Frame 4
172.7501 	EXP 	Display Frame 5
172.8501 	EXP 	Display Frame 6
172.9501 	EXP 	Display Frame 7
173.0501 	EXP 	Display Frame 8
173.1501 	EXP 	Display Frame 9
173.2501 	EXP 	Display Frame 0
173.3501 	EXP 	Display Frame 1
173.4501 	EXP 	Display Frame 2
173.5502 	EXP 	Display Frame 3
173.6496 	EXP 	Display Frame 4
173.7498 	EXP 	Display Frame 5
173.8499 	EXP 	Display Frame 6
173.9501 	EXP 	Display Frame 7
174.0500 	EXP 	Display Frame 8
174.1501 	EXP 	Display Frame 9
174.2501 	EXP 	Display Frame 0
174.3501 	EXP 	Display Frame 1
174.4502 	EXP 	Display Frame 2
174.5502 	EXP 	Display Frame 3
174.6501 	EXP 	Display Frame 4
174.7497 	EXP 	Display Frame 5
174.8501 	EXP 	Display Frame 6
174.9501 	EXP 	Display Frame 7
175.0500 	EXP 	Display Frame 8
175.1501 	EXP 	Display Frame 9
175.2501 	EXP 	Display Frame 0
175.3501 	EXP 	Display Frame 1
175.4552 	EXP 	Display Frame 2
175.5501 	EXP 	Display Frame 3
175.6499 	EXP 	Display Frame 4
175.7499 	EXP 	Display Frame 5
175.8499 	EXP 	Display Frame 6
175.9501 	EXP 	Display Frame 7
176.0499 	EXP 	Display Frame 8
176.1501 	EXP 	Display Frame 9
176.2501 	EXP 	Display Frame 0
176.3501 	EXP 	Display Frame 1
176.4501 	EXP 	Display Frame 2
176.5500 	EXP 	Display Frame 3
176.6502 	EXP 	Display Frame 4
176.7502 	EXP 	Display Frame 5
176.8502 	EXP 	Display Frame 6
176.9501 	EXP 	Display Frame 7
177.0501 	EXP 	Display Frame 8
177.1501 	EXP 	Display Frame 9
177.2501 	EXP 	Display Frame 0
177.3501 	EXP 	Display Frame 1
177.4502 	EXP 	Display Frame 2
177.5501 	EXP 	Display Frame 3
177.6501 	EXP 	Display Frame 4
177.7497 	EXP 	Display Frame 5
177.8499 	EXP 	Display Frame 6
177.9501 	EXP 	Display Frame 7
178.0501 	EXP 	Display Frame 8
178.1501 	EXP 	Display Frame 9
178.2501 	EXP 	Display Frame 0
178.3502 	EXP 	Display Frame 1
178.4501 	EXP 	Display Frame 2
178.5502 	EXP 	Display Frame 3
178.6501 	EXP 	Display Frame 4
178.7501 	EXP 	Display Frame 5
178.8501 	EXP 	Display Frame 6
178.9501 	EXP 	Display Frame 7
179.0501 	EXP 	Display Frame 8
179.1501 	EXP 	Display Frame 9
179.2501 	EXP 	Display Frame 0
179.3501 	EXP 	Display Frame 1
179.4501 	EXP 	Display Frame 2
179.5501 	EXP 	Display Frame 3
179.6502 	EXP 	Display Frame 4
179.7497 	EXP 	Display Frame 5
179.8502 	EXP 	Display Frame 6
179.9501 	EXP 	Display Frame 7
180.0500 	EXP 	Display Frame 8
180.1500 	EXP 	Display Frame 9
180.2501 	EXP 	Display Frame 0
180.3501 	EXP 	Display Frame 1
180.4501 	EXP 	Display Frame 2
180.5501 	EXP 	Display Frame 3
180.6501 	EXP 	Display Frame 4
180.7501 	EXP 	Display Frame 5
180.8499 	EXP 	Display Frame 6
180.9499 	EXP 	Display Frame 7
181.0499 	EXP 	Display Frame 8
181.1496 	EXP 	Display Frame 9
181.2498 	EXP 	Display Frame 0
181.3500 	EXP 	Display Frame 1
181.4502 	EXP 	Display Frame 2
181.5502 	EXP 	Display Frame 3
181.6501 	EXP 	Display Frame 4
181.7501 	EXP 	Display Frame 5
181.8510 	EXP 	Display Frame 6
181.9500 	EXP 	Display Frame 7
182.0501 	EXP 	Display Frame 8
182.1502 	EXP 	Display Frame 9
182.2501 	EXP 	Display Frame 0
182.3501 	EXP 	Display Frame 1
182.4501 	EXP 	Display Frame 2
182.5502 	EXP 	Display Frame 3
182.6501 	EXP 	Display Frame 4
182.7501 	EXP 	Display Frame 5
182.8501 	EXP 	Display Frame 6
182.9501 	EXP 	Display Frame 7
183.0501 	EXP 	Display Frame 8
183.1501 	EXP 	Display Frame 9
183.2501 	EXP 	Display Frame 0
183.3501 	EXP 	Display Frame 1
183.4501 	EXP 	Display Frame 2
183.5501 	EXP 	Display Frame 3
183.6502 	EXP 	Display Frame 4
183.7501 	EXP 	Display Frame 5
183.8501 	EXP 	Display Frame 6
183.9501 	EXP 	Display Frame 7
184.0501 	EXP 	Display Frame 8
184.1501 	EXP 	Display Frame 9
184.2502 	EXP 	Display Frame 0
184.3501 	EXP 	Display Frame 1
184.4501 	EXP 	Display Frame 2
184.5501 	EXP 	Display Frame 3
184.6502 	EXP 	Display Frame 4
184.7497 	EXP 	Display Frame 5
184.8507 	EXP 	Display Frame 6
184.9501 	EXP 	Display Frame 7
185.0517 	EXP 	Display Frame 8
185.1501 	EXP 	Display Frame 9
185.2501 	EXP 	Display Frame 0
185.3500 	EXP 	Display Frame 1
185.4501 	EXP 	Display Frame 2
185.5501 	EXP 	Display Frame 3
185.6502 	EXP 	Display Frame 4
185.7501 	EXP 	Display Frame 5
185.8499 	EXP 	Display Frame 6
185.9500 	EXP 	Display Frame 7
186.0500 	EXP 	Display Frame 8
186.1496 	EXP 	Display Frame 9
186.2499 	EXP 	Display Frame 0
186.3501 	EXP 	Display Frame 1
186.4501 	EXP 	Display Frame 2
186.5499 	EXP 	Display Frame 3
186.6500 	EXP 	Display Frame 4
186.7501 	EXP 	Display Frame 5
186.8501 	EXP 	Display Frame 6
186.9501 	EXP 	Display Frame 7
187.0501 	EXP 	Display Frame 8
187.1501 	EXP 	Display Frame 9
187.2496 	EXP 	Display Frame 0
187.3500 	EXP 	Display Frame 1
187.4498 	EXP 	Display Frame 2
187.5501 	EXP 	Display Frame 3
187.6501 	EXP 	Display Frame 4
187.7501 	EXP 	Display Frame 5
187.8502 	EXP 	Display Frame 6
187.9501 	EXP 	Display Frame 7
188.0501 	EXP 	Display Frame 8
188.1501 	EXP 	Display Frame 9
188.2501 	EXP 	Display Frame 0
188.3501 	EXP 	Display Frame 1
188.4501 	EXP 	Display Frame 2
188.5501 	EXP 	Display Frame 3
188.6500 	EXP 	Display Frame 4
188.7501 	EXP 	Display Frame 5
188.8501 	EXP 	Display Frame 6
188.9501 	EXP 	Display Frame 7
189.0501 	EXP 	Display Frame 8
189.1501 	EXP 	Display Frame 9
189.2501 	EXP 	Display Frame 0
189.3501 	EXP 	Display Frame 1
189.4501 	EXP 	Display Frame 2
189.5501 	EXP 	Display Frame 3
189.6501 	EXP 	Display Frame 4
189.7497 	EXP 	Display Frame 5
189.8506 	EXP 	Display Frame 6
189.9500 	EXP 	Display Frame 7
190.0500 	EXP 	Display Frame 8
190.1497 	EXP 	Display Frame 9
190.2501 	EXP 	Display Frame 0
190.3501 	EXP 	Display Frame 1
190.4500 	EXP 	Display Frame 2
190.5501 	EXP 	Display Frame 3
190.6501 	EXP 	Display Frame 4
190.7501 	EXP 	Display Frame 5
190.8499 	EXP 	Display Frame 6
190.9499 	EXP 	Display Frame 7
191.0501 	EXP 	Display Frame 8
191.1501 	EXP 	Display Frame 9
191.2501 	EXP 	Display Frame 0
191.3501 	EXP 	Display Frame 1
191.4500 	EXP 	Display Frame 2
191.5498 	EXP 	Display Frame 3
191.6498 	EXP 	Display Frame 4
191.7500 	EXP 	Display Frame 5
191.8501 	EXP 	Display Frame 6
191.9500 	EXP 	Display Frame 7
192.0501 	EXP 	Display Frame 8
192.1502 	EXP 	Display Frame 9
192.2501 	EXP 	Display Frame 0
192.3501 	EXP 	Display Frame 1
192.4500 	EXP 	Display Frame 2
192.5501 	EXP 	Display Frame 3
192.6502 	EXP 	Display Frame 4
192.7502 	EXP 	Display Frame 5
192.8501 	EXP 	Display Frame 6
192.9501 	EXP 	Display Frame 7
193.0496 	EXP 	Display Frame 8
193.1500 	EXP 	Display Frame 9
193.2501 	EXP 	Display Frame 0
193.3501 	EXP 	Display Frame 1
193.4501 	EXP 	Display Frame 2
193.5501 	EXP 	Display Frame 3
193.6502 	EXP 	Display Frame 4
193.7501 	EXP 	Display Frame 5
193.8501 	EXP 	Display Frame 6
193.9500 	EXP 	Display Frame 7
194.0501 	EXP 	Display Frame 8
194.1500 	EXP 	Display Frame 9
194.2501 	EXP 	Display Frame 0
194.3501 	EXP 	Display Frame 1
194.4501 	EXP 	Display Frame 2
194.5501 	EXP 	Display Frame 3
194.6502 	EXP 	Display Frame 4
194.7497 	EXP 	Display Frame 5
194.8499 	EXP 	Display Frame 6
194.9501 	EXP 	Display Frame 7
195.0500 	EXP 	Display Frame 8
195.1501 	EXP 	Display Frame 9
195.2500 	EXP 	Display Frame 0
195.3500 	EXP 	Display Frame 1
195.4501 	EXP 	Display Frame 2
195.5501 	EXP 	Display Frame 3
195.6502 	EXP 	Display Frame 4
195.7500 	EXP 	Display Frame 5
195.8500 	EXP 	Display Frame 6
195.9500 	EXP 	Display Frame 7
196.0500 	EXP 	Display Frame 8
196.1500 	EXP 	Display Frame 9
196.2501 	EXP 	Display Frame 0
196.3501 	EXP 	Display Frame 1
196.4502 	EXP 	Display Frame 2
196.5501 	EXP 	Display Frame 3
196.6502 	EXP 	Display Frame 4
196.7502 	EXP 	Display Frame 5
196.8497 	EXP 	Display Frame 6
196.9499 	EXP 	Display Frame 7
197.0501 	EXP 	Display Frame 8
197.1502 	EXP 	Display Frame 9
197.2501 	EXP 	Display Frame 0
197.3501 	EXP 	Display Frame 1
197.4501 	EXP 	Display Frame 2
197.5501 	EXP 	Display Frame 3
197.6502 	EXP 	Display Frame 4
197.7502 	EXP 	Display Frame 5
197.8515 	EXP 	Display Frame 6
197.9501 	EXP 	Display Frame 7
198.0503 	EXP 	Display Frame 8
198.1502 	EXP 	Display Frame 9
198.2501 	EXP 	Display Frame 0
198.3500 	EXP 	Display Frame 1
198.4501 	EXP 	Display Frame 2
198.5502 	EXP 	Display Frame 3
198.6501 	EXP 	Display Frame 4
198.7501 	EXP 	Display Frame 5
198.8502 	EXP 	Display Frame 6
198.9501 	EXP 	Display Frame 7
199.0500 	EXP 	Display Frame 8
199.1501 	EXP 	Display Frame 9
199.2501 	EXP 	Display Frame 0
199.3501 	EXP 	Display Frame 1
199.4501 	EXP 	Display Frame 2
199.5501 	EXP 	Display Frame 3
199.6501 	EXP 	Display Frame 4
199.7497 	EXP 	Display Frame 5
199.8507 	EXP 	Display Frame 6
199.9500 	EXP 	Display Frame 7
200.0499 	EXP 	Display Frame 8
200.1498 	EXP 	Display Frame 9
200.2501 	EXP 	Display Frame 0
200.3501 	EXP 	Display Frame 1
200.4501 	EXP 	Display Frame 2
200.5500 	EXP 	Display Frame 3
200.6499 	EXP 	Display Frame 4
200.7500 	EXP 	Display Frame 5
200.8499 	EXP 	Display Frame 6
200.9501 	EXP 	Display Frame 7
201.0512 	EXP 	Display Frame 8
201.1501 	EXP 	Display Frame 9
201.2500 	EXP 	Display Frame 0
201.3501 	EXP 	Display Frame 1
201.4501 	EXP 	Display Frame 2
201.5501 	EXP 	Display Frame 3
201.6502 	EXP 	Display Frame 4
201.7501 	EXP 	Display Frame 5
201.8501 	EXP 	Display Frame 6
201.9501 	EXP 	Display Frame 7
202.0501 	EXP 	Display Frame 8
202.1497 	EXP 	Display Frame 9
202.2498 	EXP 	Display Frame 0
202.3500 	EXP 	Display Frame 1
202.4501 	EXP 	Display Frame 2
202.5500 	EXP 	Display Frame 3
202.6501 	EXP 	Display Frame 4
202.7501 	EXP 	Display Frame 5
202.8501 	EXP 	Display Frame 6
202.9501 	EXP 	Display Frame 7
203.0501 	EXP 	Display Frame 8
203.1502 	EXP 	Display Frame 9
203.2509 	EXP 	Display Frame 0
203.3501 	EXP 	Display Frame 1
203.4500 	EXP 	Display Frame 2
203.5501 	EXP 	Display Frame 3
203.6501 	EXP 	Display Frame 4
203.7501 	EXP 	Display Frame 5
203.8500 	EXP 	Display Frame 6
203.9501 	EXP 	Display Frame 7
204.0500 	EXP 	Display Frame 8
204.1501 	EXP 	Display Frame 9
204.2501 	EXP 	Display Frame 0
204.3502 	EXP 	Display Frame 1
204.4501 	EXP 	Display Frame 2
204.5500 	EXP 	Display Frame 3
204.6501 	EXP 	Display Frame 4
204.7497 	EXP 	Display Frame 5
204.8500 	EXP 	Display Frame 6
204.9501 	EXP 	Display Frame 7
205.0501 	EXP 	Display Frame 8
205.1501 	EXP 	Display Frame 9
205.2501 	EXP 	Display Frame 0
205.3499 	EXP 	Display Frame 1
205.4501 	EXP 	Display Frame 2
205.5501 	EXP 	Display Frame 3
205.6502 	EXP 	Display Frame 4
205.7501 	EXP 	Display Frame 5
205.8498 	EXP 	Display Frame 6
205.9501 	EXP 	Display Frame 7
206.0500 	EXP 	Display Frame 8
206.1501 	EXP 	Display Frame 9
206.2502 	EXP 	Display Frame 0
206.3501 	EXP 	Display Frame 1
206.4501 	EXP 	Display Frame 2
206.5501 	EXP 	Display Frame 3
206.6502 	EXP 	Display Frame 4
206.7500 	EXP 	Display Frame 5
206.8501 	EXP 	Display Frame 6
206.9501 	EXP 	Display Frame 7
207.0501 	EXP 	Display Frame 8
207.1502 	EXP 	Display Frame 9
207.2501 	EXP 	Display Frame 0
207.3501 	EXP 	Display Frame 1
207.4501 	EXP 	Display Frame 2
207.5500 	EXP 	Display Frame 3
207.6499 	EXP 	Display Frame 4
207.7501 	EXP 	Display Frame 5
207.8500 	EXP 	Display Frame 6
207.9501 	EXP 	Display Frame 7
208.0496 	EXP 	Display Frame 8
208.1499 	EXP 	Display Frame 9
208.2501 	EXP 	Display Frame 0
208.3501 	EXP 	Display Frame 1
208.4501 	EXP 	Display Frame 2
208.5501 	EXP 	Display Frame 3
208.6501 	EXP 	Display Frame 4
208.7502 	EXP 	Display Frame 5
208.8502 	EXP 	Display Frame 6
208.9501 	EXP 	Display Frame 7
209.0501 	EXP 	Display Frame 8
209.1501 	EXP 	Display Frame 9
209.2501 	EXP 	Display Frame 0
209.3501 	EXP 	Display Frame 1
209.4501 	EXP 	Display Frame 2
209.5501 	EXP 	Display Frame 3
209.6503 	EXP 	Display Frame 4
209.7497 	EXP 	Display Frame 5
209.8508 	EXP 	Display Frame 6
209.9501 	EXP 	Display Frame 7
210.0500 	EXP 	Display Frame 8
210.1500 	EXP 	Display Frame 9
210.2500 	EXP 	Display Frame 0
210.3501 	EXP 	Display Frame 1
210.4501 	EXP 	Display Frame 2
210.5502 	EXP 	Display Frame 3
210.6518 	EXP 	Display Frame 4
210.7499 	EXP 	Display Frame 5
210.8498 	EXP 	Display Frame 6
210.9500 	EXP 	Display Frame 7
211.0499 	EXP 	Display Frame 8
211.1500 	EXP 	Display Frame 9
211.2501 	EXP 	Display Frame 0
211.3497 	EXP 	Display Frame 1
211.4498 	EXP 	Display Frame 2
211.5501 	EXP 	Display Frame 3
211.6501 	EXP 	Display Frame 4
211.7499 	EXP 	Display Frame 5
211.8502 	EXP 	Display Frame 6
211.9501 	EXP 	Display Frame 7
212.0501 	EXP 	Display Frame 8
212.1501 	EXP 	Display Frame 9
212.2501 	EXP 	Display Frame 0
212.3501 	EXP 	Display Frame 1
212.4501 	EXP 	Display Frame 2
212.5502 	EXP 	Display Frame 3
212.6501 	EXP 	Display Frame 4
212.7502 	EXP 	Display Frame 5
212.8497 	EXP 	Display Frame 6
212.9499 	EXP 	Display Frame 7
213.0500 	EXP 	Display Frame 8
213.1500 	EXP 	Display Frame 9
213.2501 	EXP 	Display Frame 0
213.3501 	EXP 	Display Frame 1
213.4501 	EXP 	Display Frame 2
213.5501 	EXP 	Display Frame 3
213.6501 	EXP 	Display Frame 4
213.7501 	EXP 	Display Frame 5
213.8501 	EXP 	Display Frame 6
213.9501 	EXP 	Display Frame 7
214.0500 	EXP 	Display Frame 8
214.1502 	EXP 	Display Frame 9
214.2501 	EXP 	Display Frame 0
214.3501 	EXP 	Display Frame 1
214.4501 	EXP 	Display Frame 2
214.5501 	EXP 	Display Frame 3
214.6502 	EXP 	Display Frame 4
214.7496 	EXP 	Display Frame 5
214.8507 	EXP 	Display Frame 6
214.9499 	EXP 	Display Frame 7
215.0500 	EXP 	Display Frame 8
215.1500 	EXP 	Display Frame 9
215.2501 	EXP 	Display Frame 0
215.3501 	EXP 	Display Frame 1
215.4501 	EXP 	Display Frame 2
215.5501 	EXP 	Display Frame 3
215.6501 	EXP 	Display Frame 4
215.7501 	EXP 	Display Frame 5
215.8499 	EXP 	Display Frame 6
215.9502 	EXP 	Display Frame 7
216.0500 	EXP 	Display Frame 8
216.1501 	EXP 	Display Frame 9
216.2500 	EXP 	Display Frame 0
216.3501 	EXP 	Display Frame 1
216.4501 	EXP 	Display Frame 2
216.5501 	EXP 	Display Frame 3
216.6501 	EXP 	Display Frame 4
216.7501 	EXP 	Display Frame 5
216.8502 	EXP 	Display Frame 6
216.9501 	EXP 	Display Frame 7
217.0501 	EXP 	Display Frame 8
217.1501 	EXP 	Display Frame 9
217.2501 	EXP 	Display Frame 0
217.3501 	EXP 	Display Frame 1
217.4501 	EXP 	Display Frame 2
217.5501 	EXP 	Display Frame 3
217.6502 	EXP 	Display Frame 4
217.7501 	EXP 	Display Frame 5
217.8501 	EXP 	Display Frame 6
217.9501 	EXP 	Display Frame 7
218.0501 	EXP 	Display Frame 8
218.1498 	EXP 	Display Frame 9
218.2499 	EXP 	Display Frame 0
218.3501 	EXP 	Display Frame 1
218.4500 	EXP 	Display Frame 2
218.5501 	EXP 	Display Frame 3
218.6500 	EXP 	Display Frame 4
218.7502 	EXP 	Display Frame 5
218.8501 	EXP 	Display Frame 6
218.9501 	EXP 	Display Frame 7
219.0501 	EXP 	Display Frame 8
219.1501 	EXP 	Display Frame 9
219.2501 	EXP 	Display Frame 0
219.3501 	EXP 	Display Frame 1
219.4501 	EXP 	Display Frame 2
219.5501 	EXP 	Display Frame 3
219.6501 	EXP 	Display Frame 4
219.7497 	EXP 	Display Frame 5
219.8507 	EXP 	Display Frame 6
219.9501 	EXP 	Display Frame 7
220.0501 	EXP 	Display Frame 8
220.1501 	EXP 	Display Frame 9
220.2520 	EXP 	Display Frame 0
220.3501 	EXP 	Display Frame 1
220.4501 	EXP 	Display Frame 2
220.5502 	EXP 	Display Frame 3
220.6501 	EXP 	Display Frame 4
220.7501 	EXP 	Display Frame 5
220.8500 	EXP 	Display Frame 6
220.9501 	EXP 	Display Frame 7
221.0501 	EXP 	Display Frame 8
221.1499 	EXP 	Display Frame 9
221.2501 	EXP 	Display Frame 0
221.3499 	EXP 	Display Frame 1
221.4501 	EXP 	Display Frame 2
221.5501 	EXP 	Display Frame 3
221.6502 	EXP 	Display Frame 4
221.7501 	EXP 	Display Frame 5
221.8502 	EXP 	Display Frame 6
221.9501 	EXP 	Display Frame 7
222.0500 	EXP 	Display Frame 8
222.1501 	EXP 	Display Frame 9
222.2502 	EXP 	Display Frame 0
222.3502 	EXP 	Display Frame 1
222.4502 	EXP 	Display Frame 2
222.5501 	EXP 	Display Frame 3
222.6498 	EXP 	Display Frame 4
222.7498 	EXP 	Display Frame 5
222.8500 	EXP 	Display Frame 6
222.9501 	EXP 	Display Frame 7
223.0501 	EXP 	Display Frame 8
223.1502 	EXP 	Display Frame 9
223.2501 	EXP 	Display Frame 0
223.3501 	EXP 	Display Frame 1
223.4500 	EXP 	Display Frame 2
223.5499 	EXP 	Display Frame 3
223.6498 	EXP 	Display Frame 4
223.7501 	EXP 	Display Frame 5
223.8501 	EXP 	Display Frame 6
223.9500 	EXP 	Display Frame 7
224.0499 	EXP 	Display Frame 8
224.1501 	EXP 	Display Frame 9
224.2501 	EXP 	Display Frame 0
224.3501 	EXP 	Display Frame 1
224.4501 	EXP 	Display Frame 2
224.5501 	EXP 	Display Frame 3
224.6501 	EXP 	Display Frame 4
224.7496 	EXP 	Display Frame 5
224.8502 	EXP 	Display Frame 6
224.9501 	EXP 	Display Frame 7
225.0500 	EXP 	Display Frame 8
225.1501 	EXP 	Display Frame 9
225.2500 	EXP 	Display Frame 0
225.3501 	EXP 	Display Frame 1
225.4501 	EXP 	Display Frame 2
225.5501 	EXP 	Display Frame 3
225.6501 	EXP 	Display Frame 4
225.7499 	EXP 	Display Frame 5
225.8499 	EXP 	Display Frame 6
225.9501 	EXP 	Display Frame 7
226.0500 	EXP 	Display Frame 8
226.1500 	EXP 	Display Frame 9
226.2501 	EXP 	Display Frame 0
226.3501 	EXP 	Display Frame 1
226.4502 	EXP 	Display Frame 2
226.5501 	EXP 	Display Frame 3
226.6527 	EXP 	Display Frame 4
226.7501 	EXP 	Display Frame 5
226.8500 	EXP 	Display Frame 6
226.9501 	EXP 	Display Frame 7
227.0500 	EXP 	Display Frame 8
227.1501 	EXP 	Display Frame 9
227.2501 	EXP 	Display Frame 0
227.3501 	EXP 	Display Frame 1
227.4501 	EXP 	Display Frame 2
227.5501 	EXP 	Display Frame 3
227.6502 	EXP 	Display Frame 4
227.7501 	EXP 	Display Frame 5
227.8501 	EXP 	Display Frame 6
227.9501 	EXP 	Display Frame 7
228.0502 	EXP 	Display Frame 8
228.1500 	EXP 	Display Frame 9
228.2501 	EXP 	Display Frame 0
228.3501 	EXP 	Display Frame 1
228.4501 	EXP 	Display Frame 2
228.5501 	EXP 	Display Frame 3
228.6503 	EXP 	Display Frame 4
228.7501 	EXP 	Display Frame 5
228.8499 	EXP 	Display Frame 6
228.9499 	EXP 	Display Frame 7
229.0501 	EXP 	Display Frame 8
229.1501 	EXP 	Display Frame 9
229.2501 	EXP 	Display Frame 0
229.3501 	EXP 	Display Frame 1
229.4502 	EXP 	Display Frame 2
229.5501 	EXP 	Display Frame 3
229.6502 	EXP 	Display Frame 4
229.7496 	EXP 	Display Frame 5
229.8522 	EXP 	Display Frame 6
229.9500 	EXP 	Display Frame 7
230.0501 	EXP 	Display Frame 8
230.1500 	EXP 	Display Frame 9
230.2501 	EXP 	Display Frame 0
230.3500 	EXP 	Display Frame 1
230.4501 	EXP 	Display Frame 2
230.5501 	EXP 	Display Frame 3
230.6501 	EXP 	Display Frame 4
230.7501 	EXP 	Display Frame 5
230.8501 	EXP 	Display Frame 6
230.9498 	EXP 	Display Frame 7
231.0499 	EXP 	Display Frame 8
231.1501 	EXP 	Display Frame 9
231.2500 	EXP 	Display Frame 0
231.3501 	EXP 	Display Frame 1
231.4502 	EXP 	Display Frame 2
231.5501 	EXP 	Display Frame 3
231.6502 	EXP 	Display Frame 4
231.7501 	EXP 	Display Frame 5
231.8501 	EXP 	Display Frame 6
231.9501 	EXP 	Display Frame 7
232.0501 	EXP 	Display Frame 8
232.1501 	EXP 	Display Frame 9
232.2501 	EXP 	Display Frame 0
232.3501 	EXP 	Display Frame 1
232.4501 	EXP 	Display Frame 2
232.5501 	EXP 	Display Frame 3
232.6501 	EXP 	Display Frame 4
232.7501 	EXP 	Display Frame 5
232.8502 	EXP 	Display Frame 6
232.9501 	EXP 	Display Frame 7
233.0501 	EXP 	Display Frame 8
233.1501 	EXP 	Display Frame 9
233.2501 	EXP 	Display Frame 0
233.3501 	EXP 	Display Frame 1
233.4501 	EXP 	Display Frame 2
233.5501 	EXP 	Display Frame 3
233.6501 	EXP 	Display Frame 4
233.7501 	EXP 	Display Frame 5
233.8501 	EXP 	Display Frame 6
233.9501 	EXP 	Display Frame 7
234.0499 	EXP 	Display Frame 8
234.1498 	EXP 	Display Frame 9
234.2499 	EXP 	Display Frame 0
234.3499 	EXP 	Display Frame 1
234.4501 	EXP 	Display Frame 2
234.5501 	EXP 	Display Frame 3
234.6501 	EXP 	Display Frame 4
234.7496 	EXP 	Display Frame 5
234.8507 	EXP 	Display Frame 6
234.9503 	EXP 	Display Frame 7
235.0500 	EXP 	Display Frame 8
235.1501 	EXP 	Display Frame 9
235.2500 	EXP 	Display Frame 0
235.3501 	EXP 	Display Frame 1
235.4501 	EXP 	Display Frame 2
235.5501 	EXP 	Display Frame 3
235.6501 	EXP 	Display Frame 4
235.7501 	EXP 	Display Frame 5
235.8499 	EXP 	Display Frame 6
235.9501 	EXP 	Display Frame 7
236.0500 	EXP 	Display Frame 8
236.1501 	EXP 	Display Frame 9
236.2513 	EXP 	Display Frame 0
236.3500 	EXP 	Display Frame 1
236.4501 	EXP 	Display Frame 2
236.5500 	EXP 	Display Frame 3
236.6501 	EXP 	Display Frame 4
236.7501 	EXP 	Display Frame 5
236.8501 	EXP 	Display Frame 6
236.9501 	EXP 	Display Frame 7
237.0500 	EXP 	Display Frame 8
237.1502 	EXP 	Display Frame 9
237.2501 	EXP 	Display Frame 0
237.3501 	EXP 	Display Frame 1
237.4501 	EXP 	Display Frame 2
237.5501 	EXP 	Display Frame 3
237.6501 	EXP 	Display Frame 4
237.7501 	EXP 	Display Frame 5
237.8501 	EXP 	Display Frame 6
237.9501 	EXP 	Display Frame 7
238.0501 	EXP 	Display Frame 8
238.1501 	EXP 	Display Frame 9
238.2501 	EXP 	Display Frame 0
238.3501 	EXP 	Display Frame 1
238.4502 	EXP 	Display Frame 2
238.5501 	EXP 	Display Frame 3
238.6501 	EXP 	Display Frame 4
238.7501 	EXP 	Display Frame 5
238.8501 	EXP 	Display Frame 6
238.9501 	EXP 	Display Frame 7
239.0500 	EXP 	Display Frame 8
239.1501 	EXP 	Display Frame 9
239.2501 	EXP 	Display Frame 0
239.3501 	EXP 	Display Frame 1
239.4501 	EXP 	Display Frame 2
239.5498 	EXP 	Display Frame 3
239.6499 	EXP 	Display Frame 4
239.7496 	EXP 	Display Frame 5
239.8500 	EXP 	Display Frame 6
239.9501 	EXP 	Display Frame 7
240.0500 	EXP 	Display Frame 8
240.1501 	EXP 	Display Frame 9
240.2500 	EXP 	Display Frame 0
240.3502 	EXP 	Display Frame 1
240.4501 	EXP 	Display Frame 2
240.5499 	EXP 	Display Frame 3
240.6501 	EXP 	Display Frame 4
240.7499 	EXP 	Display Frame 5
240.8498 	EXP 	Display Frame 6
240.9500 	EXP 	Display Frame 7
241.0500 	EXP 	Display Frame 8
241.1500 	EXP 	Display Frame 9
241.2500 	EXP 	Display Frame 0
241.3503 	EXP 	Display Frame 1
241.4501 	EXP 	Display Frame 2
241.5501 	EXP 	Display Frame 3
241.6500 	EXP 	Display Frame 4
241.7501 	EXP 	Display Frame 5
241.8501 	EXP 	Display Frame 6
241.9501 	EXP 	Display Frame 7
242.0497 	EXP 	Display Frame 8
242.1498 	EXP 	Display Frame 9
242.2501 	EXP 	Display Frame 0
242.3501 	EXP 	Display Frame 1
242.4501 	EXP 	Display Frame 2
242.5501 	EXP 	Display Frame 3
242.6501 	EXP 	Display Frame 4
242.7501 	EXP 	Display Frame 5
242.8502 	EXP 	Display Frame 6
242.9501 	EXP 	Display Frame 7
243.0501 	EXP 	Display Frame 8
243.1501 	EXP 	Display Frame 9
243.2501 	EXP 	Display Frame 0
243.3501 	EXP 	Display Frame 1
243.4501 	EXP 	Display Frame 2
243.5501 	EXP 	Display Frame 3
243.6501 	EXP 	Display Frame 4
243.7501 	EXP 	Display Frame 5
243.8501 	EXP 	Display Frame 6
243.9501 	EXP 	Display Frame 7
244.0501 	EXP 	Display Frame 8
244.1501 	EXP 	Display Frame 9
244.2501 	EXP 	Display Frame 0
244.3501 	EXP 	Display Frame 1
244.4501 	EXP 	Display Frame 2
244.5501 	EXP 	Display Frame 3
244.6501 	EXP 	Display Frame 4
244.7497 	EXP 	Display Frame 5
244.8499 	EXP 	Display Frame 6
244.9499 	EXP 	Display Frame 7
245.0500 	EXP 	Display Frame 8
245.1500 	EXP 	Display Frame 9
245.2501 	EXP 	Display Frame 0
245.3500 	EXP 	Display Frame 1
245.4501 	EXP 	Display Frame 2
245.5501 	EXP 	Display Frame 3
245.6502 	EXP 	Display Frame 4
245.7501 	EXP 	Display Frame 5
245.8501 	EXP 	Display Frame 6
245.9501 	EXP 	Display Frame 7
246.0500 	EXP 	Display Frame 8
246.1501 	EXP 	Display Frame 9
246.2500 	EXP 	Display Frame 0
246.3501 	EXP 	Display Frame 1
246.4500 	EXP 	Display Frame 2
246.5500 	EXP 	Display Frame 3
246.6501 	EXP 	Display Frame 4
246.7501 	EXP 	Display Frame 5
246.8501 	EXP 	Display Frame 6
246.9501 	EXP 	Display Frame 7
247.0501 	EXP 	Display Frame 8
247.1501 	EXP 	Display Frame 9
247.2501 	EXP 	Display Frame 0
247.3501 	EXP 	Display Frame 1
247.4501 	EXP 	Display Frame 2
247.5501 	EXP 	Display Frame 3
247.6503 	EXP 	Display Frame 4
247.7501 	EXP 	Display Frame 5
247.8502 	EXP 	Display Frame 6
247.9501 	EXP 	Display Frame 7
248.0500 	EXP 	Display Frame 8
248.1501 	EXP 	Display Frame 9
248.2501 	EXP 	Display Frame 0
248.3501 	EXP 	Display Frame 1
248.4501 	EXP 	Display Frame 2
248.5501 	EXP 	Display Frame 3
248.6501 	EXP 	Display Frame 4
248.7501 	EXP 	Display Frame 5
248.8501 	EXP 	Display Frame 6
248.9501 	EXP 	Display Frame 7
249.0500 	EXP 	Display Frame 8
249.1501 	EXP 	Display Frame 9
249.2501 	EXP 	Display Frame 0
249.3501 	EXP 	Display Frame 1
249.4501 	EXP 	Display Frame 2
249.5501 	EXP 	Display Frame 3
249.6501 	EXP 	Display Frame 4
249.7497 	EXP 	Display Frame 5
249.8502 	EXP 	Display Frame 6
249.9499 	EXP 	Display Frame 7
250.0500 	EXP 	Display Frame 8
250.1496 	EXP 	Display Frame 9
250.2498 	EXP 	Display Frame 0
250.3501 	EXP 	Display Frame 1
250.4500 	EXP 	Display Frame 2
250.5501 	EXP 	Display Frame 3
250.6500 	EXP 	Display Frame 4
250.7501 	EXP 	Display Frame 5
250.8499 	EXP 	Display Frame 6
250.9501 	EXP 	Display Frame 7
251.0498 	EXP 	Display Frame 8
251.1502 	EXP 	Display Frame 9
251.2501 	EXP 	Display Frame 0
251.3498 	EXP 	Display Frame 1
251.4501 	EXP 	Display Frame 2
251.5501 	EXP 	Display Frame 3
251.6501 	EXP 	Display Frame 4
251.7501 	EXP 	Display Frame 5
251.8502 	EXP 	Display Frame 6
251.9501 	EXP 	Display Frame 7
252.0501 	EXP 	Display Frame 8
252.1501 	EXP 	Display Frame 9
252.2501 	EXP 	Display Frame 0
252.3501 	EXP 	Display Frame 1
252.4501 	EXP 	Display Frame 2
252.5501 	EXP 	Display Frame 3
252.6501 	EXP 	Display Frame 4
252.7501 	EXP 	Display Frame 5
252.8501 	EXP 	Display Frame 6
252.9502 	EXP 	Display Frame 7
253.0501 	EXP 	Display Frame 8
253.1501 	EXP 	Display Frame 9
253.2502 	EXP 	Display Frame 0
253.3501 	EXP 	Display Frame 1
253.4501 	EXP 	Display Frame 2
253.5501 	EXP 	Display Frame 3
253.6502 	EXP 	Display Frame 4
253.7501 	EXP 	Display Frame 5
253.8500 	EXP 	Display Frame 6
253.9500 	EXP 	Display Frame 7
254.0504 	EXP 	Display Frame 8
254.1501 	EXP 	Display Frame 9
254.2500 	EXP 	Display Frame 0
254.3501 	EXP 	Display Frame 1
254.4501 	EXP 	Display Frame 2
254.5501 	EXP 	Display Frame 3
254.6501 	EXP 	Display Frame 4
254.7497 	EXP 	Display Frame 5
254.8508 	EXP 	Display Frame 6
254.9501 	EXP 	Display Frame 7
255.0501 	EXP 	Display Frame 8
255.1501 	EXP 	Display Frame 9
255.2501 	EXP 	Display Frame 0
255.3501 	EXP 	Display Frame 1
255.4518 	EXP 	Display Frame 2
255.5498 	EXP 	Display Frame 3
255.6498 	EXP 	Display Frame 4
255.7499 	EXP 	Display Frame 5
255.8499 	EXP 	Display Frame 6
255.9500 	EXP 	Display Frame 7
256.0500 	EXP 	Display Frame 8
256.1501 	EXP 	Display Frame 9
256.2501 	EXP 	Display Frame 0
256.3501 	EXP 	Display Frame 1
256.4501 	EXP 	Display Frame 2
256.5500 	EXP 	Display Frame 3
256.6501 	EXP 	Display Frame 4
256.7501 	EXP 	Display Frame 5
256.8501 	EXP 	Display Frame 6
256.9501 	EXP 	Display Frame 7
257.0501 	EXP 	Display Frame 8
257.1501 	EXP 	Display Frame 9
257.2501 	EXP 	Display Frame 0
257.3501 	EXP 	Display Frame 1
257.4501 	EXP 	Display Frame 2
257.5501 	EXP 	Display Frame 3
257.6501 	EXP 	Display Frame 4
257.7500 	EXP 	Display Frame 5
257.8502 	EXP 	Display Frame 6
257.9501 	EXP 	Display Frame 7
258.0501 	EXP 	Display Frame 8
258.1501 	EXP 	Display Frame 9
258.2501 	EXP 	Display Frame 0
258.3501 	EXP 	Display Frame 1
258.4501 	EXP 	Display Frame 2
258.5501 	EXP 	Display Frame 3
258.6502 	EXP 	Display Frame 4
258.7501 	EXP 	Display Frame 5
258.8501 	EXP 	Display Frame 6
258.9501 	EXP 	Display Frame 7
259.0501 	EXP 	Display Frame 8
259.1501 	EXP 	Display Frame 9
259.2501 	EXP 	Display Frame 0
259.3501 	EXP 	Display Frame 1
259.4501 	EXP 	Display Frame 2
259.5502 	EXP 	Display Frame 3
259.6501 	EXP 	Display Frame 4
259.7497 	EXP 	Display Frame 5
259.8507 	EXP 	Display Frame 6
259.9500 	EXP 	Display Frame 7
260.0499 	EXP 	Display Frame 8
260.1498 	EXP 	Display Frame 9
260.2502 	EXP 	Display Frame 0
260.3505 	EXP 	Display Frame 1
260.4501 	EXP 	Display Frame 2
260.5500 	EXP 	Display Frame 3
260.6500 	EXP 	Display Frame 4
260.7499 	EXP 	Display Frame 5
260.8498 	EXP 	Display Frame 6
260.9499 	EXP 	Display Frame 7
261.0500 	EXP 	Display Frame 8
261.1501 	EXP 	Display Frame 9
261.2500 	EXP 	Display Frame 0
261.3501 	EXP 	Display Frame 1
261.4500 	EXP 	Display Frame 2
261.5501 	EXP 	Display Frame 3
261.6502 	EXP 	Display Frame 4
261.7501 	EXP 	Display Frame 5
261.8540 	EXP 	Display Frame 6
261.9499 	EXP 	Display Frame 7
262.0497 	EXP 	Display Frame 8
262.1500 	EXP 	Display Frame 9
262.2501 	EXP 	Display Frame 0
262.3501 	EXP 	Display Frame 1
262.4501 	EXP 	Display Frame 2
262.5502 	EXP 	Display Frame 3
262.6501 	EXP 	Display Frame 4
262.7501 	EXP 	Display Frame 5
262.8502 	EXP 	Display Frame 6
262.9501 	EXP 	Display Frame 7
263.0502 	EXP 	Display Frame 8
263.1501 	EXP 	Display Frame 9
263.2501 	EXP 	Display Frame 0
263.3501 	EXP 	Display Frame 1
263.4501 	EXP 	Display Frame 2
263.5502 	EXP 	Display Frame 3
263.6501 	EXP 	Display Frame 4
263.7501 	EXP 	Display Frame 5
263.8501 	EXP 	Display Frame 6
263.9500 	EXP 	Display Frame 7
264.0501 	EXP 	Display Frame 8
264.1501 	EXP 	Display Frame 9
264.2501 	EXP 	Display Frame 0
264.3501 	EXP 	Display Frame 1
264.4501 	EXP 	Display Frame 2
264.5501 	EXP 	Display Frame 3
264.6502 	EXP 	Display Frame 4
264.7497 	EXP 	Display Frame 5
264.8507 	EXP 	Display Frame 6
264.9501 	EXP 	Display Frame 7
265.0514 	EXP 	Display Frame 8
265.1501 	EXP 	Display Frame 9
265.2500 	EXP 	Display Frame 0
265.3501 	EXP 	Display Frame 1
265.4501 	EXP 	Display Frame 2
265.5502 	EXP 	Display Frame 3
265.6501 	EXP 	Display Frame 4
265.7501 	EXP 	Display Frame 5
265.8499 	EXP 	Display Frame 6
265.9501 	EXP 	Display Frame 7
266.0501 	EXP 	Display Frame 8
266.1497 	EXP 	Display Frame 9
266.2499 	EXP 	Display Frame 0
266.3499 	EXP 	Display Frame 1
266.4501 	EXP 	Display Frame 2
266.5500 	EXP 	Display Frame 3
266.6500 	EXP 	Display Frame 4
266.7503 	EXP 	Display Frame 5
266.8501 	EXP 	Display Frame 6
266.9501 	EXP 	Display Frame 7
267.0501 	EXP 	Display Frame 8
267.1502 	EXP 	Display Frame 9
267.2502 	EXP 	Display Frame 0
267.3501 	EXP 	Display Frame 1
267.4501 	EXP 	Display Frame 2
267.5501 	EXP 	Display Frame 3
267.6502 	EXP 	Display Frame 4
267.7501 	EXP 	Display Frame 5
267.8501 	EXP 	Display Frame 6
267.9501 	EXP 	Display Frame 7
268.0501 	EXP 	Display Frame 8
268.1501 	EXP 	Display Frame 9
268.2501 	EXP 	Display Frame 0
268.3501 	EXP 	Display Frame 1
268.4501 	EXP 	Display Frame 2
268.5501 	EXP 	Display Frame 3
268.6501 	EXP 	Display Frame 4
268.7501 	EXP 	Display Frame 5
268.8501 	EXP 	Display Frame 6
268.9501 	EXP 	Display Frame 7
269.0501 	EXP 	Display Frame 8
269.1501 	EXP 	Display Frame 9
269.2501 	EXP 	Display Frame 0
269.3501 	EXP 	Display Frame 1
269.4501 	EXP 	Display Frame 2
269.5502 	EXP 	Display Frame 3
269.6501 	EXP 	Display Frame 4
269.7497 	EXP 	Display Frame 5
269.8502 	EXP 	Display Frame 6
269.9501 	EXP 	Display Frame 7
270.0500 	EXP 	Display Frame 8
270.1501 	EXP 	Display Frame 9
270.2501 	EXP 	Display Frame 0
270.3499 	EXP 	Display Frame 1
270.4501 	EXP 	Display Frame 2
270.5501 	EXP 	Display Frame 3
270.6501 	EXP 	Display Frame 4
270.7500 	EXP 	Display Frame 5
270.8498 	EXP 	Display Frame 6
270.9500 	EXP 	Display Frame 7
271.0499 	EXP 	Display Frame 8
271.1500 	EXP 	Display Frame 9
271.2501 	EXP 	Display Frame 0
271.3501 	EXP 	Display Frame 1
271.4499 	EXP 	Display Frame 2
271.5499 	EXP 	Display Frame 3
271.6500 	EXP 	Display Frame 4
271.7501 	EXP 	Display Frame 5
271.8501 	EXP 	Display Frame 6
271.9501 	EXP 	Display Frame 7
272.0500 	EXP 	Display Frame 8
272.1502 	EXP 	Display Frame 9
272.2501 	EXP 	Display Frame 0
272.3501 	EXP 	Display Frame 1
272.4501 	EXP 	Display Frame 2
272.5501 	EXP 	Display Frame 3
272.6501 	EXP 	Display Frame 4
272.7501 	EXP 	Display Frame 5
272.8502 	EXP 	Display Frame 6
272.9501 	EXP 	Display Frame 7
273.0503 	EXP 	Display Frame 8
273.1501 	EXP 	Display Frame 9
273.2501 	EXP 	Display Frame 0
273.3501 	EXP 	Display Frame 1
273.4502 	EXP 	Display Frame 2
273.5501 	EXP 	Display Frame 3
273.6501 	EXP 	Display Frame 4
273.7501 	EXP 	Display Frame 5
273.8499 	EXP 	Display Frame 6
273.9501 	EXP 	Display Frame 7
274.0500 	EXP 	Display Frame 8
274.1501 	EXP 	Display Frame 9
274.2501 	EXP 	Display Frame 0
274.3501 	EXP 	Display Frame 1
274.4501 	EXP 	Display Frame 2
274.5501 	EXP 	Display Frame 3
274.6502 	EXP 	Display Frame 4
274.7497 	EXP 	Display Frame 5
274.8506 	EXP 	Display Frame 6
274.9500 	EXP 	Display Frame 7
275.0500 	EXP 	Display Frame 8
275.1502 	EXP 	Display Frame 9
275.2501 	EXP 	Display Frame 0
275.3497 	EXP 	Display Frame 1
275.4502 	EXP 	Display Frame 2
275.5501 	EXP 	Display Frame 3
275.6501 	EXP 	Display Frame 4
275.7500 	EXP 	Display Frame 5
275.8499 	EXP 	Display Frame 6
275.9500 	EXP 	Display Frame 7
276.0500 	EXP 	Display Frame 8
276.1501 	EXP 	Display Frame 9
276.2500 	EXP 	Display Frame 0
276.3501 	EXP 	Display Frame 1
276.4501 	EXP 	Display Frame 2
276.5502 	EXP 	Display Frame 3
276.6501 	EXP 	Display Frame 4
276.7500 	EXP 	Display Frame 5
276.8499 	EXP 	Display Frame 6
276.9500 	EXP 	Display Frame 7
277.0501 	EXP 	Display Frame 8
277.1500 	EXP 	Display Frame 9
277.2501 	EXP 	Display Frame 0
277.3501 	EXP 	Display Frame 1
277.4501 	EXP 	Display Frame 2
277.5501 	EXP 	Display Frame 3
277.6501 	EXP 	Display Frame 4
277.7501 	EXP 	Display Frame 5
277.8502 	EXP 	Display Frame 6
277.9501 	EXP 	Display Frame 7
278.0501 	EXP 	Display Frame 8
278.1501 	EXP 	Display Frame 9
278.2501 	EXP 	Display Frame 0
278.3501 	EXP 	Display Frame 1
278.4501 	EXP 	Display Frame 2
278.5501 	EXP 	Display Frame 3
278.6501 	EXP 	Display Frame 4
278.7501 	EXP 	Display Frame 5
278.8501 	EXP 	Display Frame 6
278.9501 	EXP 	Display Frame 7
279.0501 	EXP 	Display Frame 8
279.1502 	EXP 	Display Frame 9
279.2501 	EXP 	Display Frame 0
279.3501 	EXP 	Display Frame 1
279.4503 	EXP 	Display Frame 2
279.5501 	EXP 	Display Frame 3
279.6502 	EXP 	Display Frame 4
279.7497 	EXP 	Display Frame 5
279.8507 	EXP 	Display Frame 6
279.9499 	EXP 	Display Frame 7
280.0501 	EXP 	Display Frame 8
280.1501 	EXP 	Display Frame 9
280.2500 	EXP 	Display Frame 0
280.3501 	EXP 	Display Frame 1
280.4501 	EXP 	Display Frame 2
280.5501 	EXP 	Display Frame 3
280.6501 	EXP 	Display Frame 4
280.7501 	EXP 	Display Frame 5
280.8499 	EXP 	Display Frame 6
280.9500 	EXP 	Display Frame 7
281.0498 	EXP 	Display Frame 8
281.1501 	EXP 	Display Frame 9
281.2500 	EXP 	Display Frame 0
281.3501 	EXP 	Display Frame 1
281.4501 	EXP 	Display Frame 2
281.5501 	EXP 	Display Frame 3
281.6502 	EXP 	Display Frame 4
281.7501 	EXP 	Display Frame 5
281.8501 	EXP 	Display Frame 6
281.9501 	EXP 	Display Frame 7
282.0501 	EXP 	Display Frame 8
282.1497 	EXP 	Display Frame 9
282.2499 	EXP 	Display Frame 0
282.3501 	EXP 	Display Frame 1
282.4500 	EXP 	Display Frame 2
282.5501 	EXP 	Display Frame 3
282.6500 	EXP 	Display Frame 4
282.7501 	EXP 	Display Frame 5
282.8502 	EXP 	Display Frame 6
282.9501 	EXP 	Display Frame 7
283.0501 	EXP 	Display Frame 8
283.1501 	EXP 	Display Frame 9
283.2501 	EXP 	Display Frame 0
283.3501 	EXP 	Display Frame 1
283.4501 	EXP 	Display Frame 2
283.5502 	EXP 	Display Frame 3
283.6501 	EXP 	Display Frame 4
283.7501 	EXP 	Display Frame 5
283.8501 	EXP 	Display Frame 6
283.9500 	EXP 	Display Frame 7
284.0501 	EXP 	Display Frame 8
284.1501 	EXP 	Display Frame 9
284.2501 	EXP 	Display Frame 0
284.3501 	EXP 	Display Frame 1
284.4501 	EXP 	Display Frame 2
284.5501 	EXP 	Display Frame 3
284.6501 	EXP 	Display Frame 4
284.7496 	EXP 	Display Frame 5
284.8507 	EXP 	Display Frame 6
284.9501 	EXP 	Display Frame 7
285.0501 	EXP 	Display Frame 8
285.1501 	EXP 	Display Frame 9
285.2501 	EXP 	Display Frame 0
285.3501 	EXP 	Display Frame 1
285.4501 	EXP 	Display Frame 2
285.5500 	EXP 	Display Frame 3
285.6501 	EXP 	Display Frame 4
285.7502 	EXP 	Display Frame 5
285.8500 	EXP 	Display Frame 6
285.9500 	EXP 	Display Frame 7
286.0499 	EXP 	Display Frame 8
286.1501 	EXP 	Display Frame 9
286.2501 	EXP 	Display Frame 0
286.3501 	EXP 	Display Frame 1
286.4501 	EXP 	Display Frame 2
286.5502 	EXP 	Display Frame 3
286.6501 	EXP 	Display Frame 4
286.7501 	EXP 	Display Frame 5
286.8502 	EXP 	Display Frame 6
286.9501 	EXP 	Display Frame 7
287.0501 	EXP 	Display Frame 8
287.1501 	EXP 	Display Frame 9
287.2501 	EXP 	Display Frame 0
287.3501 	EXP 	Display Frame 1
287.4501 	EXP 	Display Frame 2
287.5500 	EXP 	Display Frame 3
287.6501 	EXP 	Display Frame 4
287.7501 	EXP 	Display Frame 5
287.8501 	EXP 	Display Frame 6
287.9499 	EXP 	Display Frame 7
288.0501 	EXP 	Display Frame 8
288.1501 	EXP 	Display Frame 9
288.2501 	EXP 	Display Frame 0
288.3501 	EXP 	Display Frame 1
288.4501 	EXP 	Display Frame 2
288.5501 	EXP 	Display Frame 3
288.6501 	EXP 	Display Frame 4
288.7501 	EXP 	Display Frame 5
288.8501 	EXP 	Display Frame 6
288.9501 	EXP 	Display Frame 7
289.0501 	EXP 	Display Frame 8
289.1501 	EXP 	Display Frame 9
289.2500 	EXP 	Display Frame 0
289.3501 	EXP 	Display Frame 1
289.4501 	EXP 	Display Frame 2
289.5501 	EXP 	Display Frame 3
289.6502 	EXP 	Display Frame 4
289.7499 	EXP 	Display Frame 5
289.8501 	EXP 	Display Frame 6
289.9500 	EXP 	Display Frame 7
290.0501 	EXP 	Display Frame 8
290.1500 	EXP 	Display Frame 9
290.2501 	EXP 	Display Frame 0
290.3500 	EXP 	Display Frame 1
290.4501 	EXP 	Display Frame 2
290.5501 	EXP 	Display Frame 3
290.6499 	EXP 	Display Frame 4
290.7500 	EXP 	Display Frame 5
290.8499 	EXP 	Display Frame 6
290.9501 	EXP 	Display Frame 7
291.0500 	EXP 	Display Frame 8
291.1501 	EXP 	Display Frame 9
291.2500 	EXP 	Display Frame 0
291.3500 	EXP 	Display Frame 1
291.4501 	EXP 	Display Frame 2
291.5501 	EXP 	Display Frame 3
291.6501 	EXP 	Display Frame 4
291.7501 	EXP 	Display Frame 5
291.8501 	EXP 	Display Frame 6
291.9501 	EXP 	Display Frame 7
292.0501 	EXP 	Display Frame 8
292.1503 	EXP 	Display Frame 9
292.2501 	EXP 	Display Frame 0
292.3501 	EXP 	Display Frame 1
292.4501 	EXP 	Display Frame 2
292.5501 	EXP 	Display Frame 3
292.6502 	EXP 	Display Frame 4
292.7501 	EXP 	Display Frame 5
292.8499 	EXP 	Display Frame 6
292.9498 	EXP 	Display Frame 7
293.0501 	EXP 	Display Frame 8
293.1502 	EXP 	Display Frame 9
293.2501 	EXP 	Display Frame 0
293.3501 	EXP 	Display Frame 1
293.4501 	EXP 	Display Frame 2
293.5501 	EXP 	Display Frame 3
293.6502 	EXP 	Display Frame 4
293.7501 	EXP 	Display Frame 5
293.8501 	EXP 	Display Frame 6
293.9500 	EXP 	Display Frame 7
294.0501 	EXP 	Display Frame 8
294.1501 	EXP 	Display Frame 9
294.2501 	EXP 	Display Frame 0
294.3501 	EXP 	Display Frame 1
294.4501 	EXP 	Display Frame 2
294.5501 	EXP 	Display Frame 3
294.6501 	EXP 	Display Frame 4
294.7497 	EXP 	Display Frame 5
294.8508 	EXP 	Display Frame 6
294.9501 	EXP 	Display Frame 7
295.0501 	EXP 	Display Frame 8
295.1501 	EXP 	Display Frame 9
295.2501 	EXP 	Display Frame 0
295.3501 	EXP 	Display Frame 1
295.4501 	EXP 	Display Frame 2
295.5502 	EXP 	Display Frame 3
295.6501 	EXP 	Display Frame 4
295.7501 	EXP 	Display Frame 5
295.8499 	EXP 	Display Frame 6
295.9499 	EXP 	Display Frame 7
296.0499 	EXP 	Display Frame 8
296.1500 	EXP 	Display Frame 9
296.2501 	EXP 	Display Frame 0
296.3501 	EXP 	Display Frame 1
296.4501 	EXP 	Display Frame 2
296.5502 	EXP 	Display Frame 3
296.6501 	EXP 	Display Frame 4
296.7501 	EXP 	Display Frame 5
296.8502 	EXP 	Display Frame 6
296.9501 	EXP 	Display Frame 7
297.0501 	EXP 	Display Frame 8
297.1502 	EXP 	Display Frame 9
297.2501 	EXP 	Display Frame 0
297.3501 	EXP 	Display Frame 1
297.4501 	EXP 	Display Frame 2
297.5501 	EXP 	Display Frame 3
297.6501 	EXP 	Display Frame 4
297.7501 	EXP 	Display Frame 5
297.8501 	EXP 	Display Frame 6
297.9501 	EXP 	Display Frame 7
298.0501 	EXP 	Display Frame 8
298.1498 	EXP 	Display Frame 9
298.2500 	EXP 	Display Frame 0
298.3500 	EXP 	Display Frame 1
298.4501 	EXP 	Display Frame 2
298.5501 	EXP 	Display Frame 3
298.6502 	EXP 	Display Frame 4
298.7501 	EXP 	Display Frame 5
298.8502 	EXP 	Display Frame 6
298.9501 	EXP 	Display Frame 7
299.0501 	EXP 	Display Frame 8
299.1500 	EXP 	Display Frame 9
299.2501 	EXP 	Display Frame 0
299.3501 	EXP 	Display Frame 1
299.4501 	EXP 	Display Frame 2
299.5502 	EXP 	Display Frame 3
299.6501 	EXP 	Display Frame 4
299.7497 	EXP 	Display Frame 5
299.8508 	EXP 	Display Frame 6
299.9498 	EXP 	Display Frame 7
300.0501 	EXP 	Display Frame 8
300.1501 	EXP 	Display Frame 9
300.2498 	EXP 	Display Frame 0
300.3501 	EXP 	Display Frame 1
300.4501 	EXP 	Display Frame 2
300.5501 	EXP 	Display Frame 3
300.6502 	EXP 	Display Frame 4
300.7501 	EXP 	Display Frame 5
300.8499 	EXP 	Display Frame 6
300.9500 	EXP 	Display Frame 7
301.0501 	EXP 	Display Frame 8
301.1501 	EXP 	Display Frame 9
301.2501 	EXP 	Display Frame 0
301.3501 	EXP 	Display Frame 1
301.4502 	EXP 	Display Frame 2
301.5501 	EXP 	Display Frame 3
301.6501 	EXP 	Display Frame 4
301.7501 	EXP 	Display Frame 5
301.8502 	EXP 	Display Frame 6
301.9501 	EXP 	Display Frame 7
302.0501 	EXP 	Display Frame 8
302.1501 	EXP 	Display Frame 9
302.2501 	EXP 	Display Frame 0
302.3501 	EXP 	Display Frame 1
302.4502 	EXP 	Display Frame 2
302.5501 	EXP 	Display Frame 3
302.6501 	EXP 	Display Frame 4
302.7501 	EXP 	Display Frame 5
302.8501 	EXP 	Display Frame 6
302.9501 	EXP 	Display Frame 7
303.0501 	EXP 	Display Frame 8
303.1501 	EXP 	Display Frame 9
303.2501 	EXP 	Display Frame 0
303.3501 	EXP 	Display Frame 1
303.4501 	EXP 	Display Frame 2
303.5499 	EXP 	Display Frame 3
303.6501 	EXP 	Display Frame 4
303.7501 	EXP 	Display Frame 5
303.8500 	EXP 	Display Frame 6
303.9501 	EXP 	Display Frame 7
304.0500 	EXP 	Display Frame 8
304.1502 	EXP 	Display Frame 9
304.2501 	EXP 	Display Frame 0
304.3501 	EXP 	Display Frame 1
304.4501 	EXP 	Display Frame 2
304.5501 	EXP 	Display Frame 3
304.6501 	EXP 	Display Frame 4
304.7497 	EXP 	Display Frame 5
304.8501 	EXP 	Display Frame 6
304.9500 	EXP 	Display Frame 7
305.0500 	EXP 	Display Frame 8
305.1501 	EXP 	Display Frame 9
305.2501 	EXP 	Display Frame 0
305.3501 	EXP 	Display Frame 1
305.4501 	EXP 	Display Frame 2
305.5500 	EXP 	Display Frame 3
305.6501 	EXP 	Display Frame 4
305.7501 	EXP 	Display Frame 5
305.8499 	EXP 	Display Frame 6
305.9501 	EXP 	Display Frame 7
306.0500 	EXP 	Display Frame 8
306.1501 	EXP 	Display Frame 9
306.2500 	EXP 	Display Frame 0
306.3501 	EXP 	Display Frame 1
306.4501 	EXP 	Display Frame 2
306.5501 	EXP 	Display Frame 3
306.6499 	EXP 	Display Frame 4
306.7501 	EXP 	Display Frame 5
306.8502 	EXP 	Display Frame 6
306.9501 	EXP 	Display Frame 7
307.0500 	EXP 	Display Frame 8
307.1501 	EXP 	Display Frame 9
307.2501 	EXP 	Display Frame 0
307.3501 	EXP 	Display Frame 1
307.4501 	EXP 	Display Frame 2
307.5501 	EXP 	Display Frame 3
307.6501 	EXP 	Display Frame 4
307.7501 	EXP 	Display Frame 5
307.8502 	EXP 	Display Frame 6
307.9501 	EXP 	Display Frame 7
308.0501 	EXP 	Display Frame 8
308.1501 	EXP 	Display Frame 9
308.2501 	EXP 	Display Frame 0
308.3501 	EXP 	Display Frame 1
308.4501 	EXP 	Display Frame 2
308.5501 	EXP 	Display Frame 3
308.6501 	EXP 	Display Frame 4
308.7501 	EXP 	Display Frame 5
308.8498 	EXP 	Display Frame 6
308.9500 	EXP 	Display Frame 7
309.0500 	EXP 	Display Frame 8
309.1501 	EXP 	Display Frame 9
309.2501 	EXP 	Display Frame 0
309.3501 	EXP 	Display Frame 1
309.4501 	EXP 	Display Frame 2
309.5501 	EXP 	Display Frame 3
309.6502 	EXP 	Display Frame 4
309.7496 	EXP 	Display Frame 5
309.8500 	EXP 	Display Frame 6
309.9501 	EXP 	Display Frame 7
310.0500 	EXP 	Display Frame 8
310.1501 	EXP 	Display Frame 9
310.2500 	EXP 	Display Frame 0
310.3500 	EXP 	Display Frame 1
310.4502 	EXP 	Display Frame 2
310.5501 	EXP 	Display Frame 3
310.6501 	EXP 	Display Frame 4
310.7501 	EXP 	Display Frame 5
310.8499 	EXP 	Display Frame 6
310.9501 	EXP 	Display Frame 7
311.0499 	EXP 	Display Frame 8
311.1500 	EXP 	Display Frame 9
311.2498 	EXP 	Display Frame 0
311.3500 	EXP 	Display Frame 1
311.4500 	EXP 	Display Frame 2
311.5500 	EXP 	Display Frame 3
311.6501 	EXP 	Display Frame 4
311.7502 	EXP 	Display Frame 5
311.8501 	EXP 	Display Frame 6
311.9501 	EXP 	Display Frame 7
312.0501 	EXP 	Display Frame 8
312.1502 	EXP 	Display Frame 9
312.2501 	EXP 	Display Frame 0
312.3501 	EXP 	Display Frame 1
312.4501 	EXP 	Display Frame 2
312.5501 	EXP 	Display Frame 3
312.6501 	EXP 	Display Frame 4
312.7501 	EXP 	Display Frame 5
312.8501 	EXP 	Display Frame 6
312.9501 	EXP 	Display Frame 7
313.0501 	EXP 	Display Frame 8
313.1501 	EXP 	Display Frame 9
313.2501 	EXP 	Display Frame 0
313.3501 	EXP 	Display Frame 1
313.4502 	EXP 	Display Frame 2
313.5501 	EXP 	Display Frame 3
313.6501 	EXP 	Display Frame 4
313.7501 	EXP 	Display Frame 5
313.8499 	EXP 	Display Frame 6
313.9500 	EXP 	Display Frame 7
314.0500 	EXP 	Display Frame 8
314.1498 	EXP 	Display Frame 9
314.2498 	EXP 	Display Frame 0
314.3498 	EXP 	Display Frame 1
314.4500 	EXP 	Display Frame 2
314.5501 	EXP 	Display Frame 3
314.6500 	EXP 	Display Frame 4
314.7497 	EXP 	Display Frame 5
314.8500 	EXP 	Display Frame 6
314.9500 	EXP 	Display Frame 7
315.0500 	EXP 	Display Frame 8
315.1499 	EXP 	Display Frame 9
315.2501 	EXP 	Display Frame 0
315.3501 	EXP 	Display Frame 1
315.4501 	EXP 	Display Frame 2
315.5501 	EXP 	Display Frame 3
315.6501 	EXP 	Display Frame 4
315.7500 	EXP 	Display Frame 5
315.8499 	EXP 	Display Frame 6
315.9501 	EXP 	Display Frame 7
316.0501 	EXP 	Display Frame 8
316.1501 	EXP 	Display Frame 9
316.2498 	EXP 	Display Frame 0
316.3501 	EXP 	Display Frame 1
316.4500 	EXP 	Display Frame 2
316.5500 	EXP 	Display Frame 3
316.6502 	EXP 	Display Frame 4
316.7501 	EXP 	Display Frame 5
316.8501 	EXP 	Display Frame 6
316.9501 	EXP 	Display Frame 7
317.0501 	EXP 	Display Frame 8
317.1500 	EXP 	Display Frame 9
317.2501 	EXP 	Display Frame 0
317.3501 	EXP 	Display Frame 1
317.4503 	EXP 	Display Frame 2
317.5501 	EXP 	Display Frame 3
317.6501 	EXP 	Display Frame 4
317.7501 	EXP 	Display Frame 5
317.8502 	EXP 	Display Frame 6
317.9501 	EXP 	Display Frame 7
318.0500 	EXP 	Display Frame 8
318.1505 	EXP 	Display Frame 9
318.2501 	EXP 	Display Frame 0
318.3500 	EXP 	Display Frame 1
318.4500 	EXP 	Display Frame 2
318.5500 	EXP 	Display Frame 3
318.6502 	EXP 	Display Frame 4
318.7502 	EXP 	Display Frame 5
318.8501 	EXP 	Display Frame 6
318.9501 	EXP 	Display Frame 7
319.0501 	EXP 	Display Frame 8
319.1501 	EXP 	Display Frame 9
319.2500 	EXP 	Display Frame 0
319.3501 	EXP 	Display Frame 1
319.4504 	EXP 	Display Frame 2
319.5498 	EXP 	Display Frame 3
319.6512 	EXP 	Display Frame 4
319.7498 	EXP 	Display Frame 5
319.8499 	EXP 	Display Frame 6
319.9498 	EXP 	Display Frame 7
320.0497 	EXP 	Display Frame 8
320.1498 	EXP 	Display Frame 9
320.2501 	EXP 	Display Frame 0
320.3500 	EXP 	Display Frame 1
320.4503 	EXP 	Display Frame 2
320.5525 	EXP 	Display Frame 3
320.6503 	EXP 	Display Frame 4
320.7498 	EXP 	Display Frame 5
320.8498 	EXP 	Display Frame 6
320.9551 	EXP 	Display Frame 7
321.0497 	EXP 	Display Frame 8
321.1499 	EXP 	Display Frame 9
321.2503 	EXP 	Display Frame 0
321.3515 	EXP 	Display Frame 1
321.4503 	EXP 	Display Frame 2
321.5503 	EXP 	Display Frame 3
321.6500 	EXP 	Display Frame 4
321.7510 	EXP 	Display Frame 5
321.8521 	EXP 	Display Frame 6
321.9499 	EXP 	Display Frame 7
322.0498 	EXP 	Display Frame 8
322.1512 	EXP 	Display Frame 9
322.2499 	EXP 	Display Frame 0
322.3500 	EXP 	Display Frame 1
322.4504 	EXP 	Display Frame 2
322.5511 	EXP 	Display Frame 3
322.6501 	EXP 	Display Frame 4
322.7497 	EXP 	Display Frame 5
322.8512 	EXP 	Display Frame 6
322.9500 	EXP 	Display Frame 7
323.0501 	EXP 	Display Frame 8
323.1500 	EXP 	Display Frame 9
323.2510 	EXP 	Display Frame 0
323.3500 	EXP 	Display Frame 1
323.4502 	EXP 	Display Frame 2
323.5499 	EXP 	Display Frame 3
323.6522 	EXP 	Display Frame 4
323.7538 	EXP 	Display Frame 5
323.8502 	EXP 	Display Frame 6
323.9498 	EXP 	Display Frame 7
324.0501 	EXP 	Display Frame 8
324.1499 	EXP 	Display Frame 9
324.2512 	EXP 	Display Frame 0
324.3500 	EXP 	Display Frame 1
324.4510 	EXP 	Display Frame 2
324.5504 	EXP 	Display Frame 3
324.6500 	EXP 	Display Frame 4
324.7496 	EXP 	Display Frame 5
324.8499 	EXP 	Display Frame 6
324.9498 	EXP 	Display Frame 7
325.0499 	EXP 	Display Frame 8
325.1501 	EXP 	Display Frame 9
325.2500 	EXP 	Display Frame 0
325.3501 	EXP 	Display Frame 1
325.4501 	EXP 	Display Frame 2
325.5501 	EXP 	Display Frame 3
325.6502 	EXP 	Display Frame 4
325.7501 	EXP 	Display Frame 5
325.8499 	EXP 	Display Frame 6
325.9500 	EXP 	Display Frame 7
326.0500 	EXP 	Display Frame 8
326.1500 	EXP 	Display Frame 9
326.2501 	EXP 	Display Frame 0
326.3500 	EXP 	Display Frame 1
326.4501 	EXP 	Display Frame 2
326.5502 	EXP 	Display Frame 3
326.6501 	EXP 	Display Frame 4
326.7501 	EXP 	Display Frame 5
326.8498 	EXP 	Display Frame 6
326.9499 	EXP 	Display Frame 7
327.0497 	EXP 	Display Frame 8
327.1501 	EXP 	Display Frame 9
327.2501 	EXP 	Display Frame 0
327.3501 	EXP 	Display Frame 1
327.4501 	EXP 	Display Frame 2
327.5502 	EXP 	Display Frame 3
327.6501 	EXP 	Display Frame 4
327.7501 	EXP 	Display Frame 5
327.8501 	EXP 	Display Frame 6
327.9500 	EXP 	Display Frame 7
328.0500 	EXP 	Display Frame 8
328.1500 	EXP 	Display Frame 9
328.2501 	EXP 	Display Frame 0
328.3501 	EXP 	Display Frame 1
328.4502 	EXP 	Display Frame 2
328.5501 	EXP 	Display Frame 3
328.6501 	EXP 	Display Frame 4
328.7501 	EXP 	Display Frame 5
328.8502 	EXP 	Display Frame 6
328.9501 	EXP 	Display Frame 7
329.0501 	EXP 	Display Frame 8
329.1502 	EXP 	Display Frame 9
329.2501 	EXP 	Display Frame 0
329.3501 	EXP 	Display Frame 1
329.4501 	EXP 	Display Frame 2
329.5501 	EXP 	Display Frame 3
329.6501 	EXP 	Display Frame 4
329.7497 	EXP 	Display Frame 5
329.8504 	EXP 	Display Frame 6
329.9499 	EXP 	Display Frame 7
330.0500 	EXP 	Display Frame 8
330.1497 	EXP 	Display Frame 9
330.2501 	EXP 	Display Frame 0
330.3501 	EXP 	Display Frame 1
330.4501 	EXP 	Display Frame 2
330.5500 	EXP 	Display Frame 3
330.6501 	EXP 	Display Frame 4
330.7499 	EXP 	Display Frame 5
330.8499 	EXP 	Display Frame 6
330.9500 	EXP 	Display Frame 7
331.0501 	EXP 	Display Frame 8
331.1499 	EXP 	Display Frame 9
331.2500 	EXP 	Display Frame 0
331.3498 	EXP 	Display Frame 1
331.4500 	EXP 	Display Frame 2
331.5498 	EXP 	Display Frame 3
331.6497 	EXP 	Display Frame 4
331.7501 	EXP 	Display Frame 5
331.8502 	EXP 	Display Frame 6
331.9501 	EXP 	Display Frame 7
332.0501 	EXP 	Display Frame 8
332.1501 	EXP 	Display Frame 9
332.2501 	EXP 	Display Frame 0
332.3501 	EXP 	Display Frame 1
332.4502 	EXP 	Display Frame 2
332.5501 	EXP 	Display Frame 3
332.6501 	EXP 	Display Frame 4
332.7501 	EXP 	Display Frame 5
332.8501 	EXP 	Display Frame 6
332.9502 	EXP 	Display Frame 7
333.0501 	EXP 	Display Frame 8
333.1501 	EXP 	Display Frame 9
333.2501 	EXP 	Display Frame 0
333.3501 	EXP 	Display Frame 1
333.4501 	EXP 	Display Frame 2
333.5501 	EXP 	Display Frame 3
333.6501 	EXP 	Display Frame 4
333.7500 	EXP 	Display Frame 5
333.8501 	EXP 	Display Frame 6
333.9501 	EXP 	Display Frame 7
334.0500 	EXP 	Display Frame 8
334.1501 	EXP 	Display Frame 9
334.2501 	EXP 	Display Frame 0
334.3512 	EXP 	Display Frame 1
334.4502 	EXP 	Display Frame 2
334.5501 	EXP 	Display Frame 3
334.6501 	EXP 	Display Frame 4
334.7496 	EXP 	Display Frame 5
334.8507 	EXP 	Display Frame 6
334.9501 	EXP 	Display Frame 7
335.0500 	EXP 	Display Frame 8
335.1501 	EXP 	Display Frame 9
335.2501 	EXP 	Display Frame 0
335.3500 	EXP 	Display Frame 1
335.4496 	EXP 	Display Frame 2
335.5500 	EXP 	Display Frame 3
335.6500 	EXP 	Display Frame 4
335.7499 	EXP 	Display Frame 5
335.8499 	EXP 	Display Frame 6
335.9501 	EXP 	Display Frame 7
336.0500 	EXP 	Display Frame 8
336.1501 	EXP 	Display Frame 9
336.2500 	EXP 	Display Frame 0
336.3501 	EXP 	Display Frame 1
336.4501 	EXP 	Display Frame 2
336.5503 	EXP 	Display Frame 3
336.6502 	EXP 	Display Frame 4
336.7501 	EXP 	Display Frame 5
336.8501 	EXP 	Display Frame 6
336.9501 	EXP 	Display Frame 7
337.0501 	EXP 	Display Frame 8
337.1501 	EXP 	Display Frame 9
337.2501 	EXP 	Display Frame 0
337.3500 	EXP 	Display Frame 1
337.4501 	EXP 	Display Frame 2
337.5502 	EXP 	Display Frame 3
337.6501 	EXP 	Display Frame 4
337.7501 	EXP 	Display Frame 5
337.8501 	EXP 	Display Frame 6
337.9501 	EXP 	Display Frame 7
338.0501 	EXP 	Display Frame 8
338.1501 	EXP 	Display Frame 9
338.2501 	EXP 	Display Frame 0
338.3500 	EXP 	Display Frame 1
338.4502 	EXP 	Display Frame 2
338.5501 	EXP 	Display Frame 3
338.6501 	EXP 	Display Frame 4
338.7502 	EXP 	Display Frame 5
338.8501 	EXP 	Display Frame 6
338.9497 	EXP 	Display Frame 7
339.0501 	EXP 	Display Frame 8
339.1501 	EXP 	Display Frame 9
339.2501 	EXP 	Display Frame 0
339.3501 	EXP 	Display Frame 1
339.4501 	EXP 	Display Frame 2
339.5511 	EXP 	Display Frame 3
339.6501 	EXP 	Display Frame 4
339.7497 	EXP 	Display Frame 5
339.8502 	EXP 	Display Frame 6
339.9499 	EXP 	Display Frame 7
340.0501 	EXP 	Display Frame 8
340.1501 	EXP 	Display Frame 9
340.2500 	EXP 	Display Frame 0
340.3501 	EXP 	Display Frame 1
340.4500 	EXP 	Display Frame 2
340.5507 	EXP 	Display Frame 3
340.6500 	EXP 	Display Frame 4
340.7499 	EXP 	Display Frame 5
340.8499 	EXP 	Display Frame 6
340.9499 	EXP 	Display Frame 7
341.0500 	EXP 	Display Frame 8
341.1500 	EXP 	Display Frame 9
341.2501 	EXP 	Display Frame 0
341.3501 	EXP 	Display Frame 1
341.4502 	EXP 	Display Frame 2
341.5501 	EXP 	Display Frame 3
341.6502 	EXP 	Display Frame 4
341.7501 	EXP 	Display Frame 5
341.8499 	EXP 	Display Frame 6
341.9501 	EXP 	Display Frame 7
342.0500 	EXP 	Display Frame 8
342.1501 	EXP 	Display Frame 9
342.2502 	EXP 	Display Frame 0
342.3501 	EXP 	Display Frame 1
342.4502 	EXP 	Display Frame 2
342.5501 	EXP 	Display Frame 3
342.6501 	EXP 	Display Frame 4
342.7501 	EXP 	Display Frame 5
342.8503 	EXP 	Display Frame 6
342.9502 	EXP 	Display Frame 7
343.0501 	EXP 	Display Frame 8
343.1501 	EXP 	Display Frame 9
343.2501 	EXP 	Display Frame 0
343.3501 	EXP 	Display Frame 1
343.4502 	EXP 	Display Frame 2
343.5501 	EXP 	Display Frame 3
343.6501 	EXP 	Display Frame 4
343.7501 	EXP 	Display Frame 5
343.8501 	EXP 	Display Frame 6
343.9501 	EXP 	Display Frame 7
344.0500 	EXP 	Display Frame 8
344.1501 	EXP 	Display Frame 9
344.2501 	EXP 	Display Frame 0
344.3501 	EXP 	Display Frame 1
344.4501 	EXP 	Display Frame 2
344.5501 	EXP 	Display Frame 3
344.6502 	EXP 	Display Frame 4
344.7497 	EXP 	Display Frame 5
344.8501 	EXP 	Display Frame 6
344.9499 	EXP 	Display Frame 7
345.0498 	EXP 	Display Frame 8
345.1500 	EXP 	Display Frame 9
345.2501 	EXP 	Display Frame 0
345.3500 	EXP 	Display Frame 1
345.4501 	EXP 	Display Frame 2
345.5501 	EXP 	Display Frame 3
345.6502 	EXP 	Display Frame 4
345.7501 	EXP 	Display Frame 5
345.8499 	EXP 	Display Frame 6
345.9499 	EXP 	Display Frame 7
346.0500 	EXP 	Display Frame 8
346.1497 	EXP 	Display Frame 9
346.2498 	EXP 	Display Frame 0
346.3501 	EXP 	Display Frame 1
346.4500 	EXP 	Display Frame 2
346.5501 	EXP 	Display Frame 3
346.6501 	EXP 	Display Frame 4
346.7501 	EXP 	Display Frame 5
346.8501 	EXP 	Display Frame 6
346.9501 	EXP 	Display Frame 7
347.0501 	EXP 	Display Frame 8
347.1501 	EXP 	Display Frame 9
347.2501 	EXP 	Display Frame 0
347.3501 	EXP 	Display Frame 1
347.4502 	EXP 	Display Frame 2
347.5501 	EXP 	Display Frame 3
347.6498 	EXP 	Display Frame 4
347.7499 	EXP 	Display Frame 5
347.8499 	EXP 	Display Frame 6
347.9501 	EXP 	Display Frame 7
348.0500 	EXP 	Display Frame 8
348.1504 	EXP 	Display Frame 9
348.2500 	EXP 	Display Frame 0
348.3500 	EXP 	Display Frame 1
348.4500 	EXP 	Display Frame 2
348.5501 	EXP 	Display Frame 3
348.6501 	EXP 	Display Frame 4
348.7501 	EXP 	Display Frame 5
348.8501 	EXP 	Display Frame 6
348.9501 	EXP 	Display Frame 7
349.0501 	EXP 	Display Frame 8
349.1501 	EXP 	Display Frame 9
349.2503 	EXP 	Display Frame 0
349.3501 	EXP 	Display Frame 1
349.4502 	EXP 	Display Frame 2
349.5501 	EXP 	Display Frame 3
349.6502 	EXP 	Display Frame 4
349.7497 	EXP 	Display Frame 5
349.8502 	EXP 	Display Frame 6
349.9500 	EXP 	Display Frame 7
350.0499 	EXP 	Display Frame 8
350.1501 	EXP 	Display Frame 9
350.2501 	EXP 	Display Frame 0
350.3500 	EXP 	Display Frame 1
350.4502 	EXP 	Display Frame 2
350.5501 	EXP 	Display Frame 3
350.6501 	EXP 	Display Frame 4
350.7501 	EXP 	Display Frame 5
350.8499 	EXP 	Display Frame 6
350.9501 	EXP 	Display Frame 7
351.0501 	EXP 	Display Frame 8
351.1501 	EXP 	Display Frame 9
351.2501 	EXP 	Display Frame 0
351.3500 	EXP 	Display Frame 1
351.4497 	EXP 	Display Frame 2
351.5498 	EXP 	Display Frame 3
351.6501 	EXP 	Display Frame 4
351.7500 	EXP 	Display Frame 5
351.8501 	EXP 	Display Frame 6
351.9501 	EXP 	Display Frame 7
352.0500 	EXP 	Display Frame 8
352.1502 	EXP 	Display Frame 9
352.2501 	EXP 	Display Frame 0
352.3501 	EXP 	Display Frame 1
352.4502 	EXP 	Display Frame 2
352.5501 	EXP 	Display Frame 3
352.6502 	EXP 	Display Frame 4
352.7501 	EXP 	Display Frame 5
352.8501 	EXP 	Display Frame 6
352.9501 	EXP 	Display Frame 7
353.0501 	EXP 	Display Frame 8
353.1502 	EXP 	Display Frame 9
353.2501 	EXP 	Display Frame 0
353.3501 	EXP 	Display Frame 1
353.4501 	EXP 	Display Frame 2
353.5502 	EXP 	Display Frame 3
353.6501 	EXP 	Display Frame 4
353.7501 	EXP 	Display Frame 5
353.8500 	EXP 	Display Frame 6
353.9500 	EXP 	Display Frame 7
354.0501 	EXP 	Display Frame 8
354.1501 	EXP 	Display Frame 9
354.2501 	EXP 	Display Frame 0
354.3501 	EXP 	Display Frame 1
354.4501 	EXP 	Display Frame 2
354.5501 	EXP 	Display Frame 3
354.6501 	EXP 	Display Frame 4
354.7497 	EXP 	Display Frame 5
354.8502 	EXP 	Display Frame 6
354.9501 	EXP 	Display Frame 7
355.0500 	EXP 	Display Frame 8
355.1501 	EXP 	Display Frame 9
355.2501 	EXP 	Display Frame 0
355.3501 	EXP 	Display Frame 1
355.4502 	EXP 	Display Frame 2
355.5502 	EXP 	Display Frame 3
355.6502 	EXP 	Display Frame 4
355.7500 	EXP 	Display Frame 5
355.8499 	EXP 	Display Frame 6
355.9501 	EXP 	Display Frame 7
356.0499 	EXP 	Display Frame 8
356.1500 	EXP 	Display Frame 9
356.2501 	EXP 	Display Frame 0
356.3502 	EXP 	Display Frame 1
356.4501 	EXP 	Display Frame 2
356.5501 	EXP 	Display Frame 3
356.6501 	EXP 	Display Frame 4
356.7498 	EXP 	Display Frame 5
356.8500 	EXP 	Display Frame 6
356.9499 	EXP 	Display Frame 7
357.0502 	EXP 	Display Frame 8
357.1500 	EXP 	Display Frame 9
357.2500 	EXP 	Display Frame 0
357.3501 	EXP 	Display Frame 1
357.4501 	EXP 	Display Frame 2
357.5501 	EXP 	Display Frame 3
357.6502 	EXP 	Display Frame 4
357.7501 	EXP 	Display Frame 5
357.8502 	EXP 	Display Frame 6
357.9501 	EXP 	Display Frame 7
358.0501 	EXP 	Display Frame 8
358.1501 	EXP 	Display Frame 9
358.2501 	EXP 	Display Frame 0
358.3501 	EXP 	Display Frame 1
358.4502 	EXP 	Display Frame 2
358.5501 	EXP 	Display Frame 3
358.6501 	EXP 	Display Frame 4
358.7501 	EXP 	Display Frame 5
358.8501 	EXP 	Display Frame 6
358.9501 	EXP 	Display Frame 7
359.0501 	EXP 	Display Frame 8
359.1501 	EXP 	Display Frame 9
359.2501 	EXP 	Display Frame 0
359.3501 	EXP 	Display Frame 1
359.4501 	EXP 	Display Frame 2
359.5500 	EXP 	Display Frame 3
359.6501 	EXP 	Display Frame 4
359.7496 	EXP 	Display Frame 5
359.8501 	EXP 	Display Frame 6
359.9498 	EXP 	Display Frame 7
360.0500 	EXP 	Display Frame 8
360.1502 	EXP 	Display Frame 9
360.2501 	EXP 	Display Frame 0
360.3500 	EXP 	Display Frame 1
360.4501 	EXP 	Display Frame 2
360.5501 	EXP 	Display Frame 3
360.6501 	EXP 	Display Frame 4
360.7501 	EXP 	Display Frame 5
360.8498 	EXP 	Display Frame 6
360.9501 	EXP 	Display Frame 7
361.0499 	EXP 	Display Frame 8
361.1501 	EXP 	Display Frame 9
361.2500 	EXP 	Display Frame 0
361.3496 	EXP 	Display Frame 1
361.4500 	EXP 	Display Frame 2
361.5498 	EXP 	Display Frame 3
361.6500 	EXP 	Display Frame 4
361.7501 	EXP 	Display Frame 5
361.8502 	EXP 	Display Frame 6
361.9503 	EXP 	Display Frame 7
362.0501 	EXP 	Display Frame 8
362.1498 	EXP 	Display Frame 9
362.2499 	EXP 	Display Frame 0
362.3501 	EXP 	Display Frame 1
362.4502 	EXP 	Display Frame 2
362.5501 	EXP 	Display Frame 3
362.6502 	EXP 	Display Frame 4
362.7501 	EXP 	Display Frame 5
362.8501 	EXP 	Display Frame 6
362.9501 	EXP 	Display Frame 7
363.0500 	EXP 	Display Frame 8
363.1501 	EXP 	Display Frame 9
363.2501 	EXP 	Display Frame 0
363.3501 	EXP 	Display Frame 1
363.4501 	EXP 	Display Frame 2
363.5501 	EXP 	Display Frame 3
363.6501 	EXP 	Display Frame 4
363.7501 	EXP 	Display Frame 5
363.8501 	EXP 	Display Frame 6
363.9500 	EXP 	Display Frame 7
364.0501 	EXP 	Display Frame 8
364.1501 	EXP 	Display Frame 9
364.2501 	EXP 	Display Frame 0
364.3500 	EXP 	Display Frame 1
364.4502 	EXP 	Display Frame 2
364.5501 	EXP 	Display Frame 3
364.6501 	EXP 	Display Frame 4
364.7497 	EXP 	Display Frame 5
364.8507 	EXP 	Display Frame 6
364.9500 	EXP 	Display Frame 7
365.0500 	EXP 	Display Frame 8
365.1501 	EXP 	Display Frame 9
365.2498 	EXP 	Display Frame 0
365.3501 	EXP 	Display Frame 1
365.4500 	EXP 	Display Frame 2
365.5501 	EXP 	Display Frame 3
365.6499 	EXP 	Display Frame 4
365.7499 	EXP 	Display Frame 5
365.8499 	EXP 	Display Frame 6
365.9502 	EXP 	Display Frame 7
366.0500 	EXP 	Display Frame 8
366.1501 	EXP 	Display Frame 9
366.2501 	EXP 	Display Frame 0
366.3520 	EXP 	Display Frame 1
366.4501 	EXP 	Display Frame 2
366.5501 	EXP 	Display Frame 3
366.6501 	EXP 	Display Frame 4
366.7501 	EXP 	Display Frame 5
366.8501 	EXP 	Display Frame 6
366.9501 	EXP 	Display Frame 7
367.0500 	EXP 	Display Frame 8
367.1501 	EXP 	Display Frame 9
367.2500 	EXP 	Display Frame 0
367.3501 	EXP 	Display Frame 1
367.4497 	EXP 	Display Frame 2
367.5500 	EXP 	Display Frame 3
367.6500 	EXP 	Display Frame 4
367.7501 	EXP 	Display Frame 5
367.8500 	EXP 	Display Frame 6
367.9501 	EXP 	Display Frame 7
368.0501 	EXP 	Display Frame 8
368.1501 	EXP 	Display Frame 9
368.2503 	EXP 	Display Frame 0
368.3501 	EXP 	Display Frame 1
368.4501 	EXP 	Display Frame 2
368.5501 	EXP 	Display Frame 3
368.6501 	EXP 	Display Frame 4
368.7501 	EXP 	Display Frame 5
368.8501 	EXP 	Display Frame 6
368.9501 	EXP 	Display Frame 7
369.0501 	EXP 	Display Frame 8
369.1501 	EXP 	Display Frame 9
369.2499 	EXP 	Display Frame 0
369.3501 	EXP 	Display Frame 1
369.4501 	EXP 	Display Frame 2
369.5501 	EXP 	Display Frame 3
369.6501 	EXP 	Display Frame 4
369.7497 	EXP 	Display Frame 5
369.8507 	EXP 	Display Frame 6
369.9501 	EXP 	Display Frame 7
370.0500 	EXP 	Display Frame 8
370.1501 	EXP 	Display Frame 9
370.2500 	EXP 	Display Frame 0
370.3500 	EXP 	Display Frame 1
370.4501 	EXP 	Display Frame 2
370.5501 	EXP 	Display Frame 3
370.6499 	EXP 	Display Frame 4
370.7501 	EXP 	Display Frame 5
370.8499 	EXP 	Display Frame 6
370.9501 	EXP 	Display Frame 7
371.0500 	EXP 	Display Frame 8
371.1499 	EXP 	Display Frame 9
371.2500 	EXP 	Display Frame 0
371.3500 	EXP 	Display Frame 1
371.4501 	EXP 	Display Frame 2
371.5501 	EXP 	Display Frame 3
371.6501 	EXP 	Display Frame 4
371.7501 	EXP 	Display Frame 5
371.8501 	EXP 	Display Frame 6
371.9501 	EXP 	Display Frame 7
372.0501 	EXP 	Display Frame 8
372.1501 	EXP 	Display Frame 9
372.2501 	EXP 	Display Frame 0
372.3501 	EXP 	Display Frame 1
372.4501 	EXP 	Display Frame 2
372.5501 	EXP 	Display Frame 3
372.6501 	EXP 	Display Frame 4
372.7501 	EXP 	Display Frame 5
372.8498 	EXP 	Display Frame 6
372.9500 	EXP 	Display Frame 7
373.0498 	EXP 	Display Frame 8
373.1499 	EXP 	Display Frame 9
373.2498 	EXP 	Display Frame 0
373.3499 	EXP 	Display Frame 1
373.4499 	EXP 	Display Frame 2
373.5500 	EXP 	Display Frame 3
373.6501 	EXP 	Display Frame 4
373.7501 	EXP 	Display Frame 5
373.8501 	EXP 	Display Frame 6
373.9499 	EXP 	Display Frame 7
374.0506 	EXP 	Display Frame 8
374.1500 	EXP 	Display Frame 9
374.2498 	EXP 	Display Frame 0
374.3501 	EXP 	Display Frame 1
374.4500 	EXP 	Display Frame 2
374.5501 	EXP 	Display Frame 3
374.6501 	EXP 	Display Frame 4
374.7497 	EXP 	Display Frame 5
374.8503 	EXP 	Display Frame 6
374.9501 	EXP 	Display Frame 7
375.0500 	EXP 	Display Frame 8
375.1500 	EXP 	Display Frame 9
375.2499 	EXP 	Display Frame 0
375.3500 	EXP 	Display Frame 1
375.4502 	EXP 	Display Frame 2
375.5500 	EXP 	Display Frame 3
375.6501 	EXP 	Display Frame 4
375.7499 	EXP 	Display Frame 5
375.8499 	EXP 	Display Frame 6
375.9528 	EXP 	Display Frame 7
376.0501 	EXP 	Display Frame 8
376.1499 	EXP 	Display Frame 9
376.2500 	EXP 	Display Frame 0
376.3502 	EXP 	Display Frame 1
376.4501 	EXP 	Display Frame 2
376.5501 	EXP 	Display Frame 3
376.6500 	EXP 	Display Frame 4
376.7498 	EXP 	Display Frame 5
376.8500 	EXP 	Display Frame 6
376.9498 	EXP 	Display Frame 7
377.0503 	EXP 	Display Frame 8
377.1502 	EXP 	Display Frame 9
377.2501 	EXP 	Display Frame 0
377.3500 	EXP 	Display Frame 1
377.4501 	EXP 	Display Frame 2
377.5501 	EXP 	Display Frame 3
377.6501 	EXP 	Display Frame 4
377.7499 	EXP 	Display Frame 5
377.8502 	EXP 	Display Frame 6
377.9501 	EXP 	Display Frame 7
378.0500 	EXP 	Display Frame 8
378.1498 	EXP 	Display Frame 9
378.2497 	EXP 	Display Frame 0
378.3500 	EXP 	Display Frame 1
378.4499 	EXP 	Display Frame 2
378.5500 	EXP 	Display Frame 3
378.6497 	EXP 	Display Frame 4
378.7502 	EXP 	Display Frame 5
378.8501 	EXP 	Display Frame 6
378.9501 	EXP 	Display Frame 7
379.0502 	EXP 	Display Frame 8
379.1494 	DATA 	Keypress: q
379.1509 	EXP 	Display Frame 9
379.1650 	EXP 	topMsg: height = 0.1
379.1650 	EXP 	topMsg: height = 0.1
379.1650 	EXP 	topMsg: text = "Thank you very much! \n\nThat's it with the tapping"
379.1650 	EXP 	bottomMsg: height = 0.1
379.1650 	EXP 	bottomMsg: height = 0.1
379.1650 	EXP 	bottomMsg: text = "Please relax for the ramaining time \n\n Press 'q' or 'escape' to end the session."
379.1650 	EXP 	Display TheEnd
379.8976 	DATA 	Keypress: q
379.9840 	EXP 	win: mouseVisible = True
