1.0376 	WARNING 	We strongly recommend you activate the PTB sound engine in PsychoPy prefs as the preferred audio engine. Its timing is vastly superior. Your prefs are currently set to use ['sounddevice', 'PTB', 'pyo', 'pygame'] (in that order).
16.2978 	INFO 	---START PARAMETERS---
16.2978 	INFO 	filename: TappingWithTrTiming_Movie_d3.py-1tt============-226-Aug_08_1635
16.2978 	INFO 	subject: 1tt============
16.2978 	INFO 	session: 226
16.2979 	INFO 	date: Aug_08_1635
16.2979 	INFO 	blockDur_TRs: 8
16.2979 	INFO 	condition: vis
16.2979 	INFO 	fixCrossPos: [0, 0]
16.2979 	INFO 	fixCrossSize: 100
16.2979 	INFO 	fullScreen: True
16.2979 	INFO 	movieFolder: Images/
16.2979 	INFO 	movieSize: (1600, 1600)
16.2979 	INFO 	nBlocks: 68
16.2979 	INFO 	promptDir: Text/
16.2979 	INFO 	restDur_TRs: 8
16.2979 	INFO 	screenColor: (128, 128, 128)
16.2979 	INFO 	screenToShow: 1
16.2979 	INFO 	skipPrompts: False
16.2979 	INFO 	tStartup_TRs: 0
16.2979 	INFO 	textHeight: 40
16.2979 	INFO 	triggerKey: equal
16.2979 	INFO 	---END PARAMETERS---
17.2313 	INFO 	Loaded monitor calibration from ['2022_03_25 08:03']
18.3982 	WARNING 	Couldn't measure a consistent frame rate!
  - Is your graphics card set to sync to vertical blank?
  - Are you running other processes on your computer?

18.3993 	EXP 	Created win = Window(allowGUI=False, allowStencil=False, autoLog=True, backendConf=UNKNOWN, bitsMode=UNKNOWN, blendMode='avg', bpc=(8, 8, 8), color=array([128, 128, 128]), colorSpace='rgb255', depthBits=8, fullscr=<method-wrapper '__getattribute__' of attributeSetter object at 0x7f79b0773b50>, gamma=None, gammaErrorPolicy='raise', lms=UNKNOWN, monitor=<psychopy.monitors.calibTools.Monitor object at 0x7f7a303f8220>, multiSample=False, name='win', numSamples=2, pos=[0.0, 0.0], screen=1, size=array([1920, 1080]), stencilBits=0, stereo=False, units='deg', useFBO=False, useRetina=False, viewOri=0.0, viewPos=None, viewScale=None, waitBlanking=True, winType='pyglet')
18.3999 	EXP 	win: mouseVisible = True
18.4097 	EXP 	Created fixCross = ShapeStim(__class__=<class 'psychopy.visual.shape.ShapeStim'>, anchor=('center', 'center'), autoDraw=False, autoLog=True, closeShape=False, color=method-wrapper(...), colorSpace='rgb', contrast=None, depth=0, fillColor=array([0, 0, 0]), fillColorSpace='rgb', fillRGB=array([0, 0, 0]), interpolate=True, lineColor=array([-1., -1., -1.]), lineColorSpace='rgb', lineRGB=array([-1., -1., -1.]), lineWidth=3.0, name='fixCross', opacity=0.5, ori=0.0, pos=array([0., 0.]), size=array([1., 1.]), units='pix', vertices=ndarray(...), win=Window(...), windingRule=None)
18.4103 	WARNING 	TextStim.alignHoriz is deprecated. Use alignText and anchorHoriz attributes instead
18.4405 	EXP 	Created topMsg = TextStim(__class__=<class 'psychopy.visual.text.TextStim'>, alignHoriz='center', alignText='center', alignVert=method-wrapper(...), anchorHoriz='center', anchorVert='center', antialias=True, autoLog=True, bold=False, color=array([-1., -1., -1.]), colorSpace='rgb', contrast=1.0, depth=0, flipHoriz=False, flipVert=False, font='', fontFiles=[], height=0.1, italic=False, languageStyle='LTR', name='topMsg', opacity=1.0, ori=0.0, pos=array([0. , 0.5]), rgb=UNKNOWN, text='aaa', units='norm', win=Window(...), wrapWidth=1.5)
18.4406 	WARNING 	TextStim.alignHoriz is deprecated. Use alignText and anchorHoriz attributes instead
18.4432 	EXP 	Created bottomMsg = TextStim(__class__=<class 'psychopy.visual.text.TextStim'>, alignHoriz='center', alignText='center', alignVert=method-wrapper(...), anchorHoriz='center', anchorVert='center', antialias=True, autoLog=True, bold=False, color=array([-1., -1., -1.]), colorSpace='rgb', contrast=1.0, depth=0, flipHoriz=False, flipVert=False, font='', fontFiles=[], height=0.1, italic=False, languageStyle='LTR', name='bottomMsg', opacity=1.0, ori=0.0, pos=array([ 0. , -0.5]), rgb=UNKNOWN, text='bbb', units='norm', win=Window(...), wrapWidth=1.5)
18.4660 	EXP 	Created Movie Frame 0 = ImageStim(__class__=<class 'psychopy.visual.image.ImageStim'>, anchor=('center', 'center'), autoLog=True, color=array([1., 1., 1.]), colorSpace='rgb', contrast=1.0, depth=0, flipHoriz=False, flipVert=False, image='Images/visual_0.png', interpolate=False, mask=None, maskParams=None, name='Movie Frame 0', opacity=1, ori=0.0, pos=array([0., 0.]), size=array([1600., 1600.]), texRes=128, units='pix', win=Window(...))
18.4770 	EXP 	Created Movie Frame 1 = ImageStim(__class__=<class 'psychopy.visual.image.ImageStim'>, anchor=('center', 'center'), autoLog=True, color=array([1., 1., 1.]), colorSpace='rgb', contrast=1.0, depth=0, flipHoriz=False, flipVert=False, image='Images/visual_1.png', interpolate=False, mask=None, maskParams=None, name='Movie Frame 1', opacity=1, ori=0.0, pos=array([0., 0.]), size=array([1600., 1600.]), texRes=128, units='pix', win=Window(...))
18.4838 	EXP 	Created unnamed TextStim = TextStim(__class__=<class 'psychopy.visual.text.TextStim'>, alignHoriz=method-wrapper(...), alignText='center', alignVert=method-wrapper(...), anchorHoriz='center', anchorVert='center', antialias=True, autoLog=True, bold=False, color=array([-1., -1., -1.]), colorSpace='rgb', contrast=1.0, depth=0, flipHoriz=False, flipVert=False, font='', fontFiles=[], height=40.0, italic=False, languageStyle='LTR', name='unnamed TextStim', opacity=1.0, ori=0.0, pos=array([  0., 880.]), rgb=UNKNOWN, text='look at the center', units='pix', win=Window(...), wrapWidth=1600)
18.4994 	WARNING 	t of last frame was 101.44ms (=1/9)
18.4994 	EXP 	topMsg: height = 0.1
18.4994 	EXP 	topMsg: height = 0.1
18.4994 	EXP 	topMsg: text = 'You will see a flickering checkerboard. When it is on the screen, try to fixate the center of the checkerboard. When the fixation cross appears, relax and stare at the cross.'
18.4994 	EXP 	bottomMsg: height = 0.1
18.4994 	EXP 	bottomMsg: height = 0.1
18.4994 	EXP 	bottomMsg: text = 'The experiment will begin shortly'
18.4994 	EXP 	Display Instructions1
80.7083 	DATA 	Keypress: space
80.7234 	WARNING 	t of last frame was 62223.99ms (=1/0)
80.7234 	EXP 	topMsg: height = 0.1
80.7234 	EXP 	topMsg: height = 0.1
80.7234 	EXP 	topMsg: text = "Please don't move..."
80.7234 	EXP 	bottomMsg: height = 0.1
80.7234 	EXP 	bottomMsg: height = 0.1
80.7234 	EXP 	bottomMsg: text = ''
80.7234 	EXP 	PleaseDontMove
81.0861 	DATA 	Keypress: space
81.2222 	DATA 	Keypress: space
81.3860 	DATA 	Keypress: space
81.5091 	DATA 	Keypress: space
82.3113 	DATA 	Keypress: q
82.3221 	WARNING 	t of last frame was 1598.68ms (=1/0)
82.3221 	EXP 	Display Fixation
82.3221 	EXP 	---START EXPERIMENT---
82.3237 	EXP 	Display Fixation
82.9104 	DATA 	Keypress: equal
84.0531 	DATA 	Keypress: q
84.0696 	WARNING 	t of last frame was 1745.84ms (=1/0)
84.0696 	EXP 	topMsg: height = 0.1
84.0696 	EXP 	topMsg: height = 0.1
84.0696 	EXP 	topMsg: text = "Thank you very much! \n\nThat's it with the tapping"
84.0696 	EXP 	bottomMsg: height = 0.1
84.0696 	EXP 	bottomMsg: height = 0.1
84.0696 	EXP 	bottomMsg: text = "Please relax for the ramaining time \n\n Press 'q' or 'escape' to end the session."
84.0696 	EXP 	Display TheEnd
85.1136 	DATA 	Keypress: equal
86.3127 	DATA 	Keypress: q
86.3891 	EXP 	win: mouseVisible = True
