0.9762 	WARNING 	We strongly recommend you activate the PTB sound engine in PsychoPy prefs as the preferred audio engine. Its timing is vastly superior. Your prefs are currently set to use ['sounddevice', 'PTB', 'pyo', 'pygame'] (in that order).
7.7237 	INFO 	---START PARAMETERS---
7.7239 	INFO 	filename: TappingWithTrTiming_Movie_d3.py-1tt-57-Mar_01_1446
7.7239 	INFO 	subject: 1tt
7.7239 	INFO 	session: 57
7.7239 	INFO 	date: Mar_01_1446
7.7239 	INFO 	blockDur_TRs: 10
7.7239 	INFO 	condition: vis
7.7239 	INFO 	fixCrossPos: [0, 0]
7.7239 	INFO 	fixCrossSize: 100
7.7239 	INFO 	fullScreen: True
7.7239 	INFO 	movieFolder: Images/
7.7239 	INFO 	movieSize: (1600, 1000)
7.7239 	INFO 	nBlocks: 68
7.7239 	INFO 	promptDir: Text/
7.7239 	INFO 	restDur_TRs: 10
7.7240 	INFO 	screenColor: (128, 128, 128)
7.7240 	INFO 	screenToShow: 0
7.7240 	INFO 	skipPrompts: False
7.7240 	INFO 	tStartup_TRs: 0
7.7240 	INFO 	textHeight: 40
7.7240 	INFO 	triggerKey: t
7.7240 	INFO 	---END PARAMETERS---
8.7225 	INFO 	Loaded monitor calibration from ['2022_03_25 08:03']
9.2169 	EXP 	Created win = Window(allowGUI=False, allowStencil=False, autoLog=True, backendConf=UNKNOWN, bitsMode=UNKNOWN, blendMode='avg', bpc=(8, 8, 8), color=array([128, 128, 128]), colorSpace='rgb255', depthBits=8, fullscr=<method-wrapper '__getattribute__' of attributeSetter object at 0x7fe482b7aac0>, gamma=None, gammaErrorPolicy='raise', lms=UNKNOWN, monitor=<psychopy.monitors.calibTools.Monitor object at 0x7fe5026e59a0>, multiSample=False, name='win', numSamples=2, pos=[0.0, 0.0], screen=0, size=array([1280, 1024]), stencilBits=0, stereo=False, units='deg', useFBO=False, useRetina=False, viewOri=0.0, viewPos=None, viewScale=None, waitBlanking=True, winType='pyglet')
9.2173 	EXP 	win: mouseVisible = True
9.2227 	EXP 	Created fixCross = ShapeStim(__class__=<class 'psychopy.visual.shape.ShapeStim'>, anchor=('center', 'center'), autoDraw=False, autoLog=True, closeShape=False, color=method-wrapper(...), colorSpace='rgb', contrast=None, depth=0, fillColor=array([0, 0, 0]), fillColorSpace='rgb', fillRGB=array([0, 0, 0]), interpolate=True, lineColor=array([-1., -1., -1.]), lineColorSpace='rgb', lineRGB=array([-1., -1., -1.]), lineWidth=3.0, name='fixCross', opacity=0.5, ori=0.0, pos=array([0., 0.]), size=array([1., 1.]), units='pix', vertices=ndarray(...), win=Window(...), windingRule=None)
9.2233 	WARNING 	TextStim.alignHoriz is deprecated. Use alignText and anchorHoriz attributes instead
9.2503 	EXP 	Created topMsg = TextStim(__class__=<class 'psychopy.visual.text.TextStim'>, alignHoriz='center', alignText='center', alignVert=method-wrapper(...), anchorHoriz='center', anchorVert='center', antialias=True, autoLog=True, bold=False, color=array([-1., -1., -1.]), colorSpace='rgb', contrast=1.0, depth=0, flipHoriz=False, flipVert=False, font='', fontFiles=[], height=0.1, italic=False, languageStyle='LTR', name='topMsg', opacity=1.0, ori=0.0, pos=array([0. , 0.5]), rgb=UNKNOWN, text='aaa', units='norm', win=Window(...), wrapWidth=1.5)
9.2504 	WARNING 	TextStim.alignHoriz is deprecated. Use alignText and anchorHoriz attributes instead
9.2530 	EXP 	Created bottomMsg = TextStim(__class__=<class 'psychopy.visual.text.TextStim'>, alignHoriz='center', alignText='center', alignVert=method-wrapper(...), anchorHoriz='center', anchorVert='center', antialias=True, autoLog=True, bold=False, color=array([-1., -1., -1.]), colorSpace='rgb', contrast=1.0, depth=0, flipHoriz=False, flipVert=False, font='', fontFiles=[], height=0.1, italic=False, languageStyle='LTR', name='bottomMsg', opacity=1.0, ori=0.0, pos=array([ 0. , -0.5]), rgb=UNKNOWN, text='bbb', units='norm', win=Window(...), wrapWidth=1.5)
9.2737 	EXP 	Created Movie Frame 0 = ImageStim(__class__=<class 'psychopy.visual.image.ImageStim'>, anchor=('center', 'center'), autoLog=True, color=array([1., 1., 1.]), colorSpace='rgb', contrast=1.0, depth=0, flipHoriz=False, flipVert=False, image='Images/visual_0.png', interpolate=False, mask=None, maskParams=None, name='Movie Frame 0', opacity=1, ori=0.0, pos=array([0., 0.]), size=array([1600., 1000.]), texRes=128, units='pix', win=Window(...))
9.2863 	EXP 	Created Movie Frame 1 = ImageStim(__class__=<class 'psychopy.visual.image.ImageStim'>, anchor=('center', 'center'), autoLog=True, color=array([1., 1., 1.]), colorSpace='rgb', contrast=1.0, depth=0, flipHoriz=False, flipVert=False, image='Images/visual_1.png', interpolate=False, mask=None, maskParams=None, name='Movie Frame 1', opacity=1, ori=0.0, pos=array([0., 0.]), size=array([1600., 1000.]), texRes=128, units='pix', win=Window(...))
9.2928 	EXP 	Created unnamed TextStim = TextStim(__class__=<class 'psychopy.visual.text.TextStim'>, alignHoriz=method-wrapper(...), alignText='center', alignVert=method-wrapper(...), anchorHoriz='center', anchorVert='center', antialias=True, autoLog=True, bold=False, color=array([-1., -1., -1.]), colorSpace='rgb', contrast=1.0, depth=0, flipHoriz=False, flipVert=False, font='', fontFiles=[], height=40.0, italic=False, languageStyle='LTR', name='unnamed TextStim', opacity=1.0, ori=0.0, pos=array([  0., 580.]), rgb=UNKNOWN, text='look at the center', units='pix', win=Window(...), wrapWidth=1600)
9.3094 	EXP 	topMsg: height = 0.1
9.3094 	EXP 	topMsg: height = 0.1
9.3094 	EXP 	topMsg: text = 'You will see a flickering checkerboard. When it is on the screen, try to fixate the center of the checkerboard. When the fixation cross appears, relax and stare at the cross.'
9.3094 	EXP 	bottomMsg: height = 0.1
9.3094 	EXP 	bottomMsg: height = 0.1
9.3094 	EXP 	bottomMsg: text = 'The experiment will begin shortly'
9.3094 	EXP 	Display Instructions1
161.9414 	DATA 	Keypress: t
161.9563 	EXP 	topMsg: height = 0.1
161.9563 	EXP 	topMsg: height = 0.1
161.9563 	EXP 	topMsg: text = "Please don't move..."
161.9563 	EXP 	bottomMsg: height = 0.1
161.9563 	EXP 	bottomMsg: height = 0.1
161.9563 	EXP 	bottomMsg: text = ''
161.9563 	EXP 	PleaseDontMove
202.2550 	DATA 	Keypress: t
202.2581 	EXP 	Display Fixation
202.2583 	EXP 	---START EXPERIMENT---
202.2595 	EXP 	Display Fixation
205.1623 	DATA 	Keypress: t
208.3461 	DATA 	Keypress: t
211.2602 	DATA 	Keypress: t
214.4444 	DATA 	Keypress: t
217.3583 	DATA 	Keypress: t
220.5422 	DATA 	Keypress: t
223.4564 	DATA 	Keypress: t
226.6405 	DATA 	Keypress: t
229.5546 	DATA 	Keypress: t
232.7384 	DATA 	Keypress: t
232.8651 	EXP 	Display Frame 1
232.9896 	EXP 	Display Frame 0
233.1148 	EXP 	Display Frame 1
233.2397 	EXP 	Display Frame 0
233.3648 	EXP 	Display Frame 1
233.4897 	EXP 	Display Frame 0
233.6148 	EXP 	Display Frame 1
233.7397 	EXP 	Display Frame 0
233.8647 	EXP 	Display Frame 1
233.9897 	EXP 	Display Frame 0
234.1147 	EXP 	Display Frame 1
234.2397 	EXP 	Display Frame 0
234.3647 	EXP 	Display Frame 1
234.4897 	EXP 	Display Frame 0
234.6147 	EXP 	Display Frame 1
234.7396 	EXP 	Display Frame 0
234.8648 	EXP 	Display Frame 1
234.9898 	EXP 	Display Frame 0
235.1147 	EXP 	Display Frame 1
235.2398 	EXP 	Display Frame 0
235.3648 	EXP 	Display Frame 1
235.4897 	EXP 	Display Frame 0
235.6147 	EXP 	Display Frame 1
235.7404 	DATA 	Keypress: t
235.7418 	EXP 	Display Frame 0
235.8647 	EXP 	Display Frame 1
235.9898 	EXP 	Display Frame 0
236.1147 	EXP 	Display Frame 1
236.2398 	EXP 	Display Frame 0
236.3648 	EXP 	Display Frame 1
236.4898 	EXP 	Display Frame 0
236.6147 	EXP 	Display Frame 1
236.7398 	EXP 	Display Frame 0
236.8648 	EXP 	Display Frame 1
236.9896 	EXP 	Display Frame 0
237.1150 	EXP 	Display Frame 1
237.2396 	EXP 	Display Frame 0
237.3648 	EXP 	Display Frame 1
237.4897 	EXP 	Display Frame 0
237.6152 	EXP 	Display Frame 1
237.7396 	EXP 	Display Frame 0
237.8647 	EXP 	Display Frame 1
237.9898 	EXP 	Display Frame 0
238.1148 	EXP 	Display Frame 1
238.2397 	EXP 	Display Frame 0
238.3648 	EXP 	Display Frame 1
238.4898 	EXP 	Display Frame 0
238.6148 	EXP 	Display Frame 1
238.7399 	EXP 	Display Frame 0
238.8656 	DATA 	Keypress: t
238.8669 	EXP 	Display Frame 1
238.9897 	EXP 	Display Frame 0
239.1148 	EXP 	Display Frame 1
239.2397 	EXP 	Display Frame 0
239.3647 	EXP 	Display Frame 1
239.4898 	EXP 	Display Frame 0
239.6148 	EXP 	Display Frame 1
239.7398 	EXP 	Display Frame 0
239.8647 	EXP 	Display Frame 1
239.9898 	EXP 	Display Frame 0
240.1148 	EXP 	Display Frame 1
240.2397 	EXP 	Display Frame 0
240.3648 	EXP 	Display Frame 1
240.4898 	EXP 	Display Frame 0
240.6147 	EXP 	Display Frame 1
240.7398 	EXP 	Display Frame 0
240.8648 	EXP 	Display Frame 1
240.9898 	EXP 	Display Frame 0
241.1147 	EXP 	Display Frame 1
241.2397 	EXP 	Display Frame 0
241.3647 	EXP 	Display Frame 1
241.4898 	EXP 	Display Frame 0
241.6148 	EXP 	Display Frame 1
241.7397 	EXP 	Display Frame 0
241.8650 	DATA 	Keypress: t
241.8665 	EXP 	Display Frame 1
241.9896 	EXP 	Display Frame 0
242.1148 	EXP 	Display Frame 1
242.2397 	EXP 	Display Frame 0
242.3647 	EXP 	Display Frame 1
242.4897 	EXP 	Display Frame 0
242.6151 	EXP 	Display Frame 1
242.7396 	EXP 	Display Frame 0
242.8646 	EXP 	Display Frame 1
242.9897 	EXP 	Display Frame 0
243.1148 	EXP 	Display Frame 1
243.2398 	EXP 	Display Frame 0
243.3647 	EXP 	Display Frame 1
243.4897 	EXP 	Display Frame 0
243.6148 	EXP 	Display Frame 1
243.7398 	EXP 	Display Frame 0
243.8648 	EXP 	Display Frame 1
243.9898 	EXP 	Display Frame 0
244.1147 	EXP 	Display Frame 1
244.2397 	EXP 	Display Frame 0
244.3647 	EXP 	Display Frame 1
244.4898 	EXP 	Display Frame 0
244.6147 	EXP 	Display Frame 1
244.7398 	EXP 	Display Frame 0
244.8647 	EXP 	Display Frame 1
244.9906 	DATA 	Keypress: t
244.9922 	EXP 	Display Frame 0
245.1147 	EXP 	Display Frame 1
245.2398 	EXP 	Display Frame 0
245.3647 	EXP 	Display Frame 1
245.4900 	EXP 	Display Frame 0
245.6151 	EXP 	Display Frame 1
245.7397 	EXP 	Display Frame 0
245.8650 	EXP 	Display Frame 1
245.9898 	EXP 	Display Frame 0
246.1148 	EXP 	Display Frame 1
246.2397 	EXP 	Display Frame 0
246.3647 	EXP 	Display Frame 1
246.4898 	EXP 	Display Frame 0
246.6147 	EXP 	Display Frame 1
246.7398 	EXP 	Display Frame 0
246.8651 	EXP 	Display Frame 1
246.9896 	EXP 	Display Frame 0
247.1151 	EXP 	Display Frame 1
247.2397 	EXP 	Display Frame 0
247.3647 	EXP 	Display Frame 1
247.4899 	EXP 	Display Frame 0
247.6148 	EXP 	Display Frame 1
247.7398 	EXP 	Display Frame 0
247.8655 	DATA 	Keypress: t
247.8668 	EXP 	Display Frame 1
247.9901 	EXP 	Display Frame 0
248.1146 	EXP 	Display Frame 1
248.2397 	EXP 	Display Frame 0
248.3648 	EXP 	Display Frame 1
248.4900 	EXP 	Display Frame 0
248.6155 	EXP 	Display Frame 1
248.7398 	EXP 	Display Frame 0
248.8647 	EXP 	Display Frame 1
248.9898 	EXP 	Display Frame 0
249.1148 	EXP 	Display Frame 1
249.2398 	EXP 	Display Frame 0
249.3647 	EXP 	Display Frame 1
249.4898 	EXP 	Display Frame 0
249.6148 	EXP 	Display Frame 1
249.7397 	EXP 	Display Frame 0
249.8648 	EXP 	Display Frame 1
249.9898 	EXP 	Display Frame 0
250.1149 	EXP 	Display Frame 1
250.2398 	EXP 	Display Frame 0
250.3647 	EXP 	Display Frame 1
250.4898 	EXP 	Display Frame 0
250.6147 	EXP 	Display Frame 1
250.7397 	EXP 	Display Frame 0
250.8652 	EXP 	Display Frame 1
250.9896 	EXP 	Display Frame 0
251.1156 	DATA 	Keypress: t
251.1173 	EXP 	Display Frame 1
251.2397 	EXP 	Display Frame 0
251.3648 	EXP 	Display Frame 1
251.4898 	EXP 	Display Frame 0
251.6153 	EXP 	Display Frame 1
251.7396 	EXP 	Display Frame 0
251.8652 	EXP 	Display Frame 1
251.9896 	EXP 	Display Frame 0
252.1147 	EXP 	Display Frame 1
252.2398 	EXP 	Display Frame 0
252.3647 	EXP 	Display Frame 1
252.4897 	EXP 	Display Frame 0
252.6147 	EXP 	Display Frame 1
252.7399 	EXP 	Display Frame 0
252.8647 	EXP 	Display Frame 1
252.9898 	EXP 	Display Frame 0
253.1147 	EXP 	Display Frame 1
253.2397 	EXP 	Display Frame 0
253.3647 	EXP 	Display Frame 1
253.4897 	EXP 	Display Frame 0
253.6147 	EXP 	Display Frame 1
253.7398 	EXP 	Display Frame 0
253.8648 	EXP 	Display Frame 1
253.9906 	DATA 	Keypress: t
253.9922 	EXP 	Display Frame 0
254.1147 	EXP 	Display Frame 1
254.2398 	EXP 	Display Frame 0
254.3647 	EXP 	Display Frame 1
254.4897 	EXP 	Display Frame 0
254.6148 	EXP 	Display Frame 1
254.7398 	EXP 	Display Frame 0
254.8648 	EXP 	Display Frame 1
254.9898 	EXP 	Display Frame 0
255.1148 	EXP 	Display Frame 1
255.2397 	EXP 	Display Frame 0
255.3647 	EXP 	Display Frame 1
255.4898 	EXP 	Display Frame 0
255.6147 	EXP 	Display Frame 1
255.7400 	EXP 	Display Frame 0
255.8648 	EXP 	Display Frame 1
255.9899 	EXP 	Display Frame 0
256.1148 	EXP 	Display Frame 1
256.2399 	EXP 	Display Frame 0
256.3648 	EXP 	Display Frame 1
256.4898 	EXP 	Display Frame 0
256.6148 	EXP 	Display Frame 1
256.7398 	EXP 	Display Frame 0
256.8651 	EXP 	Display Frame 1
256.9896 	EXP 	Display Frame 0
257.1148 	EXP 	Display Frame 1
257.2406 	DATA 	Keypress: t
257.2422 	EXP 	Display Frame 0
257.3648 	EXP 	Display Frame 1
257.4898 	EXP 	Display Frame 0
257.6148 	EXP 	Display Frame 1
257.7398 	EXP 	Display Frame 0
257.8648 	EXP 	Display Frame 1
257.9897 	EXP 	Display Frame 0
258.1147 	EXP 	Display Frame 1
258.2398 	EXP 	Display Frame 0
258.3647 	EXP 	Display Frame 1
258.4898 	EXP 	Display Frame 0
258.6148 	EXP 	Display Frame 1
258.7398 	EXP 	Display Frame 0
258.8647 	EXP 	Display Frame 1
258.9896 	EXP 	Display Frame 0
259.1147 	EXP 	Display Frame 1
259.2397 	EXP 	Display Frame 0
259.3648 	EXP 	Display Frame 1
259.4897 	EXP 	Display Frame 0
259.6147 	EXP 	Display Frame 1
259.7398 	EXP 	Display Frame 0
259.8648 	EXP 	Display Frame 1
259.9898 	EXP 	Display Frame 0
260.1155 	DATA 	Keypress: t
260.1171 	EXP 	Display Frame 1
260.2397 	EXP 	Display Frame 0
260.3647 	EXP 	Display Frame 1
260.4898 	EXP 	Display Frame 0
260.6148 	EXP 	Display Frame 1
260.7400 	EXP 	Display Frame 0
260.8651 	EXP 	Display Frame 1
260.9898 	EXP 	Display Frame 0
261.1147 	EXP 	Display Frame 1
261.2398 	EXP 	Display Frame 0
261.3648 	EXP 	Display Frame 1
261.4897 	EXP 	Display Frame 0
261.6147 	EXP 	Display Frame 1
261.7398 	EXP 	Display Frame 0
261.8651 	EXP 	Display Frame 1
261.9898 	EXP 	Display Frame 0
262.1148 	EXP 	Display Frame 1
262.2398 	EXP 	Display Frame 0
262.3649 	EXP 	Display Frame 1
262.4898 	EXP 	Display Frame 0
262.6147 	EXP 	Display Frame 1
262.7398 	EXP 	Display Frame 0
262.8651 	EXP 	Display Frame 1
262.9896 	EXP 	Display Frame 0
263.1147 	EXP 	Display Frame 1
263.2407 	DATA 	Keypress: t
263.2421 	EXP 	Display Frame 0
263.2473 	EXP 	Display Fixation
266.1425 	DATA 	Keypress: t
269.3265 	DATA 	Keypress: t
272.2406 	DATA 	Keypress: t
275.4246 	DATA 	Keypress: t
278.3387 	DATA 	Keypress: t
281.5228 	DATA 	Keypress: t
284.4366 	DATA 	Keypress: t
287.6207 	DATA 	Keypress: t
290.5347 	DATA 	Keypress: t
293.7190 	DATA 	Keypress: t
293.8456 	EXP 	Display Frame 1
293.9702 	EXP 	Display Frame 0
294.0953 	EXP 	Display Frame 1
294.2204 	EXP 	Display Frame 0
294.3454 	EXP 	Display Frame 1
294.4703 	EXP 	Display Frame 0
294.5953 	EXP 	Display Frame 1
294.7203 	EXP 	Display Frame 0
294.8457 	EXP 	Display Frame 1
294.9702 	EXP 	Display Frame 0
295.0954 	EXP 	Display Frame 1
295.2203 	EXP 	Display Frame 0
295.3454 	EXP 	Display Frame 1
295.4704 	EXP 	Display Frame 0
295.5953 	EXP 	Display Frame 1
295.7203 	EXP 	Display Frame 0
295.8454 	EXP 	Display Frame 1
295.9704 	EXP 	Display Frame 0
296.0953 	EXP 	Display Frame 1
296.2204 	EXP 	Display Frame 0
296.3453 	EXP 	Display Frame 1
296.4703 	EXP 	Display Frame 0
296.5953 	EXP 	Display Frame 1
296.7209 	DATA 	Keypress: t
296.7226 	EXP 	Display Frame 0
296.8453 	EXP 	Display Frame 1
296.9708 	EXP 	Display Frame 0
297.0952 	EXP 	Display Frame 1
297.2203 	EXP 	Display Frame 0
297.3453 	EXP 	Display Frame 1
297.4703 	EXP 	Display Frame 0
297.5958 	EXP 	Display Frame 1
297.7202 	EXP 	Display Frame 0
297.8453 	EXP 	Display Frame 1
297.9703 	EXP 	Display Frame 0
298.0953 	EXP 	Display Frame 1
298.2204 	EXP 	Display Frame 0
298.3454 	EXP 	Display Frame 1
298.4707 	EXP 	Display Frame 0
298.5952 	EXP 	Display Frame 1
298.7204 	EXP 	Display Frame 0
298.8454 	EXP 	Display Frame 1
298.9704 	EXP 	Display Frame 0
299.0953 	EXP 	Display Frame 1
299.2203 	EXP 	Display Frame 0
299.3454 	EXP 	Display Frame 1
299.4704 	EXP 	Display Frame 0
299.5954 	EXP 	Display Frame 1
299.7203 	EXP 	Display Frame 0
299.8462 	DATA 	Keypress: t
299.8479 	EXP 	Display Frame 1
299.9703 	EXP 	Display Frame 0
300.0957 	EXP 	Display Frame 1
300.2203 	EXP 	Display Frame 0
300.3453 	EXP 	Display Frame 1
300.4704 	EXP 	Display Frame 0
300.5955 	EXP 	Display Frame 1
300.7203 	EXP 	Display Frame 0
300.8453 	EXP 	Display Frame 1
300.9704 	EXP 	Display Frame 0
301.0953 	EXP 	Display Frame 1
301.2203 	EXP 	Display Frame 0
301.3454 	EXP 	Display Frame 1
301.4703 	EXP 	Display Frame 0
301.5953 	EXP 	Display Frame 1
301.7203 	EXP 	Display Frame 0
301.8453 	EXP 	Display Frame 1
301.9707 	EXP 	Display Frame 0
302.0952 	EXP 	Display Frame 1
302.2204 	EXP 	Display Frame 0
302.3453 	EXP 	Display Frame 1
302.4704 	EXP 	Display Frame 0
302.5954 	EXP 	Display Frame 1
302.7205 	EXP 	Display Frame 0
302.8464 	DATA 	Keypress: t
302.8479 	EXP 	Display Frame 1
302.9702 	EXP 	Display Frame 0
303.0960 	EXP 	Display Frame 1
303.2202 	EXP 	Display Frame 0
303.3454 	EXP 	Display Frame 1
303.4705 	EXP 	Display Frame 0
303.5954 	EXP 	Display Frame 1
303.7204 	EXP 	Display Frame 0
303.8454 	EXP 	Display Frame 1
303.9703 	EXP 	Display Frame 0
304.0953 	EXP 	Display Frame 1
304.2203 	EXP 	Display Frame 0
304.3453 	EXP 	Display Frame 1
304.4703 	EXP 	Display Frame 0
304.5953 	EXP 	Display Frame 1
304.7203 	EXP 	Display Frame 0
304.8454 	EXP 	Display Frame 1
304.9704 	EXP 	Display Frame 0
305.0953 	EXP 	Display Frame 1
305.2203 	EXP 	Display Frame 0
305.3454 	EXP 	Display Frame 1
305.4703 	EXP 	Display Frame 0
305.5954 	EXP 	Display Frame 1
305.7203 	EXP 	Display Frame 0
305.8453 	EXP 	Display Frame 1
305.9711 	DATA 	Keypress: t
305.9726 	EXP 	Display Frame 0
306.0953 	EXP 	Display Frame 1
306.2204 	EXP 	Display Frame 0
306.3454 	EXP 	Display Frame 1
306.4703 	EXP 	Display Frame 0
306.5954 	EXP 	Display Frame 1
306.7203 	EXP 	Display Frame 0
306.8454 	EXP 	Display Frame 1
306.9703 	EXP 	Display Frame 0
307.0953 	EXP 	Display Frame 1
307.2204 	EXP 	Display Frame 0
307.3454 	EXP 	Display Frame 1
307.4703 	EXP 	Display Frame 0
307.5954 	EXP 	Display Frame 1
307.7203 	EXP 	Display Frame 0
307.8453 	EXP 	Display Frame 1
307.9704 	EXP 	Display Frame 0
308.0954 	EXP 	Display Frame 1
308.2204 	EXP 	Display Frame 0
308.3454 	EXP 	Display Frame 1
308.4703 	EXP 	Display Frame 0
308.5957 	EXP 	Display Frame 1
308.7202 	EXP 	Display Frame 0
308.8462 	DATA 	Keypress: t
308.8476 	EXP 	Display Frame 1
308.9703 	EXP 	Display Frame 0
309.0954 	EXP 	Display Frame 1
309.2203 	EXP 	Display Frame 0
309.3454 	EXP 	Display Frame 1
309.4703 	EXP 	Display Frame 0
309.5954 	EXP 	Display Frame 1
309.7204 	EXP 	Display Frame 0
309.8454 	EXP 	Display Frame 1
309.9704 	EXP 	Display Frame 0
310.0953 	EXP 	Display Frame 1
310.2204 	EXP 	Display Frame 0
310.3453 	EXP 	Display Frame 1
310.4704 	EXP 	Display Frame 0
310.5953 	EXP 	Display Frame 1
310.7204 	EXP 	Display Frame 0
310.8453 	EXP 	Display Frame 1
310.9704 	EXP 	Display Frame 0
311.0954 	EXP 	Display Frame 1
311.2204 	EXP 	Display Frame 0
311.3454 	EXP 	Display Frame 1
311.4703 	EXP 	Display Frame 0
311.5954 	EXP 	Display Frame 1
311.7204 	EXP 	Display Frame 0
311.8453 	EXP 	Display Frame 1
311.9707 	EXP 	Display Frame 0
312.0956 	DATA 	Keypress: t
312.0969 	EXP 	Display Frame 1
312.2203 	EXP 	Display Frame 0
312.3454 	EXP 	Display Frame 1
312.4704 	EXP 	Display Frame 0
312.5953 	EXP 	Display Frame 1
312.7203 	EXP 	Display Frame 0
312.8454 	EXP 	Display Frame 1
312.9703 	EXP 	Display Frame 0
313.0953 	EXP 	Display Frame 1
313.2204 	EXP 	Display Frame 0
313.3454 	EXP 	Display Frame 1
313.4703 	EXP 	Display Frame 0
313.5954 	EXP 	Display Frame 1
313.7204 	EXP 	Display Frame 0
313.8453 	EXP 	Display Frame 1
313.9702 	EXP 	Display Frame 0
314.0962 	EXP 	Display Frame 1
314.2203 	EXP 	Display Frame 0
314.3454 	EXP 	Display Frame 1
314.4704 	EXP 	Display Frame 0
314.5953 	EXP 	Display Frame 1
314.7203 	EXP 	Display Frame 0
314.8454 	EXP 	Display Frame 1
314.9711 	DATA 	Keypress: t
314.9728 	EXP 	Display Frame 0
315.0954 	EXP 	Display Frame 1
315.2203 	EXP 	Display Frame 0
315.3453 	EXP 	Display Frame 1
315.4703 	EXP 	Display Frame 0
315.5954 	EXP 	Display Frame 1
315.7203 	EXP 	Display Frame 0
315.8454 	EXP 	Display Frame 1
315.9703 	EXP 	Display Frame 0
316.0953 	EXP 	Display Frame 1
316.2203 	EXP 	Display Frame 0
316.3454 	EXP 	Display Frame 1
316.4704 	EXP 	Display Frame 0
316.5953 	EXP 	Display Frame 1
316.7204 	EXP 	Display Frame 0
316.8453 	EXP 	Display Frame 1
316.9705 	EXP 	Display Frame 0
317.0954 	EXP 	Display Frame 1
317.2205 	EXP 	Display Frame 0
317.3453 	EXP 	Display Frame 1
317.4704 	EXP 	Display Frame 0
317.5954 	EXP 	Display Frame 1
317.7204 	EXP 	Display Frame 0
317.8454 	EXP 	Display Frame 1
317.9704 	EXP 	Display Frame 0
318.0953 	EXP 	Display Frame 1
318.2211 	DATA 	Keypress: t
318.2226 	EXP 	Display Frame 0
318.3453 	EXP 	Display Frame 1
318.4704 	EXP 	Display Frame 0
318.5954 	EXP 	Display Frame 1
318.7204 	EXP 	Display Frame 0
318.8453 	EXP 	Display Frame 1
318.9703 	EXP 	Display Frame 0
319.0954 	EXP 	Display Frame 1
319.2204 	EXP 	Display Frame 0
319.3453 	EXP 	Display Frame 1
319.4704 	EXP 	Display Frame 0
319.5956 	EXP 	Display Frame 1
319.7202 	EXP 	Display Frame 0
319.8454 	EXP 	Display Frame 1
319.9703 	EXP 	Display Frame 0
320.0953 	EXP 	Display Frame 1
320.2203 	EXP 	Display Frame 0
320.3454 	EXP 	Display Frame 1
320.4703 	EXP 	Display Frame 0
320.5953 	EXP 	Display Frame 1
320.7203 	EXP 	Display Frame 0
320.8453 	EXP 	Display Frame 1
320.9703 	EXP 	Display Frame 0
321.0961 	DATA 	Keypress: t
321.0979 	EXP 	Display Frame 1
321.2203 	EXP 	Display Frame 0
321.3453 	EXP 	Display Frame 1
321.4703 	EXP 	Display Frame 0
321.5954 	EXP 	Display Frame 1
321.7203 	EXP 	Display Frame 0
321.8453 	EXP 	Display Frame 1
321.9704 	EXP 	Display Frame 0
322.0958 	EXP 	Display Frame 1
322.2202 	EXP 	Display Frame 0
322.3453 	EXP 	Display Frame 1
322.4703 	EXP 	Display Frame 0
322.5954 	EXP 	Display Frame 1
322.7203 	EXP 	Display Frame 0
322.8454 	EXP 	Display Frame 1
322.9704 	EXP 	Display Frame 0
323.0953 	EXP 	Display Frame 1
323.2204 	EXP 	Display Frame 0
323.3455 	EXP 	Display Frame 1
323.4703 	EXP 	Display Frame 0
323.5953 	EXP 	Display Frame 1
323.7203 	EXP 	Display Frame 0
323.8454 	EXP 	Display Frame 1
323.9703 	EXP 	Display Frame 0
324.0953 	EXP 	Display Frame 1
324.2210 	DATA 	Keypress: t
324.2225 	EXP 	Display Frame 0
324.2237 	EXP 	Display Fixation
327.1229 	DATA 	Keypress: t
330.3066 	DATA 	Keypress: t
333.2208 	DATA 	Keypress: t
336.4047 	DATA 	Keypress: t
339.3186 	DATA 	Keypress: t
342.5029 	DATA 	Keypress: t
345.4165 	DATA 	Keypress: t
348.6010 	DATA 	Keypress: t
351.5146 	DATA 	Keypress: t
354.6990 	DATA 	Keypress: t
354.8257 	EXP 	Display Frame 1
354.9502 	EXP 	Display Frame 0
355.0754 	EXP 	Display Frame 1
355.2002 	EXP 	Display Frame 0
355.3254 	EXP 	Display Frame 1
355.4504 	EXP 	Display Frame 0
355.5754 	EXP 	Display Frame 1
355.7004 	EXP 	Display Frame 0
355.8254 	EXP 	Display Frame 1
355.9503 	EXP 	Display Frame 0
356.0754 	EXP 	Display Frame 1
356.2002 	EXP 	Display Frame 0
356.3253 	EXP 	Display Frame 1
356.4503 	EXP 	Display Frame 0
356.5753 	EXP 	Display Frame 1
356.7004 	EXP 	Display Frame 0
356.8253 	EXP 	Display Frame 1
356.9504 	EXP 	Display Frame 0
357.0753 	EXP 	Display Frame 1
357.2008 	EXP 	Display Frame 0
357.3252 	EXP 	Display Frame 1
357.4503 	EXP 	Display Frame 0
357.5754 	EXP 	Display Frame 1
357.7010 	DATA 	Keypress: t
357.7025 	EXP 	Display Frame 0
357.8253 	EXP 	Display Frame 1
357.9503 	EXP 	Display Frame 0
358.0759 	EXP 	Display Frame 1
358.2001 	EXP 	Display Frame 0
358.3254 	EXP 	Display Frame 1
358.4503 	EXP 	Display Frame 0
358.5754 	EXP 	Display Frame 1
358.7004 	EXP 	Display Frame 0
358.8253 	EXP 	Display Frame 1
358.9504 	EXP 	Display Frame 0
359.0753 	EXP 	Display Frame 1
359.2002 	EXP 	Display Frame 0
359.3257 	EXP 	Display Frame 1
359.4502 	EXP 	Display Frame 0
359.5753 	EXP 	Display Frame 1
359.7004 	EXP 	Display Frame 0
359.8254 	EXP 	Display Frame 1
359.9503 	EXP 	Display Frame 0
360.0754 	EXP 	Display Frame 1
360.2002 	EXP 	Display Frame 0
360.3254 	EXP 	Display Frame 1
360.4503 	EXP 	Display Frame 0
360.5754 	EXP 	Display Frame 1
360.7003 	EXP 	Display Frame 0
360.8262 	DATA 	Keypress: t
360.8279 	EXP 	Display Frame 1
360.9504 	EXP 	Display Frame 0
361.0754 	EXP 	Display Frame 1
361.2002 	EXP 	Display Frame 0
361.3254 	EXP 	Display Frame 1
361.4503 	EXP 	Display Frame 0
361.5753 	EXP 	Display Frame 1
361.7003 	EXP 	Display Frame 0
361.8253 	EXP 	Display Frame 1
361.9503 	EXP 	Display Frame 0
362.0754 	EXP 	Display Frame 1
362.2008 	EXP 	Display Frame 0
362.3253 	EXP 	Display Frame 1
362.4504 	EXP 	Display Frame 0
362.5754 	EXP 	Display Frame 1
362.7003 	EXP 	Display Frame 0
362.8253 	EXP 	Display Frame 1
362.9505 	EXP 	Display Frame 0
363.0755 	EXP 	Display Frame 1
363.2001 	EXP 	Display Frame 0
363.3254 	EXP 	Display Frame 1
363.4503 	EXP 	Display Frame 0
363.5758 	EXP 	Display Frame 1
363.7002 	EXP 	Display Frame 0
363.8262 	DATA 	Keypress: t
363.8279 	EXP 	Display Frame 1
363.9503 	EXP 	Display Frame 0
364.0754 	EXP 	Display Frame 1
364.2002 	EXP 	Display Frame 0
364.3255 	EXP 	Display Frame 1
364.4503 	EXP 	Display Frame 0
364.5754 	EXP 	Display Frame 1
364.7003 	EXP 	Display Frame 0
364.8254 	EXP 	Display Frame 1
364.9503 	EXP 	Display Frame 0
365.0754 	EXP 	Display Frame 1
365.2002 	EXP 	Display Frame 0
365.3254 	EXP 	Display Frame 1
365.4503 	EXP 	Display Frame 0
365.5753 	EXP 	Display Frame 1
365.7004 	EXP 	Display Frame 0
365.8254 	EXP 	Display Frame 1
365.9504 	EXP 	Display Frame 0
366.0754 	EXP 	Display Frame 1
366.2002 	EXP 	Display Frame 0
366.3253 	EXP 	Display Frame 1
366.4503 	EXP 	Display Frame 0
366.5754 	EXP 	Display Frame 1
366.7003 	EXP 	Display Frame 0
366.8254 	EXP 	Display Frame 1
366.9505 	DATA 	Keypress: t
366.9519 	EXP 	Display Frame 0
367.0752 	EXP 	Display Frame 1
367.2008 	EXP 	Display Frame 0
367.3252 	EXP 	Display Frame 1
367.4503 	EXP 	Display Frame 0
367.5754 	EXP 	Display Frame 1
367.7003 	EXP 	Display Frame 0
367.8253 	EXP 	Display Frame 1
367.9503 	EXP 	Display Frame 0
368.0753 	EXP 	Display Frame 1
368.2002 	EXP 	Display Frame 0
368.3253 	EXP 	Display Frame 1
368.4503 	EXP 	Display Frame 0
368.5754 	EXP 	Display Frame 1
368.7003 	EXP 	Display Frame 0
368.8253 	EXP 	Display Frame 1
368.9504 	EXP 	Display Frame 0
369.0758 	EXP 	Display Frame 1
369.2001 	EXP 	Display Frame 0
369.3254 	EXP 	Display Frame 1
369.4503 	EXP 	Display Frame 0
369.5754 	EXP 	Display Frame 1
369.7004 	EXP 	Display Frame 0
369.8261 	DATA 	Keypress: t
369.8275 	EXP 	Display Frame 1
369.9506 	EXP 	Display Frame 0
370.0753 	EXP 	Display Frame 1
370.2003 	EXP 	Display Frame 0
370.3254 	EXP 	Display Frame 1
370.4504 	EXP 	Display Frame 0
370.5753 	EXP 	Display Frame 1
370.7003 	EXP 	Display Frame 0
370.8253 	EXP 	Display Frame 1
370.9507 	EXP 	Display Frame 0
371.0751 	EXP 	Display Frame 1
371.2004 	EXP 	Display Frame 0
371.3254 	EXP 	Display Frame 1
371.4503 	EXP 	Display Frame 0
371.5754 	EXP 	Display Frame 1
371.7003 	EXP 	Display Frame 0
371.8253 	EXP 	Display Frame 1
371.9503 	EXP 	Display Frame 0
372.0754 	EXP 	Display Frame 1
372.2008 	EXP 	Display Frame 0
372.3251 	EXP 	Display Frame 1
372.4503 	EXP 	Display Frame 0
372.5753 	EXP 	Display Frame 1
372.7003 	EXP 	Display Frame 0
372.8253 	EXP 	Display Frame 1
372.9504 	EXP 	Display Frame 0
373.0762 	DATA 	Keypress: t
373.0779 	EXP 	Display Frame 1
373.2002 	EXP 	Display Frame 0
373.3254 	EXP 	Display Frame 1
373.4503 	EXP 	Display Frame 0
373.5754 	EXP 	Display Frame 1
373.7003 	EXP 	Display Frame 0
373.8253 	EXP 	Display Frame 1
373.9504 	EXP 	Display Frame 0
374.0754 	EXP 	Display Frame 1
374.2002 	EXP 	Display Frame 0
374.3254 	EXP 	Display Frame 1
374.4503 	EXP 	Display Frame 0
374.5758 	EXP 	Display Frame 1
374.7002 	EXP 	Display Frame 0
374.8254 	EXP 	Display Frame 1
374.9503 	EXP 	Display Frame 0
375.0754 	EXP 	Display Frame 1
375.2002 	EXP 	Display Frame 0
375.3253 	EXP 	Display Frame 1
375.4503 	EXP 	Display Frame 0
375.5754 	EXP 	Display Frame 1
375.7004 	EXP 	Display Frame 0
375.8254 	EXP 	Display Frame 1
375.9510 	DATA 	Keypress: t
375.9526 	EXP 	Display Frame 0
376.0753 	EXP 	Display Frame 1
376.2002 	EXP 	Display Frame 0
376.3253 	EXP 	Display Frame 1
376.4504 	EXP 	Display Frame 0
376.5753 	EXP 	Display Frame 1
376.7003 	EXP 	Display Frame 0
376.8253 	EXP 	Display Frame 1
376.9503 	EXP 	Display Frame 0
377.0754 	EXP 	Display Frame 1
377.2003 	EXP 	Display Frame 0
377.3253 	EXP 	Display Frame 1
377.4503 	EXP 	Display Frame 0
377.5753 	EXP 	Display Frame 1
377.7003 	EXP 	Display Frame 0
377.8254 	EXP 	Display Frame 1
377.9504 	EXP 	Display Frame 0
378.0753 	EXP 	Display Frame 1
378.2003 	EXP 	Display Frame 0
378.3254 	EXP 	Display Frame 1
378.4503 	EXP 	Display Frame 0
378.5756 	EXP 	Display Frame 1
378.7002 	EXP 	Display Frame 0
378.8254 	EXP 	Display Frame 1
378.9503 	EXP 	Display Frame 0
379.0753 	EXP 	Display Frame 1
379.2012 	DATA 	Keypress: t
379.2028 	EXP 	Display Frame 0
379.3253 	EXP 	Display Frame 1
379.4503 	EXP 	Display Frame 0
379.5753 	EXP 	Display Frame 1
379.7003 	EXP 	Display Frame 0
379.8256 	EXP 	Display Frame 1
379.9503 	EXP 	Display Frame 0
380.0759 	EXP 	Display Frame 1
380.2001 	EXP 	Display Frame 0
380.3254 	EXP 	Display Frame 1
380.4504 	EXP 	Display Frame 0
380.5754 	EXP 	Display Frame 1
380.7003 	EXP 	Display Frame 0
380.8253 	EXP 	Display Frame 1
380.9503 	EXP 	Display Frame 0
381.0754 	EXP 	Display Frame 1
381.2002 	EXP 	Display Frame 0
381.3253 	EXP 	Display Frame 1
381.4504 	EXP 	Display Frame 0
381.5754 	EXP 	Display Frame 1
381.7003 	EXP 	Display Frame 0
381.8254 	EXP 	Display Frame 1
381.9504 	EXP 	Display Frame 0
382.0762 	DATA 	Keypress: t
382.0780 	EXP 	Display Frame 1
382.2005 	EXP 	Display Frame 0
382.3252 	EXP 	Display Frame 1
382.4503 	EXP 	Display Frame 0
382.5754 	EXP 	Display Frame 1
382.7003 	EXP 	Display Frame 0
382.8253 	EXP 	Display Frame 1
382.9505 	EXP 	Display Frame 0
383.0754 	EXP 	Display Frame 1
383.2002 	EXP 	Display Frame 0
383.3253 	EXP 	Display Frame 1
383.4503 	EXP 	Display Frame 0
383.5753 	EXP 	Display Frame 1
383.7003 	EXP 	Display Frame 0
383.8254 	EXP 	Display Frame 1
383.9503 	EXP 	Display Frame 0
384.0753 	EXP 	Display Frame 1
384.2002 	EXP 	Display Frame 0
384.3254 	EXP 	Display Frame 1
384.4503 	EXP 	Display Frame 0
384.5754 	EXP 	Display Frame 1
384.7004 	EXP 	Display Frame 0
384.8253 	EXP 	Display Frame 1
384.9503 	EXP 	Display Frame 0
385.0753 	EXP 	Display Frame 1
385.2011 	DATA 	Keypress: t
385.2024 	EXP 	Display Frame 0
385.2037 	EXP 	Display Fixation
388.1030 	DATA 	Keypress: t
391.2871 	DATA 	Keypress: t
394.2010 	DATA 	Keypress: t
397.3850 	DATA 	Keypress: t
400.2987 	DATA 	Keypress: t
403.4831 	DATA 	Keypress: t
406.3966 	DATA 	Keypress: t
409.5813 	DATA 	Keypress: t
412.4952 	DATA 	Keypress: t
415.6791 	DATA 	Keypress: t
415.8055 	EXP 	Display Frame 1
415.9305 	EXP 	Display Frame 0
416.0555 	EXP 	Display Frame 1
416.1805 	EXP 	Display Frame 0
416.3055 	EXP 	Display Frame 1
416.4305 	EXP 	Display Frame 0
416.5555 	EXP 	Display Frame 1
416.6804 	EXP 	Display Frame 0
416.8054 	EXP 	Display Frame 1
416.9305 	EXP 	Display Frame 0
417.0554 	EXP 	Display Frame 1
417.1805 	EXP 	Display Frame 0
417.3054 	EXP 	Display Frame 1
417.4305 	EXP 	Display Frame 0
417.5555 	EXP 	Display Frame 1
417.6805 	EXP 	Display Frame 0
417.8054 	EXP 	Display Frame 1
417.9305 	EXP 	Display Frame 0
418.0554 	EXP 	Display Frame 1
418.1805 	EXP 	Display Frame 0
418.3055 	EXP 	Display Frame 1
418.4305 	EXP 	Display Frame 0
418.5560 	EXP 	Display Frame 1
418.6808 	DATA 	Keypress: t
418.6821 	EXP 	Display Frame 0
418.8053 	EXP 	Display Frame 1
418.9304 	EXP 	Display Frame 0
419.0555 	EXP 	Display Frame 1
419.1805 	EXP 	Display Frame 0
419.3055 	EXP 	Display Frame 1
419.4305 	EXP 	Display Frame 0
419.5555 	EXP 	Display Frame 1
419.6805 	EXP 	Display Frame 0
419.8054 	EXP 	Display Frame 1
419.9305 	EXP 	Display Frame 0
420.0554 	EXP 	Display Frame 1
420.1804 	EXP 	Display Frame 0
420.3059 	EXP 	Display Frame 1
420.4303 	EXP 	Display Frame 0
420.5554 	EXP 	Display Frame 1
420.6805 	EXP 	Display Frame 0
420.8055 	EXP 	Display Frame 1
420.9305 	EXP 	Display Frame 0
421.0555 	EXP 	Display Frame 1
421.1805 	EXP 	Display Frame 0
421.3055 	EXP 	Display Frame 1
421.4304 	EXP 	Display Frame 0
421.5555 	EXP 	Display Frame 1
421.6804 	EXP 	Display Frame 0
421.8061 	DATA 	Keypress: t
421.8078 	EXP 	Display Frame 1
421.9305 	EXP 	Display Frame 0
422.0557 	EXP 	Display Frame 1
422.1804 	EXP 	Display Frame 0
422.3055 	EXP 	Display Frame 1
422.4305 	EXP 	Display Frame 0
422.5554 	EXP 	Display Frame 1
422.6805 	EXP 	Display Frame 0
422.8055 	EXP 	Display Frame 1
422.9304 	EXP 	Display Frame 0
423.0556 	EXP 	Display Frame 1
423.1805 	EXP 	Display Frame 0
423.3054 	EXP 	Display Frame 1
423.4305 	EXP 	Display Frame 0
423.5554 	EXP 	Display Frame 1
423.6804 	EXP 	Display Frame 0
423.8055 	EXP 	Display Frame 1
423.9305 	EXP 	Display Frame 0
424.0558 	EXP 	Display Frame 1
424.1803 	EXP 	Display Frame 0
424.3055 	EXP 	Display Frame 1
424.4305 	EXP 	Display Frame 0
424.5555 	EXP 	Display Frame 1
424.6805 	EXP 	Display Frame 0
424.8061 	DATA 	Keypress: t
424.8074 	EXP 	Display Frame 1
424.9304 	EXP 	Display Frame 0
425.0555 	EXP 	Display Frame 1
425.1805 	EXP 	Display Frame 0
425.3054 	EXP 	Display Frame 1
425.4305 	EXP 	Display Frame 0
425.5554 	EXP 	Display Frame 1
425.6805 	EXP 	Display Frame 0
425.8055 	EXP 	Display Frame 1
425.9305 	EXP 	Display Frame 0
426.0555 	EXP 	Display Frame 1
426.1804 	EXP 	Display Frame 0
426.3055 	EXP 	Display Frame 1
426.4305 	EXP 	Display Frame 0
426.5554 	EXP 	Display Frame 1
426.6805 	EXP 	Display Frame 0
426.8054 	EXP 	Display Frame 1
426.9306 	EXP 	Display Frame 0
427.0556 	EXP 	Display Frame 1
427.1805 	EXP 	Display Frame 0
427.3055 	EXP 	Display Frame 1
427.4305 	EXP 	Display Frame 0
427.5555 	EXP 	Display Frame 1
427.6804 	EXP 	Display Frame 0
427.8055 	EXP 	Display Frame 1
427.9311 	DATA 	Keypress: t
427.9328 	EXP 	Display Frame 0
428.0554 	EXP 	Display Frame 1
428.1804 	EXP 	Display Frame 0
428.3055 	EXP 	Display Frame 1
428.4304 	EXP 	Display Frame 0
428.5555 	EXP 	Display Frame 1
428.6804 	EXP 	Display Frame 0
428.8055 	EXP 	Display Frame 1
428.9306 	EXP 	Display Frame 0
429.0555 	EXP 	Display Frame 1
429.1805 	EXP 	Display Frame 0
429.3054 	EXP 	Display Frame 1
429.4305 	EXP 	Display Frame 0
429.5558 	EXP 	Display Frame 1
429.6803 	EXP 	Display Frame 0
429.8055 	EXP 	Display Frame 1
429.9305 	EXP 	Display Frame 0
430.0555 	EXP 	Display Frame 1
430.1805 	EXP 	Display Frame 0
430.3055 	EXP 	Display Frame 1
430.4304 	EXP 	Display Frame 0
430.5555 	EXP 	Display Frame 1
430.6804 	EXP 	Display Frame 0
430.8062 	DATA 	Keypress: t
430.8077 	EXP 	Display Frame 1
430.9311 	EXP 	Display Frame 0
431.0553 	EXP 	Display Frame 1
431.1805 	EXP 	Display Frame 0
431.3055 	EXP 	Display Frame 1
431.4305 	EXP 	Display Frame 0
431.5555 	EXP 	Display Frame 1
431.6805 	EXP 	Display Frame 0
431.8055 	EXP 	Display Frame 1
431.9305 	EXP 	Display Frame 0
432.0554 	EXP 	Display Frame 1
432.1805 	EXP 	Display Frame 0
432.3055 	EXP 	Display Frame 1
432.4308 	EXP 	Display Frame 0
432.5553 	EXP 	Display Frame 1
432.6805 	EXP 	Display Frame 0
432.8054 	EXP 	Display Frame 1
432.9305 	EXP 	Display Frame 0
433.0557 	EXP 	Display Frame 1
433.1805 	EXP 	Display Frame 0
433.3055 	EXP 	Display Frame 1
433.4305 	EXP 	Display Frame 0
433.5554 	EXP 	Display Frame 1
433.6805 	EXP 	Display Frame 0
433.8055 	EXP 	Display Frame 1
433.9304 	EXP 	Display Frame 0
434.0562 	DATA 	Keypress: t
434.0579 	EXP 	Display Frame 1
434.1805 	EXP 	Display Frame 0
434.3055 	EXP 	Display Frame 1
434.4305 	EXP 	Display Frame 0
434.5555 	EXP 	Display Frame 1
434.6805 	EXP 	Display Frame 0
434.8055 	EXP 	Display Frame 1
434.9305 	EXP 	Display Frame 0
435.0554 	EXP 	Display Frame 1
435.1804 	EXP 	Display Frame 0
435.3055 	EXP 	Display Frame 1
435.4305 	EXP 	Display Frame 0
435.5554 	EXP 	Display Frame 1
435.6805 	EXP 	Display Frame 0
435.8055 	EXP 	Display Frame 1
435.9305 	EXP 	Display Frame 0
436.0555 	EXP 	Display Frame 1
436.1805 	EXP 	Display Frame 0
436.3054 	EXP 	Display Frame 1
436.4305 	EXP 	Display Frame 0
436.5555 	EXP 	Display Frame 1
436.6805 	EXP 	Display Frame 0
436.8055 	EXP 	Display Frame 1
436.9312 	DATA 	Keypress: t
436.9328 	EXP 	Display Frame 0
437.0555 	EXP 	Display Frame 1
437.1805 	EXP 	Display Frame 0
437.3055 	EXP 	Display Frame 1
437.4308 	EXP 	Display Frame 0
437.5553 	EXP 	Display Frame 1
437.6805 	EXP 	Display Frame 0
437.8054 	EXP 	Display Frame 1
437.9304 	EXP 	Display Frame 0
438.0555 	EXP 	Display Frame 1
438.1805 	EXP 	Display Frame 0
438.3054 	EXP 	Display Frame 1
438.4305 	EXP 	Display Frame 0
438.5555 	EXP 	Display Frame 1
438.6807 	EXP 	Display Frame 0
438.8055 	EXP 	Display Frame 1
438.9305 	EXP 	Display Frame 0
439.0555 	EXP 	Display Frame 1
439.1806 	EXP 	Display Frame 0
439.3055 	EXP 	Display Frame 1
439.4305 	EXP 	Display Frame 0
439.5555 	EXP 	Display Frame 1
439.6805 	EXP 	Display Frame 0
439.8055 	EXP 	Display Frame 1
439.9311 	EXP 	Display Frame 0
440.0555 	EXP 	Display Frame 1
440.1813 	DATA 	Keypress: t
440.1829 	EXP 	Display Frame 0
440.3054 	EXP 	Display Frame 1
440.4305 	EXP 	Display Frame 0
440.5559 	EXP 	Display Frame 1
440.6803 	EXP 	Display Frame 0
440.8055 	EXP 	Display Frame 1
440.9305 	EXP 	Display Frame 0
441.0555 	EXP 	Display Frame 1
441.1805 	EXP 	Display Frame 0
441.3055 	EXP 	Display Frame 1
441.4305 	EXP 	Display Frame 0
441.5555 	EXP 	Display Frame 1
441.6805 	EXP 	Display Frame 0
441.8055 	EXP 	Display Frame 1
441.9305 	EXP 	Display Frame 0
442.0555 	EXP 	Display Frame 1
442.1805 	EXP 	Display Frame 0
442.3059 	EXP 	Display Frame 1
442.4306 	EXP 	Display Frame 0
442.5553 	EXP 	Display Frame 1
442.6804 	EXP 	Display Frame 0
442.8055 	EXP 	Display Frame 1
442.9305 	EXP 	Display Frame 0
443.0564 	DATA 	Keypress: t
443.0581 	EXP 	Display Frame 1
443.1803 	EXP 	Display Frame 0
443.3055 	EXP 	Display Frame 1
443.4304 	EXP 	Display Frame 0
443.5554 	EXP 	Display Frame 1
443.6805 	EXP 	Display Frame 0
443.8054 	EXP 	Display Frame 1
443.9305 	EXP 	Display Frame 0
444.0555 	EXP 	Display Frame 1
444.1805 	EXP 	Display Frame 0
444.3055 	EXP 	Display Frame 1
444.4304 	EXP 	Display Frame 0
444.5555 	EXP 	Display Frame 1
444.6805 	EXP 	Display Frame 0
444.8055 	EXP 	Display Frame 1
444.9305 	EXP 	Display Frame 0
445.0554 	EXP 	Display Frame 1
445.1804 	EXP 	Display Frame 0
445.3055 	EXP 	Display Frame 1
445.4304 	EXP 	Display Frame 0
445.5554 	EXP 	Display Frame 1
445.6805 	EXP 	Display Frame 0
445.8055 	EXP 	Display Frame 1
445.9305 	EXP 	Display Frame 0
446.0554 	EXP 	Display Frame 1
446.1810 	DATA 	Keypress: t
446.1823 	EXP 	Display Frame 0
446.1835 	EXP 	Display Fixation
449.0831 	DATA 	Keypress: t
452.2674 	DATA 	Keypress: t
455.1812 	DATA 	Keypress: t
458.3652 	DATA 	Keypress: t
461.2791 	DATA 	Keypress: t
464.4635 	DATA 	Keypress: t
497.7830 	DATA 	Keypress: q
497.7958 	EXP 	topMsg: height = 0.1
497.7958 	EXP 	topMsg: height = 0.1
497.7958 	EXP 	topMsg: text = "Thank you very much! \n\nThat's it with the tapping"
497.7958 	EXP 	bottomMsg: height = 0.1
497.7958 	EXP 	bottomMsg: height = 0.1
497.7958 	EXP 	bottomMsg: text = "Please relax for the ramaining time \n\n Press 'q' or 'escape' to end the session."
497.7958 	EXP 	Display TheEnd
498.2810 	DATA 	Keypress: t
499.2183 	DATA 	Keypress: q
499.2884 	EXP 	win: mouseVisible = True
