0.9551 	WARNING 	We strongly recommend you activate the PTB sound engine in PsychoPy prefs as the preferred audio engine. Its timing is vastly superior. Your prefs are currently set to use ['sounddevice', 'PTB', 'pyo', 'pygame'] (in that order).
28.2678 	INFO 	---START PARAMETERS---
28.2679 	INFO 	filename: TappingWithTrTiming_Movie_d3.py-1tt-114-Mar_17_1659
28.2679 	INFO 	subject: 1tt
28.2679 	INFO 	session: 114
28.2680 	INFO 	date: Mar_17_1659
28.2680 	INFO 	blockDur_TRs: 12
28.2680 	INFO 	condition: vis
28.2680 	INFO 	fixCrossPos: [0, 0]
28.2680 	INFO 	fixCrossSize: 100
28.2680 	INFO 	fullScreen: True
28.2680 	INFO 	movieFolder: Images/
28.2680 	INFO 	movieSize: (1600, 1000)
28.2680 	INFO 	nBlocks: 68
28.2680 	INFO 	promptDir: Text/
28.2680 	INFO 	restDur_TRs: 12
28.2680 	INFO 	screenColor: (128, 128, 128)
28.2680 	INFO 	screenToShow: 0
28.2680 	INFO 	skipPrompts: False
28.2680 	INFO 	tStartup_TRs: 0
28.2680 	INFO 	textHeight: 40
28.2681 	INFO 	triggerKey: t
28.2681 	INFO 	---END PARAMETERS---
29.1591 	INFO 	Loaded monitor calibration from ['2022_03_25 08:03']
30.2444 	WARNING 	Couldn't measure a consistent frame rate!
  - Is your graphics card set to sync to vertical blank?
  - Are you running other processes on your computer?

30.2451 	EXP 	Created win = Window(allowGUI=False, allowStencil=False, autoLog=True, backendConf=UNKNOWN, bitsMode=UNKNOWN, blendMode='avg', bpc=(8, 8, 8), color=array([128, 128, 128]), colorSpace='rgb255', depthBits=8, fullscr=<method-wrapper '__getattribute__' of attributeSetter object at 0x7f7d98b57a30>, gamma=None, gammaErrorPolicy='raise', lms=UNKNOWN, monitor=<psychopy.monitors.calibTools.Monitor object at 0x7f7e68cb21c0>, multiSample=False, name='win', numSamples=2, pos=[432.0, 279.25], screen=0, size=array([3456, 2234]), stencilBits=0, stereo=False, units='deg', useFBO=False, useRetina=True, viewOri=0.0, viewPos=None, viewScale=None, waitBlanking=True, winType='pyglet')
30.2455 	EXP 	win: mouseVisible = True
30.2514 	EXP 	Created fixCross = ShapeStim(__class__=<class 'psychopy.visual.shape.ShapeStim'>, anchor=('center', 'center'), autoDraw=False, autoLog=True, closeShape=False, color=method-wrapper(...), colorSpace='rgb', contrast=None, depth=0, fillColor=array([0, 0, 0]), fillColorSpace='rgb', fillRGB=array([0, 0, 0]), interpolate=True, lineColor=array([-1., -1., -1.]), lineColorSpace='rgb', lineRGB=array([-1., -1., -1.]), lineWidth=3.0, name='fixCross', opacity=0.5, ori=0.0, pos=array([0., 0.]), size=array([1., 1.]), units='pix', vertices=ndarray(...), win=Window(...), windingRule=None)
30.2519 	WARNING 	TextStim.alignHoriz is deprecated. Use alignText and anchorHoriz attributes instead
30.2849 	EXP 	Created topMsg = TextStim(__class__=<class 'psychopy.visual.text.TextStim'>, alignHoriz='center', alignText='center', alignVert=method-wrapper(...), anchorHoriz='center', anchorVert='center', antialias=True, autoLog=True, bold=False, color=array([-1., -1., -1.]), colorSpace='rgb', contrast=1.0, depth=0, flipHoriz=False, flipVert=False, font='', fontFiles=[], height=0.1, italic=False, languageStyle='LTR', name='topMsg', opacity=1.0, ori=0.0, pos=array([0. , 0.5]), rgb=UNKNOWN, text='aaa', units='norm', win=Window(...), wrapWidth=1.5)
30.2850 	WARNING 	TextStim.alignHoriz is deprecated. Use alignText and anchorHoriz attributes instead
30.2877 	EXP 	Created bottomMsg = TextStim(__class__=<class 'psychopy.visual.text.TextStim'>, alignHoriz='center', alignText='center', alignVert=method-wrapper(...), anchorHoriz='center', anchorVert='center', antialias=True, autoLog=True, bold=False, color=array([-1., -1., -1.]), colorSpace='rgb', contrast=1.0, depth=0, flipHoriz=False, flipVert=False, font='', fontFiles=[], height=0.1, italic=False, languageStyle='LTR', name='bottomMsg', opacity=1.0, ori=0.0, pos=array([ 0. , -0.5]), rgb=UNKNOWN, text='bbb', units='norm', win=Window(...), wrapWidth=1.5)
30.3087 	EXP 	Created Movie Frame 0 = ImageStim(__class__=<class 'psychopy.visual.image.ImageStim'>, anchor=('center', 'center'), autoLog=True, color=array([1., 1., 1.]), colorSpace='rgb', contrast=1.0, depth=0, flipHoriz=False, flipVert=False, image='Images/visual_0.png', interpolate=False, mask=None, maskParams=None, name='Movie Frame 0', opacity=1, ori=0.0, pos=array([0., 0.]), size=array([1600., 1000.]), texRes=128, units='pix', win=Window(...))
30.3200 	EXP 	Created Movie Frame 1 = ImageStim(__class__=<class 'psychopy.visual.image.ImageStim'>, anchor=('center', 'center'), autoLog=True, color=array([1., 1., 1.]), colorSpace='rgb', contrast=1.0, depth=0, flipHoriz=False, flipVert=False, image='Images/visual_1.png', interpolate=False, mask=None, maskParams=None, name='Movie Frame 1', opacity=1, ori=0.0, pos=array([0., 0.]), size=array([1600., 1000.]), texRes=128, units='pix', win=Window(...))
30.3270 	EXP 	Created unnamed TextStim = TextStim(__class__=<class 'psychopy.visual.text.TextStim'>, alignHoriz=method-wrapper(...), alignText='center', alignVert=method-wrapper(...), anchorHoriz='center', anchorVert='center', antialias=True, autoLog=True, bold=False, color=array([-1., -1., -1.]), colorSpace='rgb', contrast=1.0, depth=0, flipHoriz=False, flipVert=False, font='', fontFiles=[], height=40.0, italic=False, languageStyle='LTR', name='unnamed TextStim', opacity=1.0, ori=0.0, pos=array([  0., 580.]), rgb=UNKNOWN, text='look at the center', units='pix', win=Window(...), wrapWidth=1600)
30.3445 	WARNING 	t of last frame was 100.28ms (=1/9)
30.3445 	EXP 	topMsg: height = 0.1
30.3445 	EXP 	topMsg: height = 0.1
30.3445 	EXP 	topMsg: text = 'You will see a flickering checkerboard. When it is on the screen, try to fixate the center of the checkerboard. When the fixation cross appears, relax and stare at the cross.'
30.3445 	EXP 	bottomMsg: height = 0.1
30.3445 	EXP 	bottomMsg: height = 0.1
30.3445 	EXP 	bottomMsg: text = 'The experiment will begin shortly'
30.3445 	EXP 	Display Instructions1
30.7649 	DATA 	Keypress: space
30.7700 	WARNING 	t of last frame was 425.49ms (=1/2)
30.7700 	EXP 	topMsg: height = 0.1
30.7700 	EXP 	topMsg: height = 0.1
30.7700 	EXP 	topMsg: text = "Please don't move..."
30.7700 	EXP 	bottomMsg: height = 0.1
30.7700 	EXP 	bottomMsg: height = 0.1
30.7700 	EXP 	bottomMsg: text = ''
30.7700 	EXP 	PleaseDontMove
103.0173 	DATA 	Keypress: t
103.0319 	WARNING 	t of last frame was 72261.95ms (=1/0)
103.0319 	EXP 	Display Fixation
103.0322 	EXP 	---START EXPERIMENT---
103.0512 	EXP 	Display Fixation
107.5629 	DATA 	Keypress: t
112.1028 	DATA 	Keypress: t
116.6460 	DATA 	Keypress: t
121.1899 	DATA 	Keypress: t
125.7325 	DATA 	Keypress: t
129.6733 	DATA 	Keypress: q
129.6943 	WARNING 	t of last frame was 26643.05ms (=1/0)
129.6943 	EXP 	topMsg: height = 0.1
129.6943 	EXP 	topMsg: height = 0.1
129.6943 	EXP 	topMsg: text = "Thank you very much! \n\nThat's it with the tapping"
129.6943 	EXP 	bottomMsg: height = 0.1
129.6943 	EXP 	bottomMsg: height = 0.1
129.6943 	EXP 	bottomMsg: text = "Please relax for the ramaining time \n\n Press 'q' or 'escape' to end the session."
129.6943 	EXP 	Display TheEnd
130.1028 	DATA 	Keypress: t
130.3654 	DATA 	Keypress: q
130.4335 	EXP 	win: mouseVisible = True
