0.9350 	WARNING 	We strongly recommend you activate the PTB sound engine in PsychoPy prefs as the preferred audio engine. Its timing is vastly superior. Your prefs are currently set to use ['sounddevice', 'PTB', 'pyo', 'pygame'] (in that order).
8.1473 	INFO 	---START PARAMETERS---
8.1474 	INFO 	filename: TappingWithTrTiming_Movie_d3.py-1tt-126-Mar_18_1454
8.1474 	INFO 	subject: 1tt
8.1474 	INFO 	session: 126
8.1474 	INFO 	date: Mar_18_1454
8.1474 	INFO 	blockDur_TRs: 8
8.1474 	INFO 	condition: vis
8.1474 	INFO 	fixCrossPos: [0, 0]
8.1474 	INFO 	fixCrossSize: 100
8.1474 	INFO 	fullScreen: True
8.1474 	INFO 	movieFolder: Images/
8.1474 	INFO 	movieSize: (1600, 1600)
8.1475 	INFO 	nBlocks: 68
8.1475 	INFO 	promptDir: Text/
8.1475 	INFO 	restDur_TRs: 8
8.1475 	INFO 	screenColor: (128, 128, 128)
8.1475 	INFO 	screenToShow: 1
8.1475 	INFO 	skipPrompts: False
8.1475 	INFO 	tStartup_TRs: 0
8.1475 	INFO 	textHeight: 40
8.1475 	INFO 	triggerKey: t
8.1475 	INFO 	---END PARAMETERS---
9.0179 	INFO 	Loaded monitor calibration from ['2022_03_25 08:03']
10.1569 	WARNING 	Couldn't measure a consistent frame rate!
  - Is your graphics card set to sync to vertical blank?
  - Are you running other processes on your computer?

10.1580 	EXP 	Created win = Window(allowGUI=False, allowStencil=False, autoLog=True, backendConf=UNKNOWN, bitsMode=UNKNOWN, blendMode='avg', bpc=(8, 8, 8), color=array([128, 128, 128]), colorSpace='rgb255', depthBits=8, fullscr=<method-wrapper '__getattribute__' of attributeSetter object at 0x7fa0a946cb50>, gamma=None, gammaErrorPolicy='raise', lms=UNKNOWN, monitor=<psychopy.monitors.calibTools.Monitor object at 0x7fa158c72220>, multiSample=False, name='win', numSamples=2, pos=(1976, -15), screen=1, size=array([3840, 2160]), stencilBits=0, stereo=False, units='deg', useFBO=False, useRetina=True, viewOri=0.0, viewPos=None, viewScale=None, waitBlanking=True, winType='pyglet')
10.1584 	EXP 	win: mouseVisible = True
10.1652 	EXP 	Created fixCross = ShapeStim(__class__=<class 'psychopy.visual.shape.ShapeStim'>, anchor=('center', 'center'), autoDraw=False, autoLog=True, closeShape=False, color=method-wrapper(...), colorSpace='rgb', contrast=None, depth=0, fillColor=array([0, 0, 0]), fillColorSpace='rgb', fillRGB=array([0, 0, 0]), interpolate=True, lineColor=array([-1., -1., -1.]), lineColorSpace='rgb', lineRGB=array([-1., -1., -1.]), lineWidth=3.0, name='fixCross', opacity=0.5, ori=0.0, pos=array([0., 0.]), size=array([1., 1.]), units='pix', vertices=ndarray(...), win=Window(...), windingRule=None)
10.1659 	WARNING 	TextStim.alignHoriz is deprecated. Use alignText and anchorHoriz attributes instead
10.1930 	EXP 	Created topMsg = TextStim(__class__=<class 'psychopy.visual.text.TextStim'>, alignHoriz='center', alignText='center', alignVert=method-wrapper(...), anchorHoriz='center', anchorVert='center', antialias=True, autoLog=True, bold=False, color=array([-1., -1., -1.]), colorSpace='rgb', contrast=1.0, depth=0, flipHoriz=False, flipVert=False, font='', fontFiles=[], height=0.1, italic=False, languageStyle='LTR', name='topMsg', opacity=1.0, ori=0.0, pos=array([0. , 0.5]), rgb=UNKNOWN, text='aaa', units='norm', win=Window(...), wrapWidth=1.5)
10.1932 	WARNING 	TextStim.alignHoriz is deprecated. Use alignText and anchorHoriz attributes instead
10.1956 	EXP 	Created bottomMsg = TextStim(__class__=<class 'psychopy.visual.text.TextStim'>, alignHoriz='center', alignText='center', alignVert=method-wrapper(...), anchorHoriz='center', anchorVert='center', antialias=True, autoLog=True, bold=False, color=array([-1., -1., -1.]), colorSpace='rgb', contrast=1.0, depth=0, flipHoriz=False, flipVert=False, font='', fontFiles=[], height=0.1, italic=False, languageStyle='LTR', name='bottomMsg', opacity=1.0, ori=0.0, pos=array([ 0. , -0.5]), rgb=UNKNOWN, text='bbb', units='norm', win=Window(...), wrapWidth=1.5)
10.2172 	EXP 	Created Movie Frame 0 = ImageStim(__class__=<class 'psychopy.visual.image.ImageStim'>, anchor=('center', 'center'), autoLog=True, color=array([1., 1., 1.]), colorSpace='rgb', contrast=1.0, depth=0, flipHoriz=False, flipVert=False, image='Images/visual_0.png', interpolate=False, mask=None, maskParams=None, name='Movie Frame 0', opacity=1, ori=0.0, pos=array([0., 0.]), size=array([1600., 1600.]), texRes=128, units='pix', win=Window(...))
10.2281 	EXP 	Created Movie Frame 1 = ImageStim(__class__=<class 'psychopy.visual.image.ImageStim'>, anchor=('center', 'center'), autoLog=True, color=array([1., 1., 1.]), colorSpace='rgb', contrast=1.0, depth=0, flipHoriz=False, flipVert=False, image='Images/visual_1.png', interpolate=False, mask=None, maskParams=None, name='Movie Frame 1', opacity=1, ori=0.0, pos=array([0., 0.]), size=array([1600., 1600.]), texRes=128, units='pix', win=Window(...))
10.2350 	EXP 	Created unnamed TextStim = TextStim(__class__=<class 'psychopy.visual.text.TextStim'>, alignHoriz=method-wrapper(...), alignText='center', alignVert=method-wrapper(...), anchorHoriz='center', anchorVert='center', antialias=True, autoLog=True, bold=False, color=array([-1., -1., -1.]), colorSpace='rgb', contrast=1.0, depth=0, flipHoriz=False, flipVert=False, font='', fontFiles=[], height=40.0, italic=False, languageStyle='LTR', name='unnamed TextStim', opacity=1.0, ori=0.0, pos=array([  0., 880.]), rgb=UNKNOWN, text='look at the center', units='pix', win=Window(...), wrapWidth=1600)
10.2505 	WARNING 	t of last frame was 93.77ms (=1/10)
10.2505 	EXP 	topMsg: height = 0.1
10.2505 	EXP 	topMsg: height = 0.1
10.2505 	EXP 	topMsg: text = 'You will see a flickering checkerboard. When it is on the screen, try to fixate the center of the checkerboard. When the fixation cross appears, relax and stare at the cross.'
10.2505 	EXP 	bottomMsg: height = 0.1
10.2505 	EXP 	bottomMsg: height = 0.1
10.2505 	EXP 	bottomMsg: text = 'The experiment will begin shortly'
10.2505 	EXP 	Display Instructions1
11.4110 	DATA 	Keypress: q
11.4678 	EXP 	win: mouseVisible = True
