1.0002 	WARNING 	We strongly recommend you activate the PTB sound engine in PsychoPy prefs as the preferred audio engine. Its timing is vastly superior. Your prefs are currently set to use ['sounddevice', 'PTB', 'pyo', 'pygame'] (in that order).
7.3392 	INFO 	---START PARAMETERS---
7.3392 	INFO 	filename: TappingWithTrTiming_Movie_d3.py-1tt-117-Mar_18_1425
7.3393 	INFO 	subject: 1tt
7.3393 	INFO 	session: 117
7.3393 	INFO 	date: Mar_18_1425
7.3393 	INFO 	blockDur_TRs: 8
7.3393 	INFO 	condition: vis
7.3393 	INFO 	fixCrossPos: [0, 0]
7.3393 	INFO 	fixCrossSize: 100
7.3393 	INFO 	fullScreen: True
7.3393 	INFO 	movieFolder: Images/
7.3393 	INFO 	movieSize: (1600, 1000)
7.3393 	INFO 	nBlocks: 68
7.3393 	INFO 	promptDir: Text/
7.3393 	INFO 	restDur_TRs: 8
7.3393 	INFO 	screenColor: (128, 128, 128)
7.3393 	INFO 	screenToShow: 0
7.3393 	INFO 	skipPrompts: False
7.3393 	INFO 	tStartup_TRs: 0
7.3393 	INFO 	textHeight: 40
7.3393 	INFO 	triggerKey: t
7.3393 	INFO 	---END PARAMETERS---
8.1883 	INFO 	Loaded monitor calibration from ['2022_03_25 08:03']
9.3065 	WARNING 	Couldn't measure a consistent frame rate!
  - Is your graphics card set to sync to vertical blank?
  - Are you running other processes on your computer?

9.3083 	EXP 	Created win = Window(allowGUI=False, allowStencil=False, autoLog=True, backendConf=UNKNOWN, bitsMode=UNKNOWN, blendMode='avg', bpc=(8, 8, 8), color=array([128, 128, 128]), colorSpace='rgb255', depthBits=8, fullscr=<method-wrapper '__getattribute__' of attributeSetter object at 0x7f9f404aa100>, gamma=None, gammaErrorPolicy='raise', lms=UNKNOWN, monitor=<psychopy.monitors.calibTools.Monitor object at 0x7fa011e89220>, multiSample=False, name='win', numSamples=2, pos=[432.0, 279.25], screen=0, size=array([3456, 2234]), stencilBits=0, stereo=False, units='deg', useFBO=False, useRetina=True, viewOri=0.0, viewPos=None, viewScale=None, waitBlanking=True, winType='pyglet')
9.3086 	EXP 	win: mouseVisible = True
9.3168 	EXP 	Created fixCross = ShapeStim(__class__=<class 'psychopy.visual.shape.ShapeStim'>, anchor=('center', 'center'), autoDraw=False, autoLog=True, closeShape=False, color=method-wrapper(...), colorSpace='rgb', contrast=None, depth=0, fillColor=array([0, 0, 0]), fillColorSpace='rgb', fillRGB=array([0, 0, 0]), interpolate=True, lineColor=array([-1., -1., -1.]), lineColorSpace='rgb', lineRGB=array([-1., -1., -1.]), lineWidth=3.0, name='fixCross', opacity=0.5, ori=0.0, pos=array([0., 0.]), size=array([1., 1.]), units='pix', vertices=ndarray(...), win=Window(...), windingRule=None)
9.3178 	WARNING 	TextStim.alignHoriz is deprecated. Use alignText and anchorHoriz attributes instead
9.3553 	EXP 	Created topMsg = TextStim(__class__=<class 'psychopy.visual.text.TextStim'>, alignHoriz='center', alignText='center', alignVert=method-wrapper(...), anchorHoriz='center', anchorVert='center', antialias=True, autoLog=True, bold=False, color=array([-1., -1., -1.]), colorSpace='rgb', contrast=1.0, depth=0, flipHoriz=False, flipVert=False, font='', fontFiles=[], height=0.1, italic=False, languageStyle='LTR', name='topMsg', opacity=1.0, ori=0.0, pos=array([0. , 0.5]), rgb=UNKNOWN, text='aaa', units='norm', win=Window(...), wrapWidth=1.5)
9.3555 	WARNING 	TextStim.alignHoriz is deprecated. Use alignText and anchorHoriz attributes instead
9.3581 	EXP 	Created bottomMsg = TextStim(__class__=<class 'psychopy.visual.text.TextStim'>, alignHoriz='center', alignText='center', alignVert=method-wrapper(...), anchorHoriz='center', anchorVert='center', antialias=True, autoLog=True, bold=False, color=array([-1., -1., -1.]), colorSpace='rgb', contrast=1.0, depth=0, flipHoriz=False, flipVert=False, font='', fontFiles=[], height=0.1, italic=False, languageStyle='LTR', name='bottomMsg', opacity=1.0, ori=0.0, pos=array([ 0. , -0.5]), rgb=UNKNOWN, text='bbb', units='norm', win=Window(...), wrapWidth=1.5)
9.3873 	EXP 	Created Movie Frame 0 = ImageStim(__class__=<class 'psychopy.visual.image.ImageStim'>, anchor=('center', 'center'), autoLog=True, color=array([1., 1., 1.]), colorSpace='rgb', contrast=1.0, depth=0, flipHoriz=False, flipVert=False, image='Images/visual_0.png', interpolate=False, mask=None, maskParams=None, name='Movie Frame 0', opacity=1, ori=0.0, pos=array([0., 0.]), size=array([1600., 1000.]), texRes=128, units='pix', win=Window(...))
9.3982 	EXP 	Created Movie Frame 1 = ImageStim(__class__=<class 'psychopy.visual.image.ImageStim'>, anchor=('center', 'center'), autoLog=True, color=array([1., 1., 1.]), colorSpace='rgb', contrast=1.0, depth=0, flipHoriz=False, flipVert=False, image='Images/visual_1.png', interpolate=False, mask=None, maskParams=None, name='Movie Frame 1', opacity=1, ori=0.0, pos=array([0., 0.]), size=array([1600., 1000.]), texRes=128, units='pix', win=Window(...))
9.4053 	EXP 	Created unnamed TextStim = TextStim(__class__=<class 'psychopy.visual.text.TextStim'>, alignHoriz=method-wrapper(...), alignText='center', alignVert=method-wrapper(...), anchorHoriz='center', anchorVert='center', antialias=True, autoLog=True, bold=False, color=array([-1., -1., -1.]), colorSpace='rgb', contrast=1.0, depth=0, flipHoriz=False, flipVert=False, font='', fontFiles=[], height=40.0, italic=False, languageStyle='LTR', name='unnamed TextStim', opacity=1.0, ori=0.0, pos=array([  0., 580.]), rgb=UNKNOWN, text='look at the center', units='pix', win=Window(...), wrapWidth=1600)
9.4233 	WARNING 	t of last frame was 116.94ms (=1/8)
9.4233 	EXP 	topMsg: height = 0.1
9.4233 	EXP 	topMsg: height = 0.1
9.4233 	EXP 	topMsg: text = 'You will see a flickering checkerboard. When it is on the screen, try to fixate the center of the checkerboard. When the fixation cross appears, relax and stare at the cross.'
9.4233 	EXP 	bottomMsg: height = 0.1
9.4233 	EXP 	bottomMsg: height = 0.1
9.4233 	EXP 	bottomMsg: text = 'The experiment will begin shortly'
9.4233 	EXP 	Display Instructions1
11.4506 	DATA 	Keypress: space
11.4676 	WARNING 	t of last frame was 2044.25ms (=1/0)
11.4676 	EXP 	topMsg: height = 0.1
11.4676 	EXP 	topMsg: height = 0.1
11.4676 	EXP 	topMsg: text = "Please don't move..."
11.4676 	EXP 	bottomMsg: height = 0.1
11.4676 	EXP 	bottomMsg: height = 0.1
11.4676 	EXP 	bottomMsg: text = ''
11.4676 	EXP 	PleaseDontMove
55.2508 	DATA 	Keypress: t
55.2674 	WARNING 	t of last frame was 43799.80ms (=1/0)
55.2674 	EXP 	Display Fixation
55.2677 	EXP 	---START EXPERIMENT---
55.2881 	WARNING 	t of last frame was 20.76ms (=1/48)
55.2881 	EXP 	Display Fixation
59.7959 	DATA 	Keypress: t
64.3366 	DATA 	Keypress: t
68.8794 	DATA 	Keypress: t
73.4226 	DATA 	Keypress: t
77.9663 	DATA 	Keypress: t
82.5094 	DATA 	Keypress: t
87.0525 	DATA 	Keypress: t
91.5957 	DATA 	Keypress: t
91.6097 	WARNING 	Multiple dropped frames have occurred - I'll stop bothering you about them!
91.7242 	EXP 	Display Frame 1
91.8484 	EXP 	Display Frame 0
91.9730 	EXP 	Display Frame 1
92.0980 	EXP 	Display Frame 0
92.2230 	EXP 	Display Frame 1
92.3479 	EXP 	Display Frame 0
92.4729 	EXP 	Display Frame 1
92.5979 	EXP 	Display Frame 0
92.7231 	EXP 	Display Frame 1
92.8480 	EXP 	Display Frame 0
92.9736 	EXP 	Display Frame 1
93.0983 	EXP 	Display Frame 0
93.2245 	EXP 	Display Frame 1
93.3479 	EXP 	Display Frame 0
93.4730 	EXP 	Display Frame 1
93.5983 	EXP 	Display Frame 0
93.7233 	EXP 	Display Frame 1
93.8483 	EXP 	Display Frame 0
93.9737 	EXP 	Display Frame 1
94.0982 	EXP 	Display Frame 0
94.2232 	EXP 	Display Frame 1
94.3488 	EXP 	Display Frame 0
94.4733 	EXP 	Display Frame 1
94.5982 	EXP 	Display Frame 0
94.7232 	EXP 	Display Frame 1
94.8483 	EXP 	Display Frame 0
94.9737 	EXP 	Display Frame 1
95.0983 	EXP 	Display Frame 0
95.2231 	EXP 	Display Frame 1
95.3483 	EXP 	Display Frame 0
95.4733 	EXP 	Display Frame 1
95.5983 	EXP 	Display Frame 0
95.7234 	EXP 	Display Frame 1
95.8483 	EXP 	Display Frame 0
95.9733 	EXP 	Display Frame 1
96.0983 	EXP 	Display Frame 0
96.2224 	DATA 	Keypress: t
96.2258 	EXP 	Display Frame 1
96.3479 	EXP 	Display Frame 0
96.4730 	EXP 	Display Frame 1
96.5987 	EXP 	Display Frame 0
96.7233 	EXP 	Display Frame 1
96.8486 	EXP 	Display Frame 0
96.9736 	EXP 	Display Frame 1
97.0983 	EXP 	Display Frame 0
97.2240 	EXP 	Display Frame 1
97.3487 	EXP 	Display Frame 0
97.4730 	EXP 	Display Frame 1
97.5977 	EXP 	Display Frame 0
97.7229 	EXP 	Display Frame 1
97.8480 	EXP 	Display Frame 0
97.9729 	EXP 	Display Frame 1
98.0980 	EXP 	Display Frame 0
98.2230 	EXP 	Display Frame 1
98.3487 	EXP 	Display Frame 0
98.4730 	EXP 	Display Frame 1
98.5987 	EXP 	Display Frame 0
98.7237 	EXP 	Display Frame 1
98.8486 	EXP 	Display Frame 0
98.9737 	EXP 	Display Frame 1
99.0988 	EXP 	Display Frame 0
99.2236 	EXP 	Display Frame 1
99.3486 	EXP 	Display Frame 0
99.4733 	EXP 	Display Frame 1
99.5988 	EXP 	Display Frame 0
99.7237 	EXP 	Display Frame 1
99.8488 	EXP 	Display Frame 0
99.9737 	EXP 	Display Frame 1
100.0987 	EXP 	Display Frame 0
100.2238 	EXP 	Display Frame 1
100.3483 	EXP 	Display Frame 0
100.4732 	EXP 	Display Frame 1
100.5986 	EXP 	Display Frame 0
100.7225 	DATA 	Keypress: t
100.7259 	EXP 	Display Frame 1
100.8480 	EXP 	Display Frame 0
100.9730 	EXP 	Display Frame 1
101.0987 	EXP 	Display Frame 0
101.2232 	EXP 	Display Frame 1
101.3487 	EXP 	Display Frame 0
101.4730 	EXP 	Display Frame 1
101.5982 	EXP 	Display Frame 0
101.7237 	EXP 	Display Frame 1
101.8488 	EXP 	Display Frame 0
101.9733 	EXP 	Display Frame 1
102.0987 	EXP 	Display Frame 0
102.2238 	EXP 	Display Frame 1
102.3486 	EXP 	Display Frame 0
102.4732 	EXP 	Display Frame 1
102.5988 	EXP 	Display Frame 0
102.7232 	EXP 	Display Frame 1
102.8487 	EXP 	Display Frame 0
102.9727 	EXP 	Display Frame 1
103.0988 	EXP 	Display Frame 0
103.2229 	EXP 	Display Frame 1
103.3481 	EXP 	Display Frame 0
103.4733 	EXP 	Display Frame 1
103.5984 	EXP 	Display Frame 0
103.7233 	EXP 	Display Frame 1
103.8491 	EXP 	Display Frame 0
103.9729 	EXP 	Display Frame 1
104.0983 	EXP 	Display Frame 0
104.2238 	EXP 	Display Frame 1
104.3480 	EXP 	Display Frame 0
104.4732 	EXP 	Display Frame 1
104.5983 	EXP 	Display Frame 0
104.7233 	EXP 	Display Frame 1
104.8484 	EXP 	Display Frame 0
104.9733 	EXP 	Display Frame 1
105.0981 	EXP 	Display Frame 0
105.2236 	EXP 	Display Frame 1
105.3474 	DATA 	Keypress: t
105.3505 	EXP 	Display Frame 0
105.4730 	EXP 	Display Frame 1
105.5986 	EXP 	Display Frame 0
105.7233 	EXP 	Display Frame 1
105.8482 	EXP 	Display Frame 0
105.9736 	EXP 	Display Frame 1
106.0983 	EXP 	Display Frame 0
106.2233 	EXP 	Display Frame 1
106.3482 	EXP 	Display Frame 0
106.4733 	EXP 	Display Frame 1
106.5983 	EXP 	Display Frame 0
106.7232 	EXP 	Display Frame 1
106.8483 	EXP 	Display Frame 0
106.9741 	EXP 	Display Frame 1
107.0982 	EXP 	Display Frame 0
107.2233 	EXP 	Display Frame 1
107.3487 	EXP 	Display Frame 0
107.4731 	EXP 	Display Frame 1
107.5982 	EXP 	Display Frame 0
107.7233 	EXP 	Display Frame 1
107.8482 	EXP 	Display Frame 0
107.9737 	EXP 	Display Frame 1
108.0983 	EXP 	Display Frame 0
108.2233 	EXP 	Display Frame 1
108.3479 	EXP 	Display Frame 0
108.4730 	EXP 	Display Frame 1
108.5980 	EXP 	Display Frame 0
108.7232 	EXP 	Display Frame 1
108.8483 	EXP 	Display Frame 0
108.9732 	EXP 	Display Frame 1
109.0982 	EXP 	Display Frame 0
109.2232 	EXP 	Display Frame 1
109.3487 	EXP 	Display Frame 0
109.4732 	EXP 	Display Frame 1
109.5982 	EXP 	Display Frame 0
109.7240 	EXP 	Display Frame 1
109.8477 	DATA 	Keypress: t
109.8507 	EXP 	Display Frame 0
109.9729 	EXP 	Display Frame 1
110.0981 	EXP 	Display Frame 0
110.2233 	EXP 	Display Frame 1
110.3486 	EXP 	Display Frame 0
110.4733 	EXP 	Display Frame 1
110.5983 	EXP 	Display Frame 0
110.7232 	EXP 	Display Frame 1
110.8483 	EXP 	Display Frame 0
110.9733 	EXP 	Display Frame 1
111.0990 	EXP 	Display Frame 0
111.2232 	EXP 	Display Frame 1
111.3481 	EXP 	Display Frame 0
111.4730 	EXP 	Display Frame 1
111.5980 	EXP 	Display Frame 0
111.7233 	EXP 	Display Frame 1
111.8482 	EXP 	Display Frame 0
111.9732 	EXP 	Display Frame 1
112.0983 	EXP 	Display Frame 0
112.2232 	EXP 	Display Frame 1
112.3482 	EXP 	Display Frame 0
112.4733 	EXP 	Display Frame 1
112.5983 	EXP 	Display Frame 0
112.7232 	EXP 	Display Frame 1
112.8491 	EXP 	Display Frame 0
112.9733 	EXP 	Display Frame 1
113.0982 	EXP 	Display Frame 0
113.2238 	EXP 	Display Frame 1
113.3482 	EXP 	Display Frame 0
113.4732 	EXP 	Display Frame 1
113.5977 	EXP 	Display Frame 0
113.7229 	EXP 	Display Frame 1
113.8480 	EXP 	Display Frame 0
113.9730 	EXP 	Display Frame 1
114.0982 	EXP 	Display Frame 0
114.2232 	EXP 	Display Frame 1
114.3474 	DATA 	Keypress: t
114.3506 	EXP 	Display Frame 0
114.4729 	EXP 	Display Frame 1
114.5979 	EXP 	Display Frame 0
114.7232 	EXP 	Display Frame 1
114.8483 	EXP 	Display Frame 0
114.9732 	EXP 	Display Frame 1
115.0982 	EXP 	Display Frame 0
115.2233 	EXP 	Display Frame 1
115.3482 	EXP 	Display Frame 0
115.4733 	EXP 	Display Frame 1
115.5988 	EXP 	Display Frame 0
115.7233 	EXP 	Display Frame 1
115.8482 	EXP 	Display Frame 0
115.9733 	EXP 	Display Frame 1
116.0983 	EXP 	Display Frame 0
116.2235 	EXP 	Display Frame 1
116.3487 	EXP 	Display Frame 0
116.4732 	EXP 	Display Frame 1
116.5982 	EXP 	Display Frame 0
116.7232 	EXP 	Display Frame 1
116.8482 	EXP 	Display Frame 0
116.9738 	EXP 	Display Frame 1
117.0982 	EXP 	Display Frame 0
117.2233 	EXP 	Display Frame 1
117.3490 	EXP 	Display Frame 0
117.4732 	EXP 	Display Frame 1
117.5983 	EXP 	Display Frame 0
117.7240 	EXP 	Display Frame 1
117.8482 	EXP 	Display Frame 0
117.9732 	EXP 	Display Frame 1
118.0982 	EXP 	Display Frame 0
118.2233 	EXP 	Display Frame 1
118.3487 	EXP 	Display Frame 0
118.4734 	EXP 	Display Frame 1
118.5983 	EXP 	Display Frame 0
118.7238 	EXP 	Display Frame 1
118.8483 	EXP 	Display Frame 0
118.9722 	DATA 	Keypress: t
118.9745 	EXP 	Display Frame 1
119.0980 	EXP 	Display Frame 0
119.2230 	EXP 	Display Frame 1
119.3486 	EXP 	Display Frame 0
119.4730 	EXP 	Display Frame 1
119.5983 	EXP 	Display Frame 0
119.7229 	EXP 	Display Frame 1
119.8482 	EXP 	Display Frame 0
119.9730 	EXP 	Display Frame 1
120.0980 	EXP 	Display Frame 0
120.2232 	EXP 	Display Frame 1
120.3480 	EXP 	Display Frame 0
120.4732 	EXP 	Display Frame 1
120.5982 	EXP 	Display Frame 0
120.7240 	EXP 	Display Frame 1
120.8483 	EXP 	Display Frame 0
120.9733 	EXP 	Display Frame 1
121.0984 	EXP 	Display Frame 0
121.2234 	EXP 	Display Frame 1
121.3494 	EXP 	Display Frame 0
121.4731 	EXP 	Display Frame 1
121.5981 	EXP 	Display Frame 0
121.7230 	EXP 	Display Frame 1
121.8487 	EXP 	Display Frame 0
121.9733 	EXP 	Display Frame 1
122.0990 	EXP 	Display Frame 0
122.2232 	EXP 	Display Frame 1
122.3483 	EXP 	Display Frame 0
122.4734 	EXP 	Display Frame 1
122.5986 	EXP 	Display Frame 0
122.7233 	EXP 	Display Frame 1
122.8480 	EXP 	Display Frame 0
122.9732 	EXP 	Display Frame 1
123.0983 	EXP 	Display Frame 0
123.2233 	EXP 	Display Frame 1
123.3482 	EXP 	Display Frame 0
123.4723 	DATA 	Keypress: t
123.4755 	EXP 	Display Frame 1
123.5980 	EXP 	Display Frame 0
123.7232 	EXP 	Display Frame 1
123.8487 	EXP 	Display Frame 0
123.9733 	EXP 	Display Frame 1
124.0982 	EXP 	Display Frame 0
124.2233 	EXP 	Display Frame 1
124.3480 	EXP 	Display Frame 0
124.4730 	EXP 	Display Frame 1
124.5987 	EXP 	Display Frame 0
124.7230 	EXP 	Display Frame 1
124.8483 	EXP 	Display Frame 0
124.9738 	EXP 	Display Frame 1
125.0988 	EXP 	Display Frame 0
125.2240 	EXP 	Display Frame 1
125.3482 	EXP 	Display Frame 0
125.4734 	EXP 	Display Frame 1
125.5988 	EXP 	Display Frame 0
125.7233 	EXP 	Display Frame 1
125.8483 	EXP 	Display Frame 0
125.9732 	EXP 	Display Frame 1
126.0982 	EXP 	Display Frame 0
126.2233 	EXP 	Display Frame 1
126.3482 	EXP 	Display Frame 0
126.4732 	EXP 	Display Frame 1
126.5987 	EXP 	Display Frame 0
126.7233 	EXP 	Display Frame 1
126.8482 	EXP 	Display Frame 0
126.9736 	EXP 	Display Frame 1
127.0984 	EXP 	Display Frame 0
127.2232 	EXP 	Display Frame 1
127.3482 	EXP 	Display Frame 0
127.4733 	EXP 	Display Frame 1
127.5983 	EXP 	Display Frame 0
127.7236 	EXP 	Display Frame 1
127.8483 	EXP 	Display Frame 0
127.9724 	DATA 	Keypress: t
127.9750 	EXP 	Display Frame 1
127.9777 	EXP 	Display Fixation
132.4854 	DATA 	Keypress: t
137.0275 	DATA 	Keypress: t
141.5706 	DATA 	Keypress: t
146.1145 	DATA 	Keypress: t
150.6579 	DATA 	Keypress: t
155.2005 	DATA 	Keypress: t
159.7435 	DATA 	Keypress: t
164.2868 	DATA 	Keypress: t
164.4151 	EXP 	Display Frame 1
164.5390 	EXP 	Display Frame 0
164.6649 	EXP 	Display Frame 1
164.7891 	EXP 	Display Frame 0
164.9142 	EXP 	Display Frame 1
165.0397 	EXP 	Display Frame 0
165.1644 	EXP 	Display Frame 1
165.2899 	EXP 	Display Frame 0
165.4143 	EXP 	Display Frame 1
165.5393 	EXP 	Display Frame 0
165.6648 	EXP 	Display Frame 1
165.7893 	EXP 	Display Frame 0
165.9142 	EXP 	Display Frame 1
166.0392 	EXP 	Display Frame 0
166.1642 	EXP 	Display Frame 1
166.2891 	EXP 	Display Frame 0
166.4143 	EXP 	Display Frame 1
166.5392 	EXP 	Display Frame 0
166.6651 	EXP 	Display Frame 1
166.7892 	EXP 	Display Frame 0
166.9139 	EXP 	Display Frame 1
167.0391 	EXP 	Display Frame 0
167.1639 	EXP 	Display Frame 1
167.2888 	EXP 	Display Frame 0
167.4143 	EXP 	Display Frame 1
167.5394 	EXP 	Display Frame 0
167.6642 	EXP 	Display Frame 1
167.7893 	EXP 	Display Frame 0
167.9146 	EXP 	Display Frame 1
168.0394 	EXP 	Display Frame 0
168.1643 	EXP 	Display Frame 1
168.2892 	EXP 	Display Frame 0
168.4143 	EXP 	Display Frame 1
168.5401 	EXP 	Display Frame 0
168.6637 	EXP 	Display Frame 1
168.7893 	EXP 	Display Frame 0
168.9133 	DATA 	Keypress: t
168.9158 	EXP 	Display Frame 1
169.0389 	EXP 	Display Frame 0
169.1640 	EXP 	Display Frame 1
169.2896 	EXP 	Display Frame 0
169.4143 	EXP 	Display Frame 1
169.5398 	EXP 	Display Frame 0
169.6642 	EXP 	Display Frame 1
169.7893 	EXP 	Display Frame 0
169.9142 	EXP 	Display Frame 1
170.0392 	EXP 	Display Frame 0
170.1646 	EXP 	Display Frame 1
170.2891 	EXP 	Display Frame 0
170.4150 	EXP 	Display Frame 1
170.5391 	EXP 	Display Frame 0
170.6639 	EXP 	Display Frame 1
170.7890 	EXP 	Display Frame 0
170.9142 	EXP 	Display Frame 1
171.0393 	EXP 	Display Frame 0
171.1645 	EXP 	Display Frame 1
171.2888 	EXP 	Display Frame 0
171.4140 	EXP 	Display Frame 1
171.5389 	EXP 	Display Frame 0
171.6641 	EXP 	Display Frame 1
171.7898 	EXP 	Display Frame 0
171.9142 	EXP 	Display Frame 1
172.0392 	EXP 	Display Frame 0
172.1643 	EXP 	Display Frame 1
172.2887 	EXP 	Display Frame 0
172.4140 	EXP 	Display Frame 1
172.5390 	EXP 	Display Frame 0
172.6643 	EXP 	Display Frame 1
172.7892 	EXP 	Display Frame 0
172.9143 	EXP 	Display Frame 1
173.0401 	EXP 	Display Frame 0
173.1641 	EXP 	Display Frame 1
173.2892 	EXP 	Display Frame 0
173.4135 	DATA 	Keypress: t
173.4163 	EXP 	Display Frame 1
173.5390 	EXP 	Display Frame 0
173.6640 	EXP 	Display Frame 1
173.7894 	EXP 	Display Frame 0
173.9143 	EXP 	Display Frame 1
174.0390 	EXP 	Display Frame 0
174.1643 	EXP 	Display Frame 1
174.2895 	EXP 	Display Frame 0
174.4139 	EXP 	Display Frame 1
174.5401 	EXP 	Display Frame 0
174.6642 	EXP 	Display Frame 1
174.7892 	EXP 	Display Frame 0
174.9143 	EXP 	Display Frame 1
175.0392 	EXP 	Display Frame 0
175.1642 	EXP 	Display Frame 1
175.2896 	EXP 	Display Frame 0
175.4143 	EXP 	Display Frame 1
175.5397 	EXP 	Display Frame 0
175.6642 	EXP 	Display Frame 1
175.7893 	EXP 	Display Frame 0
175.9143 	EXP 	Display Frame 1
176.0393 	EXP 	Display Frame 0
176.1651 	EXP 	Display Frame 1
176.2891 	EXP 	Display Frame 0
176.4142 	EXP 	Display Frame 1
176.5393 	EXP 	Display Frame 0
176.6642 	EXP 	Display Frame 1
176.7898 	EXP 	Display Frame 0
176.9143 	EXP 	Display Frame 1
177.0392 	EXP 	Display Frame 0
177.1647 	EXP 	Display Frame 1
177.2891 	EXP 	Display Frame 0
177.4151 	EXP 	Display Frame 1
177.5392 	EXP 	Display Frame 0
177.6638 	EXP 	Display Frame 1
177.7897 	EXP 	Display Frame 0
177.9142 	EXP 	Display Frame 1
178.0383 	DATA 	Keypress: t
178.0407 	EXP 	Display Frame 0
178.1638 	EXP 	Display Frame 1
178.2888 	EXP 	Display Frame 0
178.4143 	EXP 	Display Frame 1
178.5393 	EXP 	Display Frame 0
178.6651 	EXP 	Display Frame 1
178.7890 	EXP 	Display Frame 0
178.9143 	EXP 	Display Frame 1
179.0392 	EXP 	Display Frame 0
179.1642 	EXP 	Display Frame 1
179.2891 	EXP 	Display Frame 0
179.4150 	EXP 	Display Frame 1
179.5392 	EXP 	Display Frame 0
179.6643 	EXP 	Display Frame 1
179.7889 	EXP 	Display Frame 0
179.9139 	EXP 	Display Frame 1
180.0391 	EXP 	Display Frame 0
180.1639 	EXP 	Display Frame 1
180.2892 	EXP 	Display Frame 0
180.4144 	EXP 	Display Frame 1
180.5393 	EXP 	Display Frame 0
180.6642 	EXP 	Display Frame 1
180.7893 	EXP 	Display Frame 0
180.9143 	EXP 	Display Frame 1
181.0397 	EXP 	Display Frame 0
181.1642 	EXP 	Display Frame 1
181.2888 	EXP 	Display Frame 0
181.4140 	EXP 	Display Frame 1
181.5390 	EXP 	Display Frame 0
181.6643 	EXP 	Display Frame 1
181.7893 	EXP 	Display Frame 0
181.9142 	EXP 	Display Frame 1
182.0398 	EXP 	Display Frame 0
182.1643 	EXP 	Display Frame 1
182.2897 	EXP 	Display Frame 0
182.4143 	EXP 	Display Frame 1
182.5381 	DATA 	Keypress: t
182.5405 	EXP 	Display Frame 0
182.6639 	EXP 	Display Frame 1
182.7890 	EXP 	Display Frame 0
182.9137 	EXP 	Display Frame 1
183.0389 	EXP 	Display Frame 0
183.1641 	EXP 	Display Frame 1
183.2888 	EXP 	Display Frame 0
183.4140 	EXP 	Display Frame 1
183.5398 	EXP 	Display Frame 0
183.6642 	EXP 	Display Frame 1
183.7892 	EXP 	Display Frame 0
183.9147 	EXP 	Display Frame 1
184.0393 	EXP 	Display Frame 0
184.1642 	EXP 	Display Frame 1
184.2891 	EXP 	Display Frame 0
184.4139 	EXP 	Display Frame 1
184.5392 	EXP 	Display Frame 0
184.6642 	EXP 	Display Frame 1
184.7893 	EXP 	Display Frame 0
184.9147 	EXP 	Display Frame 1
185.0395 	EXP 	Display Frame 0
185.1640 	EXP 	Display Frame 1
185.2892 	EXP 	Display Frame 0
185.4143 	EXP 	Display Frame 1
185.5393 	EXP 	Display Frame 0
185.6643 	EXP 	Display Frame 1
185.7890 	EXP 	Display Frame 0
185.9143 	EXP 	Display Frame 1
186.0392 	EXP 	Display Frame 0
186.1642 	EXP 	Display Frame 1
186.2891 	EXP 	Display Frame 0
186.4143 	EXP 	Display Frame 1
186.5393 	EXP 	Display Frame 0
186.6642 	EXP 	Display Frame 1
186.7900 	EXP 	Display Frame 0
186.9141 	EXP 	Display Frame 1
187.0385 	DATA 	Keypress: t
187.0415 	EXP 	Display Frame 0
187.1639 	EXP 	Display Frame 1
187.2889 	EXP 	Display Frame 0
187.4147 	EXP 	Display Frame 1
187.5393 	EXP 	Display Frame 0
187.6650 	EXP 	Display Frame 1
187.7892 	EXP 	Display Frame 0
187.9142 	EXP 	Display Frame 1
188.0400 	EXP 	Display Frame 0
188.1642 	EXP 	Display Frame 1
188.2886 	EXP 	Display Frame 0
188.4140 	EXP 	Display Frame 1
188.5392 	EXP 	Display Frame 0
188.6647 	EXP 	Display Frame 1
188.7893 	EXP 	Display Frame 0
188.9142 	EXP 	Display Frame 1
189.0398 	EXP 	Display Frame 0
189.1643 	EXP 	Display Frame 1
189.2895 	EXP 	Display Frame 0
189.4142 	EXP 	Display Frame 1
189.5402 	EXP 	Display Frame 0
189.6641 	EXP 	Display Frame 1
189.7893 	EXP 	Display Frame 0
189.9143 	EXP 	Display Frame 1
190.0395 	EXP 	Display Frame 0
190.1642 	EXP 	Display Frame 1
190.2892 	EXP 	Display Frame 0
190.4143 	EXP 	Display Frame 1
190.5392 	EXP 	Display Frame 0
190.6647 	EXP 	Display Frame 1
190.7891 	EXP 	Display Frame 0
190.9146 	EXP 	Display Frame 1
191.0390 	EXP 	Display Frame 0
191.1643 	EXP 	Display Frame 1
191.2891 	EXP 	Display Frame 0
191.4143 	EXP 	Display Frame 1
191.5401 	EXP 	Display Frame 0
191.6635 	DATA 	Keypress: t
191.6658 	EXP 	Display Frame 1
191.7890 	EXP 	Display Frame 0
191.9141 	EXP 	Display Frame 1
192.0393 	EXP 	Display Frame 0
192.1642 	EXP 	Display Frame 1
192.2891 	EXP 	Display Frame 0
192.4143 	EXP 	Display Frame 1
192.5397 	EXP 	Display Frame 0
192.6643 	EXP 	Display Frame 1
192.7893 	EXP 	Display Frame 0
192.9142 	EXP 	Display Frame 1
193.0394 	EXP 	Display Frame 0
193.1650 	EXP 	Display Frame 1
193.2891 	EXP 	Display Frame 0
193.4143 	EXP 	Display Frame 1
193.5405 	EXP 	Display Frame 0
193.6639 	EXP 	Display Frame 1
193.7889 	EXP 	Display Frame 0
193.9142 	EXP 	Display Frame 1
194.0392 	EXP 	Display Frame 0
194.1642 	EXP 	Display Frame 1
194.2891 	EXP 	Display Frame 0
194.4139 	EXP 	Display Frame 1
194.5392 	EXP 	Display Frame 0
194.6642 	EXP 	Display Frame 1
194.7893 	EXP 	Display Frame 0
194.9142 	EXP 	Display Frame 1
195.0398 	EXP 	Display Frame 0
195.1642 	EXP 	Display Frame 1
195.2890 	EXP 	Display Frame 0
195.4142 	EXP 	Display Frame 1
195.5393 	EXP 	Display Frame 0
195.6650 	EXP 	Display Frame 1
195.7893 	EXP 	Display Frame 0
195.9143 	EXP 	Display Frame 1
196.0392 	EXP 	Display Frame 0
196.1634 	DATA 	Keypress: t
196.1666 	EXP 	Display Frame 1
196.2888 	EXP 	Display Frame 0
196.4143 	EXP 	Display Frame 1
196.5392 	EXP 	Display Frame 0
196.6648 	EXP 	Display Frame 1
196.7894 	EXP 	Display Frame 0
196.9146 	EXP 	Display Frame 1
197.0394 	EXP 	Display Frame 0
197.1642 	EXP 	Display Frame 1
197.2899 	EXP 	Display Frame 0
197.4143 	EXP 	Display Frame 1
197.5398 	EXP 	Display Frame 0
197.6642 	EXP 	Display Frame 1
197.7893 	EXP 	Display Frame 0
197.9143 	EXP 	Display Frame 1
198.0394 	EXP 	Display Frame 0
198.1642 	EXP 	Display Frame 1
198.2899 	EXP 	Display Frame 0
198.4146 	EXP 	Display Frame 1
198.5397 	EXP 	Display Frame 0
198.6643 	EXP 	Display Frame 1
198.7892 	EXP 	Display Frame 0
198.9138 	EXP 	Display Frame 1
199.0389 	EXP 	Display Frame 0
199.1641 	EXP 	Display Frame 1
199.2895 	EXP 	Display Frame 0
199.4142 	EXP 	Display Frame 1
199.5400 	EXP 	Display Frame 0
199.6642 	EXP 	Display Frame 1
199.7894 	EXP 	Display Frame 0
199.9142 	EXP 	Display Frame 1
200.0392 	EXP 	Display Frame 0
200.1651 	EXP 	Display Frame 1
200.2892 	EXP 	Display Frame 0
200.4142 	EXP 	Display Frame 1
200.5393 	EXP 	Display Frame 0
200.6634 	DATA 	Keypress: t
200.6659 	EXP 	Display Frame 1
200.6687 	EXP 	Display Fixation
205.1757 	DATA 	Keypress: t
209.7185 	DATA 	Keypress: t
214.7874 	DATA 	Keypress: q
214.8078 	EXP 	topMsg: height = 0.1
214.8078 	EXP 	topMsg: height = 0.1
214.8078 	EXP 	topMsg: text = "Thank you very much! \n\nThat's it with the tapping"
214.8078 	EXP 	bottomMsg: height = 0.1
214.8078 	EXP 	bottomMsg: height = 0.1
214.8078 	EXP 	bottomMsg: text = "Please relax for the ramaining time \n\n Press 'q' or 'escape' to end the session."
214.8078 	EXP 	Display TheEnd
215.1146 	DATA 	Keypress: t
215.2691 	DATA 	Keypress: q
215.3409 	EXP 	win: mouseVisible = True
