1.0625 	WARNING 	We strongly recommend you activate the PTB sound engine in PsychoPy prefs as the preferred audio engine. Its timing is vastly superior. Your prefs are currently set to use ['sounddevice', 'PTB', 'pyo', 'pygame'] (in that order).
6.6079 	INFO 	---START PARAMETERS---
6.6079 	INFO 	filename: TappingWithTrTiming_Movie_d3.py-1tt============ =-322-Oct_29_1642
6.6079 	INFO 	subject: 1tt============ =
6.6079 	INFO 	session: 322
6.6079 	INFO 	date: Oct_29_1642
6.6079 	INFO 	block2Dur_TRs: 6
6.6079 	INFO 	blockDur_TRs: 6
6.6079 	INFO 	condition: vis
6.6079 	INFO 	fixCrossPos: [0, 0]
6.6079 	INFO 	fixCrossSize: 100
6.6079 	INFO 	fullScreen: True
6.6079 	INFO 	movieFolder: images/
6.6079 	INFO 	movieFolder2: images/
6.6079 	INFO 	movieSize: (1600, 1000)
6.6080 	INFO 	nBlocks: 68
6.6080 	INFO 	promptDir: Text/
6.6080 	INFO 	restDur_TRs: 6
6.6080 	INFO 	screenColor: (119, 119, 119)
6.6080 	INFO 	screenToShow: 1
6.6080 	INFO 	skipPrompts: False
6.6080 	INFO 	tStartup_TRs: 0
6.6080 	INFO 	textHeight: 40
6.6080 	INFO 	triggerKey: equal
6.6080 	INFO 	---END PARAMETERS---
7.4248 	INFO 	Loaded monitor calibration from ['2022_03_25 08:03']
8.5337 	WARNING 	Couldn't measure a consistent frame rate!
  - Is your graphics card set to sync to vertical blank?
  - Are you running other processes on your computer?

8.5343 	EXP 	Created win = Window(allowGUI=False, allowStencil=False, autoLog=True, backendConf=UNKNOWN, bitsMode=UNKNOWN, blendMode='avg', bpc=(8, 8, 8), color=array([119, 119, 119]), colorSpace='rgb255', depthBits=8, fullscr=<method-wrapper '__getattribute__' of attributeSetter object at 0x7fa153e8b490>, gamma=None, gammaErrorPolicy='raise', lms=UNKNOWN, monitor=<psychopy.monitors.calibTools.Monitor object at 0x7fa100e0dd60>, multiSample=False, name='win', numSamples=2, pos=[0.0, 0.0], screen=1, size=array([1920, 1080]), stencilBits=0, stereo=False, units='deg', useFBO=False, useRetina=False, viewOri=0.0, viewPos=None, viewScale=None, waitBlanking=True, winType='pyglet')
8.5345 	EXP 	win: mouseVisible = True
8.5394 	EXP 	Created fixCross = ShapeStim(__class__=<class 'psychopy.visual.shape.ShapeStim'>, anchor=('center', 'center'), autoDraw=False, autoLog=True, closeShape=False, color=method-wrapper(...), colorSpace='rgb', contrast=None, depth=0, fillColor=array([0, 0, 0]), fillColorSpace='rgb', fillRGB=array([0, 0, 0]), interpolate=True, lineColor=array([-1., -1., -1.]), lineColorSpace='rgb', lineRGB=array([-1., -1., -1.]), lineWidth=3.0, name='fixCross', opacity=0.5, ori=0.0, pos=array([0., 0.]), size=array([1., 1.]), units='pix', vertices=ndarray(...), win=Window(...), windingRule=None)
8.5398 	WARNING 	TextStim.alignHoriz is deprecated. Use alignText and anchorHoriz attributes instead
8.5642 	EXP 	Created topMsg = TextStim(__class__=<class 'psychopy.visual.text.TextStim'>, alignHoriz='center', alignText='center', alignVert=method-wrapper(...), anchorHoriz='center', anchorVert='center', antialias=True, autoLog=True, bold=False, color=array([-1., -1., -1.]), colorSpace='rgb', contrast=1.0, depth=0, flipHoriz=False, flipVert=False, font='', fontFiles=[], height=0.1, italic=False, languageStyle='LTR', name='topMsg', opacity=1.0, ori=0.0, pos=array([0. , 0.5]), rgb=UNKNOWN, text='aaa', units='norm', win=Window(...), wrapWidth=1.5)
8.5643 	WARNING 	TextStim.alignHoriz is deprecated. Use alignText and anchorHoriz attributes instead
8.5665 	EXP 	Created bottomMsg = TextStim(__class__=<class 'psychopy.visual.text.TextStim'>, alignHoriz='center', alignText='center', alignVert=method-wrapper(...), anchorHoriz='center', anchorVert='center', antialias=True, autoLog=True, bold=False, color=array([-1., -1., -1.]), colorSpace='rgb', contrast=1.0, depth=0, flipHoriz=False, flipVert=False, font='', fontFiles=[], height=0.1, italic=False, languageStyle='LTR', name='bottomMsg', opacity=1.0, ori=0.0, pos=array([ 0. , -0.5]), rgb=UNKNOWN, text='bbb', units='norm', win=Window(...), wrapWidth=1.5)
8.5848 	EXP 	Created Movie Frame 0 = ImageStim(__class__=<class 'psychopy.visual.image.ImageStim'>, anchor=('center', 'center'), autoLog=True, color=array([1., 1., 1.]), colorSpace='rgb', contrast=1.0, depth=0, flipHoriz=False, flipVert=False, image='images/visual_0.png', interpolate=False, mask=None, maskParams=None, name='Movie Frame 0', opacity=1, ori=0.0, pos=array([0., 0.]), size=array([1600., 1000.]), texRes=128, units='pix', win=Window(...))
8.5953 	EXP 	Created Movie Frame 1 = ImageStim(__class__=<class 'psychopy.visual.image.ImageStim'>, anchor=('center', 'center'), autoLog=True, color=array([1., 1., 1.]), colorSpace='rgb', contrast=1.0, depth=0, flipHoriz=False, flipVert=False, image='images/visual_1.png', interpolate=False, mask=None, maskParams=None, name='Movie Frame 1', opacity=1, ori=0.0, pos=array([0., 0.]), size=array([1600., 1000.]), texRes=128, units='pix', win=Window(...))
8.6050 	EXP 	Created Movie Frame 0 = ImageStim(__class__=<class 'psychopy.visual.image.ImageStim'>, anchor=('center', 'center'), autoLog=True, color=array([1., 1., 1.]), colorSpace='rgb', contrast=1.0, depth=0, flipHoriz=False, flipVert=False, image='images/visual_0.png', interpolate=False, mask=None, maskParams=None, name='Movie Frame 0', opacity=1, ori=0.0, pos=array([0., 0.]), size=array([1600., 1000.]), texRes=128, units='pix', win=Window(...))
8.6143 	EXP 	Created Movie Frame 1 = ImageStim(__class__=<class 'psychopy.visual.image.ImageStim'>, anchor=('center', 'center'), autoLog=True, color=array([1., 1., 1.]), colorSpace='rgb', contrast=1.0, depth=0, flipHoriz=False, flipVert=False, image='images/visual_1.png', interpolate=False, mask=None, maskParams=None, name='Movie Frame 1', opacity=1, ori=0.0, pos=array([0., 0.]), size=array([1600., 1000.]), texRes=128, units='pix', win=Window(...))
8.6197 	EXP 	Created unnamed TextStim = TextStim(__class__=<class 'psychopy.visual.text.TextStim'>, alignHoriz=method-wrapper(...), alignText='center', alignVert=method-wrapper(...), anchorHoriz='center', anchorVert='center', antialias=True, autoLog=True, bold=False, color=array([-1., -1., -1.]), colorSpace='rgb', contrast=1.0, depth=0, flipHoriz=False, flipVert=False, font='', fontFiles=[], height=40.0, italic=False, languageStyle='LTR', name='unnamed TextStim', opacity=1.0, ori=0.0, pos=array([  0., 580.]), rgb=UNKNOWN, text='look at the center', units='pix', win=Window(...), wrapWidth=1600)
8.6315 	WARNING 	t of last frame was 97.83ms (=1/10)
8.6315 	EXP 	topMsg: height = 0.1
8.6315 	EXP 	topMsg: height = 0.1
8.6315 	EXP 	topMsg: text = 'You will see a flickering checkerboard. When it is on the screen, try to fixate the center of the checkerboard. When the fixation cross appears, relax and stare at the cross.'
8.6315 	EXP 	bottomMsg: height = 0.1
8.6315 	EXP 	bottomMsg: height = 0.1
8.6315 	EXP 	bottomMsg: text = 'The experiment will begin shortly'
8.6315 	EXP 	Display Instructions1
8.9592 	DATA 	Keypress: space
8.9635 	WARNING 	t of last frame was 331.98ms (=1/3)
8.9635 	EXP 	topMsg: height = 0.1
8.9635 	EXP 	topMsg: height = 0.1
8.9635 	EXP 	topMsg: text = "Please don't move..."
8.9635 	EXP 	bottomMsg: height = 0.1
8.9635 	EXP 	bottomMsg: height = 0.1
8.9635 	EXP 	bottomMsg: text = ''
8.9635 	EXP 	PleaseDontMove
11.2313 	DATA 	Keypress: q
11.2361 	WARNING 	t of last frame was 2272.66ms (=1/0)
11.2361 	EXP 	Display Fixation
11.2361 	EXP 	---START EXPERIMENT---
11.2371 	EXP 	Display Fixation
11.6809 	DATA 	Keypress: q
11.6883 	WARNING 	t of last frame was 451.18ms (=1/2)
11.6883 	EXP 	topMsg: height = 0.1
11.6883 	EXP 	topMsg: height = 0.1
11.6883 	EXP 	topMsg: text = "Thank you very much! \n\nThat's it with the tapping"
11.6883 	EXP 	bottomMsg: height = 0.1
11.6883 	EXP 	bottomMsg: height = 0.1
11.6883 	EXP 	bottomMsg: text = "Please relax for the ramaining time \n\n Press 'q' or 'escape' to end the session."
11.6883 	EXP 	Display TheEnd
12.7655 	DATA 	Keypress: q
12.8447 	EXP 	win: mouseVisible = True
