1.0810 	WARNING 	We strongly recommend you activate the PTB sound engine in PsychoPy prefs as the preferred audio engine. Its timing is vastly superior. Your prefs are currently set to use ['sounddevice', 'PTB', 'pyo', 'pygame'] (in that order).
11.3777 	INFO 	---START PARAMETERS---
11.3777 	INFO 	filename: TappingWithTrTiming_Movie_d3.py-1tt============ =-351-Dec_08_1609
11.3777 	INFO 	subject: 1tt============ =
11.3777 	INFO 	session: 351
11.3777 	INFO 	date: Dec_08_1609
11.3778 	INFO 	block2Dur_TRs: 6
11.3778 	INFO 	blockDur_TRs: 6
11.3778 	INFO 	condition: TapFast
11.3778 	INFO 	fixCrossPos: [0, 0]
11.3778 	INFO 	fixCrossSize: 100
11.3778 	INFO 	fullScreen: True
11.3778 	INFO 	movieFolder: images/
11.3778 	INFO 	movieFolder2: images/
11.3778 	INFO 	movieSize: (1600, 1000)
11.3778 	INFO 	nBlocks: 68
11.3778 	INFO 	promptDir: Text/
11.3778 	INFO 	restDur_TRs: 6
11.3778 	INFO 	screenColor: (119, 119, 119)
11.3778 	INFO 	screenToShow: 1
11.3778 	INFO 	skipPrompts: False
11.3778 	INFO 	tStartup_TRs: 0
11.3778 	INFO 	textHeight: 40
11.3778 	INFO 	triggerKey: equal
11.3778 	INFO 	---END PARAMETERS---
12.1551 	INFO 	Loaded monitor calibration from ['2022_03_25 08:03']
13.2421 	WARNING 	Couldn't measure a consistent frame rate!
  - Is your graphics card set to sync to vertical blank?
  - Are you running other processes on your computer?

13.2426 	EXP 	Created win = Window(allowGUI=False, allowStencil=False, autoLog=True, backendConf=UNKNOWN, bitsMode=UNKNOWN, blendMode='avg', bpc=(8, 8, 8), color=array([119, 119, 119]), colorSpace='rgb255', depthBits=8, fullscr=<method-wrapper '__getattribute__' of attributeSetter object at 0x7f9fc26b8130>, gamma=None, gammaErrorPolicy='raise', lms=UNKNOWN, monitor=<psychopy.monitors.calibTools.Monitor object at 0x7f9f780a0d00>, multiSample=False, name='win', numSamples=2, pos=[0.0, 0.0], screen=1, size=array([1920, 1080]), stencilBits=0, stereo=False, units='deg', useFBO=False, useRetina=False, viewOri=0.0, viewPos=None, viewScale=None, waitBlanking=True, winType='pyglet')
13.2428 	EXP 	win: mouseVisible = True
13.2480 	EXP 	Created fixCross = ShapeStim(__class__=<class 'psychopy.visual.shape.ShapeStim'>, anchor=('center', 'center'), autoDraw=False, autoLog=True, closeShape=False, color=method-wrapper(...), colorSpace='rgb', contrast=None, depth=0, fillColor=array([0, 0, 0]), fillColorSpace='rgb', fillRGB=array([0, 0, 0]), interpolate=True, lineColor=array([-1., -1., -1.]), lineColorSpace='rgb', lineRGB=array([-1., -1., -1.]), lineWidth=3.0, name='fixCross', opacity=0.5, ori=0.0, pos=array([0., 0.]), size=array([1., 1.]), units='pix', vertices=ndarray(...), win=Window(...), windingRule=None)
13.2484 	WARNING 	TextStim.alignHoriz is deprecated. Use alignText and anchorHoriz attributes instead
13.2715 	EXP 	Created topMsg = TextStim(__class__=<class 'psychopy.visual.text.TextStim'>, alignHoriz='center', alignText='center', alignVert=method-wrapper(...), anchorHoriz='center', anchorVert='center', antialias=True, autoLog=True, bold=False, color=array([-1., -1., -1.]), colorSpace='rgb', contrast=1.0, depth=0, flipHoriz=False, flipVert=False, font='', fontFiles=[], height=0.1, italic=False, languageStyle='LTR', name='topMsg', opacity=1.0, ori=0.0, pos=array([0. , 0.5]), rgb=UNKNOWN, text='aaa', units='norm', win=Window(...), wrapWidth=1.5)
13.2716 	WARNING 	TextStim.alignHoriz is deprecated. Use alignText and anchorHoriz attributes instead
13.2735 	EXP 	Created bottomMsg = TextStim(__class__=<class 'psychopy.visual.text.TextStim'>, alignHoriz='center', alignText='center', alignVert=method-wrapper(...), anchorHoriz='center', anchorVert='center', antialias=True, autoLog=True, bold=False, color=array([-1., -1., -1.]), colorSpace='rgb', contrast=1.0, depth=0, flipHoriz=False, flipVert=False, font='', fontFiles=[], height=0.1, italic=False, languageStyle='LTR', name='bottomMsg', opacity=1.0, ori=0.0, pos=array([ 0. , -0.5]), rgb=UNKNOWN, text='bbb', units='norm', win=Window(...), wrapWidth=1.5)
13.3472 	EXP 	Created Movie Frame 0 = ImageStim(__class__=<class 'psychopy.visual.image.ImageStim'>, anchor=('center', 'center'), autoLog=True, color=array([1., 1., 1.]), colorSpace='rgb', contrast=1.0, depth=0, flipHoriz=False, flipVert=False, image='images/right_0.png', interpolate=False, mask=None, maskParams=None, name='Movie Frame 0', opacity=1, ori=0.0, pos=array([0., 0.]), size=array([1600., 1000.]), texRes=128, units='pix', win=Window(...))
13.4121 	EXP 	Created Movie Frame 1 = ImageStim(__class__=<class 'psychopy.visual.image.ImageStim'>, anchor=('center', 'center'), autoLog=True, color=array([1., 1., 1.]), colorSpace='rgb', contrast=1.0, depth=0, flipHoriz=False, flipVert=False, image='images/right_1.png', interpolate=False, mask=None, maskParams=None, name='Movie Frame 1', opacity=1, ori=0.0, pos=array([0., 0.]), size=array([1600., 1000.]), texRes=128, units='pix', win=Window(...))
13.4717 	EXP 	Created Movie Frame 2 = ImageStim(__class__=<class 'psychopy.visual.image.ImageStim'>, anchor=('center', 'center'), autoLog=True, color=array([1., 1., 1.]), colorSpace='rgb', contrast=1.0, depth=0, flipHoriz=False, flipVert=False, image='images/right_2.png', interpolate=False, mask=None, maskParams=None, name='Movie Frame 2', opacity=1, ori=0.0, pos=array([0., 0.]), size=array([1600., 1000.]), texRes=128, units='pix', win=Window(...))
13.5288 	EXP 	Created Movie Frame 3 = ImageStim(__class__=<class 'psychopy.visual.image.ImageStim'>, anchor=('center', 'center'), autoLog=True, color=array([1., 1., 1.]), colorSpace='rgb', contrast=1.0, depth=0, flipHoriz=False, flipVert=False, image='images/right_3.png', interpolate=False, mask=None, maskParams=None, name='Movie Frame 3', opacity=1, ori=0.0, pos=array([0., 0.]), size=array([1600., 1000.]), texRes=128, units='pix', win=Window(...))
13.5888 	EXP 	Created Movie Frame 4 = ImageStim(__class__=<class 'psychopy.visual.image.ImageStim'>, anchor=('center', 'center'), autoLog=True, color=array([1., 1., 1.]), colorSpace='rgb', contrast=1.0, depth=0, flipHoriz=False, flipVert=False, image='images/right_4.png', interpolate=False, mask=None, maskParams=None, name='Movie Frame 4', opacity=1, ori=0.0, pos=array([0., 0.]), size=array([1600., 1000.]), texRes=128, units='pix', win=Window(...))
13.6471 	EXP 	Created Movie Frame 5 = ImageStim(__class__=<class 'psychopy.visual.image.ImageStim'>, anchor=('center', 'center'), autoLog=True, color=array([1., 1., 1.]), colorSpace='rgb', contrast=1.0, depth=0, flipHoriz=False, flipVert=False, image='images/right_5.png', interpolate=False, mask=None, maskParams=None, name='Movie Frame 5', opacity=1, ori=0.0, pos=array([0., 0.]), size=array([1600., 1000.]), texRes=128, units='pix', win=Window(...))
13.7079 	EXP 	Created Movie Frame 6 = ImageStim(__class__=<class 'psychopy.visual.image.ImageStim'>, anchor=('center', 'center'), autoLog=True, color=array([1., 1., 1.]), colorSpace='rgb', contrast=1.0, depth=0, flipHoriz=False, flipVert=False, image='images/right_6.png', interpolate=False, mask=None, maskParams=None, name='Movie Frame 6', opacity=1, ori=0.0, pos=array([0., 0.]), size=array([1600., 1000.]), texRes=128, units='pix', win=Window(...))
13.7652 	EXP 	Created Movie Frame 7 = ImageStim(__class__=<class 'psychopy.visual.image.ImageStim'>, anchor=('center', 'center'), autoLog=True, color=array([1., 1., 1.]), colorSpace='rgb', contrast=1.0, depth=0, flipHoriz=False, flipVert=False, image='images/right_7.png', interpolate=False, mask=None, maskParams=None, name='Movie Frame 7', opacity=1, ori=0.0, pos=array([0., 0.]), size=array([1600., 1000.]), texRes=128, units='pix', win=Window(...))
13.8239 	EXP 	Created Movie Frame 8 = ImageStim(__class__=<class 'psychopy.visual.image.ImageStim'>, anchor=('center', 'center'), autoLog=True, color=array([1., 1., 1.]), colorSpace='rgb', contrast=1.0, depth=0, flipHoriz=False, flipVert=False, image='images/right_8.png', interpolate=False, mask=None, maskParams=None, name='Movie Frame 8', opacity=1, ori=0.0, pos=array([0., 0.]), size=array([1600., 1000.]), texRes=128, units='pix', win=Window(...))
13.8830 	EXP 	Created Movie Frame 9 = ImageStim(__class__=<class 'psychopy.visual.image.ImageStim'>, anchor=('center', 'center'), autoLog=True, color=array([1., 1., 1.]), colorSpace='rgb', contrast=1.0, depth=0, flipHoriz=False, flipVert=False, image='images/right_9.png', interpolate=False, mask=None, maskParams=None, name='Movie Frame 9', opacity=1, ori=0.0, pos=array([0., 0.]), size=array([1600., 1000.]), texRes=128, units='pix', win=Window(...))
13.9429 	EXP 	Created Movie Frame 0 = ImageStim(__class__=<class 'psychopy.visual.image.ImageStim'>, anchor=('center', 'center'), autoLog=True, color=array([1., 1., 1.]), colorSpace='rgb', contrast=1.0, depth=0, flipHoriz=False, flipVert=False, image='images/right_0.png', interpolate=False, mask=None, maskParams=None, name='Movie Frame 0', opacity=1, ori=0.0, pos=array([0., 0.]), size=array([1600., 1000.]), texRes=128, units='pix', win=Window(...))
14.0076 	EXP 	Created Movie Frame 1 = ImageStim(__class__=<class 'psychopy.visual.image.ImageStim'>, anchor=('center', 'center'), autoLog=True, color=array([1., 1., 1.]), colorSpace='rgb', contrast=1.0, depth=0, flipHoriz=False, flipVert=False, image='images/right_1.png', interpolate=False, mask=None, maskParams=None, name='Movie Frame 1', opacity=1, ori=0.0, pos=array([0., 0.]), size=array([1600., 1000.]), texRes=128, units='pix', win=Window(...))
14.0656 	EXP 	Created Movie Frame 2 = ImageStim(__class__=<class 'psychopy.visual.image.ImageStim'>, anchor=('center', 'center'), autoLog=True, color=array([1., 1., 1.]), colorSpace='rgb', contrast=1.0, depth=0, flipHoriz=False, flipVert=False, image='images/right_2.png', interpolate=False, mask=None, maskParams=None, name='Movie Frame 2', opacity=1, ori=0.0, pos=array([0., 0.]), size=array([1600., 1000.]), texRes=128, units='pix', win=Window(...))
14.1230 	EXP 	Created Movie Frame 3 = ImageStim(__class__=<class 'psychopy.visual.image.ImageStim'>, anchor=('center', 'center'), autoLog=True, color=array([1., 1., 1.]), colorSpace='rgb', contrast=1.0, depth=0, flipHoriz=False, flipVert=False, image='images/right_3.png', interpolate=False, mask=None, maskParams=None, name='Movie Frame 3', opacity=1, ori=0.0, pos=array([0., 0.]), size=array([1600., 1000.]), texRes=128, units='pix', win=Window(...))
14.1820 	EXP 	Created Movie Frame 4 = ImageStim(__class__=<class 'psychopy.visual.image.ImageStim'>, anchor=('center', 'center'), autoLog=True, color=array([1., 1., 1.]), colorSpace='rgb', contrast=1.0, depth=0, flipHoriz=False, flipVert=False, image='images/right_4.png', interpolate=False, mask=None, maskParams=None, name='Movie Frame 4', opacity=1, ori=0.0, pos=array([0., 0.]), size=array([1600., 1000.]), texRes=128, units='pix', win=Window(...))
14.2413 	EXP 	Created Movie Frame 5 = ImageStim(__class__=<class 'psychopy.visual.image.ImageStim'>, anchor=('center', 'center'), autoLog=True, color=array([1., 1., 1.]), colorSpace='rgb', contrast=1.0, depth=0, flipHoriz=False, flipVert=False, image='images/right_5.png', interpolate=False, mask=None, maskParams=None, name='Movie Frame 5', opacity=1, ori=0.0, pos=array([0., 0.]), size=array([1600., 1000.]), texRes=128, units='pix', win=Window(...))
14.2994 	EXP 	Created Movie Frame 6 = ImageStim(__class__=<class 'psychopy.visual.image.ImageStim'>, anchor=('center', 'center'), autoLog=True, color=array([1., 1., 1.]), colorSpace='rgb', contrast=1.0, depth=0, flipHoriz=False, flipVert=False, image='images/right_6.png', interpolate=False, mask=None, maskParams=None, name='Movie Frame 6', opacity=1, ori=0.0, pos=array([0., 0.]), size=array([1600., 1000.]), texRes=128, units='pix', win=Window(...))
14.3581 	EXP 	Created Movie Frame 7 = ImageStim(__class__=<class 'psychopy.visual.image.ImageStim'>, anchor=('center', 'center'), autoLog=True, color=array([1., 1., 1.]), colorSpace='rgb', contrast=1.0, depth=0, flipHoriz=False, flipVert=False, image='images/right_7.png', interpolate=False, mask=None, maskParams=None, name='Movie Frame 7', opacity=1, ori=0.0, pos=array([0., 0.]), size=array([1600., 1000.]), texRes=128, units='pix', win=Window(...))
14.4161 	EXP 	Created Movie Frame 8 = ImageStim(__class__=<class 'psychopy.visual.image.ImageStim'>, anchor=('center', 'center'), autoLog=True, color=array([1., 1., 1.]), colorSpace='rgb', contrast=1.0, depth=0, flipHoriz=False, flipVert=False, image='images/right_8.png', interpolate=False, mask=None, maskParams=None, name='Movie Frame 8', opacity=1, ori=0.0, pos=array([0., 0.]), size=array([1600., 1000.]), texRes=128, units='pix', win=Window(...))
14.4749 	EXP 	Created Movie Frame 9 = ImageStim(__class__=<class 'psychopy.visual.image.ImageStim'>, anchor=('center', 'center'), autoLog=True, color=array([1., 1., 1.]), colorSpace='rgb', contrast=1.0, depth=0, flipHoriz=False, flipVert=False, image='images/right_9.png', interpolate=False, mask=None, maskParams=None, name='Movie Frame 9', opacity=1, ori=0.0, pos=array([0., 0.]), size=array([1600., 1000.]), texRes=128, units='pix', win=Window(...))
14.4805 	EXP 	Created unnamed TextStim = TextStim(__class__=<class 'psychopy.visual.text.TextStim'>, alignHoriz=method-wrapper(...), alignText='center', alignVert=method-wrapper(...), anchorHoriz='center', anchorVert='center', antialias=True, autoLog=True, bold=False, color=array([-1., -1., -1.]), colorSpace='rgb', contrast=1.0, depth=0, flipHoriz=False, flipVert=False, font='', fontFiles=[], height=40.0, italic=False, languageStyle='LTR', name='unnamed TextStim', opacity=1.0, ori=0.0, pos=array([  0., 580.]), rgb=UNKNOWN, text='Tap along with the video.', units='pix', win=Window(...), wrapWidth=1600)
14.4954 	WARNING 	t of last frame was 1253.34ms (=1/0)
14.4954 	EXP 	topMsg: height = 0.1
14.4954 	EXP 	topMsg: height = 0.1
14.4954 	EXP 	topMsg: text = 'You will see a movie of a finger tapping. When it is on the screen, try to use the hand indicated to tap your fingers at the same times as the movie does. When the fixation cross appears, relax and stare at the cross.'
14.4954 	EXP 	bottomMsg: height = 0.1
14.4954 	EXP 	bottomMsg: height = 0.1
14.4954 	EXP 	bottomMsg: text = 'The experiment will begin shortly'
14.4954 	EXP 	Display Instructions1
16.2249 	DATA 	Keypress: equal
16.2310 	WARNING 	t of last frame was 1735.66ms (=1/0)
16.2310 	EXP 	topMsg: height = 0.1
16.2310 	EXP 	topMsg: height = 0.1
16.2310 	EXP 	topMsg: text = "Please don't move..."
16.2310 	EXP 	bottomMsg: height = 0.1
16.2310 	EXP 	bottomMsg: height = 0.1
16.2310 	EXP 	bottomMsg: text = ''
16.2310 	EXP 	PleaseDontMove
16.3931 	DATA 	Keypress: equal
16.3959 	WARNING 	t of last frame was 164.92ms (=1/6)
16.3959 	EXP 	Display Fixation
16.3960 	EXP 	---START EXPERIMENT---
16.4041 	EXP 	Display Fixation
16.5758 	DATA 	Keypress: equal
16.7521 	DATA 	Keypress: equal
16.9014 	DATA 	Keypress: equal
17.0537 	DATA 	Keypress: equal
17.2056 	DATA 	Keypress: equal
17.3586 	DATA 	Keypress: equal
17.3599 	WARNING 	t of last frame was 955.82ms (=1/1)
17.3929 	WARNING 	Multiple dropped frames have occurred - I'll stop bothering you about them!
17.3928 	EXP 	Display Frame 1
17.4264 	EXP 	Display Frame 2
17.4595 	EXP 	Display Frame 3
17.4928 	EXP 	Display Frame 4
17.5260 	DATA 	Keypress: equal
17.5268 	EXP 	Display Frame 5
17.5597 	EXP 	Display Frame 6
17.5928 	EXP 	Display Frame 7
17.6262 	EXP 	Display Frame 8
17.6592 	DATA 	Keypress: equal
17.6600 	EXP 	Display Frame 9
17.6928 	EXP 	Display Frame 0
17.7263 	EXP 	Display Frame 1
17.7595 	EXP 	Display Frame 2
17.7928 	EXP 	Display Frame 3
17.8262 	EXP 	Display Frame 4
17.8595 	EXP 	Display Frame 5
17.8928 	EXP 	Display Frame 6
17.9261 	EXP 	Display Frame 7
17.9595 	EXP 	Display Frame 8
17.9928 	EXP 	Display Frame 9
18.0261 	EXP 	Display Frame 0
18.0595 	EXP 	Display Frame 1
18.0928 	EXP 	Display Frame 2
18.1262 	EXP 	Display Frame 3
18.1594 	EXP 	Display Frame 4
18.1928 	EXP 	Display Frame 5
18.2261 	EXP 	Display Frame 6
18.2595 	EXP 	Display Frame 7
18.2928 	EXP 	Display Frame 8
18.3262 	EXP 	Display Frame 9
18.3594 	EXP 	Display Frame 0
18.3928 	EXP 	Display Frame 1
18.4261 	EXP 	Display Frame 2
18.4595 	EXP 	Display Frame 3
18.4928 	EXP 	Display Frame 4
18.5261 	EXP 	Display Frame 5
18.5595 	EXP 	Display Frame 6
18.5928 	EXP 	Display Frame 7
18.6261 	EXP 	Display Frame 8
18.6595 	EXP 	Display Frame 9
18.6928 	EXP 	Display Frame 0
18.7261 	EXP 	Display Frame 1
18.7595 	EXP 	Display Frame 2
18.7928 	EXP 	Display Frame 3
18.8273 	EXP 	Display Frame 4
18.8607 	EXP 	Display Frame 5
18.8941 	EXP 	Display Frame 6
18.9262 	DATA 	Keypress: escape
18.9269 	EXP 	Display Frame 7
18.9374 	EXP 	topMsg: height = 0.1
18.9374 	EXP 	topMsg: height = 0.1
18.9374 	EXP 	topMsg: text = "Thank you very much! \n\nThat's it with the tapping"
18.9374 	EXP 	bottomMsg: height = 0.1
18.9374 	EXP 	bottomMsg: height = 0.1
18.9374 	EXP 	bottomMsg: text = "Please relax for the ramaining time \n\n Press 'q' or 'escape' to end the session."
18.9374 	EXP 	Display TheEnd
20.9960 	DATA 	Keypress: q
21.0730 	EXP 	win: mouseVisible = True
