1.0509 	WARNING 	We strongly recommend you activate the PTB sound engine in PsychoPy prefs as the preferred audio engine. Its timing is vastly superior. Your prefs are currently set to use ['sounddevice', 'PTB', 'pyo', 'pygame'] (in that order).
5.6247 	INFO 	---START PARAMETERS---
5.6248 	INFO 	filename: TappingWithTrTiming_Movie_d3.py-1-11-Jul_03_1033
5.6248 	INFO 	subject: 1
5.6248 	INFO 	session: 11
5.6248 	INFO 	date: Jul_03_1033
5.6248 	INFO 	blockDur_TRs: 12
5.6248 	INFO 	condition: Luminance
5.6248 	INFO 	fixCrossPos: [0, 0]
5.6249 	INFO 	fixCrossSize: 100
5.6249 	INFO 	fullScreen: True
5.6249 	INFO 	movieFolder: Images/
5.6249 	INFO 	movieSize: (1600, 1000)
5.6249 	INFO 	nBlocks: 68
5.6249 	INFO 	promptDir: Text/
5.6249 	INFO 	restDur_TRs: 12
5.6249 	INFO 	screenColor: (10, 10, 10)
5.6249 	INFO 	screenToShow: 0
5.6249 	INFO 	skipPrompts: False
5.6249 	INFO 	tStartup_TRs: 0
5.6249 	INFO 	textHeight: 40
5.6249 	INFO 	triggerKey: t
5.6249 	INFO 	---END PARAMETERS---
6.7210 	INFO 	Loaded monitor calibration from ['2022_03_25 08:03']
7.3970 	EXP 	Created win = Window(allowGUI=False, allowStencil=False, autoLog=True, backendConf=UNKNOWN, bitsMode=UNKNOWN, blendMode='avg', bpc=(8, 8, 8), color=array([10, 10, 10]), colorSpace='rgb255', depthBits=8, fullscr=<method-wrapper '__getattribute__' of attributeSetter object at 0x7fc1af07d790>, gamma=None, gammaErrorPolicy='raise', lms=UNKNOWN, monitor=<psychopy.monitors.calibTools.Monitor object at 0x7fc248c449a0>, multiSample=False, name='win', numSamples=2, pos=[432.0, 279.25], screen=0, size=array([3456, 2234]), stencilBits=0, stereo=False, units='deg', useFBO=False, useRetina=True, viewOri=0.0, viewPos=None, viewScale=None, waitBlanking=True, winType='pyglet')
7.3973 	EXP 	win: mouseVisible = True
7.4037 	EXP 	Created fixCross = ShapeStim(__class__=<class 'psychopy.visual.shape.ShapeStim'>, anchor=('center', 'center'), autoDraw=False, autoLog=True, closeShape=False, color=method-wrapper(...), colorSpace='rgb', contrast=None, depth=0, fillColor=array([0, 0, 0]), fillColorSpace='rgb', fillRGB=array([0, 0, 0]), interpolate=True, lineColor=array([0.96078431, 0.84313725, 0.68627451]), lineColorSpace='rgb', lineRGB=array([0.96078431, 0.84313725, 0.68627451]), lineWidth=3.0, name='fixCross', opacity=0.5, ori=0.0, pos=array([0., 0.]), size=array([1., 1.]), units='pix', vertices=ndarray(...), win=Window(...), windingRule=None)
7.4044 	WARNING 	TextStim.alignHoriz is deprecated. Use alignText and anchorHoriz attributes instead
7.4367 	EXP 	Created topMsg = TextStim(__class__=<class 'psychopy.visual.text.TextStim'>, alignHoriz='center', alignText='center', alignVert=method-wrapper(...), anchorHoriz='center', anchorVert='center', antialias=True, autoLog=True, bold=False, color=array([0.96078431, 0.84313725, 0.68627451]), colorSpace='rgb', contrast=1.0, depth=0, flipHoriz=False, flipVert=False, font='', fontFiles=[], height=0.1, italic=False, languageStyle='LTR', name='topMsg', opacity=1.0, ori=0.0, pos=array([0. , 0.5]), rgb=UNKNOWN, text='aaa', units='norm', win=Window(...), wrapWidth=1.5)
7.4369 	WARNING 	TextStim.alignHoriz is deprecated. Use alignText and anchorHoriz attributes instead
7.4399 	EXP 	Created bottomMsg = TextStim(__class__=<class 'psychopy.visual.text.TextStim'>, alignHoriz='center', alignText='center', alignVert=method-wrapper(...), anchorHoriz='center', anchorVert='center', antialias=True, autoLog=True, bold=False, color=array([0.96078431, 0.84313725, 0.68627451]), colorSpace='rgb', contrast=1.0, depth=0, flipHoriz=False, flipVert=False, font='', fontFiles=[], height=0.1, italic=False, languageStyle='LTR', name='bottomMsg', opacity=1.0, ori=0.0, pos=array([ 0. , -0.5]), rgb=UNKNOWN, text='bbb', units='norm', win=Window(...), wrapWidth=1.5)
7.9381 	EXP 	Created Movie Frame 0 = ImageStim(__class__=<class 'psychopy.visual.image.ImageStim'>, anchor=('center', 'center'), autoLog=True, color=array([1., 1., 1.]), colorSpace='rgb', contrast=1.0, depth=0, flipHoriz=False, flipVert=False, image='Images/luminance_0.png', interpolate=False, mask=None, maskParams=None, name='Movie Frame 0', opacity=1, ori=0.0, pos=array([0., 0.]), size=array([1600., 1000.]), texRes=128, units='pix', win=Window(...))
8.3782 	EXP 	Created Movie Frame 1 = ImageStim(__class__=<class 'psychopy.visual.image.ImageStim'>, anchor=('center', 'center'), autoLog=True, color=array([1., 1., 1.]), colorSpace='rgb', contrast=1.0, depth=0, flipHoriz=False, flipVert=False, image='Images/luminance_1.png', interpolate=False, mask=None, maskParams=None, name='Movie Frame 1', opacity=1, ori=0.0, pos=array([0., 0.]), size=array([1600., 1000.]), texRes=128, units='pix', win=Window(...))
8.8094 	EXP 	Created Movie Frame 2 = ImageStim(__class__=<class 'psychopy.visual.image.ImageStim'>, anchor=('center', 'center'), autoLog=True, color=array([1., 1., 1.]), colorSpace='rgb', contrast=1.0, depth=0, flipHoriz=False, flipVert=False, image='Images/luminance_2.png', interpolate=False, mask=None, maskParams=None, name='Movie Frame 2', opacity=1, ori=0.0, pos=array([0., 0.]), size=array([1600., 1000.]), texRes=128, units='pix', win=Window(...))
9.2288 	EXP 	Created Movie Frame 3 = ImageStim(__class__=<class 'psychopy.visual.image.ImageStim'>, anchor=('center', 'center'), autoLog=True, color=array([1., 1., 1.]), colorSpace='rgb', contrast=1.0, depth=0, flipHoriz=False, flipVert=False, image='Images/luminance_3.png', interpolate=False, mask=None, maskParams=None, name='Movie Frame 3', opacity=1, ori=0.0, pos=array([0., 0.]), size=array([1600., 1000.]), texRes=128, units='pix', win=Window(...))
9.6484 	EXP 	Created Movie Frame 4 = ImageStim(__class__=<class 'psychopy.visual.image.ImageStim'>, anchor=('center', 'center'), autoLog=True, color=array([1., 1., 1.]), colorSpace='rgb', contrast=1.0, depth=0, flipHoriz=False, flipVert=False, image='Images/luminance_4.png', interpolate=False, mask=None, maskParams=None, name='Movie Frame 4', opacity=1, ori=0.0, pos=array([0., 0.]), size=array([1600., 1000.]), texRes=128, units='pix', win=Window(...))
10.0682 	EXP 	Created Movie Frame 5 = ImageStim(__class__=<class 'psychopy.visual.image.ImageStim'>, anchor=('center', 'center'), autoLog=True, color=array([1., 1., 1.]), colorSpace='rgb', contrast=1.0, depth=0, flipHoriz=False, flipVert=False, image='Images/luminance_5.png', interpolate=False, mask=None, maskParams=None, name='Movie Frame 5', opacity=1, ori=0.0, pos=array([0., 0.]), size=array([1600., 1000.]), texRes=128, units='pix', win=Window(...))
10.4989 	EXP 	Created Movie Frame 6 = ImageStim(__class__=<class 'psychopy.visual.image.ImageStim'>, anchor=('center', 'center'), autoLog=True, color=array([1., 1., 1.]), colorSpace='rgb', contrast=1.0, depth=0, flipHoriz=False, flipVert=False, image='Images/luminance_6.png', interpolate=False, mask=None, maskParams=None, name='Movie Frame 6', opacity=1, ori=0.0, pos=array([0., 0.]), size=array([1600., 1000.]), texRes=128, units='pix', win=Window(...))
10.9183 	EXP 	Created Movie Frame 7 = ImageStim(__class__=<class 'psychopy.visual.image.ImageStim'>, anchor=('center', 'center'), autoLog=True, color=array([1., 1., 1.]), colorSpace='rgb', contrast=1.0, depth=0, flipHoriz=False, flipVert=False, image='Images/luminance_7.png', interpolate=False, mask=None, maskParams=None, name='Movie Frame 7', opacity=1, ori=0.0, pos=array([0., 0.]), size=array([1600., 1000.]), texRes=128, units='pix', win=Window(...))
11.3366 	EXP 	Created Movie Frame 8 = ImageStim(__class__=<class 'psychopy.visual.image.ImageStim'>, anchor=('center', 'center'), autoLog=True, color=array([1., 1., 1.]), colorSpace='rgb', contrast=1.0, depth=0, flipHoriz=False, flipVert=False, image='Images/luminance_8.png', interpolate=False, mask=None, maskParams=None, name='Movie Frame 8', opacity=1, ori=0.0, pos=array([0., 0.]), size=array([1600., 1000.]), texRes=128, units='pix', win=Window(...))
11.7556 	EXP 	Created Movie Frame 9 = ImageStim(__class__=<class 'psychopy.visual.image.ImageStim'>, anchor=('center', 'center'), autoLog=True, color=array([1., 1., 1.]), colorSpace='rgb', contrast=1.0, depth=0, flipHoriz=False, flipVert=False, image='Images/luminance_9.png', interpolate=False, mask=None, maskParams=None, name='Movie Frame 9', opacity=1, ori=0.0, pos=array([0., 0.]), size=array([1600., 1000.]), texRes=128, units='pix', win=Window(...))
11.7636 	EXP 	Created unnamed TextStim = TextStim(__class__=<class 'psychopy.visual.text.TextStim'>, alignHoriz=method-wrapper(...), alignText='center', alignVert=method-wrapper(...), anchorHoriz='center', anchorVert='center', antialias=True, autoLog=True, bold=False, color=array([0.96078431, 0.84313725, 0.68627451]), colorSpace='rgb', contrast=1.0, depth=0, flipHoriz=False, flipVert=False, font='', fontFiles=[], height=40.0, italic=False, languageStyle='LTR', name='unnamed TextStim', opacity=1.0, ori=0.0, pos=array([  0., 580.]), rgb=UNKNOWN, text='look at the center of the screen', units='pix', win=Window(...), wrapWidth=1600)
11.7810 	DATA 	Mouse: Left button down, pos=(547,482)
11.7815 	DATA 	Mouse:  Left button up, pos=(547,482)
11.7829 	DATA 	Keypress: space
11.7836 	DATA 	Mouse: Left button down, pos=(567,422)
11.7838 	DATA 	Mouse:  Left button up, pos=(567,422)
11.7882 	DATA 	Keypress: space
11.7950 	EXP 	topMsg: height = 0.1
11.7950 	EXP 	topMsg: height = 0.1
11.7950 	EXP 	topMsg: text = 'You will see small dot in the center of a white screen. It will alternate between white and black. Please look at the center of the screen '
11.7950 	EXP 	bottomMsg: height = 0.1
11.7950 	EXP 	bottomMsg: height = 0.1
11.7950 	EXP 	bottomMsg: text = 'The experiment will begin shortly'
11.7950 	EXP 	Display Instructions1
13.0729 	DATA 	Keypress: t
13.0810 	EXP 	topMsg: height = 0.1
13.0810 	EXP 	topMsg: height = 0.1
13.0810 	EXP 	topMsg: text = "Please don't move..."
13.0810 	EXP 	bottomMsg: height = 0.1
13.0810 	EXP 	bottomMsg: height = 0.1
13.0810 	EXP 	bottomMsg: text = ''
13.0810 	EXP 	PleaseDontMove
13.7027 	DATA 	Keypress: t
13.7058 	EXP 	Display Fixation
13.7058 	EXP 	---START EXPERIMENT---
13.7092 	EXP 	Display Fixation
14.3036 	DATA 	Keypress: t
14.6025 	DATA 	Keypress: t
14.7675 	DATA 	Keypress: t
14.9334 	DATA 	Keypress: t
15.0981 	DATA 	Keypress: t
15.2479 	DATA 	Keypress: t
15.3984 	DATA 	Keypress: t
15.5477 	DATA 	Keypress: t
15.7124 	DATA 	Keypress: t
15.8632 	DATA 	Keypress: t
16.0278 	DATA 	Keypress: t
16.1782 	DATA 	Keypress: t
16.2827 	EXP 	Display Frame 1
16.3792 	DATA 	Keypress: t
16.3819 	EXP 	Display Frame 2
16.4812 	EXP 	Display Frame 3
16.5791 	DATA 	Keypress: t
16.5817 	EXP 	Display Frame 4
16.6810 	EXP 	Display Frame 5
16.7810 	EXP 	Display Frame 6
16.8821 	EXP 	Display Frame 7
16.9807 	EXP 	Display Frame 8
17.0797 	DATA 	Keypress: escape
17.0824 	EXP 	Display Frame 9
17.0939 	EXP 	topMsg: height = 0.1
17.0939 	EXP 	topMsg: height = 0.1
17.0939 	EXP 	topMsg: text = "Thank you very much! \n\nThat's it with the tapping"
17.0939 	EXP 	bottomMsg: height = 0.1
17.0939 	EXP 	bottomMsg: height = 0.1
17.0939 	EXP 	bottomMsg: text = "Please relax for the ramaining time \n\n Press 'q' or 'escape' to end the session."
17.0939 	EXP 	Display TheEnd
17.7247 	DATA 	Keypress: escape
17.8053 	EXP 	win: mouseVisible = True
