0.9906 	WARNING 	We strongly recommend you activate the PTB sound engine in PsychoPy prefs as the preferred audio engine. Its timing is vastly superior. Your prefs are currently set to use ['sounddevice', 'PTB', 'pyo', 'pygame'] (in that order).
6.2130 	INFO 	---START PARAMETERS---
6.2131 	INFO 	filename: TappingWithTrTiming_Movie_d3.py-1-7-Jul_03_0902
6.2131 	INFO 	subject: 1
6.2131 	INFO 	session: 7
6.2131 	INFO 	date: Jul_03_0902
6.2131 	INFO 	blockDur_TRs: 12
6.2131 	INFO 	condition: Luminance
6.2132 	INFO 	fixCrossPos: [0, 0]
6.2132 	INFO 	fixCrossSize: 100
6.2132 	INFO 	fullScreen: True
6.2132 	INFO 	movieFolder: Images/
6.2132 	INFO 	movieSize: (1600, 1000)
6.2132 	INFO 	nBlocks: 68
6.2132 	INFO 	promptDir: Text/
6.2132 	INFO 	restDur_TRs: 12
6.2132 	INFO 	screenColor: (10, 10, 10)
6.2132 	INFO 	screenToShow: 0
6.2132 	INFO 	skipPrompts: False
6.2132 	INFO 	tStartup_TRs: 0
6.2132 	INFO 	textHeight: 40
6.2132 	INFO 	triggerKey: t
6.2133 	INFO 	---END PARAMETERS---
7.2868 	INFO 	Loaded monitor calibration from ['2022_03_25 08:03']
7.8000 	EXP 	Created win = Window(allowGUI=False, allowStencil=False, autoLog=True, backendConf=UNKNOWN, bitsMode=UNKNOWN, blendMode='avg', bpc=(8, 8, 8), color=array([10, 10, 10]), colorSpace='rgb255', depthBits=8, fullscr=<method-wrapper '__getattribute__' of attributeSetter object at 0x7f8f4349a7c0>, gamma=None, gammaErrorPolicy='raise', lms=UNKNOWN, monitor=<psychopy.monitors.calibTools.Monitor object at 0x7f8fd1f2db20>, multiSample=False, name='win', numSamples=2, pos=[432.0, 279.25], screen=0, size=array([3456, 2234]), stencilBits=0, stereo=False, units='deg', useFBO=False, useRetina=True, viewOri=0.0, viewPos=None, viewScale=None, waitBlanking=True, winType='pyglet')
7.8003 	EXP 	win: mouseVisible = True
7.8063 	EXP 	Created fixCross = ShapeStim(__class__=<class 'psychopy.visual.shape.ShapeStim'>, anchor=('center', 'center'), autoDraw=False, autoLog=True, closeShape=False, color=method-wrapper(...), colorSpace='rgb', contrast=None, depth=0, fillColor=array([0, 0, 0]), fillColorSpace='rgb', fillRGB=array([0, 0, 0]), interpolate=True, lineColor=array([-1., -1., -1.]), lineColorSpace='rgb', lineRGB=array([-1., -1., -1.]), lineWidth=3.0, name='fixCross', opacity=0.5, ori=0.0, pos=array([0., 0.]), size=array([1., 1.]), units='pix', vertices=ndarray(...), win=Window(...), windingRule=None)
7.8070 	WARNING 	TextStim.alignHoriz is deprecated. Use alignText and anchorHoriz attributes instead
7.8368 	EXP 	Created topMsg = TextStim(__class__=<class 'psychopy.visual.text.TextStim'>, alignHoriz='center', alignText='center', alignVert=method-wrapper(...), anchorHoriz='center', anchorVert='center', antialias=True, autoLog=True, bold=False, color=array([-1., -1., -1.]), colorSpace='rgb', contrast=1.0, depth=0, flipHoriz=False, flipVert=False, font='', fontFiles=[], height=0.1, italic=False, languageStyle='LTR', name='topMsg', opacity=1.0, ori=0.0, pos=array([0. , 0.5]), rgb=UNKNOWN, text='aaa', units='norm', win=Window(...), wrapWidth=1.5)
7.8369 	WARNING 	TextStim.alignHoriz is deprecated. Use alignText and anchorHoriz attributes instead
7.8399 	EXP 	Created bottomMsg = TextStim(__class__=<class 'psychopy.visual.text.TextStim'>, alignHoriz='center', alignText='center', alignVert=method-wrapper(...), anchorHoriz='center', anchorVert='center', antialias=True, autoLog=True, bold=False, color=array([-1., -1., -1.]), colorSpace='rgb', contrast=1.0, depth=0, flipHoriz=False, flipVert=False, font='', fontFiles=[], height=0.1, italic=False, languageStyle='LTR', name='bottomMsg', opacity=1.0, ori=0.0, pos=array([ 0. , -0.5]), rgb=UNKNOWN, text='bbb', units='norm', win=Window(...), wrapWidth=1.5)
7.8940 	EXP 	Created Movie Frame 0 = ImageStim(__class__=<class 'psychopy.visual.image.ImageStim'>, anchor=('center', 'center'), autoLog=True, color=array([1., 1., 1.]), colorSpace='rgb', contrast=1.0, depth=0, flipHoriz=False, flipVert=False, image='Images/luminance_0.png', interpolate=False, mask=None, maskParams=None, name='Movie Frame 0', opacity=1, ori=0.0, pos=array([0., 0.]), size=array([1600., 1000.]), texRes=128, units='pix', win=Window(...))
7.9370 	EXP 	Created Movie Frame 1 = ImageStim(__class__=<class 'psychopy.visual.image.ImageStim'>, anchor=('center', 'center'), autoLog=True, color=array([1., 1., 1.]), colorSpace='rgb', contrast=1.0, depth=0, flipHoriz=False, flipVert=False, image='Images/luminance_1.png', interpolate=False, mask=None, maskParams=None, name='Movie Frame 1', opacity=1, ori=0.0, pos=array([0., 0.]), size=array([1600., 1000.]), texRes=128, units='pix', win=Window(...))
7.9799 	EXP 	Created Movie Frame 2 = ImageStim(__class__=<class 'psychopy.visual.image.ImageStim'>, anchor=('center', 'center'), autoLog=True, color=array([1., 1., 1.]), colorSpace='rgb', contrast=1.0, depth=0, flipHoriz=False, flipVert=False, image='Images/luminance_2.png', interpolate=False, mask=None, maskParams=None, name='Movie Frame 2', opacity=1, ori=0.0, pos=array([0., 0.]), size=array([1600., 1000.]), texRes=128, units='pix', win=Window(...))
8.0230 	EXP 	Created Movie Frame 3 = ImageStim(__class__=<class 'psychopy.visual.image.ImageStim'>, anchor=('center', 'center'), autoLog=True, color=array([1., 1., 1.]), colorSpace='rgb', contrast=1.0, depth=0, flipHoriz=False, flipVert=False, image='Images/luminance_3.png', interpolate=False, mask=None, maskParams=None, name='Movie Frame 3', opacity=1, ori=0.0, pos=array([0., 0.]), size=array([1600., 1000.]), texRes=128, units='pix', win=Window(...))
8.0660 	EXP 	Created Movie Frame 4 = ImageStim(__class__=<class 'psychopy.visual.image.ImageStim'>, anchor=('center', 'center'), autoLog=True, color=array([1., 1., 1.]), colorSpace='rgb', contrast=1.0, depth=0, flipHoriz=False, flipVert=False, image='Images/luminance_4.png', interpolate=False, mask=None, maskParams=None, name='Movie Frame 4', opacity=1, ori=0.0, pos=array([0., 0.]), size=array([1600., 1000.]), texRes=128, units='pix', win=Window(...))
8.1089 	EXP 	Created Movie Frame 5 = ImageStim(__class__=<class 'psychopy.visual.image.ImageStim'>, anchor=('center', 'center'), autoLog=True, color=array([1., 1., 1.]), colorSpace='rgb', contrast=1.0, depth=0, flipHoriz=False, flipVert=False, image='Images/luminance_5.png', interpolate=False, mask=None, maskParams=None, name='Movie Frame 5', opacity=1, ori=0.0, pos=array([0., 0.]), size=array([1600., 1000.]), texRes=128, units='pix', win=Window(...))
8.1519 	EXP 	Created Movie Frame 6 = ImageStim(__class__=<class 'psychopy.visual.image.ImageStim'>, anchor=('center', 'center'), autoLog=True, color=array([1., 1., 1.]), colorSpace='rgb', contrast=1.0, depth=0, flipHoriz=False, flipVert=False, image='Images/luminance_6.png', interpolate=False, mask=None, maskParams=None, name='Movie Frame 6', opacity=1, ori=0.0, pos=array([0., 0.]), size=array([1600., 1000.]), texRes=128, units='pix', win=Window(...))
8.1948 	EXP 	Created Movie Frame 7 = ImageStim(__class__=<class 'psychopy.visual.image.ImageStim'>, anchor=('center', 'center'), autoLog=True, color=array([1., 1., 1.]), colorSpace='rgb', contrast=1.0, depth=0, flipHoriz=False, flipVert=False, image='Images/luminance_7.png', interpolate=False, mask=None, maskParams=None, name='Movie Frame 7', opacity=1, ori=0.0, pos=array([0., 0.]), size=array([1600., 1000.]), texRes=128, units='pix', win=Window(...))
8.2378 	EXP 	Created Movie Frame 8 = ImageStim(__class__=<class 'psychopy.visual.image.ImageStim'>, anchor=('center', 'center'), autoLog=True, color=array([1., 1., 1.]), colorSpace='rgb', contrast=1.0, depth=0, flipHoriz=False, flipVert=False, image='Images/luminance_8.png', interpolate=False, mask=None, maskParams=None, name='Movie Frame 8', opacity=1, ori=0.0, pos=array([0., 0.]), size=array([1600., 1000.]), texRes=128, units='pix', win=Window(...))
8.2807 	EXP 	Created Movie Frame 9 = ImageStim(__class__=<class 'psychopy.visual.image.ImageStim'>, anchor=('center', 'center'), autoLog=True, color=array([1., 1., 1.]), colorSpace='rgb', contrast=1.0, depth=0, flipHoriz=False, flipVert=False, image='Images/luminance_9.png', interpolate=False, mask=None, maskParams=None, name='Movie Frame 9', opacity=1, ori=0.0, pos=array([0., 0.]), size=array([1600., 1000.]), texRes=128, units='pix', win=Window(...))
8.2882 	EXP 	Created unnamed TextStim = TextStim(__class__=<class 'psychopy.visual.text.TextStim'>, alignHoriz=method-wrapper(...), alignText='center', alignVert=method-wrapper(...), anchorHoriz='center', anchorVert='center', antialias=True, autoLog=True, bold=False, color=array([-1., -1., -1.]), colorSpace='rgb', contrast=1.0, depth=0, flipHoriz=False, flipVert=False, font='', fontFiles=[], height=40.0, italic=False, languageStyle='LTR', name='unnamed TextStim', opacity=1.0, ori=0.0, pos=array([  0., 580.]), rgb=UNKNOWN, text='look at the center of the screen', units='pix', win=Window(...), wrapWidth=1600)
8.3062 	EXP 	topMsg: height = 0.1
8.3062 	EXP 	topMsg: height = 0.1
8.3062 	EXP 	topMsg: text = 'You will see a movie of a finger tapping. When it is on the screen, try to use the hand indicated to tap your fingers at the same times as the movie does. When the fixation cross appears, relax and stare at the cross.'
8.3062 	EXP 	bottomMsg: height = 0.1
8.3062 	EXP 	bottomMsg: height = 0.1
8.3062 	EXP 	bottomMsg: text = 'The experiment will begin shortly'
8.3062 	EXP 	Display Instructions1
16.7213 	DATA 	Keypress: t
16.7315 	EXP 	topMsg: height = 0.1
16.7315 	EXP 	topMsg: height = 0.1
16.7315 	EXP 	topMsg: text = "Please don't move..."
16.7315 	EXP 	bottomMsg: height = 0.1
16.7315 	EXP 	bottomMsg: height = 0.1
16.7315 	EXP 	bottomMsg: text = ''
16.7315 	EXP 	PleaseDontMove
17.6583 	DATA 	Keypress: t
17.6615 	EXP 	Display Fixation
17.6618 	EXP 	---START EXPERIMENT---
17.6650 	EXP 	Display Fixation
18.6408 	DATA 	Keypress: t
19.1801 	DATA 	Keypress: t
19.4199 	DATA 	Keypress: t
19.6297 	DATA 	Keypress: t
19.7797 	DATA 	Keypress: t
19.9600 	DATA 	Keypress: t
20.1247 	DATA 	Keypress: t
20.2752 	DATA 	Keypress: t
20.4405 	DATA 	Keypress: t
20.6042 	DATA 	Keypress: t
20.7699 	DATA 	Keypress: t
20.9201 	DATA 	Keypress: t
21.0242 	EXP 	Display Frame 1
21.1215 	DATA 	Keypress: t
21.1236 	EXP 	Display Frame 2
21.2226 	EXP 	Display Frame 3
21.3223 	EXP 	Display Frame 4
21.4222 	EXP 	Display Frame 5
21.5225 	EXP 	Display Frame 6
21.6222 	EXP 	Display Frame 7
21.7223 	EXP 	Display Frame 8
21.8222 	EXP 	Display Frame 9
21.9226 	EXP 	Display Frame 0
22.0222 	EXP 	Display Frame 1
22.1224 	EXP 	Display Frame 2
22.2225 	EXP 	Display Frame 3
22.3223 	DATA 	Keypress: escape
22.3320 	EXP 	Display Frame 4
22.3419 	EXP 	topMsg: height = 0.1
22.3419 	EXP 	topMsg: height = 0.1
22.3419 	EXP 	topMsg: text = "Thank you very much! \n\nThat's it with the tapping"
22.3419 	EXP 	bottomMsg: height = 0.1
22.3419 	EXP 	bottomMsg: height = 0.1
22.3419 	EXP 	bottomMsg: text = "Please relax for the ramaining time \n\n Press 'q' or 'escape' to end the session."
22.3419 	EXP 	Display TheEnd
29.1104 	DATA 	Keypress: q
29.1874 	EXP 	win: mouseVisible = True
