0.9829 	WARNING 	We strongly recommend you activate the PTB sound engine in PsychoPy prefs as the preferred audio engine. Its timing is vastly superior. Your prefs are currently set to use ['sounddevice', 'PTB', 'pyo', 'pygame'] (in that order).
6.6669 	INFO 	---START PARAMETERS---
6.6670 	INFO 	filename: TappingWithTrTiming_Movie_d3.py-1-5-Jul_03_0901
6.6670 	INFO 	subject: 1
6.6670 	INFO 	session: 5
6.6670 	INFO 	date: Jul_03_0901
6.6670 	INFO 	blockDur_TRs: 12
6.6670 	INFO 	condition: Luminance
6.6670 	INFO 	fixCrossPos: [0, 0]
6.6670 	INFO 	fixCrossSize: 100
6.6670 	INFO 	fullScreen: True
6.6670 	INFO 	movieFolder: Images/
6.6670 	INFO 	movieSize: (1600, 1000)
6.6670 	INFO 	nBlocks: 68
6.6670 	INFO 	promptDir: Text/
6.6670 	INFO 	restDur_TRs: 12
6.6670 	INFO 	screenColor: (128, 128, 128)
6.6670 	INFO 	screenToShow: 0
6.6670 	INFO 	skipPrompts: False
6.6670 	INFO 	tStartup_TRs: 0
6.6670 	INFO 	textHeight: 40
6.6670 	INFO 	triggerKey: t
6.6671 	INFO 	---END PARAMETERS---
7.7539 	INFO 	Loaded monitor calibration from ['2022_03_25 08:03']
8.2856 	EXP 	Created win = Window(allowGUI=False, allowStencil=False, autoLog=True, backendConf=UNKNOWN, bitsMode=UNKNOWN, blendMode='avg', bpc=(8, 8, 8), color=array([128, 128, 128]), colorSpace='rgb255', depthBits=8, fullscr=<method-wrapper '__getattribute__' of attributeSetter object at 0x7fcba8f49a90>, gamma=None, gammaErrorPolicy='raise', lms=UNKNOWN, monitor=<psychopy.monitors.calibTools.Monitor object at 0x7fcc68f7b9a0>, multiSample=False, name='win', numSamples=2, pos=[432.0, 279.25], screen=0, size=array([3456, 2234]), stencilBits=0, stereo=False, units='deg', useFBO=False, useRetina=True, viewOri=0.0, viewPos=None, viewScale=None, waitBlanking=True, winType='pyglet')
8.2860 	EXP 	win: mouseVisible = True
8.2923 	EXP 	Created fixCross = ShapeStim(__class__=<class 'psychopy.visual.shape.ShapeStim'>, anchor=('center', 'center'), autoDraw=False, autoLog=True, closeShape=False, color=method-wrapper(...), colorSpace='rgb', contrast=None, depth=0, fillColor=array([0, 0, 0]), fillColorSpace='rgb', fillRGB=array([0, 0, 0]), interpolate=True, lineColor=array([-1., -1., -1.]), lineColorSpace='rgb', lineRGB=array([-1., -1., -1.]), lineWidth=3.0, name='fixCross', opacity=0.5, ori=0.0, pos=array([0., 0.]), size=array([1., 1.]), units='pix', vertices=ndarray(...), win=Window(...), windingRule=None)
8.2930 	WARNING 	TextStim.alignHoriz is deprecated. Use alignText and anchorHoriz attributes instead
8.3231 	EXP 	Created topMsg = TextStim(__class__=<class 'psychopy.visual.text.TextStim'>, alignHoriz='center', alignText='center', alignVert=method-wrapper(...), anchorHoriz='center', anchorVert='center', antialias=True, autoLog=True, bold=False, color=array([-1., -1., -1.]), colorSpace='rgb', contrast=1.0, depth=0, flipHoriz=False, flipVert=False, font='', fontFiles=[], height=0.1, italic=False, languageStyle='LTR', name='topMsg', opacity=1.0, ori=0.0, pos=array([0. , 0.5]), rgb=UNKNOWN, text='aaa', units='norm', win=Window(...), wrapWidth=1.5)
8.3233 	WARNING 	TextStim.alignHoriz is deprecated. Use alignText and anchorHoriz attributes instead
8.3262 	EXP 	Created bottomMsg = TextStim(__class__=<class 'psychopy.visual.text.TextStim'>, alignHoriz='center', alignText='center', alignVert=method-wrapper(...), anchorHoriz='center', anchorVert='center', antialias=True, autoLog=True, bold=False, color=array([-1., -1., -1.]), colorSpace='rgb', contrast=1.0, depth=0, flipHoriz=False, flipVert=False, font='', fontFiles=[], height=0.1, italic=False, languageStyle='LTR', name='bottomMsg', opacity=1.0, ori=0.0, pos=array([ 0. , -0.5]), rgb=UNKNOWN, text='bbb', units='norm', win=Window(...), wrapWidth=1.5)
8.3807 	EXP 	Created Movie Frame 0 = ImageStim(__class__=<class 'psychopy.visual.image.ImageStim'>, anchor=('center', 'center'), autoLog=True, color=array([1., 1., 1.]), colorSpace='rgb', contrast=1.0, depth=0, flipHoriz=False, flipVert=False, image='Images/luminance_0.png', interpolate=False, mask=None, maskParams=None, name='Movie Frame 0', opacity=1, ori=0.0, pos=array([0., 0.]), size=array([1600., 1000.]), texRes=128, units='pix', win=Window(...))
8.4240 	EXP 	Created Movie Frame 1 = ImageStim(__class__=<class 'psychopy.visual.image.ImageStim'>, anchor=('center', 'center'), autoLog=True, color=array([1., 1., 1.]), colorSpace='rgb', contrast=1.0, depth=0, flipHoriz=False, flipVert=False, image='Images/luminance_1.png', interpolate=False, mask=None, maskParams=None, name='Movie Frame 1', opacity=1, ori=0.0, pos=array([0., 0.]), size=array([1600., 1000.]), texRes=128, units='pix', win=Window(...))
8.4673 	EXP 	Created Movie Frame 2 = ImageStim(__class__=<class 'psychopy.visual.image.ImageStim'>, anchor=('center', 'center'), autoLog=True, color=array([1., 1., 1.]), colorSpace='rgb', contrast=1.0, depth=0, flipHoriz=False, flipVert=False, image='Images/luminance_2.png', interpolate=False, mask=None, maskParams=None, name='Movie Frame 2', opacity=1, ori=0.0, pos=array([0., 0.]), size=array([1600., 1000.]), texRes=128, units='pix', win=Window(...))
8.5106 	EXP 	Created Movie Frame 3 = ImageStim(__class__=<class 'psychopy.visual.image.ImageStim'>, anchor=('center', 'center'), autoLog=True, color=array([1., 1., 1.]), colorSpace='rgb', contrast=1.0, depth=0, flipHoriz=False, flipVert=False, image='Images/luminance_3.png', interpolate=False, mask=None, maskParams=None, name='Movie Frame 3', opacity=1, ori=0.0, pos=array([0., 0.]), size=array([1600., 1000.]), texRes=128, units='pix', win=Window(...))
8.5537 	EXP 	Created Movie Frame 4 = ImageStim(__class__=<class 'psychopy.visual.image.ImageStim'>, anchor=('center', 'center'), autoLog=True, color=array([1., 1., 1.]), colorSpace='rgb', contrast=1.0, depth=0, flipHoriz=False, flipVert=False, image='Images/luminance_4.png', interpolate=False, mask=None, maskParams=None, name='Movie Frame 4', opacity=1, ori=0.0, pos=array([0., 0.]), size=array([1600., 1000.]), texRes=128, units='pix', win=Window(...))
8.5968 	EXP 	Created Movie Frame 5 = ImageStim(__class__=<class 'psychopy.visual.image.ImageStim'>, anchor=('center', 'center'), autoLog=True, color=array([1., 1., 1.]), colorSpace='rgb', contrast=1.0, depth=0, flipHoriz=False, flipVert=False, image='Images/luminance_5.png', interpolate=False, mask=None, maskParams=None, name='Movie Frame 5', opacity=1, ori=0.0, pos=array([0., 0.]), size=array([1600., 1000.]), texRes=128, units='pix', win=Window(...))
8.6401 	EXP 	Created Movie Frame 6 = ImageStim(__class__=<class 'psychopy.visual.image.ImageStim'>, anchor=('center', 'center'), autoLog=True, color=array([1., 1., 1.]), colorSpace='rgb', contrast=1.0, depth=0, flipHoriz=False, flipVert=False, image='Images/luminance_6.png', interpolate=False, mask=None, maskParams=None, name='Movie Frame 6', opacity=1, ori=0.0, pos=array([0., 0.]), size=array([1600., 1000.]), texRes=128, units='pix', win=Window(...))
8.6832 	EXP 	Created Movie Frame 7 = ImageStim(__class__=<class 'psychopy.visual.image.ImageStim'>, anchor=('center', 'center'), autoLog=True, color=array([1., 1., 1.]), colorSpace='rgb', contrast=1.0, depth=0, flipHoriz=False, flipVert=False, image='Images/luminance_7.png', interpolate=False, mask=None, maskParams=None, name='Movie Frame 7', opacity=1, ori=0.0, pos=array([0., 0.]), size=array([1600., 1000.]), texRes=128, units='pix', win=Window(...))
8.7263 	EXP 	Created Movie Frame 8 = ImageStim(__class__=<class 'psychopy.visual.image.ImageStim'>, anchor=('center', 'center'), autoLog=True, color=array([1., 1., 1.]), colorSpace='rgb', contrast=1.0, depth=0, flipHoriz=False, flipVert=False, image='Images/luminance_8.png', interpolate=False, mask=None, maskParams=None, name='Movie Frame 8', opacity=1, ori=0.0, pos=array([0., 0.]), size=array([1600., 1000.]), texRes=128, units='pix', win=Window(...))
8.7695 	EXP 	Created Movie Frame 9 = ImageStim(__class__=<class 'psychopy.visual.image.ImageStim'>, anchor=('center', 'center'), autoLog=True, color=array([1., 1., 1.]), colorSpace='rgb', contrast=1.0, depth=0, flipHoriz=False, flipVert=False, image='Images/luminance_9.png', interpolate=False, mask=None, maskParams=None, name='Movie Frame 9', opacity=1, ori=0.0, pos=array([0., 0.]), size=array([1600., 1000.]), texRes=128, units='pix', win=Window(...))
8.7769 	EXP 	Created unnamed TextStim = TextStim(__class__=<class 'psychopy.visual.text.TextStim'>, alignHoriz=method-wrapper(...), alignText='center', alignVert=method-wrapper(...), anchorHoriz='center', anchorVert='center', antialias=True, autoLog=True, bold=False, color=array([-1., -1., -1.]), colorSpace='rgb', contrast=1.0, depth=0, flipHoriz=False, flipVert=False, font='', fontFiles=[], height=40.0, italic=False, languageStyle='LTR', name='unnamed TextStim', opacity=1.0, ori=0.0, pos=array([  0., 580.]), rgb=UNKNOWN, text='look at the center of the screen', units='pix', win=Window(...), wrapWidth=1600)
8.7949 	EXP 	topMsg: height = 0.1
8.7949 	EXP 	topMsg: height = 0.1
8.7949 	EXP 	topMsg: text = 'You will see a movie of a finger tapping. When it is on the screen, try to use the hand indicated to tap your fingers at the same times as the movie does. When the fixation cross appears, relax and stare at the cross.'
8.7949 	EXP 	bottomMsg: height = 0.1
8.7949 	EXP 	bottomMsg: height = 0.1
8.7949 	EXP 	bottomMsg: text = 'The experiment will begin shortly'
8.7949 	EXP 	Display Instructions1
10.1846 	DATA 	Keypress: return
10.1952 	EXP 	topMsg: height = 0.1
10.1952 	EXP 	topMsg: height = 0.1
10.1952 	EXP 	topMsg: text = "Please don't move..."
10.1952 	EXP 	bottomMsg: height = 0.1
10.1952 	EXP 	bottomMsg: height = 0.1
10.1952 	EXP 	bottomMsg: text = ''
10.1952 	EXP 	PleaseDontMove
10.3716 	DATA 	Keypress: return
10.5379 	DATA 	Keypress: return
10.7315 	DATA 	Keypress: return
10.9117 	DATA 	Keypress: return
11.0917 	DATA 	Keypress: return
11.2871 	DATA 	Keypress: return
12.2178 	DATA 	Keypress: t
12.2245 	EXP 	Display Fixation
12.2246 	EXP 	---START EXPERIMENT---
12.2277 	EXP 	Display Fixation
12.2335 	DATA 	Keypress: y
12.6093 	DATA 	Keypress: t
13.9279 	DATA 	Keypress: lshift
13.9432 	DATA 	Keypress: lcommand
14.3849 	DATA 	Keypress: percent
15.3993 	DATA 	Keypress: lshift
15.4289 	DATA 	Keypress: lcommand
17.1979 	DATA 	Keypress: lcommand
17.2131 	DATA 	Keypress: lshift
17.6165 	DATA 	Keypress: percent
18.9377 	DATA 	Keypress: lshift
18.9380 	DATA 	Keypress: lcommand
19.0271 	DATA 	Keypress: dollar
20.1365 	DATA 	Keypress: lshift
20.1524 	DATA 	Keypress: lcommand
20.4380 	DATA 	Keypress: percent
21.4289 	DATA 	Keypress: lshift
21.4424 	DATA 	Keypress: lcommand
21.5341 	DATA 	Keypress: percent
23.5874 	DATA 	Keypress: lcommand
23.6471 	DATA 	Keypress: lshift
23.7673 	DATA 	Keypress: percent
24.4273 	DATA 	Keypress: escape
24.4428 	EXP 	topMsg: height = 0.1
24.4428 	EXP 	topMsg: height = 0.1
24.4428 	EXP 	topMsg: text = "Thank you very much! \n\nThat's it with the tapping"
24.4428 	EXP 	bottomMsg: height = 0.1
24.4428 	EXP 	bottomMsg: height = 0.1
24.4428 	EXP 	bottomMsg: text = "Please relax for the ramaining time \n\n Press 'q' or 'escape' to end the session."
24.4428 	EXP 	Display TheEnd
24.9978 	DATA 	Keypress: escape
25.1103 	EXP 	win: mouseVisible = True
