22.8585 	INFO 	---START PARAMETERS---
22.8585 	INFO 	filename: LetterOrderTask_d5_REMALPA-sub1-sess4-Dec_14_1305
22.8585 	INFO 	subject: 1
22.8585 	INFO 	session: 4
22.8585 	INFO 	date: Dec_14_1305
22.8586 	INFO 	catchProb: 0.0
22.8586 	INFO 	cueDur: 1.0
22.8586 	INFO 	cues: ['REMEMBER', 'ALPHABETIZE']
22.8586 	INFO 	fixCrossPos: [0, 0]
22.8586 	INFO 	fixCrossSize: 50
22.8586 	INFO 	fullScreen: True
22.8586 	INFO 	letters: ABCDEFGHIJKLMNOPQRSTUVWXYZ
22.8586 	INFO 	maxDelayDur: 9.0
22.8586 	INFO 	maxISI: 16.0
22.8586 	INFO 	minDelayDur: 9.0
22.8586 	INFO 	minISI: 16.0
22.8586 	INFO 	nLetters: 5
22.8586 	INFO 	pauseDur: 1.5
22.8586 	INFO 	promptDir: Prompts/
22.8586 	INFO 	promptFile: LetterOrderPrompts_5button.txt
22.8586 	INFO 	rememberProb: 0.0
22.8586 	INFO 	respKeys: ['1', '2', '3', '4', '6']
22.8586 	INFO 	screenColor: (128, 128, 128)
22.8586 	INFO 	screenToShow: 0
22.8586 	INFO 	sessionDur: 656.0
22.8587 	INFO 	skipPrompts: False
22.8587 	INFO 	stringDur: 2.5
22.8587 	INFO 	tCoolDown: 8.0
22.8587 	INFO 	tStartup: 8.0
22.8587 	INFO 	testDur: 2.0
22.8587 	INFO 	triggerKey: 5
22.8587 	INFO 	---END PARAMETERS---
22.9589 	WARNING 	Movie2 stim could not be imported and won't be available
23.8909 	INFO 	Loaded monitor calibration from ['2015_12_02 12:18']
24.3475 	EXP 	Created win = Window(allowGUI=False, allowStencil=False, autoLog=True, bitsMode=UNKNOWN, blendMode='avg', color=array([ 128.,  128.,  128.]), colorSpace='rgb255', fullscr=UNKNOWN, gamma=None, lms=UNKNOWN, monitor=<psychopy.monitors.calibTools.Monitor instance at 0x102d3d78>, name='win', pos=[0, 0], screen=0, size=array([1280,  800]), stereo=False, units='deg', useFBO=False, viewOri=0.0, viewPos=None, viewScale=None, waitBlanking=True, winType='pyglet')
24.3497 	EXP 	Created fixCross = ShapeStim(autoDraw=False, autoLog=True, closeShape=False, contrast=1.0, depth=0, fillColor=None, fillColorSpace='rgb', fillRGB=None, interpolate=True, lineColor='#000000', lineColorSpace='hex', lineRGB=array([0, 0, 0]), lineWidth=3.0, name='fixCross', opacity=1.0, ori=array(0.0), pos=array([ 0.,  0.]), size=array([ 1.,  1.]), units='pix', vertices=ndarray(...), win=Window(...))
24.4105 	EXP 	Created topMsg = TextStim(alignHoriz='center', alignVert='center', antialias=True, autoLog=True, bold=False, color='#000000', colorSpace='hex', contrast=1.0, depth=0, flipHoriz=False, flipVert=False, font='', fontFiles=[], height=0.1, italic=False, name='topMsg', opacity=1.0, ori=0.0, pos=array([ 0. ,  0.5]), rgb=array([0, 0, 0]), text=u'aaa', units='norm', win=Window(...), wrapWidth=1.5)
24.4143 	EXP 	Created bottomMsg = TextStim(alignHoriz='center', alignVert='center', antialias=True, autoLog=True, bold=False, color='#000000', colorSpace='hex', contrast=1.0, depth=0, flipHoriz=False, flipVert=False, font='', fontFiles=[], height=0.1, italic=False, name='bottomMsg', opacity=1.0, ori=0.0, pos=array([ 0. , -0.5]), rgb=array([0, 0, 0]), text=u'bbb', units='norm', win=Window(...), wrapWidth=1.5)
24.4168 	EXP 	Created mainText = TextStim(alignHoriz='center', alignVert='center', antialias=True, autoLog=True, bold=False, color='#000000', colorSpace='hex', contrast=1.0, depth=0, flipHoriz=False, flipVert=False, font='', fontFiles=[], height=0.1, italic=False, name='mainText', opacity=1.0, ori=0.0, pos=array([ 0.,  0.]), rgb=array([0, 0, 0]), text=u'bbb', units='norm', win=Window(...), wrapWidth=3.5)
24.4709 	EXP 	topMsg: text = 'You will see a cross and letters on the screen. Please look directly at the center of the screen (the spot where the cross appears) throughout the experiment.'
24.4709 	EXP 	bottomMsg: text = 'Press any button to continue.'
24.4709 	EXP 	Display Instructions1
25.4164 	DATA 	Keypress: 5
25.4802 	EXP 	topMsg: text = "You will see a string of letters, then instructions indicating what you should do with them. If the instructions say 'REMEMBER', remember them in the order you saw them. If they say 'ALPHABETIZE', alphabetize the letters and and remember them in that order. "
25.4802 	EXP 	bottomMsg: text = 'Press any button to continue.'
25.4802 	EXP 	Display Instructions2
25.7560 	DATA 	Keypress: 5
25.8035 	EXP 	topMsg: text = "After a delay period, you will see a letter and question mark (like 'F?'). Press the button corresponding to the position of that letter in the sequence you were remembering. Respond as quickly and accurately as you can. If you're not sure, take your best guess."
25.8035 	EXP 	bottomMsg: text = 'Press any button to continue.'
25.8035 	EXP 	Display Instructions3
26.0829 	DATA 	Keypress: 5
26.1215 	EXP 	topMsg: text = "On some trials, you will see a * instead of a letter (like '*?'). This means no response is needed for this trial and you can forget the sequence of letters."
26.1215 	EXP 	bottomMsg: text = 'Press any button to continue.'
26.1215 	EXP 	Display Instructions4
26.4651 	DATA 	Keypress: 5
26.4959 	EXP 	topMsg: text = 'If you have any questions, please ask the experimenter now.'
26.4959 	EXP 	bottomMsg: text = 'WHEN YOU ARE READY TO BEGIN, press any button.'
26.4959 	EXP 	Display Instructions5
27.0060 	DATA 	Keypress: 5
27.0301 	EXP 	topMsg: text = 'Waiting for scanner to start...'
27.0301 	EXP 	bottomMsg: text = "(Press '5' to override.)"
27.0301 	EXP 	Display WaitingForScanner
28.0060 	DATA 	Keypress: 5
28.0124 	EXP 	Display fixation
28.0124 	EXP 	---START EXPERIMENT---
28.0127 	EXP 	trial: iTrial = 1, isRemember = 1, delayDur = 9.0, ISI = 16.0, startString = YCEVJ, testLetter = J, testLoc = 5, isCatchTrial = 0
36.0135 	EXP 	mainText: text = 'YCEVJ'
36.0135 	EXP 	Display string (YCEVJ)
38.5147 	EXP 	Display fixation (pause)
40.0150 	EXP 	mainText: text = 'REMEMBER'
40.0150 	EXP 	Display cue (REMEMBER)
41.0145 	EXP 	Display fixation (delay)
50.0149 	EXP 	mainText: text = 'J?'
50.0149 	EXP 	Display test stim (J?)
52.0160 	EXP 	Display fixation (ISI)
67.0063 	EXP 	trial: iTrial = 2, isRemember = 0, delayDur = 9.0, ISI = 16.0, startString = IMBTX, testLetter = B, testLoc = 1, isCatchTrial = 0
68.0174 	EXP 	mainText: text = 'IMBTX'
68.0174 	EXP 	Display string (IMBTX)
70.5173 	EXP 	Display fixation (pause)
72.0170 	EXP 	mainText: text = 'ALPHABETIZE'
72.0170 	EXP 	Display cue (ALPHABETIZE)
73.0183 	EXP 	Display fixation (delay)
82.0181 	EXP 	mainText: text = 'B?'
82.0181 	EXP 	Display test stim (B?)
84.0205 	EXP 	Display fixation (ISI)
98.2789 	DATA 	Mouse: unknownButton button up, pos=(716,310)
99.0063 	EXP 	trial: iTrial = 3, isRemember = 0, delayDur = 9.0, ISI = 16.0, startString = OMXYA, testLetter = X, testLoc = 4, isCatchTrial = 0
99.1154 	DATA 	Keypress: q
99.1368 	EXP 	mainText: text = 'OMXYA'
99.1368 	EXP 	Display string (OMXYA)
99.1368 	EXP 	topMsg: text = "That's the end! "
99.1368 	EXP 	bottomMsg: text = "Press 'q' or 'escape' to end the session."
99.1368 	EXP 	Display TheEnd
99.9285 	DATA 	Keypress: q
