2.2525 	INFO 	---START PARAMETERS---
2.2525 	INFO 	filename: LetterOrderTask_d5-sub1-sess4-Jan_12_1424
2.2525 	INFO 	subject: 1
2.2525 	INFO 	session: 4
2.2525 	INFO 	date: Jan_12_1424
2.2525 	INFO 	catchProb: 0.0
2.2525 	INFO 	cueDur: 1.0
2.2525 	INFO 	cues: ['REMEMBER', 'ALPHABETIZE']
2.2525 	INFO 	fixCrossPos: [0, 0]
2.2525 	INFO 	fixCrossSize: 50
2.2525 	INFO 	fullScreen: True
2.2525 	INFO 	letters: ABCDEFGHIJKLMNOPQRSTUVWXYZ
2.2525 	INFO 	maxDelayDur: 9.0
2.2525 	INFO 	maxISI: 16.0
2.2525 	INFO 	minDelayDur: 9.0
2.2525 	INFO 	minISI: 16.0
2.2526 	INFO 	nLetters: 5
2.2526 	INFO 	pauseDur: 1.5
2.2526 	INFO 	promptDir: Prompts/
2.2526 	INFO 	promptFile: LetterOrderPrompts_5button.txt
2.2526 	INFO 	rememberProb: 0.0
2.2526 	INFO 	respKeys: ['1', '2', '3', '4', '6']
2.2526 	INFO 	screenColor: (128, 128, 128)
2.2526 	INFO 	screenToShow: 0
2.2526 	INFO 	sessionDur: 656.0
2.2526 	INFO 	skipPrompts: False
2.2526 	INFO 	stringDur: 2.5
2.2526 	INFO 	tCoolDown: 8.0
2.2526 	INFO 	tStartup: 8.0
2.2526 	INFO 	testDur: 2.0
2.2526 	INFO 	triggerKey: 5
2.2526 	INFO 	---END PARAMETERS---
2.2960 	WARNING 	Movie2 stim could not be imported and won't be available
2.7283 	INFO 	Loaded monitor calibration from ['2015_12_02 12:18']
3.1518 	EXP 	Created win = Window(allowGUI=False, allowStencil=False, autoLog=True, bitsMode=UNKNOWN, blendMode='avg', color=array([ 128.,  128.,  128.]), colorSpace='rgb255', fullscr=UNKNOWN, gamma=None, lms=UNKNOWN, monitor=<psychopy.monitors.calibTools.Monitor instance at 0xfbd4e18>, name='win', pos=[0, 0], screen=0, size=array([1440,  900]), stereo=False, units='deg', useFBO=False, viewOri=0.0, viewPos=None, viewScale=None, waitBlanking=True, winType='pyglet')
3.1530 	EXP 	Created fixCross = ShapeStim(autoDraw=False, autoLog=True, closeShape=False, contrast=1.0, depth=0, fillColor=None, fillColorSpace='rgb', fillRGB=None, interpolate=True, lineColor='#000000', lineColorSpace='hex', lineRGB=array([0, 0, 0]), lineWidth=3.0, name='fixCross', opacity=1.0, ori=array(0.0), pos=array([ 0.,  0.]), size=array([ 1.,  1.]), units='pix', vertices=ndarray(...), win=Window(...))
3.1926 	EXP 	Created topMsg = TextStim(alignHoriz='center', alignVert='center', antialias=True, autoLog=True, bold=False, color='#000000', colorSpace='hex', contrast=1.0, depth=0, flipHoriz=False, flipVert=False, font='', fontFiles=[], height=0.1, italic=False, name='topMsg', opacity=1.0, ori=0.0, pos=array([ 0. ,  0.5]), rgb=array([0, 0, 0]), text=u'aaa', units='norm', win=Window(...), wrapWidth=1.5)
3.1957 	EXP 	Created bottomMsg = TextStim(alignHoriz='center', alignVert='center', antialias=True, autoLog=True, bold=False, color='#000000', colorSpace='hex', contrast=1.0, depth=0, flipHoriz=False, flipVert=False, font='', fontFiles=[], height=0.1, italic=False, name='bottomMsg', opacity=1.0, ori=0.0, pos=array([ 0. , -0.5]), rgb=array([0, 0, 0]), text=u'bbb', units='norm', win=Window(...), wrapWidth=1.5)
3.1981 	EXP 	Created mainText = TextStim(alignHoriz='center', alignVert='center', antialias=True, autoLog=True, bold=False, color='#000000', colorSpace='hex', contrast=1.0, depth=0, flipHoriz=False, flipVert=False, font='', fontFiles=[], height=0.1, italic=False, name='mainText', opacity=1.0, ori=0.0, pos=array([ 0.,  0.]), rgb=array([0, 0, 0]), text=u'bbb', units='norm', win=Window(...), wrapWidth=3.5)
3.2511 	EXP 	topMsg: text = 'You will see a cross and letters on the screen. Please look directly at the center of the screen (the spot where the cross appears) throughout the experiment.'
3.2511 	EXP 	bottomMsg: text = 'Press any button to continue.'
3.2511 	EXP 	Display Instructions1
7.7066 	DATA 	Keypress: t
7.7684 	EXP 	topMsg: text = "You will see a string of letters, then instructions indicating what you should do with them. If the instructions say 'REMEMBER', remember them in the order you saw them. If they say 'ALPHABETIZE', alphabetize the letters and and remember them in that order. "
7.7684 	EXP 	bottomMsg: text = 'Press any button to continue.'
7.7684 	EXP 	Display Instructions2
7.8065 	DATA 	Keypress: t
7.8643 	EXP 	topMsg: text = "After a delay period, you will see a letter and question mark (like 'F?'). Press the button corresponding to the position of that letter in the sequence you were remembering. Respond as quickly and accurately as you can. If you're not sure, take your best guess."
7.8643 	EXP 	bottomMsg: text = 'Press any button to continue.'
7.8643 	EXP 	Display Instructions3
7.9191 	DATA 	Keypress: t
7.9522 	EXP 	topMsg: text = "On some trials, you will see a * instead of a letter (like '*?'). This means no response is needed for this trial and you can forget the sequence of letters."
7.9522 	EXP 	bottomMsg: text = 'Press any button to continue.'
7.9522 	EXP 	Display Instructions4
8.0631 	DATA 	Keypress: t
8.0966 	EXP 	topMsg: text = 'If you have any questions, please ask the experimenter now.'
8.0966 	EXP 	bottomMsg: text = 'WHEN YOU ARE READY TO BEGIN, press any button.'
8.0966 	EXP 	Display Instructions5
8.2065 	DATA 	Keypress: t
8.2295 	EXP 	topMsg: text = 'Waiting for scanner to start...'
8.2295 	EXP 	bottomMsg: text = "(Press '5' to override.)"
8.2295 	EXP 	Display WaitingForScanner
8.3192 	DATA 	Keypress: t
8.4632 	DATA 	Keypress: t
8.6065 	DATA 	Keypress: t
8.7565 	DATA 	Keypress: t
8.8632 	DATA 	Keypress: t
9.0065 	DATA 	Keypress: t
9.1564 	DATA 	Keypress: t
9.3064 	DATA 	Keypress: t
9.4565 	DATA 	Keypress: t
9.6064 	DATA 	Keypress: t
9.7064 	DATA 	Keypress: t
10.3065 	DATA 	Keypress: q
13.0563 	DATA 	Keypress: q
13.4152 	DATA 	Keypress: escape
14.3190 	DATA 	Keypress: q
14.6063 	DATA 	Keypress: t
14.8072 	DATA 	Keypress: t
15.0063 	DATA 	Keypress: t
15.1063 	DATA 	Keypress: q
15.3063 	DATA 	Keypress: t
15.3067 	DATA 	Keypress: q
15.4562 	DATA 	Keypress: t
15.6564 	DATA 	Keypress: t
15.7669 	DATA 	Keypress: t
16.0149 	DATA 	Keypress: q
16.2063 	DATA 	Keypress: q
16.2065 	DATA 	Keypress: t
16.3564 	DATA 	Keypress: t
16.5063 	DATA 	Keypress: t
16.6565 	DATA 	Keypress: q
16.8563 	DATA 	Keypress: t
18.3062 	DATA 	Keypress: 5
18.3196 	EXP 	Display fixation
18.3198 	EXP 	---START EXPERIMENT---
18.3201 	EXP 	trial: iTrial = 1, isRemember = 1, delayDur = 9.0, ISI = 16.0, startString = DCREW, testLetter = C, testLoc = 2, isCatchTrial = 0
19.4562 	DATA 	Keypress: q
19.5033 	EXP 	mainText: text = 'DCREW'
19.5033 	EXP 	Display string (DCREW)
19.5033 	EXP 	topMsg: text = "That's the end! Please continue to HOLD AS STILL AS POSSIBLE until the scanner turns off (and even then, try to minimize any head motion between scans). Thank you!"
19.5033 	EXP 	bottomMsg: text = "Press 'q' or 'escape' to end the session."
19.5033 	EXP 	Display TheEnd
20.2561 	DATA 	Keypress: t
20.5062 	DATA 	Keypress: q
