15.2091 	INFO 	---START PARAMETERS---
15.2091 	INFO 	filename: LetterOrderTask_d5_LOC-sub1-sess15-May_18_1446
15.2091 	INFO 	subject: 1
15.2091 	INFO 	session: 15
15.2091 	INFO 	date: May_18_1446
15.2092 	INFO 	catchProb: 0.0
15.2092 	INFO 	cueDur: 1.0
15.2092 	INFO 	cues: ['REMEMBER', 'ALPHABETIZE']
15.2092 	INFO 	fixCrossPos: [0, 0]
15.2092 	INFO 	fixCrossSize: 50
15.2092 	INFO 	fullScreen: True
15.2092 	INFO 	letters: ABCDEFGHIJKLMNOPQRSTUVWXYZ
15.2092 	INFO 	maxDelayDur: 9.0
15.2092 	INFO 	maxISI: 5.0
15.2092 	INFO 	minDelayDur: 9.0
15.2092 	INFO 	minISI: 5.0
15.2092 	INFO 	nLetters: 5
15.2093 	INFO 	pauseDur: 1.5
15.2093 	INFO 	promptDir: Prompts/
15.2093 	INFO 	promptFile: LetterOrderPrompts_5button.txt
15.2093 	INFO 	rememberProb: 0.0
15.2093 	INFO 	respKeys: ['1', '2', '3', '4', '6']
15.2093 	INFO 	screenColor: (128, 128, 128)
15.2093 	INFO 	screenToShow: 0
15.2093 	INFO 	sessionDur: 360.0
15.2093 	INFO 	skipPrompts: False
15.2093 	INFO 	stringDur: 2.5
15.2093 	INFO 	tCoolDown: 9.0
15.2093 	INFO 	tStartup: 6.0
15.2093 	INFO 	testDur: 1.0
15.2093 	INFO 	triggerKey: 5
15.2094 	INFO 	---END PARAMETERS---
15.2535 	WARNING 	Movie2 stim could not be imported and won't be available
15.6882 	INFO 	Loaded monitor calibration from ['2015_12_02 12:18']
16.1117 	EXP 	Created win = Window(allowGUI=False, allowStencil=False, autoLog=True, bitsMode=UNKNOWN, blendMode='avg', color=array([ 128.,  128.,  128.]), colorSpace='rgb255', fullscr=UNKNOWN, gamma=None, lms=UNKNOWN, monitor=<psychopy.monitors.calibTools.Monitor instance at 0xfd14f08>, name='win', pos=[0, 0], screen=0, size=array([1280,  800]), stereo=False, units='deg', useFBO=False, viewOri=0.0, viewPos=None, viewScale=None, waitBlanking=True, winType='pyglet')
16.1138 	EXP 	Created fixCross = ShapeStim(autoDraw=False, autoLog=True, closeShape=False, contrast=1.0, depth=0, fillColor=None, fillColorSpace='rgb', fillRGB=None, interpolate=True, lineColor='#000000', lineColorSpace='hex', lineRGB=array([0, 0, 0]), lineWidth=3.0, name='fixCross', opacity=1.0, ori=array(0.0), pos=array([ 0.,  0.]), size=array([ 1.,  1.]), units='pix', vertices=ndarray(...), win=Window(...))
16.1539 	EXP 	Created topMsg = TextStim(alignHoriz='center', alignVert='center', antialias=True, autoLog=True, bold=False, color='#000000', colorSpace='hex', contrast=1.0, depth=0, flipHoriz=False, flipVert=False, font='', fontFiles=[], height=0.1, italic=False, name='topMsg', opacity=1.0, ori=0.0, pos=array([ 0. ,  0.5]), rgb=array([0, 0, 0]), text=u'aaa', units='norm', win=Window(...), wrapWidth=1.5)
16.1570 	EXP 	Created bottomMsg = TextStim(alignHoriz='center', alignVert='center', antialias=True, autoLog=True, bold=False, color='#000000', colorSpace='hex', contrast=1.0, depth=0, flipHoriz=False, flipVert=False, font='', fontFiles=[], height=0.1, italic=False, name='bottomMsg', opacity=1.0, ori=0.0, pos=array([ 0. , -0.5]), rgb=array([0, 0, 0]), text=u'bbb', units='norm', win=Window(...), wrapWidth=1.5)
16.1597 	EXP 	Created mainText = TextStim(alignHoriz='center', alignVert='center', antialias=True, autoLog=True, bold=False, color='#000000', colorSpace='hex', contrast=1.0, depth=0, flipHoriz=False, flipVert=False, font='', fontFiles=[], height=0.1, italic=False, name='mainText', opacity=1.0, ori=0.0, pos=array([ 0.,  0.]), rgb=array([0, 0, 0]), text=u'bbb', units='norm', win=Window(...), wrapWidth=3.5)
16.2118 	EXP 	topMsg: text = 'You will see a cross and letters on the screen. Please look directly at the center of the screen (the spot where the cross appears) throughout the experiment.'
16.2118 	EXP 	bottomMsg: text = 'Press any button to continue.'
16.2118 	EXP 	Display Instructions1
17.2716 	DATA 	Keypress: 5
17.3378 	EXP 	topMsg: text = "You will see a string of letters, then instructions indicating what you should do with them. If the instructions say 'REMEMBER', remember them in the order you saw them. If they say 'ALPHABETIZE', alphabetize the letters and and remember them in that order. "
17.3378 	EXP 	bottomMsg: text = 'Press any button to continue.'
17.3378 	EXP 	Display Instructions2
17.4159 	DATA 	Keypress: 5
17.4714 	EXP 	topMsg: text = "After a delay period, you will see a letter and question mark (like 'F?'). Press the button corresponding to the position of that letter in the sequence you were remembering. Respond as quickly and accurately as you can. If you're not sure, take your best guess."
17.4714 	EXP 	bottomMsg: text = 'Press any button to continue.'
17.4714 	EXP 	Display Instructions3
17.5644 	DATA 	Keypress: 5
17.6050 	EXP 	topMsg: text = "On some trials, you will see a * instead of a letter (like '*?'). This means no response is needed for this trial and you can forget the sequence of letters."
17.6050 	EXP 	bottomMsg: text = 'Press any button to continue.'
17.6050 	EXP 	Display Instructions4
17.7145 	DATA 	Keypress: 5
17.7445 	EXP 	topMsg: text = 'If you have any questions, please ask the experimenter now.'
17.7445 	EXP 	bottomMsg: text = 'WHEN YOU ARE READY TO BEGIN, press any button.'
17.7445 	EXP 	Display Instructions5
17.8645 	DATA 	Keypress: 5
17.8874 	EXP 	topMsg: text = 'Waiting for scanner to start...'
17.8874 	EXP 	bottomMsg: text = "(Press '5' to override.)"
17.8874 	EXP 	Display WaitingForScanner
17.9644 	DATA 	Keypress: 5
17.9713 	EXP 	Display fixation
17.9714 	EXP 	---START EXPERIMENT---
17.9716 	EXP 	trial: iTrial = 1, isRemember = 0, delayDur = 9.0, ISI = 5.0, startString = UCKPD, testLetter = C, testLoc = 1, isCatchTrial = 0
18.0795 	DATA 	Keypress: 5
18.2644 	DATA 	Keypress: 5
18.3833 	DATA 	Keypress: 5
18.5184 	DATA 	Keypress: 5
19.1144 	DATA 	Keypress: q
19.1370 	EXP 	mainText: text = 'UCKPD'
19.1370 	EXP 	Display string (UCKPD)
19.1370 	EXP 	topMsg: text = "That's the end! "
19.1370 	EXP 	bottomMsg: text = "Press 'q' or 'escape' to end the session."
19.1370 	EXP 	Display TheEnd
19.4645 	DATA 	Keypress: escape
