3.9810 	INFO 	---START PARAMETERS---
3.9811 	INFO 	filename: LetterOrderTask_d5_LOC-sub1-sess11-Dec_13_1622
3.9811 	INFO 	subject: 1
3.9811 	INFO 	session: 11
3.9811 	INFO 	date: Dec_13_1622
3.9811 	INFO 	catchProb: 0.0
3.9811 	INFO 	cueDur: 1.0
3.9811 	INFO 	cues: ['REMEMBER', 'ALPHABETIZE']
3.9811 	INFO 	fixCrossPos: [0, 0]
3.9811 	INFO 	fixCrossSize: 50
3.9811 	INFO 	fullScreen: True
3.9811 	INFO 	letters: ABCDEFGHIJKLMNOPQRSTUVWXYZ
3.9811 	INFO 	maxDelayDur: 9.0
3.9811 	INFO 	maxISI: 16.0
3.9811 	INFO 	minDelayDur: 9.0
3.9811 	INFO 	minISI: 16.0
3.9811 	INFO 	nLetters: 5
3.9811 	INFO 	pauseDur: 1.5
3.9811 	INFO 	promptDir: Prompts/
3.9811 	INFO 	promptFile: LetterOrderPrompts_5button.txt
3.9811 	INFO 	rememberProb: 0.0
3.9812 	INFO 	respKeys: ['1', '2', '3', '4', '6']
3.9812 	INFO 	screenColor: (128, 128, 128)
3.9812 	INFO 	screenToShow: 0
3.9812 	INFO 	sessionDur: 656.0
3.9812 	INFO 	skipPrompts: False
3.9812 	INFO 	stringDur: 2.5
3.9812 	INFO 	tCoolDown: 8.0
3.9812 	INFO 	tStartup: 8.0
3.9812 	INFO 	testDur: 2.0
3.9812 	INFO 	triggerKey: 5
3.9812 	INFO 	---END PARAMETERS---
4.0195 	WARNING 	Movie2 stim could not be imported and won't be available
4.4206 	INFO 	Loaded monitor calibration from ['2015_12_02 12:18']
4.8551 	EXP 	Created win = Window(allowGUI=False, allowStencil=False, autoLog=True, bitsMode=UNKNOWN, blendMode='avg', color=array([ 128.,  128.,  128.]), colorSpace='rgb255', fullscr=UNKNOWN, gamma=None, lms=UNKNOWN, monitor=<psychopy.monitors.calibTools.Monitor instance at 0xfcd3d78>, name='win', pos=[0, 0], screen=0, size=array([1280,  800]), stereo=False, units='deg', useFBO=False, viewOri=0.0, viewPos=None, viewScale=None, waitBlanking=True, winType='pyglet')
4.8570 	EXP 	Created fixCross = ShapeStim(autoDraw=False, autoLog=True, closeShape=False, contrast=1.0, depth=0, fillColor=None, fillColorSpace='rgb', fillRGB=None, interpolate=True, lineColor='#000000', lineColorSpace='hex', lineRGB=array([0, 0, 0]), lineWidth=3.0, name='fixCross', opacity=1.0, ori=array(0.0), pos=array([ 0.,  0.]), size=array([ 1.,  1.]), units='pix', vertices=ndarray(...), win=Window(...))
4.8995 	EXP 	Created topMsg = TextStim(alignHoriz='center', alignVert='center', antialias=True, autoLog=True, bold=False, color='#000000', colorSpace='hex', contrast=1.0, depth=0, flipHoriz=False, flipVert=False, font='', fontFiles=[], height=0.1, italic=False, name='topMsg', opacity=1.0, ori=0.0, pos=array([ 0. ,  0.5]), rgb=array([0, 0, 0]), text=u'aaa', units='norm', win=Window(...), wrapWidth=1.5)
4.9029 	EXP 	Created bottomMsg = TextStim(alignHoriz='center', alignVert='center', antialias=True, autoLog=True, bold=False, color='#000000', colorSpace='hex', contrast=1.0, depth=0, flipHoriz=False, flipVert=False, font='', fontFiles=[], height=0.1, italic=False, name='bottomMsg', opacity=1.0, ori=0.0, pos=array([ 0. , -0.5]), rgb=array([0, 0, 0]), text=u'bbb', units='norm', win=Window(...), wrapWidth=1.5)
4.9054 	EXP 	Created mainText = TextStim(alignHoriz='center', alignVert='center', antialias=True, autoLog=True, bold=False, color='#000000', colorSpace='hex', contrast=1.0, depth=0, flipHoriz=False, flipVert=False, font='', fontFiles=[], height=0.1, italic=False, name='mainText', opacity=1.0, ori=0.0, pos=array([ 0.,  0.]), rgb=array([0, 0, 0]), text=u'bbb', units='norm', win=Window(...), wrapWidth=3.5)
4.9539 	EXP 	topMsg: text = 'You will see a cross and letters on the screen. Please look directly at the center of the screen (the spot where the cross appears) throughout the experiment.'
4.9539 	EXP 	bottomMsg: text = 'Press any button to continue.'
4.9539 	EXP 	Display Instructions1
6.0915 	DATA 	Keypress: 5
6.1539 	EXP 	topMsg: text = "You will see a string of letters, then instructions indicating what you should do with them. If the instructions say 'REMEMBER', remember them in the order you saw them. If they say 'ALPHABETIZE', alphabetize the letters and and remember them in that order. "
6.1539 	EXP 	bottomMsg: text = 'Press any button to continue.'
6.1539 	EXP 	Display Instructions2
6.4414 	DATA 	Keypress: 5
6.4936 	EXP 	topMsg: text = "After a delay period, you will see a letter and question mark (like 'F?'). Press the button corresponding to the position of that letter in the sequence you were remembering. Respond as quickly and accurately as you can. If you're not sure, take your best guess."
6.4936 	EXP 	bottomMsg: text = 'Press any button to continue.'
6.4936 	EXP 	Display Instructions3
6.7914 	DATA 	Keypress: 5
6.8260 	EXP 	topMsg: text = "On some trials, you will see a * instead of a letter (like '*?'). This means no response is needed for this trial and you can forget the sequence of letters."
6.8260 	EXP 	bottomMsg: text = 'Press any button to continue.'
6.8260 	EXP 	Display Instructions4
7.2914 	DATA 	Keypress: 5
7.3204 	EXP 	topMsg: text = 'If you have any questions, please ask the experimenter now.'
7.3204 	EXP 	bottomMsg: text = 'WHEN YOU ARE READY TO BEGIN, press any button.'
7.3204 	EXP 	Display Instructions5
8.2414 	DATA 	Keypress: 5
8.2591 	EXP 	topMsg: text = 'Waiting for scanner to start...'
8.2591 	EXP 	bottomMsg: text = "(Press '5' to override.)"
8.2591 	EXP 	Display WaitingForScanner
9.3913 	DATA 	Keypress: 5
9.4039 	EXP 	Display fixation
9.4040 	EXP 	---START EXPERIMENT---
9.4044 	EXP 	trial: iTrial = 1, isRemember = 0, delayDur = 9.0, ISI = 16.0, startString = OAUCM, testLetter = C, testLoc = 2, isCatchTrial = 0
17.4043 	EXP 	mainText: text = 'OAUCM'
17.4043 	EXP 	Display string (OAUCM)
19.9061 	EXP 	Display fixation (pause)
21.4062 	EXP 	mainText: text = 'ALPHABETIZE'
21.4062 	EXP 	Display cue (ALPHABETIZE)
22.4055 	EXP 	Display fixation (delay)
31.4071 	EXP 	mainText: text = 'C?'
31.4071 	EXP 	Display test stim (C?)
33.4063 	EXP 	Display fixation (ISI)
48.3916 	EXP 	trial: iTrial = 2, isRemember = 0, delayDur = 9.0, ISI = 16.0, startString = XKFPA, testLetter = F, testLoc = 2, isCatchTrial = 0
49.4084 	EXP 	mainText: text = 'XKFPA'
49.4084 	EXP 	Display string (XKFPA)
51.9091 	EXP 	Display fixation (pause)
53.4082 	EXP 	mainText: text = 'ALPHABETIZE'
53.4082 	EXP 	Display cue (ALPHABETIZE)
54.4084 	EXP 	Display fixation (delay)
63.4085 	EXP 	mainText: text = 'F?'
63.4085 	EXP 	Display test stim (F?)
65.4099 	EXP 	Display fixation (ISI)
80.3916 	EXP 	trial: iTrial = 3, isRemember = 0, delayDur = 9.0, ISI = 16.0, startString = EKFDU, testLetter = U, testLoc = 5, isCatchTrial = 0
81.4087 	EXP 	mainText: text = 'EKFDU'
81.4087 	EXP 	Display string (EKFDU)
83.9089 	EXP 	Display fixation (pause)
85.4113 	EXP 	mainText: text = 'ALPHABETIZE'
85.4113 	EXP 	Display cue (ALPHABETIZE)
86.4080 	EXP 	Display fixation (delay)
95.3206 	DATA 	Mouse: unknownButton button up, pos=(1014,300)
95.4089 	EXP 	mainText: text = 'U?'
95.4089 	EXP 	Display test stim (U?)
97.2037 	DATA 	Keypress: q
97.2233 	EXP 	Display fixation (ISI)
97.2233 	EXP 	topMsg: text = "That's the end! "
97.2233 	EXP 	bottomMsg: text = "Press 'q' or 'escape' to end the session."
97.2233 	EXP 	Display TheEnd
97.8002 	DATA 	Keypress: t
98.7389 	DATA 	Keypress: q
