3.7682 	INFO 	---START PARAMETERS---
3.7682 	INFO 	filename: LetterOrderTask_d5-sub1-sess20-May_11_1630
3.7682 	INFO 	subject: 1
3.7683 	INFO 	session: 20
3.7683 	INFO 	date: May_11_1630
3.7683 	INFO 	catchProb: 0.0
3.7683 	INFO 	cueDur: 1.0
3.7683 	INFO 	cues: ['REMEMBER', 'ALPHABETIZE']
3.7683 	INFO 	fixCrossPos: [0, 0]
3.7683 	INFO 	fixCrossSize: 50
3.7683 	INFO 	fullScreen: True
3.7683 	INFO 	letters: ABCDEFGHIJKLMNOPQRSTUVWXYZ
3.7683 	INFO 	maxDelayDur: 9.0
3.7683 	INFO 	maxISI: 5.0
3.7683 	INFO 	minDelayDur: 9.0
3.7683 	INFO 	minISI: 5.0
3.7683 	INFO 	nLetters: 5
3.7683 	INFO 	pauseDur: 1.5
3.7683 	INFO 	promptDir: Prompts/
3.7683 	INFO 	promptFile: LetterOrderPrompts_5button.txt
3.7683 	INFO 	rememberProb: 0.0
3.7683 	INFO 	respKeys: ['1', '2', '3', '4', '6']
3.7684 	INFO 	screenColor: (128, 128, 128)
3.7684 	INFO 	screenToShow: 0
3.7684 	INFO 	sessionDur: 360.0
3.7684 	INFO 	skipPrompts: True
3.7684 	INFO 	stringDur: 2.5
3.7684 	INFO 	tCoolDown: 9.0
3.7684 	INFO 	tStartup: 6.0
3.7684 	INFO 	testDur: 1.0
3.7684 	INFO 	triggerKey: 5
3.7684 	INFO 	---END PARAMETERS---
3.8150 	WARNING 	Movie2 stim could not be imported and won't be available
4.2581 	INFO 	Loaded monitor calibration from ['2015_12_02 12:18']
4.6992 	EXP 	Created win = Window(allowGUI=False, allowStencil=False, autoLog=True, bitsMode=UNKNOWN, blendMode='avg', color=array([ 128.,  128.,  128.]), colorSpace='rgb255', fullscr=UNKNOWN, gamma=None, lms=UNKNOWN, monitor=<psychopy.monitors.calibTools.Monitor instance at 0xfd146c0>, name='win', pos=[0, 0], screen=0, size=array([800, 600]), stereo=False, units='deg', useFBO=False, viewOri=0.0, viewPos=None, viewScale=None, waitBlanking=True, winType='pyglet')
4.7013 	EXP 	Created fixCross = ShapeStim(autoDraw=False, autoLog=True, closeShape=False, contrast=1.0, depth=0, fillColor=None, fillColorSpace='rgb', fillRGB=None, interpolate=True, lineColor='#000000', lineColorSpace='hex', lineRGB=array([0, 0, 0]), lineWidth=3.0, name='fixCross', opacity=1.0, ori=array(0.0), pos=array([ 0.,  0.]), size=array([ 1.,  1.]), units='pix', vertices=ndarray(...), win=Window(...))
4.7416 	EXP 	Created topMsg = TextStim(alignHoriz='center', alignVert='center', antialias=True, autoLog=True, bold=False, color='#000000', colorSpace='hex', contrast=1.0, depth=0, flipHoriz=False, flipVert=False, font='', fontFiles=[], height=0.1, italic=False, name='topMsg', opacity=1.0, ori=0.0, pos=array([ 0. ,  0.5]), rgb=array([0, 0, 0]), text=u'aaa', units='norm', win=Window(...), wrapWidth=1.5)
4.7448 	EXP 	Created bottomMsg = TextStim(alignHoriz='center', alignVert='center', antialias=True, autoLog=True, bold=False, color='#000000', colorSpace='hex', contrast=1.0, depth=0, flipHoriz=False, flipVert=False, font='', fontFiles=[], height=0.1, italic=False, name='bottomMsg', opacity=1.0, ori=0.0, pos=array([ 0. , -0.5]), rgb=array([0, 0, 0]), text=u'bbb', units='norm', win=Window(...), wrapWidth=1.5)
4.7475 	EXP 	Created mainText = TextStim(alignHoriz='center', alignVert='center', antialias=True, autoLog=True, bold=False, color='#000000', colorSpace='hex', contrast=1.0, depth=0, flipHoriz=False, flipVert=False, font='', fontFiles=[], height=0.1, italic=False, name='mainText', opacity=1.0, ori=0.0, pos=array([ 0.,  0.]), rgb=array([0, 0, 0]), text=u'bbb', units='norm', win=Window(...), wrapWidth=3.5)
4.7789 	EXP 	topMsg: text = 'Waiting for scanner to start...'
4.7789 	EXP 	bottomMsg: text = "(Press '5' to override.)"
4.7789 	EXP 	Display WaitingForScanner
460.7561 	DATA 	Keypress: 5
460.7599 	EXP 	Display fixation
460.7602 	EXP 	---START EXPERIMENT---
460.7605 	EXP 	trial: iTrial = 1, isRemember = 0, delayDur = 9.0, ISI = 5.0, startString = EATBU, testLetter = U, testLoc = 5, isCatchTrial = 0
461.7496 	DATA 	Keypress: 5
462.7495 	DATA 	Keypress: 5
463.7496 	DATA 	Keypress: 5
464.7497 	DATA 	Keypress: 5
465.7494 	DATA 	Keypress: 5
466.7496 	DATA 	Keypress: 5
466.7599 	EXP 	mainText: text = 'EATBU'
466.7599 	EXP 	Display string (EATBU)
467.7496 	DATA 	Keypress: 5
468.7496 	DATA 	Keypress: 5
469.2599 	EXP 	Display fixation (pause)
469.7494 	DATA 	Keypress: 5
470.7493 	DATA 	Keypress: 5
470.7611 	EXP 	mainText: text = 'ALPHABETIZE'
470.7611 	EXP 	Display cue (ALPHABETIZE)
471.7494 	DATA 	Keypress: 5
471.7612 	EXP 	Display fixation (delay)
472.7493 	DATA 	Keypress: 5
473.7495 	DATA 	Keypress: 5
474.7493 	DATA 	Keypress: 5
475.7493 	DATA 	Keypress: 5
476.7493 	DATA 	Keypress: 5
477.7493 	DATA 	Keypress: 5
478.7492 	DATA 	Keypress: 5
479.7492 	DATA 	Keypress: 5
480.7490 	DATA 	Keypress: 5
480.7623 	EXP 	mainText: text = 'U?'
480.7623 	EXP 	Display test stim (U?)
481.7492 	DATA 	Keypress: 5
481.7609 	EXP 	Display fixation (ISI)
482.7491 	DATA 	Keypress: 5
483.7491 	DATA 	Keypress: 5
484.7491 	DATA 	Keypress: 5
485.7500 	DATA 	Keypress: 5
485.7568 	EXP 	trial: iTrial = 2, isRemember = 0, delayDur = 9.0, ISI = 5.0, startString = ZCXUL, testLetter = C, testLoc = 1, isCatchTrial = 0
486.7500 	DATA 	Keypress: 5
486.7620 	EXP 	mainText: text = 'ZCXUL'
486.7620 	EXP 	Display string (ZCXUL)
487.7500 	DATA 	Keypress: 5
488.7499 	DATA 	Keypress: 5
489.2620 	EXP 	Display fixation (pause)
489.7499 	DATA 	Keypress: 5
490.7499 	DATA 	Keypress: 5
490.7627 	EXP 	mainText: text = 'ALPHABETIZE'
490.7627 	EXP 	Display cue (ALPHABETIZE)
491.7501 	DATA 	Keypress: 5
491.7622 	EXP 	Display fixation (delay)
492.7498 	DATA 	Keypress: 5
493.7498 	DATA 	Keypress: 5
494.7499 	DATA 	Keypress: 5
495.7496 	DATA 	Keypress: 5
496.7497 	DATA 	Keypress: 5
497.7497 	DATA 	Keypress: 5
498.7497 	DATA 	Keypress: 5
499.7495 	DATA 	Keypress: 5
500.7496 	DATA 	Keypress: 5
500.7632 	EXP 	mainText: text = 'C?'
500.7632 	EXP 	Display test stim (C?)
501.7496 	DATA 	Keypress: 5
501.7629 	EXP 	Display fixation (ISI)
502.7495 	DATA 	Keypress: 5
503.7494 	DATA 	Keypress: 5
504.7495 	DATA 	Keypress: 5
505.7495 	DATA 	Keypress: 5
505.7569 	EXP 	trial: iTrial = 3, isRemember = 0, delayDur = 9.0, ISI = 5.0, startString = QXNOC, testLetter = O, testLoc = 3, isCatchTrial = 0
506.7495 	DATA 	Keypress: 5
506.7647 	EXP 	mainText: text = 'QXNOC'
506.7647 	EXP 	Display string (QXNOC)
507.7494 	DATA 	Keypress: 5
508.7494 	DATA 	Keypress: 5
509.2649 	EXP 	Display fixation (pause)
509.7492 	DATA 	Keypress: 5
510.7495 	DATA 	Keypress: 5
510.7598 	EXP 	mainText: text = 'ALPHABETIZE'
510.7598 	EXP 	Display cue (ALPHABETIZE)
511.7504 	DATA 	Keypress: 5
511.7646 	EXP 	Display fixation (delay)
512.7494 	DATA 	Keypress: 5
513.7493 	DATA 	Keypress: 5
514.7492 	DATA 	Keypress: 5
515.7492 	DATA 	Keypress: 5
516.7492 	DATA 	Keypress: 5
517.7492 	DATA 	Keypress: 5
518.7491 	DATA 	Keypress: 5
519.7491 	DATA 	Keypress: 5
520.7489 	DATA 	Keypress: 5
520.7659 	EXP 	mainText: text = 'O?'
520.7659 	EXP 	Display test stim (O?)
521.7490 	DATA 	Keypress: 5
521.7659 	EXP 	Display fixation (ISI)
522.7500 	DATA 	Keypress: 5
523.7500 	DATA 	Keypress: 5
524.7501 	DATA 	Keypress: 5
525.7499 	DATA 	Keypress: 5
525.7569 	EXP 	trial: iTrial = 4, isRemember = 0, delayDur = 9.0, ISI = 5.0, startString = MJLRS, testLetter = J, testLoc = 1, isCatchTrial = 0
526.7497 	DATA 	Keypress: 5
526.7660 	EXP 	mainText: text = 'MJLRS'
526.7660 	EXP 	Display string (MJLRS)
527.7498 	DATA 	Keypress: 5
528.7497 	DATA 	Keypress: 5
529.2609 	EXP 	Display fixation (pause)
529.7497 	DATA 	Keypress: 5
530.7498 	DATA 	Keypress: 5
530.7668 	EXP 	mainText: text = 'ALPHABETIZE'
530.7668 	EXP 	Display cue (ALPHABETIZE)
531.7497 	DATA 	Keypress: 5
531.7642 	EXP 	Display fixation (delay)
532.7496 	DATA 	Keypress: 5
533.7496 	DATA 	Keypress: 5
534.7497 	DATA 	Keypress: 5
535.7496 	DATA 	Keypress: 5
536.7496 	DATA 	Keypress: 5
537.7495 	DATA 	Keypress: 5
538.7496 	DATA 	Keypress: 5
539.7495 	DATA 	Keypress: 5
540.7495 	DATA 	Keypress: 5
540.7664 	EXP 	mainText: text = 'J?'
540.7664 	EXP 	Display test stim (J?)
541.7495 	DATA 	Keypress: 5
541.7616 	EXP 	Display fixation (ISI)
542.7494 	DATA 	Keypress: 5
543.7494 	DATA 	Keypress: 5
544.7494 	DATA 	Keypress: 5
545.7493 	DATA 	Keypress: 5
545.7569 	EXP 	trial: iTrial = 5, isRemember = 0, delayDur = 9.0, ISI = 5.0, startString = EBIVW, testLetter = E, testLoc = 2, isCatchTrial = 0
546.7493 	DATA 	Keypress: 5
546.7674 	EXP 	mainText: text = 'EBIVW'
546.7674 	EXP 	Display string (EBIVW)
547.7493 	DATA 	Keypress: 5
548.7493 	DATA 	Keypress: 5
549.2677 	EXP 	Display fixation (pause)
549.7493 	DATA 	Keypress: 5
550.7492 	DATA 	Keypress: 5
550.7641 	EXP 	mainText: text = 'ALPHABETIZE'
550.7641 	EXP 	Display cue (ALPHABETIZE)
551.7494 	DATA 	Keypress: 5
551.7679 	EXP 	Display fixation (delay)
552.7491 	DATA 	Keypress: 5
553.7492 	DATA 	Keypress: 5
554.7491 	DATA 	Keypress: 5
555.7491 	DATA 	Keypress: 5
556.7490 	DATA 	Keypress: 5
557.7491 	DATA 	Keypress: 5
558.7490 	DATA 	Keypress: 5
559.7498 	DATA 	Keypress: 5
560.7499 	DATA 	Keypress: 5
560.7598 	EXP 	mainText: text = 'E?'
560.7598 	EXP 	Display test stim (E?)
561.7499 	DATA 	Keypress: 5
561.7696 	EXP 	Display fixation (ISI)
562.7499 	DATA 	Keypress: 5
563.7499 	DATA 	Keypress: 5
564.7499 	DATA 	Keypress: 5
565.7497 	DATA 	Keypress: 5
565.7568 	EXP 	trial: iTrial = 6, isRemember = 0, delayDur = 9.0, ISI = 5.0, startString = TPARL, testLetter = P, testLoc = 3, isCatchTrial = 0
566.7498 	DATA 	Keypress: 5
566.7612 	EXP 	mainText: text = 'TPARL'
566.7612 	EXP 	Display string (TPARL)
567.7498 	DATA 	Keypress: 5
568.7498 	DATA 	Keypress: 5
569.2638 	EXP 	Display fixation (pause)
569.7495 	DATA 	Keypress: 5
570.7497 	DATA 	Keypress: 5
570.7702 	EXP 	mainText: text = 'ALPHABETIZE'
570.7702 	EXP 	Display cue (ALPHABETIZE)
571.7497 	DATA 	Keypress: 5
571.7680 	EXP 	Display fixation (delay)
572.7495 	DATA 	Keypress: 5
573.7496 	DATA 	Keypress: 5
574.7495 	DATA 	Keypress: 5
575.7494 	DATA 	Keypress: 5
576.7493 	DATA 	Keypress: 5
577.7495 	DATA 	Keypress: 5
578.7495 	DATA 	Keypress: 5
579.7495 	DATA 	Keypress: 5
580.7493 	DATA 	Keypress: 5
580.7698 	EXP 	mainText: text = 'P?'
580.7698 	EXP 	Display test stim (P?)
581.7492 	DATA 	Keypress: 5
581.7639 	EXP 	Display fixation (ISI)
582.7492 	DATA 	Keypress: 5
583.7492 	DATA 	Keypress: 5
584.7491 	DATA 	Keypress: 5
585.7491 	DATA 	Keypress: 5
585.7568 	EXP 	trial: iTrial = 7, isRemember = 0, delayDur = 9.0, ISI = 5.0, startString = JOHTI, testLetter = I, testLoc = 2, isCatchTrial = 0
586.7492 	DATA 	Keypress: 5
586.7708 	EXP 	mainText: text = 'JOHTI'
586.7708 	EXP 	Display string (JOHTI)
587.7492 	DATA 	Keypress: 5
588.7492 	DATA 	Keypress: 5
589.2719 	EXP 	Display fixation (pause)
589.7490 	DATA 	Keypress: 5
590.7489 	DATA 	Keypress: 5
590.7665 	EXP 	mainText: text = 'ALPHABETIZE'
590.7665 	EXP 	Display cue (ALPHABETIZE)
591.7490 	DATA 	Keypress: 5
591.7607 	EXP 	Display fixation (delay)
592.7491 	DATA 	Keypress: 5
593.7490 	DATA 	Keypress: 5
594.7490 	DATA 	Keypress: 5
595.7490 	DATA 	Keypress: 5
596.7489 	DATA 	Keypress: 5
597.7490 	DATA 	Keypress: 5
598.7499 	DATA 	Keypress: 5
599.7501 	DATA 	Keypress: 5
600.7498 	DATA 	Keypress: 5
600.7630 	EXP 	mainText: text = 'I?'
600.7630 	EXP 	Display test stim (I?)
601.7498 	DATA 	Keypress: 5
601.7739 	EXP 	Display fixation (ISI)
602.7498 	DATA 	Keypress: 5
603.7498 	DATA 	Keypress: 5
604.7497 	DATA 	Keypress: 5
605.7497 	DATA 	Keypress: 5
605.7568 	EXP 	trial: iTrial = 8, isRemember = 0, delayDur = 9.0, ISI = 5.0, startString = DPIGO, testLetter = D, testLoc = 1, isCatchTrial = 0
606.7497 	DATA 	Keypress: 5
606.7643 	EXP 	mainText: text = 'DPIGO'
606.7643 	EXP 	Display string (DPIGO)
607.7496 	DATA 	Keypress: 5
608.7496 	DATA 	Keypress: 5
609.2670 	EXP 	Display fixation (pause)
609.7495 	DATA 	Keypress: 5
610.7495 	DATA 	Keypress: 5
610.7595 	EXP 	mainText: text = 'ALPHABETIZE'
610.7595 	EXP 	Display cue (ALPHABETIZE)
611.7495 	DATA 	Keypress: 5
611.7712 	EXP 	Display fixation (delay)
612.7495 	DATA 	Keypress: 5
613.7495 	DATA 	Keypress: 5
614.7494 	DATA 	Keypress: 5
615.7494 	DATA 	Keypress: 5
616.7493 	DATA 	Keypress: 5
617.7495 	DATA 	Keypress: 5
618.7492 	DATA 	Keypress: 5
619.7493 	DATA 	Keypress: 5
620.7493 	DATA 	Keypress: 5
620.7734 	EXP 	mainText: text = 'D?'
620.7734 	EXP 	Display test stim (D?)
621.7492 	DATA 	Keypress: 5
621.7682 	EXP 	Display fixation (ISI)
622.7493 	DATA 	Keypress: 5
623.7492 	DATA 	Keypress: 5
624.7490 	DATA 	Keypress: 5
625.7491 	DATA 	Keypress: 5
625.7569 	EXP 	trial: iTrial = 9, isRemember = 0, delayDur = 9.0, ISI = 5.0, startString = XAOGN, testLetter = G, testLoc = 2, isCatchTrial = 0
626.7490 	DATA 	Keypress: 5
626.7743 	EXP 	mainText: text = 'XAOGN'
626.7743 	EXP 	Display string (XAOGN)
627.7491 	DATA 	Keypress: 5
628.7490 	DATA 	Keypress: 5
629.2597 	EXP 	Display fixation (pause)
629.7490 	DATA 	Keypress: 5
630.7489 	DATA 	Keypress: 5
630.7598 	EXP 	mainText: text = 'ALPHABETIZE'
630.7598 	EXP 	Display cue (ALPHABETIZE)
631.7490 	DATA 	Keypress: 5
631.7597 	EXP 	Display fixation (delay)
632.7489 	DATA 	Keypress: 5
633.7489 	DATA 	Keypress: 5
634.7489 	DATA 	Keypress: 5
635.7499 	DATA 	Keypress: 5
636.7498 	DATA 	Keypress: 5
637.7498 	DATA 	Keypress: 5
638.7498 	DATA 	Keypress: 5
639.7497 	DATA 	Keypress: 5
640.7495 	DATA 	Keypress: 5
640.7609 	EXP 	mainText: text = 'G?'
640.7609 	EXP 	Display test stim (G?)
641.7497 	DATA 	Keypress: 5
641.7597 	EXP 	Display fixation (ISI)
642.7496 	DATA 	Keypress: 5
643.7494 	DATA 	Keypress: 5
644.7496 	DATA 	Keypress: 5
645.7496 	DATA 	Keypress: 5
645.7569 	EXP 	trial: iTrial = 10, isRemember = 0, delayDur = 9.0, ISI = 5.0, startString = TLXMD, testLetter = M, testLoc = 3, isCatchTrial = 0
646.7495 	DATA 	Keypress: 5
646.7610 	EXP 	mainText: text = 'TLXMD'
646.7610 	EXP 	Display string (TLXMD)
647.7495 	DATA 	Keypress: 5
648.7495 	DATA 	Keypress: 5
649.2613 	EXP 	Display fixation (pause)
649.7493 	DATA 	Keypress: 5
650.7494 	DATA 	Keypress: 5
650.7616 	EXP 	mainText: text = 'ALPHABETIZE'
650.7616 	EXP 	Display cue (ALPHABETIZE)
651.7494 	DATA 	Keypress: 5
651.7617 	EXP 	Display fixation (delay)
652.7494 	DATA 	Keypress: 5
653.7493 	DATA 	Keypress: 5
654.7493 	DATA 	Keypress: 5
655.7493 	DATA 	Keypress: 5
656.7492 	DATA 	Keypress: 5
657.7492 	DATA 	Keypress: 5
658.7492 	DATA 	Keypress: 5
659.7492 	DATA 	Keypress: 5
660.7491 	DATA 	Keypress: 5
660.7624 	EXP 	mainText: text = 'M?'
660.7624 	EXP 	Display test stim (M?)
661.7491 	DATA 	Keypress: 5
661.7616 	EXP 	Display fixation (ISI)
662.7491 	DATA 	Keypress: 5
663.7490 	DATA 	Keypress: 5
664.7489 	DATA 	Keypress: 5
665.7490 	DATA 	Keypress: 5
665.7569 	EXP 	trial: iTrial = 11, isRemember = 0, delayDur = 9.0, ISI = 5.0, startString = ROYZK, testLetter = O, testLoc = 2, isCatchTrial = 0
666.7490 	DATA 	Keypress: 5
666.7606 	EXP 	mainText: text = 'ROYZK'
666.7606 	EXP 	Display string (ROYZK)
667.7490 	DATA 	Keypress: 5
668.7487 	DATA 	Keypress: 5
669.2626 	EXP 	Display fixation (pause)
669.7489 	DATA 	Keypress: 5
670.7488 	DATA 	Keypress: 5
670.7628 	EXP 	mainText: text = 'ALPHABETIZE'
670.7628 	EXP 	Display cue (ALPHABETIZE)
671.7489 	DATA 	Keypress: 5
671.7638 	EXP 	Display fixation (delay)
672.7496 	DATA 	Keypress: 5
673.7496 	DATA 	Keypress: 5
674.7497 	DATA 	Keypress: 5
675.7498 	DATA 	Keypress: 5
676.7497 	DATA 	Keypress: 5
677.7496 	DATA 	Keypress: 5
678.7496 	DATA 	Keypress: 5
679.7496 	DATA 	Keypress: 5
680.7496 	DATA 	Keypress: 5
680.7640 	EXP 	mainText: text = 'O?'
680.7640 	EXP 	Display test stim (O?)
681.7495 	DATA 	Keypress: 5
681.7641 	EXP 	Display fixation (ISI)
682.7495 	DATA 	Keypress: 5
683.7495 	DATA 	Keypress: 5
684.7494 	DATA 	Keypress: 5
685.7494 	DATA 	Keypress: 5
685.7569 	EXP 	trial: iTrial = 12, isRemember = 0, delayDur = 9.0, ISI = 5.0, startString = BMTLU, testLetter = M, testLoc = 3, isCatchTrial = 0
686.7493 	DATA 	Keypress: 5
686.7651 	EXP 	mainText: text = 'BMTLU'
686.7651 	EXP 	Display string (BMTLU)
687.7493 	DATA 	Keypress: 5
688.7493 	DATA 	Keypress: 5
689.2656 	EXP 	Display fixation (pause)
689.7492 	DATA 	Keypress: 5
690.7493 	DATA 	Keypress: 5
690.7650 	EXP 	mainText: text = 'ALPHABETIZE'
690.7650 	EXP 	Display cue (ALPHABETIZE)
691.7493 	DATA 	Keypress: 5
691.7597 	EXP 	Display fixation (delay)
692.7492 	DATA 	Keypress: 5
693.7493 	DATA 	Keypress: 5
694.7492 	DATA 	Keypress: 5
695.7492 	DATA 	Keypress: 5
696.7490 	DATA 	Keypress: 5
697.7491 	DATA 	Keypress: 5
698.7489 	DATA 	Keypress: 5
699.7489 	DATA 	Keypress: 5
700.7489 	DATA 	Keypress: 5
700.7621 	EXP 	mainText: text = 'M?'
700.7621 	EXP 	Display test stim (M?)
701.7490 	DATA 	Keypress: 5
701.7655 	EXP 	Display fixation (ISI)
702.7488 	DATA 	Keypress: 5
703.7487 	DATA 	Keypress: 5
704.7490 	DATA 	Keypress: 5
705.7487 	DATA 	Keypress: 5
705.7569 	EXP 	trial: iTrial = 13, isRemember = 0, delayDur = 9.0, ISI = 5.0, startString = WTLVP, testLetter = P, testLoc = 2, isCatchTrial = 0
706.7488 	DATA 	Keypress: 5
706.7628 	EXP 	mainText: text = 'WTLVP'
706.7628 	EXP 	Display string (WTLVP)
707.7487 	DATA 	Keypress: 5
708.7488 	DATA 	Keypress: 5
709.2663 	EXP 	Display fixation (pause)
709.7486 	DATA 	Keypress: 5
710.7486 	DATA 	Keypress: 5
710.7584 	EXP 	mainText: text = 'ALPHABETIZE'
710.7584 	EXP 	Display cue (ALPHABETIZE)
711.7496 	DATA 	Keypress: 5
711.7674 	EXP 	Display fixation (delay)
712.7497 	DATA 	Keypress: 5
713.7497 	DATA 	Keypress: 5
714.7501 	DATA 	Keypress: 5
715.7495 	DATA 	Keypress: 5
716.7496 	DATA 	Keypress: 5
717.7495 	DATA 	Keypress: 5
718.7495 	DATA 	Keypress: 5
719.7494 	DATA 	Keypress: 5
720.7495 	DATA 	Keypress: 5
720.7679 	EXP 	mainText: text = 'P?'
720.7679 	EXP 	Display test stim (P?)
721.7494 	DATA 	Keypress: 5
721.7670 	EXP 	Display fixation (ISI)
722.7494 	DATA 	Keypress: 5
723.7493 	DATA 	Keypress: 5
724.7493 	DATA 	Keypress: 5
725.7493 	DATA 	Keypress: 5
725.7569 	EXP 	trial: iTrial = 14, isRemember = 0, delayDur = 9.0, ISI = 5.0, startString = SCKIM, testLetter = K, testLoc = 3, isCatchTrial = 0
726.7493 	DATA 	Keypress: 5
726.7693 	EXP 	mainText: text = 'SCKIM'
726.7693 	EXP 	Display string (SCKIM)
727.7493 	DATA 	Keypress: 5
728.7492 	DATA 	Keypress: 5
729.2606 	EXP 	Display fixation (pause)
729.7492 	DATA 	Keypress: 5
730.7491 	DATA 	Keypress: 5
730.7694 	EXP 	mainText: text = 'ALPHABETIZE'
730.7694 	EXP 	Display cue (ALPHABETIZE)
731.7490 	DATA 	Keypress: 5
731.7636 	EXP 	Display fixation (delay)
732.7491 	DATA 	Keypress: 5
733.7491 	DATA 	Keypress: 5
734.7490 	DATA 	Keypress: 5
735.7490 	DATA 	Keypress: 5
736.7490 	DATA 	Keypress: 5
737.7489 	DATA 	Keypress: 5
738.7488 	DATA 	Keypress: 5
739.7487 	DATA 	Keypress: 5
740.7489 	DATA 	Keypress: 5
740.7657 	EXP 	mainText: text = 'K?'
740.7657 	EXP 	Display test stim (K?)
741.7488 	DATA 	Keypress: 5
741.7597 	EXP 	Display fixation (ISI)
742.7488 	DATA 	Keypress: 5
743.7488 	DATA 	Keypress: 5
744.7488 	DATA 	Keypress: 5
745.7486 	DATA 	Keypress: 5
745.7569 	EXP 	trial: iTrial = 15, isRemember = 0, delayDur = 9.0, ISI = 5.0, startString = FWHTX, testLetter = F, testLoc = 1, isCatchTrial = 0
746.7486 	DATA 	Keypress: 5
746.7667 	EXP 	mainText: text = 'FWHTX'
746.7667 	EXP 	Display string (FWHTX)
747.7487 	DATA 	Keypress: 5
748.7486 	DATA 	Keypress: 5
749.2704 	EXP 	Display fixation (pause)
749.7495 	DATA 	Keypress: 5
750.7496 	DATA 	Keypress: 5
750.7620 	EXP 	mainText: text = 'ALPHABETIZE'
750.7620 	EXP 	Display cue (ALPHABETIZE)
751.7494 	DATA 	Keypress: 5
751.7710 	EXP 	Display fixation (delay)
752.7495 	DATA 	Keypress: 5
753.7494 	DATA 	Keypress: 5
754.7495 	DATA 	Keypress: 5
755.7493 	DATA 	Keypress: 5
756.7494 	DATA 	Keypress: 5
757.7494 	DATA 	Keypress: 5
758.7495 	DATA 	Keypress: 5
759.7496 	DATA 	Keypress: 5
760.7493 	DATA 	Keypress: 5
760.7722 	EXP 	mainText: text = 'F?'
760.7722 	EXP 	Display test stim (F?)
761.7492 	DATA 	Keypress: 5
761.7692 	EXP 	Display fixation (ISI)
762.7493 	DATA 	Keypress: 5
763.7491 	DATA 	Keypress: 5
764.7492 	DATA 	Keypress: 5
765.7492 	DATA 	Keypress: 5
765.7569 	EXP 	trial: iTrial = 16, isRemember = 0, delayDur = 9.0, ISI = 5.0, startString = ZLDQR, testLetter = R, testLoc = 4, isCatchTrial = 0
766.7491 	DATA 	Keypress: 5
766.7595 	EXP 	mainText: text = 'ZLDQR'
766.7595 	EXP 	Display string (ZLDQR)
767.7491 	DATA 	Keypress: 5
768.7490 	DATA 	Keypress: 5
769.2625 	EXP 	Display fixation (pause)
769.7489 	DATA 	Keypress: 5
770.7490 	DATA 	Keypress: 5
770.7719 	EXP 	mainText: text = 'ALPHABETIZE'
770.7719 	EXP 	Display cue (ALPHABETIZE)
771.7490 	DATA 	Keypress: 5
771.7672 	EXP 	Display fixation (delay)
772.7489 	DATA 	Keypress: 5
773.7489 	DATA 	Keypress: 5
774.7490 	DATA 	Keypress: 5
775.7487 	DATA 	Keypress: 5
776.7491 	DATA 	Keypress: 5
777.7488 	DATA 	Keypress: 5
778.7487 	DATA 	Keypress: 5
779.7488 	DATA 	Keypress: 5
780.7489 	DATA 	Keypress: 5
780.7681 	EXP 	mainText: text = 'R?'
780.7681 	EXP 	Display test stim (R?)
781.7488 	DATA 	Keypress: 5
781.7633 	EXP 	Display fixation (ISI)
782.7486 	DATA 	Keypress: 5
783.7486 	DATA 	Keypress: 5
784.7485 	DATA 	Keypress: 5
785.7485 	DATA 	Keypress: 5
785.7569 	EXP 	trial: iTrial = 17, isRemember = 0, delayDur = 9.0, ISI = 5.0, startString = VKBJD, testLetter = B, testLoc = 1, isCatchTrial = 0
786.7690 	EXP 	mainText: text = 'VKBJD'
786.7690 	EXP 	Display string (VKBJD)
786.7826 	DATA 	Keypress: 5
787.7827 	DATA 	Keypress: 5
788.7826 	DATA 	Keypress: 5
789.2725 	EXP 	Display fixation (pause)
789.7826 	DATA 	Keypress: 5
790.7655 	EXP 	mainText: text = 'ALPHABETIZE'
790.7655 	EXP 	Display cue (ALPHABETIZE)
790.7826 	DATA 	Keypress: 5
791.7584 	EXP 	Display fixation (delay)
791.7826 	DATA 	Keypress: 5
792.7824 	DATA 	Keypress: 5
793.7825 	DATA 	Keypress: 5
794.7823 	DATA 	Keypress: 5
795.7824 	DATA 	Keypress: 5
796.7823 	DATA 	Keypress: 5
797.7824 	DATA 	Keypress: 5
798.7824 	DATA 	Keypress: 5
799.7822 	DATA 	Keypress: 5
800.7598 	EXP 	mainText: text = 'B?'
800.7598 	EXP 	Display test stim (B?)
800.7823 	DATA 	Keypress: 5
801.7596 	EXP 	Display fixation (ISI)
801.7821 	DATA 	Keypress: 5
802.7821 	DATA 	Keypress: 5
803.7822 	DATA 	Keypress: 5
804.7822 	DATA 	Keypress: 5
805.7822 	DATA 	Keypress: 5
806.7820 	DATA 	Keypress: 5
807.7821 	DATA 	Keypress: 5
808.7821 	DATA 	Keypress: 5
809.7820 	DATA 	Keypress: 5
810.7820 	DATA 	Keypress: 5
811.7820 	DATA 	Keypress: 5
812.7818 	DATA 	Keypress: 5
813.7818 	DATA 	Keypress: 5
814.7819 	DATA 	Keypress: 5
815.7818 	DATA 	Keypress: 5
816.7818 	DATA 	Keypress: 5
817.7818 	DATA 	Keypress: 5
818.7817 	DATA 	Keypress: 5
819.7818 	DATA 	Keypress: 5
820.7567 	EXP 	--- END EXPERIMENT ---
820.8042 	EXP 	topMsg: text = "That's the end! Please continue to HOLD AS STILL AS POSSIBLE until the scanner turns off (and even then, try to minimize any head motion between scans). Thank you!"
820.8042 	EXP 	bottomMsg: text = "Press 'q' or 'escape' to end the session."
820.8042 	EXP 	Display TheEnd
836.8973 	DATA 	Keypress: escape
