14.0119 	INFO 	---START PARAMETERS---
14.0119 	INFO 	filename: LetterOrderTask_d5-sub1-sess1-Dec_05_1526
14.0119 	INFO 	subject: 1
14.0119 	INFO 	session: 1
14.0119 	INFO 	date: Dec_05_1526
14.0119 	INFO 	catchProb: 0.0
14.0119 	INFO 	cueDur: 1.0
14.0119 	INFO 	cues: ['REMEMBER', 'ALPHABETIZE']
14.0119 	INFO 	fixCrossPos: [0, 0]
14.0119 	INFO 	fixCrossSize: 50
14.0119 	INFO 	fullScreen: True
14.0119 	INFO 	letters: ABCDEFGHIJKLMNOPQRSTUVWXYZ
14.0119 	INFO 	maxDelayDur: 9.0
14.0119 	INFO 	maxISI: 16.0
14.0119 	INFO 	minDelayDur: 9.0
14.0119 	INFO 	minISI: 16.0
14.0119 	INFO 	nLetters: 5
14.0119 	INFO 	pauseDur: 1.5
14.0119 	INFO 	promptDir: Prompts/
14.0119 	INFO 	promptFile: LetterOrderPrompts_5button.txt
14.0119 	INFO 	rememberProb: 0.0
14.0119 	INFO 	respKeys: ['1', '2', '3', '4', '6']
14.0119 	INFO 	screenColor: (128, 128, 128)
14.0120 	INFO 	screenToShow: 0
14.0120 	INFO 	sessionDur: 656.0
14.0120 	INFO 	skipPrompts: False
14.0120 	INFO 	stringDur: 2.5
14.0120 	INFO 	tCoolDown: 8.0
14.0120 	INFO 	tStartup: 8.0
14.0120 	INFO 	testDur: 2.0
14.0120 	INFO 	triggerKey: 5
14.0120 	INFO 	---END PARAMETERS---
14.1073 	WARNING 	Movie2 stim could not be imported and won't be available
15.4891 	INFO 	Loaded monitor calibration from ['2015_12_02 12:18']
15.9729 	EXP 	Created win = Window(allowGUI=False, allowStencil=False, autoLog=True, bitsMode=UNKNOWN, blendMode='avg', color=array([ 128.,  128.,  128.]), colorSpace='rgb255', fullscr=UNKNOWN, gamma=None, lms=UNKNOWN, monitor=<psychopy.monitors.calibTools.Monitor instance at 0xf4d3e68>, name='win', pos=[0, 0], screen=0, size=array([1280,  800]), stereo=False, units='deg', useFBO=False, viewOri=0.0, viewPos=None, viewScale=None, waitBlanking=True, winType='pyglet')
15.9740 	EXP 	Created fixCross = ShapeStim(autoDraw=False, autoLog=True, closeShape=False, contrast=1.0, depth=0, fillColor=None, fillColorSpace='rgb', fillRGB=None, interpolate=True, lineColor='#000000', lineColorSpace='hex', lineRGB=array([0, 0, 0]), lineWidth=3.0, name='fixCross', opacity=1.0, ori=array(0.0), pos=array([ 0.,  0.]), size=array([ 1.,  1.]), units='pix', vertices=ndarray(...), win=Window(...))
16.0254 	EXP 	Created topMsg = TextStim(alignHoriz='center', alignVert='center', antialias=True, autoLog=True, bold=False, color='#000000', colorSpace='hex', contrast=1.0, depth=0, flipHoriz=False, flipVert=False, font='', fontFiles=[], height=0.1, italic=False, name='topMsg', opacity=1.0, ori=0.0, pos=array([ 0. ,  0.5]), rgb=array([0, 0, 0]), text=u'aaa', units='norm', win=Window(...), wrapWidth=1.5)
16.0297 	EXP 	Created bottomMsg = TextStim(alignHoriz='center', alignVert='center', antialias=True, autoLog=True, bold=False, color='#000000', colorSpace='hex', contrast=1.0, depth=0, flipHoriz=False, flipVert=False, font='', fontFiles=[], height=0.1, italic=False, name='bottomMsg', opacity=1.0, ori=0.0, pos=array([ 0. , -0.5]), rgb=array([0, 0, 0]), text=u'bbb', units='norm', win=Window(...), wrapWidth=1.5)
16.0326 	EXP 	Created mainText = TextStim(alignHoriz='center', alignVert='center', antialias=True, autoLog=True, bold=False, color='#000000', colorSpace='hex', contrast=1.0, depth=0, flipHoriz=False, flipVert=False, font='', fontFiles=[], height=0.1, italic=False, name='mainText', opacity=1.0, ori=0.0, pos=array([ 0.,  0.]), rgb=array([0, 0, 0]), text=u'bbb', units='norm', win=Window(...), wrapWidth=3.5)
16.0869 	EXP 	topMsg: text = 'You will see a cross and letters on the screen. Please look directly at the center of the screen (the spot where the cross appears) throughout the experiment.'
16.0869 	EXP 	bottomMsg: text = 'Press any button to continue.'
16.0869 	EXP 	Display Instructions1
23.8935 	DATA 	Keypress: space
23.9709 	EXP 	topMsg: text = "You will see a string of letters, then instructions indicating what you should do with them. If the instructions say 'REMEMBER', remember them in the order you saw them. If they say 'ALPHABETIZE', alphabetize the letters and and remember them in that order. "
23.9709 	EXP 	bottomMsg: text = 'Press any button to continue.'
23.9709 	EXP 	Display Instructions2
38.3181 	DATA 	Keypress: space
38.3713 	EXP 	topMsg: text = "After a delay period, you will see a letter and question mark (like 'F?'). Press the button corresponding to the position of that letter in the sequence you were remembering. Respond as quickly and accurately as you can. If you're not sure, take your best guess."
38.3713 	EXP 	bottomMsg: text = 'Press any button to continue.'
38.3713 	EXP 	Display Instructions3
57.4743 	DATA 	Keypress: space
57.5111 	EXP 	topMsg: text = "On some trials, you will see a * instead of a letter (like '*?'). This means no response is needed for this trial and you can forget the sequence of letters."
57.5111 	EXP 	bottomMsg: text = 'Press any button to continue.'
57.5111 	EXP 	Display Instructions4
70.4055 	DATA 	Keypress: space
70.4382 	EXP 	topMsg: text = 'If you have any questions, please ask the experimenter now.'
70.4382 	EXP 	bottomMsg: text = 'WHEN YOU ARE READY TO BEGIN, press any button.'
70.4382 	EXP 	Display Instructions5
74.2306 	DATA 	Keypress: space
74.2550 	EXP 	topMsg: text = 'Waiting for scanner to start...'
74.2550 	EXP 	bottomMsg: text = "(Press '5' to override.)"
74.2550 	EXP 	Display WaitingForScanner
77.7408 	DATA 	Keypress: t
79.2556 	DATA 	Keypress: 5
79.2722 	EXP 	Display fixation
79.2722 	EXP 	---START EXPERIMENT---
79.2724 	EXP 	trial: iTrial = 1, isRemember = 0, delayDur = 9.0, ISI = 16.0, startString = RKXNM, testLetter = N, testLoc = 3, isCatchTrial = 0
87.2642 	EXP 	mainText: text = 'RKXNM'
87.2642 	EXP 	Display string (RKXNM)
89.7640 	EXP 	Display fixation (pause)
91.2651 	EXP 	mainText: text = 'ALPHABETIZE'
91.2651 	EXP 	Display cue (ALPHABETIZE)
92.2653 	EXP 	Display fixation (delay)
101.2660 	EXP 	mainText: text = 'N?'
101.2660 	EXP 	Display test stim (N?)
103.2664 	EXP 	Display fixation (ISI)
118.2559 	EXP 	trial: iTrial = 2, isRemember = 0, delayDur = 9.0, ISI = 16.0, startString = ZLKST, testLetter = K, testLoc = 1, isCatchTrial = 0
119.2685 	EXP 	mainText: text = 'ZLKST'
119.2685 	EXP 	Display string (ZLKST)
121.7687 	EXP 	Display fixation (pause)
123.2693 	EXP 	mainText: text = 'ALPHABETIZE'
123.2693 	EXP 	Display cue (ALPHABETIZE)
124.2688 	EXP 	Display fixation (delay)
133.2703 	EXP 	mainText: text = 'K?'
133.2703 	EXP 	Display test stim (K?)
135.2700 	EXP 	Display fixation (ISI)
135.9447 	DATA 	Keypress: 2
135.9450 	EXP 	pressed key 2
140.5204 	DATA 	Keypress: q
140.5395 	EXP 	topMsg: text = "That's the end! "
140.5395 	EXP 	bottomMsg: text = "Press 'q' or 'escape' to end the session."
140.5395 	EXP 	Display TheEnd
142.1552 	DATA 	Keypress: 5
142.7103 	DATA 	Keypress: t
143.7756 	DATA 	Keypress: q
