55.2004 	INFO 	---START PARAMETERS---
55.2005 	INFO 	filename: LetterOrderTask_d5-sub1-sess19-May_11_1608
55.2005 	INFO 	subject: 1
55.2005 	INFO 	session: 19
55.2005 	INFO 	date: May_11_1608
55.2005 	INFO 	catchProb: 0.0
55.2005 	INFO 	cueDur: 1.0
55.2005 	INFO 	cues: ['REMEMBER', 'ALPHABETIZE']
55.2005 	INFO 	fixCrossPos: [0, 0]
55.2005 	INFO 	fixCrossSize: 50
55.2005 	INFO 	fullScreen: True
55.2005 	INFO 	letters: ABCDEFGHIJKLMNOPQRSTUVWXYZ
55.2005 	INFO 	maxDelayDur: 9.0
55.2005 	INFO 	maxISI: 5.0
55.2005 	INFO 	minDelayDur: 9.0
55.2005 	INFO 	minISI: 5.0
55.2005 	INFO 	nLetters: 5
55.2006 	INFO 	pauseDur: 1.5
55.2006 	INFO 	promptDir: Prompts/
55.2006 	INFO 	promptFile: LetterOrderPrompts_5button.txt
55.2006 	INFO 	rememberProb: 0.0
55.2006 	INFO 	respKeys: ['1', '2', '3', '4', '6']
55.2006 	INFO 	screenColor: (128, 128, 128)
55.2006 	INFO 	screenToShow: 0
55.2006 	INFO 	sessionDur: 360.0
55.2006 	INFO 	skipPrompts: True
55.2006 	INFO 	stringDur: 2.5
55.2006 	INFO 	tCoolDown: 9.0
55.2006 	INFO 	tStartup: 6.0
55.2006 	INFO 	testDur: 1.0
55.2006 	INFO 	triggerKey: 5
55.2006 	INFO 	---END PARAMETERS---
55.2476 	WARNING 	Movie2 stim could not be imported and won't be available
55.7036 	INFO 	Loaded monitor calibration from ['2015_12_02 12:18']
56.1314 	EXP 	Created win = Window(allowGUI=False, allowStencil=False, autoLog=True, bitsMode=UNKNOWN, blendMode='avg', color=array([ 128.,  128.,  128.]), colorSpace='rgb255', fullscr=UNKNOWN, gamma=None, lms=UNKNOWN, monitor=<psychopy.monitors.calibTools.Monitor instance at 0xf4d46c0>, name='win', pos=[0, 0], screen=0, size=array([800, 600]), stereo=False, units='deg', useFBO=False, viewOri=0.0, viewPos=None, viewScale=None, waitBlanking=True, winType='pyglet')
56.1333 	EXP 	Created fixCross = ShapeStim(autoDraw=False, autoLog=True, closeShape=False, contrast=1.0, depth=0, fillColor=None, fillColorSpace='rgb', fillRGB=None, interpolate=True, lineColor='#000000', lineColorSpace='hex', lineRGB=array([0, 0, 0]), lineWidth=3.0, name='fixCross', opacity=1.0, ori=array(0.0), pos=array([ 0.,  0.]), size=array([ 1.,  1.]), units='pix', vertices=ndarray(...), win=Window(...))
56.1728 	EXP 	Created topMsg = TextStim(alignHoriz='center', alignVert='center', antialias=True, autoLog=True, bold=False, color='#000000', colorSpace='hex', contrast=1.0, depth=0, flipHoriz=False, flipVert=False, font='', fontFiles=[], height=0.1, italic=False, name='topMsg', opacity=1.0, ori=0.0, pos=array([ 0. ,  0.5]), rgb=array([0, 0, 0]), text=u'aaa', units='norm', win=Window(...), wrapWidth=1.5)
56.1762 	EXP 	Created bottomMsg = TextStim(alignHoriz='center', alignVert='center', antialias=True, autoLog=True, bold=False, color='#000000', colorSpace='hex', contrast=1.0, depth=0, flipHoriz=False, flipVert=False, font='', fontFiles=[], height=0.1, italic=False, name='bottomMsg', opacity=1.0, ori=0.0, pos=array([ 0. , -0.5]), rgb=array([0, 0, 0]), text=u'bbb', units='norm', win=Window(...), wrapWidth=1.5)
56.1789 	EXP 	Created mainText = TextStim(alignHoriz='center', alignVert='center', antialias=True, autoLog=True, bold=False, color='#000000', colorSpace='hex', contrast=1.0, depth=0, flipHoriz=False, flipVert=False, font='', fontFiles=[], height=0.1, italic=False, name='mainText', opacity=1.0, ori=0.0, pos=array([ 0.,  0.]), rgb=array([0, 0, 0]), text=u'bbb', units='norm', win=Window(...), wrapWidth=3.5)
56.2120 	EXP 	topMsg: text = 'Waiting for scanner to start...'
56.2120 	EXP 	bottomMsg: text = "(Press '5' to override.)"
56.2120 	EXP 	Display WaitingForScanner
57.4318 	DATA 	Keypress: 5
57.4359 	EXP 	Display fixation
57.4359 	EXP 	---START EXPERIMENT---
57.4362 	EXP 	trial: iTrial = 1, isRemember = 0, delayDur = 9.0, ISI = 5.0, startString = SIUHD, testLetter = D, testLoc = 1, isCatchTrial = 0
57.5690 	DATA 	Keypress: 5
57.7207 	DATA 	Keypress: 5
57.8487 	DATA 	Keypress: 5
57.9848 	DATA 	Keypress: 5
58.2891 	DATA 	Keypress: 5
63.4368 	EXP 	mainText: text = 'SIUHD'
63.4368 	EXP 	Display string (SIUHD)
65.9367 	EXP 	Display fixation (pause)
67.4369 	EXP 	mainText: text = 'ALPHABETIZE'
67.4369 	EXP 	Display cue (ALPHABETIZE)
68.4368 	EXP 	Display fixation (delay)
77.4380 	EXP 	mainText: text = 'D?'
77.4380 	EXP 	Display test stim (D?)
78.4382 	EXP 	Display fixation (ISI)
82.4325 	EXP 	trial: iTrial = 2, isRemember = 0, delayDur = 9.0, ISI = 5.0, startString = VWELF, testLetter = V, testLoc = 4, isCatchTrial = 0
83.4379 	EXP 	mainText: text = 'VWELF'
83.4379 	EXP 	Display string (VWELF)
85.9368 	EXP 	Display fixation (pause)
87.4387 	EXP 	mainText: text = 'ALPHABETIZE'
87.4387 	EXP 	Display cue (ALPHABETIZE)
88.4389 	EXP 	Display fixation (delay)
97.4405 	EXP 	mainText: text = 'V?'
97.4405 	EXP 	Display test stim (V?)
98.4354 	EXP 	Display fixation (ISI)
102.4325 	EXP 	trial: iTrial = 3, isRemember = 0, delayDur = 9.0, ISI = 5.0, startString = POKDC, testLetter = K, testLoc = 3, isCatchTrial = 0
103.4401 	EXP 	mainText: text = 'POKDC'
103.4401 	EXP 	Display string (POKDC)
105.9402 	EXP 	Display fixation (pause)
107.4379 	EXP 	mainText: text = 'ALPHABETIZE'
107.4379 	EXP 	Display cue (ALPHABETIZE)
108.4415 	EXP 	Display fixation (delay)
117.4418 	EXP 	mainText: text = 'K?'
117.4418 	EXP 	Display test stim (K?)
118.4421 	EXP 	Display fixation (ISI)
122.4325 	EXP 	trial: iTrial = 4, isRemember = 0, delayDur = 9.0, ISI = 5.0, startString = XKJPB, testLetter = K, testLoc = 3, isCatchTrial = 0
123.4358 	EXP 	mainText: text = 'XKJPB'
123.4358 	EXP 	Display string (XKJPB)
125.9393 	EXP 	Display fixation (pause)
127.4437 	EXP 	mainText: text = 'ALPHABETIZE'
127.4437 	EXP 	Display cue (ALPHABETIZE)
128.4421 	EXP 	Display fixation (delay)
137.4437 	EXP 	mainText: text = 'K?'
137.4437 	EXP 	Display test stim (K?)
138.4387 	EXP 	Display fixation (ISI)
142.4327 	EXP 	trial: iTrial = 5, isRemember = 0, delayDur = 9.0, ISI = 5.0, startString = CWEJK, testLetter = E, testLoc = 2, isCatchTrial = 0
143.4438 	EXP 	mainText: text = 'CWEJK'
143.4438 	EXP 	Display string (CWEJK)
145.9440 	EXP 	Display fixation (pause)
147.4415 	EXP 	mainText: text = 'ALPHABETIZE'
147.4415 	EXP 	Display cue (ALPHABETIZE)
148.4354 	EXP 	Display fixation (delay)
157.4377 	EXP 	mainText: text = 'E?'
157.4377 	EXP 	Display test stim (E?)
158.4455 	EXP 	Display fixation (ISI)
159.7260 	DATA 	Keypress: escape
159.7747 	EXP 	topMsg: text = "That's the end! Please continue to HOLD AS STILL AS POSSIBLE until the scanner turns off (and even then, try to minimize any head motion between scans). Thank you!"
159.7747 	EXP 	bottomMsg: text = "Press 'q' or 'escape' to end the session."
159.7747 	EXP 	Display TheEnd
167.0778 	DATA 	Keypress: q
