4.8069 	INFO 	---START PARAMETERS---
4.8069 	INFO 	filename: LetterOrderTask_d5_LOC-sub1-sess14-Dec_14_1110
4.8070 	INFO 	subject: 1
4.8070 	INFO 	session: 14
4.8070 	INFO 	date: Dec_14_1110
4.8070 	INFO 	catchProb: 0.0
4.8070 	INFO 	cueDur: 1.0
4.8070 	INFO 	cues: ['REMEMBER', 'ALPHABETIZE']
4.8070 	INFO 	fixCrossPos: [0, 0]
4.8070 	INFO 	fixCrossSize: 50
4.8070 	INFO 	fullScreen: True
4.8071 	INFO 	letters: ABCDEFGHIJKLMNOPQRSTUVWXYZ
4.8071 	INFO 	maxDelayDur: 9.0
4.8071 	INFO 	maxISI: 16.0
4.8071 	INFO 	minDelayDur: 9.0
4.8071 	INFO 	minISI: 16.0
4.8071 	INFO 	nLetters: 5
4.8071 	INFO 	pauseDur: 1.5
4.8071 	INFO 	promptDir: Prompts/
4.8071 	INFO 	promptFile: LetterOrderPrompts_5button.txt
4.8071 	INFO 	rememberProb: 0.0
4.8071 	INFO 	respKeys: ['1', '2', '3', '4', '6']
4.8071 	INFO 	screenColor: (128, 128, 128)
4.8071 	INFO 	screenToShow: 0
4.8071 	INFO 	sessionDur: 656.0
4.8072 	INFO 	skipPrompts: False
4.8072 	INFO 	stringDur: 2.5
4.8072 	INFO 	tCoolDown: 8.0
4.8072 	INFO 	tStartup: 0.0
4.8072 	INFO 	testDur: 2.0
4.8072 	INFO 	triggerKey: 5
4.8072 	INFO 	---END PARAMETERS---
4.9083 	WARNING 	Movie2 stim could not be imported and won't be available
6.0115 	INFO 	Loaded monitor calibration from ['2015_12_02 12:18']
6.4732 	EXP 	Created win = Window(allowGUI=False, allowStencil=False, autoLog=True, bitsMode=UNKNOWN, blendMode='avg', color=array([ 128.,  128.,  128.]), colorSpace='rgb255', fullscr=UNKNOWN, gamma=None, lms=UNKNOWN, monitor=<psychopy.monitors.calibTools.Monitor instance at 0xf3d3d78>, name='win', pos=[0, 0], screen=0, size=array([1440,  900]), stereo=False, units='deg', useFBO=False, viewOri=0.0, viewPos=None, viewScale=None, waitBlanking=True, winType='pyglet')
6.4743 	EXP 	Created fixCross = ShapeStim(autoDraw=False, autoLog=True, closeShape=False, contrast=1.0, depth=0, fillColor=None, fillColorSpace='rgb', fillRGB=None, interpolate=True, lineColor='#000000', lineColorSpace='hex', lineRGB=array([0, 0, 0]), lineWidth=3.0, name='fixCross', opacity=1.0, ori=array(0.0), pos=array([ 0.,  0.]), size=array([ 1.,  1.]), units='pix', vertices=ndarray(...), win=Window(...))
6.5222 	EXP 	Created topMsg = TextStim(alignHoriz='center', alignVert='center', antialias=True, autoLog=True, bold=False, color='#000000', colorSpace='hex', contrast=1.0, depth=0, flipHoriz=False, flipVert=False, font='', fontFiles=[], height=0.1, italic=False, name='topMsg', opacity=1.0, ori=0.0, pos=array([ 0. ,  0.5]), rgb=array([0, 0, 0]), text=u'aaa', units='norm', win=Window(...), wrapWidth=1.5)
6.5254 	EXP 	Created bottomMsg = TextStim(alignHoriz='center', alignVert='center', antialias=True, autoLog=True, bold=False, color='#000000', colorSpace='hex', contrast=1.0, depth=0, flipHoriz=False, flipVert=False, font='', fontFiles=[], height=0.1, italic=False, name='bottomMsg', opacity=1.0, ori=0.0, pos=array([ 0. , -0.5]), rgb=array([0, 0, 0]), text=u'bbb', units='norm', win=Window(...), wrapWidth=1.5)
6.5279 	EXP 	Created mainText = TextStim(alignHoriz='center', alignVert='center', antialias=True, autoLog=True, bold=False, color='#000000', colorSpace='hex', contrast=1.0, depth=0, flipHoriz=False, flipVert=False, font='', fontFiles=[], height=0.1, italic=False, name='mainText', opacity=1.0, ori=0.0, pos=array([ 0.,  0.]), rgb=array([0, 0, 0]), text=u'bbb', units='norm', win=Window(...), wrapWidth=3.5)
6.5859 	EXP 	topMsg: text = 'You will see a cross and letters on the screen. Please look directly at the center of the screen (the spot where the cross appears) throughout the experiment.'
6.5859 	EXP 	bottomMsg: text = 'Press any button to continue.'
6.5859 	EXP 	Display Instructions1
8.4387 	DATA 	Keypress: 5
8.5033 	EXP 	topMsg: text = "You will see a string of letters, then instructions indicating what you should do with them. If the instructions say 'REMEMBER', remember them in the order you saw them. If they say 'ALPHABETIZE', alphabetize the letters and and remember them in that order. "
8.5033 	EXP 	bottomMsg: text = 'Press any button to continue.'
8.5033 	EXP 	Display Instructions2
8.5760 	DATA 	Keypress: 5
8.6199 	EXP 	topMsg: text = "After a delay period, you will see a letter and question mark (like 'F?'). Press the button corresponding to the position of that letter in the sequence you were remembering. Respond as quickly and accurately as you can. If you're not sure, take your best guess."
8.6199 	EXP 	bottomMsg: text = 'Press any button to continue.'
8.6199 	EXP 	Display Instructions3
8.9439 	DATA 	Keypress: 5
8.9859 	EXP 	topMsg: text = "On some trials, you will see a * instead of a letter (like '*?'). This means no response is needed for this trial and you can forget the sequence of letters."
8.9859 	EXP 	bottomMsg: text = 'Press any button to continue.'
8.9859 	EXP 	Display Instructions4
9.2879 	DATA 	Keypress: 5
9.3201 	EXP 	topMsg: text = 'If you have any questions, please ask the experimenter now.'
9.3201 	EXP 	bottomMsg: text = 'WHEN YOU ARE READY TO BEGIN, press any button.'
9.3201 	EXP 	Display Instructions5
9.8663 	DATA 	Keypress: 5
9.8873 	EXP 	topMsg: text = 'Waiting for scanner to start...'
9.8873 	EXP 	bottomMsg: text = "(Press '5' to override.)"
9.8873 	EXP 	Display WaitingForScanner
10.2719 	DATA 	Keypress: 5
10.2869 	EXP 	Display fixation
10.2870 	EXP 	---START EXPERIMENT---
10.2872 	EXP 	trial: iTrial = 1, isRemember = 0, delayDur = 9.0, ISI = 16.0, startString = VQMWT, testLetter = W, testLoc = 5, isCatchTrial = 0
10.3035 	EXP 	mainText: text = 'VQMWT'
10.3035 	EXP 	Display string (VQMWT)
11.6720 	DATA 	Keypress: lcommand
11.7175 	DATA 	Keypress: lshift
12.7861 	EXP 	Display fixation (pause)
14.2867 	EXP 	mainText: text = 'ALPHABETIZE'
14.2867 	EXP 	Display cue (ALPHABETIZE)
15.2872 	EXP 	Display fixation (delay)
24.1763 	DATA 	Mouse: Left button down, pos=(921,337)
24.1813 	DATA 	Mouse: Left button up, pos=(921,337)
24.2878 	EXP 	mainText: text = 'W?'
24.2878 	EXP 	Display test stim (W?)
26.2879 	EXP 	Display fixation (ISI)
27.6395 	DATA 	Keypress: lshift
27.6809 	DATA 	Keypress: lcommand
41.2722 	EXP 	trial: iTrial = 2, isRemember = 0, delayDur = 9.0, ISI = 16.0, startString = WDHVX, testLetter = W, testLoc = 4, isCatchTrial = 0
42.2908 	EXP 	mainText: text = 'WDHVX'
42.2908 	EXP 	Display string (WDHVX)
42.7351 	DATA 	Keypress: lcommand
42.7432 	DATA 	Keypress: lshift
44.7903 	EXP 	Display fixation (pause)
46.2903 	EXP 	mainText: text = 'ALPHABETIZE'
46.2903 	EXP 	Display cue (ALPHABETIZE)
46.9351 	DATA 	Keypress: lcommand
46.9430 	DATA 	Keypress: lshift
47.2895 	EXP 	Display fixation (delay)
56.2911 	EXP 	mainText: text = 'W?'
56.2911 	EXP 	Display test stim (W?)
56.7429 	DATA 	Keypress: lcommand
56.7800 	DATA 	Keypress: lshift
57.9829 	DATA 	Keypress: escape
58.0077 	EXP 	Display fixation (ISI)
58.0077 	EXP 	topMsg: text = "That's the end! "
58.0077 	EXP 	bottomMsg: text = "Press 'q' or 'escape' to end the session."
58.0077 	EXP 	Display TheEnd
59.3801 	DATA 	Keypress: escape
