5.0912 	INFO 	---START PARAMETERS---
5.0912 	INFO 	filename: LetterOrderTask_d5_LOC-sub1-sess10-Dec_13_1622
5.0912 	INFO 	subject: 1
5.0912 	INFO 	session: 10
5.0913 	INFO 	date: Dec_13_1622
5.0913 	INFO 	catchProb: 0.0
5.0913 	INFO 	cueDur: 1.0
5.0913 	INFO 	cues: ['REMEMBER', 'ALPHABETIZE']
5.0913 	INFO 	fixCrossPos: [0, 0]
5.0913 	INFO 	fixCrossSize: 50
5.0913 	INFO 	fullScreen: True
5.0913 	INFO 	letters: ABCDEFGHIJKLMNOPQRSTUVWXYZ
5.0913 	INFO 	maxDelayDur: 9.0
5.0913 	INFO 	maxISI: 16.0
5.0913 	INFO 	minDelayDur: 9.0
5.0913 	INFO 	minISI: 16.0
5.0913 	INFO 	nLetters: 5
5.0913 	INFO 	pauseDur: 1.5
5.0913 	INFO 	promptDir: Prompts/
5.0913 	INFO 	promptFile: LetterOrderPrompts_5button.txt
5.0913 	INFO 	rememberProb: 0.0
5.0913 	INFO 	respKeys: ['1', '2', '3', '4', '6']
5.0913 	INFO 	screenColor: (128, 128, 128)
5.0913 	INFO 	screenToShow: 0
5.0914 	INFO 	sessionDur: 656.0
5.0914 	INFO 	skipPrompts: False
5.0914 	INFO 	stringDur: 2.5
5.0914 	INFO 	tCoolDown: 8.0
5.0914 	INFO 	tStartup: 8.0
5.0914 	INFO 	testDur: 2.0
5.0914 	INFO 	triggerKey: 5
5.0914 	INFO 	---END PARAMETERS---
5.1517 	WARNING 	Movie2 stim could not be imported and won't be available
5.9616 	INFO 	Loaded monitor calibration from ['2015_12_02 12:18']
6.3962 	EXP 	Created win = Window(allowGUI=False, allowStencil=False, autoLog=True, bitsMode=UNKNOWN, blendMode='avg', color=array([ 128.,  128.,  128.]), colorSpace='rgb255', fullscr=UNKNOWN, gamma=None, lms=UNKNOWN, monitor=<psychopy.monitors.calibTools.Monitor instance at 0x103d3d78>, name='win', pos=[0, 0], screen=0, size=array([1280,  800]), stereo=False, units='deg', useFBO=False, viewOri=0.0, viewPos=None, viewScale=None, waitBlanking=True, winType='pyglet')
6.3972 	EXP 	Created fixCross = ShapeStim(autoDraw=False, autoLog=True, closeShape=False, contrast=1.0, depth=0, fillColor=None, fillColorSpace='rgb', fillRGB=None, interpolate=True, lineColor='#000000', lineColorSpace='hex', lineRGB=array([0, 0, 0]), lineWidth=3.0, name='fixCross', opacity=1.0, ori=array(0.0), pos=array([ 0.,  0.]), size=array([ 1.,  1.]), units='pix', vertices=ndarray(...), win=Window(...))
6.4525 	EXP 	Created topMsg = TextStim(alignHoriz='center', alignVert='center', antialias=True, autoLog=True, bold=False, color='#000000', colorSpace='hex', contrast=1.0, depth=0, flipHoriz=False, flipVert=False, font='', fontFiles=[], height=0.1, italic=False, name='topMsg', opacity=1.0, ori=0.0, pos=array([ 0. ,  0.5]), rgb=array([0, 0, 0]), text=u'aaa', units='norm', win=Window(...), wrapWidth=1.5)
6.4557 	EXP 	Created bottomMsg = TextStim(alignHoriz='center', alignVert='center', antialias=True, autoLog=True, bold=False, color='#000000', colorSpace='hex', contrast=1.0, depth=0, flipHoriz=False, flipVert=False, font='', fontFiles=[], height=0.1, italic=False, name='bottomMsg', opacity=1.0, ori=0.0, pos=array([ 0. , -0.5]), rgb=array([0, 0, 0]), text=u'bbb', units='norm', win=Window(...), wrapWidth=1.5)
6.4580 	EXP 	Created mainText = TextStim(alignHoriz='center', alignVert='center', antialias=True, autoLog=True, bold=False, color='#000000', colorSpace='hex', contrast=1.0, depth=0, flipHoriz=False, flipVert=False, font='', fontFiles=[], height=0.1, italic=False, name='mainText', opacity=1.0, ori=0.0, pos=array([ 0.,  0.]), rgb=array([0, 0, 0]), text=u'bbb', units='norm', win=Window(...), wrapWidth=3.5)
6.5026 	EXP 	topMsg: text = 'You will see a cross and letters on the screen. Please look directly at the center of the screen (the spot where the cross appears) throughout the experiment.'
6.5026 	EXP 	bottomMsg: text = 'Press any button to continue.'
6.5026 	EXP 	Display Instructions1
7.6522 	DATA 	Keypress: 5
7.7122 	EXP 	topMsg: text = "You will see a string of letters, then instructions indicating what you should do with them. If the instructions say 'REMEMBER', remember them in the order you saw them. If they say 'ALPHABETIZE', alphabetize the letters and and remember them in that order. "
7.7122 	EXP 	bottomMsg: text = 'Press any button to continue.'
7.7122 	EXP 	Display Instructions2
7.8105 	DATA 	Keypress: 5
7.8623 	EXP 	topMsg: text = "After a delay period, you will see a letter and question mark (like 'F?'). Press the button corresponding to the position of that letter in the sequence you were remembering. Respond as quickly and accurately as you can. If you're not sure, take your best guess."
7.8623 	EXP 	bottomMsg: text = 'Press any button to continue.'
7.8623 	EXP 	Display Instructions3
7.9522 	DATA 	Keypress: 5
7.9864 	EXP 	topMsg: text = "On some trials, you will see a * instead of a letter (like '*?'). This means no response is needed for this trial and you can forget the sequence of letters."
7.9864 	EXP 	bottomMsg: text = 'Press any button to continue.'
7.9864 	EXP 	Display Instructions4
8.1022 	DATA 	Keypress: 5
8.1296 	EXP 	topMsg: text = 'If you have any questions, please ask the experimenter now.'
8.1296 	EXP 	bottomMsg: text = 'WHEN YOU ARE READY TO BEGIN, press any button.'
8.1296 	EXP 	Display Instructions5
8.7022 	DATA 	Keypress: 5
8.7197 	EXP 	topMsg: text = 'Waiting for scanner to start...'
8.7197 	EXP 	bottomMsg: text = "(Press '5' to override.)"
8.7197 	EXP 	Display WaitingForScanner
9.1021 	DATA 	Keypress: 5
9.1120 	EXP 	Display fixation
9.1121 	EXP 	---START EXPERIMENT---
9.1122 	EXP 	trial: iTrial = 1, isRemember = 0, delayDur = 9.0, ISI = 16.0, startString = RNWYG, testLetter = R, testLoc = 3, isCatchTrial = 0
11.3021 	DATA 	Keypress: q
11.3201 	EXP 	mainText: text = 'RNWYG'
11.3201 	EXP 	Display string (RNWYG)
11.3201 	EXP 	topMsg: text = "That's the end! "
11.3201 	EXP 	bottomMsg: text = "Press 'q' or 'escape' to end the session."
11.3201 	EXP 	Display TheEnd
11.7593 	DATA 	Keypress: t
12.4570 	DATA 	Keypress: q
