11.1676 	INFO 	---START PARAMETERS---
11.1677 	INFO 	filename: LetterOrderTask_d5_LOC-sub1-sess7-Dec_10_1818
11.1677 	INFO 	subject: 1
11.1677 	INFO 	session: 7
11.1677 	INFO 	date: Dec_10_1818
11.1677 	INFO 	catchProb: 0.0
11.1677 	INFO 	cueDur: 1.0
11.1677 	INFO 	cues: ['REMEMBER', 'ALPHABETIZE']
11.1677 	INFO 	fixCrossPos: [0, 0]
11.1677 	INFO 	fixCrossSize: 50
11.1677 	INFO 	fullScreen: True
11.1677 	INFO 	letters: ABCDEFGHIJKLMNOPQRSTUVWXYZ
11.1677 	INFO 	maxDelayDur: 9.0
11.1677 	INFO 	maxISI: 16.0
11.1677 	INFO 	minDelayDur: 9.0
11.1677 	INFO 	minISI: 16.0
11.1677 	INFO 	nLetters: 5
11.1677 	INFO 	pauseDur: 1.5
11.1677 	INFO 	promptDir: Prompts/
11.1677 	INFO 	promptFile: LetterOrderPrompts_5button.txt
11.1677 	INFO 	rememberProb: 0.0
11.1677 	INFO 	respKeys: ['1', '2', '3', '4', '6']
11.1678 	INFO 	screenColor: (128, 128, 128)
11.1678 	INFO 	screenToShow: 0
11.1678 	INFO 	sessionDur: 656.0
11.1678 	INFO 	skipPrompts: False
11.1678 	INFO 	stringDur: 2.5
11.1678 	INFO 	tCoolDown: 8.0
11.1678 	INFO 	tStartup: 8.0
11.1678 	INFO 	testDur: 2.0
11.1678 	INFO 	triggerKey: 5
11.1678 	INFO 	---END PARAMETERS---
11.2605 	WARNING 	Movie2 stim could not be imported and won't be available
12.4238 	INFO 	Loaded monitor calibration from ['2015_12_02 12:18']
12.9041 	EXP 	Created win = Window(allowGUI=False, allowStencil=False, autoLog=True, bitsMode=UNKNOWN, blendMode='avg', color=array([ 128.,  128.,  128.]), colorSpace='rgb255', fullscr=UNKNOWN, gamma=None, lms=UNKNOWN, monitor=<psychopy.monitors.calibTools.Monitor instance at 0xfd13d78>, name='win', pos=[0, 0], screen=0, size=array([1440,  900]), stereo=False, units='deg', useFBO=False, viewOri=0.0, viewPos=None, viewScale=None, waitBlanking=True, winType='pyglet')
12.9062 	EXP 	Created fixCross = ShapeStim(autoDraw=False, autoLog=True, closeShape=False, contrast=1.0, depth=0, fillColor=None, fillColorSpace='rgb', fillRGB=None, interpolate=True, lineColor='#000000', lineColorSpace='hex', lineRGB=array([0, 0, 0]), lineWidth=3.0, name='fixCross', opacity=1.0, ori=array(0.0), pos=array([ 0.,  0.]), size=array([ 1.,  1.]), units='pix', vertices=ndarray(...), win=Window(...))
12.9593 	EXP 	Created topMsg = TextStim(alignHoriz='center', alignVert='center', antialias=True, autoLog=True, bold=False, color='#000000', colorSpace='hex', contrast=1.0, depth=0, flipHoriz=False, flipVert=False, font='', fontFiles=[], height=0.1, italic=False, name='topMsg', opacity=1.0, ori=0.0, pos=array([ 0. ,  0.5]), rgb=array([0, 0, 0]), text=u'aaa', units='norm', win=Window(...), wrapWidth=1.5)
12.9626 	EXP 	Created bottomMsg = TextStim(alignHoriz='center', alignVert='center', antialias=True, autoLog=True, bold=False, color='#000000', colorSpace='hex', contrast=1.0, depth=0, flipHoriz=False, flipVert=False, font='', fontFiles=[], height=0.1, italic=False, name='bottomMsg', opacity=1.0, ori=0.0, pos=array([ 0. , -0.5]), rgb=array([0, 0, 0]), text=u'bbb', units='norm', win=Window(...), wrapWidth=1.5)
12.9650 	EXP 	Created mainText = TextStim(alignHoriz='center', alignVert='center', antialias=True, autoLog=True, bold=False, color='#000000', colorSpace='hex', contrast=1.0, depth=0, flipHoriz=False, flipVert=False, font='', fontFiles=[], height=0.1, italic=False, name='mainText', opacity=1.0, ori=0.0, pos=array([ 0.,  0.]), rgb=array([0, 0, 0]), text=u'bbb', units='norm', win=Window(...), wrapWidth=3.5)
13.0159 	EXP 	topMsg: text = 'You will see a cross and letters on the screen. Please look directly at the center of the screen (the spot where the cross appears) throughout the experiment.'
13.0159 	EXP 	bottomMsg: text = 'Press any button to continue.'
13.0159 	EXP 	Display Instructions1
14.5452 	DATA 	Keypress: t
14.6163 	EXP 	topMsg: text = "You will see a string of letters, then instructions indicating what you should do with them. If the instructions say 'REMEMBER', remember them in the order you saw them. If they say 'ALPHABETIZE', alphabetize the letters and and remember them in that order. "
14.6163 	EXP 	bottomMsg: text = 'Press any button to continue.'
14.6163 	EXP 	Display Instructions2
16.1851 	DATA 	Keypress: t
16.2342 	EXP 	topMsg: text = "After a delay period, you will see a letter and question mark (like 'F?'). Press the button corresponding to the position of that letter in the sequence you were remembering. Respond as quickly and accurately as you can. If you're not sure, take your best guess."
16.2342 	EXP 	bottomMsg: text = 'Press any button to continue.'
16.2342 	EXP 	Display Instructions3
16.7771 	DATA 	Keypress: t
16.8160 	EXP 	topMsg: text = "On some trials, you will see a * instead of a letter (like '*?'). This means no response is needed for this trial and you can forget the sequence of letters."
16.8160 	EXP 	bottomMsg: text = 'Press any button to continue.'
16.8160 	EXP 	Display Instructions4
17.1569 	DATA 	Keypress: t
17.1999 	EXP 	topMsg: text = 'If you have any questions, please ask the experimenter now.'
17.1999 	EXP 	bottomMsg: text = 'WHEN YOU ARE READY TO BEGIN, press any button.'
17.1999 	EXP 	Display Instructions5
17.6891 	DATA 	Keypress: t
17.7170 	EXP 	topMsg: text = 'Waiting for scanner to start...'
17.7170 	EXP 	bottomMsg: text = "(Press '5' to override.)"
17.7170 	EXP 	Display WaitingForScanner
35.1241 	DATA 	Keypress: 5
35.1350 	EXP 	Display fixation
35.1352 	EXP 	---START EXPERIMENT---
35.1357 	EXP 	trial: iTrial = 1, isRemember = 0, delayDur = 9.0, ISI = 16.0, startString = JROKX, testLetter = J, testLoc = 1, isCatchTrial = 0
43.1360 	EXP 	mainText: text = 'JROKX'
43.1360 	EXP 	Display string (JROKX)
45.6358 	EXP 	Display fixation (pause)
47.1360 	EXP 	mainText: text = 'ALPHABETIZE'
47.1360 	EXP 	Display cue (ALPHABETIZE)
48.1363 	EXP 	Display fixation (delay)
57.1372 	EXP 	mainText: text = 'J?'
57.1372 	EXP 	Display test stim (J?)
59.1374 	EXP 	Display fixation (ISI)
67.4233 	DATA 	Keypress: q
67.4542 	EXP 	topMsg: text = "That's the end! "
67.4542 	EXP 	bottomMsg: text = "Press 'q' or 'escape' to end the session."
67.4542 	EXP 	Display TheEnd
68.3758 	DATA 	Keypress: t
69.1232 	DATA 	Keypress: q
