2.5435 	INFO 	---START PARAMETERS---
2.5435 	INFO 	filename: LetterOrderTask_d5-sub1-sess8-Mar_19_1733
2.5435 	INFO 	subject: 1
2.5435 	INFO 	session: 8
2.5435 	INFO 	date: Mar_19_1733
2.5436 	INFO 	catchProb: 0.0
2.5436 	INFO 	cueDur: 1.0
2.5436 	INFO 	cues: ['REMEMBER', 'ALPHABETIZE']
2.5436 	INFO 	fixCrossPos: [0, 0]
2.5436 	INFO 	fixCrossSize: 50
2.5436 	INFO 	fullScreen: True
2.5436 	INFO 	letters: ABCDEFGHIJKLMNOPQRSTUVWXYZ
2.5436 	INFO 	maxDelayDur: 9.0
2.5436 	INFO 	maxISI: 16.0
2.5436 	INFO 	minDelayDur: 9.0
2.5436 	INFO 	minISI: 16.0
2.5436 	INFO 	nLetters: 5
2.5436 	INFO 	pauseDur: 1.5
2.5436 	INFO 	promptDir: Prompts/
2.5436 	INFO 	promptFile: LetterOrderPrompts_5button.txt
2.5436 	INFO 	rememberProb: 0.0
2.5436 	INFO 	respKeys: ['1', '2', '3', '4', '6']
2.5436 	INFO 	screenColor: (128, 128, 128)
2.5436 	INFO 	screenToShow: 0
2.5436 	INFO 	sessionDur: 656.0
2.5436 	INFO 	skipPrompts: False
2.5436 	INFO 	stringDur: 2.5
2.5436 	INFO 	tCoolDown: 8.0
2.5436 	INFO 	tStartup: 8.0
2.5436 	INFO 	testDur: 2.0
2.5437 	INFO 	triggerKey: 5
2.5437 	INFO 	---END PARAMETERS---
2.5900 	WARNING 	Movie2 stim could not be imported and won't be available
3.0624 	INFO 	Loaded monitor calibration from ['2015_12_02 12:18']
3.5114 	EXP 	Created win = Window(allowGUI=False, allowStencil=False, autoLog=True, bitsMode=UNKNOWN, blendMode='avg', color=array([ 128.,  128.,  128.]), colorSpace='rgb255', fullscr=UNKNOWN, gamma=None, lms=UNKNOWN, monitor=<psychopy.monitors.calibTools.Monitor instance at 0xfc10878>, name='win', pos=[0, 0], screen=0, size=array([800, 600]), stereo=False, units='deg', useFBO=False, viewOri=0.0, viewPos=None, viewScale=None, waitBlanking=True, winType='pyglet')
3.5130 	EXP 	Created fixCross = ShapeStim(autoDraw=False, autoLog=True, closeShape=False, contrast=1.0, depth=0, fillColor=None, fillColorSpace='rgb', fillRGB=None, interpolate=True, lineColor='#000000', lineColorSpace='hex', lineRGB=array([0, 0, 0]), lineWidth=3.0, name='fixCross', opacity=1.0, ori=array(0.0), pos=array([ 0.,  0.]), size=array([ 1.,  1.]), units='pix', vertices=ndarray(...), win=Window(...))
3.5527 	EXP 	Created topMsg = TextStim(alignHoriz='center', alignVert='center', antialias=True, autoLog=True, bold=False, color='#000000', colorSpace='hex', contrast=1.0, depth=0, flipHoriz=False, flipVert=False, font='', fontFiles=[], height=0.1, italic=False, name='topMsg', opacity=1.0, ori=0.0, pos=array([ 0. ,  0.5]), rgb=array([0, 0, 0]), text=u'aaa', units='norm', win=Window(...), wrapWidth=1.5)
3.5560 	EXP 	Created bottomMsg = TextStim(alignHoriz='center', alignVert='center', antialias=True, autoLog=True, bold=False, color='#000000', colorSpace='hex', contrast=1.0, depth=0, flipHoriz=False, flipVert=False, font='', fontFiles=[], height=0.1, italic=False, name='bottomMsg', opacity=1.0, ori=0.0, pos=array([ 0. , -0.5]), rgb=array([0, 0, 0]), text=u'bbb', units='norm', win=Window(...), wrapWidth=1.5)
3.5586 	EXP 	Created mainText = TextStim(alignHoriz='center', alignVert='center', antialias=True, autoLog=True, bold=False, color='#000000', colorSpace='hex', contrast=1.0, depth=0, flipHoriz=False, flipVert=False, font='', fontFiles=[], height=0.1, italic=False, name='mainText', opacity=1.0, ori=0.0, pos=array([ 0.,  0.]), rgb=array([0, 0, 0]), text=u'bbb', units='norm', win=Window(...), wrapWidth=3.5)
3.6077 	EXP 	topMsg: text = 'You will see a cross and letters on the screen. Please look directly at the center of the screen (the spot where the cross appears) throughout the experiment.'
3.6077 	EXP 	bottomMsg: text = 'Press any button to continue.'
3.6077 	EXP 	Display Instructions1
9.9057 	DATA 	Keypress: escape
