4.3862 	INFO 	---START PARAMETERS---
4.3862 	INFO 	filename: LetterOrderTask_d5_GONOGO-sub1-sess4-Dec_01_0824
4.3862 	INFO 	subject: 1
4.3862 	INFO 	session: 4
4.3862 	INFO 	date: Dec_01_0824
4.3862 	INFO 	catchProb: 0.0
4.3862 	INFO 	cueDur: 1.0
4.3862 	INFO 	cues: ['REMEMBER', 'ALPHABETIZE']
4.3862 	INFO 	fixCrossPos: [0, 0]
4.3862 	INFO 	fixCrossSize: 50
4.3862 	INFO 	fullScreen: True
4.3862 	INFO 	letters: ABCDEFGHIJKLMNOPQRSTUVWXYZ
4.3862 	INFO 	maxDelayDur: 9.0
4.3862 	INFO 	maxISI: 16.0
4.3862 	INFO 	minDelayDur: 9.0
4.3863 	INFO 	minISI: 16.0
4.3863 	INFO 	nLetters: 5
4.3863 	INFO 	pauseDur: 1.5
4.3863 	INFO 	promptDir: Prompts/
4.3863 	INFO 	promptFile: LetterOrderPrompts_5button.txt
4.3863 	INFO 	rememberProb: 0.0
4.3863 	INFO 	respKeys: ['1', '2', '3', '4', '6']
4.3863 	INFO 	screenColor: (128, 128, 128)
4.3863 	INFO 	screenToShow: 0
4.3863 	INFO 	sessionDur: 656.0
4.3863 	INFO 	skipPrompts: False
4.3863 	INFO 	stringDur: 2.5
4.3863 	INFO 	tCoolDown: 8.0
4.3863 	INFO 	tStartup: 8.0
4.3863 	INFO 	testDur: 2.0
4.3863 	INFO 	triggerKey: 5
4.3863 	INFO 	---END PARAMETERS---
4.4437 	WARNING 	Movie2 stim could not be imported and won't be available
5.0031 	INFO 	Loaded monitor calibration from ['2015_12_02 12:18']
5.4640 	EXP 	Created win = Window(allowGUI=False, allowStencil=False, autoLog=True, bitsMode=UNKNOWN, blendMode='avg', color=array([ 128.,  128.,  128.]), colorSpace='rgb255', fullscr=UNKNOWN, gamma=None, lms=UNKNOWN, monitor=<psychopy.monitors.calibTools.Monitor instance at 0x124a8670>, name='win', pos=[0, 0], screen=0, size=array([1440,  900]), stereo=False, units='deg', useFBO=False, viewOri=0.0, viewPos=None, viewScale=None, waitBlanking=True, winType='pyglet')
5.4651 	EXP 	Created fixCross = ShapeStim(autoDraw=False, autoLog=True, closeShape=False, contrast=1.0, depth=0, fillColor=None, fillColorSpace='rgb', fillRGB=None, interpolate=True, lineColor='#000000', lineColorSpace='hex', lineRGB=array([0, 0, 0]), lineWidth=3.0, name='fixCross', opacity=1.0, ori=array(0.0), pos=array([ 0.,  0.]), size=array([ 1.,  1.]), units='pix', vertices=ndarray(...), win=Window(...))
5.5080 	EXP 	Created topMsg = TextStim(alignHoriz='center', alignVert='center', antialias=True, autoLog=True, bold=False, color='#000000', colorSpace='hex', contrast=1.0, depth=0, flipHoriz=False, flipVert=False, font='', fontFiles=[], height=0.1, italic=False, name='topMsg', opacity=1.0, ori=0.0, pos=array([ 0. ,  0.5]), rgb=array([0, 0, 0]), text=u'aaa', units='norm', win=Window(...), wrapWidth=1.5)
5.5115 	EXP 	Created bottomMsg = TextStim(alignHoriz='center', alignVert='center', antialias=True, autoLog=True, bold=False, color='#000000', colorSpace='hex', contrast=1.0, depth=0, flipHoriz=False, flipVert=False, font='', fontFiles=[], height=0.1, italic=False, name='bottomMsg', opacity=1.0, ori=0.0, pos=array([ 0. , -0.5]), rgb=array([0, 0, 0]), text=u'bbb', units='norm', win=Window(...), wrapWidth=1.5)
5.5143 	EXP 	Created mainText = TextStim(alignHoriz='center', alignVert='center', antialias=True, autoLog=True, bold=False, color='#000000', colorSpace='hex', contrast=1.0, depth=0, flipHoriz=False, flipVert=False, font='', fontFiles=[], height=0.1, italic=False, name='mainText', opacity=1.0, ori=0.0, pos=array([ 0.,  0.]), rgb=array([0, 0, 0]), text=u'bbb', units='norm', win=Window(...), wrapWidth=3.5)
5.5628 	EXP 	topMsg: text = 'You will see a cross and letters on the screen. Please look directly at the center of the screen (the spot where the cross appears) throughout the experiment.'
5.5628 	EXP 	bottomMsg: text = 'Press any button to continue.'
5.5628 	EXP 	Display Instructions1
6.2357 	DATA 	Keypress: 6
6.2964 	EXP 	topMsg: text = "You will see a string of letters, then instructions indicating what you should do with them. If the instructions say 'REMEMBER', remember them in the order you saw them. If they say 'ALPHABETIZE', alphabetize the letters and and remember them in that order. "
6.2964 	EXP 	bottomMsg: text = 'Press any button to continue.'
6.2964 	EXP 	Display Instructions2
7.3956 	DATA 	Keypress: 5
7.4476 	EXP 	topMsg: text = "After a delay period, you will see a letter and question mark (like 'F?'). Press the button corresponding to the position of that letter in the sequence you were remembering. Respond as quickly and accurately as you can. If you're not sure, take your best guess."
7.4476 	EXP 	bottomMsg: text = 'Press any button to continue.'
7.4476 	EXP 	Display Instructions3
7.7797 	DATA 	Keypress: 5
7.8306 	EXP 	topMsg: text = "On some trials, you will see a * instead of a letter (like '*?'). This means no response is needed for this trial and you can forget the sequence of letters."
7.8306 	EXP 	bottomMsg: text = 'Press any button to continue.'
7.8306 	EXP 	Display Instructions4
8.1636 	DATA 	Keypress: 5
8.1970 	EXP 	topMsg: text = 'If you have any questions, please ask the experimenter now.'
8.1970 	EXP 	bottomMsg: text = 'WHEN YOU ARE READY TO BEGIN, press any button.'
8.1970 	EXP 	Display Instructions5
8.8440 	DATA 	Keypress: 5
8.8641 	EXP 	topMsg: text = 'Waiting for scanner to start...'
8.8641 	EXP 	bottomMsg: text = "(Press '5' to override.)"
8.8641 	EXP 	Display WaitingForScanner
9.4197 	DATA 	Keypress: 5
9.4476 	EXP 	Display fixation
9.4477 	EXP 	---START EXPERIMENT---
9.4480 	EXP 	trial: iTrial = 1, isRemember = 0, delayDur = 9.0, ISI = 16.0, startString = FGJRB, testLetter = *, testLoc = 4, isCatchTrial = 1
10.2597 	DATA 	Keypress: 5
10.4677 	DATA 	Keypress: 5
10.6119 	DATA 	Keypress: 5
10.7797 	DATA 	Keypress: 5
11.2998 	DATA 	Keypress: escape
11.3310 	EXP 	mainText: text = 'FGJRB'
11.3310 	EXP 	Display string (FGJRB)
11.3310 	EXP 	topMsg: text = "That's the end! "
11.3310 	EXP 	bottomMsg: text = "Press 'q' or 'escape' to end the session."
11.3310 	EXP 	Display TheEnd
11.6437 	DATA 	Keypress: escape
